Graph 1 is connected.
Graph 2 is connected.
Graph 3 is connected.
Graph 4 is connected.
Graph 5 is connected.
Graph 6 is connected.
Graph 7 is connected.
Graph 8 is connected.
Graph 9 is connected.
Graph 10 is connected.
Graph 11 is connected.
Matrix 1 normalized.
Matrix 2 normalized.
Matrix 3 normalized.
Matrix 4 normalized.
Matrix 5 normalized.
Matrix 6 normalized.
Matrix 7 normalized.
Matrix 8 normalized.
Matrix 9 normalized.
Matrix 10 normalized.
Matrix 11 normalized.
Number of threads: 20
402
302
1502452152
952



752
52
202
602
802
652
702
102352

852
902
252
552
  5.763002 seconds (1.11 M allocations: 954.905 MiB, 17.24% gc time, 2.41% compilation time)
  5.529287 seconds (768.34 k allocations: 795.052 MiB, 17.97% gc time)
953
203
  5.982650 seconds (1.09 M allocations: 973.091 MiB, 16.61% gc time, 2.46% compilation time)
903
  6.626585 seconds (1.73 M allocations: 1.272 GiB, 14.99% gc time, 2.22% compilation time)
503
  7.204287 seconds (1.55 M allocations: 1.263 GiB, 13.79% gc time, 2.04% compilation time)
803
  7.966925 seconds (1.76 M allocations: 1.428 GiB, 12.47% gc time, 1.84% compilation time)
653
  8.510496 seconds (2.40 M allocations: 1.739 GiB, 11.68% gc time, 1.73% compilation time)
2
  8.804750 seconds (2.26 M allocations: 1.716 GiB, 11.29% gc time, 1.67% compilation time)
303
  8.954113 seconds (2.47 M allocations: 1.817 GiB, 11.10% gc time, 1.64% compilation time)
453
  8.850029 seconds (2.23 M allocations: 1.711 GiB, 11.23% gc time, 1.66% compilation time)
603
  9.460711 seconds (3.38 M allocations: 2.235 GiB, 10.50% gc time, 1.55% compilation time)
403
  9.815982 seconds (3.21 M allocations: 2.202 GiB, 10.12% gc time, 1.50% compilation time)
703
  9.991268 seconds (2.97 M allocations: 2.130 GiB, 9.94% gc time, 1.47% compilation time)
753
 10.177083 seconds (3.08 M allocations: 2.189 GiB, 9.76% gc time, 1.44% compilation time)
853
 10.333592 seconds (3.22 M allocations: 2.263 GiB, 9.62% gc time, 1.42% compilation time)
103
 10.509250 seconds (3.73 M allocations: 2.483 GiB, 9.45% gc time, 1.40% compilation time)
253
 22.584944 seconds (3.59 M allocations: 2.453 GiB, 56.88% gc time, 0.65% compilation time)
153
 22.722721 seconds (3.75 M allocations: 2.528 GiB, 56.54% gc time, 0.65% compilation time)
553
 22.815812 seconds (3.92 M allocations: 2.610 GiB, 56.31% gc time, 0.64% compilation time)
353
 22.853215 seconds (3.87 M allocations: 2.595 GiB, 56.21% gc time, 0.64% compilation time)
53
 17.247174 seconds (3.07 M allocations: 1.800 GiB, 68.72% gc time)
904
 18.840534 seconds (3.57 M allocations: 2.166 GiB, 62.91% gc time)
204
 18.082467 seconds (3.30 M allocations: 1.981 GiB, 65.55% gc time)
504
 16.298067 seconds (2.59 M allocations: 1.505 GiB, 72.73% gc time)
304
 15.438229 seconds (2.04 M allocations: 1.197 GiB, 76.78% gc time)
704
  3.725864 seconds (1.85 M allocations: 1.139 GiB)
104
 19.991067 seconds (3.73 M allocations: 2.243 GiB, 64.52% gc time)
654
 19.191678 seconds (3.08 M allocations: 1.899 GiB, 67.21% gc time)
404
  5.945835 seconds (1.89 M allocations: 1.276 GiB, 17.59% gc time)
154
 22.079712 seconds (4.58 M allocations: 2.807 GiB, 58.42% gc time)
804
 21.451365 seconds (4.35 M allocations: 2.647 GiB, 60.13% gc time)
3
  3.038060 seconds (1.13 M allocations: 792.435 MiB)
105
  7.155209 seconds (2.40 M allocations: 1.608 GiB, 14.62% gc time)
905
  7.811840 seconds (2.81 M allocations: 1.846 GiB, 13.39% gc time)
554
  3.021466 seconds (1.31 M allocations: 868.597 MiB)
655
 25.559622 seconds (6.16 M allocations: 3.808 GiB, 50.47% gc time)
954
  7.321916 seconds (2.69 M allocations: 1.741 GiB, 14.29% gc time)
505
  3.740176 seconds (1.66 M allocations: 1.064 GiB)
405
 23.210567 seconds (5.01 M allocations: 3.103 GiB, 55.57% gc time)
604
  7.521138 seconds (2.89 M allocations: 1.848 GiB, 13.91% gc time)
205
  9.429068 seconds (3.75 M allocations: 2.396 GiB, 11.09% gc time)
354
  9.649578 seconds (4.02 M allocations: 2.530 GiB, 10.84% gc time)
54
 25.752159 seconds (6.19 M allocations: 3.845 GiB, 50.09% gc time)
454
 12.940678 seconds (5.61 M allocations: 3.515 GiB, 8.08% gc time)
754
  5.637109 seconds (2.70 M allocations: 1.684 GiB)
805
  9.961230 seconds (3.94 M allocations: 2.525 GiB, 10.50% gc time)
705
 13.111023 seconds (5.83 M allocations: 3.619 GiB, 7.98% gc time)
254
  6.191798 seconds (3.07 M allocations: 1.891 GiB)
4
  5.539703 seconds (2.79 M allocations: 1.708 GiB)
906
  6.800034 seconds (3.30 M allocations: 2.043 GiB)
106
  8.248575 seconds (3.96 M allocations: 2.467 GiB)
155
  5.549861 seconds (2.74 M allocations: 1.686 GiB)
955
 12.368809 seconds (5.35 M allocations: 3.347 GiB, 8.46% gc time)
305
 15.547143 seconds (7.17 M allocations: 4.418 GiB, 6.73% gc time)
854
  7.612306 seconds (3.25 M allocations: 2.105 GiB)
506
  7.412901 seconds (2.96 M allocations: 1.967 GiB)
605
  8.212025 seconds (3.41 M allocations: 2.234 GiB)
406
  9.598556 seconds (4.31 M allocations: 2.745 GiB)
  8.481772 seconds (3.57 M allocations: 2.325 GiB)
555
206
  9.757456 seconds (4.46 M allocations: 2.821 GiB)
  8.254902 seconds (3.43 M allocations: 2.244 GiB)
656
55
  6.817673 seconds (3.41 M allocations: 2.085 GiB)
455
  7.134454 seconds (3.20 M allocations: 2.033 GiB)
706
  7.557918 seconds (3.40 M allocations: 2.158 GiB)
806
  8.049983 seconds (3.79 M allocations: 2.360 GiB)
755
  7.423316 seconds (3.41 M allocations: 2.144 GiB)
255
 10.613071 seconds (4.75 M allocations: 3.013 GiB)
355
  7.489463 seconds (3.46 M allocations: 2.167 GiB)
5
  6.725660 seconds (3.13 M allocations: 1.947 GiB)
956
  8.154559 seconds (3.88 M allocations: 2.402 GiB)
907
  7.317982 seconds (3.54 M allocations: 2.175 GiB)
156
  7.535266 seconds (3.71 M allocations: 2.271 GiB)
107
  7.778793 seconds (3.68 M allocations: 2.279 GiB)
306
  9.296842 seconds (3.90 M allocations: 2.521 GiB)
855
  7.219893 seconds (3.27 M allocations: 2.052 GiB)
407
  6.895044 seconds (2.86 M allocations: 1.855 GiB)
657
  7.281476 seconds (3.10 M allocations: 1.989 GiB)
556
  8.448563 seconds (3.92 M allocations: 2.439 GiB)
606
  8.820432 seconds (4.18 M allocations: 2.581 GiB)
507
  7.057104 seconds (3.17 M allocations: 1.995 GiB)
456
  7.819618 seconds (3.55 M allocations: 2.225 GiB)
56
  8.382247 seconds (4.12 M allocations: 2.508 GiB)
207
  7.087179 seconds (3.52 M allocations: 2.137 GiB)
707
 19.032877 seconds (2.84 M allocations: 1.815 GiB, 65.20% gc time)
957
 19.043658 seconds (2.59 M allocations: 1.718 GiB, 65.17% gc time)
157
 20.199002 seconds (3.43 M allocations: 2.177 GiB, 61.44% gc time)
356
 19.911766 seconds (3.24 M allocations: 2.068 GiB, 62.33% gc time)
908
 19.231181 seconds (2.88 M allocations: 1.857 GiB, 64.53% gc time)
307
 16.240649 seconds (1.80 M allocations: 1.118 GiB, 76.41% gc time)
607
 22.395443 seconds (4.57 M allocations: 2.866 GiB, 55.41% gc time)
 15.831430 seconds (1.38 M allocations: 934.140 MiB, 78.39% gc time)
208
756
 21.010463 seconds (3.64 M allocations: 2.348 GiB, 59.07% gc time)
108
 23.003819 seconds (5.03 M allocations: 3.115 GiB, 53.95% gc time)
807
 17.760419 seconds (2.96 M allocations: 1.747 GiB, 69.88% gc time)
658
 22.961597 seconds (5.21 M allocations: 3.189 GiB, 54.05% gc time)
256
 16.623075 seconds (2.15 M allocations: 1.314 GiB, 74.66% gc time)
708
  3.033067 seconds (1.94 M allocations: 1.108 GiB)
158
  3.095900 seconds (1.51 M allocations: 960.496 MiB)
608
 24.960198 seconds (5.80 M allocations: 3.641 GiB, 49.72% gc time)
6
  3.044929 seconds (863.22 k allocations: 682.668 MiB)
709
 22.131571 seconds (4.74 M allocations: 2.927 GiB, 56.07% gc time)
408
  5.460622 seconds (2.49 M allocations: 1.587 GiB)
308
 21.580348 seconds (4.31 M allocations: 2.700 GiB, 57.51% gc time)
508
 22.062223 seconds (4.69 M allocations: 2.906 GiB, 56.25% gc time)
557
  7.821774 seconds (3.76 M allocations: 2.347 GiB)
958
  6.990254 seconds (3.42 M allocations: 2.124 GiB)
357
  5.260244 seconds (2.61 M allocations: 1.613 GiB)
757
  7.191889 seconds (3.71 M allocations: 2.263 GiB)
909
  3.022325 seconds (1.73 M allocations: 1.022 GiB)
609
 23.180636 seconds (5.43 M allocations: 3.328 GiB, 53.54% gc time)
457
 25.460884 seconds (6.78 M allocations: 4.102 GiB, 48.74% gc time)
856
  6.814947 seconds (2.91 M allocations: 1.896 GiB)
159
 25.333884 seconds (6.04 M allocations: 3.803 GiB, 48.99% gc time)
57
  4.481116 seconds (2.15 M allocations: 1.342 GiB)
309
  9.411406 seconds (4.18 M allocations: 2.682 GiB)
659
  9.503637 seconds (4.29 M allocations: 2.736 GiB)
209
  4.276317 seconds (1.81 M allocations: 1.183 GiB)
758
  6.180620 seconds (3.18 M allocations: 1.941 GiB)
710
 10.267552 seconds (4.94 M allocations: 3.081 GiB)
  5.163190 seconds (2.51 M allocations: 1.561 GiB)
109
558
  7.966855 seconds (4.02 M allocations: 2.469 GiB)
7
 11.232289 seconds (5.10 M allocations: 3.250 GiB)
257
  6.350141 seconds (2.71 M allocations: 1.767 GiB)
910
 11.863073 seconds (5.58 M allocations: 3.508 GiB)
808
  7.830885 seconds (4.00 M allocations: 2.448 GiB)
409
  7.910541 seconds (3.80 M allocations: 2.375 GiB)
959
  6.984120 seconds (3.07 M allocations: 1.979 GiB)
857
  8.298272 seconds (3.58 M allocations: 2.325 GiB)
610
  9.387903 seconds (4.60 M allocations: 2.853 GiB)
509
  9.063949 seconds (4.39 M allocations: 2.735 GiB)
358
  4.824745 seconds (2.58 M allocations: 1.554 GiB)
660
  8.308746 seconds (4.06 M allocations: 2.520 GiB)
458
  4.960795 seconds (2.63 M allocations: 1.591 GiB)
711
  7.536341 seconds (3.96 M allocations: 2.400 GiB)
160
  4.423807 seconds (2.41 M allocations: 1.443 GiB)
8
  7.791718 seconds (4.00 M allocations: 2.439 GiB)
310
  7.634055 seconds (3.58 M allocations: 2.251 GiB)
759
  8.954165 seconds (4.46 M allocations: 2.751 GiB)
58
  6.036015 seconds (2.90 M allocations: 1.809 GiB)
258
  9.067867 seconds (4.48 M allocations: 2.766 GiB)
210
  5.473545 seconds (2.58 M allocations: 1.619 GiB)
960
  8.172188 seconds (4.06 M allocations: 2.502 GiB)
110
 26.521720 seconds (3.40 M allocations: 2.153 GiB, 72.02% gc time)
410
 25.242999 seconds (2.81 M allocations: 1.782 GiB, 75.67% gc time)
858
 25.296936 seconds (2.83 M allocations: 1.796 GiB, 75.50% gc time)
510
 29.390491 seconds (4.87 M allocations: 3.052 GiB, 64.99% gc time)
559
 23.148023 seconds (1.95 M allocations: 1.215 GiB, 82.51% gc time)
311
 22.755040 seconds (1.75 M allocations: 1.094 GiB, 83.94% gc time)
760
 22.897969 seconds (1.81 M allocations: 1.133 GiB, 83.42% gc time)
59
 27.559883 seconds (3.56 M allocations: 2.326 GiB, 69.30% gc time)
459
 27.855795 seconds (3.78 M allocations: 2.446 GiB, 68.57% gc time)
661
 30.036646 seconds (4.96 M allocations: 3.158 GiB, 63.59% gc time)
809
  3.436365 seconds (1.45 M allocations: 975.595 MiB)
411
 27.314081 seconds (3.70 M allocations: 2.363 GiB, 69.93% gc time)
161
 28.769570 seconds (4.66 M allocations: 2.906 GiB, 66.39% gc time)
359
 26.891137 seconds (3.75 M allocations: 2.337 GiB, 71.03% gc time)
9
 24.398861 seconds (2.65 M allocations: 1.635 GiB, 78.28% gc time)
961
 28.071800 seconds (4.35 M allocations: 2.705 GiB, 68.04% gc time)
712
 31.136117 seconds (6.12 M allocations: 3.746 GiB, 61.34% gc time)
911
  3.437610 seconds (2.13 M allocations: 1.231 GiB)
312
 30.593294 seconds (5.88 M allocations: 3.593 GiB, 62.43% gc time)
611
  5.198751 seconds (2.85 M allocations: 1.709 GiB)
511
  3.099915 seconds (1.54 M allocations: 976.469 MiB)
412
 27.479418 seconds (4.18 M allocations: 2.578 GiB, 69.51% gc time)
211
  3.146308 seconds (1.27 M allocations: 862.620 MiB)
962
  3.152156 seconds (1.26 M allocations: 859.290 MiB)
10
  6.824343 seconds (3.69 M allocations: 2.216 GiB)
560
  3.041032 seconds (1.20 M allocations: 820.613 MiB)
512
  6.088773 seconds (2.84 M allocations: 1.789 GiB)
162
  6.079404 seconds (2.76 M allocations: 1.754 GiB)
360
  3.047121 seconds (1.28 M allocations: 856.312 MiB)
413
  4.787568 seconds (2.18 M allocations: 1.383 GiB)
313
  3.033473 seconds (1.37 M allocations: 892.576 MiB)
963
 33.020247 seconds (6.67 M allocations: 4.170 GiB, 57.84% gc time)
259
  3.388336 seconds (1.30 M allocations: 906.441 MiB)
513
  6.085433 seconds (2.40 M allocations: 1.607 GiB)
212
  5.298054 seconds (1.98 M allocations: 1.356 GiB)
561
 15.019106 seconds (6.91 M allocations: 4.380 GiB)
111
  9.902591 seconds (4.07 M allocations: 2.685 GiB)
713
 11.432511 seconds (5.38 M allocations: 3.379 GiB)
810
  8.672852 seconds (3.62 M allocations: 2.370 GiB)
612
  4.670904 seconds (1.81 M allocations: 1.219 GiB)
414
 25.677128 seconds (7.01 M allocations: 4.377 GiB, 42.95% gc time)
859
 24.154846 seconds (6.54 M allocations: 4.027 GiB, 45.66% gc time)
60
 16.681321 seconds (2.86 M allocations: 1.750 GiB, 66.12% gc time)
163
 23.742903 seconds (6.38 M allocations: 3.917 GiB, 46.45% gc time)
460
 23.066601 seconds (5.43 M allocations: 3.459 GiB, 47.81% gc time)
912
 26.300172 seconds (7.48 M allocations: 4.632 GiB, 41.94% gc time)
761
 18.192844 seconds (3.31 M allocations: 2.087 GiB, 60.62% gc time)
361
 25.382321 seconds (7.06 M allocations: 4.362 GiB, 43.45% gc time)
662
  3.299073 seconds (1.75 M allocations: 1.053 GiB)
811
 19.453211 seconds (3.81 M allocations: 2.423 GiB, 56.70% gc time)
314
 22.633842 seconds (4.98 M allocations: 3.229 GiB, 48.73% gc time)
  3.599673 seconds (1.35 M allocations: 943.174 MiB)
 19.169342 seconds (3.63 M allocations: 2.320 GiB, 57.53% gc time)
164
11
964
  4.807768 seconds (2.20 M allocations: 1.391 GiB)
61
 17.459929 seconds (3.30 M allocations: 2.010 GiB, 63.17% gc time)
562
  4.034272 seconds (1.95 M allocations: 1.209 GiB)
913
  6.595496 seconds (3.05 M allocations: 1.924 GiB)
860
  3.508439 seconds (1.53 M allocations: 1010.395 MiB)
812
  7.232879 seconds (3.37 M allocations: 2.120 GiB)
 20.655405 seconds (4.77 M allocations: 2.937 GiB, 53.40% gc time)
415
514
  4.545250 seconds (2.22 M allocations: 1.374 GiB)
663
 22.036877 seconds (5.52 M allocations: 3.385 GiB, 50.05% gc time)
 20.919046 seconds (5.10 M allocations: 3.100 GiB, 52.72% gc time)
213
260
  3.557831 seconds (1.89 M allocations: 1.140 GiB)
165
 20.251464 seconds (4.95 M allocations: 2.972 GiB, 54.46% gc time)
714
 21.178420 seconds (5.39 M allocations: 3.246 GiB, 52.08% gc time)
  4.042387 seconds (2.17 M allocations: 1.303 GiB)
112
315
  3.054713 seconds (1.50 M allocations: 947.249 MiB)
416
  3.054532 seconds (1.36 M allocations: 890.689 MiB)
664
 10.195727 seconds (4.88 M allocations: 3.043 GiB)
461
  9.581370 seconds (4.52 M allocations: 2.831 GiB)
  3.049114 seconds (958.94 k allocations: 719.627 MiB)
316
362
  5.211968 seconds (2.26 M allocations: 1.456 GiB)
515
  5.899723 seconds (2.71 M allocations: 1.713 GiB)
813
 11.000721 seconds (5.16 M allocations: 3.240 GiB)
762
  8.603876 seconds (4.10 M allocations: 2.561 GiB)
965
  4.764205 seconds (2.00 M allocations: 1.307 GiB)
715
 13.823716 seconds (6.79 M allocations: 4.196 GiB)
613
  3.022801 seconds (1.53 M allocations: 959.189 MiB)
462
  7.852982 seconds (4.03 M allocations: 2.453 GiB)
861
  9.504868 seconds (4.77 M allocations: 2.926 GiB)
563
 10.254144 seconds (5.24 M allocations: 3.195 GiB)
12
  3.109375 seconds (1.88 M allocations: 1.089 GiB)
317
 10.094542 seconds (5.14 M allocations: 3.140 GiB)
914
  6.070504 seconds (2.97 M allocations: 1.842 GiB)
417
 11.992314 seconds (5.85 M allocations: 3.629 GiB)
62
  8.148104 seconds (3.68 M allocations: 2.343 GiB)
113
  4.904872 seconds (2.22 M allocations: 1.414 GiB)
814
  3.711598 seconds (1.24 M allocations: 911.386 MiB)
318
 10.870675 seconds (2.30 M allocations: 1.479 GiB, 51.70% gc time)
716
 16.876205 seconds (5.24 M allocations: 3.299 GiB, 33.30% gc time)
261
 17.174267 seconds (5.50 M allocations: 3.436 GiB, 32.72% gc time)
214
 14.150558 seconds (3.97 M allocations: 2.502 GiB, 39.71% gc time)
363
 11.782084 seconds (2.24 M allocations: 1.552 GiB, 47.70% gc time)
13
 11.809832 seconds (2.30 M allocations: 1.577 GiB, 47.59% gc time)
564
 13.866473 seconds (3.81 M allocations: 2.406 GiB, 40.53% gc time)
763
 10.981804 seconds (2.32 M allocations: 1.500 GiB, 51.17% gc time)
915
 13.768773 seconds (3.78 M allocations: 2.384 GiB, 40.82% gc time)
614
  3.357805 seconds (1.62 M allocations: 1.011 GiB)
319
  3.032305 seconds (1.46 M allocations: 934.926 MiB)
717
  3.032242 seconds (1.51 M allocations: 951.780 MiB)
262
  3.068872 seconds (1.66 M allocations: 1019.723 MiB)
215
 11.662250 seconds (2.91 M allocations: 1.812 GiB, 48.19% gc time)
63
 12.554127 seconds (3.46 M allocations: 2.126 GiB, 44.76% gc time)
418
 15.471606 seconds (4.71 M allocations: 2.938 GiB, 36.32% gc time)
463
  3.829596 seconds (1.84 M allocations: 1.144 GiB)
364
  3.047185 seconds (1.09 M allocations: 774.118 MiB)
718
  3.096494 seconds (1.16 M allocations: 811.534 MiB)
615
 14.069926 seconds (3.90 M allocations: 2.462 GiB, 39.94% gc time)
114
 24.237879 seconds (8.79 M allocations: 5.508 GiB, 23.19% gc time)
166
  4.314841 seconds (1.73 M allocations: 1.150 GiB)
263
  6.185001 seconds (3.11 M allocations: 1.907 GiB)
14
  6.175401 seconds (3.10 M allocations: 1.904 GiB)
565
  3.056019 seconds (1.44 M allocations: 928.884 MiB)
464
  3.023568 seconds (1.41 M allocations: 911.079 MiB)
719
  3.025214 seconds (1.28 M allocations: 858.410 MiB)
365
  5.881318 seconds (2.65 M allocations: 1.692 GiB)
64
  6.488198 seconds (2.73 M allocations: 1.785 GiB)
419
  3.097799 seconds (1.02 M allocations: 756.992 MiB)
465
  9.125167 seconds (4.24 M allocations: 2.675 GiB)
916
  4.080302 seconds (1.94 M allocations: 1.217 GiB)
167
  9.717681 seconds (4.74 M allocations: 2.939 GiB)
764
  4.946146 seconds (1.91 M allocations: 1.291 GiB)
566
  3.736659 seconds (1.40 M allocations: 980.019 MiB)
366
 27.904619 seconds (10.56 M allocations: 6.616 GiB, 20.14% gc time)
665
 26.059390 seconds (9.66 M allocations: 6.056 GiB, 21.57% gc time)
966
  7.990349 seconds (3.55 M allocations: 2.274 GiB)
616
 20.842657 seconds (7.38 M allocations: 4.584 GiB, 26.96% gc time)
815
 26.363993 seconds (9.95 M allocations: 6.205 GiB, 21.32% gc time)
516
  8.256849 seconds (3.93 M allocations: 2.458 GiB)
115
 28.268605 seconds (9.77 M allocations: 6.091 GiB, 27.95% gc time)
862
  8.745868 seconds (3.12 M allocations: 1.937 GiB, 26.08% gc time)
720
  6.514892 seconds (2.13 M allocations: 1.306 GiB, 35.01% gc time)
466
  6.511923 seconds (2.19 M allocations: 1.329 GiB, 35.03% gc time)
168
 10.233266 seconds (3.78 M allocations: 2.363 GiB, 22.29% gc time)
 14.548842 seconds (5.91 M allocations: 3.680 GiB, 15.68% gc time)
216
264
  9.622448 seconds (3.65 M allocations: 2.245 GiB, 23.70% gc time)
65
 16.761674 seconds (6.95 M allocations: 4.333 GiB, 13.61% gc time)
320
  6.294963 seconds (2.23 M allocations: 1.323 GiB, 36.24% gc time)
  8.828798 seconds (3.50 M allocations: 2.103 GiB, 25.84% gc time)
666
420
  5.835768 seconds (2.05 M allocations: 1.202 GiB, 39.09% gc time)
816
 13.051647 seconds (5.45 M allocations: 3.336 GiB, 17.48% gc time)
15
  3.030502 seconds (1.34 M allocations: 879.665 MiB)
265
  8.771895 seconds (3.55 M allocations: 2.120 GiB, 26.00% gc time)
567
  3.763611 seconds (1.68 M allocations: 1.076 GiB)
169
  3.028036 seconds (1.25 M allocations: 847.525 MiB)
667
  6.055833 seconds (2.93 M allocations: 1.826 GiB)
863
 11.860498 seconds (4.80 M allocations: 2.950 GiB, 19.23% gc time)
765
  3.109540 seconds (1.28 M allocations: 867.601 MiB)
16
 12.897216 seconds (5.36 M allocations: 3.286 GiB, 17.69% gc time)
917
  3.431932 seconds (1.19 M allocations: 861.227 MiB)
170
  3.212165 seconds (1.13 M allocations: 810.772 MiB)
668
  7.078999 seconds (2.71 M allocations: 1.840 GiB)
  6.700510 seconds (2.49 M allocations: 1.714 GiB)
817
421
 12.896460 seconds (4.91 M allocations: 3.104 GiB, 17.69% gc time)
617
  6.064068 seconds (2.53 M allocations: 1.660 GiB)
266
  8.187604 seconds (3.45 M allocations: 2.257 GiB)
321
 15.288911 seconds (6.26 M allocations: 3.901 GiB, 14.92% gc time)
367
  4.906289 seconds (2.01 M allocations: 1.327 GiB)
766
 12.372511 seconds (5.44 M allocations: 3.503 GiB)
467
  8.108858 seconds (3.25 M allocations: 2.166 GiB)
568
 12.372607 seconds (5.49 M allocations: 3.523 GiB)
721
 16.401632 seconds (6.63 M allocations: 4.167 GiB, 13.91% gc time)
967
 15.859242 seconds (6.23 M allocations: 3.952 GiB, 14.38% gc time)
116
 16.466816 seconds (6.66 M allocations: 4.189 GiB, 13.85% gc time)
517
  4.000168 seconds (2.16 M allocations: 1.298 GiB)
818
  5.037827 seconds (2.64 M allocations: 1.599 GiB)
669
  7.090433 seconds (3.34 M allocations: 2.099 GiB)
17
  5.196941 seconds (2.88 M allocations: 1.714 GiB)
171
 12.723567 seconds (6.29 M allocations: 3.891 GiB)
217
  4.567768 seconds (2.71 M allocations: 1.581 GiB)
618
 12.826713 seconds (6.11 M allocations: 3.827 GiB)
66
  5.039230 seconds (2.87 M allocations: 1.696 GiB)
267
 10.673327 seconds (5.11 M allocations: 3.193 GiB)
  9.854981 seconds (4.58 M allocations: 2.896 GiB)
864
918
 13.636196 seconds (1.65 M allocations: 1.153 GiB, 66.06% gc time)
18
 17.918917 seconds (4.13 M allocations: 2.614 GiB, 50.27% gc time)
422
 17.325636 seconds (3.87 M allocations: 2.445 GiB, 51.99% gc time)
322
 14.521057 seconds (2.32 M allocations: 1.523 GiB, 62.04% gc time)
819
 14.210445 seconds (2.00 M allocations: 1.358 GiB, 63.39% gc time)
218
 15.812427 seconds (3.02 M allocations: 1.941 GiB, 56.97% gc time)
518
 14.042187 seconds (1.84 M allocations: 1.271 GiB, 64.15% gc time)
268
 16.535594 seconds (3.64 M allocations: 2.269 GiB, 54.48% gc time)
722
 15.681851 seconds (2.71 M allocations: 1.802 GiB, 57.44% gc time)
172
 18.571810 seconds (4.87 M allocations: 2.982 GiB, 48.51% gc time)
368
 17.102693 seconds (4.34 M allocations: 2.613 GiB, 52.67% gc time)
569
 15.623816 seconds (2.97 M allocations: 1.898 GiB, 57.66% gc time)
619
 18.876211 seconds (4.85 M allocations: 3.006 GiB, 47.72% gc time)
468
  3.695949 seconds (1.67 M allocations: 1.065 GiB)
820
  4.472032 seconds (2.16 M allocations: 1.346 GiB)
19
 18.783910 seconds (4.24 M allocations: 2.748 GiB, 47.96% gc time)
670
  3.417182 seconds (1.75 M allocations: 1.071 GiB)
519
  3.054374 seconds (1.45 M allocations: 932.958 MiB)
723
 17.658641 seconds (3.87 M allocations: 2.476 GiB, 51.01% gc time)
 15.968501 seconds (3.32 M allocations: 2.080 GiB, 56.41% gc time)
67
919
 20.048489 seconds (5.70 M allocations: 3.477 GiB, 44.93% gc time)
968
 20.360695 seconds (5.90 M allocations: 3.592 GiB, 44.24% gc time)
117
 22.275203 seconds (7.04 M allocations: 4.255 GiB, 40.44% gc time)
767
 17.105103 seconds (4.31 M allocations: 2.603 GiB, 52.66% gc time)
865
  6.410714 seconds (3.67 M allocations: 2.165 GiB)
323
  4.594628 seconds (2.52 M allocations: 1.508 GiB)
369
  5.877288 seconds (3.18 M allocations: 1.911 GiB)
173
  3.036473 seconds (1.79 M allocations: 1.051 GiB)
520
  3.357932 seconds (1.87 M allocations: 1.116 GiB)
724
  8.954362 seconds (4.58 M allocations: 2.804 GiB)
219
  7.620021 seconds (3.47 M allocations: 2.210 GiB)
620
  9.925669 seconds (5.04 M allocations: 3.093 GiB)
423
  6.420872 seconds (3.49 M allocations: 2.097 GiB)
469
  9.011993 seconds (4.31 M allocations: 2.700 GiB)
570
  3.167678 seconds (1.27 M allocations: 870.951 MiB)
521
  3.137228 seconds (1.28 M allocations: 871.784 MiB)
725
  6.746161 seconds (2.64 M allocations: 1.780 GiB)
866
  3.201460 seconds (1.18 M allocations: 833.080 MiB)
424
 12.188716 seconds (5.99 M allocations: 3.716 GiB)
269
  8.833838 seconds (3.85 M allocations: 2.494 GiB)
  8.905192 seconds (3.89 M allocations: 2.519 GiB)
68
671
  7.737691 seconds (3.14 M allocations: 2.090 GiB)
324
  8.902643 seconds (3.92 M allocations: 2.531 GiB)
118
 10.331170 seconds (5.31 M allocations: 3.248 GiB)
821
  5.137418 seconds (2.41 M allocations: 1.519 GiB)
621
  7.650033 seconds (3.45 M allocations: 2.206 GiB)
174
 10.546367 seconds (4.90 M allocations: 3.104 GiB)
969
 11.572260 seconds (5.97 M allocations: 3.648 GiB)
20
  3.479981 seconds (1.96 M allocations: 1.167 GiB)
867
  5.434592 seconds (2.54 M allocations: 1.607 GiB)
522
 22.163577 seconds (5.27 M allocations: 3.312 GiB, 49.68% gc time)
 23.148154 seconds (5.94 M allocations: 3.690 GiB, 47.57% gc time)
920
768
 17.001539 seconds (3.05 M allocations: 1.869 GiB, 64.76% gc time)
726
 19.345266 seconds (3.94 M allocations: 2.475 GiB, 56.92% gc time)
470
 15.454457 seconds (2.01 M allocations: 1.281 GiB, 71.25% gc time)
822
 14.432798 seconds (1.67 M allocations: 1.035 GiB, 76.29% gc time)
175
 15.136500 seconds (2.10 M allocations: 1.283 GiB, 72.74% gc time)
622
 23.845189 seconds (6.11 M allocations: 3.830 GiB, 46.18% gc time)
370
 17.551646 seconds (3.52 M allocations: 2.118 GiB, 62.73% gc time)
270
 20.424364 seconds (4.67 M allocations: 2.887 GiB, 53.91% gc time)
571
 22.006493 seconds (5.42 M allocations: 3.357 GiB, 50.03% gc time)
220
  3.182211 seconds (1.48 M allocations: 958.380 MiB)
727
  3.019033 seconds (1.40 M allocations: 903.430 MiB)
823
  3.612387 seconds (1.48 M allocations: 1003.412 MiB)
176
 19.758528 seconds (4.00 M allocations: 2.541 GiB, 55.73% gc time)
325
 20.378296 seconds (4.57 M allocations: 2.834 GiB, 54.03% gc time)
69
  3.574774 seconds (1.43 M allocations: 975.574 MiB)
271
  4.198049 seconds (1.32 M allocations: 994.966 MiB)
728
  3.273726 seconds (1.03 M allocations: 776.358 MiB)
824
 21.971802 seconds (4.81 M allocations: 3.097 GiB, 50.11% gc time)
119
 23.599587 seconds (6.10 M allocations: 3.798 GiB, 46.66% gc time)
425
 22.635675 seconds (5.65 M allocations: 3.510 GiB, 48.64% gc time)
672
  9.334877 seconds (4.27 M allocations: 2.709 GiB)
523
  9.501643 seconds (4.33 M allocations: 2.753 GiB)
921
 10.403273 seconds (4.74 M allocations: 3.012 GiB)
868
  3.617361 seconds (1.64 M allocations: 1.045 GiB)
70
  4.345889 seconds (2.09 M allocations: 1.303 GiB)
177
  4.070618 seconds (1.96 M allocations: 1.221 GiB)
272
 23.738329 seconds (6.06 M allocations: 3.788 GiB, 46.38% gc time)
 11.260229 seconds (5.19 M allocations: 3.286 GiB)
970
769
 23.247210 seconds (5.89 M allocations: 3.668 GiB, 47.36% gc time)
21
  9.617771 seconds (4.67 M allocations: 2.902 GiB)
623
  3.961403 seconds (2.34 M allocations: 1.367 GiB)
825
  4.715087 seconds (2.56 M allocations: 1.537 GiB)
729
 11.458192 seconds (5.68 M allocations: 3.507 GiB)
471
  9.896455 seconds (4.76 M allocations: 2.971 GiB)
572
 10.940106 seconds (5.30 M allocations: 3.297 GiB)
371
  5.147581 seconds (2.83 M allocations: 1.691 GiB)
426
 10.951754 seconds (5.15 M allocations: 3.241 GiB)
221
  4.037699 seconds (1.81 M allocations: 1.160 GiB)
770
  5.725894 seconds (2.62 M allocations: 1.665 GiB)
178
  4.758615 seconds (2.01 M allocations: 1.318 GiB)
22
 10.341798 seconds (5.14 M allocations: 3.173 GiB)
326
  7.486082 seconds (3.70 M allocations: 2.292 GiB)
524
  6.772797 seconds (1.74 M allocations: 1.166 GiB, 34.94% gc time)
573
  8.564446 seconds (2.50 M allocations: 1.662 GiB, 27.63% gc time)
826
 12.022300 seconds (4.59 M allocations: 2.875 GiB, 19.68% gc time)
673
 11.510574 seconds (4.34 M allocations: 2.722 GiB, 20.56% gc time)
922
  5.501888 seconds (1.31 M allocations: 878.538 MiB, 43.01% gc time)
771
 11.017652 seconds (4.09 M allocations: 2.572 GiB, 21.48% gc time)
869
 11.331571 seconds (4.44 M allocations: 2.745 GiB, 20.88% gc time)
71
 10.018772 seconds (3.70 M allocations: 2.306 GiB, 23.62% gc time)
971
  5.469263 seconds (1.54 M allocations: 973.712 MiB, 43.27% gc time)
525
  8.553845 seconds (2.79 M allocations: 1.783 GiB, 27.67% gc time)
222
  3.023503 seconds (1.57 M allocations: 981.138 MiB)
827
  3.024149 seconds (1.57 M allocations: 979.750 MiB)
574
  3.023599 seconds (1.35 M allocations: 886.366 MiB)
674
 13.811386 seconds (5.53 M allocations: 3.449 GiB, 17.13% gc time)
273
 11.863013 seconds (4.51 M allocations: 2.831 GiB, 19.95% gc time)
730
  8.526614 seconds (3.00 M allocations: 1.868 GiB, 27.75% gc time)
23
  9.078684 seconds (3.26 M allocations: 2.029 GiB, 26.07% gc time)
327
  4.060220 seconds (1.75 M allocations: 1.139 GiB)
772
 17.942703 seconds (7.91 M allocations: 4.852 GiB, 13.19% gc time)
120
  3.018781 seconds (1.49 M allocations: 945.711 MiB)
828
  6.037272 seconds (2.96 M allocations: 1.842 GiB)
923
  3.019147 seconds (1.57 M allocations: 981.805 MiB)
575
  6.023353 seconds (2.98 M allocations: 1.850 GiB)
870
  6.032353 seconds (2.92 M allocations: 1.825 GiB)
72
  6.048885 seconds (2.93 M allocations: 1.830 GiB)
972
  3.019379 seconds (1.79 M allocations: 1.046 GiB)
731
  3.019385 seconds (1.53 M allocations: 964.361 MiB)
773
  6.040532 seconds (3.20 M allocations: 1.940 GiB)
223
  3.022823 seconds (1.57 M allocations: 977.930 MiB)
829
  4.600510 seconds (2.38 M allocations: 1.453 GiB)
24
 19.086515 seconds (8.17 M allocations: 5.076 GiB, 12.40% gc time)
624
  3.266968 seconds (1.30 M allocations: 887.500 MiB)
576
  6.032781 seconds (2.79 M allocations: 1.766 GiB)
328
  5.463468 seconds (2.24 M allocations: 1.480 GiB)
871
 19.176109 seconds (7.80 M allocations: 4.932 GiB, 12.34% gc time)
427
 23.209419 seconds (7.40 M allocations: 4.647 GiB, 32.34% gc time)
179
 12.394410 seconds (3.02 M allocations: 1.978 GiB, 41.46% gc time)
 11.963775 seconds (2.55 M allocations: 1.740 GiB, 42.96% gc time)
924
73
  9.618365 seconds (1.58 M allocations: 1.103 GiB, 53.43% gc time)
830
 10.683692 seconds (2.16 M allocations: 1.451 GiB, 48.10% gc time)
774
  9.694809 seconds (2.02 M allocations: 1.292 GiB, 53.01% gc time)
25
 14.870760 seconds (4.78 M allocations: 2.956 GiB, 34.56% gc time)
274
 12.833875 seconds (3.47 M allocations: 2.207 GiB, 40.05% gc time)
973
 27.489956 seconds (9.80 M allocations: 6.077 GiB, 27.30% gc time)
472
 11.891009 seconds (3.39 M allocations: 2.077 GiB, 43.22% gc time)
732
 27.449511 seconds (9.88 M allocations: 6.102 GiB, 27.34% gc time)
372
 19.471423 seconds (7.03 M allocations: 4.355 GiB, 26.39% gc time)
526
 13.661233 seconds (3.83 M allocations: 2.441 GiB, 37.62% gc time)
224
 13.217211 seconds (3.50 M allocations: 2.259 GiB, 38.88% gc time)
625
 17.131250 seconds (5.47 M allocations: 3.470 GiB, 30.00% gc time)
121
 19.611107 seconds (6.81 M allocations: 4.279 GiB, 26.21% gc time)
675
  5.267038 seconds (2.81 M allocations: 1.697 GiB)
180
 13.871376 seconds (3.93 M allocations: 2.507 GiB, 37.05% gc time)
577
 12.273192 seconds (3.37 M allocations: 2.114 GiB, 41.87% gc time)
428
  5.355787 seconds (2.42 M allocations: 1.544 GiB)
831
  5.450287 seconds (2.54 M allocations: 1.604 GiB)
74
  5.434234 seconds (2.62 M allocations: 1.636 GiB)
275
 13.964358 seconds (4.46 M allocations: 2.736 GiB, 36.80% gc time)
329
 13.920237 seconds (4.41 M allocations: 2.713 GiB, 36.92% gc time)
872
  6.647461 seconds (3.02 M allocations: 1.927 GiB)
  3.720727 seconds (2.05 M allocations: 1.226 GiB)
473
225
  7.728384 seconds (3.89 M allocations: 2.396 GiB)
775
  3.460061 seconds (1.98 M allocations: 1.170 GiB)
676
  3.124185 seconds (1.62 M allocations: 1013.497 MiB)
429
  8.606179 seconds (4.29 M allocations: 2.651 GiB)
26
  9.306120 seconds (4.80 M allocations: 2.932 GiB)
925
  8.694710 seconds (4.14 M allocations: 2.598 GiB)
733
  9.164315 seconds (4.21 M allocations: 2.676 GiB)
373
  4.619817 seconds (2.18 M allocations: 1.373 GiB)
75
  6.030431 seconds (2.96 M allocations: 1.835 GiB)
578
  3.376931 seconds (1.45 M allocations: 965.036 MiB)
677
  4.958398 seconds (2.36 M allocations: 1.481 GiB)
873
  4.918728 seconds (2.33 M allocations: 1.465 GiB)
226
  3.870134 seconds (1.66 M allocations: 1.079 GiB)
27
  3.961647 seconds (1.53 M allocations: 1.035 GiB)
734
  7.460275 seconds (3.33 M allocations: 2.139 GiB)
330
  6.034709 seconds (2.63 M allocations: 1.702 GiB)
776
  7.487198 seconds (3.62 M allocations: 2.257 GiB)
276
  8.363095 seconds (4.16 M allocations: 2.568 GiB)
832
 11.346741 seconds (5.98 M allocations: 3.626 GiB)
527
  4.025137 seconds (2.10 M allocations: 1.276 GiB)
76
 14.688280 seconds (7.13 M allocations: 4.440 GiB)
974
  6.632360 seconds (3.14 M allocations: 1.968 GiB)
926
 11.819562 seconds (6.20 M allocations: 3.764 GiB)
626
 12.208948 seconds (6.36 M allocations: 3.870 GiB)
122
  3.924000 seconds (1.76 M allocations: 1.121 GiB)
777
  5.699949 seconds (2.53 M allocations: 1.621 GiB)
227
  3.789584 seconds (1.45 M allocations: 1006.224 MiB)
528
  6.497780 seconds (3.09 M allocations: 1.932 GiB)
874
  7.420194 seconds (3.58 M allocations: 2.225 GiB)
579
  7.684889 seconds (3.71 M allocations: 2.306 GiB)
678
 15.048534 seconds (7.12 M allocations: 4.464 GiB)
181
 12.598015 seconds (5.79 M allocations: 3.665 GiB)
474
  6.858531 seconds (3.17 M allocations: 2.000 GiB)
331
  7.283367 seconds (3.33 M allocations: 2.106 GiB)
735
 13.030520 seconds (6.05 M allocations: 3.817 GiB)
430
  5.658089 seconds (2.48 M allocations: 1.595 GiB)
927
 12.024424 seconds (5.55 M allocations: 3.507 GiB)
  9.640208 seconds (4.50 M allocations: 2.829 GiB)
28
374
  6.534292 seconds (2.86 M allocations: 1.841 GiB)
123
  7.512176 seconds (3.28 M allocations: 2.111 GiB)
627
  8.807990 seconds (3.89 M allocations: 2.497 GiB)
77
 22.945464 seconds (4.45 M allocations: 2.806 GiB, 58.07% gc time)
833
 24.004012 seconds (4.96 M allocations: 3.121 GiB, 55.50% gc time)
277
 17.924637 seconds (2.28 M allocations: 1.404 GiB, 74.33% gc time)
182
 22.638946 seconds (4.35 M allocations: 2.734 GiB, 58.85% gc time)
975
 21.559223 seconds (3.84 M allocations: 2.413 GiB, 61.80% gc time)
778
 18.380157 seconds (2.35 M allocations: 1.480 GiB, 72.49% gc time)
736
 16.519268 seconds (1.29 M allocations: 872.275 MiB, 80.65% gc time)
628
 20.720407 seconds (3.35 M allocations: 2.127 GiB, 64.30% gc time)
679
  3.189802 seconds (1.44 M allocations: 935.425 MiB)
78
 21.883960 seconds (4.03 M allocations: 2.523 GiB, 60.88% gc time)
875
 22.366940 seconds (4.45 M allocations: 2.745 GiB, 59.57% gc time)
529
 20.480249 seconds (3.65 M allocations: 2.223 GiB, 65.05% gc time)
475
 19.703198 seconds (3.28 M allocations: 1.990 GiB, 67.62% gc time)
 23.259225 seconds (5.11 M allocations: 3.105 GiB, 57.28% gc time)
431
 22.603720 seconds (4.62 M allocations: 2.836 GiB, 58.94% gc time)
228
580
 21.250660 seconds (4.27 M allocations: 2.559 GiB, 62.70% gc time)
332
  5.720663 seconds (2.87 M allocations: 1.760 GiB)
834
 22.092474 seconds (3.99 M allocations: 2.525 GiB, 60.31% gc time)
29
  4.691920 seconds (1.66 M allocations: 1.160 GiB)
79
 22.701846 seconds (4.28 M allocations: 2.705 GiB, 58.69% gc time)
375
  5.294592 seconds (2.10 M allocations: 1.401 GiB)
629
  3.299722 seconds (939.87 k allocations: 737.018 MiB)
333
  3.160643 seconds (1.14 M allocations: 807.008 MiB)
835
  8.968665 seconds (4.15 M allocations: 2.612 GiB)
278
 23.950145 seconds (5.00 M allocations: 3.128 GiB, 55.63% gc time)
124
  6.426701 seconds (2.40 M allocations: 1.638 GiB)
432
 26.268658 seconds (6.06 M allocations: 3.799 GiB, 50.72% gc time)
928
  7.885572 seconds (3.69 M allocations: 2.315 GiB)
737
  7.437047 seconds (3.26 M allocations: 2.097 GiB)
476
  7.850369 seconds (3.53 M allocations: 2.247 GiB)
530
  9.454214 seconds (4.77 M allocations: 2.918 GiB)
779
  7.682969 seconds (3.23 M allocations: 2.109 GiB)
229
  7.638201 seconds (3.35 M allocations: 2.151 GiB)
581
  3.741780 seconds (2.05 M allocations: 1.221 GiB)
630
  3.253809 seconds (1.93 M allocations: 1.123 GiB)
836
  9.953739 seconds (5.20 M allocations: 3.145 GiB)
680
 11.607642 seconds (5.93 M allocations: 3.616 GiB)
183
  4.519627 seconds (2.69 M allocations: 1.567 GiB)
334
  5.676488 seconds (3.26 M allocations: 1.920 GiB)
80
  4.712496 seconds (2.51 M allocations: 1.516 GiB)
 11.792904 seconds (5.48 M allocations: 3.454 GiB)
125
876
  3.168990 seconds (1.41 M allocations: 925.615 MiB)
631
  4.405805 seconds (2.17 M allocations: 1.346 GiB)
477
  8.154633 seconds (4.58 M allocations: 2.715 GiB)
30
  3.266276 seconds (1.26 M allocations: 871.188 MiB)
335
 15.591408 seconds (7.75 M allocations: 4.773 GiB)
976
  6.490535 seconds (3.21 M allocations: 1.983 GiB)
531
  5.765728 seconds (2.74 M allocations: 1.717 GiB)
582
  6.225016 seconds (3.06 M allocations: 1.896 GiB)
230
  7.392585 seconds (3.93 M allocations: 2.374 GiB)
738
 10.412066 seconds (5.38 M allocations: 3.277 GiB)
376
  9.639219 seconds (5.04 M allocations: 3.060 GiB)
279
 17.026854 seconds (4.76 M allocations: 2.893 GiB, 46.20% gc time)
433
 11.683554 seconds (1.78 M allocations: 1.119 GiB, 67.34% gc time)
31
 16.281578 seconds (4.03 M allocations: 2.516 GiB, 48.32% gc time)
780
 12.818615 seconds (2.38 M allocations: 1.483 GiB, 61.37% gc time)
632
 12.334393 seconds (2.03 M allocations: 1.292 GiB, 63.78% gc time)
336
 14.185734 seconds (3.10 M allocations: 1.918 GiB, 55.46% gc time)
126
 17.569522 seconds (4.47 M allocations: 2.831 GiB, 44.78% gc time)
837
 12.059609 seconds (1.94 M allocations: 1.225 GiB, 65.24% gc time)
583
 19.603539 seconds (6.02 M allocations: 3.676 GiB, 40.13% gc time)
929
 12.441831 seconds (2.30 M allocations: 1.411 GiB, 63.23% gc time)
231
 17.962792 seconds (4.88 M allocations: 3.037 GiB, 43.80% gc time)
184
 17.915428 seconds (4.74 M allocations: 2.973 GiB, 43.91% gc time)
81
 16.071321 seconds (3.65 M allocations: 2.341 GiB, 48.95% gc time)
977
 17.762283 seconds (4.69 M allocations: 2.941 GiB, 44.29% gc time)
877
  4.487777 seconds (1.89 M allocations: 1.236 GiB)
337
 16.417268 seconds (3.95 M allocations: 2.498 GiB, 47.92% gc time)
532
 18.893386 seconds (5.02 M allocations: 3.190 GiB, 41.64% gc time)
478
  4.834416 seconds (1.84 M allocations: 1.250 GiB)
584
  5.410238 seconds (2.35 M allocations: 1.520 GiB)
838
 22.934747 seconds (6.85 M allocations: 4.356 GiB, 34.30% gc time)
681
  5.894029 seconds (2.52 M allocations: 1.635 GiB)
127
  5.423014 seconds (2.22 M allocations: 1.464 GiB)
232
 18.022998 seconds (4.62 M allocations: 2.932 GiB, 43.65% gc time)
377
  9.364590 seconds (4.24 M allocations: 2.700 GiB)
434
  5.880050 seconds (2.43 M allocations: 1.599 GiB)
185
 10.150757 seconds (4.80 M allocations: 3.011 GiB)
280
 18.961955 seconds (5.23 M allocations: 3.284 GiB, 41.49% gc time)
739
 10.103621 seconds (4.75 M allocations: 2.986 GiB)
781
  4.656441 seconds (2.32 M allocations: 1.432 GiB)
338
  9.740852 seconds (4.80 M allocations: 2.972 GiB)
  4.463471 seconds (2.40 M allocations: 1.445 GiB)
633
533
 11.265020 seconds (5.47 M allocations: 3.400 GiB)
32
  4.268076 seconds (2.37 M allocations: 1.413 GiB)
839
  9.960626 seconds (4.73 M allocations: 2.963 GiB)
930
  4.281687 seconds (2.26 M allocations: 1.372 GiB)
233
  3.153725 seconds (1.34 M allocations: 896.854 MiB)
339
  3.088022 seconds (1.24 M allocations: 845.413 MiB)
534
  9.178539 seconds (4.51 M allocations: 2.793 GiB)
878
 10.422562 seconds (5.06 M allocations: 3.149 GiB)
82
  8.036560 seconds (4.04 M allocations: 2.483 GiB)
585
 10.409383 seconds (4.98 M allocations: 3.111 GiB)
978
  3.587734 seconds (1.35 M allocations: 942.527 MiB)
234
  4.465852 seconds (1.88 M allocations: 1.229 GiB)
840
  5.723115 seconds (1.40 M allocations: 910.758 MiB, 46.04% gc time)
340
  7.186570 seconds (1.90 M allocations: 1.243 GiB, 36.66% gc time)
931
 11.817823 seconds (4.54 M allocations: 2.803 GiB, 22.29% gc time)
128
 10.933785 seconds (3.99 M allocations: 2.486 GiB, 24.10% gc time)
378
 11.058035 seconds (4.15 M allocations: 2.564 GiB, 23.83% gc time)
186
 11.254560 seconds (4.18 M allocations: 2.598 GiB, 23.41% gc time)
281
 13.459855 seconds (5.52 M allocations: 3.374 GiB, 19.57% gc time)
682
  5.931223 seconds (1.66 M allocations: 1.017 GiB, 44.42% gc time)
586
 10.938070 seconds (3.95 M allocations: 2.472 GiB, 24.09% gc time)
782
  5.828158 seconds (1.68 M allocations: 1.015 GiB, 45.21% gc time)
841
 12.756252 seconds (4.91 M allocations: 3.051 GiB, 20.65% gc time)
740
  3.090317 seconds (1.54 M allocations: 971.496 MiB)
341
  3.033687 seconds (1.47 M allocations: 936.270 MiB)
379
 16.776225 seconds (7.34 M allocations: 4.461 GiB, 15.70% gc time)
479
 12.755045 seconds (4.91 M allocations: 3.051 GiB, 20.66% gc time)
634
  3.445490 seconds (1.79 M allocations: 1.088 GiB)
187
  9.570018 seconds (3.64 M allocations: 2.202 GiB, 27.53% gc time)
83
  3.103180 seconds (1.29 M allocations: 868.362 MiB)
842
  6.068350 seconds (2.79 M allocations: 1.768 GiB)
129
  3.045126 seconds (1.25 M allocations: 847.855 MiB)
380
  3.034670 seconds (1.20 M allocations: 825.883 MiB)
480
  7.087620 seconds (3.48 M allocations: 2.155 GiB)
932
  6.082315 seconds (3.02 M allocations: 1.865 GiB)
282
  3.033987 seconds (1.35 M allocations: 888.540 MiB)
188
  6.071145 seconds (2.99 M allocations: 1.850 GiB)
783
  6.457175 seconds (3.29 M allocations: 2.011 GiB)
683
  3.049697 seconds (1.53 M allocations: 963.114 MiB)
843
  5.206058 seconds (2.36 M allocations: 1.504 GiB)
635
 21.153563 seconds (8.98 M allocations: 5.585 GiB, 12.46% gc time)
435
  6.075566 seconds (2.48 M allocations: 1.641 GiB)
84
  7.975496 seconds (3.57 M allocations: 2.284 GiB)
741
 15.556899 seconds (6.24 M allocations: 3.883 GiB, 16.94% gc time)
235
  6.107983 seconds (2.63 M allocations: 1.704 GiB)
130
  3.377571 seconds (1.31 M allocations: 906.524 MiB)
844
  4.991853 seconds (2.01 M allocations: 1.336 GiB)
189
  3.121195 seconds (1.34 M allocations: 892.309 MiB)
636
 11.189051 seconds (5.31 M allocations: 3.327 GiB)
587
  8.917521 seconds (3.04 M allocations: 1.925 GiB, 25.77% gc time)
933
  8.733049 seconds (2.92 M allocations: 1.857 GiB, 26.31% gc time)
481
 24.546600 seconds (9.54 M allocations: 5.922 GiB, 20.10% gc time)
33
  9.161697 seconds (3.31 M allocations: 2.061 GiB, 25.08% gc time)
283
 23.411779 seconds (9.09 M allocations: 5.621 GiB, 21.07% gc time)
535
  5.626739 seconds (1.77 M allocations: 1.065 GiB, 40.84% gc time)
236
  9.521545 seconds (3.45 M allocations: 2.154 GiB, 24.14% gc time)
784
 14.688852 seconds (6.01 M allocations: 3.738 GiB, 15.64% gc time)
342
 10.056994 seconds (3.61 M allocations: 2.277 GiB, 22.85% gc time)
684
  6.048446 seconds (2.15 M allocations: 1.268 GiB, 37.99% gc time)
845
 24.969718 seconds (9.96 M allocations: 6.141 GiB, 19.75% gc time)
879
 23.572234 seconds (9.44 M allocations: 5.782 GiB, 20.93% gc time)
979
  9.549294 seconds (3.52 M allocations: 2.186 GiB, 24.07% gc time)
742
  4.274750 seconds (1.89 M allocations: 1.215 GiB)
34
 10.799033 seconds (4.04 M allocations: 2.526 GiB, 21.28% gc time)
85
  5.514672 seconds (2.41 M allocations: 1.555 GiB)
934
 14.923581 seconds (5.92 M allocations: 3.722 GiB, 15.40% gc time)
381
  6.076933 seconds (2.86 M allocations: 1.798 GiB)
588
  9.870027 seconds (4.02 M allocations: 2.425 GiB, 23.28% gc time)
131
  5.441304 seconds (2.43 M allocations: 1.555 GiB)
  4.607712 seconds (2.04 M allocations: 1.307 GiB)
 10.383699 seconds (3.91 M allocations: 2.432 GiB, 22.13% gc time)
785
190
343
  6.623801 seconds (3.11 M allocations: 1.957 GiB)
536
  6.688979 seconds (3.17 M allocations: 1.990 GiB)
237
 13.379810 seconds (5.70 M allocations: 3.476 GiB, 17.18% gc time)
436
  3.946905 seconds (2.08 M allocations: 1.261 GiB)
35
  6.211458 seconds (2.87 M allocations: 1.820 GiB)
880
  5.911196 seconds (2.91 M allocations: 1.805 GiB)
980
  7.001344 seconds (3.28 M allocations: 2.069 GiB) 10.282210 seconds (4.64 M allocations: 2.964 GiB)

  4.323047 seconds (1.73 M allocations: 1.159 GiB)
 13.265126 seconds (5.42 M allocations: 3.350 GiB, 17.32% gc time)
846
935
284
637
 11.688536 seconds (5.82 M allocations: 3.588 GiB)
482
  6.051632 seconds (2.98 M allocations: 1.845 GiB)
589
  6.051154 seconds (2.93 M allocations: 1.829 GiB)
132
  3.948564 seconds (1.82 M allocations: 1.155 GiB)
437
  6.707907 seconds (3.09 M allocations: 1.960 GiB)
191
  6.028850 seconds (2.60 M allocations: 1.687 GiB)
537
  6.794669 seconds (3.13 M allocations: 1.984 GiB)
786
  3.017178 seconds (1.47 M allocations: 936.571 MiB)
285
  3.018273 seconds (1.44 M allocations: 925.168 MiB)
638
  7.293491 seconds (3.39 M allocations: 2.140 GiB)
238
  4.485755 seconds (2.16 M allocations: 1.350 GiB)
936
  4.257025 seconds (1.82 M allocations: 1.181 GiB)
483
  7.176895 seconds (3.29 M allocations: 2.087 GiB)
881
 12.239161 seconds (6.03 M allocations: 3.733 GiB)
743
 11.942524 seconds (5.43 M allocations: 3.453 GiB)
86
 16.019579 seconds (7.41 M allocations: 4.683 GiB)
685
  6.912662 seconds (3.11 M allocations: 1.981 GiB)
981
  6.561060 seconds (3.04 M allocations: 1.917 GiB)
590
  5.092534 seconds (2.39 M allocations: 1.499 GiB)
538
 13.888090 seconds (6.73 M allocations: 4.185 GiB)
382
  4.522357 seconds (2.00 M allocations: 1.280 GiB)
239
  6.748921 seconds (2.97 M allocations: 1.907 GiB)
192
  6.608953 seconds (2.78 M allocations: 1.816 GiB)
787
  9.902384 seconds (4.61 M allocations: 2.905 GiB)
847
  6.929231 seconds (3.06 M allocations: 1.961 GiB)
639
  9.100713 seconds (4.17 M allocations: 2.642 GiB)
133
 13.751963 seconds (6.53 M allocations: 4.090 GiB)
344
  9.022499 seconds (4.31 M allocations: 2.693 GiB)
438
  4.653092 seconds (2.43 M allocations: 1.474 GiB)
744
 14.724130 seconds (6.78 M allocations: 4.293 GiB)
36
  8.097239 seconds (1.80 M allocations: 1.195 GiB, 44.75% gc time)
240
  8.646133 seconds (2.25 M allocations: 1.438 GiB, 41.91% gc time)
539
  9.783892 seconds (2.81 M allocations: 1.784 GiB, 37.04% gc time)
982
  7.209235 seconds (1.73 M allocations: 1.076 GiB, 50.27% gc time)
193
 14.374431 seconds (5.02 M allocations: 3.159 GiB, 25.21% gc time)
286
 13.118086 seconds (4.63 M allocations: 2.870 GiB, 27.62% gc time)
937
  7.505853 seconds (1.80 M allocations: 1.135 GiB, 48.28% gc time)
640
 13.987989 seconds (4.77 M allocations: 3.017 GiB, 25.91% gc time)
882
  3.021845 seconds (1.44 M allocations: 925.166 MiB)
241
 12.789476 seconds (4.15 M allocations: 2.648 GiB, 28.33% gc time)
591
 15.537772 seconds (5.45 M allocations: 3.454 GiB, 23.32% gc time)
484
 14.026168 seconds (4.86 M allocations: 3.064 GiB, 25.84% gc time)
686
 13.944408 seconds (4.74 M allocations: 3.005 GiB, 25.99% gc time)
87
 10.629798 seconds (2.78 M allocations: 1.858 GiB, 34.09% gc time)
745
  3.559910 seconds (1.50 M allocations: 1008.644 MiB)
641
  4.782004 seconds (2.49 M allocations: 1.515 GiB)
37
  4.575033 seconds (2.24 M allocations: 1.391 GiB)
540
 11.832787 seconds (4.16 M allocations: 2.552 GiB, 30.63% gc time)
848
 13.979536 seconds (5.24 M allocations: 3.213 GiB, 25.92% gc time)
383
  5.946964 seconds (3.02 M allocations: 1.853 GiB)
194
 13.012188 seconds (4.30 M allocations: 2.728 GiB, 27.85% gc time)
439
 13.969647 seconds (5.21 M allocations: 3.202 GiB, 25.94% gc time)
788
  3.911586 seconds (2.18 M allocations: 1.298 GiB)
592
 14.046256 seconds (4.95 M allocations: 3.100 GiB, 25.80% gc time)
134
  4.448147 seconds (2.51 M allocations: 1.491 GiB)
242
  3.576548 seconds (1.87 M allocations: 1.135 GiB)
642
  6.900774 seconds (3.46 M allocations: 2.134 GiB)
883
  8.656581 seconds (3.90 M allocations: 2.496 GiB)
938
  4.977616 seconds (2.14 M allocations: 1.393 GiB)
849
  5.960189 seconds (2.86 M allocations: 1.790 GiB)
746
  9.801550 seconds (4.69 M allocations: 2.938 GiB)
287
 17.029829 seconds (6.15 M allocations: 3.903 GiB, 21.28% gc time)
 10.289953 seconds (5.03 M allocations: 3.127 GiB)
983
345
  6.163965 seconds (3.11 M allocations: 1.913 GiB)
38
  3.266484 seconds (1.60 M allocations: 1018.761 MiB)
593
  7.128985 seconds (4.01 M allocations: 2.380 GiB)
88
  7.756951 seconds (4.14 M allocations: 2.498 GiB)
687
  3.037370 seconds (1.72 M allocations: 1.017 GiB)
939
  6.022387 seconds (2.68 M allocations: 1.721 GiB)
243
  9.246129 seconds (4.22 M allocations: 2.687 GiB)
541
  9.098161 seconds (4.20 M allocations: 2.663 GiB)
384
  8.131783 seconds (3.80 M allocations: 2.400 GiB)
195
 10.764895 seconds (5.34 M allocations: 3.305 GiB)
485
  3.759651 seconds (1.53 M allocations: 1.017 GiB)
39
  9.080487 seconds (4.49 M allocations: 2.779 GiB)
440
  7.090971 seconds (3.63 M allocations: 2.219 GiB)
643
  9.081413 seconds (4.59 M allocations: 2.821 GiB)
789
  9.390526 seconds (4.57 M allocations: 2.843 GiB)
135
  6.329417 seconds (2.93 M allocations: 1.858 GiB)
747
  7.456806 seconds (3.28 M allocations: 2.116 GiB)
984
  3.488853 seconds (1.62 M allocations: 1.025 GiB)
196
 11.750314 seconds (4.46 M allocations: 2.769 GiB, 22.56% gc time)
884
  6.491818 seconds (1.58 M allocations: 1.040 GiB, 40.84% gc time)
40
  5.710883 seconds (1.40 M allocations: 909.641 MiB, 46.42% gc time)
644
  5.715048 seconds (1.13 M allocations: 797.623 MiB, 46.39% gc time)
748
 11.733119 seconds (3.92 M allocations: 2.544 GiB, 22.59% gc time)
89
  8.859386 seconds (2.99 M allocations: 1.864 GiB, 29.92% gc time)
542
  9.317089 seconds (3.34 M allocations: 2.055 GiB, 28.45% gc time)
244
  9.190467 seconds (2.97 M allocations: 1.889 GiB, 28.85% gc time)
486
  6.148638 seconds (1.60 M allocations: 1.013 GiB, 43.12% gc time)
197
  3.138311 seconds (1.43 M allocations: 931.441 MiB)
41
  3.085932 seconds (1.27 M allocations: 860.465 MiB)
749
 15.027106 seconds (5.45 M allocations: 3.510 GiB, 17.64% gc time)
594
 10.916178 seconds (3.62 M allocations: 2.333 GiB, 24.29% gc time)
441
  3.035916 seconds (1.13 M allocations: 794.282 MiB)
245
  8.730677 seconds (2.83 M allocations: 1.788 GiB, 30.36% gc time)
985
 10.732213 seconds (3.57 M allocations: 2.294 GiB, 24.70% gc time)
790
  3.155264 seconds (1.42 M allocations: 927.625 MiB)
198
  3.219992 seconds (1.42 M allocations: 936.015 MiB)
42
 11.793006 seconds (4.10 M allocations: 2.617 GiB, 22.48% gc time)
136
 18.587322 seconds (7.56 M allocations: 4.739 GiB, 14.26% gc time)
288
  5.472458 seconds (2.47 M allocations: 1.572 GiB)
543
  3.691286 seconds (1.89 M allocations: 1.149 GiB)
750
 20.013573 seconds (8.27 M allocations: 5.172 GiB, 13.25% gc time)
850
 20.112686 seconds (8.15 M allocations: 5.134 GiB, 13.18% gc time)
346
  9.146849 seconds (4.23 M allocations: 2.671 GiB)
885
  4.583692 seconds (2.36 M allocations: 1.429 GiB)
595
  4.683934 seconds (2.36 M allocations: 1.440 GiB)
442
 17.348221 seconds (6.81 M allocations: 4.298 GiB, 15.28% gc time)
385
 20.097051 seconds (8.14 M allocations: 5.128 GiB, 13.19% gc time)
688
  4.256166 seconds (2.02 M allocations: 1.262 GiB)
199
  4.094355 seconds (1.96 M allocations: 1.222 GiB)
43
 10.915216 seconds (5.40 M allocations: 3.331 GiB)
645
 20.184104 seconds (8.67 M allocations: 5.353 GiB, 13.13% gc time)
940
  9.721361 seconds (4.95 M allocations: 3.024 GiB)
90
  4.583835 seconds (2.53 M allocations: 1.509 GiB)
544
  6.033055 seconds (2.66 M allocations: 1.712 GiB)
  4.285183 seconds (1.72 M allocations: 1.149 GiB)
443
751
  9.231623 seconds (4.26 M allocations: 2.690 GiB)
791
  9.429119 seconds (4.43 M allocations: 2.779 GiB)
986
  4.918910 seconds (2.26 M allocations: 1.434 GiB)
596
  4.677440 seconds (2.01 M allocations: 1.307 GiB)
689
 13.051611 seconds (6.34 M allocations: 3.938 GiB)
487
 10.815638 seconds (5.12 M allocations: 3.204 GiB)
246
  6.220359 seconds (2.62 M allocations: 1.714 GiB)
200
 10.004131 seconds (4.64 M allocations: 2.929 GiB)
137
  6.649102 seconds (2.79 M allocations: 1.827 GiB)
  8.200907 seconds (3.87 M allocations: 2.434 GiB)
44
347
 18.012163 seconds (4.22 M allocations: 2.613 GiB, 52.34% gc time)
851
 16.679711 seconds (3.37 M allocations: 2.127 GiB, 56.52% gc time)
386
 20.056657 seconds (5.25 M allocations: 3.246 GiB, 47.00% gc time)
289
 12.817928 seconds (1.82 M allocations: 1.095 GiB, 73.55% gc time)
987
 15.977859 seconds (3.13 M allocations: 1.956 GiB, 59.00% gc time)
545
 17.337844 seconds (3.61 M allocations: 2.294 GiB, 54.37% gc time)
91
 19.176215 seconds (4.28 M allocations: 2.759 GiB, 49.16% gc time)
  3.072945 seconds (1.14 M allocations: 804.128 MiB)
646
348
 21.431112 seconds (5.72 M allocations: 3.581 GiB, 43.99% gc time)
886
 16.007038 seconds (3.15 M allocations: 1.970 GiB, 58.89% gc time)
792
  3.084939 seconds (1.11 M allocations: 792.348 MiB)
988
 15.429587 seconds (3.01 M allocations: 1.855 GiB, 61.10% gc time)
690
 19.432488 seconds (4.83 M allocations: 3.011 GiB, 48.51% gc time)
941
  4.287485 seconds (2.54 M allocations: 1.485 GiB)
138
  4.380416 seconds (2.37 M allocations: 1.426 GiB)
 18.606116 seconds (4.62 M allocations: 2.840 GiB, 50.67% gc time)
444
  3.019092 seconds (1.08 M allocations: 775.157 MiB)
887
  3.021897 seconds (1.05 M allocations: 761.952 MiB)
989
  3.020241 seconds (1.05 M allocations: 762.019 MiB)
691
  7.255576 seconds (2.99 M allocations: 1.981 GiB)
387
 20.140490 seconds (5.00 M allocations: 3.157 GiB, 46.81% gc time)
597
 20.780419 seconds (5.65 M allocations: 3.489 GiB, 45.37% gc time)
 18.883847 seconds (4.66 M allocations: 2.890 GiB, 49.92% gc time)
247
 18.572548 seconds (4.52 M allocations: 2.800 GiB, 50.76% gc time)
201
  4.088885 seconds (1.49 M allocations: 1.038 GiB)
139
  6.610772 seconds (3.17 M allocations: 1.985 GiB)
92
 20.815882 seconds (5.62 M allocations: 3.485 GiB, 45.29% gc time)
488
  3.077228 seconds (1.65 M allocations: 1021.173 MiB)
990
  9.957114 seconds (4.83 M allocations: 3.014 GiB)
45
  6.704880 seconds (3.55 M allocations: 2.151 GiB)
647
  6.291727 seconds (2.91 M allocations: 1.844 GiB)
942
 10.253350 seconds (4.92 M allocations: 3.081 GiB)
290
  8.730134 seconds (3.87 M allocations: 2.489 GiB)
793
  3.018771 seconds (1.11 M allocations: 783.075 MiB)
991
  5.790855 seconds (1.06 M allocations: 761.460 MiB, 47.51% gc time)
648
 12.204136 seconds (4.10 M allocations: 2.655 GiB, 22.55% gc time)
349
  6.000529 seconds (1.16 M allocations: 825.340 MiB, 45.85% gc time)
943
 15.293790 seconds (5.85 M allocations: 3.694 GiB, 17.99% gc time)
546
  7.386923 seconds (2.17 M allocations: 1.366 GiB, 37.25% gc time)
489
  8.354846 seconds (1.93 M allocations: 1.365 GiB, 32.93% gc time)
46
 10.070947 seconds (3.03 M allocations: 1.993 GiB, 27.32% gc time)
 13.182398 seconds (4.67 M allocations: 2.992 GiB, 20.87% gc time)
 11.380853 seconds (3.83 M allocations: 2.458 GiB, 24.18% gc time)
445
388
 12.253164 seconds (4.25 M allocations: 2.723 GiB, 22.45% gc time)
888
 12.597593 seconds (4.58 M allocations: 2.895 GiB, 21.84% gc time)
692
  3.939025 seconds (1.65 M allocations: 1.086 GiB)
350
  3.532073 seconds (1.42 M allocations: 975.507 MiB)
944
  4.105487 seconds (1.94 M allocations: 1.227 GiB)
649
 12.113618 seconds (4.72 M allocations: 2.904 GiB, 22.71% gc time)
598
 11.889545 seconds (4.46 M allocations: 2.772 GiB, 23.14% gc time)
248
 11.713301 seconds (4.30 M allocations: 2.688 GiB, 23.49% gc time)
93
  5.571822 seconds (3.00 M allocations: 1.809 GiB)
992
  3.184659 seconds (1.96 M allocations: 1.136 GiB)
47
 12.012320 seconds (4.09 M allocations: 2.637 GiB, 22.91% gc time)
 10.509577 seconds (3.73 M allocations: 2.335 GiB, 26.18% gc time)
291
794
 14.616273 seconds (5.51 M allocations: 3.485 GiB, 18.82% gc time)
140
  3.032522 seconds (1.33 M allocations: 878.712 MiB)
650
  3.299612 seconds (1.64 M allocations: 1.017 GiB)
351
  3.685901 seconds (2.02 M allocations: 1.211 GiB)
945
  3.780934 seconds (1.65 M allocations: 1.071 GiB)
249
  8.583384 seconds (4.13 M allocations: 2.589 GiB)
547
  5.884510 seconds (2.45 M allocations: 1.616 GiB)
599
  3.019302 seconds (1.04 M allocations: 758.125 MiB)
651
  7.180313 seconds (3.59 M allocations: 2.219 GiB)
889
  7.351723 seconds (3.52 M allocations: 2.204 GiB)
693
  6.037246 seconds (2.58 M allocations: 1.687 GiB)
993
  3.482907 seconds (1.32 M allocations: 922.718 MiB)
946
  6.815732 seconds (3.10 M allocations: 1.979 GiB)
94
  7.860096 seconds (2.71 M allocations: 1.722 GiB, 24.51% gc time)
795
  5.724138 seconds (1.57 M allocations: 1.032 GiB, 33.65% gc time)
548
 12.165338 seconds (5.18 M allocations: 3.183 GiB, 15.83% gc time)
389
  8.281181 seconds (2.72 M allocations: 1.769 GiB, 23.26% gc time)
  9.625276 seconds (3.55 M allocations: 2.251 GiB, 20.01% gc time)
48
  7.443661 seconds (2.44 M allocations: 1.567 GiB, 25.88% gc time)
250
  5.154242 seconds (1.23 M allocations: 852.212 MiB, 37.37% gc time)
947
  9.562069 seconds (3.34 M allocations: 2.156 GiB, 20.15% gc time)
292
  6.621619 seconds (2.14 M allocations: 1.360 GiB, 29.09% gc time)
600
 16.581845 seconds (7.06 M allocations: 4.415 GiB, 11.62% gc time)
490
  7.029815 seconds (2.61 M allocations: 1.597 GiB, 27.40% gc time)
  3.032195 seconds (1.40 M allocations: 911.780 MiB)
549
  8.014583 seconds (2.80 M allocations: 1.775 GiB, 24.04% gc time)
890
 15.518798 seconds (6.76 M allocations: 4.177 GiB, 12.41% gc time)
446
  7.996534 seconds (2.53 M allocations: 1.662 GiB, 24.09% gc time)
95
  4.114979 seconds (1.83 M allocations: 1.179 GiB)
390
  4.370354 seconds (2.02 M allocations: 1.282 GiB)
49
  3.740744 seconds (1.53 M allocations: 1.013 GiB)
601
  3.721259 seconds (1.50 M allocations: 1.000 GiB)
491
  3.040260 seconds (1.35 M allocations: 886.044 MiB)
550
 10.181184 seconds (3.81 M allocations: 2.410 GiB, 18.92% gc time)
994
  4.673643 seconds (2.18 M allocations: 1.378 GiB)
293
 10.685306 seconds (4.21 M allocations: 2.627 GiB, 18.03% gc time)
694
 15.274717 seconds (6.18 M allocations: 3.912 GiB, 12.61% gc time)
141
  3.035143 seconds (1.27 M allocations: 853.203 MiB)
  7.476649 seconds (3.29 M allocations: 2.121 GiB)
948
  3.024962 seconds (1.19 M allocations: 822.076 MiB)
492
  3.027005 seconds (1.22 M allocations: 832.386 MiB)
551
  6.067165 seconds (2.80 M allocations: 1.774 GiB)
891
  9.872852 seconds (4.73 M allocations: 2.962 GiB)
796
  6.064263 seconds (2.93 M allocations: 1.830 GiB)
447
  3.099524 seconds (1.37 M allocations: 905.674 MiB)
695
  9.089479 seconds (4.60 M allocations: 2.827 GiB)
251
  8.208166 seconds (3.20 M allocations: 1.933 GiB, 26.15% gc time)
96
  8.902821 seconds (3.30 M allocations: 2.049 GiB, 24.11% gc time)
391
  5.197069 seconds (1.40 M allocations: 906.338 MiB, 41.30% gc time)
  5.311923 seconds (1.50 M allocations: 962.499 MiB, 40.41% gc time)
493
  5.193988 seconds (1.25 M allocations: 840.116 MiB, 41.32% gc time)
797
  8.204692 seconds (2.61 M allocations: 1.685 GiB, 26.16% gc time)
294
  5.194175 seconds (1.25 M allocations: 835.981 MiB, 41.32% gc time)
696
 10.544605 seconds (4.07 M allocations: 2.525 GiB, 20.35% gc time)
50
  3.016865 seconds (984.76 k allocations: 725.010 MiB)
494
 11.268012 seconds (3.92 M allocations: 2.538 GiB, 19.05% gc time)
995
  8.219608 seconds (2.48 M allocations: 1.635 GiB, 26.11% gc time)
892
 10.211532 seconds (3.58 M allocations: 2.289 GiB, 21.02% gc time)
142
  3.019359 seconds (1.17 M allocations: 810.971 MiB)
798
  8.218718 seconds (2.52 M allocations: 1.650 GiB, 26.11% gc time)
448
  9.403423 seconds (3.70 M allocations: 2.252 GiB, 22.82% gc time)
949
  3.250303 seconds (1.51 M allocations: 976.832 MiB)
697
  6.043015 seconds (2.77 M allocations: 1.752 GiB)
97
  3.018213 seconds (1.58 M allocations: 985.347 MiB)
51
  3.018703 seconds (1.67 M allocations: 1018.867 MiB)
495
  6.038248 seconds (2.66 M allocations: 1.715 GiB)
295
  3.019461 seconds (1.30 M allocations: 865.130 MiB)
143
  7.427008 seconds (3.53 M allocations: 2.205 GiB)
392
  3.019605 seconds (1.34 M allocations: 880.228 MiB)
950
 11.379384 seconds (4.28 M allocations: 2.696 GiB, 18.86% gc time)
  3.328849 seconds (1.19 M allocations: 854.315 MiB)
  3.036218 seconds (1.00 M allocations: 741.965 MiB)
496
  5.115546 seconds (1.76 M allocations: 1.249 GiB)
698
 12.639894 seconds (2.78 M allocations: 1.765 GiB, 51.88% gc time)
893
 12.419454 seconds (2.44 M allocations: 1.603 GiB, 52.80% gc time)
799
 12.730187 seconds (3.03 M allocations: 1.879 GiB, 51.51% gc time)
996
 12.638272 seconds (2.75 M allocations: 1.755 GiB, 51.88% gc time)
449
  9.643300 seconds (1.38 M allocations: 905.534 MiB, 68.00% gc time)
144
 12.292209 seconds (2.48 M allocations: 1.605 GiB, 53.34% gc time)
98
  9.638549 seconds (1.48 M allocations: 945.201 MiB, 68.03% gc time)
951
  9.751660 seconds (1.70 M allocations: 1.023 GiB, 67.24% gc time)
393
  3.019741 seconds (1.54 M allocations: 968.691 MiB)
699
  3.018029 seconds (1.45 M allocations: 930.062 MiB)
800
 12.650636 seconds (2.83 M allocations: 1.790 GiB, 51.83% gc time)
296
  3.018738 seconds (1.08 M allocations: 775.324 MiB)
99
  3.019220 seconds (1.08 M allocations: 774.851 MiB)
  4.247519 seconds (1.78 M allocations: 1.159 GiB)
997
  3.931171 seconds (1.25 M allocations: 931.224 MiB)
394
  5.335168 seconds (2.66 M allocations: 1.633 GiB)
497
  3.018401 seconds (1.25 M allocations: 830.642 MiB)
700
  6.009314 seconds (2.69 M allocations: 1.712 GiB)
894
  3.111572 seconds (1.39 M allocations: 900.467 MiB)
  5.808458 seconds (2.48 M allocations: 1.606 GiB)
801
145
  6.045757 seconds (2.79 M allocations: 1.758 GiB)
450
  3.018510 seconds (1.51 M allocations: 940.456 MiB)
100
  3.084045 seconds (1.54 M allocations: 969.914 MiB)
998
  3.019441 seconds (1.43 M allocations: 918.497 MiB)
395
  4.433791 seconds (2.07 M allocations: 1.292 GiB)
297
  3.019623 seconds (1.67 M allocations: 1019.181 MiB)
498
  3.018725 seconds (1.55 M allocations: 971.390 MiB)
895
  4.412823 seconds (1.13 M allocations: 796.753 MiB, 31.29% gc time)
101
  5.100838 seconds (1.64 M allocations: 1.059 GiB, 27.07% gc time)
  5.652831 seconds (1.99 M allocations: 1.260 GiB, 24.42% gc time)
701
  4.411780 seconds (1.17 M allocations: 811.542 MiB, 31.29% gc time)
999
  4.524725 seconds (1.15 M allocations: 815.163 MiB, 30.51% gc time)
298
  6.264807 seconds (2.22 M allocations: 1.417 GiB, 22.04% gc time)
146
  4.412440 seconds (1.23 M allocations: 839.115 MiB, 31.29% gc time)
499
  6.337878 seconds (2.37 M allocations: 1.484 GiB, 21.78% gc time)
451
  4.634093 seconds (1.43 M allocations: 946.559 MiB, 29.79% gc time)
896
  6.071203 seconds (2.00 M allocations: 1.306 GiB, 22.74% gc time)
396
  3.468309 seconds (1.60 M allocations: 1.017 GiB)
  3.022865 seconds (1.40 M allocations: 908.184 MiB)
  3.079555 seconds (1.26 M allocations: 849.785 MiB)
1000
  3.025094 seconds (1.25 M allocations: 836.175 MiB)
299
  3.030654 seconds (1.11 M allocations: 775.377 MiB)
500
  3.614230 seconds (1.40 M allocations: 951.244 MiB)
147
  3.923018 seconds (1.36 M allocations: 958.021 MiB)
  3.032350 seconds (1.05 M allocations: 731.768 MiB)
897
  3.384679 seconds (1.12 M allocations: 786.548 MiB)
397
  3.940646 seconds (1.04 M allocations: 696.126 MiB, 22.95% gc time)
1001
  3.934198 seconds (1.03 M allocations: 688.032 MiB, 22.99% gc time)
300
  3.942756 seconds (1.04 M allocations: 688.468 MiB, 22.94% gc time)
501
  4.000571 seconds (1.03 M allocations: 684.743 MiB, 22.61% gc time)
148
  3.937912 seconds (1.01 M allocations: 663.187 MiB, 22.96% gc time)
898
  3.945081 seconds (1.02 M allocations: 666.956 MiB, 22.92% gc time)
398
  3.032843 seconds (1.00 M allocations: 660.279 MiB)
  3.023457 seconds (879.28 k allocations: 607.572 MiB)
301
  3.026563 seconds (873.69 k allocations: 601.354 MiB)
  3.035540 seconds (718.65 k allocations: 521.501 MiB)
149
  3.026452 seconds (693.68 k allocations: 493.814 MiB)
899
  3.027233 seconds (676.85 k allocations: 474.939 MiB)
399
  3.071154 seconds (639.55 k allocations: 433.459 MiB)
  3.512428 seconds (483.79 k allocations: 352.874 MiB, 13.85% gc time)
150
  3.501921 seconds (472.06 k allocations: 339.806 MiB, 13.89% gc time)
900
  3.500805 seconds (464.25 k allocations: 330.981 MiB, 13.89% gc time)
400
  3.014421 seconds (441.13 k allocations: 305.417 MiB)
151
  3.159517 seconds (439.64 k allocations: 303.889 MiB, 4.62% gc time)
901
  3.158506 seconds (441.06 k allocations: 305.341 MiB, 4.62% gc time)
401
  3.100544 seconds (441.56 k allocations: 305.891 MiB, 2.50% gc time)
  3.078314 seconds (296.03 k allocations: 236.764 MiB, 2.52% gc time)
  3.053960 seconds (145.06 k allocations: 161.440 MiB, 2.54% gc time)
