Graph 1 is connected.
Graph 2 is connected.
Graph 3 is connected.
Graph 4 is connected.
Graph 5 is connected.
Graph 6 is connected.
Graph 7 is connected.
Graph 8 is connected.
Graph 9 is connected.
Graph 10 is connected.
Graph 11 is connected.
Matrix 1 normalized.
Matrix 2 normalized.
Matrix 3 normalized.
Matrix 4 normalized.
Matrix 5 normalized.
Matrix 6 normalized.
Matrix 7 normalized.
Matrix 8 normalized.
Matrix 9 normalized.
Matrix 10 normalized.
Matrix 11 normalized.
Number of threads: 16
1
692
505
253
442
878
190
316
127
64
379
630
568
754
816
940
  4.872692 seconds (595.78 k allocations: 578.032 MiB, 6.99% gc time)
  4.890069 seconds (682.58 k allocations: 615.352 MiB, 6.97% gc time)
254
693
  7.970190 seconds (960.27 k allocations: 954.556 MiB, 4.28% gc time, 0.27% compilation time)
128
  8.498175 seconds (1.26 M allocations: 1.093 GiB, 4.01% gc time, 0.25% compilation time)
65
 10.047568 seconds (1.58 M allocations: 1.238 GiB, 16.15% gc time, 0.21% compilation time)
879
 10.055766 seconds (1.45 M allocations: 1.187 GiB, 16.14% gc time, 0.21% compilation time)
443
 10.152106 seconds (1.59 M allocations: 1.251 GiB, 15.99% gc time, 0.21% compilation time)
191
 10.282280 seconds (1.80 M allocations: 1.348 GiB, 15.78% gc time, 0.21% compilation time)
755
 10.395925 seconds (1.91 M allocations: 1.403 GiB, 15.61% gc time, 0.20% compilation time)
569
 10.843242 seconds (2.20 M allocations: 1.555 GiB, 14.97% gc time, 0.20% compilation time)
631
 10.928303 seconds (2.24 M allocations: 1.575 GiB, 14.85% gc time, 0.19% compilation time)
2
 11.254789 seconds (2.80 M allocations: 1.824 GiB, 14.42% gc time, 0.19% compilation time)
506
 11.361756 seconds (2.94 M allocations: 1.890 GiB, 14.28% gc time, 0.19% compilation time)
317
 11.429975 seconds (2.71 M allocations: 1.807 GiB, 14.20% gc time, 0.19% compilation time)
941
 11.592538 seconds (2.90 M allocations: 1.894 GiB, 14.00% gc time, 0.18% compilation time)
817
 12.285219 seconds (3.13 M allocations: 2.042 GiB, 13.21% gc time, 0.17% compilation time)
380
 12.559943 seconds (2.35 M allocations: 1.511 GiB, 38.96% gc time)
66
 11.999505 seconds (1.76 M allocations: 1.225 GiB, 40.78% gc time)
570
 11.261235 seconds (1.14 M allocations: 939.174 MiB, 43.45% gc time)
318
 14.711068 seconds (3.06 M allocations: 1.862 GiB, 41.98% gc time)
255
 12.958763 seconds (2.64 M allocations: 1.658 GiB, 37.76% gc time)
 13.310959 seconds (3.07 M allocations: 1.862 GiB, 36.76% gc time)
880
129
 13.297438 seconds (2.75 M allocations: 1.727 GiB, 36.80% gc time)
192
 15.739886 seconds (3.72 M allocations: 2.207 GiB, 39.24% gc time)
694
 13.810952 seconds (3.23 M allocations: 1.961 GiB, 35.43% gc time)
444
 13.527426 seconds (2.57 M allocations: 1.664 GiB, 36.18% gc time)
3
 14.278097 seconds (3.17 M allocations: 1.966 GiB, 34.27% gc time)
756
 13.894098 seconds (2.59 M allocations: 1.702 GiB, 35.22% gc time)
942
 14.660201 seconds (3.00 M allocations: 1.922 GiB, 33.38% gc time)
507
 15.355462 seconds (3.45 M allocations: 2.158 GiB, 31.87% gc time)
632
 15.127747 seconds (3.08 M allocations: 1.993 GiB, 32.35% gc time)
818
 15.950731 seconds (3.17 M allocations: 2.087 GiB, 30.68% gc time)
381
  6.287209 seconds (1.47 M allocations: 1.050 GiB)
  9.751565 seconds (2.71 M allocations: 1.803 GiB)  7.742277 seconds (1.41 M allocations: 1.119 GiB)
  8.769703 seconds (2.66 M allocations: 1.716 GiB)
  6.853580 seconds (951.63 k allocations: 873.700 MiB)
  6.693040 seconds (773.50 k allocations: 768.295 MiB)
  5.874376 seconds (2.19 M allocations: 1.321 GiB)
  8.404790 seconds (1.82 M allocations: 1.340 GiB)
  8.596893 seconds (2.16 M allocations: 1.496 GiB)  8.460110 seconds (1.84 M allocations: 1.354 GiB)
  6.887308 seconds (1.11 M allocations: 954.751 MiB)

  9.681712 seconds (2.30 M allocations: 1.620 GiB)

  4.967942 seconds (515.54 k allocations: 574.073 MiB)
  7.717036 seconds (1.32 M allocations: 1.070 GiB)
  7.834993 seconds (2.03 M allocations: 1.391 GiB)
4
943130
757881
633


695193
67

571
819
445
319
508
256
  5.255704 seconds (750.66 k allocations: 693.989 MiB)
446
  6.750876 seconds (844.78 k allocations: 844.938 MiB)
820
  8.480286 seconds (1.18 M allocations: 1.086 GiB)
509
  8.622329 seconds (1.32 M allocations: 1.154 GiB)
5
  8.716146 seconds (1.52 M allocations: 1.241 GiB)
131
  8.716735 seconds (1.40 M allocations: 1.195 GiB)
194
  8.824812 seconds (1.55 M allocations: 1.261 GiB)
758
  8.832988 seconds (1.60 M allocations: 1.283 GiB)
  8.917411 seconds (1.66 M allocations: 1.314 GiB)
320
634
  9.070939 seconds (1.90 M allocations: 1.421 GiB)
68
  9.095449 seconds (1.90 M allocations: 1.424 GiB)
382
  9.141267 seconds (2.02 M allocations: 1.479 GiB)
696
  9.281150 seconds (2.33 M allocations: 1.611 GiB)
  9.289769 seconds (2.33 M allocations: 1.616 GiB)
257
572
  9.553024 seconds (2.65 M allocations: 1.763 GiB)
944
 10.695729 seconds (3.21 M allocations: 2.071 GiB)
882
 20.214388 seconds (1.57 M allocations: 1.128 GiB, 66.20% gc time)
195
 21.792152 seconds (2.37 M allocations: 1.563 GiB, 61.41% gc time)
 19.977324 seconds (1.11 M allocations: 944.325 MiB, 66.99% gc time)
 21.689388 seconds (2.34 M allocations: 1.544 GiB, 61.70% gc time)
 22.353592 seconds (2.81 M allocations: 1.787 GiB, 59.87% gc time)
 20.691360 seconds (1.11 M allocations: 994.453 MiB, 64.68% gc time)
 23.964886 seconds (3.11 M allocations: 2.026 GiB, 55.84% gc time)
510
 21.448047 seconds (1.65 M allocations: 1.244 GiB, 62.39% gc time)
383
447
 21.615426 seconds (1.85 M allocations: 1.339 GiB, 61.91% gc time)
821
 20.619389 seconds (1.50 M allocations: 1.125 GiB, 64.90% gc time)
69
321
132
759
6
 21.791971 seconds (2.47 M allocations: 1.605 GiB, 61.41% gc time)
635
 21.210341 seconds (2.29 M allocations: 1.493 GiB, 63.09% gc time)
945
 21.632956 seconds (2.62 M allocations: 1.658 GiB, 61.86% gc time)
573
 22.245670 seconds (2.86 M allocations: 1.800 GiB, 60.16% gc time)
258
 23.010847 seconds (3.20 M allocations: 1.993 GiB, 58.16% gc time)
697
 22.915080 seconds (3.00 M allocations: 1.906 GiB, 58.40% gc time)
883
  4.516012 seconds (1.46 M allocations: 943.987 MiB)
760
  6.196463 seconds (1.50 M allocations: 1.056 GiB)
196
  8.578750 seconds (2.10 M allocations: 1.470 GiB)
70
  8.775284 seconds (2.41 M allocations: 1.611 GiB)
511
  8.660397 seconds (2.03 M allocations: 1.445 GiB)
384
  8.781314 seconds (2.23 M allocations: 1.540 GiB)
448
  8.985799 seconds (2.63 M allocations: 1.716 GiB)
133
  8.671297 seconds (2.23 M allocations: 1.530 GiB)
946
  4.520776 seconds (1.36 M allocations: 900.037 MiB)
761
  9.409594 seconds (2.60 M allocations: 1.734 GiB)
574
 10.170890 seconds (3.32 M allocations: 2.085 GiB)
822
 10.304482 seconds (3.37 M allocations: 2.118 GiB)
7
 10.123799 seconds (3.09 M allocations: 1.989 GiB)
636
  9.831950 seconds (2.91 M allocations: 1.894 GiB)
698
  8.749104 seconds (2.68 M allocations: 1.724 GiB)
884
 13.447766 seconds (4.26 M allocations: 2.707 GiB)
322
 13.016502 seconds (3.78 M allocations: 2.479 GiB)
259
  8.468447 seconds (2.90 M allocations: 1.798 GiB)
197
  5.373280 seconds (1.23 M allocations: 910.316 MiB)
637
  8.746216 seconds (2.96 M allocations: 1.843 GiB)
71
  8.716700 seconds (2.78 M allocations: 1.767 GiB)
512
  8.735228 seconds (2.77 M allocations: 1.763 GiB)
385
  8.733401 seconds (2.75 M allocations: 1.754 GiB)
449
  8.626278 seconds (2.64 M allocations: 1.702 GiB)
947
  8.672350 seconds (2.68 M allocations: 1.722 GiB)
134
  8.808357 seconds (2.90 M allocations: 1.822 GiB)
762
 14.869587 seconds (3.13 M allocations: 1.946 GiB, 37.97% gc time)
575
 14.543458 seconds (2.83 M allocations: 1.800 GiB, 38.82% gc time)
8
 14.950634 seconds (3.16 M allocations: 1.966 GiB, 37.76% gc time)
823
 11.832041 seconds (2.27 M allocations: 1.380 GiB, 47.72% gc time)
260
 14.470110 seconds (2.84 M allocations: 1.800 GiB, 39.02% gc time)
885
 12.683762 seconds (2.64 M allocations: 1.592 GiB, 44.51% gc time)
323
 10.114588 seconds (1.91 M allocations: 1.111 GiB, 55.82% gc time)
72
 13.045692 seconds (2.68 M allocations: 1.639 GiB, 43.28% gc time)
638
 18.220443 seconds (3.89 M allocations: 2.506 GiB, 30.99% gc time)
699
 15.480322 seconds (3.34 M allocations: 2.090 GiB, 36.47% gc time)
198
  4.967379 seconds (1.07 M allocations: 821.926 MiB)
324
 14.609236 seconds (2.74 M allocations: 1.777 GiB, 38.65% gc time)
450
 14.714889 seconds (2.73 M allocations: 1.781 GiB, 38.37% gc time)
386
  6.805864 seconds (1.85 M allocations: 1.254 GiB)
261
 15.068494 seconds (2.96 M allocations: 1.902 GiB, 37.47% gc time)
948
 15.566068 seconds (3.41 M allocations: 2.120 GiB, 36.27% gc time)
513
  9.710909 seconds (3.19 M allocations: 2.018 GiB)
763
  8.806527 seconds (2.91 M allocations: 1.836 GiB)
576
  9.284755 seconds (3.01 M allocations: 1.910 GiB)
824
 10.205947 seconds (3.34 M allocations: 2.115 GiB)
9
 18.491304 seconds (4.11 M allocations: 2.618 GiB, 30.53% gc time)
135
  8.843968 seconds (2.74 M allocations: 1.764 GiB)
73
  4.505535 seconds (1.75 M allocations: 1.041 GiB)
451
  8.493397 seconds (2.91 M allocations: 1.809 GiB)
639
 11.978187 seconds (3.75 M allocations: 2.403 GiB)
886
  4.518526 seconds (1.45 M allocations: 938.279 MiB)
764
  9.562175 seconds (3.15 M allocations: 1.976 GiB)
199
  9.062278 seconds (3.01 M allocations: 1.882 GiB)
325
 10.177517 seconds (3.44 M allocations: 2.139 GiB)
700
  8.962527 seconds (3.09 M allocations: 1.904 GiB)
387
  8.854108 seconds (2.93 M allocations: 1.830 GiB)
949
  8.479614 seconds (2.63 M allocations: 1.682 GiB)
577
  4.712108 seconds (1.57 M allocations: 1000.782 MiB)
640
  9.836098 seconds (3.50 M allocations: 2.139 GiB)
262
  9.684184 seconds (3.43 M allocations: 2.096 GiB)
514
  4.672619 seconds (1.59 M allocations: 1008.527 MiB)
765
  9.047215 seconds (3.23 M allocations: 1.968 GiB)
825
  9.903053 seconds (3.32 M allocations: 2.063 GiB)
10
  8.743633 seconds (3.03 M allocations: 1.864 GiB)
74
  9.163781 seconds (3.11 M allocations: 1.928 GiB)
452
  8.492551 seconds (2.87 M allocations: 1.785 GiB)
887
 11.095275 seconds (3.69 M allocations: 2.307 GiB)
136
 11.619127 seconds (1.21 M allocations: 878.465 MiB, 56.31% gc time)
826
 15.365462 seconds (2.86 M allocations: 1.803 GiB, 42.58% gc time)
200
 13.628128 seconds (2.28 M allocations: 1.444 GiB, 48.01% gc time)
578
 13.672773 seconds (2.23 M allocations: 1.425 GiB, 47.86% gc time)
263
 15.959809 seconds (3.18 M allocations: 1.980 GiB, 41.00% gc time)
701
 15.326851 seconds (3.21 M allocations: 1.944 GiB, 42.69% gc time)
388
 15.337973 seconds (3.21 M allocations: 1.944 GiB, 42.66% gc time)
950
 15.336468 seconds (2.67 M allocations: 1.720 GiB, 42.66% gc time)
766
 17.168640 seconds (3.28 M allocations: 2.105 GiB, 38.11% gc time)
641
  4.524843 seconds (1.14 M allocations: 806.915 MiB) 20.676805 seconds (4.35 M allocations: 2.792 GiB, 31.65% gc time) 15.178382 seconds (2.24 M allocations: 1.531 GiB, 43.11% gc time)


 17.651333 seconds (3.08 M allocations: 2.055 GiB, 37.07% gc time)
579
326
453
 12.201640 seconds (1.66 M allocations: 1.081 GiB, 53.63% gc time)
515
 15.236241 seconds (2.39 M allocations: 1.597 GiB, 42.95% gc time)
 15.258055 seconds (2.49 M allocations: 1.640 GiB, 42.88% gc time)
137
75
11
  7.812578 seconds (2.83 M allocations: 1.714 GiB)
827
 17.400377 seconds (3.55 M allocations: 2.223 GiB, 37.60% gc time)
888
  5.644746 seconds (1.88 M allocations: 1.172 GiB)
767
  8.626093 seconds (3.09 M allocations: 1.880 GiB)
201
  8.447225 seconds (2.76 M allocations: 1.734 GiB)
389
  9.475030 seconds (3.16 M allocations: 1.971 GiB)
702
  4.512869 seconds (1.51 M allocations: 962.211 MiB)
580
  8.975406 seconds (3.00 M allocations: 1.871 GiB)
951
 10.284978 seconds (3.63 M allocations: 2.219 GiB)
264
  4.618321 seconds (1.29 M allocations: 878.798 MiB)
768
  8.678282 seconds (2.35 M allocations: 1.585 GiB)
12
  8.852471 seconds (2.52 M allocations: 1.667 GiB)
454
  8.879924 seconds (2.50 M allocations: 1.661 GiB)
76
  9.931357 seconds (2.79 M allocations: 1.855 GiB)
516
 10.716683 seconds (3.21 M allocations: 2.080 GiB)
642
  6.105788 seconds (1.57 M allocations: 1.080 GiB)
581
 13.557417 seconds (1.99 M allocations: 1.288 GiB, 50.99% gc time)
703
 16.574931 seconds (3.07 M allocations: 1.952 GiB, 41.71% gc time)
828
 18.475849 seconds (3.70 M allocations: 2.345 GiB, 37.42% gc time)
 15.620415 seconds (2.79 M allocations: 1.767 GiB, 44.26% gc time)
327
202
 18.592350 seconds (3.89 M allocations: 2.429 GiB, 37.18% gc time)
138
 11.468226 seconds (1.92 M allocations: 1.111 GiB, 60.28% gc time)
769
 15.602828 seconds (3.19 M allocations: 1.930 GiB, 44.31% gc time)
390
 17.587078 seconds (3.86 M allocations: 2.343 GiB, 39.31% gc time)
889
 16.386505 seconds (3.14 M allocations: 1.964 GiB, 42.19% gc time)
952
  4.525894 seconds (1.21 M allocations: 837.644 MiB)
328
  5.212893 seconds (1.09 M allocations: 838.276 MiB)
770
 15.629627 seconds (2.89 M allocations: 1.808 GiB, 44.23% gc time)
13
 16.264363 seconds (3.00 M allocations: 1.898 GiB, 42.51% gc time)
77
 20.504009 seconds (4.11 M allocations: 2.658 GiB, 33.72% gc time)
265
 15.655701 seconds (2.97 M allocations: 1.846 GiB, 44.16% gc time)
517
  8.187086 seconds (2.61 M allocations: 1.658 GiB)
829
  8.882778 seconds (3.11 M allocations: 1.912 GiB)
643
  9.045370 seconds (3.22 M allocations: 1.968 GiB)
582
  8.713311 seconds (2.76 M allocations: 1.757 GiB)
203
  8.551615 seconds (2.65 M allocations: 1.701 GiB)
139
  9.598897 seconds (3.47 M allocations: 2.113 GiB)
704
  8.759934 seconds (2.81 M allocations: 1.781 GiB)
391
 19.917184 seconds (4.76 M allocations: 2.887 GiB, 34.71% gc time)
455
  4.940345 seconds (2.01 M allocations: 1.183 GiB)
771
  8.680624 seconds (2.90 M allocations: 1.818 GiB)
953
 11.312019 seconds (3.48 M allocations: 2.247 GiB)
890
  5.062022 seconds (1.21 M allocations: 883.672 MiB)
705
  8.733075 seconds (2.97 M allocations: 1.851 GiB)
14
  8.696815 seconds (2.94 M allocations: 1.837 GiB)
78
  8.662088 seconds (2.83 M allocations: 1.788 GiB)
266
  8.684003 seconds (2.84 M allocations: 1.793 GiB)
518
  8.676848 seconds (2.92 M allocations: 1.826 GiB)
830
  8.663499 seconds (2.91 M allocations: 1.819 GiB)
644
  8.660373 seconds (2.71 M allocations: 1.738 GiB)
204
  8.701325 seconds (2.73 M allocations: 1.751 GiB)
140
  6.678292 seconds (2.16 M allocations: 1.364 GiB)
772
 16.754657 seconds (4.96 M allocations: 3.038 GiB, 17.05% gc time)
329
 11.583854 seconds (2.86 M allocations: 1.802 GiB, 24.66% gc time)
392
 11.038541 seconds (2.87 M allocations: 1.765 GiB, 25.88% gc time)
456
 11.560263 seconds (2.79 M allocations: 1.767 GiB, 24.71% gc time)
954
  9.511955 seconds (2.44 M allocations: 1.478 GiB, 30.03% gc time)
706
 15.775683 seconds (4.36 M allocations: 2.716 GiB, 18.11% gc time)
583
 11.612454 seconds (2.79 M allocations: 1.769 GiB, 24.60% gc time)
15
 13.512160 seconds (3.29 M allocations: 2.110 GiB, 21.14% gc time)
891
 11.665540 seconds (2.93 M allocations: 1.829 GiB, 24.49% gc time)
79
 11.666968 seconds (2.80 M allocations: 1.776 GiB, 24.49% gc time)
 11.596282 seconds (2.76 M allocations: 1.755 GiB, 24.64% gc time)
267
519
 11.673563 seconds (2.91 M allocations: 1.819 GiB, 24.47% gc time)
831
 11.625129 seconds (2.88 M allocations: 1.804 GiB, 24.57% gc time)
645
  4.591440 seconds (1.47 M allocations: 951.261 MiB)
707
  4.488465 seconds (1.54 M allocations: 975.540 MiB)
584
 11.898686 seconds (3.09 M allocations: 1.908 GiB, 24.01% gc time)
141
  8.717612 seconds (2.87 M allocations: 1.799 GiB)
330
  8.995522 seconds (2.95 M allocations: 1.851 GiB)
393
 10.256211 seconds (3.49 M allocations: 2.161 GiB)
773
 14.617733 seconds (3.98 M allocations: 2.466 GiB, 19.54% gc time)
205
  5.919606 seconds (2.23 M allocations: 1.336 GiB)
892
  9.648371 seconds (3.26 M allocations: 2.023 GiB)
955
  4.507833 seconds (1.54 M allocations: 976.803 MiB)
708
 12.762192 seconds (4.02 M allocations: 2.557 GiB)
457
  8.747341 seconds (2.66 M allocations: 1.715 GiB)
  8.753323 seconds (2.66 M allocations: 1.716 GiB)
520
268
  8.421126 seconds (2.56 M allocations: 1.648 GiB)
646
  8.654341 seconds (2.76 M allocations: 1.750 GiB)
832
  8.737377 seconds (2.52 M allocations: 1.655 GiB)
142
  6.223788 seconds (1.82 M allocations: 1.189 GiB)
206
 12.293914 seconds (4.25 M allocations: 2.618 GiB)
16
 11.414534 seconds (3.98 M allocations: 2.444 GiB)
  6.078855 seconds (1.86 M allocations: 1.196 GiB)
80
893
 11.032107 seconds (3.57 M allocations: 2.247 GiB)
585
 10.026699 seconds (3.22 M allocations: 2.033 GiB)
331
  5.469395 seconds (2.00 M allocations: 1.208 GiB)
458
 10.252725 seconds (3.48 M allocations: 2.155 GiB)
394
  7.676355 seconds (2.64 M allocations: 1.627 GiB)
709
 12.409687 seconds (1.65 M allocations: 1.073 GiB, 54.52% gc time)
207
 20.130782 seconds (4.07 M allocations: 2.617 GiB, 33.61% gc time)
774
 18.965865 seconds (3.68 M allocations: 2.376 GiB, 35.68% gc time)
956
 11.688422 seconds (1.19 M allocations: 860.866 MiB, 57.89% gc time)
332
 15.501297 seconds (3.01 M allocations: 1.856 GiB, 43.65% gc time)
521
 15.494921 seconds (2.95 M allocations: 1.831 GiB, 43.67% gc time)
647
 15.494626 seconds (2.95 M allocations: 1.831 GiB, 43.67% gc time)
833
 16.919106 seconds (3.61 M allocations: 2.203 GiB, 39.99% gc time)
269
 15.498453 seconds (3.16 M allocations: 1.917 GiB, 43.66% gc time)
143
 15.499678 seconds (2.79 M allocations: 1.768 GiB, 43.65% gc time)
81
 15.519122 seconds (2.81 M allocations: 1.777 GiB, 43.60% gc time)
894
 15.487237 seconds (2.85 M allocations: 1.790 GiB, 43.69% gc time)
586
  4.520974 seconds (1.91 M allocations: 1.104 GiB)
208
 15.508479 seconds (2.93 M allocations: 1.826 GiB, 43.63% gc time)
459
  8.707297 seconds (2.80 M allocations: 1.770 GiB)
  4.534328 seconds (1.88 M allocations: 1.096 GiB)
710
957
 18.449621 seconds (4.14 M allocations: 2.530 GiB, 36.67% gc time)
17
  7.961304 seconds (2.50 M allocations: 1.592 GiB)
333
  4.511438 seconds (1.05 M allocations: 771.850 MiB)
209
  8.731522 seconds (2.79 M allocations: 1.768 GiB)
522
  8.736153 seconds (2.68 M allocations: 1.721 GiB)
648
  8.751684 seconds (2.68 M allocations: 1.724 GiB)
834
  8.755198 seconds (2.80 M allocations: 1.773 GiB)
270
  8.737550 seconds (2.80 M allocations: 1.773 GiB)
144
  8.745201 seconds (2.68 M allocations: 1.726 GiB)
82
  8.743710 seconds (2.68 M allocations: 1.728 GiB)
895
  7.002708 seconds (2.08 M allocations: 1.358 GiB)
958
  6.251652 seconds (1.93 M allocations: 1.242 GiB)
18
  8.740714 seconds (3.00 M allocations: 1.861 GiB)
587
 16.954386 seconds (5.70 M allocations: 3.554 GiB)
395
  8.742402 seconds (3.00 M allocations: 1.861 GiB)
460
  8.735657 seconds (2.94 M allocations: 1.832 GiB)
711
 15.825817 seconds (5.69 M allocations: 3.469 GiB)
775
 10.033864 seconds (2.65 M allocations: 1.609 GiB, 27.54% gc time)
210
 10.968338 seconds (2.50 M allocations: 1.613 GiB, 25.19% gc time)
649
  7.631520 seconds (983.16 k allocations: 767.615 MiB, 36.21% gc time)
396
 12.406293 seconds (3.17 M allocations: 1.990 GiB, 22.27% gc time)
523
 10.954904 seconds (2.36 M allocations: 1.550 GiB, 25.22% gc time)
83
 14.196598 seconds (3.79 M allocations: 2.375 GiB, 19.46% gc time)
334
 11.464841 seconds (2.63 M allocations: 1.697 GiB, 24.10% gc time)
896
 11.005865 seconds (2.40 M allocations: 1.573 GiB, 25.11% gc time)
19
 12.530465 seconds (3.31 M allocations: 2.056 GiB, 22.05% gc time)
145
 14.249041 seconds (3.89 M allocations: 2.418 GiB, 19.39% gc time)
835
  5.058149 seconds (1.65 M allocations: 1.038 GiB)
211
 12.399658 seconds (3.23 M allocations: 2.014 GiB, 22.28% gc time)
959
 14.214714 seconds (4.16 M allocations: 2.528 GiB, 19.44% gc time)
271
 12.866776 seconds (3.32 M allocations: 2.081 GiB, 21.48% gc time)
 12.436073 seconds (3.03 M allocations: 1.934 GiB, 22.22% gc time)
588
461
  4.614685 seconds (1.88 M allocations: 1.101 GiB)
397
 10.984301 seconds (3.01 M allocations: 1.820 GiB, 25.16% gc time)
776
 14.026801 seconds (3.60 M allocations: 2.281 GiB, 19.70% gc time)
712
  5.253749 seconds (1.89 M allocations: 1.152 GiB)
20
  9.069707 seconds (3.16 M allocations: 1.946 GiB)
650
  4.737299 seconds (1.34 M allocations: 909.833 MiB)
272
  8.180474 seconds (3.01 M allocations: 1.820 GiB)
524
  9.095438 seconds (3.24 M allocations: 1.976 GiB)
84
  8.988199 seconds (3.04 M allocations: 1.887 GiB)
897
  6.358244 seconds (1.66 M allocations: 1.133 GiB)
398
  8.738437 seconds (2.84 M allocations: 1.787 GiB)
836
  8.708979 seconds (2.83 M allocations: 1.781 GiB)
212
  7.387967 seconds (2.25 M allocations: 1.450 GiB)
589
 10.907535 seconds (4.07 M allocations: 2.448 GiB)
335
 10.968917 seconds (3.83 M allocations: 2.355 GiB)
146
  7.238580 seconds (2.37 M allocations: 1.487 GiB)
713
  7.562950 seconds (2.40 M allocations: 1.522 GiB)
21
 10.831701 seconds (3.25 M allocations: 2.102 GiB)
462
  9.976213 seconds (3.11 M allocations: 1.985 GiB)
777
 13.004855 seconds (4.31 M allocations: 2.694 GiB)
960
  8.786408 seconds (2.80 M allocations: 1.774 GiB)
651
  8.735512 seconds (2.72 M allocations: 1.739 GiB)
525
 19.041712 seconds (2.47 M allocations: 1.593 GiB, 56.77% gc time)
399
 16.041211 seconds (1.37 M allocations: 955.252 MiB, 67.39% gc time)
714
 20.023377 seconds (2.89 M allocations: 1.839 GiB, 53.98% gc time)
898
 15.729933 seconds (1.43 M allocations: 957.495 MiB, 68.72% gc time)
22
 19.922015 seconds (2.88 M allocations: 1.830 GiB, 54.26% gc time)
837
 19.548438 seconds (2.67 M allocations: 1.721 GiB, 55.30% gc time)
 21.187635 seconds (3.53 M allocations: 2.189 GiB, 51.02% gc time)
590
85
 23.053290 seconds (4.06 M allocations: 2.541 GiB, 46.89% gc time)
273
 20.595366 seconds (3.43 M allocations: 2.108 GiB, 52.48% gc time)
213
 20.161984 seconds (3.27 M allocations: 2.010 GiB, 53.61% gc time)
336
 18.311656 seconds (2.40 M allocations: 1.524 GiB, 59.03% gc time)
961
 22.195704 seconds (3.61 M allocations: 2.295 GiB, 48.70% gc time)
147
 20.482597 seconds (2.97 M allocations: 1.910 GiB, 52.77% gc time)
463
 19.015620 seconds (2.61 M allocations: 1.659 GiB, 56.84% gc time)
526
 19.881816 seconds (2.91 M allocations: 1.843 GiB, 54.37% gc time)
652
  6.353854 seconds (2.02 M allocations: 1.284 GiB)
899
  5.595237 seconds (1.53 M allocations: 1.024 GiB)
214
  8.181438 seconds (2.94 M allocations: 1.796 GiB)
400
 23.314042 seconds (4.13 M allocations: 2.588 GiB, 46.36% gc time)
778
  8.208003 seconds (2.48 M allocations: 1.603 GiB)
838
  9.706702 seconds (3.41 M allocations: 2.097 GiB)
715
  9.264690 seconds (3.22 M allocations: 1.986 GiB)
23
  8.902963 seconds (2.87 M allocations: 1.814 GiB)
591
  8.882671 seconds (2.88 M allocations: 1.815 GiB)
274
  8.704215 seconds (2.79 M allocations: 1.768 GiB)
337
  4.802036 seconds (1.75 M allocations: 1.065 GiB)
900
  4.820161 seconds (1.72 M allocations: 1.051 GiB)
215
 12.917859 seconds (3.97 M allocations: 2.553 GiB)
86
  8.867677 seconds (2.96 M allocations: 1.848 GiB)
464
  8.162644 seconds (2.80 M allocations: 1.734 GiB)
527
  8.164923 seconds (2.47 M allocations: 1.601 GiB)
401
 11.520928 seconds (3.63 M allocations: 2.316 GiB)
  4.633735 seconds (1.03 M allocations: 771.496 MiB)
148
216
  8.588874 seconds (2.63 M allocations: 1.695 GiB)
779
 10.330770 seconds (3.24 M allocations: 2.073 GiB)
653
 12.842152 seconds (2.47 M allocations: 1.566 GiB, 39.99% gc time)
24
 13.455173 seconds (2.81 M allocations: 1.750 GiB, 38.17% gc time)
716
 13.894497 seconds (3.16 M allocations: 1.923 GiB, 36.96% gc time)
839
 19.282603 seconds (5.11 M allocations: 3.109 GiB, 26.63% gc time)
962
 14.129598 seconds (2.96 M allocations: 1.856 GiB, 36.35% gc time)
275
 13.989360 seconds (2.94 M allocations: 1.839 GiB, 36.71% gc time)
338
 11.361122 seconds (2.35 M allocations: 1.406 GiB, 45.20% gc time)
87
 15.731537 seconds (3.55 M allocations: 2.214 GiB, 32.65% gc time)
592
 14.045299 seconds (3.12 M allocations: 1.916 GiB, 36.56% gc time)
901
  4.513344 seconds (1.76 M allocations: 1.043 GiB)
780
 13.934449 seconds (3.00 M allocations: 1.859 GiB, 36.86% gc time)
465
 13.874146 seconds (2.96 M allocations: 1.838 GiB, 37.02% gc time)
528
  7.518645 seconds (2.23 M allocations: 1.450 GiB)
25
  8.605160 seconds (2.72 M allocations: 1.731 GiB)
217
  8.246784 seconds (2.45 M allocations: 1.595 GiB)
717
  8.951345 seconds (2.56 M allocations: 1.690 GiB)
840
  7.220423 seconds (2.03 M allocations: 1.351 GiB)
339
  5.509132 seconds (1.48 M allocations: 1.001 GiB)
781
  8.212518 seconds (2.48 M allocations: 1.606 GiB)
276
  9.101550 seconds (2.90 M allocations: 1.843 GiB)
963
 11.260307 seconds (3.97 M allocations: 2.436 GiB)
149
 18.398079 seconds (4.75 M allocations: 2.897 GiB, 27.91% gc time)
402
  8.818048 seconds (2.83 M allocations: 1.792 GiB)
88
  9.085578 seconds (2.87 M allocations: 1.831 GiB)
593
 13.078568 seconds (4.53 M allocations: 2.796 GiB)
654
  4.764057 seconds (1.85 M allocations: 1.102 GiB)
718
  8.199501 seconds (2.67 M allocations: 1.686 GiB)
529
 10.959293 seconds (3.55 M allocations: 2.248 GiB)
902
  4.843555 seconds (1.85 M allocations: 1.113 GiB)
340
  8.743551 seconds (2.93 M allocations: 1.836 GiB)
218
  4.127573 seconds (922.77 k allocations: 696.289 MiB)
719
  8.726255 seconds (2.82 M allocations: 1.793 GiB)
841
 16.362562 seconds (2.65 M allocations: 1.722 GiB, 46.57% gc time)
782
 16.365759 seconds (2.64 M allocations: 1.719 GiB, 46.56% gc time)
277
 16.337641 seconds (2.70 M allocations: 1.741 GiB, 46.64% gc time)
964
 21.097177 seconds (4.46 M allocations: 2.806 GiB, 36.12% gc time)
466
 12.107472 seconds (1.41 M allocations: 924.514 MiB, 62.94% gc time)
903
 15.895115 seconds (2.76 M allocations: 1.732 GiB, 47.94% gc time)
89
 20.390841 seconds (4.71 M allocations: 2.856 GiB, 37.37% gc time)
26
 16.360533 seconds (3.07 M allocations: 1.894 GiB, 46.58% gc time)
403
 16.459827 seconds (3.09 M allocations: 1.906 GiB, 46.30% gc time)
594
 16.774597 seconds (3.12 M allocations: 1.942 GiB, 45.43% gc time)
655
 13.056904 seconds (2.18 M allocations: 1.281 GiB, 58.36% gc time)
219
 20.543185 seconds (4.32 M allocations: 2.704 GiB, 37.10% gc time)
150
 18.238001 seconds (3.39 M allocations: 2.153 GiB, 41.78% gc time)
530
  4.515691 seconds (1.25 M allocations: 851.407 MiB)
27
 18.390965 seconds (3.41 M allocations: 2.167 GiB, 41.44% gc time)
341
  8.726507 seconds (2.65 M allocations: 1.706 GiB)
783
  4.524813 seconds (1.03 M allocations: 760.411 MiB)
220
  8.737346 seconds (2.63 M allocations: 1.695 GiB)
278
  9.386940 seconds (3.38 M allocations: 2.051 GiB)
720
  8.745964 seconds (2.65 M allocations: 1.707 GiB)
90
  8.743178 seconds (2.52 M allocations: 1.652 GiB)
404
 10.876784 seconds (3.80 M allocations: 2.330 GiB)
842
  4.616532 seconds (1.55 M allocations: 988.530 MiB)
28
 10.617980 seconds (3.43 M allocations: 2.159 GiB)
904
  8.760165 seconds (2.86 M allocations: 1.795 GiB)
595
  8.747282 seconds (2.92 M allocations: 1.818 GiB)
656
  4.429590 seconds (1.51 M allocations: 958.906 MiB)
221
 13.510623 seconds (4.38 M allocations: 2.757 GiB)
467
 13.653237 seconds (4.47 M allocations: 2.808 GiB)
965
  6.525140 seconds (1.21 M allocations: 821.796 MiB, 35.04% gc time)
29
 11.055261 seconds (2.94 M allocations: 1.836 GiB, 20.68% gc time)
342
 11.008829 seconds (2.75 M allocations: 1.757 GiB, 20.77% gc time)
784
 10.991185 seconds (2.64 M allocations: 1.712 GiB, 20.80% gc time)
279
 11.026144 seconds (2.77 M allocations: 1.764 GiB, 20.74% gc time)
721
 15.095416 seconds (4.30 M allocations: 2.682 GiB, 15.15% gc time)
151
  6.949460 seconds (1.37 M allocations: 918.899 MiB, 32.90% gc time)
966
 10.982648 seconds (2.87 M allocations: 1.803 GiB, 20.82% gc time)
405
 10.999290 seconds (2.89 M allocations: 1.815 GiB, 20.79% gc time)
843
 16.145083 seconds (4.82 M allocations: 2.970 GiB, 14.16% gc time)
531
 11.808180 seconds (3.44 M allocations: 2.100 GiB, 19.36% gc time)
91
 11.008685 seconds (2.90 M allocations: 1.821 GiB, 20.77% gc time)
905
 11.001248 seconds (2.94 M allocations: 1.835 GiB, 20.78% gc time)
657
  4.623821 seconds (1.43 M allocations: 941.297 MiB)
152
  4.526663 seconds (1.26 M allocations: 860.260 MiB)
406
  8.836624 seconds (2.68 M allocations: 1.732 GiB)
343
 16.019394 seconds (4.14 M allocations: 2.687 GiB, 14.27% gc time)
596
 14.431353 seconds (3.56 M allocations: 2.332 GiB, 15.84% gc time)
468
  8.698644 seconds (2.80 M allocations: 1.773 GiB)
785
  8.695719 seconds (2.78 M allocations: 1.763 GiB)
280
  8.697221 seconds (2.84 M allocations: 1.789 GiB)
722
 11.620083 seconds (3.91 M allocations: 2.435 GiB)
30
  8.944842 seconds (2.96 M allocations: 1.852 GiB)
967
 16.252396 seconds (4.52 M allocations: 2.856 GiB, 14.07% gc time)
222
  8.686662 seconds (2.92 M allocations: 1.818 GiB)
844
  8.677645 seconds (2.73 M allocations: 1.739 GiB)
  8.696084 seconds (2.75 M allocations: 1.748 GiB)
92
532
  4.636656 seconds (1.96 M allocations: 1.134 GiB)
  8.799935 seconds (2.80 M allocations: 1.779 GiB)
407
906
  8.441392 seconds (3.03 M allocations: 1.847 GiB)
658
  5.697172 seconds (2.34 M allocations: 1.369 GiB)
597
  9.517767 seconds (3.28 M allocations: 2.025 GiB)
153
  4.533297 seconds (929.20 k allocations: 720.730 MiB)
907
  8.848832 seconds (3.13 M allocations: 1.915 GiB)
344
 14.820201 seconds (1.31 M allocations: 962.644 MiB, 61.88% gc time)
408
 18.365614 seconds (3.13 M allocations: 1.937 GiB, 49.94% gc time)
469
 18.204241 seconds (2.93 M allocations: 1.845 GiB, 50.38% gc time)
723
 17.458603 seconds (2.63 M allocations: 1.668 GiB, 52.53% gc time)
968
 19.354523 seconds (3.50 M allocations: 2.159 GiB, 47.38% gc time)
786
 19.456286 seconds (3.50 M allocations: 2.169 GiB, 47.14% gc time)
281
 17.895028 seconds (2.41 M allocations: 1.609 GiB, 51.25% gc time)
93
 17.908898 seconds (2.42 M allocations: 1.613 GiB, 51.21% gc time)
533
 13.711191 seconds (1.63 M allocations: 1013.547 MiB, 66.89% gc time)
908
 17.908824 seconds (2.66 M allocations: 1.711 GiB, 51.21% gc time)
659
 22.175358 seconds (4.31 M allocations: 2.694 GiB, 41.36% gc time)
31
  5.381905 seconds (1.79 M allocations: 1.119 GiB)
409
 21.164804 seconds (3.94 M allocations: 2.471 GiB, 43.33% gc time)
845
 17.940248 seconds (2.93 M allocations: 1.823 GiB, 51.12% gc time)
154
 22.874806 seconds (4.60 M allocations: 2.861 GiB, 40.09% gc time)
223
 20.779746 seconds (3.63 M allocations: 2.314 GiB, 44.13% gc time)
598
  5.864360 seconds (1.96 M allocations: 1.220 GiB)
282
 18.803463 seconds (3.28 M allocations: 2.031 GiB, 48.77% gc time)
345
  8.835616 seconds (2.81 M allocations: 1.783 GiB)
969
  8.176697 seconds (2.62 M allocations: 1.661 GiB)
787
  5.772309 seconds (1.72 M allocations: 1.120 GiB)
410
  8.685639 seconds (2.67 M allocations: 1.718 GiB)
94
  9.047493 seconds (2.84 M allocations: 1.814 GiB)
534
 10.973025 seconds (3.69 M allocations: 2.299 GiB)
724
 11.257455 seconds (3.90 M allocations: 2.408 GiB)
470
  8.708582 seconds (2.94 M allocations: 1.831 GiB)
660
  4.190808 seconds (1.50 M allocations: 942.152 MiB)
346
  4.879745 seconds (1.86 M allocations: 1.117 GiB)
283
  8.711545 seconds (2.94 M allocations: 1.835 GiB)
846
  7.743700 seconds (2.68 M allocations: 1.660 GiB)
155
  8.439243 seconds (2.91 M allocations: 1.807 GiB)
224
 13.169163 seconds (4.35 M allocations: 2.734 GiB)
 10.953811 seconds (3.60 M allocations: 2.271 GiB)
909
32
  5.741771 seconds (2.09 M allocations: 1.274 GiB)
95
  5.571125 seconds (1.81 M allocations: 1.147 GiB)
471
 11.286261 seconds (3.76 M allocations: 2.363 GiB)
599
  6.530496 seconds (1.78 M allocations: 1.208 GiB)
347
  9.201744 seconds (3.23 M allocations: 1.998 GiB)
788
 10.236015 seconds (3.55 M allocations: 2.202 GiB)
970
  9.348487 seconds (3.37 M allocations: 2.060 GiB)
411
  8.989799 seconds (3.05 M allocations: 1.905 GiB)
535
 15.381351 seconds (3.20 M allocations: 1.994 GiB, 38.78% gc time)
725
 13.530446 seconds (2.44 M allocations: 1.549 GiB, 44.09% gc time)
847
 14.904135 seconds (2.88 M allocations: 1.828 GiB, 40.02% gc time)
284
 16.519158 seconds (3.53 M allocations: 2.211 GiB, 36.11% gc time)
661
 13.240034 seconds (2.44 M allocations: 1.524 GiB, 45.05% gc time)
33
 15.264863 seconds (3.04 M allocations: 1.920 GiB, 39.08% gc time)
156
 14.757993 seconds (3.01 M allocations: 1.868 GiB, 40.42% gc time)
225
 15.560423 seconds (3.03 M allocations: 1.934 GiB, 38.34% gc time)
910
 14.577169 seconds (2.79 M allocations: 1.761 GiB, 40.92% gc time)
472
 15.573184 seconds (3.16 M allocations: 1.987 GiB, 38.30% gc time)
96
  6.104563 seconds (1.99 M allocations: 1.252 GiB)
536
 15.191124 seconds (3.03 M allocations: 1.902 GiB, 39.27% gc time)
348
 15.509509 seconds (3.02 M allocations: 1.920 GiB, 38.46% gc time)
789
 15.145668 seconds (2.98 M allocations: 1.877 GiB, 39.39% gc time)
971
  8.943507 seconds (2.91 M allocations: 1.834 GiB)
412
 17.119740 seconds (3.70 M allocations: 2.317 GiB, 34.84% gc time)
600
  8.142021 seconds (2.53 M allocations: 1.623 GiB)
848
  9.094165 seconds (2.97 M allocations: 1.874 GiB)
726
  8.517989 seconds (2.91 M allocations: 1.805 GiB)
285
  8.186299 seconds (2.48 M allocations: 1.603 GiB)
226
  9.067561 seconds (3.02 M allocations: 1.890 GiB)
662
  8.930602 seconds (2.88 M allocations: 1.822 GiB)
157
  4.830726 seconds (1.86 M allocations: 1.110 GiB)
349
  9.483249 seconds (3.27 M allocations: 2.025 GiB)
34
  7.230610 seconds (2.51 M allocations: 1.551 GiB)
537
  8.937986 seconds (3.23 M allocations: 1.967 GiB)
911
  8.749167 seconds (3.08 M allocations: 1.892 GiB)
97
  9.950720 seconds (3.47 M allocations: 2.139 GiB)
473
  4.517034 seconds (1.11 M allocations: 796.822 MiB)
350
  8.594735 seconds (2.94 M allocations: 1.828 GiB)
790
  8.870281 seconds (3.09 M allocations: 1.906 GiB)
972
  7.769772 seconds (2.43 M allocations: 1.556 GiB)
286
  4.522609 seconds (1.42 M allocations: 925.872 MiB)
538
  8.829134 seconds (2.86 M allocations: 1.810 GiB)
727
  9.016552 seconds (3.04 M allocations: 1.897 GiB)
849
  8.458164 seconds (2.87 M allocations: 1.784 GiB)
227
 16.553260 seconds (2.52 M allocations: 1.656 GiB, 47.53% gc time)
35
 17.431538 seconds (3.08 M allocations: 1.950 GiB, 45.13% gc time)
663
 20.739490 seconds (4.45 M allocations: 2.747 GiB, 37.93% gc time)
413
 17.945864 seconds (3.30 M allocations: 2.077 GiB, 43.84% gc time)
158
 16.322780 seconds (2.77 M allocations: 1.739 GiB, 48.20% gc time)
912
 21.803989 seconds (4.74 M allocations: 2.944 GiB, 36.08% gc time)
601
 14.550728 seconds (2.04 M allocations: 1.314 GiB, 54.07% gc time)
287
 13.874060 seconds (1.74 M allocations: 1.143 GiB, 56.70% gc time)
539
 16.602765 seconds (2.82 M allocations: 1.779 GiB, 47.39% gc time)
791
 18.841375 seconds (3.57 M allocations: 2.251 GiB, 41.76% gc time)
98
 18.353621 seconds (3.46 M allocations: 2.170 GiB, 42.86% gc time)
474
 16.601842 seconds (2.92 M allocations: 1.824 GiB, 47.39% gc time)
973
  4.787851 seconds (1.67 M allocations: 1.030 GiB)
414
 17.819561 seconds (3.53 M allocations: 2.164 GiB, 44.15% gc time)
351
 16.770063 seconds (3.05 M allocations: 1.892 GiB, 46.91% gc time)
728
 16.608193 seconds (2.95 M allocations: 1.838 GiB, 47.37% gc time)
850
  6.821395 seconds (2.34 M allocations: 1.453 GiB)
159
 17.297410 seconds (3.27 M allocations: 2.022 GiB, 45.48% gc time)
228
  5.175376 seconds (1.90 M allocations: 1.155 GiB)
  7.498855 seconds (2.55 M allocations: 1.589 GiB)
540
913
  9.025555 seconds (3.33 M allocations: 2.019 GiB)
664
 10.419557 seconds (3.72 M allocations: 2.279 GiB)
36
  9.614011 seconds (3.17 M allocations: 1.994 GiB)
602
  5.226247 seconds (1.34 M allocations: 942.961 MiB)
160
  4.482697 seconds (1.07 M allocations: 773.810 MiB)
914
 10.937270 seconds (3.57 M allocations: 2.252 GiB)
288
  9.332642 seconds (2.92 M allocations: 1.867 GiB)
99
  9.176867 seconds (2.91 M allocations: 1.854 GiB)
475
  8.742691 seconds (2.62 M allocations: 1.702 GiB)
  8.894762 seconds (2.72 M allocations: 1.754 GiB)
352
415
 11.757391 seconds (4.06 M allocations: 2.511 GiB)
792
  8.761537 seconds (2.66 M allocations: 1.716 GiB)
229
 12.031162 seconds (3.94 M allocations: 2.478 GiB)
974
 11.493788 seconds (3.49 M allocations: 2.250 GiB)
729
  8.750789 seconds (2.65 M allocations: 1.710 GiB)
541
 12.235115 seconds (3.87 M allocations: 2.462 GiB)
851
  8.529162 seconds (2.77 M allocations: 1.744 GiB)
37
  5.868995 seconds (2.23 M allocations: 1.331 GiB)
915
  6.498314 seconds (2.47 M allocations: 1.475 GiB)
161
 12.102669 seconds (2.33 M allocations: 1.404 GiB, 47.74% gc time)
289
 12.046439 seconds (1.97 M allocations: 1.252 GiB, 47.96% gc time)
476
 17.826592 seconds (3.92 M allocations: 2.466 GiB, 32.41% gc time)
665
 14.189705 seconds (2.74 M allocations: 1.726 GiB, 40.72% gc time)
100
 16.772260 seconds (3.71 M allocations: 2.310 GiB, 34.45% gc time)
603
 15.159004 seconds (2.87 M allocations: 1.853 GiB, 38.11% gc time)
353
 11.698318 seconds (1.89 M allocations: 1.202 GiB, 49.39% gc time)
542
 15.555237 seconds (3.18 M allocations: 2.008 GiB, 37.14% gc time)
416
  4.970370 seconds (1.69 M allocations: 1.058 GiB)
916
 14.335605 seconds (3.10 M allocations: 1.893 GiB, 40.30% gc time)
793
 14.800312 seconds (3.11 M allocations: 1.932 GiB, 39.04% gc time)
975
 13.175423 seconds (2.50 M allocations: 1.565 GiB, 43.85% gc time)
38
 13.974667 seconds (2.88 M allocations: 1.779 GiB, 41.34% gc time)
852
 16.211930 seconds (3.77 M allocations: 2.303 GiB, 35.64% gc time)
230
 16.129545 seconds (3.53 M allocations: 2.203 GiB, 35.82% gc time)
730
  8.281982 seconds (2.60 M allocations: 1.673 GiB)
  8.234738 seconds (2.37 M allocations: 1.575 GiB)
  5.759366 seconds (1.60 M allocations: 1.079 GiB)
  4.406154 seconds (1.28 M allocations: 869.857 MiB)
666
417
290
543
  8.230115 seconds (2.77 M allocations: 1.739 GiB)
604
  8.947808 seconds (2.98 M allocations: 1.878 GiB)
 10.463426 seconds (3.51 M allocations: 2.207 GiB)
101
477
 12.097579 seconds (4.18 M allocations: 2.599 GiB)
162
  7.672619 seconds (2.57 M allocations: 1.615 GiB)
917
  6.622318 seconds (2.31 M allocations: 1.426 GiB)
39
  8.979501 seconds (2.97 M allocations: 1.874 GiB)
794
 10.325040 seconds (3.64 M allocations: 2.245 GiB)
354
  8.054112 seconds (2.85 M allocations: 1.756 GiB)
976
  7.809433 seconds (2.76 M allocations: 1.700 GiB)
853
  9.220547 seconds (2.99 M allocations: 1.894 GiB)
231
  6.872984 seconds (2.20 M allocations: 1.395 GiB)
418
  4.517816 seconds (1.18 M allocations: 829.424 MiB)
40
  8.166830 seconds (2.76 M allocations: 1.717 GiB)
731
  8.512464 seconds (2.81 M allocations: 1.761 GiB)
667
  8.983713 seconds (2.96 M allocations: 1.854 GiB)
291
  9.500182 seconds (3.42 M allocations: 2.082 GiB)
544
  8.688690 seconds (2.75 M allocations: 1.750 GiB)
478
  8.686099 seconds (2.75 M allocations: 1.747 GiB)
163
  9.898350 seconds (3.45 M allocations: 2.122 GiB)
605
  7.768875 seconds (2.56 M allocations: 1.599 GiB)
795
  5.290229 seconds (1.89 M allocations: 1.148 GiB)
232
  8.144776 seconds (2.46 M allocations: 1.586 GiB)
854
  8.868138 seconds (2.82 M allocations: 1.786 GiB)
355
  5.974049 seconds (2.17 M allocations: 1.310 GiB)
419
 18.423963 seconds (3.95 M allocations: 2.479 GiB, 34.37% gc time)
918
 19.336372 seconds (4.28 M allocations: 2.681 GiB, 32.75% gc time)
102
 18.532019 seconds (3.59 M allocations: 2.335 GiB, 34.17% gc time)
977
 10.971381 seconds (1.16 M allocations: 822.234 MiB, 57.72% gc time)
855
 14.856338 seconds (2.77 M allocations: 1.740 GiB, 42.62% gc time)
668
 15.496379 seconds (3.04 M allocations: 1.899 GiB, 40.86% gc time)
732
 16.462326 seconds (3.39 M allocations: 2.108 GiB, 38.47% gc time)
41
  4.524719 seconds (1.23 M allocations: 843.692 MiB)
919
 15.922065 seconds (3.15 M allocations: 1.970 GiB, 39.77% gc time)
292
 15.126378 seconds (2.81 M allocations: 1.778 GiB, 41.86% gc time)
479
 15.115151 seconds (2.97 M allocations: 1.843 GiB, 41.89% gc time)
 15.904681 seconds (3.30 M allocations: 2.033 GiB, 39.81% gc time)
164
545
 15.134645 seconds (3.20 M allocations: 1.941 GiB, 41.84% gc time)
606
 15.829329 seconds (3.28 M allocations: 2.020 GiB, 40.00% gc time)
796
  4.515341 seconds (1.82 M allocations: 1.067 GiB)
856
  8.738364 seconds (2.92 M allocations: 1.822 GiB)
420
  9.208778 seconds (2.84 M allocations: 1.821 GiB)
103
  8.541409 seconds (2.77 M allocations: 1.746 GiB)
978
  6.532425 seconds (1.35 M allocations: 1.018 GiB)
  8.766721 seconds (2.61 M allocations: 1.694 GiB)
607
669
  8.776548 seconds (2.67 M allocations: 1.720 GiB)
733
  8.832099 seconds (2.76 M allocations: 1.760 GiB)
42
  8.416014 seconds (2.22 M allocations: 1.507 GiB)
165
 22.024581 seconds (5.02 M allocations: 3.173 GiB, 28.75% gc time)
233
  8.815176 seconds (2.59 M allocations: 1.689 GiB)
480
  9.089664 seconds (2.93 M allocations: 1.848 GiB)
920
 21.844988 seconds (5.16 M allocations: 3.221 GiB, 28.99% gc time)
356
  9.616146 seconds (3.26 M allocations: 2.020 GiB)
293
  6.868023 seconds (2.44 M allocations: 1.486 GiB)
857
 10.994732 seconds (3.43 M allocations: 2.185 GiB)
546
 11.240680 seconds (2.80 M allocations: 1.771 GiB, 21.47% gc time)
421
 12.913181 seconds (3.37 M allocations: 2.128 GiB, 18.69% gc time)
797
  8.604915 seconds (2.32 M allocations: 1.392 GiB, 28.04% gc time)
608
 11.830268 seconds (3.14 M allocations: 1.959 GiB, 20.40% gc time)
104
  6.741104 seconds (1.01 M allocations: 742.490 MiB, 35.80% gc time)
858
 11.234886 seconds (3.21 M allocations: 1.949 GiB, 21.48% gc time)
979
 11.097517 seconds (2.80 M allocations: 1.770 GiB, 21.74% gc time)
43
  4.529424 seconds (1.16 M allocations: 822.466 MiB)
798
 10.706803 seconds (2.50 M allocations: 1.622 GiB, 22.54% gc time)
481
 11.494994 seconds (2.84 M allocations: 1.819 GiB, 20.99% gc time)
234
 13.235117 seconds (3.72 M allocations: 2.303 GiB, 18.23% gc time)
670
 11.439573 seconds (2.82 M allocations: 1.804 GiB, 21.09% gc time)
921
 13.203535 seconds (3.71 M allocations: 2.295 GiB, 18.28% gc time)
734
 10.954109 seconds (2.61 M allocations: 1.687 GiB, 22.03% gc time)
294
 12.834300 seconds (3.38 M allocations: 2.138 GiB, 18.80% gc time)
357
 11.147836 seconds (2.94 M allocations: 1.840 GiB, 21.65% gc time)
547
  8.719621 seconds (2.94 M allocations: 1.840 GiB)
422
 14.592370 seconds (4.26 M allocations: 2.626 GiB, 16.54% gc time)
166
  8.571372 seconds (2.92 M allocations: 1.818 GiB)
609
  8.529957 seconds (2.81 M allocations: 1.767 GiB)
105
  6.463233 seconds (2.21 M allocations: 1.372 GiB)
799
  9.064875 seconds (2.96 M allocations: 1.867 GiB)
980
  8.864759 seconds (2.95 M allocations: 1.848 GiB)
44
  8.420046 seconds (2.77 M allocations: 1.741 GiB)
482
 11.698869 seconds (3.79 M allocations: 2.393 GiB)
859
  6.512413 seconds (2.03 M allocations: 1.299 GiB)
358
  8.492189 seconds (2.51 M allocations: 1.639 GiB)
735
  9.468892 seconds (3.27 M allocations: 2.022 GiB)
235
  9.319109 seconds (2.95 M allocations: 1.880 GiB)
671
  7.365120 seconds (2.37 M allocations: 1.500 GiB)
  9.308156 seconds (2.85 M allocations: 1.839 GiB)
548
295
  4.809858 seconds (1.85 M allocations: 1.102 GiB)
800
 15.393643 seconds (3.61 M allocations: 2.255 GiB, 29.71% gc time)
922
 13.380459 seconds (2.94 M allocations: 1.838 GiB, 34.18% gc time)
423
 14.243235 seconds (3.16 M allocations: 1.989 GiB, 32.11% gc time)
167
 13.268949 seconds (3.06 M allocations: 1.878 GiB, 34.47% gc time)
610
 13.252146 seconds (3.06 M allocations: 1.876 GiB, 34.51% gc time)
106
 13.261217 seconds (2.93 M allocations: 1.824 GiB, 34.49% gc time)
981
  9.553738 seconds (1.36 M allocations: 937.147 MiB, 47.87% gc time)
296
 13.255116 seconds (3.07 M allocations: 1.881 GiB, 34.51% gc time)
45
 13.280349 seconds (3.07 M allocations: 1.884 GiB, 34.44% gc time)
483
 13.293467 seconds (3.07 M allocations: 1.886 GiB, 34.41% gc time)
860
  4.585211 seconds (1.43 M allocations: 938.902 MiB)
168
 13.270732 seconds (2.99 M allocations: 1.852 GiB, 34.46% gc time)
736
 13.287386 seconds (2.83 M allocations: 1.787 GiB, 34.42% gc time)
672
  6.969376 seconds (2.27 M allocations: 1.435 GiB)
923
  8.965166 seconds (2.83 M allocations: 1.808 GiB)
801
  8.132058 seconds (2.61 M allocations: 1.656 GiB)
424
 15.039482 seconds (3.37 M allocations: 2.134 GiB, 30.41% gc time)
236
 16.864027 seconds (4.39 M allocations: 2.682 GiB, 27.12% gc time)
359
  8.577447 seconds (2.79 M allocations: 1.759 GiB)
611
 17.579471 seconds (4.06 M allocations: 2.596 GiB, 26.02% gc time)
549
  9.134017 seconds (2.96 M allocations: 1.867 GiB)
107
  8.498108 seconds (2.77 M allocations: 1.746 GiB)
297
  9.091318 seconds (3.00 M allocations: 1.882 GiB)
982
  8.210373 seconds (2.88 M allocations: 1.772 GiB)
46
  4.472035 seconds (1.47 M allocations: 944.473 MiB)
425
  9.058579 seconds (3.11 M allocations: 1.928 GiB)
484
  8.783924 seconds (2.82 M allocations: 1.789 GiB)
737
  8.281266 seconds (2.65 M allocations: 1.684 GiB)
673
  9.560635 seconds (3.16 M allocations: 1.984 GiB)
169
  4.135540 seconds (1.38 M allocations: 889.887 MiB)
298
  9.387851 seconds (3.09 M allocations: 1.943 GiB)
924
  6.848569 seconds (2.35 M allocations: 1.460 GiB)
360
  8.753819 seconds (2.94 M allocations: 1.841 GiB)
237
 13.936593 seconds (4.57 M allocations: 2.881 GiB)
861
  5.701440 seconds (1.68 M allocations: 1.106 GiB)
485
  9.675949 seconds (3.04 M allocations: 1.953 GiB)
550
  8.550035 seconds (2.59 M allocations: 1.689 GiB)
983
  8.099814 seconds (2.41 M allocations: 1.579 GiB)
47
  9.708742 seconds (3.17 M allocations: 2.009 GiB)
108
  4.963156 seconds (1.48 M allocations: 992.599 MiB)
361
 13.475589 seconds (4.71 M allocations: 2.913 GiB)
802
 11.482562 seconds (4.15 M allocations: 2.543 GiB)
612
  5.533459 seconds (1.81 M allocations: 1.152 GiB)
238
 10.189004 seconds (3.39 M allocations: 2.140 GiB)
426
 22.630192 seconds (3.28 M allocations: 2.038 GiB, 58.07% gc time)
738
 21.939107 seconds (3.03 M allocations: 1.887 GiB, 59.90% gc time)
170
 22.712270 seconds (3.36 M allocations: 2.076 GiB, 57.86% gc time)
674
 17.518757 seconds (1.65 M allocations: 1016.677 MiB, 75.01% gc time)
984
 23.443502 seconds (3.41 M allocations: 2.147 GiB, 56.05% gc time)
299
 23.992140 seconds (3.49 M allocations: 2.219 GiB, 54.77% gc time)
925
  4.479035 seconds (976.69 k allocations: 736.005 MiB)
171
  5.991449 seconds (1.49 M allocations: 1.038 GiB)
427
 21.839884 seconds (2.86 M allocations: 1.799 GiB, 60.17% gc time)
551
 23.608880 seconds (3.52 M allocations: 2.202 GiB, 55.66% gc time)
862
 21.854297 seconds (2.80 M allocations: 1.774 GiB, 60.13% gc time)
48
 21.847798 seconds (2.89 M allocations: 1.813 GiB, 60.15% gc time)
109
 21.853972 seconds (2.99 M allocations: 1.850 GiB, 60.13% gc time)
362
 21.868146 seconds (2.96 M allocations: 1.840 GiB, 60.09% gc time)
803
 21.875100 seconds (3.03 M allocations: 1.867 GiB, 60.07% gc time)
613
  8.717948 seconds (2.95 M allocations: 1.835 GiB)
239
  7.042625 seconds (2.35 M allocations: 1.467 GiB)
985
  4.753482 seconds (1.81 M allocations: 1.079 GiB)
172
 27.365634 seconds (5.06 M allocations: 3.099 GiB, 48.02% gc time)
486
 10.973012 seconds (3.30 M allocations: 2.135 GiB)
675
  9.554932 seconds (2.94 M allocations: 1.886 GiB)
300
  9.878343 seconds (3.05 M allocations: 1.955 GiB)
926
 13.077114 seconds (4.14 M allocations: 2.630 GiB)
  4.537231 seconds (1.14 M allocations: 807.854 MiB)
739
986
  8.526842 seconds (2.51 M allocations: 1.636 GiB)
110
  8.909344 seconds (2.76 M allocations: 1.767 GiB)
863
  8.533361 seconds (2.37 M allocations: 1.581 GiB)
  8.902475 seconds (2.62 M allocations: 1.708 GiB)
614
363
  8.921064 seconds (2.63 M allocations: 1.715 GiB)
804
  5.481266 seconds (1.96 M allocations: 1.197 GiB)
173
 17.273871 seconds (3.75 M allocations: 2.294 GiB, 38.68% gc time)
552
 17.465042 seconds (3.80 M allocations: 2.327 GiB, 38.26% gc time)
428
 17.661680 seconds (3.88 M allocations: 2.374 GiB, 37.83% gc time)
49
 11.215706 seconds (1.75 M allocations: 1.040 GiB, 59.58% gc time)
987
 17.386848 seconds (3.54 M allocations: 2.215 GiB, 38.43% gc time)
240
 15.293252 seconds (3.05 M allocations: 1.866 GiB, 43.69% gc time)
487
  4.623689 seconds (1.09 M allocations: 795.289 MiB)
553
 16.384433 seconds (3.17 M allocations: 1.992 GiB, 40.78% gc time)
301
 16.734598 seconds (3.34 M allocations: 2.090 GiB, 39.93% gc time)
676
  5.630629 seconds (1.38 M allocations: 994.567 MiB)
429
 15.545279 seconds (2.99 M allocations: 1.863 GiB, 42.98% gc time)
740
 15.305962 seconds (2.92 M allocations: 1.816 GiB, 43.66% gc time)
864
 15.238886 seconds (2.64 M allocations: 1.696 GiB, 43.85% gc time)
805
 15.498298 seconds (2.81 M allocations: 1.785 GiB, 43.11% gc time)
615
 15.706851 seconds (2.96 M allocations: 1.859 GiB, 42.54% gc time)
364
 18.879180 seconds (4.37 M allocations: 2.669 GiB, 35.39% gc time)
927
  6.251110 seconds (1.88 M allocations: 1.223 GiB)
488
  4.584426 seconds (1.83 M allocations: 1.084 GiB)
554
  9.930300 seconds (3.07 M allocations: 1.972 GiB)
50
  9.183546 seconds (2.85 M allocations: 1.832 GiB)
241
 10.587620 seconds (3.27 M allocations: 2.102 GiB)
988
 12.945505 seconds (4.10 M allocations: 2.612 GiB)
  6.816897 seconds (2.20 M allocations: 1.394 GiB)
174
677
 21.637087 seconds (5.23 M allocations: 3.217 GiB, 30.88% gc time)
111
  4.511798 seconds (1.28 M allocations: 865.445 MiB)
555
 12.913201 seconds (3.13 M allocations: 1.915 GiB, 31.89% gc time)
302
 12.882485 seconds (2.91 M allocations: 1.822 GiB, 31.96% gc time)
741
 11.284514 seconds (2.09 M allocations: 1.371 GiB, 36.49% gc time)
489
 12.822634 seconds (2.66 M allocations: 1.716 GiB, 32.11% gc time)
365
 13.190561 seconds (2.88 M allocations: 1.834 GiB, 31.22% gc time)
616
 13.902230 seconds (3.29 M allocations: 2.053 GiB, 29.62% gc time)
806
 14.859959 seconds (3.65 M allocations: 2.270 GiB, 27.71% gc time)
865
 12.838949 seconds (2.85 M allocations: 1.793 GiB, 32.07% gc time)
928
 16.225836 seconds (4.25 M allocations: 2.613 GiB, 25.38% gc time)
430
  8.924069 seconds (1.78 M allocations: 1.078 GiB, 46.14% gc time)
112
 12.827578 seconds (3.07 M allocations: 1.883 GiB, 32.10% gc time)
51
 12.794966 seconds (3.06 M allocations: 1.879 GiB, 32.18% gc time)
242
 12.800571 seconds (2.82 M allocations: 1.779 GiB, 32.17% gc time)
175
  8.849474 seconds (2.68 M allocations: 1.740 GiB)
556
  5.543970 seconds (1.43 M allocations: 1010.400 MiB)
866
  5.354534 seconds (1.23 M allocations: 912.939 MiB)
431
 15.615990 seconds (3.90 M allocations: 2.432 GiB, 26.37% gc time)
989
  7.560671 seconds (2.64 M allocations: 1.631 GiB)
490
  9.447095 seconds (3.15 M allocations: 1.979 GiB)
742
 16.614078 seconds (4.09 M allocations: 2.582 GiB, 24.78% gc time)
678
  8.424205 seconds (2.84 M allocations: 1.778 GiB)
  4.976886 seconds (1.49 M allocations: 1000.808 MiB)
366
243
 11.020834 seconds (3.93 M allocations: 2.411 GiB)
303
  9.494081 seconds (3.15 M allocations: 1.983 GiB)
807
 10.568806 seconds (3.68 M allocations: 2.277 GiB)
617
 10.401670 seconds (3.36 M allocations: 2.130 GiB)
929
  4.234009 seconds (1.41 M allocations: 908.676 MiB)
491
 10.203330 seconds (3.21 M allocations: 2.057 GiB)
113
  7.606869 seconds (2.83 M allocations: 1.714 GiB)
176
 10.224991 seconds (3.51 M allocations: 2.182 GiB)
52
  8.614097 seconds (3.04 M allocations: 1.872 GiB)
557
  8.272814 seconds (2.68 M allocations: 1.697 GiB)
990
  8.686399 seconds (2.99 M allocations: 1.858 GiB)
867
  8.696575 seconds (3.02 M allocations: 1.870 GiB)
432
  7.858670 seconds (2.52 M allocations: 1.597 GiB)
679
  8.384201 seconds (2.54 M allocations: 1.643 GiB)
367
  8.408238 seconds (2.51 M allocations: 1.635 GiB)
304
  5.987545 seconds (1.89 M allocations: 1.203 GiB)
492
 15.434088 seconds (3.63 M allocations: 2.221 GiB, 33.96% gc time)
743
 11.390366 seconds (1.99 M allocations: 1.256 GiB, 46.02% gc time)
177
 15.928266 seconds (3.49 M allocations: 2.200 GiB, 32.91% gc time)
244
 15.514123 seconds (3.36 M allocations: 2.114 GiB, 33.79% gc time)
808
 13.643345 seconds (2.46 M allocations: 1.608 GiB, 38.42% gc time)
53
 15.910502 seconds (3.54 M allocations: 2.214 GiB, 32.95% gc time)
618
 15.880668 seconds (3.27 M allocations: 2.101 GiB, 33.01% gc time)
114
  5.177809 seconds (1.48 M allocations: 1002.350 MiB)
493
 16.919434 seconds (3.68 M allocations: 2.347 GiB, 30.98% gc time)
930
  4.604409 seconds (1.30 M allocations: 883.632 MiB)
178
 14.190599 seconds (3.01 M allocations: 1.874 GiB, 36.94% gc time)
991
 14.885878 seconds (3.03 M allocations: 1.931 GiB, 35.21% gc time)
433
  8.306085 seconds (2.59 M allocations: 1.656 GiB)
305
 13.966871 seconds (2.84 M allocations: 1.789 GiB, 37.53% gc time)
368
 13.988126 seconds (2.85 M allocations: 1.796 GiB, 37.47% gc time)
680
 16.810940 seconds (4.12 M allocations: 2.517 GiB, 31.18% gc time)
558
  8.957406 seconds (2.91 M allocations: 1.836 GiB)
744
 17.578278 seconds (4.13 M allocations: 2.578 GiB, 29.82% gc time)
868
  8.727535 seconds (2.91 M allocations: 1.817 GiB)
245
  6.590534 seconds (2.36 M allocations: 1.441 GiB)
619
  4.568940 seconds (1.69 M allocations: 1.020 GiB)
992
  7.491718 seconds (2.31 M allocations: 1.481 GiB)
179
  9.844525 seconds (3.29 M allocations: 2.052 GiB)
54
 10.810980 seconds (3.63 M allocations: 2.263 GiB)
809
  8.762008 seconds (2.76 M allocations: 1.760 GiB)
931
  9.254156 seconds (3.20 M allocations: 1.972 GiB)
494
 10.557461 seconds (3.66 M allocations: 2.254 GiB)
115
  4.573934 seconds (1.34 M allocations: 893.640 MiB)
620
  8.445931 seconds (3.03 M allocations: 1.846 GiB)
434
  5.938446 seconds (1.89 M allocations: 1.196 GiB)
246
  8.877106 seconds (2.95 M allocations: 1.841 GiB)
369
  9.359724 seconds (3.34 M allocations: 2.035 GiB)
306
 10.286067 seconds (3.36 M allocations: 2.112 GiB)
681
  8.451934 seconds (2.80 M allocations: 1.753 GiB)
869
  8.436139 seconds (2.63 M allocations: 1.683 GiB)
993
 10.741786 seconds (3.52 M allocations: 2.213 GiB)
745
 11.973965 seconds (3.93 M allocations: 2.470 GiB)
559
  8.436265 seconds (2.77 M allocations: 1.745 GiB)
55
  7.752355 seconds (2.44 M allocations: 1.560 GiB)
495
 16.921070 seconds (2.74 M allocations: 1.743 GiB, 49.17% gc time)
932
 18.350392 seconds (3.36 M allocations: 2.100 GiB, 45.34% gc time)
180
 16.620013 seconds (2.69 M allocations: 1.702 GiB, 50.06% gc time)
116
 16.474377 seconds (2.63 M allocations: 1.666 GiB, 50.50% gc time)
621
 18.878973 seconds (3.62 M allocations: 2.242 GiB, 44.07% gc time)
810
 14.763459 seconds (2.04 M allocations: 1.302 GiB, 56.35% gc time)
870
 16.516607 seconds (2.74 M allocations: 1.713 GiB, 50.37% gc time)
370
 17.803343 seconds (3.19 M allocations: 1.992 GiB, 46.73% gc time)
435
 13.028293 seconds (1.84 M allocations: 1.091 GiB, 63.86% gc time)
560
 17.793129 seconds (3.15 M allocations: 1.974 GiB, 46.76% gc time)
307
 18.776616 seconds (3.56 M allocations: 2.216 GiB, 44.31% gc time)
247
  4.665770 seconds (1.70 M allocations: 1.030 GiB)
181
 18.888942 seconds (3.40 M allocations: 2.152 GiB, 44.04% gc time)
682
 18.533983 seconds (3.34 M allocations: 2.101 GiB, 44.89% gc time)
994
  7.141853 seconds (2.33 M allocations: 1.465 GiB)
933
 18.507156 seconds (3.36 M allocations: 2.109 GiB, 44.95% gc time)
746
 17.028585 seconds (3.13 M allocations: 1.907 GiB, 48.86% gc time)
56
  5.469674 seconds (1.65 M allocations: 1.070 GiB)
561
 19.625199 seconds (3.60 M allocations: 2.287 GiB, 42.39% gc time)
496
  8.853535 seconds (2.69 M allocations: 1.740 GiB)
811
  8.533224 seconds (2.51 M allocations: 1.642 GiB)
436
  9.050387 seconds (2.92 M allocations: 1.849 GiB)
871
  8.882821 seconds (2.77 M allocations: 1.773 GiB)
371
 10.884015 seconds (3.56 M allocations: 2.243 GiB)
117
  6.583101 seconds (2.31 M allocations: 1.422 GiB)
182
 12.095697 seconds (4.10 M allocations: 2.552 GiB)
622
  9.290728 seconds (3.00 M allocations: 1.902 GiB)
248
  9.751364 seconds (3.21 M allocations: 2.021 GiB)
308
  8.825446 seconds (2.95 M allocations: 1.848 GiB)
683
  8.497614 seconds (2.81 M allocations: 1.766 GiB)
995
  4.403003 seconds (1.52 M allocations: 962.859 MiB)
437
  4.455828 seconds (1.48 M allocations: 947.755 MiB)
372
  8.447938 seconds (2.81 M allocations: 1.759 GiB)
57
  9.540359 seconds (3.37 M allocations: 2.070 GiB)
934
  6.980493 seconds (2.62 M allocations: 1.577 GiB)
497
  9.617351 seconds (3.29 M allocations: 2.040 GiB)
562
  7.291009 seconds (2.43 M allocations: 1.515 GiB)
872
  8.444246 seconds (2.49 M allocations: 1.624 GiB)
183
 18.784125 seconds (4.23 M allocations: 2.675 GiB, 29.98% gc time)
747
 14.803587 seconds (2.89 M allocations: 1.836 GiB, 38.04% gc time)
118
 16.139094 seconds (3.79 M allocations: 2.303 GiB, 34.89% gc time)
812
 13.166943 seconds (2.53 M allocations: 1.572 GiB, 42.77% gc time)
309
 15.011165 seconds (3.13 M allocations: 1.947 GiB, 37.52% gc time)
623
 11.259720 seconds (1.66 M allocations: 1.082 GiB, 50.02% gc time)
498
 15.838927 seconds (3.26 M allocations: 2.061 GiB, 35.56% gc time)
249
 14.977528 seconds (2.99 M allocations: 1.888 GiB, 37.60% gc time)
684
 14.315243 seconds (2.40 M allocations: 1.602 GiB, 39.34% gc time)
935
 15.689774 seconds (3.16 M allocations: 2.011 GiB, 35.89% gc time)
438
 15.794660 seconds (3.23 M allocations: 2.049 GiB, 35.66% gc time)
996
 15.709787 seconds (3.20 M allocations: 2.030 GiB, 35.85% gc time)
58
  4.564069 seconds (1.46 M allocations: 947.572 MiB)
310
 15.826206 seconds (3.27 M allocations: 2.068 GiB, 35.58% gc time)
373
 14.773453 seconds (3.11 M allocations: 1.927 GiB, 38.12% gc time)
563
  4.513359 seconds (1.68 M allocations: 1.015 GiB)
499
  8.018296 seconds (2.76 M allocations: 1.708 GiB)
748
  8.511343 seconds (3.08 M allocations: 1.873 GiB)
184
 17.132563 seconds (3.76 M allocations: 2.363 GiB, 32.87% gc time)
873
  9.558900 seconds (3.22 M allocations: 2.006 GiB)
119
  8.792554 seconds (2.94 M allocations: 1.834 GiB)
624
  9.988644 seconds (3.42 M allocations: 2.119 GiB)
813
  5.720343 seconds (1.69 M allocations: 1.104 GiB)
311
  6.031130 seconds (1.85 M allocations: 1.190 GiB)
374
  8.214986 seconds (2.63 M allocations: 1.669 GiB)
439
  9.050790 seconds (3.14 M allocations: 1.940 GiB)
250
  9.903220 seconds (3.33 M allocations: 2.076 GiB)
936
 10.207080 seconds (3.22 M allocations: 2.049 GiB)
997
  5.988872 seconds (1.70 M allocations: 1.125 GiB)
120
  9.268291 seconds (2.85 M allocations: 1.833 GiB)
564
  8.459661 seconds (2.51 M allocations: 1.635 GiB)
185
 11.281999 seconds (3.42 M allocations: 2.210 GiB)
59
 12.863828 seconds (4.48 M allocations: 2.758 GiB)
685
  4.704207 seconds (1.56 M allocations: 999.177 MiB)
440
  7.772022 seconds (2.35 M allocations: 1.519 GiB)
814
  8.471298 seconds (2.72 M allocations: 1.720 GiB)
625
  7.655546 seconds (2.54 M allocations: 1.587 GiB)
312
 15.238697 seconds (3.36 M allocations: 2.086 GiB, 34.58% gc time)
874
 17.448645 seconds (4.22 M allocations: 2.600 GiB, 30.20% gc time)
500
 17.239482 seconds (4.02 M allocations: 2.500 GiB, 30.57% gc time)
749
  9.777033 seconds (1.94 M allocations: 1.116 GiB, 53.90% gc time)
121
 13.988788 seconds (2.93 M allocations: 1.821 GiB, 37.67% gc time)
251
 12.460900 seconds (2.37 M allocations: 1.484 GiB, 42.29% gc time)
565
 13.988177 seconds (2.96 M allocations: 1.836 GiB, 37.67% gc time)
937
 17.896317 seconds (4.01 M allocations: 2.542 GiB, 29.45% gc time)
375
 13.983677 seconds (2.76 M allocations: 1.752 GiB, 37.69% gc time)
186
 13.984306 seconds (2.75 M allocations: 1.751 GiB, 37.69% gc time)
60
  5.283271 seconds (1.34 M allocations: 949.775 MiB)
122
 12.854640 seconds (2.49 M allocations: 1.565 GiB, 41.00% gc time)
441
 13.800900 seconds (3.05 M allocations: 1.861 GiB, 38.19% gc time)
686
 13.994315 seconds (2.93 M allocations: 1.827 GiB, 37.66% gc time)
815
  8.694059 seconds (2.80 M allocations: 1.773 GiB)
313
 14.343550 seconds (3.01 M allocations: 1.884 GiB, 36.74% gc time)
626
  8.686503 seconds (2.90 M allocations: 1.812 GiB)
875
 18.842426 seconds (4.89 M allocations: 2.977 GiB, 27.97% gc time)
998
  9.169929 seconds (2.85 M allocations: 1.828 GiB)
750
  4.657170 seconds (1.53 M allocations: 981.691 MiB)
123
  5.327853 seconds (2.00 M allocations: 1.202 GiB)
187
 11.280170 seconds (3.61 M allocations: 2.290 GiB)
501
  8.698165 seconds (3.11 M allocations: 1.898 GiB)
252
  9.329226 seconds (2.99 M allocations: 1.895 GiB)
376
  8.723909 seconds (2.77 M allocations: 1.761 GiB)
61
  6.089155 seconds (1.66 M allocations: 1.116 GiB)
627
  8.581366 seconds (2.65 M allocations: 1.698 GiB)
687
  4.494834 seconds (1.37 M allocations: 905.403 MiB)
 11.623661 seconds (3.88 M allocations: 2.421 GiB)
124
938
 16.395925 seconds (4.25 M allocations: 2.627 GiB, 24.35% gc time)
566
 12.733296 seconds (2.94 M allocations: 1.826 GiB, 31.35% gc time)
 14.620865 seconds (3.53 M allocations: 2.202 GiB, 27.30% gc time)
 12.878800 seconds (2.89 M allocations: 1.819 GiB, 31.00% gc time)
314
 12.845744 seconds (2.80 M allocations: 1.779 GiB, 31.08% gc time)
876
 10.663627 seconds (1.95 M allocations: 1.273 GiB, 37.44% gc time)
502
  8.796748 seconds (1.45 M allocations: 957.294 MiB, 45.38% gc time)
62
 13.604939 seconds (2.89 M allocations: 1.867 GiB, 29.34% gc time)
999
 14.080002 seconds (3.20 M allocations: 2.031 GiB, 28.35% gc time)
751
 13.196565 seconds (2.71 M allocations: 1.765 GiB, 30.25% gc time)
 13.959885 seconds (3.06 M allocations: 1.964 GiB, 28.60% gc time)
188
 12.935867 seconds (2.68 M allocations: 1.733 GiB, 30.86% gc time)
377
 12.137159 seconds (2.22 M allocations: 1.489 GiB, 32.89% gc time)
688
 12.673737 seconds (2.46 M allocations: 1.626 GiB, 31.50% gc time)
628
  8.098417 seconds (2.32 M allocations: 1.530 GiB)
125
  8.320007 seconds (2.48 M allocations: 1.613 GiB)
939
  4.694850 seconds (1.46 M allocations: 956.567 MiB)
1000
  8.445617 seconds (2.63 M allocations: 1.680 GiB)
567
  8.003463 seconds (2.58 M allocations: 1.630 GiB)
315
  6.986238 seconds (2.34 M allocations: 1.456 GiB)
503
  5.921613 seconds (2.10 M allocations: 1.281 GiB)
63
  8.702335 seconds (2.93 M allocations: 1.821 GiB)
877
  7.604766 seconds (2.40 M allocations: 1.526 GiB)
752
  4.457987 seconds (1.69 M allocations: 1.013 GiB)
689
  8.325668 seconds (2.62 M allocations: 1.666 GiB)
189
  4.442535 seconds (1.12 M allocations: 796.927 MiB)
504
  5.874859 seconds (1.69 M allocations: 1.115 GiB)
  7.433253 seconds (2.37 M allocations: 1.505 GiB)
629
  7.578274 seconds (2.41 M allocations: 1.532 GiB)
126
  8.143234 seconds (2.85 M allocations: 1.755 GiB)
378
  7.718901 seconds (2.53 M allocations: 1.594 GiB)
  8.100677 seconds (2.47 M allocations: 1.598 GiB)
1001
  7.014523 seconds (1.95 M allocations: 1.306 GiB)
  7.589725 seconds (2.27 M allocations: 1.478 GiB)
  7.366937 seconds (1.86 M allocations: 1.294 GiB)
  6.088956 seconds (1.46 M allocations: 1.038 GiB)
690
  6.338452 seconds (1.59 M allocations: 1.112 GiB)
753
  4.389282 seconds (1.28 M allocations: 862.862 MiB)
  5.906523 seconds (1.54 M allocations: 1.046 GiB)
  4.455646 seconds (990.01 k allocations: 730.471 MiB)
  5.294569 seconds (1.19 M allocations: 861.670 MiB)
  4.826482 seconds (867.96 k allocations: 687.486 MiB)
  4.324307 seconds (647.75 k allocations: 535.096 MiB)
  6.257747 seconds (267.25 k allocations: 288.811 MiB, 33.51% gc time)
691
  6.252005 seconds (258.36 k allocations: 284.924 MiB, 33.54% gc time)
  3.895471 seconds (57.60 k allocations: 64.160 MiB)
