Graph 1 is connected.
Graph 2 is connected.
Graph 3 is connected.
Graph 4 is connected.
Graph 5 is connected.
Graph 6 is connected.
Graph 7 is connected.
Graph 8 is connected.
Graph 9 is connected.
Graph 10 is connected.
Graph 11 is connected.
Matrix 1 normalized.
Matrix 2 normalized.
Matrix 3 normalized.
Matrix 4 normalized.
Matrix 5 normalized.
Matrix 6 normalized.
Matrix 7 normalized.
Matrix 8 normalized.
Matrix 9 normalized.
Matrix 10 normalized.
Matrix 11 normalized.
Number of threads: 16
878
64568
940316
630
379754

127
442
816
190
692
253
505
1


  7.520671 seconds (770.62 k allocations: 858.180 MiB, 1.13% compilation time)
  7.547823 seconds (994.96 k allocations: 953.510 MiB)
506
  7.631438 seconds (862.91 k allocations: 905.423 MiB, 1.58% compilation time)
817
191
  7.728198 seconds (882.41 k allocations: 921.420 MiB, 1.56% compilation time)
  7.808681 seconds (1.07 M allocations: 1007.258 MiB, 1.54% compilation time)
254
128
 14.980691 seconds (1.42 M allocations: 1.143 GiB, 45.83% gc time, 0.80% compilation time)
755
 15.410958 seconds (1.68 M allocations: 1.284 GiB, 44.55% gc time, 0.78% compilation time)
941
 15.462596 seconds (1.72 M allocations: 1.302 GiB, 44.40% gc time, 0.78% compilation time)
631
 16.209447 seconds (2.27 M allocations: 1.581 GiB, 42.36% gc time, 0.74% compilation time)
380
 16.347786 seconds (2.32 M allocations: 1.611 GiB, 42.00% gc time, 0.74% compilation time)
879
 16.808239 seconds (2.99 M allocations: 1.898 GiB, 42.13% gc time, 0.72% compilation time)
443
 16.556484 seconds (2.35 M allocations: 1.640 GiB, 41.47% gc time, 0.73% compilation time)
65
 16.717700 seconds (2.63 M allocations: 1.765 GiB, 41.07% gc time, 0.72% compilation time)
569
 16.709266 seconds (2.55 M allocations: 1.735 GiB, 41.09% gc time, 0.72% compilation time)
693
 17.206182 seconds (3.25 M allocations: 2.053 GiB, 39.90% gc time, 0.70% compilation time)
2
 18.376389 seconds (3.20 M allocations: 2.117 GiB, 37.36% gc time, 0.65% compilation time)
317
  7.394290 seconds (2.22 M allocations: 1.307 GiB, 24.00% gc time)
129
 11.376305 seconds (995.90 k allocations: 798.236 MiB, 53.06% gc time)
570
 12.796081 seconds (2.00 M allocations: 1.292 GiB, 47.17% gc time)
942
 14.198932 seconds (2.72 M allocations: 1.687 GiB, 42.51% gc time)
818
 14.979746 seconds (2.74 M allocations: 1.753 GiB, 40.30% gc time) 14.844732 seconds (2.99 M allocations: 1.844 GiB, 40.66% gc time)

 13.096082 seconds (1.77 M allocations: 1.219 GiB, 46.09% gc time)
381
192
507
 14.440437 seconds (2.48 M allocations: 1.610 GiB, 41.80% gc time)
632
 14.270973 seconds (2.12 M allocations: 1.447 GiB, 42.30% gc time)
66
 14.359740 seconds (2.18 M allocations: 1.478 GiB, 42.04% gc time)
694
 14.713076 seconds (2.50 M allocations: 1.634 GiB, 41.03% gc time)
444
 16.487992 seconds (3.63 M allocations: 2.224 GiB, 36.61% gc time)
756
 11.984656 seconds (2.41 M allocations: 1.536 GiB, 35.56% gc time)
318
 18.615777 seconds (4.39 M allocations: 2.686 GiB, 32.43% gc time)
255
 17.367472 seconds (3.19 M allocations: 2.106 GiB, 34.76% gc time)
3
  6.148426 seconds (2.22 M allocations: 1.346 GiB)
571
 18.537276 seconds (4.23 M allocations: 2.616 GiB, 32.56% gc time)
880
 12.702118 seconds (3.03 M allocations: 1.841 GiB, 33.55% gc time)
130
  5.875462 seconds (2.07 M allocations: 1.270 GiB)
382
  8.262027 seconds (3.01 M allocations: 1.822 GiB)
943
  7.346901 seconds (2.38 M allocations: 1.499 GiB)
633
  5.698898 seconds (1.62 M allocations: 1.069 GiB)
319
  7.668761 seconds (2.15 M allocations: 1.426 GiB)
757
 10.669263 seconds (3.31 M allocations: 2.114 GiB)
508
 10.157027 seconds (2.76 M allocations: 1.852 GiB)
445
 11.934273 seconds (3.60 M allocations: 2.322 GiB)
819
  7.310973 seconds (1.91 M allocations: 1.299 GiB)
881
 10.733163 seconds (2.98 M allocations: 1.982 GiB)
67
 12.322915 seconds (3.85 M allocations: 2.455 GiB)
193
  8.150531 seconds (2.51 M allocations: 1.607 GiB)
572
  7.442393 seconds (2.36 M allocations: 1.492 GiB)
131
  7.167462 seconds (2.28 M allocations: 1.441 GiB)
383
  9.437247 seconds (3.14 M allocations: 1.955 GiB)
4
 10.745083 seconds (3.63 M allocations: 2.250 GiB)
 12.897503 seconds (4.20 M allocations: 2.636 GiB)
256
695
  7.241896 seconds (2.50 M allocations: 1.538 GiB)
320
  9.405490 seconds (3.13 M allocations: 1.949 GiB)
944
  7.429370 seconds (2.59 M allocations: 1.588 GiB)
758
  8.844386 seconds (3.16 M allocations: 1.922 GiB)
634
  8.771697 seconds (2.93 M allocations: 1.820 GiB)
509
  7.725177 seconds (2.70 M allocations: 1.653 GiB)
446
  8.560121 seconds (2.60 M allocations: 1.672 GiB)
882
  7.830310 seconds (2.17 M allocations: 1.446 GiB)
132
  8.766688 seconds (2.65 M allocations: 1.708 GiB)
68
  8.350980 seconds (2.47 M allocations: 1.605 GiB)
573
  9.694238 seconds (3.35 M allocations: 2.058 GiB)
820
 10.995878 seconds (2.20 M allocations: 1.435 GiB, 31.29% gc time)
257
 12.532891 seconds (2.96 M allocations: 1.857 GiB, 27.46% gc time)
384
 11.710698 seconds (2.53 M allocations: 1.623 GiB, 29.38% gc time)
696
 10.387014 seconds (2.20 M allocations: 1.390 GiB, 33.13% gc time)
 13.142806 seconds (3.07 M allocations: 1.945 GiB, 26.18% gc time)
759
5
 12.369827 seconds (2.94 M allocations: 1.837 GiB, 27.82% gc time)
321
 15.998428 seconds (4.35 M allocations: 2.671 GiB, 21.51% gc time)
194
  4.630597 seconds (1.60 M allocations: 1006.712 MiB)
574
 14.155243 seconds (3.28 M allocations: 2.101 GiB, 24.31% gc time)
945
  5.388107 seconds (1.57 M allocations: 1.026 GiB)
258
 12.065346 seconds (2.91 M allocations: 1.805 GiB, 28.52% gc time)
447
 10.635692 seconds (2.67 M allocations: 1.605 GiB, 32.35% gc time)
883
  7.034552 seconds (2.21 M allocations: 1.404 GiB)
821
 13.641208 seconds (3.54 M allocations: 2.174 GiB, 25.23% gc time)
510
  8.006939 seconds (2.75 M allocations: 1.696 GiB)
69
 16.332615 seconds (4.29 M allocations: 2.671 GiB, 21.07% gc time)
635
  5.029488 seconds (1.73 M allocations: 1.064 GiB)
195
  8.648844 seconds (2.78 M allocations: 1.751 GiB)
697
  9.980406 seconds (3.10 M allocations: 1.975 GiB)
385
  6.839408 seconds (2.19 M allocations: 1.380 GiB)
575
  8.651002 seconds (2.67 M allocations: 1.706 GiB)
322
  5.148885 seconds (1.74 M allocations: 1.079 GiB)
884
  5.503180 seconds (1.89 M allocations: 1.165 GiB)
448
  4.695866 seconds (1.64 M allocations: 1.008 GiB)
822
 10.534404 seconds (3.64 M allocations: 2.240 GiB)
6
 11.579572 seconds (3.99 M allocations: 2.456 GiB)
760
 14.088369 seconds (5.04 M allocations: 3.067 GiB)
133
  8.262479 seconds (3.11 M allocations: 1.859 GiB)
946
  9.198721 seconds (3.37 M allocations: 2.035 GiB)
259
  5.208324 seconds (1.69 M allocations: 1.064 GiB)
576
  9.338860 seconds (2.85 M allocations: 1.830 GiB)
636
  8.184814 seconds (2.51 M allocations: 1.610 GiB)
698
  9.730436 seconds (3.03 M allocations: 1.932 GiB)
196
  7.167656 seconds (1.98 M allocations: 1.322 GiB)
885
 12.615178 seconds (3.87 M allocations: 2.481 GiB)
70
  8.860030 seconds (2.80 M allocations: 1.778 GiB)
323
 12.966898 seconds (1.81 M allocations: 1.226 GiB, 46.95% gc time)
134
 19.444175 seconds (4.35 M allocations: 2.730 GiB, 31.31% gc time)
511
 15.085368 seconds (2.81 M allocations: 1.789 GiB, 40.35% gc time)
449
 16.896773 seconds (3.80 M allocations: 2.323 GiB, 36.03% gc time)
386
 15.006252 seconds (2.94 M allocations: 1.838 GiB, 40.57% gc time)
7
 14.258007 seconds (2.60 M allocations: 1.643 GiB, 42.70% gc time)
947
 17.332582 seconds (3.58 M allocations: 2.264 GiB, 35.12% gc time)
823
 14.158929 seconds (2.59 M allocations: 1.634 GiB, 42.99% gc time)
577
  4.524434 seconds (1.41 M allocations: 923.323 MiB)
135
  4.616739 seconds (1.28 M allocations: 870.840 MiB)
450
 14.426845 seconds (2.74 M allocations: 1.714 GiB, 42.20% gc time)
637
  5.652136 seconds (1.92 M allocations: 1.190 GiB)
324
  4.540488 seconds (1.28 M allocations: 864.845 MiB)
948
 14.109103 seconds (2.85 M allocations: 1.734 GiB, 43.15% gc time)
886
 20.846603 seconds (4.76 M allocations: 2.996 GiB, 29.20% gc time)
761
  8.672220 seconds (2.61 M allocations: 1.683 GiB)
512
  8.687867 seconds (2.51 M allocations: 1.644 GiB)
387
  8.674287 seconds (2.51 M allocations: 1.641 GiB)
8
  4.965604 seconds (1.72 M allocations: 1.056 GiB)
136
 18.193537 seconds (4.14 M allocations: 2.553 GiB, 33.46% gc time)
197
  4.711322 seconds (1.60 M allocations: 1010.113 MiB)
451
 22.347760 seconds (5.45 M allocations: 3.383 GiB, 27.24% gc time)
260
  8.685272 seconds (2.91 M allocations: 1.806 GiB)
824
  6.301290 seconds (2.13 M allocations: 1.318 GiB)
325
  6.874290 seconds (2.06 M allocations: 1.330 GiB)
887
  7.691179 seconds (2.33 M allocations: 1.500 GiB)
949
 10.094358 seconds (3.41 M allocations: 2.112 GiB)
578
 21.714490 seconds (5.38 M allocations: 3.312 GiB, 28.03% gc time)
71
  5.062660 seconds (1.33 M allocations: 928.234 MiB)
261
  6.215047 seconds (1.96 M allocations: 1.244 GiB)
137
  8.899985 seconds (2.84 M allocations: 1.797 GiB)
762
 25.840016 seconds (6.75 M allocations: 4.165 GiB, 23.56% gc time)
699
 12.379264 seconds (4.12 M allocations: 2.566 GiB)
638
  8.809590 seconds (3.14 M allocations: 1.913 GiB)
513
  9.922619 seconds (3.18 M allocations: 2.009 GiB)
9
  8.823398 seconds (2.53 M allocations: 1.663 GiB)
  5.376089 seconds (1.50 M allocations: 1021.346 MiB)
825
72
 10.542421 seconds (3.25 M allocations: 2.082 GiB)
198
 10.531990 seconds (3.28 M allocations: 2.094 GiB)
 11.480345 seconds (3.92 M allocations: 2.424 GiB)
452
388
  5.906869 seconds (2.09 M allocations: 1.280 GiB)
262
  5.539796 seconds (1.92 M allocations: 1.184 GiB)
763
 12.650025 seconds (3.07 M allocations: 1.916 GiB, 26.48% gc time)
888
 12.789114 seconds (3.19 M allocations: 1.975 GiB, 26.19% gc time)
950
 12.986657 seconds (3.29 M allocations: 2.031 GiB, 25.79% gc time)
579
 10.675442 seconds (2.50 M allocations: 1.546 GiB, 31.38% gc time)
700
 10.140324 seconds (2.32 M allocations: 1.431 GiB, 33.03% gc time)
639
 12.970961 seconds (3.20 M allocations: 1.993 GiB, 25.82% gc time)
138
  8.245977 seconds (1.53 M allocations: 995.558 MiB, 40.62% gc time)
389
  8.974221 seconds (1.79 M allocations: 1.130 GiB, 37.32% gc time)
453
  4.859226 seconds (1.33 M allocations: 910.775 MiB)
951
  4.553439 seconds (1.14 M allocations: 810.173 MiB)
701
 12.131802 seconds (3.00 M allocations: 1.851 GiB, 27.61% gc time)
73
 12.018972 seconds (3.01 M allocations: 1.849 GiB, 27.87% gc time)
826
 20.906984 seconds (5.86 M allocations: 3.646 GiB, 16.02% gc time)
326
  4.529083 seconds (1.39 M allocations: 913.277 MiB)
139
  5.538705 seconds (1.52 M allocations: 1.016 GiB)
390
 14.116780 seconds (3.21 M allocations: 2.078 GiB, 23.73% gc time)
263
  8.655128 seconds (2.47 M allocations: 1.627 GiB)
580
  4.528981 seconds (1.55 M allocations: 982.184 MiB)
 14.339398 seconds (3.43 M allocations: 2.185 GiB, 23.36% gc time)
952
764
  4.554822 seconds (1.69 M allocations: 1.016 GiB)
702
 19.133155 seconds (5.28 M allocations: 3.284 GiB, 17.51% gc time)
514
  9.086817 seconds (2.96 M allocations: 1.863 GiB)
640
 11.414987 seconds (3.88 M allocations: 2.400 GiB)
889
 18.532759 seconds (5.05 M allocations: 3.146 GiB, 18.07% gc time)
199
  6.808768 seconds (2.20 M allocations: 1.389 GiB)
827
  6.433941 seconds (2.25 M allocations: 1.381 GiB)
327
  7.485045 seconds (2.74 M allocations: 1.656 GiB)
74
  5.589730 seconds (2.33 M allocations: 1.353 GiB)
140
 22.592907 seconds (6.70 M allocations: 4.115 GiB, 14.83% gc time)
10
  5.700447 seconds (1.62 M allocations: 1.067 GiB)
703
  5.640483 seconds (1.52 M allocations: 1.021 GiB)
890
 13.358941 seconds (4.36 M allocations: 2.736 GiB)
454
  8.003483 seconds (2.58 M allocations: 1.621 GiB)
765
  9.501512 seconds (3.17 M allocations: 1.971 GiB)
264
 10.230778 seconds (3.38 M allocations: 2.109 GiB)
391
  9.753798 seconds (3.07 M allocations: 1.948 GiB)
953
 11.262395 seconds (3.72 M allocations: 2.321 GiB)
581
  9.978861 seconds (3.01 M allocations: 1.937 GiB)
641
  5.193739 seconds (1.75 M allocations: 1.083 GiB)
11
 10.930835 seconds (3.47 M allocations: 2.196 GiB)
515
  7.757019 seconds (2.36 M allocations: 1.513 GiB)
141
  8.483511 seconds (2.72 M allocations: 1.712 GiB)
75
  4.842290 seconds (1.87 M allocations: 1.110 GiB)
891
 10.147389 seconds (3.48 M allocations: 2.144 GiB)
200
  7.570300 seconds (2.40 M allocations: 1.518 GiB)
455
 12.202832 seconds (3.67 M allocations: 2.368 GiB)
328
 12.982322 seconds (4.14 M allocations: 2.615 GiB)
828
  9.593948 seconds (3.21 M allocations: 1.997 GiB)
  4.768883 seconds (1.47 M allocations: 961.508 MiB)
704
12
 22.788561 seconds (1.32 M allocations: 908.177 MiB, 78.46% gc time)
892
 27.812832 seconds (3.18 M allocations: 2.005 GiB, 64.29% gc time)
265
 25.021186 seconds (1.95 M allocations: 1.302 GiB, 71.46% gc time)
76
 28.330483 seconds (3.30 M allocations: 2.092 GiB, 63.12% gc time)
392
 27.614926 seconds (3.07 M allocations: 1.948 GiB, 64.75% gc time)
582
 22.855855 seconds (1.44 M allocations: 963.300 MiB, 78.23% gc time)
456
 26.891111 seconds (2.67 M allocations: 1.732 GiB, 66.49% gc time)
516
  4.521180 seconds (1.46 M allocations: 940.386 MiB)
 26.697875 seconds (2.82 M allocations: 1.779 GiB, 66.98% gc time)
13
142
 26.590968 seconds (2.78 M allocations: 1.757 GiB, 67.24% gc time)
201
 29.572934 seconds (4.03 M allocations: 2.479 GiB, 60.46% gc time)
642
  4.809682 seconds (1.74 M allocations: 1.053 GiB)
893
 32.667855 seconds (5.17 M allocations: 3.165 GiB, 54.74% gc time)
766
  4.595641 seconds (1.82 M allocations: 1.071 GiB)
77
 32.155377 seconds (5.05 M allocations: 3.081 GiB, 55.61% gc time)
954
  4.553772 seconds (1.28 M allocations: 867.602 MiB)
143
  6.839238 seconds (1.65 M allocations: 1.162 GiB)
14
  7.067507 seconds (1.92 M allocations: 1.286 GiB)
457
  4.648798 seconds (971.43 k allocations: 744.027 MiB)
78
  7.235085 seconds (1.91 M allocations: 1.298 GiB)
202
 31.862726 seconds (4.37 M allocations: 2.784 GiB, 56.12% gc time)
329
  8.716105 seconds (2.57 M allocations: 1.674 GiB)
517
 13.590495 seconds (4.39 M allocations: 2.765 GiB)
829
 13.587105 seconds (4.42 M allocations: 2.777 GiB)
705
  9.735535 seconds (3.38 M allocations: 2.080 GiB)
393
 11.333163 seconds (4.25 M allocations: 2.551 GiB)
266
  8.983394 seconds (2.91 M allocations: 1.831 GiB)
643
 11.911457 seconds (3.99 M allocations: 2.486 GiB)
583
 11.018949 seconds (3.17 M allocations: 2.082 GiB)
  5.986221 seconds (1.97 M allocations: 1.236 GiB)
894
458
  5.378121 seconds (1.95 M allocations: 1.184 GiB)
79
 10.066843 seconds (3.07 M allocations: 1.978 GiB)
955
 11.862654 seconds (3.61 M allocations: 2.327 GiB)
767
  7.507797 seconds (2.89 M allocations: 1.722 GiB)
15
 10.363987 seconds (3.50 M allocations: 2.177 GiB)
144
  6.826505 seconds (2.52 M allocations: 1.520 GiB)
203
  7.383678 seconds (2.41 M allocations: 1.510 GiB)
830
  4.619882 seconds (1.18 M allocations: 831.979 MiB)
956
  9.255558 seconds (2.63 M allocations: 1.734 GiB)
706
  9.435758 seconds (2.81 M allocations: 1.821 GiB)
394
  5.653152 seconds (1.86 M allocations: 1.163 GiB)
  9.925211 seconds (3.32 M allocations: 2.069 GiB)
895
330
  5.924132 seconds (2.22 M allocations: 1.330 GiB)
459
  8.794615 seconds (3.06 M allocations: 1.881 GiB)
644
 10.537480 seconds (2.24 M allocations: 1.403 GiB, 35.28% gc time)
80
  9.958400 seconds (1.98 M allocations: 1.252 GiB, 37.33% gc time)
145
 11.693709 seconds (2.56 M allocations: 1.612 GiB, 31.79% gc time)
768
  8.338569 seconds (1.21 M allocations: 840.617 MiB, 44.58% gc time)
896
 12.946590 seconds (2.77 M allocations: 1.788 GiB, 28.71% gc time)
16
 12.555348 seconds (2.66 M allocations: 1.718 GiB, 29.61% gc time)
204
 19.044953 seconds (4.82 M allocations: 3.061 GiB, 19.52% gc time)
267
 20.742236 seconds (5.75 M allocations: 3.567 GiB, 17.92% gc time)
518
  4.699071 seconds (1.36 M allocations: 911.706 MiB)
81
 19.091494 seconds (4.96 M allocations: 3.122 GiB, 19.47% gc time)
584
 12.077701 seconds (2.70 M allocations: 1.699 GiB, 30.78% gc time)
707
 12.066249 seconds (2.54 M allocations: 1.632 GiB, 30.81% gc time)
395
 11.704670 seconds (2.31 M allocations: 1.512 GiB, 31.76% gc time)
460
 12.373856 seconds (2.89 M allocations: 1.798 GiB, 30.04% gc time)
331
  4.518011 seconds (1.78 M allocations: 1.052 GiB)
897
 12.364353 seconds (2.82 M allocations: 1.771 GiB, 30.06% gc time)
645
  4.627436 seconds (1.93 M allocations: 1.123 GiB)
17
  4.529153 seconds (1.55 M allocations: 983.183 MiB)
82
  4.523201 seconds (1.25 M allocations: 853.276 MiB)
461
  4.555771 seconds (972.10 k allocations: 737.817 MiB)
898
  5.238256 seconds (1.33 M allocations: 938.311 MiB)
585
  8.673300 seconds (2.83 M allocations: 1.776 GiB)
205
 20.878575 seconds (5.68 M allocations: 3.548 GiB, 17.80% gc time)
831
  8.688529 seconds (2.93 M allocations: 1.822 GiB)
268
 20.552534 seconds (5.65 M allocations: 3.510 GiB, 18.09% gc time)
957
  5.211909 seconds (1.44 M allocations: 983.030 MiB)
83
  8.679516 seconds (2.71 M allocations: 1.729 GiB)
708
  8.653267 seconds (2.68 M allocations: 1.713 GiB)
396
 10.608408 seconds (3.71 M allocations: 2.277 GiB)
519
  8.658398 seconds (2.81 M allocations: 1.766 GiB)
332
  8.784445 seconds (2.76 M allocations: 1.751 GiB)
646
  5.945203 seconds (2.22 M allocations: 1.331 GiB)
462
 16.382060 seconds (5.67 M allocations: 3.488 GiB)
146
  8.155348 seconds (2.03 M allocations: 1.215 GiB, 33.10% gc time)
586
 20.337697 seconds (5.99 M allocations: 3.706 GiB, 13.27% gc time)
769
  8.837064 seconds (2.18 M allocations: 1.322 GiB, 30.54% gc time)
269
  7.523653 seconds (1.68 M allocations: 1.024 GiB, 35.88% gc time)
84
  7.314472 seconds (1.56 M allocations: 987.231 MiB, 36.90% gc time)
397
 11.448180 seconds (3.30 M allocations: 1.968 GiB, 23.58% gc time)
899
  4.921160 seconds (1.33 M allocations: 913.279 MiB)
463
  9.711135 seconds (2.07 M allocations: 1.343 GiB, 27.80% gc time)
333
 14.350459 seconds (3.81 M allocations: 2.381 GiB, 18.81% gc time)
  4.584302 seconds (1.15 M allocations: 816.602 MiB)
206
270
 11.386159 seconds (2.51 M allocations: 1.644 GiB, 23.71% gc time)
647
  4.528332 seconds (1.13 M allocations: 803.965 MiB)
900
  8.214003 seconds (2.47 M allocations: 1.593 GiB)
147
  6.035219 seconds (1.73 M allocations: 1.137 GiB)
85
  4.545592 seconds (1.41 M allocations: 924.082 MiB)
464
  8.686575 seconds (2.65 M allocations: 1.704 GiB)
770
 15.707732 seconds (4.25 M allocations: 2.664 GiB, 17.18% gc time)
709
 23.438382 seconds (6.59 M allocations: 4.168 GiB, 11.52% gc time)
18
 15.749687 seconds (4.13 M allocations: 2.616 GiB, 17.14% gc time)
520
 10.500615 seconds (3.51 M allocations: 2.189 GiB)
587
 10.071096 seconds (3.07 M allocations: 1.975 GiB)
398
  5.117572 seconds (1.75 M allocations: 1.084 GiB)
901
  5.241131 seconds (1.76 M allocations: 1.098 GiB)
148
  9.085658 seconds (2.97 M allocations: 1.867 GiB)
334
  4.839434 seconds (1.70 M allocations: 1.045 GiB)
465
  5.846334 seconds (2.03 M allocations: 1.254 GiB)
86
 22.160970 seconds (6.71 M allocations: 4.134 GiB, 12.18% gc time)
832
  8.648355 seconds (3.05 M allocations: 1.869 GiB)
648
 22.133528 seconds (6.73 M allocations: 4.137 GiB, 12.20% gc time)
958
  4.889134 seconds (1.31 M allocations: 906.276 MiB)
149
  5.453532 seconds (1.57 M allocations: 1.031 GiB)
902
  8.664856 seconds (2.92 M allocations: 1.816 GiB)
771
  7.689524 seconds (2.42 M allocations: 1.538 GiB)
588
 12.961593 seconds (4.36 M allocations: 2.711 GiB)
207
  4.898424 seconds (1.58 M allocations: 1017.497 MiB)
87
  5.582122 seconds (1.86 M allocations: 1.157 GiB)
466
 14.137119 seconds (4.94 M allocations: 3.035 GiB)
271
  9.210937 seconds (3.11 M allocations: 1.930 GiB)
399
 15.452011 seconds (4.03 M allocations: 2.486 GiB, 23.97% gc time)
710
 14.950468 seconds (3.82 M allocations: 2.367 GiB, 24.77% gc time)
521
  8.549778 seconds (1.71 M allocations: 1.045 GiB, 43.31% gc time)
903
 12.835981 seconds (3.11 M allocations: 1.923 GiB, 28.85% gc time)
335
  8.830206 seconds (1.95 M allocations: 1.165 GiB, 41.94% gc time)
150
  9.027228 seconds (1.44 M allocations: 991.146 MiB, 41.02% gc time)
467
  9.136574 seconds (1.50 M allocations: 1.000 GiB, 40.53% gc time)
272
 14.968442 seconds (3.59 M allocations: 2.268 GiB, 24.74% gc time)
833
 14.198547 seconds (3.45 M allocations: 2.158 GiB, 26.08% gc time)
649
 11.323776 seconds (2.34 M allocations: 1.499 GiB, 32.70% gc time)
88
 21.030588 seconds (5.75 M allocations: 3.590 GiB, 17.61% gc time)
19
 13.852879 seconds (3.34 M allocations: 2.090 GiB, 26.73% gc time)
772
  5.716184 seconds (1.54 M allocations: 1.037 GiB)
151
  6.396262 seconds (1.91 M allocations: 1.237 GiB)
904
  4.711304 seconds (1.57 M allocations: 1005.156 MiB)
468
  8.680581 seconds (2.76 M allocations: 1.751 GiB)
711
  5.223684 seconds (1.76 M allocations: 1.094 GiB)
273
  9.619397 seconds (3.02 M allocations: 1.923 GiB)
522
 19.333546 seconds (5.13 M allocations: 3.217 GiB, 19.15% gc time)
959
 17.166858 seconds (4.49 M allocations: 2.800 GiB, 21.57% gc time)
208
  5.842196 seconds (1.95 M allocations: 1.218 GiB)
89
 18.333159 seconds (4.88 M allocations: 3.043 GiB, 20.20% gc time)
589
 12.978097 seconds (4.30 M allocations: 2.687 GiB)
400
  8.675981 seconds (2.85 M allocations: 1.788 GiB)
834
  5.823309 seconds (2.00 M allocations: 1.236 GiB)
152
  5.384708 seconds (1.94 M allocations: 1.180 GiB)
905
  5.776657 seconds (2.08 M allocations: 1.263 GiB)
469
  8.682957 seconds (2.92 M allocations: 1.815 GiB)
773
  6.050378 seconds (2.03 M allocations: 1.261 GiB)
274
 15.174913 seconds (4.81 M allocations: 3.051 GiB)
336
  5.311894 seconds (1.70 M allocations: 1.074 GiB)
90
 12.773871 seconds (4.29 M allocations: 2.668 GiB)
650
  8.987616 seconds (3.09 M allocations: 1.904 GiB)
712
  5.278606 seconds (1.49 M allocations: 1007.887 MiB)
906
  5.491067 seconds (1.51 M allocations: 1.006 GiB)
470
  7.736770 seconds (2.43 M allocations: 1.542 GiB)
590
 10.286503 seconds (3.43 M allocations: 2.138 GiB)
523
  7.341844 seconds (2.24 M allocations: 1.440 GiB)
153
 15.302700 seconds (5.22 M allocations: 3.232 GiB)
20
 11.892940 seconds (3.93 M allocations: 2.454 GiB)
960
 11.449206 seconds (3.76 M allocations: 2.355 GiB)
209
 12.898755 seconds (3.16 M allocations: 1.971 GiB, 26.02% gc time)
835
  9.373432 seconds (2.10 M allocations: 1.286 GiB, 35.81% gc time)
91
  9.539321 seconds (1.85 M allocations: 1.197 GiB, 35.19% gc time)
907
 12.977384 seconds (3.02 M allocations: 1.918 GiB, 25.86% gc time)
275
 13.332580 seconds (3.20 M allocations: 2.019 GiB, 25.17% gc time)
774
 16.370617 seconds (4.40 M allocations: 2.728 GiB, 20.50% gc time)
401
  9.571640 seconds (2.16 M allocations: 1.325 GiB, 35.07% gc time)
471
 10.394402 seconds (2.08 M allocations: 1.350 GiB, 32.29% gc time)
154
  5.466232 seconds (1.62 M allocations: 1.056 GiB)
961
 14.260942 seconds (3.42 M allocations: 2.177 GiB, 23.54% gc time)
713
 15.038342 seconds (3.70 M allocations: 2.346 GiB, 22.32% gc time)
  5.919108 seconds (1.63 M allocations: 1.091 GiB)
651
92
 16.030084 seconds (4.33 M allocations: 2.673 GiB, 20.94% gc time)
337
 12.050622 seconds (2.92 M allocations: 1.814 GiB, 27.85% gc time)
21
  4.531453 seconds (1.41 M allocations: 920.668 MiB)
472
  6.980739 seconds (2.34 M allocations: 1.457 GiB)
908
 15.365295 seconds (3.85 M allocations: 2.429 GiB, 21.84% gc time)
524
 15.989075 seconds (4.16 M allocations: 2.603 GiB, 20.99% gc time)
591
  4.829923 seconds (1.59 M allocations: 1019.744 MiB)
962
  5.056357 seconds (1.87 M allocations: 1.126 GiB)
155
 11.025603 seconds (3.84 M allocations: 2.358 GiB)
210
  4.903863 seconds (1.77 M allocations: 1.075 GiB)
93
  8.668729 seconds (3.14 M allocations: 1.905 GiB)
775
 12.677929 seconds (4.28 M allocations: 2.658 GiB)
836
  9.717194 seconds (3.39 M allocations: 2.082 GiB)
402
  5.740159 seconds (1.94 M allocations: 1.205 GiB)
473
  5.517764 seconds (1.92 M allocations: 1.181 GiB)
909
  5.852906 seconds (1.55 M allocations: 1.053 GiB)
156
 13.726624 seconds (4.54 M allocations: 2.838 GiB)
276
  6.259920 seconds (1.86 M allocations: 1.209 GiB)
963
  9.344516 seconds (3.13 M allocations: 1.948 GiB)
22
  8.280440 seconds (2.40 M allocations: 1.574 GiB)
525
 12.949622 seconds (4.14 M allocations: 2.620 GiB)
714
  8.608620 seconds (2.34 M allocations: 1.573 GiB)
94
  5.284563 seconds (1.36 M allocations: 956.238 MiB)
 10.021086 seconds (2.93 M allocations: 1.914 GiB)
910
592
  9.446860 seconds (2.72 M allocations: 1.786 GiB)
 14.653204 seconds (4.74 M allocations: 2.987 GiB)
776
 10.370005 seconds (3.09 M allocations: 2.007 GiB)
211
652
  4.933729 seconds (1.71 M allocations: 1.052 GiB)
157
 14.615712 seconds (5.15 M allocations: 3.156 GiB)
338
  9.700272 seconds (3.30 M allocations: 2.044 GiB)
837
  6.850663 seconds (2.41 M allocations: 1.475 GiB)
277
  6.733654 seconds (2.31 M allocations: 1.428 GiB)
23
 11.595055 seconds (3.76 M allocations: 2.369 GiB)
403
 18.777945 seconds (1.78 M allocations: 1.072 GiB, 74.38% gc time)
911
 24.358408 seconds (3.23 M allocations: 2.060 GiB, 57.34% gc time)
964
 18.996401 seconds (1.06 M allocations: 805.567 MiB, 73.53% gc time)
278
 28.516622 seconds (4.36 M allocations: 2.820 GiB, 48.98% gc time)
474
 24.094823 seconds (3.26 M allocations: 2.051 GiB, 57.97% gc time)
526
 22.213778 seconds (2.68 M allocations: 1.681 GiB, 62.88% gc time)
593
  4.543589 seconds (1.28 M allocations: 865.545 MiB)
404
 23.365294 seconds (3.06 M allocations: 1.919 GiB, 59.78% gc time)
95
 23.385357 seconds (2.72 M allocations: 1.780 GiB, 59.73% gc time)
653
  5.374385 seconds (1.56 M allocations: 1.020 GiB)
912
 23.574342 seconds (2.81 M allocations: 1.832 GiB, 59.25% gc time)
212
 23.434732 seconds (2.82 M allocations: 1.827 GiB, 59.60% gc time)
339
 24.104122 seconds (3.30 M allocations: 2.074 GiB, 57.95% gc time)
158
  4.523602 seconds (1.79 M allocations: 1.059 GiB)
279
 25.982791 seconds (3.78 M allocations: 2.404 GiB, 53.76% gc time)
777
  4.534308 seconds (1.69 M allocations: 1.018 GiB)
527
 24.825804 seconds (3.53 M allocations: 2.219 GiB, 56.26% gc time)
838
 23.727548 seconds (3.44 M allocations: 2.104 GiB, 58.87% gc time)
24
 28.762253 seconds (5.52 M allocations: 3.319 GiB, 48.56% gc time)
715
  4.608316 seconds (1.94 M allocations: 1.128 GiB)
405
  4.524242 seconds (1.67 M allocations: 1.007 GiB)
913
  4.524007 seconds (1.38 M allocations: 907.560 MiB)
280
  6.623596 seconds (1.86 M allocations: 1.231 GiB)
  4.530166 seconds (1.14 M allocations: 804.536 MiB)
528
340
 12.713529 seconds (4.29 M allocations: 2.665 GiB)
965
  8.662708 seconds (2.66 M allocations: 1.707 GiB)
213
  4.966261 seconds (1.19 M allocations: 861.180 MiB)
914
 12.157355 seconds (4.12 M allocations: 2.556 GiB)
475
 10.986401 seconds (3.83 M allocations: 2.353 GiB)
96
 11.493268 seconds (3.66 M allocations: 2.317 GiB)
654
  8.631288 seconds (2.46 M allocations: 1.618 GiB)
25
  5.153109 seconds (1.48 M allocations: 993.169 MiB)
281
 12.170907 seconds (3.81 M allocations: 2.428 GiB)
159
  9.937737 seconds (2.80 M allocations: 1.852 GiB)
406
  4.810712 seconds (1.64 M allocations: 1.014 GiB)
966
 16.515962 seconds (5.63 M allocations: 3.485 GiB)
594
 11.125519 seconds (3.20 M allocations: 2.104 GiB)
716
  7.496116 seconds (2.47 M allocations: 1.545 GiB)
529
  5.232586 seconds (1.95 M allocations: 1.171 GiB)
915
 16.323710 seconds (4.37 M allocations: 2.720 GiB, 19.96% gc time)
778
  9.832176 seconds (2.16 M allocations: 1.352 GiB, 33.14% gc time)
97
  8.411091 seconds (1.74 M allocations: 1.079 GiB, 38.74% gc time)
282
 19.194564 seconds (4.98 M allocations: 3.174 GiB, 16.98% gc time)
839
 13.106775 seconds (3.20 M allocations: 2.010 GiB, 24.86% gc time)
  8.941867 seconds (1.83 M allocations: 1.153 GiB, 36.44% gc time)
214
160
  4.528761 seconds (1.28 M allocations: 864.654 MiB)
916
 16.255604 seconds (4.32 M allocations: 2.692 GiB, 20.05% gc time)
341
 12.767998 seconds (3.27 M allocations: 2.018 GiB, 25.52% gc time)
655
 10.012918 seconds (2.29 M allocations: 1.414 GiB, 32.55% gc time)
595
  9.649005 seconds (2.02 M allocations: 1.281 GiB, 33.77% gc time)
717
 11.960849 seconds (3.06 M allocations: 1.872 GiB, 27.25% gc time)
407
 15.492549 seconds (4.28 M allocations: 2.627 GiB, 21.03% gc time)
476
 14.667421 seconds (4.01 M allocations: 2.459 GiB, 22.22% gc time)
26
 11.940227 seconds (2.90 M allocations: 1.806 GiB, 27.29% gc time)
530
  4.986099 seconds (1.73 M allocations: 1.068 GiB)
161
  4.537724 seconds (1.65 M allocations: 1.003 GiB)
  5.735756 seconds (2.11 M allocations: 1.278 GiB)
917
840
  4.530683 seconds (1.51 M allocations: 966.182 MiB)
596
 10.097748 seconds (3.34 M allocations: 2.089 GiB)
98
  8.665904 seconds (2.52 M allocations: 1.650 GiB)
342
  4.734804 seconds (1.08 M allocations: 794.312 MiB)
162
  7.408944 seconds (2.22 M allocations: 1.437 GiB)
718
  4.721010 seconds (1.03 M allocations: 774.609 MiB)
918
  8.649614 seconds (2.92 M allocations: 1.814 GiB)
656
  8.693362 seconds (2.60 M allocations: 1.681 GiB)
408
 21.054209 seconds (5.89 M allocations: 3.678 GiB, 15.48% gc time)
967
 13.026890 seconds (4.22 M allocations: 2.658 GiB)
215
  8.666022 seconds (2.65 M allocations: 1.701 GiB)
531
  4.903682 seconds (1.67 M allocations: 1.033 GiB)
99
  8.787909 seconds (2.53 M allocations: 1.659 GiB)
841
  4.861441 seconds (1.45 M allocations: 961.502 MiB)
919
 14.752894 seconds (3.53 M allocations: 2.259 GiB, 22.29% gc time)
27
 12.267602 seconds (2.81 M allocations: 1.790 GiB, 26.80% gc time)
597
 23.591525 seconds (6.55 M allocations: 4.129 GiB, 13.94% gc time)
779
 20.992816 seconds (6.01 M allocations: 3.723 GiB, 15.66% gc time)
283
 10.075055 seconds (2.27 M allocations: 1.413 GiB, 32.63% gc time)
163
 18.184351 seconds (4.77 M allocations: 3.014 GiB, 18.08% gc time)
477
  7.855191 seconds (1.45 M allocations: 938.241 MiB, 41.86% gc time)
100
 11.857417 seconds (3.17 M allocations: 1.908 GiB, 27.73% gc time)
343
  4.528341 seconds (1.55 M allocations: 980.470 MiB)
920
 13.487666 seconds (3.42 M allocations: 2.126 GiB, 24.38% gc time)
719
 11.982864 seconds (2.96 M allocations: 1.831 GiB, 27.44% gc time)
409
  4.630779 seconds (1.70 M allocations: 1.028 GiB)
598
 11.962702 seconds (3.06 M allocations: 1.871 GiB, 27.49% gc time)
216
 12.564815 seconds (3.10 M allocations: 1.929 GiB, 26.17% gc time)
532
  5.529715 seconds (1.72 M allocations: 1.099 GiB)
780
  5.613089 seconds (1.86 M allocations: 1.165 GiB)
164
  6.389015 seconds (2.30 M allocations: 1.400 GiB)
284
  8.640743 seconds (3.05 M allocations: 1.869 GiB)
28
 17.382190 seconds (4.79 M allocations: 2.966 GiB, 18.92% gc time)
657
  4.945268 seconds (1.83 M allocations: 1.103 GiB)
921
  7.709784 seconds (2.57 M allocations: 1.605 GiB)
101
 17.656997 seconds (4.98 M allocations: 3.064 GiB, 18.62% gc time)
968
  5.006026 seconds (1.19 M allocations: 864.266 MiB)
285
  6.007694 seconds (1.57 M allocations: 1.069 GiB)
165
 11.723157 seconds (3.38 M allocations: 2.220 GiB)
344
  8.651221 seconds (2.40 M allocations: 1.597 GiB)
217
 19.579890 seconds (5.33 M allocations: 3.343 GiB, 16.79% gc time)
842
  5.995301 seconds (1.51 M allocations: 1.045 GiB)
922
 12.971713 seconds (4.04 M allocations: 2.582 GiB)
478
  9.122145 seconds (2.69 M allocations: 1.752 GiB)
781
 11.528940 seconds (3.68 M allocations: 2.331 GiB)
410
 11.225220 seconds (3.60 M allocations: 2.278 GiB)
599
  9.933711 seconds (3.31 M allocations: 2.067 GiB)
533
 12.055868 seconds (4.14 M allocations: 2.561 GiB)
720
  8.650759 seconds (3.03 M allocations: 1.859 GiB)
29
  4.804597 seconds (2.03 M allocations: 1.178 GiB)
286
 10.021072 seconds (3.28 M allocations: 2.059 GiB)
658
  4.527369 seconds (1.70 M allocations: 1.021 GiB)
923
  9.550690 seconds (3.15 M allocations: 1.972 GiB)
969
 28.838745 seconds (3.50 M allocations: 2.194 GiB, 63.04% gc time)
102
 26.737393 seconds (3.04 M allocations: 1.857 GiB, 67.99% gc time)
166
 23.389788 seconds (1.69 M allocations: 1.061 GiB, 77.73% gc time)
782
 23.417699 seconds (1.85 M allocations: 1.130 GiB, 77.63% gc time)
600
 23.498199 seconds (1.49 M allocations: 1012.176 MiB, 77.37% gc time)
287
 25.046208 seconds (2.06 M allocations: 1.329 GiB, 72.59% gc time)
721
 27.904310 seconds (3.60 M allocations: 2.169 GiB, 65.15% gc time)
218
 26.894361 seconds (2.94 M allocations: 1.823 GiB, 67.60% gc time)
411
 26.554599 seconds (2.67 M allocations: 1.686 GiB, 68.46% gc time)
534
  4.526500 seconds (1.14 M allocations: 810.266 MiB)
601
  4.728865 seconds (1.35 M allocations: 909.849 MiB)
783
  5.972898 seconds (1.70 M allocations: 1.123 GiB)
167
  4.650607 seconds (1.29 M allocations: 879.423 MiB)
722
  8.657729 seconds (2.63 M allocations: 1.694 GiB)
970
 32.907656 seconds (4.90 M allocations: 3.055 GiB, 55.25% gc time)
843
  8.688401 seconds (2.69 M allocations: 1.722 GiB)
103
  7.235574 seconds (2.23 M allocations: 1.430 GiB)
288
  4.888641 seconds (1.32 M allocations: 907.084 MiB)
784
  7.283003 seconds (2.11 M allocations: 1.383 GiB)
219
 29.860684 seconds (3.91 M allocations: 2.433 GiB, 60.88% gc time)
924
  4.519251 seconds (1.55 M allocations: 979.279 MiB)
168
  7.456500 seconds (2.36 M allocations: 1.496 GiB)
535
 34.493957 seconds (5.16 M allocations: 3.272 GiB, 52.71% gc time)
30
  8.657235 seconds (2.75 M allocations: 1.742 GiB)
412
 38.392850 seconds (7.08 M allocations: 4.341 GiB, 47.35% gc time)
345
  4.581927 seconds (1.28 M allocations: 869.817 MiB)
220
  7.334517 seconds (2.51 M allocations: 1.551 GiB)
723
  4.517499 seconds (1.26 M allocations: 856.307 MiB)
169
  5.513886 seconds (1.65 M allocations: 1.067 GiB)
925
 40.805868 seconds (7.58 M allocations: 4.718 GiB, 44.55% gc time)
479
  8.640242 seconds (2.93 M allocations: 1.815 GiB)
971
  8.332756 seconds (2.68 M allocations: 1.694 GiB)
104
 37.775977 seconds (6.33 M allocations: 3.992 GiB, 48.13% gc time)
659
  8.552395 seconds (2.93 M allocations: 1.811 GiB)
844
  7.621932 seconds (2.82 M allocations: 1.699 GiB)
785
 14.043153 seconds (4.79 M allocations: 2.961 GiB)
602
 11.609427 seconds (3.76 M allocations: 2.369 GiB)
289
  5.139610 seconds (1.57 M allocations: 1.010 GiB)
926
  9.564743 seconds (3.04 M allocations: 1.929 GiB)
536
  6.072313 seconds (2.11 M allocations: 1.300 GiB)
170
 10.972409 seconds (2.54 M allocations: 1.579 GiB, 30.82% gc time)
724
  8.329855 seconds (1.18 M allocations: 853.876 MiB, 40.60% gc time)
603
 13.036705 seconds (3.16 M allocations: 1.980 GiB, 25.94% gc time)
221
 15.711992 seconds (3.80 M allocations: 2.434 GiB, 21.53% gc time)
31
 11.053982 seconds (2.33 M allocations: 1.497 GiB, 30.60% gc time)
972
 15.899223 seconds (3.93 M allocations: 2.501 GiB, 21.27% gc time)
413
 11.272866 seconds (2.37 M allocations: 1.531 GiB, 30.00% gc time)
480
 11.993584 seconds (2.64 M allocations: 1.692 GiB, 28.20% gc time)
660
  8.303499 seconds (1.91 M allocations: 1.132 GiB, 40.73% gc time)
290
 12.537105 seconds (3.08 M allocations: 1.909 GiB, 26.98% gc time)
105
  4.528356 seconds (1.77 M allocations: 1.047 GiB)
171
 12.125992 seconds (3.06 M allocations: 1.874 GiB, 27.89% gc time)
786
 10.291136 seconds (2.46 M allocations: 1.499 GiB, 32.86% gc time)
927
 20.256693 seconds (5.52 M allocations: 3.461 GiB, 16.70% gc time)
346
  7.301738 seconds (2.37 M allocations: 1.490 GiB)
604
  8.662268 seconds (2.68 M allocations: 1.713 GiB)
725
  4.909157 seconds (1.05 M allocations: 793.831 MiB)
787
  5.622165 seconds (1.49 M allocations: 1.008 GiB)
 18.226928 seconds (4.66 M allocations: 2.959 GiB, 18.56% gc time)
291
845
  5.407422 seconds (1.39 M allocations: 975.486 MiB)
172
  8.673536 seconds (3.17 M allocations: 1.912 GiB)
222
  7.379625 seconds (2.21 M allocations: 1.428 GiB)
106
  8.676937 seconds (2.84 M allocations: 1.782 GiB)
414
  6.156823 seconds (1.99 M allocations: 1.252 GiB)
928
 10.746903 seconds (3.41 M allocations: 2.162 GiB)
481
  5.063980 seconds (1.45 M allocations: 975.274 MiB)
788
 11.107500 seconds (3.42 M allocations: 2.193 GiB)
661
  5.217018 seconds (1.37 M allocations: 957.103 MiB)
292
  5.859509 seconds (1.69 M allocations: 1.109 GiB)
173
  6.000432 seconds (1.79 M allocations: 1.160 GiB)
846
  4.928339 seconds (1.32 M allocations: 913.428 MiB)
929
 15.143816 seconds (5.01 M allocations: 3.131 GiB)
973
 22.378175 seconds (6.31 M allocations: 3.936 GiB, 15.11% gc time)
537
  8.644262 seconds (3.01 M allocations: 1.853 GiB)
726
  9.100745 seconds (3.39 M allocations: 2.041 GiB)
605
  8.675762 seconds (2.79 M allocations: 1.760 GiB)
223
  4.886385 seconds (1.59 M allocations: 1023.345 MiB)
789
 17.657139 seconds (5.93 M allocations: 3.686 GiB)
32
  4.799101 seconds (1.58 M allocations: 1012.998 MiB)
174
  5.394803 seconds (1.86 M allocations: 1.148 GiB)
293
 12.354599 seconds (3.19 M allocations: 1.955 GiB, 26.46% gc time)
415
 13.003366 seconds (3.43 M allocations: 2.098 GiB, 25.14% gc time)
107
  8.290073 seconds (2.00 M allocations: 1.174 GiB, 39.43% gc time)
930
  7.996795 seconds (1.28 M allocations: 876.383 MiB, 40.87% gc time)
790
  4.536450 seconds (1.08 M allocations: 782.341 MiB)
175
 15.401474 seconds (3.95 M allocations: 2.480 GiB, 21.22% gc time)
482
 21.707407 seconds (6.22 M allocations: 3.861 GiB, 15.06% gc time)
347
  5.876709 seconds (1.35 M allocations: 994.990 MiB)
294
 11.924815 seconds (2.50 M allocations: 1.640 GiB, 27.41% gc time)
606
 13.199725 seconds (3.22 M allocations: 2.021 GiB, 24.76% gc time)
974
 13.188850 seconds (3.16 M allocations: 1.999 GiB, 24.78% gc time)
538
  5.861557 seconds (1.70 M allocations: 1.114 GiB)
108
  6.181844 seconds (1.85 M allocations: 1.197 GiB)
931
 17.955002 seconds (4.97 M allocations: 3.078 GiB, 18.20% gc time)
662
  8.675953 seconds (2.53 M allocations: 1.653 GiB)
416
 15.208669 seconds (3.99 M allocations: 2.481 GiB, 21.49% gc time)
727
  5.539386 seconds (2.06 M allocations: 1.237 GiB)
176
  6.266243 seconds (2.29 M allocations: 1.385 GiB)
791
 16.122461 seconds (4.29 M allocations: 2.672 GiB, 20.27% gc time)
224
  5.661185 seconds (1.92 M allocations: 1.191 GiB)
295
 21.161262 seconds (5.89 M allocations: 3.684 GiB, 15.45% gc time)
847
  5.417187 seconds (1.66 M allocations: 1.067 GiB)
109
  5.785343 seconds (1.81 M allocations: 1.154 GiB)
932
 14.981870 seconds (4.67 M allocations: 2.978 GiB)
33
  8.678365 seconds (2.78 M allocations: 1.758 GiB)
975
  9.627769 seconds (3.14 M allocations: 1.970 GiB)
607
  5.347043 seconds (1.51 M allocations: 1021.497 MiB)
177
  8.689390 seconds (2.70 M allocations: 1.725 GiB)
539
  6.158388 seconds (2.00 M allocations: 1.258 GiB)
792
 11.450574 seconds (4.19 M allocations: 2.531 GiB)
483
  5.172938 seconds (1.66 M allocations: 1.049 GiB)
110
  9.818076 seconds (3.09 M allocations: 1.964 GiB)
663
  5.127553 seconds (1.75 M allocations: 1.084 GiB)
933
 13.447652 seconds (4.67 M allocations: 2.873 GiB)
348
 11.091800 seconds (3.58 M allocations: 2.257 GiB)
728
  9.235040 seconds (2.98 M allocations: 1.880 GiB)
225
  5.048215 seconds (1.60 M allocations: 1.016 GiB)
178
  8.353846 seconds (1.50 M allocations: 996.666 MiB, 39.36% gc time)
793
 14.072238 seconds (3.54 M allocations: 2.218 GiB, 23.36% gc time)
296
 17.354635 seconds (4.62 M allocations: 2.893 GiB, 18.95% gc time)
417
  7.889276 seconds (1.53 M allocations: 975.498 MiB, 41.68% gc time)
664
  7.827611 seconds (1.54 M allocations: 974.123 MiB, 42.00% gc time)
934
 11.984191 seconds (3.18 M allocations: 1.924 GiB, 27.44% gc time)
976
 11.953812 seconds (3.08 M allocations: 1.876 GiB, 27.50% gc time)
540
 11.975272 seconds (2.78 M allocations: 1.755 GiB, 27.46% gc time)
484
 10.875759 seconds (2.64 M allocations: 1.620 GiB, 30.23% gc time)
111
  4.584795 seconds (1.15 M allocations: 813.607 MiB)
665
 11.959139 seconds (2.53 M allocations: 1.650 GiB, 27.49% gc time)
349
  5.237679 seconds (1.65 M allocations: 1.048 GiB)
297
  6.866817 seconds (2.21 M allocations: 1.394 GiB)
179
 11.947776 seconds (2.91 M allocations: 1.805 GiB, 27.52% gc time)
729
  5.349355 seconds (1.76 M allocations: 1.103 GiB)
935
 11.959376 seconds (3.05 M allocations: 1.863 GiB, 27.49% gc time)
226
  5.230237 seconds (1.49 M allocations: 1006.101 MiB)
112
  8.653350 seconds (2.38 M allocations: 1.590 GiB)
977
  8.643396 seconds (2.38 M allocations: 1.590 GiB)
541
  4.765374 seconds (1.21 M allocations: 855.482 MiB)
298
  4.913704 seconds (1.34 M allocations: 921.026 MiB)
180
  4.835141 seconds (1.31 M allocations: 903.797 MiB)
936
  8.655645 seconds (2.67 M allocations: 1.710 GiB)
485
 25.499251 seconds (7.42 M allocations: 4.619 GiB, 12.89% gc time)
848
  4.546117 seconds (1.38 M allocations: 911.008 MiB)
113
  7.398128 seconds (2.57 M allocations: 1.580 GiB)
666
  8.687325 seconds (2.92 M allocations: 1.817 GiB)
350
  8.653258 seconds (2.65 M allocations: 1.701 GiB)
730
 27.045450 seconds (7.98 M allocations: 4.960 GiB, 12.16% gc time)
34
  4.851330 seconds (1.50 M allocations: 982.951 MiB)
299
  4.783713 seconds (1.48 M allocations: 968.803 MiB)
181
  8.664260 seconds (2.58 M allocations: 1.674 GiB)
227
 26.668158 seconds (7.96 M allocations: 4.925 GiB, 12.33% gc time)
608
  4.810845 seconds (1.52 M allocations: 986.554 MiB)
114
  5.985854 seconds (1.70 M allocations: 1.124 GiB)
667
 11.953497 seconds (3.08 M allocations: 1.881 GiB, 27.50% gc time)
978
 10.872836 seconds (2.35 M allocations: 1.503 GiB, 30.24% gc time)
937
 12.000274 seconds (3.23 M allocations: 1.942 GiB, 27.40% gc time)
542
 24.754481 seconds (7.20 M allocations: 4.475 GiB, 13.28% gc time)
794
 13.064609 seconds (3.17 M allocations: 1.993 GiB, 25.16% gc time)
486
  8.672239 seconds (1.63 M allocations: 1.049 GiB, 37.91% gc time)
300
 25.232344 seconds (7.32 M allocations: 4.559 GiB, 13.03% gc time)
418
 10.013253 seconds (2.04 M allocations: 1.311 GiB, 32.83% gc time)
182
 11.962354 seconds (2.97 M allocations: 1.833 GiB, 27.48% gc time)
351
 11.948714 seconds (3.05 M allocations: 1.868 GiB, 27.51% gc time)
731
  5.894396 seconds (1.73 M allocations: 1.127 GiB)
668
 13.047820 seconds (2.94 M allocations: 1.896 GiB, 25.20% gc time)
228
 12.965608 seconds (2.91 M allocations: 1.878 GiB, 25.36% gc time)
35
  4.736806 seconds (1.53 M allocations: 989.085 MiB)
795
 11.384031 seconds (2.78 M allocations: 1.715 GiB, 28.88% gc time)
115
  5.290970 seconds (1.61 M allocations: 1.036 GiB)
419
  4.589596 seconds (1.30 M allocations: 878.927 MiB)
183
  6.757099 seconds (2.16 M allocations: 1.367 GiB)
301
  8.668331 seconds (2.77 M allocations: 1.751 GiB)
543
  4.648020 seconds (1.56 M allocations: 993.286 MiB)
669
 20.710405 seconds (5.94 M allocations: 3.672 GiB, 15.87% gc time)
849
  8.668039 seconds (2.81 M allocations: 1.767 GiB)
487
  4.781230 seconds (1.57 M allocations: 1007.097 MiB)
796
  8.638054 seconds (2.82 M allocations: 1.771 GiB)
352
  8.675185 seconds (2.78 M allocations: 1.756 GiB)
732
  4.520544 seconds (1.52 M allocations: 965.292 MiB)
420
  4.887860 seconds (1.66 M allocations: 1.024 GiB)
184
  8.685891 seconds (2.67 M allocations: 1.709 GiB)
229
  8.686188 seconds (2.67 M allocations: 1.709 GiB)
36
  4.533951 seconds (1.28 M allocations: 865.409 MiB)
797
  8.640134 seconds (2.45 M allocations: 1.615 GiB)
544
  6.476052 seconds (1.79 M allocations: 1.193 GiB)
850
  7.974248 seconds (2.44 M allocations: 1.563 GiB)
670
 18.775576 seconds (6.00 M allocations: 3.792 GiB)
938
  4.926848 seconds (1.45 M allocations: 966.578 MiB)
185
  5.723971 seconds (1.81 M allocations: 1.147 GiB)
421
  8.306260 seconds (2.70 M allocations: 1.696 GiB)
488
 25.312360 seconds (7.53 M allocations: 4.651 GiB, 12.99% gc time)
609
 13.243818 seconds (4.47 M allocations: 2.774 GiB)
116
 21.653826 seconds (7.20 M allocations: 4.490 GiB)
979
 12.322547 seconds (2.85 M allocations: 1.804 GiB, 27.56% gc time)
733
  8.751584 seconds (1.82 M allocations: 1.127 GiB, 38.80% gc time)
545
 14.194078 seconds (3.45 M allocations: 2.182 GiB, 23.92% gc time)
353
  8.149953 seconds (1.57 M allocations: 1005.174 MiB, 41.66% gc time)
186
  9.202737 seconds (1.95 M allocations: 1.214 GiB, 36.90% gc time)
939
  7.938920 seconds (1.28 M allocations: 865.308 MiB, 42.77% gc time)
117
 12.741053 seconds (3.12 M allocations: 1.942 GiB, 26.65% gc time)
798
 20.145715 seconds (5.50 M allocations: 3.444 GiB, 16.85% gc time)
302
 14.717687 seconds (3.76 M allocations: 2.345 GiB, 23.07% gc time)
230
 10.820144 seconds (2.35 M allocations: 1.490 GiB, 31.38% gc time)
489
  5.513759 seconds (1.92 M allocations: 1.178 GiB)
980
 15.856325 seconds (4.25 M allocations: 2.630 GiB, 21.41% gc time)
37
  4.759508 seconds (1.72 M allocations: 1.044 GiB)
546
 12.121272 seconds (2.92 M allocations: 1.820 GiB, 28.01% gc time)
610
 14.476001 seconds (4.11 M allocations: 2.474 GiB, 23.46% gc time)
851
  5.191811 seconds (1.89 M allocations: 1.144 GiB)
  8.665532 seconds (2.79 M allocations: 1.761 GiB)
734
  4.525853 seconds (1.28 M allocations: 869.202 MiB)
490
  4.520213 seconds (1.28 M allocations: 868.513 MiB)
981
 17.013528 seconds (4.60 M allocations: 2.858 GiB, 19.96% gc time)
671
 16.626199 seconds (4.36 M allocations: 2.730 GiB, 20.42% gc time)
422
  4.621699 seconds (1.42 M allocations: 934.474 MiB)
547
  7.594165 seconds (2.62 M allocations: 1.616 GiB)
799
  8.612982 seconds (3.05 M allocations: 1.866 GiB)
118
 10.932544 seconds (3.70 M allocations: 2.295 GiB)
187
  9.447429 seconds (3.14 M allocations: 1.960 GiB)
303
 12.390242 seconds (4.25 M allocations: 2.625 GiB)
354
  8.623798 seconds (2.51 M allocations: 1.644 GiB)
611
  6.499082 seconds (2.02 M allocations: 1.290 GiB)
491
  4.896077 seconds (1.18 M allocations: 853.590 MiB)
119
 12.952964 seconds (3.97 M allocations: 2.551 GiB)
231
  8.641753 seconds (2.67 M allocations: 1.711 GiB)
735
  5.054119 seconds (1.40 M allocations: 959.036 MiB)
188
  5.006682 seconds (1.47 M allocations: 982.343 MiB)
304
 12.997623 seconds (4.17 M allocations: 2.636 GiB)
38
  8.856950 seconds (2.87 M allocations: 1.810 GiB)
982
 12.400117 seconds (3.99 M allocations: 2.519 GiB)
852
  8.059716 seconds (2.61 M allocations: 1.647 GiB)
800
  9.442589 seconds (3.06 M allocations: 1.928 GiB)
548
  4.610234 seconds (1.78 M allocations: 1.060 GiB)
492
 10.973742 seconds (3.77 M allocations: 2.329 GiB)
672
  4.814150 seconds (1.98 M allocations: 1.159 GiB)
120
 19.136826 seconds (1.79 M allocations: 1.126 GiB, 71.11% gc time)
 18.453180 seconds (1.58 M allocations: 1016.027 MiB, 73.74% gc time)
189
305
 26.646794 seconds (4.21 M allocations: 2.655 GiB, 51.07% gc time)
423
 22.270460 seconds (3.17 M allocations: 1.918 GiB, 61.10% gc time)
612
 24.555311 seconds (3.70 M allocations: 2.298 GiB, 55.42% gc time)
355
 19.976528 seconds (1.88 M allocations: 1.224 GiB, 68.12% gc time)
801
 22.293056 seconds (3.01 M allocations: 1.854 GiB, 61.04% gc time)
736
 18.872192 seconds (1.49 M allocations: 1008.401 MiB, 72.10% gc time)
121
  4.589410 seconds (1.25 M allocations: 857.651 MiB)
 24.226313 seconds (3.46 M allocations: 2.176 GiB, 56.17% gc time)
232
 23.753773 seconds (3.08 M allocations: 1.984 GiB, 57.29% gc time)
 23.811805 seconds (3.10 M allocations: 2.000 GiB, 57.15% gc time)
983
39
 23.590624 seconds (3.06 M allocations: 1.966 GiB, 57.68% gc time)
853
  5.932681 seconds (1.78 M allocations: 1.155 GiB)
306
  4.739247 seconds (1.37 M allocations: 922.519 MiB)
356
 24.134991 seconds (3.11 M allocations: 2.023 GiB, 56.38% gc time)
673
  5.387003 seconds (1.64 M allocations: 1.054 GiB)
802
  5.045351 seconds (1.60 M allocations: 1.017 GiB)
 25.302343 seconds (3.61 M allocations: 2.314 GiB, 53.78% gc time)
122
493
  8.643806 seconds (2.73 M allocations: 1.734 GiB)
613
  9.332360 seconds (3.08 M allocations: 1.927 GiB)
424
  5.751977 seconds (1.41 M allocations: 1010.374 MiB)
307
 28.808451 seconds (4.68 M allocations: 3.000 GiB, 47.24% gc time)
549
  9.636414 seconds (2.97 M allocations: 1.905 GiB)
737
  4.606738 seconds (1.55 M allocations: 985.566 MiB)
674
  4.755219 seconds (1.57 M allocations: 1008.848 MiB)
803
  4.526380 seconds (1.43 M allocations: 931.694 MiB)
494
  9.164117 seconds (3.24 M allocations: 1.983 GiB)
233
  8.685840 seconds (3.02 M allocations: 1.859 GiB)
984
  8.685266 seconds (2.89 M allocations: 1.805 GiB)
854
  9.293912 seconds (3.37 M allocations: 2.045 GiB)
40
  6.901873 seconds (2.25 M allocations: 1.415 GiB)
123
  4.545828 seconds (1.80 M allocations: 1.061 GiB)
308
  4.641274 seconds (1.56 M allocations: 992.378 MiB)
675
  4.881448 seconds (1.28 M allocations: 892.267 MiB)
  9.904526 seconds (2.92 M allocations: 1.903 GiB)
234
614
  5.595750 seconds (1.53 M allocations: 1.028 GiB)
495
 14.704452 seconds (4.54 M allocations: 2.910 GiB)
357
  8.272959 seconds (2.65 M allocations: 1.676 GiB)
738
  4.776179 seconds (1.37 M allocations: 924.322 MiB)
124
  9.230089 seconds (3.17 M allocations: 1.959 GiB)
550
  5.193472 seconds (1.62 M allocations: 1.036 GiB)
309
 11.477866 seconds (2.46 M allocations: 1.592 GiB, 28.42% gc time)
855
 12.296927 seconds (2.82 M allocations: 1.800 GiB, 26.53% gc time)
985
  8.707484 seconds (1.79 M allocations: 1.119 GiB, 37.47% gc time)
676
 17.083836 seconds (4.48 M allocations: 2.821 GiB, 19.10% gc time)
425
  7.848261 seconds (1.79 M allocations: 1.060 GiB, 41.57% gc time)
235
 12.955245 seconds (3.16 M allocations: 1.984 GiB, 25.18% gc time)
41
  9.754224 seconds (2.15 M allocations: 1.342 GiB, 33.45% gc time)
496
 16.069202 seconds (4.37 M allocations: 2.702 GiB, 20.30% gc time)
804
  4.528330 seconds (1.48 M allocations: 951.180 MiB)
310
  9.438130 seconds (2.16 M allocations: 1.321 GiB, 34.57% gc time)
358
  4.521727 seconds (1.14 M allocations: 809.490 MiB)
236
 11.949003 seconds (2.77 M allocations: 1.750 GiB, 27.30% gc time)
739
  4.521552 seconds (1.14 M allocations: 806.799 MiB)
497
 14.754413 seconds (3.56 M allocations: 2.274 GiB, 22.11% gc time)
615
 13.500171 seconds (3.21 M allocations: 2.040 GiB, 24.16% gc time)
125
  8.249042 seconds (2.62 M allocations: 1.661 GiB)
856
  4.553843 seconds (1.46 M allocations: 945.993 MiB)
805
  4.530236 seconds (1.41 M allocations: 921.510 MiB)
359
  8.598673 seconds (2.77 M allocations: 1.747 GiB)
426
  5.375906 seconds (1.87 M allocations: 1.149 GiB)
311
  9.206293 seconds (2.84 M allocations: 1.820 GiB)
42
  6.016458 seconds (1.97 M allocations: 1.235 GiB)
237
 16.345434 seconds (4.38 M allocations: 2.725 GiB, 19.96% gc time)
551
 11.666102 seconds (3.76 M allocations: 2.370 GiB)
677
  4.671797 seconds (1.55 M allocations: 990.116 MiB)
126
 12.992819 seconds (4.17 M allocations: 2.634 GiB)
986
  4.521690 seconds (1.28 M allocations: 863.384 MiB)
  5.049743 seconds (1.60 M allocations: 1.016 GiB)
312
360
  7.045038 seconds (2.70 M allocations: 1.608 GiB)
498
  8.673804 seconds (3.19 M allocations: 1.925 GiB)
740
  8.035973 seconds (2.59 M allocations: 1.632 GiB)
806
  8.683699 seconds (2.94 M allocations: 1.821 GiB)
857
  5.054764 seconds (1.60 M allocations: 1.015 GiB)
678
  8.655764 seconds (2.78 M allocations: 1.754 GiB)
427
  4.995564 seconds (1.69 M allocations: 1.049 GiB)
  7.998456 seconds (2.58 M allocations: 1.627 GiB)
43
  7.632633 seconds (2.47 M allocations: 1.556 GiB)
238
 11.832084 seconds (4.13 M allocations: 2.538 GiB)
616
  5.695630 seconds (1.83 M allocations: 1.156 GiB)
361
  6.547337 seconds (1.89 M allocations: 1.241 GiB)
499
 19.756312 seconds (3.22 M allocations: 2.052 GiB, 47.80% gc time)
552
 15.292168 seconds (1.81 M allocations: 1.157 GiB, 61.75% gc time)
807
 18.550123 seconds (2.88 M allocations: 1.825 GiB, 50.91% gc time)
987
 18.356818 seconds (2.81 M allocations: 1.783 GiB, 51.44% gc time)
313
 14.845680 seconds (1.77 M allocations: 1.107 GiB, 63.61% gc time)
428
 13.996023 seconds (1.65 M allocations: 1023.830 MiB, 67.47% gc time)
44
 19.111950 seconds (3.02 M allocations: 1.924 GiB, 49.41% gc time)
741
 17.841339 seconds (2.75 M allocations: 1.725 GiB, 52.93% gc time)
858
 15.704615 seconds (1.98 M allocations: 1.252 GiB, 60.13% gc time)
617
 18.792632 seconds (2.99 M allocations: 1.888 GiB, 50.25% gc time)
679
  4.530836 seconds (1.49 M allocations: 953.282 MiB)
808
  4.580045 seconds (1.26 M allocations: 859.896 MiB)
429
 18.272927 seconds (2.76 M allocations: 1.755 GiB, 51.68% gc time)
239
 16.940196 seconds (2.52 M allocations: 1.565 GiB, 55.74% gc time)
500
  5.199942 seconds (1.52 M allocations: 1013.206 MiB)
45
  7.205259 seconds (2.36 M allocations: 1.480 GiB)
988
 20.169328 seconds (3.40 M allocations: 2.153 GiB, 46.82% gc time)
362
  8.671159 seconds (2.97 M allocations: 1.837 GiB)
553
  8.642905 seconds (2.78 M allocations: 1.753 GiB)
314
  5.781141 seconds (1.85 M allocations: 1.170 GiB)
618
  5.266653 seconds (1.58 M allocations: 1.023 GiB)
430
  4.528070 seconds (1.16 M allocations: 818.660 MiB)
46
  8.665409 seconds (2.80 M allocations: 1.764 GiB)
742
  8.635753 seconds (2.91 M allocations: 1.808 GiB)
859
  8.645537 seconds (2.78 M allocations: 1.756 GiB)
680
  6.915311 seconds (2.13 M allocations: 1.368 GiB)
501
  5.550776 seconds (1.81 M allocations: 1.139 GiB)
989
  4.517051 seconds (1.41 M allocations: 923.202 MiB)
619
  8.640939 seconds (2.92 M allocations: 1.814 GiB)
240
  4.516220 seconds (1.48 M allocations: 950.495 MiB)
431
  4.605000 seconds (1.47 M allocations: 952.557 MiB)
47
  7.698063 seconds (2.52 M allocations: 1.584 GiB)
363
 14.633314 seconds (4.08 M allocations: 2.532 GiB, 17.57% gc time)
809
 11.238122 seconds (2.90 M allocations: 1.805 GiB, 22.88% gc time)
554
 11.223421 seconds (2.83 M allocations: 1.774 GiB, 22.91% gc time)
315
  8.606062 seconds (1.73 M allocations: 1.137 GiB, 29.88% gc time)
502
  7.132677 seconds (1.28 M allocations: 864.956 MiB, 36.05% gc time)
432
  7.170035 seconds (1.23 M allocations: 846.636 MiB, 35.86% gc time)
48
  4.524358 seconds (1.17 M allocations: 820.298 MiB)
364
  9.938189 seconds (2.25 M allocations: 1.447 GiB, 25.87% gc time)
990
 12.231228 seconds (3.05 M allocations: 1.939 GiB, 21.02% gc time)
743
 12.249128 seconds (3.29 M allocations: 2.039 GiB, 20.99% gc time)
860
 11.261006 seconds (3.17 M allocations: 1.918 GiB, 22.83% gc time)
681
  5.695251 seconds (1.91 M allocations: 1.187 GiB)
810
 11.265809 seconds (2.92 M allocations: 1.813 GiB, 22.82% gc time)
241
 13.184531 seconds (3.39 M allocations: 2.141 GiB, 19.50% gc time)
620
  4.528113 seconds (1.68 M allocations: 1.011 GiB)
433
  4.571912 seconds (1.28 M allocations: 866.987 MiB)
744
  8.655396 seconds (2.76 M allocations: 1.746 GiB)
555
  7.891020 seconds (2.63 M allocations: 1.641 GiB)
  5.676702 seconds (1.68 M allocations: 1.092 GiB)
991
  6.613338 seconds (2.03 M allocations: 1.303 GiB)
365
  4.937871 seconds (1.46 M allocations: 971.181 MiB)
811
  6.180499 seconds (1.85 M allocations: 1.200 GiB)
682
  4.531768 seconds (1.28 M allocations: 869.918 MiB)
434
  8.649025 seconds (2.51 M allocations: 1.646 GiB)
861
 10.656112 seconds (3.60 M allocations: 2.236 GiB)
503
 10.495906 seconds (3.39 M allocations: 2.139 GiB)
49
  4.521832 seconds (1.32 M allocations: 884.078 MiB)
992
  8.661807 seconds (2.66 M allocations: 1.708 GiB)
242
  4.521416 seconds (1.41 M allocations: 924.873 MiB)
812
  4.525962 seconds (1.41 M allocations: 924.857 MiB)
683
  8.643874 seconds (2.92 M allocations: 1.816 GiB)
621
  7.276671 seconds (1.57 M allocations: 1008.001 MiB, 34.06% gc time)
435
 11.126664 seconds (2.70 M allocations: 1.721 GiB, 22.28% gc time)
556
 11.625403 seconds (3.07 M allocations: 1.911 GiB, 21.32% gc time)
745
  7.018481 seconds (1.45 M allocations: 935.620 MiB, 35.32% gc time)
993
 11.132723 seconds (2.92 M allocations: 1.813 GiB, 22.27% gc time)
366
  7.036728 seconds (1.41 M allocations: 923.632 MiB, 35.23% gc time)
813
  7.060886 seconds (1.42 M allocations: 928.080 MiB, 35.11% gc time)
684
  9.918395 seconds (2.59 M allocations: 1.588 GiB, 24.99% gc time)
862
  7.196024 seconds (1.57 M allocations: 1000.272 MiB, 34.45% gc time)
622
 11.570896 seconds (2.96 M allocations: 1.859 GiB, 21.42% gc time)
504
 11.237598 seconds (2.79 M allocations: 1.765 GiB, 22.06% gc time)
50
  4.535923 seconds (1.41 M allocations: 924.029 MiB)
994
 11.151198 seconds (2.92 M allocations: 1.812 GiB, 22.23% gc time)
243
  4.538562 seconds (1.41 M allocations: 924.972 MiB)
814
  4.535622 seconds (1.41 M allocations: 924.694 MiB)
685
  4.518928 seconds (1.28 M allocations: 866.881 MiB)
623
  8.712241 seconds (2.84 M allocations: 1.783 GiB)
436
  9.068136 seconds (2.95 M allocations: 1.854 GiB)
557
  9.091729 seconds (2.96 M allocations: 1.860 GiB)
746
  8.693989 seconds (2.79 M allocations: 1.761 GiB)
367
  4.519179 seconds (1.42 M allocations: 923.562 MiB)
995
  4.520893 seconds (1.41 M allocations: 918.250 MiB)
815
  8.661532 seconds (2.78 M allocations: 1.756 GiB)
863
  4.520708 seconds (1.47 M allocations: 945.223 MiB)
686
  4.520641 seconds (1.55 M allocations: 978.024 MiB)
624
  8.678896 seconds (2.92 M allocations: 1.815 GiB)
  8.681720 seconds (2.79 M allocations: 1.761 GiB)
51
  8.680406 seconds (2.65 M allocations: 1.703 GiB)
244
  4.517164 seconds (1.21 M allocations: 838.247 MiB)
996
  7.186122 seconds (1.28 M allocations: 867.974 MiB, 36.62% gc time)
  7.210864 seconds (1.02 M allocations: 756.358 MiB, 36.50% gc time)
687
  7.823276 seconds (1.20 M allocations: 870.564 MiB, 33.64% gc time)
864
 11.082048 seconds (2.53 M allocations: 1.626 GiB, 23.75% gc time)
437
  7.182634 seconds (1.23 M allocations: 833.895 MiB, 36.64% gc time)
625
 11.331005 seconds (2.76 M allocations: 1.734 GiB, 23.23% gc time)
558
 11.278503 seconds (2.72 M allocations: 1.715 GiB, 23.33% gc time)
747
 10.315498 seconds (2.41 M allocations: 1.520 GiB, 25.51% gc time)
368
  4.526719 seconds (1.42 M allocations: 897.586 MiB)
997
  4.513599 seconds (1.38 M allocations: 881.860 MiB)
688
  6.462277 seconds (1.84 M allocations: 1.186 GiB)
245
  4.497980 seconds (1.11 M allocations: 779.809 MiB)
559
  5.419326 seconds (1.64 M allocations: 1.041 GiB)
865
  5.497521 seconds (1.65 M allocations: 1.050 GiB)
438
 11.301554 seconds (2.78 M allocations: 1.727 GiB, 23.29% gc time)
52
  6.096002 seconds (1.95 M allocations: 1.218 GiB)
626
  4.515210 seconds (1.41 M allocations: 919.235 MiB)
998
  6.413660 seconds (1.86 M allocations: 1.210 GiB)
369
  6.948246 seconds (2.08 M allocations: 1.336 GiB)
748
  4.515938 seconds (1.68 M allocations: 1.009 GiB)
689
  4.919857 seconds (1.72 M allocations: 1.055 GiB)
246
  4.523432 seconds (1.66 M allocations: 1.002 GiB)
560
  4.318027 seconds (1.25 M allocations: 839.589 MiB)
627
  5.346101 seconds (1.63 M allocations: 1.046 GiB)
53
  4.525575 seconds (1.41 M allocations: 919.571 MiB)
999
  7.135932 seconds (2.31 M allocations: 1.451 GiB)
866
  4.539633 seconds (1.28 M allocations: 864.124 MiB)
690
 10.130051 seconds (2.47 M allocations: 1.562 GiB, 23.26% gc time)
439
  8.051808 seconds (1.80 M allocations: 1.138 GiB, 29.27% gc time)
749
  6.890541 seconds (1.52 M allocations: 966.899 MiB, 34.20% gc time)
247
  8.841269 seconds (2.21 M allocations: 1.367 GiB, 26.65% gc time)
370
  7.547502 seconds (1.75 M allocations: 1.082 GiB, 31.22% gc time)
561
  4.521413 seconds (1.14 M allocations: 806.186 MiB)
691
  7.202809 seconds (1.43 M allocations: 952.529 MiB, 32.72% gc time)
867
  4.433231 seconds (1.27 M allocations: 853.954 MiB)
440
  9.614635 seconds (2.23 M allocations: 1.427 GiB, 24.51% gc time)
54
  4.520112 seconds (1.08 M allocations: 781.092 MiB)
248
  9.487425 seconds (2.12 M allocations: 1.375 GiB, 24.84% gc time)
1000
  4.519827 seconds (1.12 M allocations: 799.896 MiB)
371
 11.064614 seconds (3.05 M allocations: 1.868 GiB, 21.30% gc time)
628
  4.536657 seconds (1.49 M allocations: 955.708 MiB)
562
  4.526103 seconds (1.54 M allocations: 975.271 MiB)
  4.340567 seconds (1.25 M allocations: 838.608 MiB)
441
  4.652178 seconds (1.43 M allocations: 936.870 MiB)
868
  8.667003 seconds (2.51 M allocations: 1.639 GiB)
750
  4.534132 seconds (1.32 M allocations: 873.470 MiB)
249
  4.533005 seconds (1.25 M allocations: 845.422 MiB)
372
  4.560278 seconds (1.12 M allocations: 778.639 MiB)
563
  5.738046 seconds (1.38 M allocations: 963.134 MiB)
629
  4.340445 seconds (1.08 M allocations: 728.422 MiB)
  8.456304 seconds (2.02 M allocations: 1.382 GiB)
1001
  8.684072 seconds (2.19 M allocations: 1.465 GiB)
55
  6.511396 seconds (1.02 M allocations: 713.362 MiB, 30.43% gc time)
250
  6.527718 seconds (1.03 M allocations: 721.140 MiB, 30.36% gc time)
373
  7.662295 seconds (1.59 M allocations: 1.004 GiB, 25.86% gc time)
751
  6.532023 seconds (1.22 M allocations: 801.507 MiB, 30.34% gc time)
564
  8.414995 seconds (1.93 M allocations: 1.190 GiB, 23.55% gc time)
869
  7.699197 seconds (1.46 M allocations: 976.132 MiB, 25.74% gc time)
  6.341433 seconds (1.20 M allocations: 781.826 MiB, 31.25% gc time)
  4.516685 seconds (900.29 k allocations: 659.288 MiB)
251
  4.516231 seconds (896.82 k allocations: 657.342 MiB)
374
  5.036169 seconds (1.39 M allocations: 897.144 MiB)
56
  4.494493 seconds (929.63 k allocations: 663.477 MiB)
565
  5.624618 seconds (1.29 M allocations: 881.444 MiB)
752
  5.233776 seconds (1.12 M allocations: 782.570 MiB)
870
  4.407965 seconds (980.48 k allocations: 655.818 MiB)
252
  4.389215 seconds (961.84 k allocations: 647.412 MiB)
375
  4.349748 seconds (998.13 k allocations: 659.335 MiB)
57
  4.446140 seconds (1.02 M allocations: 674.350 MiB)
566
  4.340796 seconds (1.01 M allocations: 663.199 MiB)
753
  4.344310 seconds (1.01 M allocations: 665.553 MiB)
871
  5.805752 seconds (865.14 k allocations: 602.246 MiB, 25.57% gc time)
376
  5.890197 seconds (969.40 k allocations: 651.480 MiB, 25.20% gc time)
  5.819597 seconds (875.65 k allocations: 607.865 MiB, 25.51% gc time)
58
  5.889212 seconds (875.66 k allocations: 603.304 MiB, 25.21% gc time)
567
  5.816475 seconds (862.64 k allocations: 588.797 MiB, 25.52% gc time)
  5.807398 seconds (718.76 k allocations: 521.495 MiB, 25.56% gc time)
872
  4.321412 seconds (652.91 k allocations: 450.393 MiB)
377
  4.332275 seconds (654.68 k allocations: 450.311 MiB)
59
  4.326636 seconds (640.90 k allocations: 434.963 MiB)
  4.254924 seconds (489.16 k allocations: 358.855 MiB)
873
  4.089978 seconds (458.77 k allocations: 324.885 MiB)
378
  4.696553 seconds (455.07 k allocations: 320.878 MiB, 12.91% gc time)
60
  4.614470 seconds (439.77 k allocations: 304.034 MiB, 13.14% gc time)
874
  4.008305 seconds (440.05 k allocations: 304.339 MiB)
  4.011856 seconds (305.62 k allocations: 247.443 MiB)
61
  3.948241 seconds (281.64 k allocations: 220.622 MiB)
875
  3.905562 seconds (250.47 k allocations: 185.961 MiB)
62
  4.201882 seconds (250.84 k allocations: 186.373 MiB, 7.01% gc time)
876
  3.880848 seconds (248.97 k allocations: 184.409 MiB)
63
  3.880175 seconds (250.83 k allocations: 186.366 MiB)
877
  4.051216 seconds (248.85 k allocations: 184.279 MiB, 4.24% gc time)
  3.881237 seconds (90.95 k allocations: 101.244 MiB)
