Graph 1 is connected.
Graph 2 is connected.
Graph 3 is connected.
Graph 4 is connected.
Graph 5 is connected.
Graph 6 is connected.
Graph 7 is connected.
Graph 8 is connected.
Graph 9 is connected.
Graph 10 is connected.
Graph 11 is connected.
Matrix 1 normalized.
Matrix 2 normalized.
Matrix 3 normalized.
Matrix 4 normalized.
Matrix 5 normalized.
Matrix 6 normalized.
Matrix 7 normalized.
Matrix 8 normalized.
Matrix 9 normalized.
Matrix 10 normalized.
Matrix 11 normalized.
Number of threads: 16
505
253
754
316
940
190816
568
630
878
1
692

64
442
127
379
  7.857540 seconds (959.03 k allocations: 906.035 MiB, 8.47% gc time)
254
  8.219061 seconds (926.88 k allocations: 918.848 MiB, 8.09% gc time, 0.77% compilation time)
879
  8.651632 seconds (1.09 M allocations: 1017.576 MiB, 7.69% gc time, 0.73% compilation time)
191
  8.858574 seconds (1.62 M allocations: 1.223 GiB, 7.51% gc time, 0.71% compilation time)
817
  8.730579 seconds (1.13 M allocations: 1.017 GiB, 7.62% gc time, 0.72% compilation time)
693
  9.387360 seconds (1.56 M allocations: 1.237 GiB, 7.09% gc time, 0.67% compilation time)
755
  9.391311 seconds (1.57 M allocations: 1.241 GiB, 7.08% gc time, 0.67% compilation time)
941
  9.611465 seconds (1.74 M allocations: 1.325 GiB, 6.92% gc time, 0.66% compilation time)
317
  9.829481 seconds (2.00 M allocations: 1.448 GiB, 6.77% gc time, 0.64% compilation time)
380
  9.879673 seconds (2.03 M allocations: 1.464 GiB, 6.73% gc time, 0.64% compilation time)
506
  9.919378 seconds (2.02 M allocations: 1.465 GiB, 6.71% gc time, 0.64% compilation time)
569
 10.039426 seconds (2.24 M allocations: 1.562 GiB, 6.63% gc time, 0.63% compilation time)
2
 10.894310 seconds (2.84 M allocations: 1.865 GiB, 6.11% gc time, 0.58% compilation time)
128
 10.931688 seconds (2.73 M allocations: 1.822 GiB, 6.09% gc time, 0.58% compilation time)
631
 11.127375 seconds (2.96 M allocations: 1.929 GiB, 5.98% gc time, 0.57% compilation time)
443
 11.910095 seconds (3.21 M allocations: 2.087 GiB, 5.59% gc time, 0.53% compilation time)
65
 10.750984 seconds (2.83 M allocations: 1.729 GiB, 23.36% gc time)
255
 10.155299 seconds (2.41 M allocations: 1.517 GiB, 24.73% gc time)
818
 10.474750 seconds (2.55 M allocations: 1.598 GiB, 23.98% gc time)
694
 11.337539 seconds (3.12 M allocations: 1.889 GiB, 22.16% gc time)
880
 11.450404 seconds (2.94 M allocations: 1.824 GiB, 21.94% gc time)
192
 10.726316 seconds (2.12 M allocations: 1.437 GiB, 23.42% gc time)
507
 10.923831 seconds (2.22 M allocations: 1.491 GiB, 22.99% gc time)
381
 10.972258 seconds (2.25 M allocations: 1.510 GiB, 22.89% gc time)
3
 10.362292 seconds (2.05 M allocations: 1.387 GiB, 24.24% gc time)
632
 11.496260 seconds (2.66 M allocations: 1.714 GiB, 21.85% gc time)
570
 11.716723 seconds (2.58 M allocations: 1.697 GiB, 21.44% gc time)
129
 15.984082 seconds (3.68 M allocations: 2.256 GiB, 32.24% gc time)
942
 15.726341 seconds (3.31 M allocations: 2.089 GiB, 32.77% gc time)
318
 16.161905 seconds (3.84 M allocations: 2.335 GiB, 31.89% gc time)
756
 11.336008 seconds (2.53 M allocations: 1.640 GiB, 23.31% gc time)
66
 14.693369 seconds (3.00 M allocations: 1.889 GiB, 35.08% gc time)
444
 11.679581 seconds (2.94 M allocations: 1.831 GiB, 22.62% gc time)
256
 11.006214 seconds (2.58 M allocations: 1.639 GiB, 24.01% gc time)
881
 11.669903 seconds (2.98 M allocations: 1.848 GiB, 22.64% gc time)
819
 11.539999 seconds (3.00 M allocations: 1.849 GiB, 22.90% gc time)
695
 11.191790 seconds (2.74 M allocations: 1.716 GiB, 23.61% gc time)
508
 11.659066 seconds (3.02 M allocations: 1.866 GiB, 22.66% gc time)
193
 11.422784 seconds (2.81 M allocations: 1.762 GiB, 23.13% gc time)
382
 10.930038 seconds (2.57 M allocations: 1.630 GiB, 24.17% gc time)
571
 12.256630 seconds (3.00 M allocations: 1.897 GiB, 21.56% gc time)
633
  8.505704 seconds (2.22 M allocations: 1.502 GiB)
757
 13.254278 seconds (3.45 M allocations: 2.151 GiB, 19.93% gc time)
4
  8.863873 seconds (2.54 M allocations: 1.660 GiB)
943
  8.775855 seconds (2.38 M allocations: 1.586 GiB)
445
  9.617687 seconds (3.19 M allocations: 1.981 GiB)
130
  9.865389 seconds (2.94 M allocations: 1.894 GiB)
67
 10.124479 seconds (3.15 M allocations: 1.995 GiB)
319
  8.330779 seconds (2.59 M allocations: 1.641 GiB)
820
  8.693763 seconds (2.90 M allocations: 1.793 GiB)
257
  8.721385 seconds (2.90 M allocations: 1.795 GiB)
882
  7.640880 seconds (2.38 M allocations: 1.504 GiB)
383
  9.117701 seconds (2.97 M allocations: 1.853 GiB)
696
  8.701076 seconds (3.04 M allocations: 1.849 GiB)
509
  8.477741 seconds (2.90 M allocations: 1.778 GiB)
194
  8.560563 seconds (2.89 M allocations: 1.777 GiB)
572
  7.766847 seconds (2.14 M allocations: 1.415 GiB)
446
  9.832345 seconds (3.15 M allocations: 1.972 GiB)
634
  9.483581 seconds (3.02 M allocations: 1.893 GiB)
758
  9.269259 seconds (2.89 M allocations: 1.824 GiB)
  9.151761 seconds (2.78 M allocations: 1.773 GiB)
944
5
  9.360979 seconds (2.97 M allocations: 1.865 GiB)
131
  9.171108 seconds (2.86 M allocations: 1.809 GiB)
320
  9.151088 seconds (2.90 M allocations: 1.825 GiB)
68
  8.197212 seconds (2.69 M allocations: 1.672 GiB)
821
  8.824538 seconds (2.90 M allocations: 1.803 GiB)
258
  9.290541 seconds (2.96 M allocations: 1.859 GiB)
883
  8.194912 seconds (2.31 M allocations: 1.518 GiB)
573
  9.568834 seconds (2.95 M allocations: 1.874 GiB)
697
  9.741940 seconds (3.04 M allocations: 1.924 GiB)
384
  9.350616 seconds (2.84 M allocations: 1.813 GiB)
510
  9.723876 seconds (3.14 M allocations: 1.960 GiB)
195
  8.062788 seconds (2.81 M allocations: 1.710 GiB)
447
 14.871822 seconds (2.43 M allocations: 1.544 GiB, 46.70% gc time)
6
 15.669078 seconds (2.63 M allocations: 1.677 GiB, 44.33% gc time)
945
 15.561990 seconds (2.62 M allocations: 1.665 GiB, 44.63% gc time)
132
 16.548094 seconds (3.08 M allocations: 1.924 GiB, 41.97% gc time)
759
 15.193155 seconds (2.37 M allocations: 1.541 GiB, 45.71% gc time)
 16.806743 seconds (3.26 M allocations: 2.017 GiB, 41.33% gc time)
635
321
 16.164083 seconds (2.95 M allocations: 1.846 GiB, 42.97% gc time)
69
 15.272666 seconds (2.72 M allocations: 1.692 GiB, 45.48% gc time)
259
 16.041885 seconds (3.01 M allocations: 1.863 GiB, 43.30% gc time)
822
 16.314476 seconds (2.96 M allocations: 1.863 GiB, 42.57% gc time)
884
 15.854955 seconds (2.87 M allocations: 1.791 GiB, 43.81% gc time)
574
  8.197818 seconds (2.31 M allocations: 1.518 GiB)
 16.114951 seconds (2.76 M allocations: 1.766 GiB, 43.10% gc time)
448
698
 16.150937 seconds (2.79 M allocations: 1.780 GiB, 43.00% gc time)
 15.522677 seconds (2.54 M allocations: 1.635 GiB, 44.74% gc time)
511
196
 16.270704 seconds (3.04 M allocations: 1.890 GiB, 42.69% gc time)
385
  8.476797 seconds (2.88 M allocations: 1.768 GiB)
7
  8.875267 seconds (2.92 M allocations: 1.812 GiB)
946
  9.022147 seconds (2.58 M allocations: 1.681 GiB)
  9.026948 seconds (2.59 M allocations: 1.685 GiB)
133
636
  9.018076 seconds (2.58 M allocations: 1.682 GiB)
760
  9.049134 seconds (2.62 M allocations: 1.703 GiB)
322
  9.041186 seconds (2.93 M allocations: 1.829 GiB)
70
  9.009146 seconds (2.87 M allocations: 1.802 GiB)
260
  8.981853 seconds (2.85 M allocations: 1.793 GiB)
823
  9.051494 seconds (2.94 M allocations: 1.832 GiB)
885
  9.047388 seconds (2.94 M allocations: 1.833 GiB)
575
  9.005271 seconds (2.57 M allocations: 1.679 GiB)
  9.044220 seconds (2.64 M allocations: 1.712 GiB)
449
699
  9.052514 seconds (2.57 M allocations: 1.685 GiB)
512
  9.054180 seconds (2.59 M allocations: 1.693 GiB)
197
  9.065120 seconds (2.79 M allocations: 1.777 GiB)
386
  8.997547 seconds (2.94 M allocations: 1.833 GiB)
8
  9.027304 seconds (2.94 M allocations: 1.835 GiB)
947
  8.951459 seconds (2.59 M allocations: 1.686 GiB)
134
  9.028933 seconds (2.64 M allocations: 1.711 GiB)
637
  9.048387 seconds (2.66 M allocations: 1.722 GiB)
761
  9.038670 seconds (2.65 M allocations: 1.720 GiB)
323
  8.866227 seconds (2.77 M allocations: 1.756 GiB)
71
  8.569157 seconds (2.82 M allocations: 1.755 GiB)
261
  9.282960 seconds (2.96 M allocations: 1.861 GiB)
824
  8.348228 seconds (2.73 M allocations: 1.700 GiB)
576
  9.131256 seconds (3.08 M allocations: 1.899 GiB)
886
  8.172166 seconds (2.41 M allocations: 1.557 GiB)
450
 16.650394 seconds (2.61 M allocations: 1.670 GiB, 47.78% gc time)
513
 17.064457 seconds (2.67 M allocations: 1.726 GiB, 46.62% gc time)
387
 17.436224 seconds (2.96 M allocations: 1.868 GiB, 45.63% gc time)
700
 17.508984 seconds (2.95 M allocations: 1.873 GiB, 45.44% gc time)
 16.558559 seconds (2.67 M allocations: 1.693 GiB, 48.05% gc time)
198
9
 15.676161 seconds (2.36 M allocations: 1.499 GiB, 50.75% gc time)
135
 17.961266 seconds (3.17 M allocations: 1.991 GiB, 44.30% gc time)
948
 16.807213 seconds (2.55 M allocations: 1.659 GiB, 47.34% gc time)
762
 17.064688 seconds (2.70 M allocations: 1.737 GiB, 46.62% gc time)
324
 17.005798 seconds (2.68 M allocations: 1.727 GiB, 46.78% gc time)
72
 15.320229 seconds (2.50 M allocations: 1.534 GiB, 51.93% gc time)
825
 18.229779 seconds (3.20 M allocations: 2.026 GiB, 43.64% gc time)
638
  6.578324 seconds (2.15 M allocations: 1.340 GiB)
514
 18.115551 seconds (3.32 M allocations: 2.065 GiB, 43.92% gc time)
262
 17.767345 seconds (3.15 M allocations: 1.973 GiB, 44.78% gc time)
577
  9.294666 seconds (2.86 M allocations: 1.820 GiB)
887
  9.701362 seconds (3.15 M allocations: 1.966 GiB)
451
  7.240392 seconds (2.22 M allocations: 1.417 GiB)
136
  9.523795 seconds (2.73 M allocations: 1.782 GiB)
199
  9.940360 seconds (3.03 M allocations: 1.937 GiB)
388
  9.684740 seconds (2.83 M allocations: 1.836 GiB)
10
  5.995207 seconds (1.92 M allocations: 1.206 GiB)
826
 10.722861 seconds (3.50 M allocations: 2.184 GiB)
701
  9.588353 seconds (3.14 M allocations: 1.958 GiB)
949
  9.630703 seconds (3.11 M allocations: 1.950 GiB)
763
  7.363446 seconds (2.37 M allocations: 1.490 GiB)
515
 10.020573 seconds (3.24 M allocations: 2.028 GiB)
325
  9.919318 seconds (3.18 M allocations: 1.998 GiB)
73
  9.680996 seconds (3.15 M allocations: 1.969 GiB)
639
  9.181276 seconds (2.96 M allocations: 1.857 GiB)
263
  6.129057 seconds (2.13 M allocations: 1.306 GiB)
137
  6.281960 seconds (1.75 M allocations: 1.155 GiB)
827
  9.284591 seconds (2.97 M allocations: 1.865 GiB)
452
  9.886577 seconds (3.29 M allocations: 2.040 GiB)
  9.967259 seconds (3.33 M allocations: 2.063 GiB)
578
888
  9.435901 seconds (2.99 M allocations: 1.883 GiB)
200
  9.736228 seconds (3.02 M allocations: 1.918 GiB)
389
 10.258799 seconds (3.20 M allocations: 2.027 GiB)
11
  9.805920 seconds (2.99 M allocations: 1.911 GiB)
702
  8.156217 seconds (2.58 M allocations: 1.628 GiB)
516
 15.931157 seconds (3.12 M allocations: 1.939 GiB, 40.36% gc time)
950
 15.832553 seconds (3.11 M allocations: 1.928 GiB, 40.61% gc time)
764
 15.427105 seconds (2.66 M allocations: 1.717 GiB, 41.68% gc time)
74
 15.742596 seconds (2.90 M allocations: 1.836 GiB, 40.84% gc time)
326
 15.158871 seconds (2.84 M allocations: 1.771 GiB, 42.42% gc time)
640
 14.729577 seconds (2.73 M allocations: 1.695 GiB, 43.65% gc time)
138
 15.675592 seconds (2.98 M allocations: 1.866 GiB, 41.02% gc time)
264
 15.418108 seconds (2.93 M allocations: 1.828 GiB, 41.70% gc time)
828
 15.391939 seconds (2.66 M allocations: 1.712 GiB, 41.77% gc time)
579
 15.722027 seconds (2.98 M allocations: 1.867 GiB, 40.90% gc time)
453
 15.469290 seconds (2.70 M allocations: 1.738 GiB, 41.56% gc time)
889
 15.458970 seconds (2.94 M allocations: 1.834 GiB, 41.59% gc time)
201
 15.474287 seconds (2.94 M allocations: 1.838 GiB, 41.55% gc time)
390
 15.518370 seconds (2.92 M allocations: 1.831 GiB, 41.43% gc time)
12
 15.509611 seconds (2.92 M allocations: 1.830 GiB, 41.46% gc time)
703
  9.037037 seconds (2.94 M allocations: 1.837 GiB)
517
  9.118769 seconds (2.95 M allocations: 1.846 GiB)
951
  8.741167 seconds (2.76 M allocations: 1.742 GiB)
765
  8.837234 seconds (2.83 M allocations: 1.777 GiB)
75
  9.000633 seconds (2.86 M allocations: 1.798 GiB)
327
  9.015523 seconds (2.86 M allocations: 1.801 GiB)
641
  9.038854 seconds (2.94 M allocations: 1.837 GiB)
139
  9.008637 seconds (2.94 M allocations: 1.832 GiB)
265
  9.041975 seconds (2.94 M allocations: 1.837 GiB)
829
  9.077747 seconds (2.74 M allocations: 1.753 GiB)
  9.046223 seconds (2.70 M allocations: 1.735 GiB)
580
454
  9.032346 seconds (2.74 M allocations: 1.752 GiB)
890
  9.029579 seconds (2.93 M allocations: 1.831 GiB)
202
  9.056839 seconds (2.94 M allocations: 1.835 GiB)
391
  9.062586 seconds (2.92 M allocations: 1.827 GiB)
13
  9.033656 seconds (2.89 M allocations: 1.814 GiB)
704
  9.040766 seconds (2.94 M allocations: 1.833 GiB)
518
  9.054573 seconds (2.94 M allocations: 1.835 GiB)
952
  9.012158 seconds (2.84 M allocations: 1.791 GiB)
766
  9.042106 seconds (2.85 M allocations: 1.800 GiB)
76
  9.035279 seconds (2.86 M allocations: 1.803 GiB)
328
  9.017637 seconds (2.85 M allocations: 1.797 GiB)
642
  9.028946 seconds (2.94 M allocations: 1.835 GiB)
140
  9.012123 seconds (2.94 M allocations: 1.832 GiB)
266
  9.021277 seconds (2.94 M allocations: 1.835 GiB)
830
  9.048081 seconds (2.73 M allocations: 1.749 GiB)
581
  9.066408 seconds (2.72 M allocations: 1.751 GiB)
  9.007897 seconds (2.69 M allocations: 1.733 GiB)
455
891
  9.018379 seconds (2.94 M allocations: 1.834 GiB)
203
  9.054389 seconds (2.94 M allocations: 1.838 GiB)
392
  9.034268 seconds (2.89 M allocations: 1.813 GiB)
14
  9.029661 seconds (2.87 M allocations: 1.807 GiB)
705
  9.276801 seconds (2.97 M allocations: 1.864 GiB)
519
  9.182494 seconds (2.96 M allocations: 1.853 GiB)
953
  8.977815 seconds (2.79 M allocations: 1.769 GiB)
767
  8.995413 seconds (2.82 M allocations: 1.784 GiB)
77
 16.605432 seconds (2.86 M allocations: 1.802 GiB, 45.18% gc time)
329
 16.701044 seconds (2.90 M allocations: 1.829 GiB, 44.92% gc time)
643
 16.554870 seconds (2.94 M allocations: 1.832 GiB, 45.32% gc time)
141
 16.299229 seconds (2.91 M allocations: 1.803 GiB, 46.03% gc time)
267
 16.997875 seconds (2.98 M allocations: 1.880 GiB, 44.14% gc time)
831
 16.487111 seconds (2.70 M allocations: 1.731 GiB, 45.51% gc time)
582
 16.475529 seconds (2.67 M allocations: 1.720 GiB, 45.54% gc time)
456
 16.711820 seconds (2.90 M allocations: 1.829 GiB, 44.90% gc time)
892
 15.412275 seconds (2.46 M allocations: 1.557 GiB, 48.68% gc time)
15
 16.845876 seconds (3.05 M allocations: 1.899 GiB, 44.54% gc time)
204
 16.780739 seconds (3.09 M allocations: 1.912 GiB, 44.71% gc time)
393
 16.642999 seconds (2.94 M allocations: 1.838 GiB, 45.08% gc time)
706
 16.272071 seconds (2.90 M allocations: 1.796 GiB, 46.11% gc time)
520
  8.094005 seconds (2.51 M allocations: 1.590 GiB)
768
  8.574616 seconds (2.75 M allocations: 1.725 GiB)
78
  8.820321 seconds (2.95 M allocations: 1.821 GiB)
954
  9.027947 seconds (2.80 M allocations: 1.775 GiB)
644
  9.708607 seconds (3.09 M allocations: 1.941 GiB)
330
  8.905571 seconds (2.78 M allocations: 1.758 GiB)
268
  9.679733 seconds (3.06 M allocations: 1.926 GiB)
142
  8.446838 seconds (2.87 M allocations: 1.761 GiB)
832
  8.918507 seconds (2.82 M allocations: 1.773 GiB)
583
  8.810311 seconds (2.71 M allocations: 1.720 GiB)
457
  9.767591 seconds (3.01 M allocations: 1.912 GiB)
893
  8.998489 seconds (2.88 M allocations: 1.807 GiB)
16
  9.394548 seconds (2.97 M allocations: 1.872 GiB)
205
  9.169154 seconds (2.95 M allocations: 1.848 GiB)
394
  8.809515 seconds (2.87 M allocations: 1.789 GiB)
707
  9.010067 seconds (2.82 M allocations: 1.783 GiB)
521
  9.026475 seconds (2.83 M allocations: 1.786 GiB)
769
  9.011767 seconds (2.84 M allocations: 1.791 GiB)
79
  9.006179 seconds (2.83 M allocations: 1.787 GiB)
955
  9.025272 seconds (2.94 M allocations: 1.836 GiB)
645
  9.159637 seconds (2.95 M allocations: 1.851 GiB)
331
  9.016612 seconds (2.87 M allocations: 1.806 GiB)
269
  9.147244 seconds (2.94 M allocations: 1.847 GiB)
143
  9.236775 seconds (2.96 M allocations: 1.860 GiB)
833
  8.500910 seconds (2.75 M allocations: 1.720 GiB)
458
  9.011524 seconds (2.95 M allocations: 1.839 GiB)
584
  9.060450 seconds (2.94 M allocations: 1.837 GiB)
894
  9.013479 seconds (2.93 M allocations: 1.830 GiB)
17
  9.006565 seconds (2.94 M allocations: 1.831 GiB)
206
  9.048787 seconds (2.90 M allocations: 1.820 GiB)
395
  9.049782 seconds (2.89 M allocations: 1.818 GiB)
708
  9.029582 seconds (2.82 M allocations: 1.785 GiB)
522
  9.021847 seconds (2.82 M allocations: 1.784 GiB)
770
  9.067861 seconds (2.84 M allocations: 1.795 GiB)
80
  9.047391 seconds (2.83 M allocations: 1.789 GiB)
956
 16.641591 seconds (2.72 M allocations: 1.687 GiB, 50.42% gc time)
332
 17.551916 seconds (3.07 M allocations: 1.896 GiB, 47.81% gc time)
646
 16.956400 seconds (2.75 M allocations: 1.721 GiB, 49.49% gc time)
144
 17.344690 seconds (2.97 M allocations: 1.838 GiB, 48.38% gc time)
270
 15.612013 seconds (2.35 M allocations: 1.465 GiB, 53.75% gc time)
895
 17.868015 seconds (3.07 M allocations: 1.919 GiB, 46.96% gc time)
834
 17.784927 seconds (3.10 M allocations: 1.925 GiB, 47.18% gc time)
459
 18.094039 seconds (3.14 M allocations: 1.962 GiB, 46.38% gc time)
585
 16.726559 seconds (2.78 M allocations: 1.720 GiB, 50.17% gc time)
18
 17.378208 seconds (2.93 M allocations: 1.826 GiB, 48.29% gc time)
207
 17.548569 seconds (2.91 M allocations: 1.829 GiB, 47.82% gc time)
396
 18.145316 seconds (3.01 M allocations: 1.912 GiB, 46.25% gc time)
709
 17.838711 seconds (2.88 M allocations: 1.835 GiB, 47.04% gc time)
523
  8.949534 seconds (2.64 M allocations: 1.705 GiB)
957
 18.118650 seconds (3.13 M allocations: 1.960 GiB, 46.31% gc time)
771
  9.645370 seconds (3.03 M allocations: 1.912 GiB)
81
  8.854190 seconds (2.79 M allocations: 1.759 GiB)
647
  8.246365 seconds (2.59 M allocations: 1.634 GiB)
271
 10.018238 seconds (3.31 M allocations: 2.052 GiB)
333
  9.192036 seconds (2.99 M allocations: 1.865 GiB)
145
  8.596759 seconds (2.75 M allocations: 1.723 GiB)
835
  7.427502 seconds (2.25 M allocations: 1.440 GiB)
19
  8.740272 seconds (2.91 M allocations: 1.800 GiB)
460
  8.642700 seconds (2.63 M allocations: 1.679 GiB)
208
  8.422258 seconds (2.60 M allocations: 1.653 GiB)
397
 11.739885 seconds (3.72 M allocations: 2.340 GiB)
896
  8.294736 seconds (2.73 M allocations: 1.697 GiB)
710
 11.491035 seconds (3.60 M allocations: 2.277 GiB)
586
  8.395037 seconds (2.78 M allocations: 1.726 GiB)
524
  7.893955 seconds (2.55 M allocations: 1.598 GiB)
82
  8.748348 seconds (2.94 M allocations: 1.816 GiB)
958
  8.189991 seconds (2.58 M allocations: 1.631 GiB)
272
  8.650998 seconds (2.81 M allocations: 1.756 GiB)
648
 10.271788 seconds (3.47 M allocations: 2.140 GiB)
772
  7.612876 seconds (2.26 M allocations: 1.456 GiB)
461
  8.224394 seconds (2.58 M allocations: 1.631 GiB)
836
  8.574732 seconds (2.76 M allocations: 1.729 GiB)
20
 11.345885 seconds (3.52 M allocations: 2.234 GiB)
334
 11.763217 seconds (3.62 M allocations: 2.305 GiB)
146
  8.071426 seconds (2.84 M allocations: 1.731 GiB)
209
  8.226125 seconds (2.59 M allocations: 1.637 GiB)
711
  8.858205 seconds (2.91 M allocations: 1.811 GiB)
398
  7.200749 seconds (2.18 M allocations: 1.401 GiB)
959
 14.024545 seconds (2.69 M allocations: 1.657 GiB, 43.68% gc time)
525
 14.022838 seconds (2.58 M allocations: 1.611 GiB, 43.69% gc time)
83
 16.287756 seconds (3.27 M allocations: 2.049 GiB, 37.61% gc time)
587
 14.659761 seconds (2.60 M allocations: 1.662 GiB, 41.79% gc time)
649
 17.831399 seconds (3.95 M allocations: 2.440 GiB, 34.36% gc time)
897
 15.048568 seconds (2.89 M allocations: 1.812 GiB, 40.71% gc time)
273
 14.166743 seconds (2.69 M allocations: 1.668 GiB, 43.24% gc time)
462
 14.350472 seconds (2.73 M allocations: 1.694 GiB, 42.69% gc time)
837
 14.427107 seconds (2.73 M allocations: 1.701 GiB, 42.46% gc time)
21
 17.963062 seconds (3.63 M allocations: 2.316 GiB, 34.10% gc time)
773
 14.781488 seconds (2.63 M allocations: 1.684 GiB, 41.44% gc time)
210
  7.957340 seconds (2.29 M allocations: 1.495 GiB)
960
 14.289516 seconds (2.45 M allocations: 1.574 GiB, 42.87% gc time)
399
 14.577961 seconds (2.71 M allocations: 1.702 GiB, 42.02% gc time)
712
  8.213909 seconds (2.45 M allocations: 1.577 GiB)
84
  8.802331 seconds (2.74 M allocations: 1.738 GiB)
526
 17.435867 seconds (3.85 M allocations: 2.368 GiB, 35.14% gc time)
147
 18.380263 seconds (4.21 M allocations: 2.582 GiB, 33.33% gc time)
335
  7.800028 seconds (2.64 M allocations: 1.626 GiB)
650
  8.504958 seconds (2.61 M allocations: 1.664 GiB)
274
  9.437781 seconds (3.22 M allocations: 1.979 GiB)
588
  8.183638 seconds (2.72 M allocations: 1.685 GiB)
463
  8.644979 seconds (2.77 M allocations: 1.737 GiB)
838
 10.828486 seconds (3.40 M allocations: 2.151 GiB)
898
  8.933236 seconds (2.93 M allocations: 1.826 GiB)
22
  8.563025 seconds (2.75 M allocations: 1.726 GiB)
211
  9.450655 seconds (3.04 M allocations: 1.907 GiB)
774
  8.614069 seconds (2.70 M allocations: 1.709 GiB)
400
  8.955855 seconds (2.80 M allocations: 1.773 GiB)
713
  9.211313 seconds (2.98 M allocations: 1.864 GiB)
961
  9.161420 seconds (2.92 M allocations: 1.834 GiB)
85
  9.008134 seconds (2.82 M allocations: 1.786 GiB)
527
  9.020740 seconds (2.94 M allocations: 1.832 GiB)
148
  9.022083 seconds (2.93 M allocations: 1.830 GiB)
336
  9.014959 seconds (2.94 M allocations: 1.834 GiB)
651
  9.032777 seconds (2.94 M allocations: 1.836 GiB)
275
  9.035321 seconds (2.94 M allocations: 1.836 GiB)
589
  9.029977 seconds (2.94 M allocations: 1.835 GiB)
464
  9.014660 seconds (2.94 M allocations: 1.833 GiB)
839
  9.024175 seconds (2.94 M allocations: 1.834 GiB)
899
  9.012829 seconds (2.94 M allocations: 1.835 GiB)
23
  9.008893 seconds (2.87 M allocations: 1.805 GiB)
212
  9.012941 seconds (2.87 M allocations: 1.804 GiB)
775
  9.030949 seconds (2.94 M allocations: 1.836 GiB)
401
  9.042146 seconds (2.85 M allocations: 1.799 GiB)
714
  9.002909 seconds (2.82 M allocations: 1.785 GiB)
962
  9.028608 seconds (2.83 M allocations: 1.792 GiB)
86
  9.014566 seconds (2.82 M allocations: 1.786 GiB)
528
 16.740763 seconds (2.94 M allocations: 1.832 GiB, 46.18% gc time)
149
 16.692013 seconds (2.90 M allocations: 1.815 GiB, 46.31% gc time)
337
 16.882815 seconds (2.95 M allocations: 1.845 GiB, 45.79% gc time)
652
 16.837314 seconds (2.94 M allocations: 1.839 GiB, 45.91% gc time)
276
 17.235569 seconds (2.98 M allocations: 1.885 GiB, 44.85% gc time)
590
 15.491118 seconds (2.45 M allocations: 1.544 GiB, 49.90% gc time)
900
 16.819190 seconds (2.92 M allocations: 1.830 GiB, 45.96% gc time)
465
 15.952976 seconds (2.72 M allocations: 1.686 GiB, 48.46% gc time)
24
 17.374345 seconds (3.27 M allocations: 2.011 GiB, 44.49% gc time)
840
 14.795143 seconds (2.54 M allocations: 1.535 GiB, 52.25% gc time)
213
 16.717530 seconds (2.93 M allocations: 1.826 GiB, 46.24% gc time)
776
 17.046478 seconds (2.96 M allocations: 1.862 GiB, 45.35% gc time)
402
 16.794432 seconds (2.80 M allocations: 1.777 GiB, 46.03% gc time)
963
 17.925437 seconds (3.07 M allocations: 1.967 GiB, 43.13% gc time)
715
  9.728117 seconds (2.87 M allocations: 1.856 GiB)
  9.368416 seconds (2.68 M allocations: 1.754 GiB)
529
150
 10.326589 seconds (3.22 M allocations: 2.039 GiB)
87
  6.462476 seconds (1.82 M allocations: 1.197 GiB)
25
  9.967958 seconds (3.16 M allocations: 1.993 GiB)
338
  7.497973 seconds (2.31 M allocations: 1.474 GiB)
901
  6.934881 seconds (2.07 M allocations: 1.336 GiB)
214
 10.701298 seconds (3.52 M allocations: 2.192 GiB)
653
  9.895806 seconds (3.34 M allocations: 2.062 GiB)
277
  9.130216 seconds (3.05 M allocations: 1.892 GiB)
466
  9.481356 seconds (3.31 M allocations: 2.022 GiB)
591
  8.411381 seconds (2.88 M allocations: 1.774 GiB)
841
  7.882152 seconds (2.70 M allocations: 1.662 GiB)
403
  8.952368 seconds (3.01 M allocations: 1.866 GiB)
777
  8.267101 seconds (2.87 M allocations: 1.758 GiB)
964
  8.754895 seconds (2.92 M allocations: 1.810 GiB)
716
  7.998931 seconds (2.60 M allocations: 1.627 GiB)
530
  8.738922 seconds (2.41 M allocations: 1.600 GiB)
339
  8.681712 seconds (2.38 M allocations: 1.583 GiB)
902
 11.075367 seconds (3.42 M allocations: 2.179 GiB)
151
 10.629250 seconds (3.18 M allocations: 2.049 GiB)
  8.306155 seconds (1.97 M allocations: 1.386 GiB)
88
592
  8.947744 seconds (2.55 M allocations: 1.670 GiB)
278
  9.024449 seconds (2.64 M allocations: 1.715 GiB)
467
 11.348161 seconds (3.85 M allocations: 2.372 GiB)
26
  8.951502 seconds (2.65 M allocations: 1.711 GiB)
842
 11.279439 seconds (3.71 M allocations: 2.312 GiB)
215
 11.150971 seconds (3.50 M allocations: 2.216 GiB)
654
  7.888185 seconds (2.73 M allocations: 1.673 GiB)
404
  7.887551 seconds (2.76 M allocations: 1.685 GiB)
778
  7.528672 seconds (2.63 M allocations: 1.607 GiB)
965
  8.246639 seconds (2.76 M allocations: 1.710 GiB)
717
  8.265736 seconds (2.77 M allocations: 1.713 GiB)
531
  8.593145 seconds (2.76 M allocations: 1.731 GiB)
903
 16.507393 seconds (2.87 M allocations: 1.789 GiB, 46.77% gc time)
340
 15.835720 seconds (2.44 M allocations: 1.562 GiB, 48.76% gc time)
279
 16.604384 seconds (2.73 M allocations: 1.738 GiB, 46.50% gc time)
593
 16.406136 seconds (2.63 M allocations: 1.681 GiB, 47.06% gc time)
468
 17.177017 seconds (3.03 M allocations: 1.897 GiB, 44.95% gc time)
89
 16.405205 seconds (2.63 M allocations: 1.680 GiB, 47.06% gc time)
843
 17.951881 seconds (3.53 M allocations: 2.158 GiB, 43.01% gc time)
152
 15.879239 seconds (2.19 M allocations: 1.465 GiB, 48.62% gc time)
779
 17.878941 seconds (3.20 M allocations: 2.019 GiB, 43.18% gc time)
27
 16.502880 seconds (2.68 M allocations: 1.706 GiB, 46.78% gc time)
405
 17.519280 seconds (3.28 M allocations: 2.027 GiB, 44.07% gc time)
216
 16.779938 seconds (2.69 M allocations: 1.732 GiB, 46.01% gc time)
966
 17.521498 seconds (3.38 M allocations: 2.068 GiB, 44.06% gc time)
655
 16.738831 seconds (2.86 M allocations: 1.798 GiB, 46.12% gc time)
718
 16.818829 seconds (2.91 M allocations: 1.825 GiB, 45.91% gc time)
532
  8.994947 seconds (2.88 M allocations: 1.810 GiB)
904
  9.145004 seconds (2.95 M allocations: 1.847 GiB)
341
  8.999621 seconds (2.93 M allocations: 1.829 GiB)
280
  9.022509 seconds (2.87 M allocations: 1.806 GiB)
594
  9.010301 seconds (2.92 M allocations: 1.827 GiB)
469
  9.040630 seconds (2.94 M allocations: 1.834 GiB)
90
  9.163901 seconds (2.95 M allocations: 1.848 GiB)
844
  9.011004 seconds (2.86 M allocations: 1.801 GiB)
153
  8.835322 seconds (2.83 M allocations: 1.777 GiB)
780
  9.046084 seconds (2.94 M allocations: 1.837 GiB)
28
  8.506443 seconds (2.63 M allocations: 1.671 GiB)
217
  9.189535 seconds (3.07 M allocations: 1.901 GiB)
406
  8.898764 seconds (2.87 M allocations: 1.799 GiB)
967
  9.021940 seconds (2.94 M allocations: 1.835 GiB)
656
  9.006934 seconds (2.90 M allocations: 1.818 GiB)
719
  8.927671 seconds (2.86 M allocations: 1.796 GiB)
533
  9.076123 seconds (2.95 M allocations: 1.842 GiB)
905
  9.135822 seconds (2.95 M allocations: 1.851 GiB)
342
  9.023645 seconds (2.87 M allocations: 1.807 GiB)
281
  8.671325 seconds (2.65 M allocations: 1.697 GiB)
470
  9.114617 seconds (3.00 M allocations: 1.867 GiB)
595
  9.045277 seconds (2.95 M allocations: 1.843 GiB)
91
  9.102169 seconds (2.88 M allocations: 1.817 GiB)
845
  9.047719 seconds (2.84 M allocations: 1.800 GiB)
154
  8.985184 seconds (2.94 M allocations: 1.831 GiB)
781
  8.600121 seconds (2.70 M allocations: 1.707 GiB)
218
  9.026991 seconds (3.01 M allocations: 1.863 GiB)
29
  9.138679 seconds (2.91 M allocations: 1.828 GiB)
407
  9.000622 seconds (2.86 M allocations: 1.801 GiB)
968
  9.060129 seconds (2.94 M allocations: 1.838 GiB)
657
  9.010620 seconds (2.87 M allocations: 1.803 GiB)
720
  9.047806 seconds (2.89 M allocations: 1.815 GiB)
534
  9.026542 seconds (2.94 M allocations: 1.834 GiB)
906
 16.640474 seconds (2.93 M allocations: 1.829 GiB, 45.95% gc time)
343
 16.574749 seconds (2.74 M allocations: 1.745 GiB, 46.14% gc time)
471
 16.676258 seconds (2.82 M allocations: 1.786 GiB, 45.86% gc time)
282
 16.684743 seconds (2.90 M allocations: 1.817 GiB, 45.83% gc time)
596
 16.676251 seconds (2.94 M allocations: 1.835 GiB, 45.86% gc time)
92
 16.643135 seconds (2.84 M allocations: 1.791 GiB, 45.95% gc time)
846
 16.700639 seconds (2.86 M allocations: 1.806 GiB, 45.79% gc time)
155
 16.657231 seconds (2.90 M allocations: 1.817 GiB, 45.91% gc time)
782
 16.664574 seconds (2.85 M allocations: 1.797 GiB, 45.89% gc time)
219
 16.673006 seconds (2.89 M allocations: 1.815 GiB, 45.86% gc time)
30
 16.686736 seconds (2.88 M allocations: 1.810 GiB, 45.83% gc time)
408
 16.645028 seconds (2.85 M allocations: 1.796 GiB, 45.94% gc time)
969
 16.696509 seconds (2.94 M allocations: 1.836 GiB, 45.80% gc time)
658
 16.691637 seconds (2.89 M allocations: 1.812 GiB, 45.81% gc time)
721
 16.712444 seconds (2.89 M allocations: 1.814 GiB, 45.76% gc time)
535
  9.008632 seconds (2.93 M allocations: 1.831 GiB)
907
  8.987623 seconds (2.93 M allocations: 1.826 GiB)
344
  8.999424 seconds (2.82 M allocations: 1.779 GiB)
472
  8.987914 seconds (2.78 M allocations: 1.765 GiB)
283
  8.913730 seconds (2.77 M allocations: 1.755 GiB)
597
  9.159603 seconds (2.95 M allocations: 1.844 GiB)
93
  9.004419 seconds (2.85 M allocations: 1.793 GiB)
847
  9.229741 seconds (2.96 M allocations: 1.855 GiB)
156
  8.867697 seconds (2.86 M allocations: 1.789 GiB)
783
  8.725629 seconds (2.76 M allocations: 1.740 GiB)
31
  9.068090 seconds (2.97 M allocations: 1.849 GiB)
220
  8.815380 seconds (2.78 M allocations: 1.757 GiB)
970
  9.117732 seconds (2.96 M allocations: 1.851 GiB)
409
  9.183260 seconds (2.96 M allocations: 1.856 GiB)
659
  9.023465 seconds (2.89 M allocations: 1.817 GiB)
722
  9.131536 seconds (2.95 M allocations: 1.850 GiB)
536
  9.205269 seconds (2.96 M allocations: 1.861 GiB)
908
  9.042292 seconds (2.95 M allocations: 1.843 GiB)
345
  9.012874 seconds (2.77 M allocations: 1.768 GiB)
473
  9.022838 seconds (2.73 M allocations: 1.752 GiB)
  9.029449 seconds (2.73 M allocations: 1.755 GiB)
598
284
  9.056867 seconds (2.95 M allocations: 1.846 GiB)
94
  9.025782 seconds (2.94 M allocations: 1.841 GiB)
848
  9.056653 seconds (2.90 M allocations: 1.822 GiB)
157
  9.032937 seconds (2.89 M allocations: 1.819 GiB)
784
  9.022839 seconds (2.87 M allocations: 1.810 GiB)
32
  9.014999 seconds (2.87 M allocations: 1.810 GiB)
221
  9.007268 seconds (2.89 M allocations: 1.815 GiB)
971
  9.061071 seconds (2.92 M allocations: 1.830 GiB)
410
  6.874686 seconds (2.56 M allocations: 1.531 GiB)
723
  9.039175 seconds (3.08 M allocations: 1.893 GiB)
660
  9.029754 seconds (2.94 M allocations: 1.834 GiB)
537
  9.036518 seconds (2.94 M allocations: 1.833 GiB)
909
 10.074523 seconds (3.04 M allocations: 1.949 GiB)
  9.083598 seconds (2.65 M allocations: 1.718 GiB)
474
346
 17.995422 seconds (2.70 M allocations: 1.746 GiB, 48.84% gc time)
285
 17.022390 seconds (2.40 M allocations: 1.553 GiB, 51.63% gc time)
158
 18.973091 seconds (3.18 M allocations: 2.010 GiB, 46.32% gc time)
599
 17.057103 seconds (2.31 M allocations: 1.519 GiB, 51.53% gc time)
33
 18.271664 seconds (3.08 M allocations: 1.919 GiB, 48.10% gc time)
95
 18.194339 seconds (2.96 M allocations: 1.867 GiB, 48.31% gc time)
785
 16.876183 seconds (2.17 M allocations: 1.448 GiB, 52.08% gc time)
661
 17.449782 seconds (2.39 M allocations: 1.581 GiB, 50.37% gc time)
724
 18.470516 seconds (2.92 M allocations: 1.867 GiB, 47.59% gc time)
222
 19.411691 seconds (3.64 M allocations: 2.232 GiB, 45.28% gc time)
849
 18.508735 seconds (3.24 M allocations: 2.003 GiB, 47.49% gc time)
972
 18.475185 seconds (3.19 M allocations: 1.977 GiB, 47.57% gc time)
411
 16.443425 seconds (2.66 M allocations: 1.621 GiB, 53.45% gc time)
910
 18.795778 seconds (3.17 M allocations: 1.993 GiB, 46.76% gc time)
538
  6.582920 seconds (2.29 M allocations: 1.396 GiB)
159
  6.084701 seconds (1.51 M allocations: 1.042 GiB)
662
  9.150171 seconds (2.95 M allocations: 1.847 GiB)
286
  9.584353 seconds (3.24 M allocations: 1.997 GiB)
  9.453865 seconds (3.11 M allocations: 1.935 GiB)
475
347
  8.586676 seconds (2.62 M allocations: 1.674 GiB)
  9.441829 seconds (2.85 M allocations: 1.828 GiB)
786
34
 10.335663 seconds (3.37 M allocations: 2.100 GiB)
600
 10.334267 seconds (3.26 M allocations: 2.055 GiB)
96
  8.933039 seconds (2.68 M allocations: 1.718 GiB)
725
  9.707176 seconds (2.87 M allocations: 1.853 GiB)
850
  9.518423 seconds (2.72 M allocations: 1.778 GiB)
412
 10.365953 seconds (3.13 M allocations: 2.006 GiB)
223
  7.174116 seconds (2.52 M allocations: 1.536 GiB)
911
 10.405080 seconds (3.31 M allocations: 2.082 GiB)
973
  6.673317 seconds (2.56 M allocations: 1.518 GiB)
160
  8.730309 seconds (3.04 M allocations: 1.856 GiB)
539
  6.594181 seconds (2.60 M allocations: 1.527 GiB)
663
  9.664406 seconds (2.86 M allocations: 1.844 GiB)
287
  9.624323 seconds (2.79 M allocations: 1.813 GiB)
348
  9.973649 seconds (3.03 M allocations: 1.939 GiB)
476
  6.728481 seconds (1.63 M allocations: 1.137 GiB)
912
  8.791237 seconds (2.52 M allocations: 1.646 GiB)
97
  9.898577 seconds (3.07 M allocations: 1.952 GiB)
787
  6.499951 seconds (1.63 M allocations: 1.124 GiB)
161
 16.704177 seconds (3.49 M allocations: 2.165 GiB, 37.06% gc time)
35
 16.172691 seconds (3.17 M allocations: 1.995 GiB, 38.28% gc time)
726
 16.670736 seconds (3.51 M allocations: 2.168 GiB, 37.13% gc time)
601
 15.882230 seconds (3.28 M allocations: 2.019 GiB, 38.98% gc time)
851
 15.273422 seconds (2.89 M allocations: 1.818 GiB, 40.53% gc time)
224
 15.862683 seconds (3.25 M allocations: 2.008 GiB, 39.03% gc time)
413
 15.696296 seconds (3.12 M allocations: 1.944 GiB, 39.44% gc time)
974
 15.322943 seconds (2.72 M allocations: 1.752 GiB, 40.40% gc time)
 14.003795 seconds (2.55 M allocations: 1.590 GiB, 44.21% gc time)
540
664
 13.718962 seconds (2.51 M allocations: 1.555 GiB, 45.12% gc time)
477
 14.659883 seconds (2.89 M allocations: 1.775 GiB, 42.23% gc time)
349
 15.055964 seconds (3.06 M allocations: 1.871 GiB, 41.12% gc time)
288
 13.927927 seconds (2.56 M allocations: 1.586 GiB, 44.45% gc time)
98
 14.769799 seconds (3.01 M allocations: 1.830 GiB, 41.91% gc time)
913
  8.035745 seconds (2.57 M allocations: 1.615 GiB)
36
  8.017780 seconds (2.55 M allocations: 1.606 GiB)
727
 15.261462 seconds (3.01 M allocations: 1.868 GiB, 40.56% gc time)
788
  9.020917 seconds (3.05 M allocations: 1.881 GiB)
162
  8.279758 seconds (2.59 M allocations: 1.637 GiB)
225
  8.458710 seconds (2.69 M allocations: 1.692 GiB)
852
  7.980005 seconds (2.56 M allocations: 1.604 GiB)
414
  9.031846 seconds (3.14 M allocations: 1.917 GiB)
602
  9.077803 seconds (2.76 M allocations: 1.760 GiB)
975
  9.022619 seconds (2.70 M allocations: 1.733 GiB)
  9.006639 seconds (2.70 M allocations: 1.731 GiB)
665
541
  9.003142 seconds (2.93 M allocations: 1.827 GiB)
478
  9.010135 seconds (2.93 M allocations: 1.826 GiB)
350
  9.034348 seconds (2.92 M allocations: 1.823 GiB)
289
  9.010633 seconds (2.90 M allocations: 1.814 GiB)
99
  9.025314 seconds (2.93 M allocations: 1.829 GiB)
914
  9.017405 seconds (2.93 M allocations: 1.829 GiB)
37
  9.057985 seconds (2.79 M allocations: 1.772 GiB)
728
  9.038304 seconds (2.74 M allocations: 1.753 GiB)
789
  9.041431 seconds (2.77 M allocations: 1.766 GiB)
163
  8.995254 seconds (2.83 M allocations: 1.786 GiB)
226
  9.017192 seconds (2.71 M allocations: 1.739 GiB)
853
  9.031401 seconds (2.72 M allocations: 1.745 GiB)
415
  9.019904 seconds (2.76 M allocations: 1.763 GiB)
603
  9.031291 seconds (2.68 M allocations: 1.728 GiB)
666
  9.151985 seconds (2.78 M allocations: 1.780 GiB)
976
  9.147565 seconds (2.77 M allocations: 1.778 GiB)
542
  8.669172 seconds (2.76 M allocations: 1.739 GiB)
479
  9.006118 seconds (2.94 M allocations: 1.838 GiB)
351
  9.008485 seconds (2.91 M allocations: 1.826 GiB)
290
  9.007872 seconds (2.91 M allocations: 1.827 GiB)
100
  9.018310 seconds (2.94 M allocations: 1.839 GiB)
915
  8.999907 seconds (2.94 M allocations: 1.836 GiB)
38
 16.122952 seconds (2.72 M allocations: 1.744 GiB, 43.98% gc time)
790
 16.259719 seconds (2.80 M allocations: 1.789 GiB, 43.61% gc time)
729
 16.168816 seconds (2.75 M allocations: 1.761 GiB, 43.86% gc time)
164
 16.095691 seconds (2.86 M allocations: 1.797 GiB, 44.06% gc time)
227
 16.119874 seconds (2.57 M allocations: 1.680 GiB, 43.99% gc time)
 16.172558 seconds (2.54 M allocations: 1.673 GiB, 43.85% gc time) 16.134382 seconds (2.65 M allocations: 1.715 GiB, 43.95% gc time)

854
416
604
 15.497805 seconds (2.64 M allocations: 1.667 GiB, 45.76% gc time)
667
 15.712852 seconds (2.74 M allocations: 1.723 GiB, 45.13% gc time)
977
 15.704627 seconds (2.72 M allocations: 1.713 GiB, 45.16% gc time)
543
 16.024099 seconds (2.93 M allocations: 1.821 GiB, 44.26% gc time)
480
 15.236722 seconds (2.76 M allocations: 1.698 GiB, 46.54% gc time)
352
 15.428382 seconds (2.73 M allocations: 1.697 GiB, 45.96% gc time)
101
 16.054323 seconds (3.04 M allocations: 1.867 GiB, 44.17% gc time)
291
 15.957054 seconds (2.92 M allocations: 1.813 GiB, 44.44% gc time)
916
  8.694737 seconds (2.88 M allocations: 1.786 GiB)
39
  8.590899 seconds (2.73 M allocations: 1.717 GiB)
791
  8.563017 seconds (2.66 M allocations: 1.690 GiB)
730
  8.554706 seconds (2.67 M allocations: 1.694 GiB)
165
  8.987670 seconds (2.56 M allocations: 1.675 GiB)
855
  9.032150 seconds (2.58 M allocations: 1.686 GiB)
417
  9.089197 seconds (2.63 M allocations: 1.713 GiB)
228
  9.054671 seconds (2.61 M allocations: 1.702 GiB)
605
  9.011586 seconds (2.93 M allocations: 1.829 GiB)
668
  9.022812 seconds (2.82 M allocations: 1.784 GiB)
978
  9.005288 seconds (2.83 M allocations: 1.788 GiB)
544
  9.049629 seconds (2.86 M allocations: 1.802 GiB)
481
  9.034345 seconds (2.85 M allocations: 1.801 GiB)
353
  9.005223 seconds (2.94 M allocations: 1.834 GiB)
102
  9.011779 seconds (2.94 M allocations: 1.833 GiB)
292
  9.014496 seconds (2.92 M allocations: 1.827 GiB)
917
  9.008095 seconds (2.91 M allocations: 1.824 GiB)
40
  9.038815 seconds (2.75 M allocations: 1.755 GiB)
792
  9.016948 seconds (2.71 M allocations: 1.737 GiB)
731
  9.049785 seconds (2.75 M allocations: 1.760 GiB)
166
  9.026081 seconds (2.66 M allocations: 1.716 GiB)
856
  9.050225 seconds (2.60 M allocations: 1.697 GiB)
  9.050299 seconds (2.60 M allocations: 1.696 GiB)
418
229
  9.046447 seconds (2.62 M allocations: 1.706 GiB)
606
  9.016046 seconds (2.91 M allocations: 1.822 GiB)
669
  9.028305 seconds (2.81 M allocations: 1.779 GiB)
979
  9.017269 seconds (2.81 M allocations: 1.781 GiB)
545
  9.013740 seconds (2.85 M allocations: 1.795 GiB)
482
  9.049338 seconds (2.87 M allocations: 1.804 GiB)
354
  9.016060 seconds (2.94 M allocations: 1.832 GiB)
103
  9.002608 seconds (2.93 M allocations: 1.830 GiB)
293
  9.028036 seconds (2.91 M allocations: 1.823 GiB)
918
  9.040103 seconds (2.91 M allocations: 1.825 GiB)
41
  9.049370 seconds (2.76 M allocations: 1.763 GiB)
  8.996643 seconds (2.70 M allocations: 1.736 GiB)
793
732
  9.115267 seconds (2.80 M allocations: 1.785 GiB)
167
 16.691774 seconds (2.48 M allocations: 1.604 GiB, 49.09% gc time)
607
 17.276900 seconds (2.82 M allocations: 1.786 GiB, 47.43% gc time)
857
 17.331375 seconds (2.76 M allocations: 1.768 GiB, 47.28% gc time)
230
 17.621550 seconds (2.99 M allocations: 1.882 GiB, 46.50% gc time)
419
 15.879869 seconds (2.79 M allocations: 1.677 GiB, 51.60% gc time)
670
 15.477879 seconds (2.42 M allocations: 1.498 GiB, 52.94% gc time)
483
 17.419903 seconds (2.96 M allocations: 1.856 GiB, 47.04% gc time)
546
 17.567218 seconds (3.04 M allocations: 1.900 GiB, 46.64% gc time)
980
 17.006664 seconds (2.76 M allocations: 1.746 GiB, 48.18% gc time)
355
 17.888910 seconds (3.00 M allocations: 1.906 GiB, 45.81% gc time)
104
 17.518273 seconds (2.84 M allocations: 1.812 GiB, 46.78% gc time)
294
 17.591177 seconds (2.94 M allocations: 1.856 GiB, 46.58% gc time)
919
  9.101428 seconds (2.63 M allocations: 1.712 GiB)
794
  9.306768 seconds (2.70 M allocations: 1.756 GiB)
168
 18.462340 seconds (3.21 M allocations: 2.030 GiB, 44.38% gc time)
42
  9.978715 seconds (3.08 M allocations: 1.958 GiB)
733
  8.072599 seconds (2.57 M allocations: 1.617 GiB)
231
  8.785094 seconds (2.97 M allocations: 1.830 GiB)
608
  8.182062 seconds (2.71 M allocations: 1.683 GiB)
420
  8.998774 seconds (3.14 M allocations: 1.916 GiB)
858
  8.129002 seconds (2.46 M allocations: 1.575 GiB)
547
 10.836434 seconds (3.26 M allocations: 2.090 GiB)
671
  9.172813 seconds (2.67 M allocations: 1.735 GiB)
981
  9.194376 seconds (2.71 M allocations: 1.754 GiB)
356
 10.901730 seconds (3.32 M allocations: 2.122 GiB)
484
  8.244104 seconds (2.73 M allocations: 1.696 GiB)
105
  8.462074 seconds (2.88 M allocations: 1.772 GiB)
295
  8.164762 seconds (2.85 M allocations: 1.739 GiB)
920
  7.931032 seconds (2.83 M allocations: 1.714 GiB)
795
  8.536327 seconds (2.79 M allocations: 1.740 GiB)
169
  7.456944 seconds (2.42 M allocations: 1.512 GiB)
232
  7.892258 seconds (2.42 M allocations: 1.542 GiB)
421
  9.812847 seconds (3.28 M allocations: 2.029 GiB)
43
  8.563842 seconds (2.62 M allocations: 1.670 GiB)
859
 11.727267 seconds (3.62 M allocations: 2.300 GiB)
734
  8.129020 seconds (2.71 M allocations: 1.678 GiB)
548
 11.686583 seconds (3.61 M allocations: 2.295 GiB)
609
  8.068233 seconds (2.57 M allocations: 1.616 GiB)
982
  8.439087 seconds (2.67 M allocations: 1.683 GiB)
357
  8.075079 seconds (2.57 M allocations: 1.618 GiB)
106
  7.917289 seconds (2.49 M allocations: 1.572 GiB)
296
  8.042710 seconds (2.57 M allocations: 1.616 GiB)
921
 10.797271 seconds (3.69 M allocations: 2.265 GiB)
672
  8.671669 seconds (2.66 M allocations: 1.695 GiB)
796
  8.564634 seconds (2.74 M allocations: 1.721 GiB)
170
 11.578527 seconds (3.84 M allocations: 2.383 GiB)
485
 16.038559 seconds (2.93 M allocations: 1.820 GiB, 44.53% gc time)
233
 15.657550 seconds (2.87 M allocations: 1.772 GiB, 45.61% gc time)
422
 15.657710 seconds (2.75 M allocations: 1.721 GiB, 45.61% gc time)
860
 17.032904 seconds (3.16 M allocations: 1.987 GiB, 41.93% gc time)
44
 15.338454 seconds (2.72 M allocations: 1.686 GiB, 46.56% gc time)
549
 16.875506 seconds (3.14 M allocations: 1.968 GiB, 42.32% gc time)
735
 16.730167 seconds (2.99 M allocations: 1.895 GiB, 42.69% gc time)
610
 16.205063 seconds (2.85 M allocations: 1.801 GiB, 44.07% gc time)
983
 16.203125 seconds (2.94 M allocations: 1.836 GiB, 44.08% gc time)
358
 16.017764 seconds (2.77 M allocations: 1.753 GiB, 44.59% gc time)
107
 16.180450 seconds (2.94 M allocations: 1.834 GiB, 44.14% gc time)
297
 16.163368 seconds (2.94 M allocations: 1.832 GiB, 44.18% gc time)
922
 15.884602 seconds (2.80 M allocations: 1.755 GiB, 44.96% gc time)
673
 16.180221 seconds (2.94 M allocations: 1.833 GiB, 44.14% gc time)
797
 15.811080 seconds (2.77 M allocations: 1.737 GiB, 45.17% gc time)
486
 16.270283 seconds (3.04 M allocations: 1.880 GiB, 43.89% gc time)
171
  9.375355 seconds (2.97 M allocations: 1.874 GiB)
234
  9.322893 seconds (2.96 M allocations: 1.865 GiB)
423
  9.185789 seconds (2.95 M allocations: 1.851 GiB)
861
  9.490189 seconds (2.99 M allocations: 1.886 GiB)
45
  7.452824 seconds (2.43 M allocations: 1.515 GiB)
611
  9.682760 seconds (3.14 M allocations: 1.964 GiB)
550
  9.423063 seconds (3.11 M allocations: 1.934 GiB)
736
  5.676742 seconds (1.65 M allocations: 1.073 GiB)
487
  9.183858 seconds (3.08 M allocations: 1.904 GiB)
984
  9.052546 seconds (2.94 M allocations: 1.836 GiB)
108
  9.643002 seconds (3.19 M allocations: 1.982 GiB)
359
  7.926480 seconds (2.59 M allocations: 1.617 GiB)
674
  9.830729 seconds (3.29 M allocations: 2.033 GiB)
298
 10.087279 seconds (3.31 M allocations: 2.062 GiB)
923
  9.552767 seconds (3.12 M allocations: 1.946 GiB)
798
 10.124808 seconds (3.05 M allocations: 1.953 GiB)
  6.118497 seconds (1.97 M allocations: 1.232 GiB)
172
612
  9.512642 seconds (2.99 M allocations: 1.887 GiB)
424
 10.058165 seconds (3.30 M allocations: 2.052 GiB)
235
  9.742270 seconds (3.14 M allocations: 1.968 GiB)
862
  5.927372 seconds (1.68 M allocations: 1.103 GiB)
675
  7.248757 seconds (2.37 M allocations: 1.476 GiB)
  9.673196 seconds (3.16 M allocations: 1.972 GiB)
488
46
  9.752617 seconds (3.28 M allocations: 2.026 GiB)
551
 15.211856 seconds (3.28 M allocations: 2.029 GiB, 35.59% gc time)
737
 15.579974 seconds (3.19 M allocations: 2.016 GiB, 34.75% gc time)
985
 15.481732 seconds (3.18 M allocations: 2.004 GiB, 34.97% gc time)
109
 14.605084 seconds (2.76 M allocations: 1.773 GiB, 37.07% gc time)
299
 15.245072 seconds (3.09 M allocations: 1.952 GiB, 35.52% gc time)
360
 14.992659 seconds (3.00 M allocations: 1.898 GiB, 36.11% gc time)
924
 13.327733 seconds (2.56 M allocations: 1.603 GiB, 40.62% gc time)
613
 14.900537 seconds (3.00 M allocations: 1.894 GiB, 36.34% gc time)
799
 10.793548 seconds (1.59 M allocations: 1.030 GiB, 50.16% gc time)
489
 15.621046 seconds (3.20 M allocations: 2.025 GiB, 34.66% gc time)
 13.072098 seconds (2.24 M allocations: 1.453 GiB, 41.42% gc time)
173
676
 15.106637 seconds (3.08 M allocations: 1.939 GiB, 35.84% gc time)
425
 15.046740 seconds (3.26 M allocations: 2.009 GiB, 35.98% gc time)
236
 14.741207 seconds (3.24 M allocations: 1.979 GiB, 36.73% gc time)
863
 15.289026 seconds (3.03 M allocations: 1.931 GiB, 35.41% gc time)
47
 15.487264 seconds (3.05 M allocations: 1.951 GiB, 34.96% gc time)
552
  6.063147 seconds (1.55 M allocations: 1.058 GiB)
614
  9.921030 seconds (3.17 M allocations: 1.991 GiB)
738
  7.133622 seconds (1.94 M allocations: 1.290 GiB)
490
  9.091062 seconds (2.79 M allocations: 1.778 GiB)
300
  9.684419 seconds (3.21 M allocations: 1.993 GiB)
110
 10.314313 seconds (3.56 M allocations: 2.182 GiB)
986
 10.284391 seconds (3.34 M allocations: 2.085 GiB)
361
  6.658900 seconds (2.20 M allocations: 1.367 GiB)
677
  9.919544 seconds (3.43 M allocations: 2.099 GiB)
925
 10.092558 seconds (3.20 M allocations: 2.014 GiB)
800
  9.366635 seconds (2.84 M allocations: 1.816 GiB)
426
  9.284269 seconds (2.78 M allocations: 1.788 GiB)
237
  9.719943 seconds (3.07 M allocations: 1.940 GiB)
174
  8.881110 seconds (2.77 M allocations: 1.757 GiB)
864
  8.928325 seconds (2.93 M allocations: 1.825 GiB)
48
  8.725160 seconds (2.77 M allocations: 1.746 GiB)
615
  8.998377 seconds (2.93 M allocations: 1.831 GiB)
553
  8.291727 seconds (2.65 M allocations: 1.666 GiB)
491
  9.302812 seconds (3.10 M allocations: 1.919 GiB)
739
  9.046570 seconds (2.94 M allocations: 1.836 GiB)
301
  8.974180 seconds (2.87 M allocations: 1.801 GiB)
111
  9.543098 seconds (2.99 M allocations: 1.892 GiB)
987
  9.135252 seconds (2.90 M allocations: 1.827 GiB)
362
  9.216096 seconds (2.96 M allocations: 1.856 GiB)
678
  9.011818 seconds (2.94 M allocations: 1.832 GiB)
926
  9.012487 seconds (2.93 M allocations: 1.830 GiB)
801
  8.782026 seconds (2.63 M allocations: 1.685 GiB)
238
  9.115553 seconds (2.95 M allocations: 1.843 GiB)
427
  8.937378 seconds (2.73 M allocations: 1.741 GiB)
175
  8.874749 seconds (2.71 M allocations: 1.730 GiB)
865
  8.724333 seconds (2.90 M allocations: 1.798 GiB)
49
  8.732944 seconds (2.84 M allocations: 1.772 GiB)
616
 16.653319 seconds (2.93 M allocations: 1.825 GiB, 46.12% gc time)
554
 17.151198 seconds (2.98 M allocations: 1.881 GiB, 44.78% gc time)
492
 16.677319 seconds (2.80 M allocations: 1.771 GiB, 46.05% gc time)
302
 17.129443 seconds (3.06 M allocations: 1.912 GiB, 44.84% gc time)
740
 16.395712 seconds (2.75 M allocations: 1.732 GiB, 46.84% gc time)
112
 16.818224 seconds (2.81 M allocations: 1.789 GiB, 45.67% gc time)
363
 17.030888 seconds (2.94 M allocations: 1.855 GiB, 45.10% gc time)
988
 17.010744 seconds (2.97 M allocations: 1.866 GiB, 45.15% gc time)
679
 16.633187 seconds (2.84 M allocations: 1.790 GiB, 46.17% gc time)
927
 16.893183 seconds (2.96 M allocations: 1.856 GiB, 45.46% gc time)
802
 16.055604 seconds (2.50 M allocations: 1.609 GiB, 47.84% gc time)
866
 16.550560 seconds (3.02 M allocations: 1.856 GiB, 46.40% gc time)
239
 16.835301 seconds (2.89 M allocations: 1.825 GiB, 45.62% gc time)
428
 16.950811 seconds (2.94 M allocations: 1.854 GiB, 45.31% gc time)
176
 17.001985 seconds (2.97 M allocations: 1.870 GiB, 45.17% gc time)
50
  8.670679 seconds (2.91 M allocations: 1.798 GiB)
617
  9.028435 seconds (2.94 M allocations: 1.838 GiB)
555
  9.039457 seconds (2.94 M allocations: 1.841 GiB)
493
  9.004351 seconds (2.84 M allocations: 1.792 GiB)
303
  9.031491 seconds (2.79 M allocations: 1.772 GiB)
741
  9.193334 seconds (2.91 M allocations: 1.835 GiB)
113
  9.027565 seconds (2.81 M allocations: 1.782 GiB)
  9.051745 seconds (2.82 M allocations: 1.790 GiB)
989
364
  9.081004 seconds (2.87 M allocations: 1.813 GiB)
680
  9.196288 seconds (2.95 M allocations: 1.852 GiB)
928
  9.218111 seconds (2.96 M allocations: 1.860 GiB)
803
  9.021685 seconds (2.94 M allocations: 1.837 GiB)
867
  9.041737 seconds (2.94 M allocations: 1.840 GiB)
240
  9.026576 seconds (2.92 M allocations: 1.829 GiB)
429
  9.018983 seconds (2.91 M allocations: 1.824 GiB)
177
  8.995671 seconds (2.94 M allocations: 1.834 GiB)
51
  9.031559 seconds (2.94 M allocations: 1.840 GiB)
618
  9.024798 seconds (2.94 M allocations: 1.838 GiB)
556
  9.040347 seconds (2.94 M allocations: 1.841 GiB)
494
  8.517822 seconds (2.60 M allocations: 1.662 GiB)
742
  9.211073 seconds (3.07 M allocations: 1.907 GiB)
304
  8.283081 seconds (2.60 M allocations: 1.647 GiB)
990
  9.638345 seconds (3.08 M allocations: 1.942 GiB)
114
  9.022525 seconds (2.80 M allocations: 1.777 GiB)
681
  9.664656 seconds (3.07 M allocations: 1.935 GiB)
365
  9.163373 seconds (2.94 M allocations: 1.847 GiB)
929
  9.168650 seconds (2.96 M allocations: 1.854 GiB)
804
  8.734081 seconds (2.91 M allocations: 1.806 GiB)
868
  9.115669 seconds (2.95 M allocations: 1.848 GiB)
241
  9.472618 seconds (2.96 M allocations: 1.877 GiB)
430
  9.563881 seconds (3.00 M allocations: 1.898 GiB)
178
  9.347155 seconds (2.97 M allocations: 1.872 GiB)
52
  9.063582 seconds (2.95 M allocations: 1.842 GiB)
619
  7.661447 seconds (2.57 M allocations: 1.587 GiB)
495
 15.785466 seconds (2.71 M allocations: 1.681 GiB, 48.36% gc time)
743
 16.907524 seconds (3.14 M allocations: 1.936 GiB, 45.15% gc time)
557
 16.899507 seconds (2.96 M allocations: 1.859 GiB, 45.18% gc time)
305
 16.510535 seconds (2.89 M allocations: 1.802 GiB, 46.24% gc time)
991
 16.913015 seconds (2.96 M allocations: 1.863 GiB, 45.14% gc time)
115
 16.715779 seconds (2.86 M allocations: 1.805 GiB, 45.67% gc time)
682
 16.686058 seconds (2.83 M allocations: 1.792 GiB, 45.75% gc time)
366
 16.696715 seconds (2.93 M allocations: 1.833 GiB, 45.72% gc time)
930
 16.648321 seconds (2.94 M allocations: 1.833 GiB, 45.86% gc time)
805
 16.687330 seconds (2.94 M allocations: 1.837 GiB, 45.75% gc time)
869
 16.673208 seconds (2.94 M allocations: 1.836 GiB, 45.79% gc time)
242
 16.274868 seconds (2.90 M allocations: 1.792 GiB, 46.91% gc time)
431
 16.689264 seconds (2.94 M allocations: 1.838 GiB, 45.74% gc time)
179
 16.673529 seconds (2.94 M allocations: 1.836 GiB, 45.79% gc time)
53
 16.820880 seconds (2.95 M allocations: 1.852 GiB, 45.39% gc time)
620
  9.147476 seconds (2.95 M allocations: 1.850 GiB)
496
  9.022158 seconds (2.84 M allocations: 1.797 GiB)
744
  9.032200 seconds (2.84 M allocations: 1.798 GiB)
558
  9.010243 seconds (2.94 M allocations: 1.833 GiB)
306
  9.040179 seconds (2.94 M allocations: 1.836 GiB)
992
  9.009410 seconds (2.94 M allocations: 1.833 GiB)
116
  9.035896 seconds (2.84 M allocations: 1.796 GiB)
683
  9.059274 seconds (2.85 M allocations: 1.799 GiB)
367
  9.036962 seconds (2.92 M allocations: 1.826 GiB)
931
  9.168678 seconds (2.95 M allocations: 1.850 GiB)
806
  9.008739 seconds (2.88 M allocations: 1.811 GiB)
870
  9.011217 seconds (2.94 M allocations: 1.834 GiB)
243
  9.066864 seconds (2.94 M allocations: 1.841 GiB)
432
  9.058288 seconds (2.94 M allocations: 1.840 GiB)
180
  9.008483 seconds (2.94 M allocations: 1.834 GiB)
54
  9.015865 seconds (2.94 M allocations: 1.833 GiB)
621
  9.031547 seconds (2.94 M allocations: 1.835 GiB)
497
  9.029370 seconds (2.84 M allocations: 1.797 GiB)
745
  9.064206 seconds (2.86 M allocations: 1.805 GiB)
559
  9.024117 seconds (2.94 M allocations: 1.836 GiB)
307
  9.051105 seconds (2.94 M allocations: 1.839 GiB)
993
  9.007149 seconds (2.94 M allocations: 1.834 GiB)
117
  9.050882 seconds (2.86 M allocations: 1.802 GiB)
684
  9.091392 seconds (2.85 M allocations: 1.803 GiB)
368
  9.041828 seconds (2.89 M allocations: 1.817 GiB)
932
  9.041795 seconds (2.89 M allocations: 1.817 GiB)
807
  8.950764 seconds (2.83 M allocations: 1.789 GiB)
871
  8.879545 seconds (2.93 M allocations: 1.824 GiB)
244
  9.038201 seconds (2.94 M allocations: 1.840 GiB)
433
  9.074615 seconds (2.95 M allocations: 1.844 GiB)
181
  9.082175 seconds (2.95 M allocations: 1.846 GiB)
55
  9.045541 seconds (2.94 M allocations: 1.841 GiB)
622
  9.075752 seconds (2.95 M allocations: 1.842 GiB)
498
  9.031806 seconds (2.85 M allocations: 1.801 GiB)
746
  9.019673 seconds (2.84 M allocations: 1.795 GiB)
560
 17.383473 seconds (2.94 M allocations: 1.838 GiB, 47.90% gc time)
308
 17.175208 seconds (2.79 M allocations: 1.760 GiB, 48.48% gc time)
118
 17.810279 seconds (3.03 M allocations: 1.904 GiB, 46.75% gc time)
994
 17.363626 seconds (2.75 M allocations: 1.757 GiB, 47.95% gc time)
369
 17.707027 seconds (3.00 M allocations: 1.882 GiB, 47.02% gc time)
685
 16.709579 seconds (2.64 M allocations: 1.661 GiB, 49.83% gc time)
808
 17.985403 seconds (3.13 M allocations: 1.957 GiB, 46.29% gc time)
933
 17.356528 seconds (2.93 M allocations: 1.829 GiB, 47.97% gc time)
872
 16.946451 seconds (2.84 M allocations: 1.763 GiB, 49.13% gc time)
245
 16.838506 seconds (2.88 M allocations: 1.773 GiB, 49.45% gc time)
434
 17.464825 seconds (2.95 M allocations: 1.842 GiB, 47.67% gc time)
182
 16.761848 seconds (2.88 M allocations: 1.766 GiB, 49.67% gc time)
56
 17.370903 seconds (2.81 M allocations: 1.781 GiB, 47.93% gc time)
499
 17.997372 seconds (3.11 M allocations: 1.951 GiB, 46.26% gc time)
623
  9.059408 seconds (2.81 M allocations: 1.787 GiB)
561
  9.353019 seconds (2.98 M allocations: 1.875 GiB)
747
  8.940074 seconds (2.93 M allocations: 1.829 GiB)
309
  9.121971 seconds (2.90 M allocations: 1.826 GiB)
119
  9.102497 seconds (2.93 M allocations: 1.839 GiB)
995
  9.052980 seconds (2.91 M allocations: 1.827 GiB)
370
  9.139646 seconds (2.95 M allocations: 1.852 GiB)
686
  8.867440 seconds (2.79 M allocations: 1.768 GiB)
934
  9.217449 seconds (2.99 M allocations: 1.872 GiB)
809
  8.648882 seconds (2.77 M allocations: 1.745 GiB)
246
  8.940757 seconds (2.93 M allocations: 1.831 GiB)
873
  9.269772 seconds (2.97 M allocations: 1.868 GiB)
435
  9.277720 seconds (2.97 M allocations: 1.869 GiB)
183
  9.583220 seconds (3.00 M allocations: 1.901 GiB)
57
  8.289724 seconds (2.73 M allocations: 1.700 GiB)
624
  9.037928 seconds (3.06 M allocations: 1.889 GiB)
500
  9.368193 seconds (2.95 M allocations: 1.864 GiB)
562
  9.154413 seconds (2.85 M allocations: 1.810 GiB)
748
  9.130980 seconds (2.95 M allocations: 1.846 GiB)
310
  9.033156 seconds (2.81 M allocations: 1.782 GiB)
996
  9.448460 seconds (3.06 M allocations: 1.913 GiB)
120
  8.057165 seconds (2.63 M allocations: 1.642 GiB)
687
  8.688233 seconds (3.04 M allocations: 1.852 GiB)
371
  8.480131 seconds (2.77 M allocations: 1.727 GiB)
935
  9.209729 seconds (2.96 M allocations: 1.853 GiB)
810
  9.095515 seconds (2.84 M allocations: 1.798 GiB)
  9.038181 seconds (2.80 M allocations: 1.780 GiB)
247
874
  9.175748 seconds (2.95 M allocations: 1.851 GiB)
436
  9.197364 seconds (2.96 M allocations: 1.855 GiB)
184
  9.117066 seconds (2.95 M allocations: 1.845 GiB)
58
  9.097695 seconds (2.95 M allocations: 1.842 GiB)
625
  9.043986 seconds (2.94 M allocations: 1.838 GiB)
501
  8.572308 seconds (2.76 M allocations: 1.732 GiB)
749
  9.190806 seconds (2.99 M allocations: 1.870 GiB)
563
  9.576564 seconds (3.00 M allocations: 1.898 GiB)
311
 18.029701 seconds (2.85 M allocations: 1.799 GiB, 49.87% gc time)
997
 17.944178 seconds (2.77 M allocations: 1.760 GiB, 50.11% gc time)
121
 17.940696 seconds (2.80 M allocations: 1.771 GiB, 50.12% gc time)
372
 18.763273 seconds (3.15 M allocations: 1.974 GiB, 47.92% gc time)
688
 18.456970 seconds (2.98 M allocations: 1.885 GiB, 48.72% gc time)
936
 17.665451 seconds (2.63 M allocations: 1.683 GiB, 50.90% gc time)
248
 18.078277 seconds (2.99 M allocations: 1.861 GiB, 49.74% gc time)
811
 17.693917 seconds (2.77 M allocations: 1.738 GiB, 50.82% gc time)
437
 19.397240 seconds (3.21 M allocations: 2.038 GiB, 46.36% gc time)
875
 16.489235 seconds (2.37 M allocations: 1.492 GiB, 54.53% gc time)
502
 17.778936 seconds (2.87 M allocations: 1.787 GiB, 50.57% gc time)
59
 18.578264 seconds (3.21 M allocations: 1.981 GiB, 48.40% gc time)
185
 16.934219 seconds (2.69 M allocations: 1.651 GiB, 53.10% gc time)
750
 18.694031 seconds (3.27 M allocations: 2.012 GiB, 48.10% gc time)
626
 17.578458 seconds (2.88 M allocations: 1.773 GiB, 51.15% gc time)
564
  8.272944 seconds (2.62 M allocations: 1.648 GiB)
998
  8.222320 seconds (2.59 M allocations: 1.634 GiB)
122
  8.558225 seconds (2.75 M allocations: 1.722 GiB)
373
  7.633240 seconds (2.29 M allocations: 1.469 GiB)
249
  8.077375 seconds (2.44 M allocations: 1.563 GiB)
812
  8.877844 seconds (2.92 M allocations: 1.815 GiB)
937
  8.005963 seconds (2.57 M allocations: 1.611 GiB)
438
 11.382754 seconds (4.00 M allocations: 2.434 GiB)
312
 10.955596 seconds (3.67 M allocations: 2.268 GiB)
689
  8.109730 seconds (2.68 M allocations: 1.664 GiB)
503
  8.417886 seconds (2.71 M allocations: 1.701 GiB)
60
  8.387802 seconds (2.61 M allocations: 1.658 GiB)
751
  8.435964 seconds (2.48 M allocations: 1.606 GiB)
565
 11.817552 seconds (3.66 M allocations: 2.328 GiB)
876
  7.747175 seconds (2.41 M allocations: 1.529 GiB)
123
 11.171971 seconds (3.52 M allocations: 2.225 GiB)
186
 10.470776 seconds (3.35 M allocations: 2.104 GiB)
627
  8.938921 seconds (2.95 M allocations: 1.835 GiB)
999
  8.331021 seconds (2.85 M allocations: 1.752 GiB)
374
  8.931085 seconds (2.93 M allocations: 1.827 GiB)
250
  8.542901 seconds (2.76 M allocations: 1.727 GiB)
938
  9.023323 seconds (2.98 M allocations: 1.853 GiB)
813
  8.062962 seconds (2.69 M allocations: 1.666 GiB)
439
  9.778585 seconds (3.02 M allocations: 1.922 GiB)
313
  9.380838 seconds (2.98 M allocations: 1.876 GiB)
690
  9.125571 seconds (2.95 M allocations: 1.850 GiB)
504
  8.987711 seconds (2.94 M allocations: 1.834 GiB)
61
  8.492874 seconds (2.77 M allocations: 1.733 GiB)
752
  8.998710 seconds (2.84 M allocations: 1.795 GiB)
566
  9.018115 seconds (2.85 M allocations: 1.799 GiB)
877
  9.077855 seconds (2.91 M allocations: 1.831 GiB)
124
 16.323272 seconds (2.91 M allocations: 1.828 GiB, 44.39% gc time)
187
 16.301916 seconds (2.94 M allocations: 1.839 GiB, 44.44% gc time)
628
 16.296970 seconds (2.93 M allocations: 1.833 GiB, 44.46% gc time)
1000
 16.263496 seconds (2.90 M allocations: 1.819 GiB, 44.55% gc time)
375
 16.253947 seconds (2.94 M allocations: 1.834 GiB, 44.58% gc time)
251
 16.280505 seconds (2.81 M allocations: 1.783 GiB, 44.50% gc time)
939
 16.297111 seconds (2.78 M allocations: 1.772 GiB, 44.46% gc time)
814
 16.258250 seconds (2.79 M allocations: 1.773 GiB, 44.56% gc time)
440
 16.289157 seconds (2.94 M allocations: 1.835 GiB, 44.48% gc time)
314
 16.543916 seconds (2.97 M allocations: 1.864 GiB, 43.79% gc time)
691
 16.290371 seconds (2.92 M allocations: 1.826 GiB, 44.48% gc time)
 16.165688 seconds (2.68 M allocations: 1.720 GiB, 44.82% gc time)
62
 16.160066 seconds (2.68 M allocations: 1.719 GiB, 44.84% gc time)
753
 16.260747 seconds (2.71 M allocations: 1.738 GiB, 44.56% gc time)
567
  8.035399 seconds (2.42 M allocations: 1.550 GiB)
125
 16.280210 seconds (2.75 M allocations: 1.758 GiB, 44.50% gc time)
  8.041452 seconds (2.52 M allocations: 1.596 GiB)
188
  7.711180 seconds (2.53 M allocations: 1.578 GiB)
629
  8.339236 seconds (2.57 M allocations: 1.635 GiB)
1001
  8.815883 seconds (2.65 M allocations: 1.704 GiB)
376
  8.098106 seconds (2.23 M allocations: 1.481 GiB)
815
  8.809320 seconds (2.66 M allocations: 1.708 GiB)
252
  8.880896 seconds (2.65 M allocations: 1.706 GiB)
  9.207289 seconds (2.56 M allocations: 1.692 GiB)
441
  7.765045 seconds (2.27 M allocations: 1.475 GiB)
  8.878546 seconds (2.52 M allocations: 1.656 GiB)
  7.613640 seconds (1.99 M allocations: 1.350 GiB)
315
  8.432123 seconds (2.21 M allocations: 1.495 GiB)
63
  6.522534 seconds (1.61 M allocations: 1.116 GiB)
  7.115295 seconds (1.80 M allocations: 1.237 GiB)
189
  7.400118 seconds (1.99 M allocations: 1.335 GiB)
  7.446300 seconds (2.05 M allocations: 1.365 GiB)
126
  6.465040 seconds (1.74 M allocations: 1.167 GiB)
  6.260660 seconds (1.59 M allocations: 1.091 GiB)
377
  5.686636 seconds (1.42 M allocations: 1004.554 MiB)
  6.084537 seconds (1.43 M allocations: 1.011 GiB)
  5.527367 seconds (1.22 M allocations: 896.706 MiB)
  4.993465 seconds (992.25 k allocations: 732.847 MiB)
  4.691027 seconds (801.07 k allocations: 612.859 MiB)
  4.453245 seconds (603.16 k allocations: 487.986 MiB)
  4.444111 seconds (454.58 k allocations: 412.855 MiB)
  4.358051 seconds (245.59 k allocations: 273.105 MiB)
378
  4.332531 seconds (57.60 k allocations: 64.160 MiB)
