Graph 1 is connected.
Graph 2 is connected.
Graph 3 is connected.
Graph 4 is connected.
Graph 5 is connected.
Graph 6 is connected.
Graph 7 is connected.
Graph 8 is connected.
Graph 9 is connected.
Graph 10 is connected.
Graph 11 is connected.
Matrix 1 normalized.
Matrix 2 normalized.
Matrix 3 normalized.
Matrix 4 normalized.
Matrix 5 normalized.
Matrix 6 normalized.
Matrix 7 normalized.
Matrix 8 normalized.
Matrix 9 normalized.
Matrix 10 normalized.
Matrix 11 normalized.
Number of threads: 20
602
402
852
652
902952352

702
1
202
752
252
102
302802
52
452

502
152

552
  6.714490 seconds (996.59 k allocations: 1.032 GiB, 8.99% gc time)
403
  7.137158 seconds (1.22 M allocations: 1.167 GiB, 8.46% gc time, 0.32% compilation time)
453
 11.713888 seconds (1.29 M allocations: 1.217 GiB, 41.83% gc time, 0.19% compilation time)
203
 12.050748 seconds (1.49 M allocations: 1.333 GiB, 40.66% gc time, 0.19% compilation time)
2
 12.104769 seconds (1.53 M allocations: 1.355 GiB, 40.48% gc time, 0.19% compilation time)
353
 12.131621 seconds (1.57 M allocations: 1.374 GiB, 40.39% gc time, 0.19% compilation time)
 12.118051 seconds (1.55 M allocations: 1.366 GiB, 40.43% gc time, 0.19% compilation time)
853
953
 12.491113 seconds (2.47 M allocations: 1.778 GiB, 39.22% gc time, 0.18% compilation time)
503
 12.486953 seconds (2.11 M allocations: 1.632 GiB, 39.24% gc time, 0.18% compilation time)
903
 12.851514 seconds (2.87 M allocations: 1.980 GiB, 38.12% gc time, 0.18% compilation time)
 12.785405 seconds (2.45 M allocations: 1.804 GiB, 38.32% gc time, 0.18% compilation time)
803
753
 12.883052 seconds (2.47 M allocations: 1.824 GiB, 38.03% gc time, 0.18% compilation time)
303
 12.980437 seconds (2.67 M allocations: 1.916 GiB, 37.75% gc time, 0.17% compilation time)
103
 12.905918 seconds (2.51 M allocations: 1.841 GiB, 37.96% gc time, 0.18% compilation time)
 12.954303 seconds (2.58 M allocations: 1.877 GiB, 37.82% gc time, 0.18% compilation time)
603
153
 13.121709 seconds (3.01 M allocations: 2.069 GiB, 37.34% gc time, 0.17% compilation time)
553
 13.065768 seconds (2.85 M allocations: 2.000 GiB, 37.50% gc time, 0.17% compilation time)
53
 13.350286 seconds (3.39 M allocations: 2.246 GiB, 36.70% gc time, 0.17% compilation time)
653
 13.469747 seconds (3.60 M allocations: 2.346 GiB, 36.37% gc time, 0.17% compilation time)
703
 13.734284 seconds (3.92 M allocations: 2.503 GiB, 35.67% gc time, 0.17% compilation time)
253
  9.357715 seconds (3.44 M allocations: 2.110 GiB, 27.49% gc time)
454
  9.032843 seconds (3.08 M allocations: 1.926 GiB, 28.48% gc time)
3
 14.907614 seconds (4.02 M allocations: 2.470 GiB, 46.07% gc time)
404
  9.650682 seconds (3.28 M allocations: 2.076 GiB, 26.66% gc time)
204
  9.715041 seconds (3.28 M allocations: 2.079 GiB, 26.48% gc time)
954
  9.928716 seconds (3.49 M allocations: 2.191 GiB, 25.91% gc time)
354
  8.801209 seconds (1.86 M allocations: 1.406 GiB, 29.23% gc time)
54
  9.304727 seconds (2.75 M allocations: 1.819 GiB, 27.65% gc time)
754
  8.612545 seconds (1.96 M allocations: 1.425 GiB, 29.87% gc time)
254
 10.150051 seconds (3.91 M allocations: 2.386 GiB, 25.34% gc time)
854
 10.049024 seconds (3.90 M allocations: 2.370 GiB, 25.60% gc time)
504
  9.246835 seconds (2.60 M allocations: 1.755 GiB, 27.82% gc time)
654
  9.605284 seconds (3.03 M allocations: 1.968 GiB, 26.78% gc time)
604
  9.363160 seconds (2.82 M allocations: 1.860 GiB, 27.47% gc time)
704
 11.224730 seconds (4.43 M allocations: 2.707 GiB, 22.92% gc time)
904
 11.100371 seconds (3.64 M allocations: 2.376 GiB, 23.17% gc time)
554
 11.865322 seconds (4.44 M allocations: 2.779 GiB, 21.68% gc time)
804
 11.779711 seconds (4.08 M allocations: 2.627 GiB, 21.84% gc time)
304
 11.992625 seconds (4.43 M allocations: 2.789 GiB, 21.45% gc time)
154
 11.888194 seconds (4.19 M allocations: 2.681 GiB, 21.64% gc time)
104
  7.675843 seconds (3.71 M allocations: 2.312 GiB)
455
  7.560646 seconds (3.47 M allocations: 2.202 GiB)
  7.169056 seconds (3.06 M allocations: 1.989 GiB)
405
955
  8.082532 seconds (3.77 M allocations: 2.378 GiB)
205
  5.027169 seconds (1.51 M allocations: 1.129 GiB)
805
  5.060694 seconds (1.40 M allocations: 1.090 GiB)
305
  5.864521 seconds (2.19 M allocations: 1.497 GiB)
555
  8.579795 seconds (3.96 M allocations: 2.507 GiB)
355
  5.748976 seconds (1.91 M allocations: 1.371 GiB)
155
  5.735499 seconds (1.91 M allocations: 1.369 GiB)
105
  8.811534 seconds (4.16 M allocations: 2.610 GiB)
755
 10.012089 seconds (5.32 M allocations: 3.212 GiB)
4
  9.097552 seconds (4.46 M allocations: 2.768 GiB)
55
  8.824216 seconds (4.10 M allocations: 2.589 GiB)
855
  9.063597 seconds (4.45 M allocations: 2.755 GiB)
255
  8.924058 seconds (4.23 M allocations: 2.652 GiB)
655
  9.090319 seconds (4.32 M allocations: 2.703 GiB)
705
  9.708420 seconds (4.69 M allocations: 2.918 GiB)
605
 10.061414 seconds (4.87 M allocations: 3.030 GiB)
505
  9.792427 seconds (4.70 M allocations: 2.930 GiB)
905
  6.089810 seconds (1.64 M allocations: 1.302 GiB)  6.084588 seconds (1.66 M allocations: 1.307 GiB)
  6.733467 seconds (2.61 M allocations: 1.764 GiB)

  5.614303 seconds (1.11 M allocations: 1.022 GiB)
  6.486422 seconds (2.82 M allocations: 1.822 GiB)  7.210286 seconds (2.80 M allocations: 1.892 GiB)  6.231203 seconds (3.15 M allocations: 1.935 GiB)  6.149246 seconds (3.08 M allocations: 1.897 GiB)

  5.957841 seconds (2.07 M allocations: 1.462 GiB)  6.065662 seconds (3.33 M allocations: 1.991 GiB)  5.591884 seconds (1.44 M allocations: 1.166 GiB)


  6.431323 seconds (1.38 M allocations: 1.205 GiB)  5.382517 seconds (850.19 k allocations: 901.016 MiB)
  6.295612 seconds (2.73 M allocations: 1.769 GiB)
  6.843323 seconds (2.39 M allocations: 1.684 GiB)
  5.249783 seconds (762.68 k allocations: 849.062 MiB)


  6.452442 seconds (1.81 M allocations: 1.404 GiB)
  6.000333 seconds (1.31 M allocations: 1.156 GiB)  6.567482 seconds (2.23 M allocations: 1.592 GiB)


956
856
406
56
106
306
5
806
156
556
606
506
706
356
256
656
206
756
456
  6.354396 seconds (1.02 M allocations: 1.068 GiB)
  6.423356 seconds (1.04 M allocations: 1.086 GiB)
607
57
  6.660815 seconds (1.18 M allocations: 1.169 GiB)
807
  7.042979 seconds (1.62 M allocations: 1.384 GiB)
957
  7.087631 seconds (1.59 M allocations: 1.378 GiB)
257
  7.303654 seconds (2.13 M allocations: 1.616 GiB)
407
  7.591386 seconds (2.11 M allocations: 1.641 GiB)
6
  7.584941 seconds (2.03 M allocations: 1.608 GiB)
107
  7.636421 seconds (2.08 M allocations: 1.635 GiB)
307
  7.704379 seconds (2.19 M allocations: 1.688 GiB)
657
  7.691761 seconds (2.14 M allocations: 1.670 GiB)
457
  7.765001 seconds (2.25 M allocations: 1.722 GiB)
  7.778955 seconds (2.32 M allocations: 1.750 GiB)
  7.825149 seconds (2.39 M allocations: 1.782 GiB)
557
207
757
  7.906995 seconds (2.59 M allocations: 1.872 GiB)
906
  7.925649 seconds (2.60 M allocations: 1.883 GiB)
507
  7.961183 seconds (2.68 M allocations: 1.916 GiB)
157
  8.146889 seconds (3.23 M allocations: 2.161 GiB)
707
  8.274554 seconds (3.57 M allocations: 2.309 GiB)
857
  8.444509 seconds (3.74 M allocations: 2.400 GiB)
357
 14.553930 seconds (3.24 M allocations: 2.000 GiB, 54.94% gc time)
808
 14.960279 seconds (3.51 M allocations: 2.156 GiB, 53.44% gc time)
58
 15.075614 seconds (3.61 M allocations: 2.206 GiB, 53.03% gc time)
608
 14.885489 seconds (3.32 M allocations: 2.072 GiB, 53.71% gc time)
408
 15.101762 seconds (3.45 M allocations: 2.149 GiB, 52.94% gc time)
258
 14.278150 seconds (1.82 M allocations: 1.395 GiB, 56.00% gc time)
158
 14.749587 seconds (2.60 M allocations: 1.763 GiB, 54.21% gc time)
308
 14.725972 seconds (2.31 M allocations: 1.643 GiB, 54.29% gc time)
907
 16.058001 seconds (4.33 M allocations: 2.608 GiB, 49.79% gc time)
958
 16.142692 seconds (3.74 M allocations: 2.371 GiB, 49.53% gc time)
108
 16.432325 seconds (4.02 M allocations: 2.515 GiB, 48.66% gc time)
7
 16.004544 seconds (2.87 M allocations: 2.005 GiB, 49.96% gc time)
508
 16.200449 seconds (3.19 M allocations: 2.154 GiB, 49.35% gc time)
558
 15.969710 seconds (2.97 M allocations: 2.043 GiB, 50.07% gc time)
 16.338476 seconds (3.32 M allocations: 2.224 GiB, 48.94% gc time)
 16.382951 seconds (3.40 M allocations: 2.261 GiB, 48.80% gc time)
858
758
208
 16.611421 seconds (3.90 M allocations: 2.491 GiB, 48.13% gc time)
458
 16.869790 seconds (4.33 M allocations: 2.697 GiB, 47.39% gc time)
658
 16.684376 seconds (3.88 M allocations: 2.492 GiB, 47.92% gc time)
708
 16.925808 seconds (3.92 M allocations: 2.537 GiB, 47.24% gc time)
358
  5.938678 seconds (3.19 M allocations: 1.931 GiB)
609
  5.363725 seconds (2.50 M allocations: 1.585 GiB)
908
  6.805251 seconds (3.69 M allocations: 2.227 GiB)
809
  7.023953 seconds (3.81 M allocations: 2.298 GiB)
59
  7.168473 seconds (3.69 M allocations: 2.262 GiB)
409
  7.083220 seconds (3.53 M allocations: 2.187 GiB)
159
  7.275878 seconds (3.70 M allocations: 2.278 GiB)
  6.940298 seconds (3.40 M allocations: 2.119 GiB)
259
309
  5.973471 seconds (2.44 M allocations: 1.621 GiB)
759
  7.529783 seconds (3.84 M allocations: 2.359 GiB)
959
  7.346189 seconds (3.28 M allocations: 2.109 GiB)
559
  6.118634 seconds (2.34 M allocations: 1.594 GiB)
359
  7.882774 seconds (4.00 M allocations: 2.462 GiB)
109
  7.689391 seconds (3.37 M allocations: 2.182 GiB)
209
  7.841577 seconds (3.46 M allocations: 2.235 GiB)
859
  7.364225 seconds (3.13 M allocations: 2.048 GiB)
709
  3.929519 seconds (2.23 M allocations: 1.323 GiB)
810
  7.937388 seconds (3.70 M allocations: 2.343 GiB)
659
  8.539332 seconds (4.09 M allocations: 2.564 GiB)
459
  9.402369 seconds (4.98 M allocations: 3.024 GiB)
8
  9.791367 seconds (5.16 M allocations: 3.136 GiB)
509
  6.038993 seconds (3.52 M allocations: 2.074 GiB)
610
  6.051365 seconds (2.67 M allocations: 1.725 GiB)
760
  7.082303 seconds (3.09 M allocations: 2.002 GiB)
260
  8.948330 seconds (4.24 M allocations: 2.667 GiB)
909
  6.068495 seconds (2.61 M allocations: 1.702 GiB)
360
  6.746908 seconds (2.98 M allocations: 1.924 GiB)
560
  6.060215 seconds (2.28 M allocations: 1.564 GiB)
860
  6.051130 seconds (2.24 M allocations: 1.548 GiB)
710
  6.185282 seconds (2.49 M allocations: 1.662 GiB)
  9.627168 seconds (4.57 M allocations: 2.876 GiB)
210
60
  8.958141 seconds (4.10 M allocations: 2.613 GiB)
160
  6.934698 seconds (3.61 M allocations: 2.202 GiB)
110
  9.733393 seconds (4.98 M allocations: 3.055 GiB)
410
  7.013374 seconds (3.22 M allocations: 2.052 GiB)
 10.158742 seconds (5.05 M allocations: 3.127 GiB)
660
310
  7.628739 seconds (3.71 M allocations: 2.314 GiB)
811
  7.123798 seconds (3.22 M allocations: 2.059 GiB)
510
  7.907364 seconds (3.67 M allocations: 2.328 GiB)
460
 10.539314 seconds (5.34 M allocations: 3.290 GiB)
960
  8.113189 seconds (3.66 M allocations: 2.343 GiB)
611
  9.714083 seconds (4.31 M allocations: 2.776 GiB)
9
  7.046617 seconds (3.49 M allocations: 2.166 GiB)
761
  6.696810 seconds (3.29 M allocations: 2.048 GiB)
910
  7.697703 seconds (3.86 M allocations: 2.388 GiB)
  6.650115 seconds (3.44 M allocations: 2.106 GiB)
261
361
  6.508680 seconds (2.88 M allocations: 1.861 GiB)
61
  6.430180 seconds (2.87 M allocations: 1.846 GiB)
111
  6.938140 seconds (3.30 M allocations: 2.078 GiB)
711
  7.110077 seconds (3.38 M allocations: 2.130 GiB)
211
  7.630381 seconds (3.71 M allocations: 2.317 GiB)
561
  7.702332 seconds (3.71 M allocations: 2.324 GiB)
161
  7.451099 seconds (3.29 M allocations: 2.125 GiB)
311
  7.676588 seconds (3.46 M allocations: 2.217 GiB)
661
  8.353184 seconds (3.92 M allocations: 2.477 GiB)
411
  9.335612 seconds (4.63 M allocations: 2.874 GiB)
861
  8.056080 seconds (3.79 M allocations: 2.392 GiB)
812
 15.025525 seconds (3.54 M allocations: 2.204 GiB, 51.87% gc time)
511
 15.125097 seconds (3.54 M allocations: 2.214 GiB, 51.53% gc time)
961
 15.672436 seconds (3.82 M allocations: 2.387 GiB, 49.73% gc time)
461
 15.367115 seconds (3.71 M allocations: 2.308 GiB, 50.72% gc time)
612
 12.718628 seconds (2.36 M allocations: 1.478 GiB, 61.28% gc time)
712
 14.222263 seconds (3.34 M allocations: 2.039 GiB, 54.80% gc time)
762
 14.977809 seconds (3.69 M allocations: 2.262 GiB, 52.04% gc time)
10
 15.423280 seconds (3.85 M allocations: 2.373 GiB, 50.53% gc time)
911
 14.383745 seconds (3.29 M allocations: 2.036 GiB, 54.18% gc time)
62
 14.722862 seconds (3.36 M allocations: 2.098 GiB, 52.94% gc time)
112
 15.950445 seconds (4.06 M allocations: 2.515 GiB, 48.86% gc time)
262
 15.157150 seconds (3.37 M allocations: 2.148 GiB, 51.42% gc time)
562
 13.973384 seconds (2.72 M allocations: 1.758 GiB, 55.78% gc time)
862
 16.473019 seconds (4.01 M allocations: 2.549 GiB, 47.31% gc time)
212
 17.743402 seconds (4.82 M allocations: 3.011 GiB, 43.92% gc time)
 15.950789 seconds (3.75 M allocations: 2.386 GiB, 48.86% gc time)
362
162
 15.254904 seconds (3.64 M allocations: 2.270 GiB, 51.09% gc time)
662
 15.683837 seconds (3.63 M allocations: 2.309 GiB, 49.69% gc time)
412
 16.198024 seconds (4.15 M allocations: 2.582 GiB, 48.12% gc time)
312
  8.396329 seconds (3.84 M allocations: 2.451 GiB)
813
  6.430833 seconds (2.95 M allocations: 1.879 GiB)
  6.908653 seconds (3.21 M allocations: 2.039 GiB)
713
613
  7.868066 seconds (3.64 M allocations: 2.317 GiB)
462
  6.045612 seconds (2.81 M allocations: 1.782 GiB)
63
  9.696708 seconds (4.57 M allocations: 2.887 GiB)
512
  9.662484 seconds (4.51 M allocations: 2.856 GiB)
962
  6.036797 seconds (2.98 M allocations: 1.852 GiB)
113
  7.377284 seconds (3.78 M allocations: 2.318 GiB)
11
  8.970869 seconds (4.19 M allocations: 2.654 GiB)
  6.992890 seconds (3.49 M allocations: 2.161 GiB)
763
912
  5.759696 seconds (2.62 M allocations: 1.671 GiB)
663
  7.144462 seconds (3.51 M allocations: 2.181 GiB)
863
  7.618427 seconds (3.81 M allocations: 2.354 GiB)
563
  8.731868 seconds (4.29 M allocations: 2.666 GiB)
263
  7.752972 seconds (3.60 M allocations: 2.278 GiB)
163
  6.765595 seconds (3.09 M allocations: 1.967 GiB)
313
  6.044329 seconds (2.91 M allocations: 1.820 GiB)
814
  8.178155 seconds (4.07 M allocations: 2.518 GiB)
363
  8.425648 seconds (4.29 M allocations: 2.636 GiB)
213
  6.056807 seconds (3.04 M allocations: 1.875 GiB)
463
  8.176857 seconds (4.11 M allocations: 2.533 GiB)
413
  6.977932 seconds (3.42 M allocations: 2.126 GiB)
614
  6.205988 seconds (3.24 M allocations: 1.973 GiB)
64
  6.127435 seconds (3.08 M allocations: 1.899 GiB)
  7.713197 seconds (4.00 M allocations: 2.440 GiB)
114
714
  7.571146 seconds (3.79 M allocations: 2.337 GiB)
513
  6.050431 seconds (2.76 M allocations: 1.758 GiB)
864
  6.045763 seconds (2.75 M allocations: 1.757 GiB)
564
  9.689477 seconds (4.29 M allocations: 2.765 GiB)
963
  7.908915 seconds (3.76 M allocations: 2.360 GiB)
913
  6.256251 seconds (2.69 M allocations: 1.749 GiB)
815
  8.376091 seconds (4.01 M allocations: 2.513 GiB)
764
  6.482995 seconds (2.93 M allocations: 1.873 GiB)
314
  6.307046 seconds (2.71 M allocations: 1.766 GiB)
464
  9.117789 seconds (4.59 M allocations: 2.831 GiB)
12
  9.195321 seconds (4.63 M allocations: 2.852 GiB)
664
  7.246897 seconds (3.35 M allocations: 2.128 GiB)
364
  5.659148 seconds (2.50 M allocations: 1.615 GiB)
115
  8.887541 seconds (4.58 M allocations: 2.804 GiB)
264
  6.687928 seconds (3.13 M allocations: 1.982 GiB)
65
  6.854033 seconds (3.28 M allocations: 2.058 GiB)
615
  8.137150 seconds (4.13 M allocations: 2.543 GiB)
214
  4.210982 seconds (2.53 M allocations: 1.481 GiB)
565
  9.588246 seconds (5.01 M allocations: 3.057 GiB)
164
  8.943310 seconds (3.92 M allocations: 2.541 GiB)
715
  6.059024 seconds (2.95 M allocations: 1.843 GiB)
914
 10.993738 seconds (4.87 M allocations: 3.142 GiB)
414
  8.767803 seconds (4.17 M allocations: 2.624 GiB)
514
  8.286686 seconds (4.06 M allocations: 2.528 GiB)
865
  6.115119 seconds (2.62 M allocations: 1.710 GiB)
665
  6.657761 seconds (3.00 M allocations: 1.926 GiB)
13
  6.309666 seconds (2.73 M allocations: 1.776 GiB)
365
  7.028785 seconds (3.36 M allocations: 2.111 GiB)
465
 13.580979 seconds (2.47 M allocations: 1.628 GiB, 56.01% gc time)
616
 14.383216 seconds (3.07 M allocations: 1.965 GiB, 52.89% gc time)
116
 15.792539 seconds (4.17 M allocations: 2.562 GiB, 48.17% gc time)
765
 16.785324 seconds (4.86 M allocations: 2.949 GiB, 45.32% gc time)
964
 14.243394 seconds (3.15 M allocations: 1.982 GiB, 53.41% gc time)
265
 16.145785 seconds (4.66 M allocations: 2.802 GiB, 47.11% gc time)
315
 14.372823 seconds (3.28 M allocations: 2.047 GiB, 52.93% gc time)
215
 15.536779 seconds (3.78 M allocations: 2.371 GiB, 48.96% gc time)
66
 17.811887 seconds (5.52 M allocations: 3.326 GiB, 42.71% gc time)
816
 15.043249 seconds (3.56 M allocations: 2.229 GiB, 50.57% gc time)
566
 15.195563 seconds (3.71 M allocations: 2.306 GiB, 50.06% gc time)
165
 14.385234 seconds (3.45 M allocations: 2.115 GiB, 52.88% gc time)
915
  4.561470 seconds (1.64 M allocations: 1.146 GiB)
266
  6.351682 seconds (1.64 M allocations: 1.333 GiB)
 15.887284 seconds (3.68 M allocations: 2.365 GiB, 47.88% gc time)
  7.464937 seconds (2.07 M allocations: 1.618 GiB)
 16.354811 seconds (3.61 M allocations: 2.388 GiB, 46.51% gc time)
 17.182053 seconds (4.14 M allocations: 2.691 GiB, 44.27% gc time)
  8.052094 seconds (3.03 M allocations: 2.079 GiB)
  7.971744 seconds (2.82 M allocations: 1.982 GiB)
 14.488847 seconds (3.20 M allocations: 2.024 GiB, 52.50% gc time)
216
 15.377803 seconds (3.15 M allocations: 2.096 GiB, 49.47% gc time)
  6.029478 seconds (1.45 M allocations: 1.212 GiB)
716
  6.883619 seconds (2.36 M allocations: 1.681 GiB)
766
  6.141999 seconds (2.63 M allocations: 1.718 GiB)  6.042396 seconds (1.70 M allocations: 1.325 GiB)

  5.182275 seconds (2.00 M allocations: 1.358 GiB)
  5.993048 seconds (1.14 M allocations: 1.056 GiB)
  5.761696 seconds (1.85 M allocations: 1.357 GiB)
  5.734000 seconds (1.14 M allocations: 1.051 GiB)
866
  5.107610 seconds (886.21 k allocations: 893.796 MiB)
67
415
14
617
515
117
316
567
666
  3.877935 seconds (691.03 k allocations: 666.586 MiB)
817
965
366
466
166
916
  5.470764 seconds (1.24 M allocations: 1.067 GiB)
568
  6.027588 seconds (1.11 M allocations: 1.073 GiB)
  6.053341 seconds (1.18 M allocations: 1.104 GiB)
917
367
  6.060542 seconds (1.12 M allocations: 1.083 GiB)
15
  6.212409 seconds (1.79 M allocations: 1.372 GiB)
317
  6.700657 seconds (2.35 M allocations: 1.648 GiB)
867
  6.864996 seconds (1.93 M allocations: 1.495 GiB)
467
  6.875368 seconds (1.91 M allocations: 1.492 GiB)
68
  7.259013 seconds (2.25 M allocations: 1.671 GiB)
  7.281834 seconds (2.30 M allocations: 1.693 GiB)
667
516
  7.895665 seconds (2.86 M allocations: 1.985 GiB)
  7.914769 seconds (2.93 M allocations: 2.015 GiB)
267
618
  8.389297 seconds (2.94 M allocations: 2.073 GiB)
167
  8.542503 seconds (3.56 M allocations: 2.340 GiB)
217
  8.427318 seconds (2.97 M allocations: 2.088 GiB)
966
  8.685451 seconds (3.39 M allocations: 2.287 GiB)
767
  9.258784 seconds (3.56 M allocations: 2.418 GiB)
118
 10.223227 seconds (4.31 M allocations: 2.822 GiB)
717
 10.204364 seconds (3.87 M allocations: 2.641 GiB)
416
 10.355834 seconds (4.17 M allocations: 2.781 GiB)
818
  6.126825 seconds (3.06 M allocations: 1.891 GiB)
918
  6.226309 seconds (3.15 M allocations: 1.939 GiB)
368
  6.361019 seconds (3.25 M allocations: 1.995 GiB)
16
  3.958551 seconds (1.53 M allocations: 1.039 GiB)
768
  6.044363 seconds (2.84 M allocations: 1.792 GiB)
517
  8.208515 seconds (4.48 M allocations: 2.689 GiB)
569
  7.559918 seconds (3.91 M allocations: 2.390 GiB)
318
  7.075929 seconds (3.70 M allocations: 2.256 GiB)
868
  6.088086 seconds (2.70 M allocations: 1.741 GiB)
218
  6.826934 seconds (3.33 M allocations: 2.075 GiB)
268
 13.522564 seconds (3.12 M allocations: 2.034 GiB, 46.29% gc time)
967
 15.337429 seconds (4.20 M allocations: 2.665 GiB, 40.81% gc time)
668
 12.423543 seconds (2.49 M allocations: 1.661 GiB, 50.38% gc time)
819
 15.345416 seconds (4.20 M allocations: 2.666 GiB, 40.79% gc time)
 14.951255 seconds (3.85 M allocations: 2.479 GiB, 41.86% gc time)
619
168
 16.723998 seconds (5.22 M allocations: 3.228 GiB, 37.43% gc time)
468
 17.228418 seconds (5.43 M allocations: 3.370 GiB, 36.33% gc time)
69
 12.327195 seconds (3.02 M allocations: 1.869 GiB, 50.77% gc time)
919
 12.322799 seconds (3.00 M allocations: 1.863 GiB, 50.79% gc time)
369
 12.315909 seconds (2.94 M allocations: 1.834 GiB, 50.82% gc time)
769
 12.708890 seconds (3.25 M allocations: 2.004 GiB, 49.25% gc time)
17
 15.830857 seconds (4.41 M allocations: 2.805 GiB, 39.54% gc time)
718
 12.319817 seconds (2.78 M allocations: 1.771 GiB, 50.80% gc time)
869
 13.076960 seconds (3.46 M allocations: 2.131 GiB, 47.86% gc time)
518
 17.301294 seconds (5.22 M allocations: 3.291 GiB, 36.18% gc time)
119
 12.301909 seconds (3.07 M allocations: 1.891 GiB, 50.88% gc time)
219
 12.249353 seconds (3.02 M allocations: 1.864 GiB, 51.10% gc time)
269
 17.265368 seconds (5.37 M allocations: 3.350 GiB, 36.25% gc time)
417
  6.043092 seconds (3.21 M allocations: 1.952 GiB)
968
  6.041231 seconds (3.08 M allocations: 1.898 GiB)
820
 15.346174 seconds (4.37 M allocations: 2.740 GiB, 40.79% gc time)
570
 15.330277 seconds (4.37 M allocations: 2.739 GiB, 40.83% gc time)
319
  6.046966 seconds (2.74 M allocations: 1.756 GiB)
920
  6.052479 seconds (2.68 M allocations: 1.730 GiB)
370
  8.043021 seconds (3.75 M allocations: 2.377 GiB)
620
  9.072941 seconds (4.38 M allocations: 2.747 GiB)
669
  7.762310 seconds (3.72 M allocations: 2.338 GiB)
70
  5.929809 seconds (2.72 M allocations: 1.735 GiB)
870
  7.544841 seconds (3.58 M allocations: 2.254 GiB)
770
  7.314060 seconds (3.43 M allocations: 2.169 GiB)
18
  4.736455 seconds (2.04 M allocations: 1.329 GiB)
969
  9.719282 seconds (4.93 M allocations: 3.036 GiB)
169
  6.231438 seconds (2.95 M allocations: 1.857 GiB)
270
  6.953414 seconds (3.51 M allocations: 2.163 GiB)
519
 10.361800 seconds (5.35 M allocations: 3.277 GiB)
469
  6.038531 seconds (2.92 M allocations: 1.827 GiB)
821
  8.503092 seconds (4.05 M allocations: 2.546 GiB)
120
  6.182469 seconds (2.99 M allocations: 1.869 GiB)
571
  8.569757 seconds (4.14 M allocations: 2.592 GiB)
220
  4.317514 seconds (2.53 M allocations: 1.487 GiB)
621
  9.861560 seconds (5.08 M allocations: 3.113 GiB)
719
  9.048823 seconds (4.47 M allocations: 2.775 GiB)
418
  5.574175 seconds (3.31 M allocations: 1.937 GiB)
371
  5.938265 seconds (2.50 M allocations: 1.640 GiB)
970
  6.213050 seconds (2.74 M allocations: 1.768 GiB)
771
  3.811101 seconds (1.39 M allocations: 986.474 MiB)
221
  7.589262 seconds (3.58 M allocations: 2.256 GiB)
71
 11.064167 seconds (5.05 M allocations: 3.221 GiB)
320
  7.417003 seconds (3.23 M allocations: 2.094 GiB)
170
  9.598662 seconds (4.76 M allocations: 2.948 GiB)
921
  9.621449 seconds (4.64 M allocations: 2.902 GiB)
670
  6.575610 seconds (2.89 M allocations: 1.867 GiB)
822
  8.978386 seconds (4.17 M allocations: 2.642 GiB)
19
  9.622982 seconds (4.64 M allocations: 2.906 GiB)
871
  6.045774 seconds (2.55 M allocations: 1.674 GiB)
622
  6.444551 seconds (2.87 M allocations: 1.845 GiB)
720
  7.357425 seconds (3.61 M allocations: 2.247 GiB)
121
  9.060887 seconds (4.35 M allocations: 2.727 GiB)
520
  6.032642 seconds (2.91 M allocations: 1.822 GiB)
372
  7.760204 seconds (3.93 M allocations: 2.418 GiB)
572
 10.867046 seconds (5.28 M allocations: 3.294 GiB)
271
 16.178279 seconds (4.92 M allocations: 3.063 GiB, 37.87% gc time)
470
 12.191227 seconds (3.33 M allocations: 1.995 GiB, 50.26% gc time)
971
 12.192064 seconds (3.33 M allocations: 1.993 GiB, 50.26% gc time)
772
 12.212250 seconds (3.25 M allocations: 1.962 GiB, 50.17% gc time)
222
 12.973723 seconds (3.46 M allocations: 2.130 GiB, 47.23% gc time)
72
 12.176709 seconds (3.19 M allocations: 1.936 GiB, 50.32% gc time)
171
 12.273398 seconds (2.85 M allocations: 1.808 GiB, 49.92% gc time)
823
 17.860865 seconds (5.28 M allocations: 3.385 GiB, 34.30% gc time)
419
 12.439870 seconds (2.74 M allocations: 1.777 GiB, 49.25% gc time)
623
 12.948029 seconds (2.81 M allocations: 1.857 GiB, 47.32% gc time)
721
 12.876889 seconds (2.51 M allocations: 1.728 GiB, 47.58% gc time) 14.415168 seconds (3.29 M allocations: 2.210 GiB, 42.50% gc time)
 15.782925 seconds (4.43 M allocations: 2.820 GiB, 38.82% gc time)
  6.471788 seconds (2.08 M allocations: 1.528 GiB)

 14.982235 seconds (3.85 M allocations: 2.497 GiB, 40.90% gc time)
 13.318562 seconds (2.80 M allocations: 1.892 GiB, 46.00% gc time)
471
122
  5.036362 seconds (1.71 M allocations: 1.223 GiB)
 14.347689 seconds (3.34 M allocations: 2.221 GiB, 42.70% gc time)
 14.468684 seconds (2.84 M allocations: 2.030 GiB, 42.35% gc time)
 12.521868 seconds (2.32 M allocations: 1.615 GiB, 48.93% gc time)
 15.188896 seconds (4.07 M allocations: 2.610 GiB, 40.34% gc time)
321
872
373
671
972
521
  5.467260 seconds (1.60 M allocations: 1.230 GiB)
922
573
20
223
  6.200447 seconds (2.98 M allocations: 1.869 GiB)
773
  7.504290 seconds (4.10 M allocations: 2.464 GiB)
272
  5.476237 seconds (3.25 M allocations: 1.904 GiB)
172
  6.307262 seconds (3.65 M allocations: 2.151 GiB)
73
  5.066361 seconds (3.06 M allocations: 1.780 GiB)
624
  6.035330 seconds (3.40 M allocations: 2.023 GiB)
420
  7.475358 seconds (3.96 M allocations: 2.401 GiB)
824
  6.036763 seconds (2.51 M allocations: 1.652 GiB)
374
  6.043318 seconds (2.14 M allocations: 1.503 GiB)
472
  6.306462 seconds (2.27 M allocations: 1.586 GiB)
672
  6.209731 seconds (2.00 M allocations: 1.466 GiB)
  6.292550 seconds (2.09 M allocations: 1.512 GiB)
774
722
  6.385754 seconds (2.33 M allocations: 1.619 GiB)
322
  6.451320 seconds (2.46 M allocations: 1.679 GiB)
273
  6.150934 seconds (2.33 M allocations: 1.595 GiB)
173
  7.368652 seconds (3.04 M allocations: 2.011 GiB)
973
  6.035160 seconds (2.40 M allocations: 1.612 GiB)
625
  8.390341 seconds (3.45 M allocations: 2.289 GiB)
224
  8.703310 seconds (3.66 M allocations: 2.408 GiB)
923
  9.034181 seconds (3.88 M allocations: 2.531 GiB)
  9.061457 seconds (3.92 M allocations: 2.549 GiB)
574
21
  9.948498 seconds (4.67 M allocations: 2.947 GiB)
873
 10.189297 seconds (4.42 M allocations: 2.872 GiB)
522
  7.710755 seconds (3.46 M allocations: 2.224 GiB)
421
  9.139212 seconds (3.98 M allocations: 2.583 GiB)
74
  7.678558 seconds (3.27 M allocations: 2.143 GiB)  6.353456 seconds (2.53 M allocations: 1.699 GiB)

  5.507754 seconds (2.47 M allocations: 1.588 GiB)  6.513539 seconds (2.24 M allocations: 1.598 GiB)

  6.047149 seconds (2.45 M allocations: 1.637 GiB)
723
174
  5.160736 seconds (1.60 M allocations: 1.193 GiB)
375
 11.375789 seconds (5.09 M allocations: 3.271 GiB)
  5.992779 seconds (2.76 M allocations: 1.756 GiB)
  7.705207 seconds (2.64 M allocations: 1.877 GiB)
323
123
  7.997834 seconds (3.51 M allocations: 2.274 GiB)
  5.606054 seconds (2.05 M allocations: 1.425 GiB)
  5.688454 seconds (1.95 M allocations: 1.391 GiB)
  6.210624 seconds (1.72 M allocations: 1.326 GiB)
673
626
473
  4.992116 seconds (1.44 M allocations: 1.108 GiB)
225
825
274
  4.783181 seconds (1.13 M allocations: 980.402 MiB)
974
22
775
924
  4.710204 seconds (2.75 M allocations: 1.590 GiB)
523
  6.110192 seconds (3.58 M allocations: 2.072 GiB)
575
  4.915143 seconds (3.12 M allocations: 1.757 GiB)
422
  5.764826 seconds (3.54 M allocations: 2.020 GiB)
874
 14.369766 seconds (2.39 M allocations: 1.601 GiB, 57.89% gc time)
175
 14.393003 seconds (1.63 M allocations: 1.294 GiB, 57.79% gc time)
627
 14.421867 seconds (1.65 M allocations: 1.303 GiB, 57.68% gc time)
324
 14.425494 seconds (1.63 M allocations: 1.297 GiB, 57.66% gc time)
776
 14.577243 seconds (2.16 M allocations: 1.531 GiB, 57.06% gc time)
376
 14.526823 seconds (1.87 M allocations: 1.406 GiB, 57.26% gc time)
 14.372486 seconds (1.73 M allocations: 1.334 GiB, 57.88% gc time)
474
524
 14.614840 seconds (2.21 M allocations: 1.555 GiB, 56.92% gc time)
925
 14.399155 seconds (2.02 M allocations: 1.455 GiB, 57.77% gc time)
423
 14.386431 seconds (2.00 M allocations: 1.448 GiB, 57.82% gc time)
875
 16.239822 seconds (3.08 M allocations: 2.079 GiB, 51.22% gc time)
975
 17.187493 seconds (3.51 M allocations: 2.355 GiB, 48.40% gc time)
 17.191979 seconds (3.49 M allocations: 2.346 GiB, 48.38% gc time)
674
124
 16.674315 seconds (3.16 M allocations: 2.163 GiB, 49.89% gc time)
576
 17.549329 seconds (3.77 M allocations: 2.500 GiB, 47.40% gc time)
826
 17.635707 seconds (3.91 M allocations: 2.565 GiB, 47.17% gc time)
23
 17.721471 seconds (4.15 M allocations: 2.672 GiB, 46.94% gc time)
226
 18.968348 seconds (5.49 M allocations: 3.346 GiB, 43.85% gc time)
75
 18.762926 seconds (4.39 M allocations: 2.877 GiB, 44.33% gc time)
275
 19.023674 seconds (5.45 M allocations: 3.338 GiB, 43.73% gc time)
724
  6.072359 seconds (2.93 M allocations: 1.826 GiB)
325
  6.063513 seconds (2.85 M allocations: 1.796 GiB)
777
  6.059073 seconds (2.80 M allocations: 1.772 GiB)
926
  6.076544 seconds (2.68 M allocations: 1.727 GiB)
876
  6.425449 seconds (2.85 M allocations: 1.833 GiB)
424
  6.068305 seconds (2.80 M allocations: 1.772 GiB)
976
  8.784396 seconds (4.69 M allocations: 2.832 GiB)
176
  6.048727 seconds (2.77 M allocations: 1.762 GiB)
675
  8.752007 seconds (4.01 M allocations: 2.547 GiB)
525
  6.050510 seconds (2.78 M allocations: 1.766 GiB)
577
  8.897561 seconds (4.24 M allocations: 2.658 GiB)
475
  9.404999 seconds (4.96 M allocations: 3.007 GiB)
628
  9.401639 seconds (4.66 M allocations: 2.885 GiB)
377
  8.032454 seconds (3.42 M allocations: 2.234 GiB)
827
  9.065640 seconds (4.09 M allocations: 2.612 GiB)
125
  7.561350 seconds (3.09 M allocations: 2.050 GiB)
276
  6.056821 seconds (2.83 M allocations: 1.788 GiB)
326
  6.039457 seconds (2.82 M allocations: 1.781 GiB)
778
  9.080153 seconds (4.04 M allocations: 2.598 GiB)
  9.056700 seconds (4.04 M allocations: 2.595 GiB)
24
227
  6.043433 seconds (3.04 M allocations: 1.875 GiB)
927
  6.026991 seconds (3.20 M allocations: 1.937 GiB)
877
  8.686593 seconds (4.14 M allocations: 2.598 GiB)
725
  9.083760 seconds (4.52 M allocations: 2.794 GiB)
76
  6.044286 seconds (3.38 M allocations: 2.014 GiB)
425
  6.049459 seconds (2.93 M allocations: 1.828 GiB)
578
  7.229374 seconds (3.64 M allocations: 2.243 GiB)
177
  8.503212 seconds (4.12 M allocations: 2.574 GiB)
977
  6.044294 seconds (2.81 M allocations: 1.780 GiB)
828
  8.591399 seconds (3.77 M allocations: 2.437 GiB)
526
  8.967104 seconds (4.21 M allocations: 2.658 GiB)
676
  6.056535 seconds (2.95 M allocations: 1.841 GiB)
277
  9.094401 seconds (4.20 M allocations: 2.667 GiB)
476
  9.087999 seconds (4.15 M allocations: 2.646 GiB)
  6.039803 seconds (2.54 M allocations: 1.669 GiB)
629
928
  9.075638 seconds (4.24 M allocations: 2.682 GiB)
378
  6.052476 seconds (2.67 M allocations: 1.725 GiB)
  6.052435 seconds (2.67 M allocations: 1.726 GiB)
878
726
  7.038765 seconds (2.82 M allocations: 1.890 GiB)
77
  7.392946 seconds (3.01 M allocations: 2.004 GiB)
426
  9.192025 seconds (4.59 M allocations: 2.841 GiB)
126
  9.060510 seconds (4.29 M allocations: 2.704 GiB)
327
  9.086101 seconds (4.28 M allocations: 2.702 GiB)
779
  9.099463 seconds (4.26 M allocations: 2.694 GiB)
  9.093083 seconds (4.24 M allocations: 2.689 GiB)
25
228
  6.043052 seconds (3.34 M allocations: 2.000 GiB)
178
  8.216983 seconds (3.94 M allocations: 2.471 GiB)
579
  6.088190 seconds (3.30 M allocations: 1.989 GiB)
829
  6.056942 seconds (3.28 M allocations: 1.977 GiB)
527
  6.212360 seconds (3.23 M allocations: 1.970 GiB)
278
 16.433622 seconds (3.02 M allocations: 1.910 GiB, 60.59% gc time)
929
 18.421902 seconds (4.30 M allocations: 2.644 GiB, 54.05% gc time)
978
 16.030550 seconds (2.74 M allocations: 1.753 GiB, 62.12% gc time)
727
 17.998104 seconds (4.17 M allocations: 2.545 GiB, 55.33% gc time)
677
 16.782859 seconds (3.17 M allocations: 2.009 GiB, 59.33% gc time)
879
 17.830628 seconds (4.09 M allocations: 2.498 GiB, 55.85% gc time)
477
 19.074798 seconds (4.15 M allocations: 2.648 GiB, 52.20% gc time)
630
 19.052501 seconds (4.13 M allocations: 2.640 GiB, 52.27% gc time)
379
 15.857760 seconds (2.40 M allocations: 1.595 GiB, 62.79% gc time)
179
 16.903215 seconds (3.37 M allocations: 2.104 GiB, 58.91% gc time)
427
 16.885073 seconds (3.51 M allocations: 2.156 GiB, 58.97% gc time)
127
 16.767736 seconds (3.24 M allocations: 2.033 GiB, 59.39% gc time)
780
 16.737422 seconds (3.24 M allocations: 2.029 GiB, 59.49% gc time)
26
 16.809907 seconds (3.34 M allocations: 2.082 GiB, 59.24% gc time)
229
 18.932304 seconds (4.72 M allocations: 2.868 GiB, 52.60% gc time)
78
  6.027278 seconds (2.61 M allocations: 1.695 GiB)
979
  6.045238 seconds (2.62 M allocations: 1.702 GiB)
728
  6.035907 seconds (2.64 M allocations: 1.708 GiB)
678
  6.045232 seconds (2.53 M allocations: 1.665 GiB)
478
 19.050078 seconds (4.14 M allocations: 2.643 GiB, 52.27% gc time)
830
 21.336652 seconds (5.18 M allocations: 3.304 GiB, 46.67% gc time)
328
 19.054389 seconds (4.21 M allocations: 2.668 GiB, 52.26% gc time)
279
  6.032233 seconds (2.57 M allocations: 1.680 GiB)
180
  9.155329 seconds (4.24 M allocations: 2.688 GiB)
930
  6.030109 seconds (2.34 M allocations: 1.585 GiB)
781
  6.036493 seconds (2.34 M allocations: 1.586 GiB)
27
  6.033660 seconds (2.37 M allocations: 1.603 GiB)
230
  6.586369 seconds (3.13 M allocations: 1.969 GiB)
428
 21.321803 seconds (5.67 M allocations: 3.507 GiB, 46.70% gc time)
580
  6.657431 seconds (3.33 M allocations: 2.062 GiB)
128
 21.308242 seconds (5.79 M allocations: 3.555 GiB, 46.73% gc time)
528
  9.168950 seconds (4.79 M allocations: 2.917 GiB)
880
  9.073210 seconds (4.60 M allocations: 2.830 GiB)
631
  6.279420 seconds (3.07 M allocations: 1.914 GiB)  9.170487 seconds (4.40 M allocations: 2.760 GiB)

  4.751265 seconds (1.39 M allocations: 1.059 GiB)
  4.133921 seconds (1.19 M allocations: 938.847 MiB)  4.505938 seconds (1.52 M allocations: 1.092 GiB)
  9.529932 seconds (3.74 M allocations: 2.528 GiB)
  6.051197 seconds (2.81 M allocations: 1.782 GiB)

  6.268844 seconds (2.70 M allocations: 1.761 GiB)
  6.048547 seconds (2.94 M allocations: 1.838 GiB)
79
28
380
980
782
231
679
479
729
  5.999110 seconds (3.34 M allocations: 1.994 GiB)
181
  7.407781 seconds (4.04 M allocations: 2.428 GiB)
831
  7.725076 seconds (4.27 M allocations: 2.556 GiB)
329
  7.130511 seconds (4.12 M allocations: 2.432 GiB)
280
  6.408172 seconds (3.65 M allocations: 2.165 GiB)
931
  6.382580 seconds (3.41 M allocations: 2.060 GiB)
429
  7.324905 seconds (3.44 M allocations: 2.173 GiB)
129
  6.960543 seconds (3.24 M allocations: 2.052 GiB)
881
  7.794708 seconds (3.89 M allocations: 2.405 GiB)
581
  7.636764 seconds (3.77 M allocations: 2.342 GiB)
529
  6.049313 seconds (2.61 M allocations: 1.696 GiB)
381
  6.048152 seconds (2.16 M allocations: 1.513 GiB)
182
  6.060557 seconds (2.17 M allocations: 1.517 GiB)
832
  6.056474 seconds (2.22 M allocations: 1.540 GiB)
330
  6.063009 seconds (2.18 M allocations: 1.524 GiB)
281
  6.036369 seconds (2.21 M allocations: 1.533 GiB)
  6.991896 seconds (3.03 M allocations: 1.970 GiB)
932
730
  7.632514 seconds (3.78 M allocations: 2.342 GiB)
232
  8.409416 seconds (3.71 M allocations: 2.395 GiB)
632
  9.028722 seconds (3.90 M allocations: 2.537 GiB)
  9.052064 seconds (3.93 M allocations: 2.551 GiB)
480
981
  9.081731 seconds (3.96 M allocations: 2.569 GiB)
  9.083530 seconds (3.96 M allocations: 2.569 GiB)
  9.076156 seconds (3.94 M allocations: 2.562 GiB)
  9.085386 seconds (3.96 M allocations: 2.572 GiB)
783
80
680
29
  6.939024 seconds (3.35 M allocations: 2.096 GiB)
130
  8.372297 seconds (3.88 M allocations: 2.460 GiB)
430
  7.821329 seconds (3.48 M allocations: 2.239 GiB)
530
  8.219824 seconds (3.70 M allocations: 2.371 GiB)
582
  5.018014 seconds (3.05 M allocations: 1.774 GiB)
382
  9.386393 seconds (4.35 M allocations: 2.757 GiB)
882
 19.708332 seconds (3.17 M allocations: 1.930 GiB, 69.15% gc time)
 20.214999 seconds (3.45 M allocations: 2.098 GiB, 67.42% gc time)
331
183
 20.367325 seconds (3.59 M allocations: 2.172 GiB, 66.91% gc time)
833
 21.018530 seconds (3.61 M allocations: 2.245 GiB, 64.84% gc time)
282
 21.056174 seconds (3.54 M allocations: 2.223 GiB, 64.72% gc time)
933
 21.234805 seconds (3.57 M allocations: 2.254 GiB, 64.18% gc time)
233
 20.684954 seconds (3.49 M allocations: 2.162 GiB, 65.88% gc time)
633
 22.174761 seconds (4.12 M allocations: 2.577 GiB, 61.46% gc time)
731
 20.429558 seconds (2.93 M allocations: 1.904 GiB, 66.71% gc time)
81
 20.463777 seconds (2.96 M allocations: 1.923 GiB, 66.60% gc time)
784
 18.849468 seconds (2.28 M allocations: 1.476 GiB, 72.30% gc time)
583
 20.631431 seconds (3.14 M allocations: 2.013 GiB, 66.06% gc time)
131
 21.224567 seconds (3.60 M allocations: 2.264 GiB, 64.21% gc time)
481
 21.883885 seconds (3.81 M allocations: 2.418 GiB, 62.28% gc time)
681
 20.184671 seconds (3.01 M allocations: 1.916 GiB, 67.52% gc time)
383
 22.939419 seconds (4.27 M allocations: 2.717 GiB, 59.41% gc time)
30
  6.367698 seconds (2.99 M allocations: 1.889 GiB)
883
 23.189381 seconds (4.29 M allocations: 2.751 GiB, 58.77% gc time)
 22.592212 seconds (3.92 M allocations: 2.537 GiB, 60.32% gc time)
 21.691515 seconds (3.65 M allocations: 2.333 GiB, 62.83% gc time)
982
431
531
  4.951548 seconds (2.46 M allocations: 1.525 GiB)
234
  7.915992 seconds (3.71 M allocations: 2.346 GiB)
184
  4.289543 seconds (1.87 M allocations: 1.211 GiB)
132
  8.396410 seconds (3.97 M allocations: 2.500 GiB)
834
  8.757892 seconds (4.17 M allocations: 2.622 GiB)
332
  6.033720 seconds (2.92 M allocations: 1.823 GiB)
82
  6.030974 seconds (2.92 M allocations: 1.825 GiB)
785
  4.558851 seconds (2.31 M allocations: 1.419 GiB)
384
  6.943577 seconds (3.74 M allocations: 2.258 GiB)
732
  6.476179 seconds (3.38 M allocations: 2.058 GiB)
584
  7.673471 seconds (4.26 M allocations: 2.544 GiB)
634
  9.046085 seconds (4.94 M allocations: 2.968 GiB)
283
  9.040720 seconds (4.94 M allocations: 2.967 GiB)
934
  8.500635 seconds (3.98 M allocations: 2.515 GiB)
482
  8.308429 seconds (3.95 M allocations: 2.481 GiB)
682
  4.857623 seconds (2.24 M allocations: 1.426 GiB)
133
  6.141615 seconds (3.39 M allocations: 2.029 GiB)
884
  6.042123 seconds (2.83 M allocations: 1.791 GiB)
185
  7.377397 seconds (3.52 M allocations: 2.210 GiB)
432
  6.029779 seconds (2.26 M allocations: 1.555 GiB)
733
  7.806437 seconds (3.34 M allocations: 2.184 GiB)
835
  6.946206 seconds (2.70 M allocations: 1.830 GiB)
385
  9.002238 seconds (3.96 M allocations: 2.563 GiB)
235
  6.255284 seconds (2.49 M allocations: 1.672 GiB)
635
  9.542982 seconds (4.66 M allocations: 2.906 GiB)
532
  9.589997 seconds (4.67 M allocations: 2.915 GiB)
31
  9.938394 seconds (4.94 M allocations: 3.058 GiB)
983
  8.135149 seconds (3.85 M allocations: 2.428 GiB)
  8.106000 seconds (3.83 M allocations: 2.415 GiB)
83
786
  9.322673 seconds (4.50 M allocations: 2.814 GiB)
333
  8.565407 seconds (3.95 M allocations: 2.512 GiB)
585
  6.256832 seconds (3.18 M allocations: 1.956 GiB)
483
  6.333034 seconds (3.13 M allocations: 1.943 GiB)
134
  6.193593 seconds (3.03 M allocations: 1.888 GiB)
885
  9.062239 seconds (4.23 M allocations: 2.679 GiB)
284
  9.121254 seconds (4.32 M allocations: 2.722 GiB)
935
  7.123301 seconds (3.51 M allocations: 2.179 GiB)
186
  6.002049 seconds (3.20 M allocations: 1.935 GiB)
734
  7.387710 seconds (3.61 M allocations: 2.250 GiB)
433
  9.104191 seconds (4.33 M allocations: 2.722 GiB)
683
  6.591335 seconds (3.38 M allocations: 2.071 GiB)
386
  7.716544 seconds (3.59 M allocations: 2.272 GiB)
836
  7.568581 seconds (3.23 M allocations: 2.111 GiB)
  7.245643 seconds (3.12 M allocations: 2.033 GiB)
533
32
 13.495069 seconds (2.77 M allocations: 1.870 GiB, 45.67% gc time)
84
 12.461295 seconds (2.50 M allocations: 1.656 GiB, 49.46% gc time)
334
 14.427771 seconds (3.85 M allocations: 2.410 GiB, 42.72% gc time)
636
 13.657525 seconds (3.24 M allocations: 2.084 GiB, 45.13% gc time)
787
 15.109377 seconds (4.60 M allocations: 2.789 GiB, 40.79% gc time)
236
 12.476528 seconds (3.04 M allocations: 1.874 GiB, 49.40% gc time)
135
 13.580665 seconds (3.58 M allocations: 2.214 GiB, 45.38% gc time)
586
 12.903736 seconds (3.19 M allocations: 1.980 GiB, 47.76% gc time)
886
 12.758302 seconds (3.12 M allocations: 1.936 GiB, 48.31% gc time)
 15.497545 seconds (4.55 M allocations: 2.808 GiB, 39.77% gc time)
936
984
 14.376757 seconds (4.17 M allocations: 2.535 GiB, 42.87% gc time)
484
 12.467976 seconds (3.15 M allocations: 1.921 GiB, 49.43% gc time)
735
 15.521889 seconds (4.18 M allocations: 2.658 GiB, 39.71% gc time)
285
 15.475463 seconds (4.06 M allocations: 2.606 GiB, 39.83% gc time)
187
  6.027693 seconds (2.16 M allocations: 1.508 GiB)
  6.020496 seconds (2.36 M allocations: 1.589 GiB)
335
637
  6.034158 seconds (2.19 M allocations: 1.525 GiB)
788
 15.326321 seconds (4.21 M allocations: 2.649 GiB, 40.21% gc time)
434
 15.365938 seconds (4.22 M allocations: 2.659 GiB, 40.11% gc time)
684
  6.015234 seconds (2.68 M allocations: 1.722 GiB)
237
  5.505164 seconds (2.23 M allocations: 1.484 GiB)
937
  6.469042 seconds (2.89 M allocations: 1.855 GiB)
136
  7.505544 seconds (3.54 M allocations: 2.230 GiB)
33
 15.476265 seconds (4.68 M allocations: 2.861 GiB, 39.82% gc time)
387
  6.203856 seconds (2.83 M allocations: 1.803 GiB)
985
  6.723940 seconds (3.26 M allocations: 2.034 GiB)
  5.905530 seconds (2.73 M allocations: 1.735 GiB)
887
485
  8.780916 seconds (4.50 M allocations: 2.756 GiB)
85
  9.165343 seconds (4.85 M allocations: 2.937 GiB)
837
  9.664559 seconds (5.00 M allocations: 3.052 GiB)
534
  6.499796 seconds (3.41 M allocations: 2.074 GiB)
736
  8.685557 seconds (4.40 M allocations: 2.707 GiB)
587
  6.047387 seconds (2.13 M allocations: 1.501 GiB)
137
  9.236132 seconds (3.98 M allocations: 2.591 GiB)
  6.028959 seconds (2.09 M allocations: 1.484 GiB)
286
34
  7.463493 seconds (3.44 M allocations: 2.186 GiB)
188
  7.746799 seconds (3.76 M allocations: 2.347 GiB)
789
  6.046848 seconds (2.31 M allocations: 1.577 GiB)
486
  8.676469 seconds (4.18 M allocations: 2.616 GiB)
336
  8.938951 seconds (4.36 M allocations: 2.716 GiB)
638
  6.383787 seconds (2.53 M allocations: 1.702 GiB)
86
  8.488593 seconds (4.02 M allocations: 2.534 GiB)
238
  7.332888 seconds (3.33 M allocations: 2.126 GiB)
986
  9.046678 seconds (4.51 M allocations: 2.791 GiB)
685
  9.357498 seconds (4.73 M allocations: 2.913 GiB)
435
  6.020658 seconds (2.65 M allocations: 1.711 GiB)
737
  6.033044 seconds (2.67 M allocations: 1.722 GiB)
588
  7.112157 seconds (3.49 M allocations: 2.172 GiB)
838
  9.049874 seconds (4.67 M allocations: 2.859 GiB)
938
  9.093669 seconds (4.70 M allocations: 2.872 GiB)
388
  9.347893 seconds (4.51 M allocations: 2.822 GiB)
888
  8.328722 seconds (4.09 M allocations: 2.542 GiB)
535
  4.052568 seconds (2.48 M allocations: 1.438 GiB)
487
  4.886500 seconds (2.99 M allocations: 1.735 GiB)
287
  7.433953 seconds (3.69 M allocations: 2.283 GiB)
35
  5.648689 seconds (1.97 M allocations: 1.393 GiB)
738
  6.484649 seconds (2.74 M allocations: 1.796 GiB)
87
  5.921137 seconds (2.25 M allocations: 1.536 GiB)
589
  9.223454 seconds (4.36 M allocations: 2.749 GiB)
189
  6.584728 seconds (2.37 M allocations: 1.655 GiB)
839
  8.174771 seconds (3.90 M allocations: 2.453 GiB)
639
  9.819132 seconds (4.97 M allocations: 3.059 GiB)
138
  9.377715 seconds (4.61 M allocations: 2.867 GiB)
790
  8.197430 seconds (3.95 M allocations: 2.474 GiB)
239
  9.289646 seconds (4.78 M allocations: 2.929 GiB)
337
  7.150131 seconds (2.98 M allocations: 1.971 GiB)
389
  8.927653 seconds (4.43 M allocations: 2.750 GiB)
987
  6.037146 seconds (2.82 M allocations: 1.786 GiB)
536
  6.032658 seconds (2.82 M allocations: 1.786 GiB)
488
 15.920233 seconds (4.72 M allocations: 2.897 GiB, 42.03% gc time)
686
 15.981518 seconds (4.66 M allocations: 2.877 GiB, 41.87% gc time)
436
 13.389756 seconds (3.22 M allocations: 2.018 GiB, 49.98% gc time)
288
 15.106384 seconds (4.11 M allocations: 2.562 GiB, 44.30% gc time)
889
 16.779629 seconds (4.73 M allocations: 2.988 GiB, 39.88% gc time)
939
 12.725949 seconds (3.47 M allocations: 2.054 GiB, 52.58% gc time)
36
 13.597645 seconds (3.50 M allocations: 2.153 GiB, 49.21% gc time)
88
 13.533862 seconds (3.46 M allocations: 2.132 GiB, 49.44% gc time)
590
 12.738758 seconds (2.95 M allocations: 1.838 GiB, 52.53% gc time)
640
 12.999638 seconds (3.27 M allocations: 1.997 GiB, 51.48% gc time)
840
  5.463765 seconds (2.18 M allocations: 1.459 GiB)
489
  5.566833 seconds (1.79 M allocations: 1.311 GiB)
 12.752015 seconds (2.36 M allocations: 1.596 GiB, 52.48% gc time)
289
988
 13.286718 seconds (2.77 M allocations: 1.818 GiB, 50.36% gc time)
 13.821461 seconds (3.14 M allocations: 2.025 GiB, 48.42% gc time)
 15.900866 seconds (4.36 M allocations: 2.746 GiB, 42.08% gc time)
338
139
739
 14.894417 seconds (4.02 M allocations: 2.502 GiB, 44.93% gc time)
190
 13.585461 seconds (3.25 M allocations: 2.047 GiB, 49.26% gc time)
537
  6.316840 seconds (2.94 M allocations: 1.867 GiB)
687
 14.539660 seconds (4.14 M allocations: 2.511 GiB, 46.02% gc time)
390
 16.068841 seconds (4.93 M allocations: 2.999 GiB, 41.64% gc time)
791
 17.244135 seconds (5.10 M allocations: 3.189 GiB, 38.81% gc time)
240
  9.122714 seconds (3.99 M allocations: 2.586 GiB)
437
  8.255879 seconds (3.70 M allocations: 2.379 GiB)
890
  7.797726 seconds (3.61 M allocations: 2.292 GiB)
37
  8.551619 seconds (3.99 M allocations: 2.528 GiB)
940
  3.551409 seconds (1.35 M allocations: 944.488 MiB)
391
  6.944860 seconds (3.62 M allocations: 2.209 GiB)
591
  8.010713 seconds (3.91 M allocations: 2.441 GiB)
89
  6.958794 seconds (3.42 M allocations: 2.131 GiB)
641
  7.823765 seconds (3.89 M allocations: 2.410 GiB)
841
  6.199745 seconds (2.46 M allocations: 1.657 GiB)
538
  7.297284 seconds (3.10 M allocations: 2.030 GiB)
339
  7.365207 seconds (3.10 M allocations: 2.036 GiB)
140
  4.264095 seconds (2.01 M allocations: 1.270 GiB)
891
  6.199798 seconds (2.75 M allocations: 1.772 GiB)
792
  8.025315 seconds (4.05 M allocations: 2.494 GiB)
290
  8.188278 seconds (3.65 M allocations: 2.349 GiB)
688
  8.353316 seconds (3.92 M allocations: 2.476 GiB)
490
  8.564706 seconds (4.26 M allocations: 2.640 GiB)
989
  8.937620 seconds (4.21 M allocations: 2.656 GiB)
740
  9.436665 seconds (4.74 M allocations: 2.925 GiB)
  4.777260 seconds (2.61 M allocations: 1.568 GiB)
191
392
  5.837488 seconds (3.31 M allocations: 1.968 GiB)
38
  6.275763 seconds (2.60 M allocations: 1.720 GiB)
  9.893394 seconds (4.47 M allocations: 2.864 GiB)
539
241
  7.062159 seconds (3.31 M allocations: 2.092 GiB)
90
  9.070630 seconds (4.20 M allocations: 2.665 GiB)
941
  7.335063 seconds (3.45 M allocations: 2.180 GiB)
642
 10.111829 seconds (4.73 M allocations: 2.997 GiB)
438
  5.725695 seconds (2.57 M allocations: 1.655 GiB)
793
  6.656212 seconds (3.29 M allocations: 2.045 GiB)
141
  6.787161 seconds (3.23 M allocations: 2.034 GiB)
892
  8.111257 seconds (4.00 M allocations: 2.484 GiB)
842
  8.820582 seconds (4.55 M allocations: 2.786 GiB)
592
  6.133015 seconds (2.55 M allocations: 1.683 GiB)
192
  7.285805 seconds (3.27 M allocations: 2.101 GiB)
491
  8.520029 seconds (4.34 M allocations: 2.667 GiB)
340
  7.664886 seconds (3.61 M allocations: 2.279 GiB)
689
  7.914382 seconds (3.94 M allocations: 2.440 GiB)
291
  7.043724 seconds (3.40 M allocations: 2.126 GiB)
393
  7.438658 seconds (3.74 M allocations: 2.310 GiB)
741
  9.097770 seconds (4.34 M allocations: 2.728 GiB)
990
 18.860086 seconds (3.23 M allocations: 1.975 GiB, 46.23% gc time)
242
 22.258617 seconds (4.13 M allocations: 2.694 GiB, 39.17% gc time)
39
 17.517646 seconds (2.09 M allocations: 1.364 GiB, 49.78% gc time)
593
 19.084138 seconds (3.12 M allocations: 1.950 GiB, 45.69% gc time)
942
 20.575872 seconds (4.08 M allocations: 2.502 GiB, 42.38% gc time)
540
 19.513124 seconds (3.20 M allocations: 2.029 GiB, 44.69% gc time)
142
 20.690635 seconds (3.69 M allocations: 2.352 GiB, 42.14% gc time)
439
 19.579649 seconds (3.07 M allocations: 1.984 GiB, 44.53% gc time)
843
 20.889087 seconds (3.86 M allocations: 2.441 GiB, 41.74% gc time)
643
 20.907435 seconds (4.04 M allocations: 2.519 GiB, 41.71% gc time)
794
 21.854890 seconds (4.90 M allocations: 2.970 GiB, 39.90% gc time)
91
 19.086441 seconds (2.87 M allocations: 1.850 GiB, 45.68% gc time)
292
 21.130641 seconds (4.22 M allocations: 2.615 GiB, 41.26% gc time)
893
 19.875879 seconds (3.58 M allocations: 2.222 GiB, 43.87% gc time)
492
 20.359077 seconds (3.96 M allocations: 2.428 GiB, 42.83% gc time)
193
 20.102920 seconds (3.59 M allocations: 2.253 GiB, 43.37% gc time)
341
 19.650133 seconds (3.27 M allocations: 2.072 GiB, 44.37% gc time)
742
  6.061501 seconds (3.21 M allocations: 1.948 GiB)
991
 21.003874 seconds (4.02 M allocations: 2.522 GiB, 41.51% gc time)
690
 21.839502 seconds (4.11 M allocations: 2.646 GiB, 39.93% gc time)
394
  6.034309 seconds (3.02 M allocations: 1.870 GiB)
943
  6.037012 seconds (2.94 M allocations: 1.838 GiB)
143
  5.455220 seconds (2.52 M allocations: 1.604 GiB)
844
  8.143759 seconds (4.06 M allocations: 2.514 GiB)
243
  8.398038 seconds (4.24 M allocations: 2.617 GiB)
40
  4.958298 seconds (2.32 M allocations: 1.471 GiB)
894
  7.720199 seconds (4.00 M allocations: 2.448 GiB)
541
  6.042148 seconds (2.94 M allocations: 1.838 GiB)
293
  8.949805 seconds (4.50 M allocations: 2.781 GiB)
594
  6.038378 seconds (2.61 M allocations: 1.699 GiB)
342
  8.291019 seconds (4.15 M allocations: 2.567 GiB)
440
  8.939113 seconds (4.06 M allocations: 2.598 GiB)
92
  9.824993 seconds (4.43 M allocations: 2.842 GiB)
  3.482927 seconds (1.34 M allocations: 936.103 MiB)
644
41
  6.051401 seconds (2.75 M allocations: 1.761 GiB)
395
 10.758005 seconds (5.01 M allocations: 3.176 GiB)
795
  9.635949 seconds (4.32 M allocations: 2.778 GiB)
493
  6.811268 seconds (2.97 M allocations: 1.929 GiB)
944
  7.711933 seconds (3.73 M allocations: 2.338 GiB)
  7.728214 seconds (3.74 M allocations: 2.344 GiB)
691
992
  6.039370 seconds (3.09 M allocations: 1.899 GiB)
144
  9.895422 seconds (4.74 M allocations: 2.980 GiB)
743
  6.261377 seconds (3.37 M allocations: 2.038 GiB)
244
  6.037466 seconds (3.21 M allocations: 1.949 GiB)
895
 10.890207 seconds (5.42 M allocations: 3.362 GiB)
194
  6.042551 seconds (3.32 M allocations: 1.994 GiB)
542
  6.045419 seconds (3.08 M allocations: 1.892 GiB)
343
  7.248570 seconds (3.53 M allocations: 2.205 GiB)
595
  9.107605 seconds (4.68 M allocations: 2.871 GiB)
845
  8.279538 seconds (4.04 M allocations: 2.521 GiB)
294
  6.045050 seconds (2.94 M allocations: 1.839 GiB)
396
  6.390204 seconds (3.23 M allocations: 1.991 GiB)
93
  8.996102 seconds (4.20 M allocations: 2.662 GiB)
441
  6.032627 seconds (2.54 M allocations: 1.670 GiB)
145
  6.034530 seconds (2.40 M allocations: 1.616 GiB)
245
  6.046350 seconds (2.41 M allocations: 1.618 GiB)
896
  6.036845 seconds (2.27 M allocations: 1.562 GiB)
543
  9.044539 seconds (4.38 M allocations: 2.743 GiB)
  9.059512 seconds (4.39 M allocations: 2.748 GiB)
42
645
  9.054074 seconds (4.27 M allocations: 2.699 GiB)
  6.036262 seconds (2.54 M allocations: 1.672 GiB)
796
344
  9.036816 seconds (4.27 M allocations: 2.695 GiB)
494
  9.047566 seconds (4.39 M allocations: 2.746 GiB)
945
  6.041484 seconds (2.81 M allocations: 1.782 GiB)  5.347785 seconds (2.25 M allocations: 1.479 GiB)  9.078010 seconds (4.25 M allocations: 2.689 GiB)

  8.968796 seconds (4.06 M allocations: 2.603 GiB)

  6.391185 seconds (2.59 M allocations: 1.730 GiB)
  8.300599 seconds (3.51 M allocations: 2.306 GiB)
  9.066275 seconds (4.23 M allocations: 2.681 GiB)
692
596
397
744
195
295
993
  5.992878 seconds (3.29 M allocations: 1.974 GiB)
94
 17.794730 seconds (4.18 M allocations: 2.545 GiB, 54.89% gc time)
846
 14.919521 seconds (3.06 M allocations: 1.788 GiB, 65.47% gc time)
246
 16.152465 seconds (3.52 M allocations: 2.104 GiB, 60.47% gc time)
146
 14.181909 seconds (2.28 M allocations: 1.389 GiB, 68.87% gc time)
495
 16.515729 seconds (3.57 M allocations: 2.164 GiB, 59.14% gc time)
897
 16.222824 seconds (3.39 M allocations: 2.055 GiB, 60.21% gc time)
544
 17.889199 seconds (4.38 M allocations: 2.637 GiB, 54.60% gc time)
442
 16.575979 seconds (3.59 M allocations: 2.176 GiB, 58.93% gc time)
646
 18.475792 seconds (4.01 M allocations: 2.545 GiB, 52.87% gc time)
43
  4.400333 seconds (896.35 k allocations: 843.359 MiB)  5.066516 seconds (1.31 M allocations: 1.065 GiB)

 15.842949 seconds (2.18 M allocations: 1.525 GiB, 61.65% gc time) 17.694002 seconds (3.59 M allocations: 2.290 GiB, 55.20% gc time)

  7.802543 seconds (2.26 M allocations: 1.732 GiB)
 17.651339 seconds (2.40 M allocations: 1.796 GiB, 55.34% gc time)  6.036082 seconds (1.73 M allocations: 1.336 GiB)

 17.888955 seconds (2.46 M allocations: 1.841 GiB, 54.60% gc time)
247
 17.912859 seconds (3.55 M allocations: 2.296 GiB, 54.53% gc time)
 15.836721 seconds (2.17 M allocations: 1.520 GiB, 61.68% gc time)
95
 17.799535 seconds (2.61 M allocations: 1.896 GiB, 54.88% gc time)
745
496
398
693
 17.068460 seconds (2.34 M allocations: 1.714 GiB, 57.23% gc time)
345
 17.527831 seconds (2.37 M allocations: 1.777 GiB, 55.73% gc time)
545
 17.909711 seconds (2.44 M allocations: 1.836 GiB, 54.54% gc time)
296
  5.743140 seconds (1.82 M allocations: 1.343 GiB)
946
597
797
994
196
847
  4.787925 seconds (1.41 M allocations: 1.059 GiB)
647
  6.660956 seconds (2.67 M allocations: 1.768 GiB)
147
  5.312633 seconds (3.19 M allocations: 1.840 GiB)
443
  6.196240 seconds (3.87 M allocations: 2.207 GiB)
898
  5.972542 seconds (1.09 M allocations: 1.062 GiB)
148
  6.147652 seconds (1.28 M allocations: 1.159 GiB)
96
  6.298464 seconds (1.77 M allocations: 1.373 GiB)
399
  6.346912 seconds (1.66 M allocations: 1.338 GiB)
  6.501773 seconds (2.63 M allocations: 1.748 GiB)
947
248
  6.559629 seconds (2.67 M allocations: 1.772 GiB)
346
  6.817406 seconds (2.13 M allocations: 1.581 GiB)
848
  6.289024 seconds (1.90 M allocations: 1.433 GiB)
899
  7.933079 seconds (2.64 M allocations: 1.905 GiB)
995
  8.253656 seconds (2.87 M allocations: 2.031 GiB)
297
  8.600150 seconds (3.34 M allocations: 2.262 GiB)
  8.601430 seconds (3.27 M allocations: 2.231 GiB)
746
546
  8.769919 seconds (3.34 M allocations: 2.279 GiB)
  8.830377 seconds (3.63 M allocations: 2.405 GiB)
197
44
  8.902799 seconds (3.61 M allocations: 2.404 GiB)
  8.854560 seconds (3.38 M allocations: 2.306 GiB)
694
798
  8.953534 seconds (3.60 M allocations: 2.406 GiB)
648
  9.010543 seconds (3.73 M allocations: 2.465 GiB)
497
  9.242183 seconds (4.12 M allocations: 2.651 GiB)
  9.073763 seconds (3.92 M allocations: 2.552 GiB)
598
444
  5.837705 seconds (3.31 M allocations: 1.967 GiB)
149
  6.307779 seconds (3.35 M allocations: 2.029 GiB)
  6.139052 seconds (3.00 M allocations: 1.869 GiB)
97
948
  6.163746 seconds (3.02 M allocations: 1.879 GiB)
249
  6.350338 seconds (3.40 M allocations: 2.054 GiB)
400
  6.374983 seconds (3.47 M allocations: 2.086 GiB)
347
  6.656351 seconds (3.57 M allocations: 2.154 GiB)
849
  5.089224 seconds (2.69 M allocations: 1.630 GiB)
747
  6.813522 seconds (3.68 M allocations: 2.217 GiB)
900
  7.985430 seconds (3.90 M allocations: 2.431 GiB)
996
  7.016301 seconds (2.57 M allocations: 1.779 GiB)
498
  7.694743 seconds (3.27 M allocations: 2.139 GiB)
198
  7.597265 seconds (3.00 M allocations: 2.018 GiB)
649
  9.080524 seconds (4.47 M allocations: 2.777 GiB)
298
 16.337013 seconds (4.17 M allocations: 2.647 GiB, 37.63% gc time)
547
 16.283575 seconds (3.92 M allocations: 2.537 GiB, 37.75% gc time)
45
 16.318002 seconds (3.87 M allocations: 2.518 GiB, 37.67% gc time)
 16.318094 seconds (3.86 M allocations: 2.515 GiB, 37.67% gc time)
799
695
 13.362367 seconds (3.10 M allocations: 1.899 GiB, 46.00% gc time)
150
 16.418449 seconds (3.95 M allocations: 2.563 GiB, 37.44% gc time)
 16.407985 seconds (3.94 M allocations: 2.556 GiB, 37.46% gc time)
599
445
 13.976423 seconds (3.31 M allocations: 2.047 GiB, 43.98% gc time)
 13.982660 seconds (3.28 M allocations: 2.035 GiB, 43.96% gc time)
949
250
 13.348448 seconds (2.90 M allocations: 1.815 GiB, 46.05% gc time)
748
 14.630027 seconds (3.34 M allocations: 2.128 GiB, 42.02% gc time)
850
 16.393657 seconds (4.12 M allocations: 2.631 GiB, 37.50% gc time)
98
 16.330633 seconds (4.03 M allocations: 2.587 GiB, 37.64% gc time)
401
 16.356384 seconds (4.14 M allocations: 2.636 GiB, 37.58% gc time)
348
 13.378785 seconds (3.20 M allocations: 1.942 GiB, 45.94% gc time)
997
 13.378811 seconds (3.17 M allocations: 1.925 GiB, 45.94% gc time)
199
 16.400757 seconds (4.07 M allocations: 2.609 GiB, 37.48% gc time)
  5.987565 seconds (2.64 M allocations: 1.701 GiB)
 15.469990 seconds (3.66 M allocations: 2.343 GiB, 39.73% gc time)
  6.048801 seconds (2.75 M allocations: 1.752 GiB)
  6.119406 seconds (2.27 M allocations: 1.565 GiB)
  6.891825 seconds (2.45 M allocations: 1.718 GiB)
 13.295653 seconds (3.06 M allocations: 1.872 GiB, 46.23% gc time)
46
901
499
  5.156267 seconds (1.49 M allocations: 1.147 GiB)
749
548
151
800
650
  7.616901 seconds (3.76 M allocations: 2.331 GiB)
696
  4.069067 seconds (2.20 M allocations: 1.325 GiB)
  7.279048 seconds (3.28 M allocations: 2.101 GiB)
950
  9.231700 seconds (4.69 M allocations: 2.882 GiB)
299
  7.710098 seconds (3.59 M allocations: 2.274 GiB)
251
  8.824113 seconds (4.15 M allocations: 2.618 GiB)
600
  9.229905 seconds (4.36 M allocations: 2.748 GiB)
446
  5.989764 seconds (2.93 M allocations: 1.825 GiB)
349
  6.583221 seconds (3.45 M allocations: 2.102 GiB)
99
  6.302293 seconds (3.13 M allocations: 1.941 GiB)
998
  3.265637 seconds (1.61 M allocations: 1.002 GiB)
549
  8.033215 seconds (4.32 M allocations: 2.608 GiB)
851
  6.176152 seconds (2.67 M allocations: 1.737 GiB)
750
  6.165959 seconds (2.48 M allocations: 1.659 GiB)
801
  7.025937 seconds (3.12 M allocations: 2.011 GiB)
  6.679064 seconds (2.63 M allocations: 1.774 GiB)
697
  7.599884 seconds (3.05 M allocations: 2.040 GiB)
47
  7.839948 seconds (3.21 M allocations: 2.132 GiB)
  7.852858 seconds (3.22 M allocations: 2.137 GiB)
651
  7.935157 seconds (3.33 M allocations: 2.190 GiB)
500
  6.030046 seconds (2.55 M allocations: 1.674 GiB)
  5.734436 seconds (2.35 M allocations: 1.562 GiB)
447
  8.646387 seconds (3.70 M allocations: 2.418 GiB)
200
  6.935845 seconds (3.04 M allocations: 1.970 GiB)
951
  5.452014 seconds (2.15 M allocations: 1.448 GiB)
999
  5.384261 seconds (2.14 M allocations: 1.439 GiB)
550
  6.726744 seconds (3.05 M allocations: 1.950 GiB)
350
  8.699650 seconds (4.02 M allocations: 2.557 GiB)
300
  8.171386 seconds (3.68 M allocations: 2.361 GiB)
601
  7.608162 seconds (3.29 M allocations: 2.142 GiB)
100
  4.791639 seconds (2.42 M allocations: 1.495 GiB)
  3.723638 seconds (2.15 M allocations: 1.271 GiB)
698
  3.045505 seconds (462.52 k allocations: 515.035 MiB)
  6.027243 seconds (2.20 M allocations: 1.532 GiB)
  4.420064 seconds (743.64 k allocations: 734.993 MiB)
  4.773509 seconds (1.10 M allocations: 948.815 MiB)
  7.241260 seconds (2.91 M allocations: 1.950 GiB)
  6.695808 seconds (2.19 M allocations: 1.565 GiB)
  5.522923 seconds (1.36 M allocations: 1.117 GiB)
  8.763292 seconds (3.36 M allocations: 2.290 GiB)
  5.501059 seconds (1.40 M allocations: 1.135 GiB)
  5.254089 seconds (2.29 M allocations: 1.487 GiB)
  3.057941 seconds (1.44 M allocations: 933.273 MiB)
  4.536163 seconds (1.52 M allocations: 1.097 GiB)
  3.625347 seconds (702.10 k allocations: 678.727 MiB)
  5.525089 seconds (1.51 M allocations: 1.187 GiB)
551
351
101
501
751
1000
48
201
448
301
  3.027279 seconds (895.58 k allocations: 695.655 MiB)
  3.018903 seconds (788.95 k allocations: 651.079 MiB)
  3.021388 seconds (733.58 k allocations: 628.668 MiB)
  3.020065 seconds (466.83 k allocations: 516.203 MiB)
49
  3.219818 seconds (623.49 k allocations: 601.264 MiB)
  4.336626 seconds (858.96 k allocations: 792.698 MiB)
  4.433418 seconds (968.95 k allocations: 847.951 MiB)
  4.534717 seconds (928.29 k allocations: 837.604 MiB)
449
  4.524772 seconds (864.49 k allocations: 809.423 MiB)
699
  5.151695 seconds (1.34 M allocations: 1.030 GiB)
1001
  5.223227 seconds (1.39 M allocations: 1.054 GiB)
  2.851624 seconds (694.31 k allocations: 494.141 MiB)
50
  3.017368 seconds (549.57 k allocations: 402.464 MiB)
450
  3.013953 seconds (542.92 k allocations: 400.082 MiB)
700
  3.015440 seconds (640.80 k allocations: 434.678 MiB)
  2.819446 seconds (478.71 k allocations: 347.094 MiB)
51
  2.952565 seconds (350.06 k allocations: 276.876 MiB)
451
  2.952780 seconds (348.69 k allocations: 276.512 MiB)
701
  2.820313 seconds (436.77 k allocations: 300.564 MiB)
  2.954888 seconds (170.21 k allocations: 167.042 MiB)
  2.946537 seconds (137.64 k allocations: 153.181 MiB)
