Graph 1 is connected.
Graph 2 is connected.
Graph 3 is connected.
Graph 4 is connected.
Graph 5 is connected.
Graph 6 is connected.
Graph 7 is connected.
Graph 8 is connected.
Graph 9 is connected.
Graph 10 is connected.
Graph 11 is connected.
Matrix 1 normalized.
Matrix 2 normalized.
Matrix 3 normalized.
Matrix 4 normalized.
Matrix 5 normalized.
Matrix 6 normalized.
Matrix 7 normalized.
Matrix 8 normalized.
Matrix 9 normalized.
Matrix 10 normalized.
Matrix 11 normalized.
Number of threads: 20
102
552
152402452802
1


202
752

302
252
652
952
902
352
502
852
702
52
602
  4.948058 seconds (758.52 k allocations: 835.561 MiB)
503
  5.318087 seconds (973.44 k allocations: 960.281 MiB, 4.00% compilation time)
103
  8.152500 seconds (1.12 M allocations: 1.026 GiB, 30.95% gc time, 2.61% compilation time)
203
  9.482175 seconds (1.79 M allocations: 1.435 GiB, 26.61% gc time, 2.24% compilation time)
653
  9.505721 seconds (1.72 M allocations: 1.410 GiB, 26.55% gc time, 2.24% compilation time)
703
 10.080033 seconds (2.22 M allocations: 1.673 GiB, 25.03% gc time, 2.11% compilation time)
 10.525743 seconds (2.74 M allocations: 1.895 GiB, 27.23% gc time, 2.02% compilation time)
303
853
 10.227657 seconds (2.28 M allocations: 1.714 GiB, 24.67% gc time, 2.08% compilation time)
753
 10.280179 seconds (2.46 M allocations: 1.794 GiB, 24.55% gc time, 2.07% compilation time)
553
 10.292293 seconds (2.26 M allocations: 1.714 GiB, 24.52% gc time, 2.07% compilation time)
803
 10.418519 seconds (2.40 M allocations: 1.786 GiB, 24.22% gc time, 2.04% compilation time)
 10.493331 seconds (2.59 M allocations: 1.871 GiB, 24.05% gc time, 2.03% compilation time)
153
2
 10.785684 seconds (3.25 M allocations: 2.166 GiB, 23.40% gc time, 1.97% compilation time)
453
 10.929930 seconds (2.97 M allocations: 2.069 GiB, 23.09% gc time, 1.95% compilation time)
353
 11.055750 seconds (3.08 M allocations: 2.127 GiB, 22.82% gc time, 1.92% compilation time)
953
 11.370828 seconds (3.76 M allocations: 2.435 GiB, 22.19% gc time, 1.87% compilation time)
53
 11.384808 seconds (3.67 M allocations: 2.403 GiB, 22.16% gc time, 1.87% compilation time)
403
 11.503731 seconds (3.93 M allocations: 2.521 GiB, 21.94% gc time, 1.85% compilation time)
253
 11.331938 seconds (3.43 M allocations: 2.299 GiB, 22.27% gc time, 1.88% compilation time)
603
 12.620040 seconds (4.10 M allocations: 2.704 GiB, 19.99% gc time, 1.69% compilation time)
903
  8.935840 seconds (3.61 M allocations: 2.260 GiB, 14.63% gc time)
104
  8.845404 seconds (3.55 M allocations: 2.228 GiB, 14.78% gc time)
504
  5.661446 seconds (1.14 M allocations: 935.586 MiB, 23.09% gc time)
404
  7.723191 seconds (2.37 M allocations: 1.629 GiB, 16.93% gc time)
 10.273071 seconds (4.04 M allocations: 2.574 GiB, 12.73% gc time)
3
204
  8.592984 seconds (3.37 M allocations: 2.126 GiB, 15.21% gc time)
854
  7.525577 seconds (1.92 M allocations: 1.426 GiB, 17.37% gc time)
254
  8.789838 seconds (3.32 M allocations: 2.129 GiB, 14.87% gc time)
754
  7.710152 seconds (2.14 M allocations: 1.538 GiB, 16.96% gc time)
604
  9.809876 seconds (4.40 M allocations: 2.677 GiB, 13.33% gc time)
704
  9.026835 seconds (3.59 M allocations: 2.264 GiB, 14.48% gc time)
554
  8.546220 seconds (2.83 M allocations: 1.904 GiB, 15.30% gc time)
 10.603752 seconds (4.99 M allocations: 3.002 GiB, 12.33% gc time)
54
654
  8.909394 seconds (3.31 M allocations: 2.137 GiB, 14.67% gc time)
354
 10.098415 seconds (4.65 M allocations: 2.808 GiB, 12.95% gc time)
304
  7.480742 seconds (2.68 M allocations: 1.737 GiB, 17.48% gc time)
  9.295188 seconds (3.83 M allocations: 2.391 GiB, 14.06% gc time)
904
454
  9.759543 seconds (4.33 M allocations: 2.645 GiB, 13.40% gc time)
804
 14.015638 seconds (4.04 M allocations: 2.472 GiB, 42.94% gc time)
954
 14.801322 seconds (4.91 M allocations: 2.913 GiB, 40.67% gc time)
154
 11.910283 seconds (3.50 M allocations: 2.173 GiB, 39.56% gc time)
505
 10.839711 seconds (2.94 M allocations: 1.833 GiB, 43.47% gc time)
855
 11.303566 seconds (3.24 M allocations: 2.006 GiB, 41.68% gc time)
205
 10.586650 seconds (2.62 M allocations: 1.677 GiB, 44.51% gc time)
605
 13.198931 seconds (4.12 M allocations: 2.562 GiB, 35.70% gc time)
105
 12.938791 seconds (3.99 M allocations: 2.484 GiB, 36.41% gc time)
405
  9.973703 seconds (1.95 M allocations: 1.338 GiB, 47.24% gc time)
655
 10.986248 seconds (3.24 M allocations: 1.973 GiB, 42.89% gc time)
755
 12.628908 seconds (4.32 M allocations: 2.586 GiB, 37.31% gc time)
4
 11.309860 seconds (2.86 M allocations: 1.848 GiB, 41.66% gc time)
55
  6.532620 seconds (2.33 M allocations: 1.632 GiB)
155
 12.751296 seconds (3.85 M allocations: 2.404 GiB, 36.95% gc time)
555
  7.130731 seconds (2.71 M allocations: 1.849 GiB)
955
 13.801576 seconds (4.78 M allocations: 2.894 GiB, 34.14% gc time)
255
 13.500764 seconds (4.33 M allocations: 2.681 GiB, 34.90% gc time)
705
  8.908502 seconds (3.59 M allocations: 2.394 GiB)
805
  8.861502 seconds (3.56 M allocations: 2.377 GiB)
905
  9.148759 seconds (4.00 M allocations: 2.585 GiB)
355
  9.417990 seconds (4.12 M allocations: 2.661 GiB)
  9.427836 seconds (4.12 M allocations: 2.665 GiB)
305
455
  6.285156 seconds (3.51 M allocations: 2.088 GiB)
506
  5.917255 seconds (3.44 M allocations: 2.022 GiB)
856
  6.759509 seconds (3.10 M allocations: 1.972 GiB)
106
  7.012436 seconds (3.38 M allocations: 2.110 GiB)
606
  7.482508 seconds (3.75 M allocations: 2.312 GiB)
206
  8.041297 seconds (3.55 M allocations: 2.287 GiB)
406
  6.131759 seconds (2.75 M allocations: 1.762 GiB)
556
  7.219955 seconds (3.31 M allocations: 2.107 GiB)
56
  8.650070 seconds (4.00 M allocations: 2.540 GiB)
  8.937891 seconds (4.10 M allocations: 2.609 GiB)
756
656
  7.075966 seconds (3.45 M allocations: 2.148 GiB)
156
  8.242549 seconds (4.06 M allocations: 2.520 GiB)
5
  7.243066 seconds (3.66 M allocations: 2.251 GiB)
956
  7.330722 seconds (3.54 M allocations: 2.212 GiB)
706
  6.715398 seconds (3.19 M allocations: 2.009 GiB)
906
  6.809678 seconds (3.27 M allocations: 2.050 GiB)
  7.988793 seconds (3.90 M allocations: 2.429 GiB)
356
256
  7.045131 seconds (3.46 M allocations: 2.151 GiB)
806
  7.923476 seconds (3.62 M allocations: 2.305 GiB)
456
  8.203510 seconds (3.79 M allocations: 2.404 GiB)
306
  7.284076 seconds (3.52 M allocations: 2.198 GiB)
857
  6.452996 seconds (3.26 M allocations: 2.006 GiB)
607
  8.539977 seconds (4.09 M allocations: 2.563 GiB)
507
  7.782164 seconds (3.79 M allocations: 2.358 GiB)
107
  7.351000 seconds (3.56 M allocations: 2.224 GiB)
207
  7.414415 seconds (3.68 M allocations: 2.276 GiB)
407
  7.379290 seconds (3.54 M allocations: 2.215 GiB)
57
  7.144026 seconds (3.27 M allocations: 2.080 GiB)
657
  7.887709 seconds (3.85 M allocations: 2.398 GiB)
557
  7.523134 seconds (3.63 M allocations: 2.265 GiB)
757
  7.650524 seconds (3.58 M allocations: 2.257 GiB)
157
  6.851301 seconds (3.21 M allocations: 2.027 GiB)
707
  8.093624 seconds (3.91 M allocations: 2.438 GiB)
6
  7.588783 seconds (3.77 M allocations: 2.329 GiB)
957
  7.240410 seconds (3.58 M allocations: 2.214 GiB)
907
  7.639454 seconds (3.52 M allocations: 2.232 GiB)
357
  7.967454 seconds (3.66 M allocations: 2.325 GiB)
257
  8.091645 seconds (3.75 M allocations: 2.377 GiB)
807
  7.559719 seconds (3.69 M allocations: 2.295 GiB)
457
  7.492921 seconds (3.62 M allocations: 2.262 GiB)
307
  7.506105 seconds (3.69 M allocations: 2.289 GiB)
858
  7.380742 seconds (3.54 M allocations: 2.214 GiB)
508
  7.867941 seconds (3.75 M allocations: 2.353 GiB)
608
  7.361888 seconds (3.56 M allocations: 2.220 GiB)
108
  7.369009 seconds (3.59 M allocations: 2.235 GiB)
208
  7.180271 seconds (3.64 M allocations: 2.234 GiB)
408
  7.002910 seconds (3.21 M allocations: 2.042 GiB)
758
  7.929898 seconds (3.62 M allocations: 2.306 GiB)
658
  8.287040 seconds (3.98 M allocations: 2.489 GiB)
  7.970075 seconds (3.62 M allocations: 2.312 GiB)
58
558
  7.601470 seconds (3.47 M allocations: 2.210 GiB)
158
 19.032445 seconds (3.64 M allocations: 2.282 GiB, 59.64% gc time)
708
 18.737658 seconds (3.53 M allocations: 2.211 GiB, 60.58% gc time)
 18.409042 seconds (3.35 M allocations: 2.105 GiB, 61.66% gc time)
958
908
 19.229401 seconds (3.91 M allocations: 2.419 GiB, 59.03% gc time)
7
 18.381665 seconds (3.62 M allocations: 2.209 GiB, 61.75% gc time)
358
 18.100615 seconds (3.41 M allocations: 2.096 GiB, 62.71% gc time)
258
 18.346812 seconds (3.21 M allocations: 2.036 GiB, 61.87% gc time)
859
 18.744884 seconds (3.50 M allocations: 2.196 GiB, 60.56% gc time)
458
 19.831349 seconds (4.11 M allocations: 2.559 GiB, 57.24% gc time)
808
 19.317960 seconds (3.89 M allocations: 2.419 GiB, 58.76% gc time)
308
 18.068109 seconds (3.47 M allocations: 2.115 GiB, 62.82% gc time)
509
 17.789840 seconds (3.12 M allocations: 1.943 GiB, 63.81% gc time)
409
 19.980831 seconds (3.99 M allocations: 2.527 GiB, 56.81% gc time)
609
 19.744114 seconds (3.89 M allocations: 2.459 GiB, 57.49% gc time)
109
  6.064343 seconds (2.67 M allocations: 1.721 GiB)
709
 20.229521 seconds (4.16 M allocations: 2.625 GiB, 56.11% gc time)
  6.120134 seconds (2.58 M allocations: 1.691 GiB)
209
959
  6.057032 seconds (2.58 M allocations: 1.686 GiB)
8
  6.084152 seconds (2.57 M allocations: 1.686 GiB)
359
  6.065023 seconds (2.55 M allocations: 1.676 GiB)
259
 21.024918 seconds (4.69 M allocations: 2.920 GiB, 53.99% gc time)
759
 20.406404 seconds (4.36 M allocations: 2.724 GiB, 55.62% gc time)
659
  9.123790 seconds (4.37 M allocations: 2.740 GiB)
59
  9.114225 seconds (4.34 M allocations: 2.724 GiB)
559
  9.078354 seconds (4.15 M allocations: 2.644 GiB)
909
  6.111217 seconds (2.78 M allocations: 1.777 GiB)
510
  4.099242 seconds (2.29 M allocations: 1.367 GiB)
610
  7.519006 seconds (3.76 M allocations: 2.323 GiB)
  3.441992 seconds (1.78 M allocations: 1.090 GiB)
960
860
 10.258540 seconds (5.22 M allocations: 3.207 GiB)
159
  6.141262 seconds (3.36 M allocations: 2.015 GiB)
410
  7.876251 seconds (4.02 M allocations: 2.466 GiB)
309
  8.529150 seconds (4.39 M allocations: 2.687 GiB)
459
  9.246260 seconds (4.63 M allocations: 2.860 GiB)
809
  6.685931 seconds (3.57 M allocations: 2.157 GiB)
710
  3.182223 seconds (1.52 M allocations: 974.578 MiB)
511
  6.355678 seconds (3.15 M allocations: 1.950 GiB)
360
  6.369319 seconds (2.75 M allocations: 1.789 GiB)
60
  6.461332 seconds (2.85 M allocations: 1.838 GiB)
560
  6.052771 seconds (2.53 M allocations: 1.666 GiB)
611
  6.375187 seconds (2.87 M allocations: 1.837 GiB)
910
 10.253018 seconds (5.08 M allocations: 3.148 GiB)
110
  9.774668 seconds (4.75 M allocations: 2.963 GiB)
  6.027844 seconds (2.53 M allocations: 1.664 GiB)
210
861
  9.178622 seconds (4.30 M allocations: 2.720 GiB)
260
  9.858170 seconds (5.07 M allocations: 3.108 GiB)
9
  6.397942 seconds (2.75 M allocations: 1.795 GiB)
460
  4.824930 seconds (2.08 M allocations: 1.359 GiB)
361
  6.129716 seconds (2.79 M allocations: 1.784 GiB)
  8.290013 seconds (3.69 M allocations: 2.379 GiB)
961
810
  8.482224 seconds (3.83 M allocations: 2.456 GiB)
160
  7.915545 seconds (3.63 M allocations: 2.315 GiB)
310
 10.969531 seconds (5.75 M allocations: 3.503 GiB)
660
  6.750387 seconds (3.24 M allocations: 2.036 GiB)
512
 19.917732 seconds (5.87 M allocations: 3.585 GiB, 43.20% gc time)
760
 18.036036 seconds (4.59 M allocations: 2.863 GiB, 47.71% gc time)
411
 16.419293 seconds (3.90 M allocations: 2.410 GiB, 52.40% gc time)
711
 14.447293 seconds (2.37 M allocations: 1.576 GiB, 59.56% gc time)
10
 15.954155 seconds (3.81 M allocations: 2.327 GiB, 53.93% gc time)
61
 15.214892 seconds (2.90 M allocations: 1.873 GiB, 56.55% gc time)
111
 13.608862 seconds (2.41 M allocations: 1.506 GiB, 63.22% gc time)
461
 16.746118 seconds (3.45 M allocations: 2.261 GiB, 51.38% gc time)
862
 17.201437 seconds (4.11 M allocations: 2.580 GiB, 50.02% gc time)
612
 17.227056 seconds (4.06 M allocations: 2.558 GiB, 49.95% gc time)
911
 17.981115 seconds (4.78 M allocations: 2.936 GiB, 47.85% gc time)
561
 15.311412 seconds (3.20 M allocations: 2.005 GiB, 56.19% gc time)
362
 15.269775 seconds (3.03 M allocations: 1.932 GiB, 56.35% gc time)
 17.909972 seconds (4.25 M allocations: 2.708 GiB, 48.04% gc time)
 14.929393 seconds (2.84 M allocations: 1.823 GiB, 57.63% gc time)
211
811
311
 18.220503 seconds (4.65 M allocations: 2.908 GiB, 47.22% gc time)
261
 15.410600 seconds (3.24 M allocations: 2.036 GiB, 55.83% gc time)
661
 17.115894 seconds (4.01 M allocations: 2.528 GiB, 50.27% gc time)
161
 17.297104 seconds (4.17 M allocations: 2.613 GiB, 49.74% gc time)
962
  6.829778 seconds (3.19 M allocations: 2.021 GiB)
712
  7.608210 seconds (3.58 M allocations: 2.261 GiB)
412
  7.847508 seconds (3.74 M allocations: 2.349 GiB)
761
  8.608738 seconds (4.27 M allocations: 2.644 GiB)
513
  6.493393 seconds (3.54 M allocations: 2.129 GiB)
11
  6.452009 seconds (3.42 M allocations: 2.074 GiB)
62
  5.371089 seconds (3.00 M allocations: 1.790 GiB)
863
  6.968634 seconds (3.50 M allocations: 2.161 GiB)
462
  8.382178 seconds (4.03 M allocations: 2.525 GiB)
112
  5.655007 seconds (2.55 M allocations: 1.632 GiB)
  6.522652 seconds (3.34 M allocations: 2.049 GiB)
812
912
  7.562149 seconds (3.93 M allocations: 2.395 GiB)
613
  8.082263 seconds (3.85 M allocations: 2.418 GiB)
562
  5.734234 seconds (2.48 M allocations: 1.611 GiB)
  8.317575 seconds (3.95 M allocations: 2.483 GiB)
713
363
  6.761316 seconds (3.06 M allocations: 1.952 GiB)
162
  6.094629 seconds (2.67 M allocations: 1.726 GiB)
762
  6.125796 seconds (2.54 M allocations: 1.674 GiB)
12
  9.769752 seconds (4.42 M allocations: 2.821 GiB)
312
  6.049969 seconds (2.55 M allocations: 1.672 GiB)
63
  9.698861 seconds (4.42 M allocations: 2.814 GiB)
262
  9.278481 seconds (4.50 M allocations: 2.803 GiB)
662
  6.058789 seconds (2.76 M allocations: 1.758 GiB)
864
 10.607321 seconds (5.22 M allocations: 3.237 GiB)
212
  9.003959 seconds (4.26 M allocations: 2.678 GiB)
413
  6.047625 seconds (2.80 M allocations: 1.775 GiB)
913
  6.882247 seconds (3.06 M allocations: 1.967 GiB)
813
  6.487241 seconds (3.00 M allocations: 1.900 GiB)
614
 11.410686 seconds (5.38 M allocations: 3.387 GiB)
963
  5.202621 seconds (2.49 M allocations: 1.560 GiB)
714
  7.486170 seconds (3.42 M allocations: 2.181 GiB)
113
  9.212336 seconds (4.47 M allocations: 2.787 GiB)
463
 11.138397 seconds (5.45 M allocations: 3.391 GiB)
514
  4.851373 seconds (1.95 M allocations: 1.304 GiB)
213
  4.196713 seconds (1.81 M allocations: 1.177 GiB)
414
  5.306125 seconds (2.28 M allocations: 1.489 GiB)
865
  7.389023 seconds (3.81 M allocations: 2.330 GiB)
163
  8.467444 seconds (4.40 M allocations: 2.683 GiB)
563
  6.187245 seconds (3.15 M allocations: 1.936 GiB)
64
  7.116892 seconds (3.50 M allocations: 2.175 GiB)
263
  9.583768 seconds (4.82 M allocations: 2.969 GiB)
364
  8.881603 seconds (4.49 M allocations: 2.765 GiB)
763
  9.142353 seconds (4.60 M allocations: 2.835 GiB)
13
  8.530756 seconds (3.92 M allocations: 2.490 GiB)
663
  9.119839 seconds (4.43 M allocations: 2.765 GiB)
313
  6.040192 seconds (2.87 M allocations: 1.804 GiB)
615
  6.703158 seconds (3.47 M allocations: 2.120 GiB)
814
 10.052486 seconds (3.20 M allocations: 2.046 GiB, 29.38% gc time)
114
 10.048893 seconds (3.22 M allocations: 2.055 GiB, 29.39% gc time)
464
  7.949221 seconds (2.43 M allocations: 1.510 GiB, 37.15% gc time)
415
  7.949746 seconds (2.43 M allocations: 1.511 GiB, 37.15% gc time)
866
 11.692647 seconds (4.03 M allocations: 2.556 GiB, 25.26% gc time)
964
 13.605261 seconds (5.11 M allocations: 3.194 GiB, 21.71% gc time)
914
  7.938260 seconds (2.23 M allocations: 1.428 GiB, 37.20% gc time)
764
 12.144524 seconds (4.21 M allocations: 2.674 GiB, 24.32% gc time)
515
 11.291496 seconds (3.33 M allocations: 2.226 GiB, 26.15% gc time)  9.524462 seconds (2.21 M allocations: 1.582 GiB, 31.01% gc time)
 13.818073 seconds (4.79 M allocations: 3.087 GiB, 21.37% gc time)
  3.020147 seconds (1.26 M allocations: 851.143 MiB) 10.407698 seconds (3.01 M allocations: 2.003 GiB, 28.37% gc time) 12.265501 seconds (3.49 M allocations: 2.392 GiB, 24.08% gc time)



 10.590047 seconds (3.80 M allocations: 2.344 GiB, 27.89% gc time)
  3.023240 seconds (935.98 k allocations: 713.653 MiB)
  9.244288 seconds (1.92 M allocations: 1.435 GiB, 31.95% gc time)
664
115
164
214
  9.380118 seconds (2.18 M allocations: 1.557 GiB, 31.48% gc time)
65
465
 12.028077 seconds (3.39 M allocations: 2.326 GiB, 24.55% gc time)
264
715
616
314
564
  9.617265 seconds (3.56 M allocations: 2.143 GiB, 30.71% gc time)
815
 11.748096 seconds (4.69 M allocations: 2.830 GiB, 25.14% gc time)
365
 11.193393 seconds (4.53 M allocations: 2.707 GiB, 26.38% gc time)
14
  6.495122 seconds (3.40 M allocations: 2.067 GiB)
867
  7.019269 seconds (3.64 M allocations: 2.220 GiB)
416
  5.225853 seconds (3.07 M allocations: 1.800 GiB)
765
  7.077614 seconds (3.76 M allocations: 2.272 GiB)
965
  7.490330 seconds (3.82 M allocations: 2.339 GiB)
915
  6.055986 seconds (2.44 M allocations: 1.625 GiB)
  6.042931 seconds (2.36 M allocations: 1.588 GiB)
165
665
  6.058901 seconds (2.31 M allocations: 1.572 GiB)
565
  6.148530 seconds (2.42 M allocations: 1.628 GiB)
66
  6.034922 seconds (2.26 M allocations: 1.548 GiB)
366
  6.049488 seconds (2.26 M allocations: 1.550 GiB)
15
  6.044070 seconds (2.26 M allocations: 1.551 GiB)
868
  6.037341 seconds (2.26 M allocations: 1.549 GiB)
417
  8.881083 seconds (3.87 M allocations: 2.504 GiB)
116
  8.861510 seconds (3.61 M allocations: 2.396 GiB)
215
  8.878857 seconds (3.59 M allocations: 2.388 GiB)
466
  9.091630 seconds (3.92 M allocations: 2.546 GiB)
  9.086989 seconds (3.89 M allocations: 2.533 GiB)
  9.098764 seconds (3.90 M allocations: 2.541 GiB)
265
  9.080521 seconds (3.89 M allocations: 2.533 GiB)
617
516
  9.091940 seconds (3.91 M allocations: 2.546 GiB)
315
716
  9.071936 seconds (4.41 M allocations: 2.743 GiB)
816
  8.936070 seconds (3.64 M allocations: 2.413 GiB)  5.770968 seconds (2.35 M allocations: 1.559 GiB)

  5.422437 seconds (2.54 M allocations: 1.600 GiB)  6.064282 seconds (2.70 M allocations: 1.731 GiB)

  8.643951 seconds (3.73 M allocations: 2.419 GiB)
  6.037439 seconds (2.68 M allocations: 1.721 GiB)
566
966
367
166
  8.193365 seconds (3.39 M allocations: 2.235 GiB)
916
666
766
  3.744058 seconds (1.64 M allocations: 1.062 GiB)
316
  5.525096 seconds (3.19 M allocations: 1.879 GiB)
869
  7.528955 seconds (4.10 M allocations: 2.461 GiB)
67
  7.149230 seconds (3.64 M allocations: 2.233 GiB)
  6.296360 seconds (3.20 M allocations: 1.967 GiB)
418
117
  6.154300 seconds (2.70 M allocations: 1.749 GiB)
  8.173377 seconds (4.33 M allocations: 2.622 GiB)
517
16
  7.152181 seconds (3.71 M allocations: 2.263 GiB)
216
  7.579251 seconds (3.75 M allocations: 2.322 GiB)
467
  8.713797 seconds (3.63 M allocations: 2.396 GiB)
618
  5.250153 seconds (2.39 M allocations: 1.528 GiB)
967
  9.246855 seconds (3.99 M allocations: 2.597 GiB)
266
  9.488609 seconds (4.14 M allocations: 2.683 GiB)
717
  5.748246 seconds (2.36 M allocations: 1.566 GiB)
870
 16.322867 seconds (2.64 M allocations: 1.729 GiB, 61.84% gc time)
317
 17.025825 seconds (3.09 M allocations: 1.984 GiB, 59.29% gc time)
667
 17.740530 seconds (3.39 M allocations: 2.185 GiB, 56.90% gc time) 18.331683 seconds (3.25 M allocations: 2.187 GiB, 55.06% gc time)
 18.068141 seconds (3.24 M allocations: 2.157 GiB, 55.87% gc time)

 17.289416 seconds (3.20 M allocations: 2.058 GiB, 58.38% gc time)
 17.991257 seconds (3.24 M allocations: 2.146 GiB, 56.11% gc time)
167
767
 14.441632 seconds (1.60 M allocations: 1.105 GiB, 69.90% gc time)
567
817
917
217
 16.523428 seconds (3.10 M allocations: 1.936 GiB, 61.09% gc time)
 17.919461 seconds (3.66 M allocations: 2.312 GiB, 56.33% gc time)
118
68
 17.595537 seconds (3.69 M allocations: 2.287 GiB, 57.37% gc time)
419
 20.486237 seconds (4.96 M allocations: 3.112 GiB, 49.27% gc time)
368
 18.511310 seconds (3.86 M allocations: 2.455 GiB, 54.53% gc time)
17
 16.251970 seconds (3.12 M allocations: 1.915 GiB, 62.11% gc time)
 18.737106 seconds (4.00 M allocations: 2.538 GiB, 53.87% gc time)
619
518
 16.384796 seconds (3.30 M allocations: 2.005 GiB, 61.61% gc time)
968
  4.998890 seconds (2.60 M allocations: 1.588 GiB)
318
 16.195441 seconds (3.40 M allocations: 2.025 GiB, 62.33% gc time)
 17.942249 seconds (4.07 M allocations: 2.483 GiB, 56.26% gc time)
267
468
 18.968460 seconds (4.03 M allocations: 2.570 GiB, 53.22% gc time)
718
  8.608136 seconds (3.97 M allocations: 2.522 GiB)
871
  6.268893 seconds (2.74 M allocations: 1.775 GiB)
918
  6.267758 seconds (2.70 M allocations: 1.757 GiB)
768
  6.895190 seconds (3.20 M allocations: 2.028 GiB)
818
  6.987062 seconds (3.15 M allocations: 2.015 GiB)
218
  7.871205 seconds (3.42 M allocations: 2.221 GiB)
668
  7.768234 seconds (3.30 M allocations: 2.159 GiB)
69
  6.897676 seconds (3.11 M allocations: 1.991 GiB)
420
  6.030394 seconds (2.69 M allocations: 1.727 GiB)
620
  9.067882 seconds (4.31 M allocations: 2.708 GiB)
168
  9.056278 seconds (4.17 M allocations: 2.653 GiB)
568
  6.032939 seconds (2.35 M allocations: 1.593 GiB)
268
  9.043992 seconds (4.25 M allocations: 2.683 GiB)
119
  7.080824 seconds (2.96 M allocations: 1.950 GiB)
469
  7.431701 seconds (3.43 M allocations: 2.179 GiB)
519
  7.778322 seconds (3.54 M allocations: 2.259 GiB)
319
  9.088078 seconds (4.56 M allocations: 2.813 GiB)
369
  9.102283 seconds (4.61 M allocations: 2.834 GiB)
18
  9.081470 seconds (4.14 M allocations: 2.638 GiB)
969
  6.767291 seconds (3.57 M allocations: 2.167 GiB)
719
  6.286715 seconds (3.09 M allocations: 1.921 GiB)
819
  7.228503 seconds (3.60 M allocations: 2.228 GiB)
872
  3.213167 seconds (1.33 M allocations: 902.986 MiB)
470
  7.700646 seconds (3.88 M allocations: 2.391 GiB)
919
  6.233328 seconds (3.18 M allocations: 1.949 GiB)
70
  8.011889 seconds (4.09 M allocations: 2.509 GiB)
769
  6.115565 seconds (2.80 M allocations: 1.783 GiB)
269
  7.717324 seconds (3.96 M allocations: 2.428 GiB)
669
  6.297673 seconds (2.71 M allocations: 1.763 GiB)
  7.479955 seconds (3.35 M allocations: 2.149 GiB)
520
169
  9.594872 seconds (4.65 M allocations: 2.905 GiB)
219
  7.909052 seconds (3.89 M allocations: 2.418 GiB)
621
  9.636775 seconds (4.69 M allocations: 2.921 GiB)
421
  9.113937 seconds (4.16 M allocations: 2.651 GiB)
569
  9.623923 seconds (4.28 M allocations: 2.753 GiB)
120
  6.053071 seconds (2.80 M allocations: 1.771 GiB)
820
  8.872275 seconds (4.01 M allocations: 2.564 GiB)
320
  6.061159 seconds (2.74 M allocations: 1.750 GiB)
471
  8.956546 seconds (4.07 M allocations: 2.599 GiB)
370
  5.983794 seconds (2.86 M allocations: 1.792 GiB)
920
  5.788023 seconds (2.63 M allocations: 1.678 GiB)
770
  8.432521 seconds (4.17 M allocations: 2.584 GiB)
970
  8.950902 seconds (4.51 M allocations: 2.778 GiB)
19
  6.631413 seconds (3.33 M allocations: 2.053 GiB)
71
  7.895565 seconds (4.02 M allocations: 2.464 GiB)
873
  8.976641 seconds (4.72 M allocations: 2.865 GiB)
720
  6.094062 seconds (2.99 M allocations: 1.855 GiB)
170
  7.439362 seconds (3.70 M allocations: 2.287 GiB)
270
  6.464259 seconds (3.25 M allocations: 2.002 GiB)
521
  7.603584 seconds (3.44 M allocations: 2.198 GiB)
622
  9.189744 seconds (4.22 M allocations: 2.682 GiB)
670
  8.461985 seconds (3.84 M allocations: 2.451 GiB)
220
 15.119055 seconds (3.60 M allocations: 2.279 GiB, 48.60% gc time)
570
 15.861863 seconds (3.98 M allocations: 2.511 GiB, 46.33% gc time)
422
 13.695408 seconds (2.76 M allocations: 1.786 GiB, 53.65% gc time)
371
 13.375508 seconds (2.52 M allocations: 1.657 GiB, 54.94% gc time)
20
 15.056927 seconds (3.87 M allocations: 2.387 GiB, 48.80% gc time)
121
 13.674569 seconds (2.85 M allocations: 1.821 GiB, 53.74% gc time)
971
 14.651366 seconds (3.67 M allocations: 2.262 GiB, 50.15% gc time)
472
 15.451056 seconds (4.25 M allocations: 2.583 GiB, 47.56% gc time)
821
 14.394775 seconds (3.41 M allocations: 2.130 GiB, 51.05% gc time)
771
 14.854948 seconds (3.42 M allocations: 2.180 GiB, 49.47% gc time)
72
 15.792811 seconds (3.94 M allocations: 2.492 GiB, 46.53% gc time)
921
 16.565611 seconds (4.62 M allocations: 2.848 GiB, 44.36% gc time)
321
 13.974609 seconds (3.10 M allocations: 1.958 GiB, 52.58% gc time)
271
 16.051433 seconds (4.01 M allocations: 2.547 GiB, 45.78% gc time)
874
 16.027363 seconds (4.01 M allocations: 2.541 GiB, 45.85% gc time)
721
 13.407114 seconds (3.10 M allocations: 1.899 GiB, 54.81% gc time)
623
 15.560817 seconds (3.85 M allocations: 2.429 GiB, 47.22% gc time)
171
 15.511107 seconds (3.85 M allocations: 2.423 GiB, 47.37% gc time)
522
  6.033294 seconds (3.21 M allocations: 1.944 GiB)
571
  6.048019 seconds (3.09 M allocations: 1.899 GiB)
372
  6.046395 seconds (2.97 M allocations: 1.848 GiB)
21
  6.054914 seconds (2.93 M allocations: 1.833 GiB)
122
  6.192747 seconds (3.04 M allocations: 1.890 GiB)
972
  6.331290 seconds (3.04 M allocations: 1.907 GiB)
473
 16.491638 seconds (4.75 M allocations: 2.896 GiB, 44.56% gc time)
671
 16.452819 seconds (4.68 M allocations: 2.866 GiB, 44.66% gc time)
221
  8.173388 seconds (4.33 M allocations: 2.627 GiB)
423
  8.601638 seconds (3.76 M allocations: 2.435 GiB)
822
  7.311494 seconds (3.25 M allocations: 2.091 GiB)
322
  9.108641 seconds (4.08 M allocations: 2.619 GiB)
  7.788723 seconds (3.59 M allocations: 2.281 GiB)
772
73
  7.753134 seconds (3.55 M allocations: 2.264 GiB)
922
  7.592265 seconds (3.71 M allocations: 2.308 GiB)
272
  6.681190 seconds (3.40 M allocations: 2.088 GiB)
722
  7.120884 seconds (3.64 M allocations: 2.233 GiB)
875
  6.753701 seconds (3.54 M allocations: 2.153 GiB)
624
  6.751474 seconds (3.50 M allocations: 2.135 GiB)
172
  6.681611 seconds (3.47 M allocations: 2.117 GiB)
523
  6.357170 seconds (3.52 M allocations: 2.104 GiB)
572
  6.743596 seconds (3.58 M allocations: 2.170 GiB)
373
  8.968106 seconds (3.80 M allocations: 2.490 GiB)
22
  7.935822 seconds (3.31 M allocations: 2.185 GiB)
672
  9.235477 seconds (3.95 M allocations: 2.579 GiB)
123
  9.071305 seconds (3.92 M allocations: 2.553 GiB)
973
  8.770008 seconds (3.95 M allocations: 2.531 GiB)
474
  6.480542 seconds (3.10 M allocations: 1.948 GiB)
323
  5.690205 seconds (2.35 M allocations: 1.555 GiB)
876
  5.497782 seconds (2.05 M allocations: 1.412 GiB)
  4.957564 seconds (1.83 M allocations: 1.267 GiB)
524
573
  9.504143 seconds (4.54 M allocations: 2.850 GiB)
222
  5.996856 seconds (2.56 M allocations: 1.673 GiB)
173
  8.031012 seconds (4.21 M allocations: 2.563 GiB)
823
  9.721545 seconds (4.84 M allocations: 2.996 GiB)
424
  7.841376 seconds (3.95 M allocations: 2.437 GiB)
773
  6.734737 seconds (3.24 M allocations: 2.032 GiB)
625
  7.414330 seconds (3.84 M allocations: 2.346 GiB)
723
  9.080967 seconds (4.64 M allocations: 2.846 GiB)
74
  9.011893 seconds (4.52 M allocations: 2.792 GiB)
273
  9.730239 seconds (4.89 M allocations: 3.020 GiB)
923
  7.497043 seconds (3.69 M allocations: 2.293 GiB)
374
  6.246041 seconds (3.04 M allocations: 1.893 GiB)
974
  6.797620 seconds (3.35 M allocations: 2.080 GiB)
124
  6.039929 seconds (2.67 M allocations: 1.721 GiB)
525
  7.891456 seconds (3.86 M allocations: 2.401 GiB)
673
  6.042439 seconds (2.47 M allocations: 1.641 GiB)
824
  7.081485 seconds (3.39 M allocations: 2.127 GiB)
877
  8.872673 seconds (4.71 M allocations: 2.856 GiB)
23
  7.342928 seconds (3.50 M allocations: 2.199 GiB)
  7.135819 seconds (3.33 M allocations: 2.108 GiB)
223
574
 20.654274 seconds (3.18 M allocations: 2.035 GiB, 65.96% gc time)
174
 22.488885 seconds (4.57 M allocations: 2.797 GiB, 60.58% gc time)
324
 22.670783 seconds (4.69 M allocations: 2.862 GiB, 60.10% gc time)
475
 21.545904 seconds (3.56 M allocations: 2.282 GiB, 63.23% gc time)
774
 21.692937 seconds (3.64 M allocations: 2.330 GiB, 62.81% gc time)
626
 20.668867 seconds (3.35 M allocations: 2.107 GiB, 65.92% gc time)
75
 17.891738 seconds (2.47 M allocations: 1.457 GiB, 76.15% gc time)
975
 22.539883 seconds (4.05 M allocations: 2.589 GiB, 60.45% gc time)
724
 16.973409 seconds (1.88 M allocations: 1.120 GiB, 80.27% gc time)
878
 21.221695 seconds (3.67 M allocations: 2.295 GiB, 64.20% gc time)
274
 23.365785 seconds (4.71 M allocations: 2.946 GiB, 58.31% gc time)
425
 21.053310 seconds (3.75 M allocations: 2.313 GiB, 64.71% gc time)
375
 23.249777 seconds (4.43 M allocations: 2.816 GiB, 58.60% gc time)
924
  6.049156 seconds (2.58 M allocations: 1.686 GiB)
175
 20.986942 seconds (3.48 M allocations: 2.193 GiB, 64.92% gc time)
825
  6.013503 seconds (2.56 M allocations: 1.674 GiB)
476
 22.788443 seconds (4.49 M allocations: 2.795 GiB, 59.79% gc time)
125
 22.472731 seconds (4.42 M allocations: 2.733 GiB, 60.63% gc time)
526
  6.059242 seconds (2.65 M allocations: 1.718 GiB)
627
  6.055668 seconds (2.54 M allocations: 1.669 GiB)
976
 23.222626 seconds (4.74 M allocations: 2.940 GiB, 58.67% gc time)
674
  6.027225 seconds (2.51 M allocations: 1.655 GiB)
725
  6.042904 seconds (2.52 M allocations: 1.661 GiB)
879
  9.074028 seconds (4.45 M allocations: 2.770 GiB)
24
  9.058196 seconds (4.46 M allocations: 2.770 GiB)
224
  6.043038 seconds (2.64 M allocations: 1.709 GiB)
376
  9.484177 seconds (4.81 M allocations: 2.958 GiB)
575
  9.074018 seconds (4.54 M allocations: 2.807 GiB)
325
  9.071547 seconds (4.59 M allocations: 2.825 GiB)
775
  9.051584 seconds (4.37 M allocations: 2.730 GiB)
76
  9.075465 seconds (4.03 M allocations: 2.590 GiB)
275
  6.056875 seconds (3.17 M allocations: 1.928 GiB)
  9.089790 seconds (3.93 M allocations: 2.555 GiB)
176
426
  6.053359 seconds (3.34 M allocations: 1.997 GiB)
826
  6.118355 seconds (3.35 M allocations: 2.009 GiB)
477
  6.034602 seconds (2.94 M allocations: 1.831 GiB)
977
  9.084383 seconds (4.38 M allocations: 2.739 GiB)
925
  6.607380 seconds (3.36 M allocations: 2.064 GiB)
628
  6.044976 seconds (2.92 M allocations: 1.826 GiB)
726
  3.158936 seconds (1.15 M allocations: 821.335 MiB)
827
  7.229390 seconds (3.31 M allocations: 2.110 GiB)
880
  9.086718 seconds (4.54 M allocations: 2.808 GiB)
126
  7.293730 seconds (3.33 M allocations: 2.124 GiB)
225
  9.064632 seconds (4.58 M allocations: 2.823 GiB)
527
  7.464868 seconds (3.54 M allocations: 2.231 GiB)
377
  8.910206 seconds (4.14 M allocations: 2.623 GiB)
25
  9.693538 seconds (4.80 M allocations: 2.977 GiB)
675
  6.158004 seconds (2.80 M allocations: 1.790 GiB)
177
  8.839825 seconds (4.04 M allocations: 2.578 GiB)
326
  6.341025 seconds (3.01 M allocations: 1.896 GiB)
427
  7.967481 seconds (3.88 M allocations: 2.424 GiB)
77
  6.110207 seconds (3.08 M allocations: 1.903 GiB)
478
  9.543543 seconds (4.65 M allocations: 2.903 GiB)
576
  8.866780 seconds (4.53 M allocations: 2.784 GiB)
776
  6.049164 seconds (3.30 M allocations: 1.985 GiB)
978
  6.035394 seconds (3.08 M allocations: 1.893 GiB)
727
  9.483206 seconds (4.73 M allocations: 2.930 GiB)
276
  6.040367 seconds (3.21 M allocations: 1.946 GiB)
828
  6.045609 seconds (2.88 M allocations: 1.811 GiB)
226
  8.847924 seconds (4.24 M allocations: 2.659 GiB)
926
  8.707316 seconds (4.16 M allocations: 2.612 GiB)
629
  8.410788 seconds (3.77 M allocations: 2.421 GiB)
127
  8.794226 seconds (4.10 M allocations: 2.596 GiB)
  8.342910 seconds (3.68 M allocations: 2.376 GiB)
881
528
  7.017376 seconds (3.22 M allocations: 2.050 GiB)
178
  6.719474 seconds (2.89 M allocations: 1.882 GiB)
327
  6.835512 seconds (3.02 M allocations: 1.950 GiB)
428
  8.771916 seconds (4.01 M allocations: 2.559 GiB)
378
 23.192559 seconds (3.37 M allocations: 2.117 GiB, 69.15% gc time)
78
 23.808037 seconds (3.95 M allocations: 2.420 GiB, 67.37% gc time)
676
 24.409421 seconds (4.42 M allocations: 2.678 GiB, 65.71% gc time)
26
 22.688205 seconds (3.15 M allocations: 1.974 GiB, 70.69% gc time)
979
 23.973821 seconds (3.74 M allocations: 2.350 GiB, 66.90% gc time)
479
 22.974068 seconds (3.33 M allocations: 2.076 GiB, 69.81% gc time)
728
 24.901580 seconds (4.05 M allocations: 2.573 GiB, 64.41% gc time)
577
 23.101142 seconds (3.48 M allocations: 2.153 GiB, 69.43% gc time)
277
 25.505136 seconds (4.31 M allocations: 2.742 GiB, 62.88% gc time)
777
 22.605156 seconds (3.40 M allocations: 2.071 GiB, 70.95% gc time)
227
 24.214481 seconds (3.92 M allocations: 2.450 GiB, 66.24% gc time)
829
 22.032927 seconds (3.16 M allocations: 1.911 GiB, 72.79% gc time)
128
 24.096230 seconds (3.77 M allocations: 2.376 GiB, 66.56% gc time)
630
 24.302858 seconds (3.87 M allocations: 2.439 GiB, 65.99% gc time)
927
 22.443127 seconds (3.23 M allocations: 1.983 GiB, 71.46% gc time)
882
 23.024615 seconds (3.61 M allocations: 2.198 GiB, 69.66% gc time)
529
  6.449395 seconds (3.13 M allocations: 1.955 GiB)
379
  7.057161 seconds (3.49 M allocations: 2.164 GiB)
328
  6.683846 seconds (3.08 M allocations: 1.961 GiB)
677
  6.996633 seconds (3.42 M allocations: 2.130 GiB)
79
  7.264078 seconds (3.39 M allocations: 2.149 GiB)
27
  8.294663 seconds (4.10 M allocations: 2.546 GiB)
429
  6.025469 seconds (2.93 M allocations: 1.831 GiB)
578
  9.422684 seconds (4.62 M allocations: 2.874 GiB)
179
  7.963110 seconds (3.59 M allocations: 2.300 GiB)
729
  7.988150 seconds (3.43 M allocations: 2.240 GiB)
278
  6.249147 seconds (2.84 M allocations: 1.813 GiB)
129
 10.200842 seconds (4.43 M allocations: 2.877 GiB)
980
  6.053763 seconds (2.66 M allocations: 1.721 GiB)
883
 10.582804 seconds (4.83 M allocations: 3.081 GiB)
  8.560089 seconds (3.85 M allocations: 2.469 GiB)
480
228
  6.025953 seconds (2.94 M allocations: 1.832 GiB)
530
  6.774117 seconds (3.29 M allocations: 2.055 GiB)
928
  6.044917 seconds (2.99 M allocations: 1.857 GiB)
380
  6.028953 seconds (3.04 M allocations: 1.874 GiB)
329
  8.762517 seconds (4.47 M allocations: 2.748 GiB)
830
  6.041877 seconds (3.12 M allocations: 1.911 GiB)
678
  6.040861 seconds (3.07 M allocations: 1.888 GiB)
28
  6.021192 seconds (2.93 M allocations: 1.830 GiB)
579
 11.472520 seconds (5.67 M allocations: 3.522 GiB)
778
  9.074281 seconds (4.63 M allocations: 2.846 GiB)
631
  7.719648 seconds (4.00 M allocations: 2.441 GiB)
80
  7.173297 seconds (3.77 M allocations: 2.290 GiB)
430
  6.055339 seconds (2.80 M allocations: 1.777 GiB)
884
  7.974081 seconds (3.77 M allocations: 2.375 GiB)
730
  6.016178 seconds (2.45 M allocations: 1.628 GiB)
929
  6.028434 seconds (2.45 M allocations: 1.629 GiB)
381
  7.689648 seconds (4.00 M allocations: 2.439 GiB)
279
  6.004741 seconds (2.55 M allocations: 1.668 GiB)
330
  6.062013 seconds (2.54 M allocations: 1.669 GiB)
679
 10.396386 seconds (5.08 M allocations: 3.164 GiB)
180
  7.607981 seconds (3.60 M allocations: 2.267 GiB)
531
  6.061437 seconds (2.64 M allocations: 1.713 GiB)
29
  8.816463 seconds (4.77 M allocations: 2.872 GiB)
130
  7.703062 seconds (3.52 M allocations: 2.243 GiB)
831
  9.040305 seconds (4.59 M allocations: 2.825 GiB)
481
  9.544703 seconds (5.02 M allocations: 3.055 GiB)
981
  9.503015 seconds (4.97 M allocations: 3.026 GiB)
229
  8.729465 seconds (3.79 M allocations: 2.460 GiB)
580
 20.381583 seconds (3.62 M allocations: 2.391 GiB, 56.96% gc time)
81
 20.818743 seconds (3.84 M allocations: 2.530 GiB, 55.76% gc time)
779
 17.742145 seconds (3.02 M allocations: 1.876 GiB, 65.43% gc time)
885
 21.010751 seconds (4.06 M allocations: 2.638 GiB, 55.25% gc time)
632
 17.238825 seconds (2.96 M allocations: 1.797 GiB, 67.34% gc time)
382
 17.692630 seconds (3.41 M allocations: 2.028 GiB, 65.61% gc time)
731
 20.701454 seconds (4.34 M allocations: 2.723 GiB, 56.08% gc time)
431
 17.678453 seconds (3.42 M allocations: 2.032 GiB, 65.67% gc time)
930
 17.689462 seconds (3.48 M allocations: 2.058 GiB, 65.63% gc time)
280
 17.696206 seconds (3.34 M allocations: 2.003 GiB, 65.60% gc time)
680
 18.342296 seconds (3.71 M allocations: 2.221 GiB, 63.29% gc time)
331
 18.883618 seconds (3.41 M allocations: 2.152 GiB, 61.48% gc time)
30
 18.939231 seconds (3.40 M allocations: 2.155 GiB, 61.30% gc time)
131
 20.086792 seconds (3.97 M allocations: 2.507 GiB, 57.79% gc time)
181
 19.727528 seconds (3.65 M allocations: 2.338 GiB, 58.85% gc time)
832
 19.661616 seconds (3.51 M allocations: 2.274 GiB, 59.04% gc time)
982
 21.511317 seconds (4.45 M allocations: 2.853 GiB, 53.97% gc time)
532
  6.047881 seconds (2.60 M allocations: 1.698 GiB)
633
  6.081583 seconds (2.58 M allocations: 1.690 GiB)
383
  6.059446 seconds (2.59 M allocations: 1.692 GiB)
732
  6.071628 seconds (2.57 M allocations: 1.683 GiB)
931
  6.078122 seconds (2.54 M allocations: 1.674 GiB)
281
  7.094298 seconds (3.51 M allocations: 2.180 GiB)
82
 21.894626 seconds (4.96 M allocations: 3.102 GiB, 53.02% gc time)
482
  7.527008 seconds (3.92 M allocations: 2.392 GiB)
780
  6.068764 seconds (2.73 M allocations: 1.750 GiB)
681
 22.054704 seconds (5.22 M allocations: 3.229 GiB, 52.64% gc time)
230
  9.091678 seconds (4.54 M allocations: 2.809 GiB)
886
  9.088478 seconds (4.08 M allocations: 2.618 GiB)
432
 22.473841 seconds (5.56 M allocations: 3.409 GiB, 51.65% gc time)
581
  6.035792 seconds (3.06 M allocations: 1.886 GiB)
182
  9.077037 seconds (4.08 M allocations: 2.618 GiB)
332
  6.037379 seconds (3.12 M allocations: 1.910 GiB)
833
  6.036850 seconds (3.21 M allocations: 1.950 GiB)
983
  6.045627 seconds (3.06 M allocations: 1.890 GiB)
634
  9.059025 seconds (4.38 M allocations: 2.744 GiB)
31
  6.022504 seconds (3.01 M allocations: 1.868 GiB)
384
  6.039789 seconds (3.08 M allocations: 1.898 GiB)
733
  9.055288 seconds (4.74 M allocations: 2.892 GiB)
132
  6.033652 seconds (3.24 M allocations: 1.959 GiB)
932
  6.032604 seconds (3.23 M allocations: 1.958 GiB)
282
  6.028776 seconds (3.23 M allocations: 1.956 GiB)
83
  6.031390 seconds (3.13 M allocations: 1.915 GiB)
682
  6.030811 seconds (2.54 M allocations: 1.668 GiB)
183
  9.031497 seconds (3.71 M allocations: 2.462 GiB)
781
 11.336545 seconds (5.48 M allocations: 3.432 GiB)
533
  6.308450 seconds (2.63 M allocations: 1.737 GiB)
834
  5.043971 seconds (1.98 M allocations: 1.338 GiB)
385
  6.450153 seconds (2.87 M allocations: 1.846 GiB)
984
  8.160332 seconds (3.88 M allocations: 2.441 GiB)
433
 10.573511 seconds (4.74 M allocations: 3.046 GiB)
483
  9.046857 seconds (4.44 M allocations: 2.765 GiB)
887
 16.075685 seconds (5.07 M allocations: 3.246 GiB, 30.20% gc time)
231
 12.093043 seconds (3.41 M allocations: 2.149 GiB, 40.14% gc time)
635
 11.926949 seconds (3.11 M allocations: 2.008 GiB, 40.70% gc time)
734
 12.304782 seconds (3.48 M allocations: 2.199 GiB, 39.45% gc time)
 14.564930 seconds (4.81 M allocations: 2.979 GiB, 33.33% gc time)
32
582
 12.087874 seconds (3.31 M allocations: 2.103 GiB, 40.16% gc time)
933
 13.905319 seconds (4.55 M allocations: 2.806 GiB, 34.91% gc time)
333
 12.189586 seconds (3.48 M allocations: 2.185 GiB, 39.83% gc time)
133
 12.234024 seconds (3.56 M allocations: 2.221 GiB, 39.68% gc time)
283
 12.326438 seconds (3.60 M allocations: 2.247 GiB, 39.38% gc time)
84
 12.441827 seconds (3.70 M allocations: 2.302 GiB, 39.02% gc time)
683
 10.916290 seconds (3.33 M allocations: 1.993 GiB, 44.47% gc time)
782
 10.907146 seconds (3.27 M allocations: 1.967 GiB, 44.51% gc time)
534
 12.270591 seconds (3.83 M allocations: 2.337 GiB, 39.56% gc time)
184
 10.911901 seconds (2.93 M allocations: 1.827 GiB, 44.49% gc time)
434
 10.904597 seconds (2.95 M allocations: 1.837 GiB, 44.52% gc time)
484
 12.663761 seconds (3.87 M allocations: 2.395 GiB, 38.33% gc time)
386
  6.044571 seconds (2.50 M allocations: 1.652 GiB)
33
  6.047087 seconds (2.30 M allocations: 1.571 GiB)
134
 13.924937 seconds (4.54 M allocations: 2.800 GiB, 34.86% gc time)
835
  6.038434 seconds (2.22 M allocations: 1.538 GiB)
85
 13.934584 seconds (4.48 M allocations: 2.777 GiB, 34.84% gc time)
985
 13.959531 seconds (4.34 M allocations: 2.722 GiB, 34.78% gc time)
888
  9.060599 seconds (4.34 M allocations: 2.720 GiB)
232
  9.044386 seconds (4.23 M allocations: 2.676 GiB)
636
  9.065176 seconds (4.22 M allocations: 2.674 GiB)
  6.035478 seconds (2.58 M allocations: 1.685 GiB)
735
783
  8.943932 seconds (3.99 M allocations: 2.567 GiB)
583
  9.051865 seconds (4.08 M allocations: 2.613 GiB)
934
  9.065528 seconds (4.08 M allocations: 2.617 GiB)
334
  6.037646 seconds (3.20 M allocations: 1.940 GiB)
535
  9.047761 seconds (4.15 M allocations: 2.644 GiB)
284
  6.045507 seconds (3.26 M allocations: 1.963 GiB)
185
  6.026873 seconds (3.18 M allocations: 1.929 GiB)
435
  6.045172 seconds (3.24 M allocations: 1.957 GiB)
  9.036889 seconds (4.37 M allocations: 2.734 GiB)
485
684
  6.026235 seconds (3.34 M allocations: 1.998 GiB)
34
  6.038484 seconds (3.34 M allocations: 1.998 GiB)
135
  6.032499 seconds (3.21 M allocations: 1.945 GiB)
86
  9.036594 seconds (4.34 M allocations: 2.718 GiB)
387
  6.030857 seconds (2.64 M allocations: 1.711 GiB)
784
  6.062104 seconds (2.24 M allocations: 1.549 GiB)
536
  9.048617 seconds (4.13 M allocations: 2.639 GiB)
836
  9.051030 seconds (4.21 M allocations: 2.670 GiB)
986
  6.040819 seconds (2.21 M allocations: 1.536 GiB)
186
  6.035599 seconds (2.13 M allocations: 1.504 GiB)
436
  6.038542 seconds (2.20 M allocations: 1.533 GiB)
486
  9.052859 seconds (4.60 M allocations: 2.831 GiB)
889
  9.029906 seconds (4.61 M allocations: 2.834 GiB)
233
  9.087472 seconds (4.33 M allocations: 2.724 GiB)
637
  9.054534 seconds (4.26 M allocations: 2.693 GiB)
736
  9.044505 seconds (4.28 M allocations: 2.702 GiB)
584
  6.029493 seconds (2.87 M allocations: 1.808 GiB)
35
  9.048609 seconds (4.46 M allocations: 2.775 GiB)
935
  9.050316 seconds (4.47 M allocations: 2.780 GiB)
335
  6.042123 seconds (3.02 M allocations: 1.872 GiB)
136
  9.050795 seconds (4.61 M allocations: 2.836 GiB)
285
  6.016462 seconds (3.24 M allocations: 1.958 GiB)
87
  9.025453 seconds (4.34 M allocations: 2.719 GiB)
685
  6.019885 seconds (3.34 M allocations: 1.998 GiB)
785
  6.038352 seconds (3.27 M allocations: 1.970 GiB)
537
  6.041035 seconds (3.00 M allocations: 1.859 GiB)
187
  6.016421 seconds (2.90 M allocations: 1.817 GiB)
437
  6.038125 seconds (2.95 M allocations: 1.836 GiB)
487
  9.333226 seconds (4.65 M allocations: 2.879 GiB)
388
  5.940230 seconds (2.42 M allocations: 1.610 GiB)
36
 18.975958 seconds (2.34 M allocations: 1.627 GiB, 65.95% gc time)
137
 18.598071 seconds (2.03 M allocations: 1.462 GiB, 67.29% gc time)
88
 21.926399 seconds (4.76 M allocations: 2.928 GiB, 57.07% gc time)
837
 21.518555 seconds (4.34 M allocations: 2.712 GiB, 58.15% gc time)
987
 20.357644 seconds (3.60 M allocations: 2.288 GiB, 61.47% gc time)
737
 19.964572 seconds (3.03 M allocations: 2.015 GiB, 62.68% gc time)
936
 21.056528 seconds (4.34 M allocations: 2.662 GiB, 59.43% gc time)
234
 20.146448 seconds (3.18 M allocations: 2.093 GiB, 62.11% gc time)
286
 22.452332 seconds (4.90 M allocations: 3.041 GiB, 55.73% gc time)
890
 19.787065 seconds (3.20 M allocations: 2.067 GiB, 63.24% gc time)
686
 18.635606 seconds (3.08 M allocations: 1.896 GiB, 67.15% gc time)
786
 21.826193 seconds (4.70 M allocations: 2.895 GiB, 57.33% gc time)
585
 18.148041 seconds (3.02 M allocations: 1.823 GiB, 68.95% gc time)
538
 22.013888 seconds (4.92 M allocations: 3.004 GiB, 56.84% gc time)
638
 18.586321 seconds (3.12 M allocations: 1.908 GiB, 67.33% gc time)
438
 18.715409 seconds (3.29 M allocations: 1.994 GiB, 66.86% gc time)
188
 23.121252 seconds (5.11 M allocations: 3.195 GiB, 54.12% gc time)
336
  6.039775 seconds (2.97 M allocations: 1.846 GiB)
138
  6.020633 seconds (2.95 M allocations: 1.834 GiB)
89
 21.562510 seconds (4.20 M allocations: 2.660 GiB, 58.03% gc time)
488
  6.035929 seconds (2.86 M allocations: 1.799 GiB)
738
  6.034031 seconds (2.80 M allocations: 1.777 GiB)
235
  6.040315 seconds (2.76 M allocations: 1.761 GiB)
287
  6.027914 seconds (2.67 M allocations: 1.723 GiB)
687
  6.032848 seconds (2.67 M allocations: 1.724 GiB)
787
  6.023696 seconds (2.48 M allocations: 1.641 GiB)
539
  9.066636 seconds (4.36 M allocations: 2.733 GiB)
838
  9.080601 seconds (4.37 M allocations: 2.740 GiB)
988
  6.034793 seconds (2.52 M allocations: 1.663 GiB)
439
  6.060663 seconds (2.57 M allocations: 1.686 GiB)
189
  9.066874 seconds (4.55 M allocations: 2.811 GiB)
937
 12.096459 seconds (6.06 M allocations: 3.748 GiB)
389
 12.094548 seconds (6.05 M allocations: 3.743 GiB)
37
  9.055674 seconds (3.85 M allocations: 2.523 GiB)
586
  9.051327 seconds (3.88 M allocations: 2.538 GiB)
639
  6.027502 seconds (3.11 M allocations: 1.906 GiB)
139
  6.021131 seconds (3.09 M allocations: 1.900 GiB)
90
  6.030507 seconds (3.08 M allocations: 1.893 GiB)
739
  6.034059 seconds (3.08 M allocations: 1.894 GiB)
236
  6.039361 seconds (3.08 M allocations: 1.894 GiB)
288
 12.091520 seconds (5.85 M allocations: 3.663 GiB)
891
  6.029377 seconds (3.15 M allocations: 1.926 GiB)
688
  6.047291 seconds (3.21 M allocations: 1.952 GiB)
788
  6.036179 seconds (3.21 M allocations: 1.951 GiB)
540
  9.050164 seconds (4.62 M allocations: 2.841 GiB)
489
  6.064022 seconds (2.89 M allocations: 1.820 GiB)
440
  6.035631 seconds (2.88 M allocations: 1.814 GiB)
190
 12.075151 seconds (5.89 M allocations: 3.679 GiB)
337
  6.033944 seconds (2.43 M allocations: 1.627 GiB)
140
  6.028557 seconds (2.42 M allocations: 1.622 GiB)
91
  9.058256 seconds (4.37 M allocations: 2.739 GiB)
839
  9.049912 seconds (4.29 M allocations: 2.705 GiB)
989
  6.037312 seconds (2.80 M allocations: 1.779 GiB)
740
  9.049899 seconds (4.22 M allocations: 2.678 GiB)
938
  6.026047 seconds (2.88 M allocations: 1.808 GiB)
237
  6.036124 seconds (2.91 M allocations: 1.820 GiB)
289
  6.034331 seconds (2.80 M allocations: 1.779 GiB)
689
  6.036606 seconds (2.80 M allocations: 1.779 GiB)
789
  9.070069 seconds (4.51 M allocations: 2.797 GiB)
587
  6.031361 seconds (2.81 M allocations: 1.783 GiB)
541
  9.063475 seconds (4.52 M allocations: 2.803 GiB)
640
  6.030864 seconds (2.84 M allocations: 1.790 GiB)
441
  6.039995 seconds (2.83 M allocations: 1.787 GiB)
191
 11.954868 seconds (5.80 M allocations: 3.626 GiB)
390
 11.935591 seconds (5.72 M allocations: 3.589 GiB)
38
  8.458659 seconds (3.72 M allocations: 2.404 GiB)
490
  6.037041 seconds (3.03 M allocations: 1.868 GiB)
141
 19.683627 seconds (3.27 M allocations: 2.019 GiB, 66.62% gc time)
92
 19.204985 seconds (2.86 M allocations: 1.799 GiB, 68.28% gc time)
741
 24.586109 seconds (5.29 M allocations: 3.357 GiB, 53.34% gc time)
892
 20.687847 seconds (3.56 M allocations: 2.244 GiB, 63.39% gc time)
990
 22.968798 seconds (4.46 M allocations: 2.847 GiB, 57.09% gc time)
338
 18.683074 seconds (2.29 M allocations: 1.511 GiB, 70.19% gc time)
588
 19.826535 seconds (3.25 M allocations: 2.023 GiB, 66.14% gc time)
290
 19.212043 seconds (2.94 M allocations: 1.832 GiB, 68.26% gc time)
790
 20.704640 seconds (3.84 M allocations: 2.357 GiB, 63.34% gc time)
238
 19.647515 seconds (3.05 M allocations: 1.924 GiB, 66.75% gc time)
542
 19.213168 seconds (2.83 M allocations: 1.789 GiB, 68.25% gc time)
 22.517997 seconds (4.80 M allocations: 2.941 GiB, 58.24% gc time)
442
840
 21.315188 seconds (4.19 M allocations: 2.566 GiB, 61.52% gc time)
 20.581931 seconds (3.55 M allocations: 2.225 GiB, 63.72% gc time)
641
690
 23.037646 seconds (5.04 M allocations: 3.094 GiB, 56.92% gc time)
939
 20.450626 seconds (3.40 M allocations: 2.151 GiB, 64.12% gc time)
39
 22.682015 seconds (4.14 M allocations: 2.686 GiB, 57.82% gc time)
192
  6.699541 seconds (3.12 M allocations: 1.979 GiB)
93
  7.275086 seconds (3.45 M allocations: 2.174 GiB)
491
 21.964118 seconds (4.20 M allocations: 2.639 GiB, 59.71% gc time)
391
  7.269094 seconds (3.48 M allocations: 2.184 GiB)
742
  6.579309 seconds (3.10 M allocations: 1.955 GiB)
991
  4.380529 seconds (1.67 M allocations: 1.139 GiB)
691
  8.802598 seconds (4.43 M allocations: 2.735 GiB)
  6.870500 seconds (3.30 M allocations: 2.066 GiB)
589
142
  6.709471 seconds (3.06 M allocations: 1.955 GiB)
791
  4.296247 seconds (2.13 M allocations: 1.321 GiB)
940
  8.191191 seconds (4.41 M allocations: 2.661 GiB)
893
  7.857592 seconds (4.26 M allocations: 2.564 GiB)
339
  8.067791 seconds (4.08 M allocations: 2.513 GiB)
291
  7.518353 seconds (3.78 M allocations: 2.335 GiB)
543
  8.184675 seconds (3.80 M allocations: 2.411 GiB)
841
  9.337892 seconds (4.43 M allocations: 2.788 GiB)
239
  9.032767 seconds (4.00 M allocations: 2.579 GiB)
642
  9.475150 seconds (4.35 M allocations: 2.770 GiB)
443
  7.126045 seconds (3.44 M allocations: 2.151 GiB)
193
  6.133881 seconds (2.91 M allocations: 1.830 GiB)
743
  6.028216 seconds (2.77 M allocations: 1.761 GiB)
692
  8.118713 seconds (4.06 M allocations: 2.508 GiB)
40
  6.015742 seconds (2.77 M allocations: 1.760 GiB)
590
  6.029417 seconds (2.79 M allocations: 1.768 GiB)
143
  6.031761 seconds (2.73 M allocations: 1.744 GiB)
941
  6.045483 seconds (2.74 M allocations: 1.750 GiB)
894
  9.047524 seconds (4.63 M allocations: 2.840 GiB)
94
  9.065623 seconds (4.64 M allocations: 2.847 GiB)
492
  9.008010 seconds (4.73 M allocations: 2.878 GiB)
392
  8.489800 seconds (4.38 M allocations: 2.681 GiB)
992
  9.055991 seconds (4.22 M allocations: 2.671 GiB)
792
  8.449944 seconds (3.79 M allocations: 2.432 GiB)
340
  6.664548 seconds (3.30 M allocations: 2.044 GiB)
842
  8.265173 seconds (3.75 M allocations: 2.398 GiB)
292
  9.128677 seconds (4.08 M allocations: 2.620 GiB)
544
  6.169003 seconds (2.74 M allocations: 1.764 GiB)
693
  6.474534 seconds (3.07 M allocations: 1.931 GiB)
744
  6.045753 seconds (2.67 M allocations: 1.724 GiB)
144
  6.048244 seconds (2.53 M allocations: 1.667 GiB)
895
  7.077476 seconds (3.36 M allocations: 2.114 GiB)
41
  9.054365 seconds (4.39 M allocations: 2.740 GiB)
643
  9.057224 seconds (4.41 M allocations: 2.752 GiB)
444
 10.205117 seconds (4.96 M allocations: 3.095 GiB)
240
  6.158769 seconds (2.96 M allocations: 1.853 GiB)
95
  6.025676 seconds (2.90 M allocations: 1.814 GiB)
393
  9.037325 seconds (4.87 M allocations: 2.938 GiB)
  8.283949 seconds (4.22 M allocations: 2.592 GiB)
194
591
  6.330541 seconds (3.11 M allocations: 1.934 GiB)
993
  6.038786 seconds (2.84 M allocations: 1.796 GiB)
293
  9.653825 seconds (4.64 M allocations: 2.905 GiB)
942
  6.967699 seconds (3.48 M allocations: 2.153 GiB)
341
 17.069167 seconds (4.64 M allocations: 2.960 GiB, 40.23% gc time)
493
 12.923104 seconds (3.03 M allocations: 1.869 GiB, 53.14% gc time)
694
 12.931464 seconds (3.02 M allocations: 1.866 GiB, 53.11% gc time)
745
 15.926403 seconds (4.33 M allocations: 2.714 GiB, 43.12% gc time)
793
 12.908131 seconds (3.14 M allocations: 1.912 GiB, 53.20% gc time)
145
 12.910258 seconds (3.20 M allocations: 1.939 GiB, 53.19% gc time)
896
 15.981477 seconds (4.38 M allocations: 2.743 GiB, 42.97% gc time)
843
 12.975830 seconds (3.32 M allocations: 1.995 GiB, 52.92% gc time)
42
 15.636199 seconds (4.56 M allocations: 2.778 GiB, 43.92% gc time)
545
 12.907759 seconds (3.07 M allocations: 1.885 GiB, 53.20% gc time)
96
 12.916770 seconds (3.07 M allocations: 1.886 GiB, 53.17% gc time)
394
 14.823369 seconds (3.98 M allocations: 2.459 GiB, 46.33% gc time)
644
 12.827509 seconds (2.79 M allocations: 1.761 GiB, 53.54% gc time)
294
 14.584657 seconds (3.39 M allocations: 2.190 GiB, 47.09% gc time)
195
 15.896442 seconds (4.31 M allocations: 2.703 GiB, 43.20% gc time)
 14.993383 seconds (3.59 M allocations: 2.313 GiB, 45.80% gc time)
241
592
 16.338821 seconds (4.73 M allocations: 2.922 GiB, 42.03% gc time)
  4.323410 seconds (2.14 M allocations: 1.327 GiB)
146
445
 15.474352 seconds (4.13 M allocations: 2.584 GiB, 44.38% gc time)
994
  6.711976 seconds (3.27 M allocations: 2.040 GiB)
695
  6.848924 seconds (3.11 M allocations: 1.986 GiB)
794
 16.330379 seconds (4.40 M allocations: 2.785 GiB, 42.05% gc time)
943
 16.487871 seconds (4.42 M allocations: 2.812 GiB, 41.65% gc time)
342
  7.129603 seconds (3.13 M allocations: 2.024 GiB)
844
  8.235887 seconds (4.02 M allocations: 2.504 GiB)
746
  9.286178 seconds (4.64 M allocations: 2.871 GiB)
494
  6.165832 seconds (2.82 M allocations: 1.800 GiB)
645
  8.780982 seconds (3.90 M allocations: 2.514 GiB)
  7.769922 seconds (3.34 M allocations: 2.179 GiB)
43
395
  6.029480 seconds (2.94 M allocations: 1.836 GiB)
196
  9.600193 seconds (4.55 M allocations: 2.870 GiB)
897
  8.963461 seconds (4.24 M allocations: 2.674 GiB)
546
  6.022529 seconds (3.03 M allocations: 1.874 GiB)
  6.022924 seconds (3.03 M allocations: 1.874 GiB)
242
593
  8.966756 seconds (4.42 M allocations: 2.750 GiB)
97
  6.033581 seconds (3.22 M allocations: 1.951 GiB)
147
  6.036605 seconds (3.21 M allocations: 1.948 GiB)
995
  8.940241 seconds (4.59 M allocations: 2.813 GiB)
295
  6.113275 seconds (3.08 M allocations: 1.903 GiB)
944
  9.123523 seconds (4.16 M allocations: 2.657 GiB)
446
  5.538335 seconds (2.72 M allocations: 1.694 GiB)
747
  5.099925 seconds (2.79 M allocations: 1.676 GiB)
495
  7.295344 seconds (3.94 M allocations: 2.377 GiB)
795
  8.012698 seconds (4.32 M allocations: 2.607 GiB)
696
  7.080934 seconds (3.77 M allocations: 2.285 GiB)
845
  7.114151 seconds (3.79 M allocations: 2.295 GiB)
343
  7.742059 seconds (3.73 M allocations: 2.337 GiB)
646
  7.286180 seconds (3.43 M allocations: 2.166 GiB)
396
  7.179537 seconds (3.39 M allocations: 2.137 GiB)
197
  6.524828 seconds (2.61 M allocations: 1.749 GiB)
996
  8.561562 seconds (3.41 M allocations: 2.285 GiB)
243
  9.159151 seconds (3.83 M allocations: 2.520 GiB)
547
  9.143734 seconds (3.67 M allocations: 2.454 GiB)
594
  9.887275 seconds (4.58 M allocations: 2.906 GiB)
44
  9.172650 seconds (3.76 M allocations: 2.494 GiB)
98
  9.225426 seconds (3.87 M allocations: 2.544 GiB)
148
  6.094253 seconds (2.89 M allocations: 1.818 GiB)
945
  6.035330 seconds (2.83 M allocations: 1.787 GiB)
  9.832395 seconds (4.67 M allocations: 2.938 GiB)
748
898
  6.043157 seconds (3.15 M allocations: 1.920 GiB)
496
  6.037749 seconds (3.07 M allocations: 1.886 GiB)
697
  6.033916 seconds (2.96 M allocations: 1.840 GiB)
344
  9.034398 seconds (4.60 M allocations: 2.825 GiB)
296
  8.474517 seconds (3.97 M allocations: 2.508 GiB)
796
  9.660955 seconds (4.56 M allocations: 2.870 GiB)
447
  4.831900 seconds (2.62 M allocations: 1.574 GiB)
244
  4.250338 seconds (1.65 M allocations: 1.118 GiB)
749
 20.674360 seconds (3.53 M allocations: 2.204 GiB, 64.53% gc time)
397
 20.363875 seconds (3.47 M allocations: 2.150 GiB, 65.51% gc time)
997
 18.028899 seconds (2.08 M allocations: 1.334 GiB, 74.00% gc time)
 23.023072 seconds (4.49 M allocations: 2.845 GiB, 57.95% gc time)
946
846
 21.100547 seconds (4.06 M allocations: 2.465 GiB, 63.23% gc time)
198
 22.279152 seconds (4.53 M allocations: 2.779 GiB, 59.88% gc time)
647
 18.230538 seconds (2.13 M allocations: 1.378 GiB, 73.18% gc time)
345
 21.070567 seconds (3.48 M allocations: 2.227 GiB, 63.32% gc time)
99
 21.337884 seconds (3.88 M allocations: 2.416 GiB, 62.52% gc time)
45
 21.595084 seconds (4.20 M allocations: 2.575 GiB, 61.78% gc time)
548
 21.535685 seconds (3.59 M allocations: 2.319 GiB, 61.95% gc time)
899
 19.881740 seconds (2.89 M allocations: 1.861 GiB, 67.10% gc time)
297
 22.378028 seconds (4.73 M allocations: 2.875 GiB, 59.62% gc time)
595
 22.225774 seconds (4.03 M allocations: 2.573 GiB, 60.03% gc time)
497
 21.768645 seconds (3.89 M allocations: 2.466 GiB, 61.29% gc time)
698
 22.817356 seconds (4.57 M allocations: 2.851 GiB, 58.47% gc time)
149
  6.031068 seconds (2.94 M allocations: 1.831 GiB)
398
 20.116784 seconds (3.44 M allocations: 2.113 GiB, 66.32% gc time)
448
  6.041043 seconds (2.98 M allocations: 1.848 GiB)
998
  6.361319 seconds (2.95 M allocations: 1.869 GiB)
847
  6.022549 seconds (2.67 M allocations: 1.719 GiB)
346
 22.429525 seconds (4.60 M allocations: 2.826 GiB, 59.48% gc time)
797
 22.767075 seconds (4.52 M allocations: 2.827 GiB, 58.60% gc time)
245
  9.033245 seconds (4.21 M allocations: 2.664 GiB)
750
  6.031975 seconds (2.87 M allocations: 1.805 GiB)
46
  9.053666 seconds (4.09 M allocations: 2.619 GiB)
947
  9.047882 seconds (4.17 M allocations: 2.650 GiB)
199
  6.022223 seconds (2.97 M allocations: 1.845 GiB)
900
  9.043328 seconds (4.20 M allocations: 2.663 GiB)
648
  6.032002 seconds (2.73 M allocations: 1.749 GiB)
699
  6.034028 seconds (2.55 M allocations: 1.676 GiB)
399
  6.041200 seconds (2.55 M allocations: 1.677 GiB)
449
  9.026161 seconds (4.29 M allocations: 2.702 GiB)
100
  9.050405 seconds (4.48 M allocations: 2.780 GiB)
549
  6.002492 seconds (2.80 M allocations: 1.779 GiB)
848
  9.096468 seconds (4.47 M allocations: 2.782 GiB)
298
  4.396155 seconds (2.29 M allocations: 1.398 GiB)
751
  7.692438 seconds (3.60 M allocations: 2.279 GiB)
999
  9.927310 seconds (4.84 M allocations: 3.020 GiB)
596
  9.630139 seconds (4.63 M allocations: 2.905 GiB)
498
  9.324632 seconds (4.53 M allocations: 2.830 GiB)
150
  7.581278 seconds (3.85 M allocations: 2.375 GiB)
347
  6.513437 seconds (3.22 M allocations: 2.004 GiB)
47
  8.235722 seconds (4.09 M allocations: 2.540 GiB)
798
  6.659060 seconds (3.17 M allocations: 1.996 GiB)
901
  6.039108 seconds (2.94 M allocations: 1.835 GiB)
700
  6.753489 seconds (3.19 M allocations: 2.011 GiB)
649
  8.268607 seconds (4.05 M allocations: 2.527 GiB)
948
  6.490303 seconds (3.06 M allocations: 1.931 GiB)
450
  9.065962 seconds (4.24 M allocations: 2.686 GiB)
200
  4.649860 seconds (2.01 M allocations: 1.310 GiB)
597
  6.654856 seconds (3.30 M allocations: 2.047 GiB)
550
  6.500908 seconds (3.23 M allocations: 2.003 GiB)
849
 10.845998 seconds (5.59 M allocations: 3.425 GiB)
246
  7.958463 seconds (4.11 M allocations: 2.515 GiB)
400
  6.444614 seconds (2.87 M allocations: 1.848 GiB)
151
  8.157345 seconds (3.94 M allocations: 2.467 GiB)
299
  7.763211 seconds (3.83 M allocations: 2.382 GiB)
  9.419750 seconds (4.67 M allocations: 2.898 GiB)
101
  6.587904 seconds (3.15 M allocations: 1.980 GiB)
348
  4.842357 seconds (2.22 M allocations: 1.418 GiB)
949
  6.669620 seconds (3.19 M allocations: 2.004 GiB)
48
  6.055709 seconds (2.95 M allocations: 1.841 GiB)
701
  5.761453 seconds (2.90 M allocations: 1.793 GiB)
650
 10.480086 seconds (4.93 M allocations: 3.117 GiB)
1000
  8.449376 seconds (3.98 M allocations: 2.515 GiB)
799
 10.529047 seconds (4.79 M allocations: 3.064 GiB)
499
  8.163151 seconds (3.86 M allocations: 2.436 GiB)
  6.120318 seconds (2.93 M allocations: 1.845 GiB)
598
  6.139788 seconds (2.93 M allocations: 1.844 GiB)
551
  6.785482 seconds (3.47 M allocations: 2.136 GiB)
451
  5.227910 seconds (2.55 M allocations: 1.595 GiB)
  7.109562 seconds (3.25 M allocations: 2.077 GiB)
850
  7.673043 seconds (3.72 M allocations: 2.330 GiB)
201
 18.615215 seconds (3.40 M allocations: 2.242 GiB, 56.20% gc time)
401
 16.201671 seconds (2.32 M allocations: 1.549 GiB, 64.57% gc time)
950
 19.006448 seconds (3.71 M allocations: 2.410 GiB, 55.04% gc time)
247
 14.393282 seconds (1.75 M allocations: 1.127 GiB, 72.68% gc time)
800
 18.154717 seconds (3.59 M allocations: 2.275 GiB, 57.62% gc time)
300
 17.216943 seconds (3.05 M allocations: 1.951 GiB, 60.76% gc time)
49
 16.779230 seconds (2.85 M allocations: 1.823 GiB, 62.35% gc time)
651
 18.843046 seconds (3.95 M allocations: 2.494 GiB, 55.52% gc time)
 18.690312 seconds (3.81 M allocations: 2.421 GiB, 55.97% gc time)
349
  3.558575 seconds (1.55 M allocations: 1.006 GiB)
 17.894437 seconds (3.42 M allocations: 2.177 GiB, 58.46% gc time)
 16.452153 seconds (2.53 M allocations: 1.659 GiB, 63.59% gc time)
599
 18.068110 seconds (3.32 M allocations: 2.154 GiB, 57.90% gc time)
1001
 17.228696 seconds (2.62 M allocations: 1.777 GiB, 60.72% gc time)
  3.621480 seconds (1.36 M allocations: 960.833 MiB)
801
  6.036366 seconds (2.39 M allocations: 1.611 GiB)
851
  4.055585 seconds (1.77 M allocations: 1.150 GiB)
248
 17.864006 seconds (3.08 M allocations: 2.034 GiB, 58.56% gc time)
 18.290950 seconds (3.45 M allocations: 2.230 GiB, 57.19% gc time)
500
  4.402985 seconds (2.15 M allocations: 1.345 GiB)
951
  4.828476 seconds (2.09 M allocations: 1.364 GiB)
301
  5.777884 seconds (2.85 M allocations: 1.775 GiB)
  4.425032 seconds (1.76 M allocations: 1.183 GiB)
350
  3.069128 seconds (1.06 M allocations: 772.400 MiB)
  6.356832 seconds (2.46 M allocations: 1.674 GiB)
50
  4.652937 seconds (1.90 M allocations: 1.264 GiB)
600
  6.367804 seconds (2.59 M allocations: 1.729 GiB)
  3.642776 seconds (1.57 M allocations: 1.025 GiB)
  3.444245 seconds (1.07 M allocations: 815.343 MiB)
  3.865747 seconds (1.26 M allocations: 939.566 MiB)
249
  3.329142 seconds (1.03 M allocations: 776.140 MiB)
  5.277622 seconds (2.13 M allocations: 1.408 GiB)
  4.841226 seconds (1.46 M allocations: 1.082 GiB)
501
  3.026635 seconds (923.37 k allocations: 684.487 MiB)
351
  3.011898 seconds (868.22 k allocations: 613.335 MiB)
51
  3.117887 seconds (900.34 k allocations: 630.651 MiB)
601
  3.181441 seconds (860.37 k allocations: 586.455 MiB)
250
  2.965145 seconds (771.94 k allocations: 513.790 MiB)
  2.985824 seconds (676.49 k allocations: 474.613 MiB)
  2.919563 seconds (496.36 k allocations: 366.815 MiB)
  3.511123 seconds (375.78 k allocations: 325.346 MiB)
  4.578099 seconds (171.62 k allocations: 190.900 MiB, 29.43% gc time)
251
  2.949799 seconds (57.60 k allocations: 64.160 MiB)
