Graph 1 is connected.
Graph 2 is connected.
Graph 3 is connected.
Graph 4 is connected.
Graph 5 is connected.
Graph 6 is connected.
Graph 7 is connected.
Graph 8 is connected.
Graph 9 is connected.
Graph 10 is connected.
Graph 11 is connected.
Matrix 1 normalized.
Matrix 2 normalized.
Matrix 3 normalized.
Matrix 4 normalized.
Matrix 5 normalized.
Matrix 6 normalized.
Matrix 7 normalized.
Matrix 8 normalized.
Matrix 9 normalized.
Matrix 10 normalized.
Matrix 11 normalized.
Number of threads: 16
1
878
64
816
630
568505
754

127
940
379
190
253
316
442
692
  6.199136 seconds (983.13 k allocations: 819.325 MiB, 9.72% gc time)
254
 10.393254 seconds (1.12 M allocations: 1006.983 MiB, 28.17% gc time, 1.43% compilation time)
817
 10.476008 seconds (1.16 M allocations: 1.005 GiB, 27.94% gc time, 1.42% compilation time)
2
 10.731201 seconds (1.26 M allocations: 1.067 GiB, 27.28% gc time, 1.39% compilation time)
317
 10.994924 seconds (1.43 M allocations: 1.156 GiB, 26.63% gc time, 1.35% compilation time)
569
 11.441451 seconds (2.05 M allocations: 1.439 GiB, 25.59% gc time, 1.30% compilation time)
65
 11.804057 seconds (2.14 M allocations: 1.504 GiB, 24.80% gc time, 1.26% compilation time)
443
 11.781038 seconds (1.85 M allocations: 1.383 GiB, 24.85% gc time, 1.26% compilation time)
755
 12.007572 seconds (2.06 M allocations: 1.486 GiB, 24.38% gc time, 1.24% compilation time)
380
 12.103575 seconds (2.10 M allocations: 1.510 GiB, 24.19% gc time, 1.23% compilation time)
191
 12.164991 seconds (2.16 M allocations: 1.539 GiB, 24.06% gc time, 1.22% compilation time)
941
 12.714447 seconds (2.57 M allocations: 1.743 GiB, 23.02% gc time, 1.17% compilation time)
631
 12.910966 seconds (2.62 M allocations: 1.779 GiB, 22.67% gc time, 1.15% compilation time)
506
 13.370745 seconds (2.88 M allocations: 1.920 GiB, 21.89% gc time, 1.11% compilation time)
879
 13.432966 seconds (2.93 M allocations: 1.942 GiB, 21.79% gc time, 1.11% compilation time)
693
 13.785300 seconds (3.10 M allocations: 2.037 GiB, 21.24% gc time, 1.08% compilation time)
128
  9.203051 seconds (1.38 M allocations: 976.733 MiB, 39.90% gc time)
381
  8.839278 seconds (771.18 k allocations: 694.148 MiB, 41.54% gc time)
880
 11.677873 seconds (2.39 M allocations: 1.541 GiB, 31.44% gc time)
66
 14.632558 seconds (3.51 M allocations: 2.211 GiB, 25.09% gc time)
255
 12.684119 seconds (2.92 M allocations: 1.834 GiB, 28.95% gc time)
318
 13.075178 seconds (3.20 M allocations: 1.976 GiB, 28.08% gc time)
818
 13.744543 seconds (3.56 M allocations: 2.169 GiB, 26.71% gc time)
3
 12.813269 seconds (2.97 M allocations: 1.862 GiB, 28.66% gc time)
444
 13.709778 seconds (3.56 M allocations: 2.169 GiB, 26.78% gc time)
 11.656441 seconds (2.29 M allocations: 1.501 GiB, 31.50% gc time)
 12.444790 seconds (2.65 M allocations: 1.707 GiB, 29.50% gc time)
570
507
942
 13.290269 seconds (3.45 M allocations: 2.096 GiB, 27.63% gc time)
756
 12.824444 seconds (3.04 M allocations: 1.894 GiB, 28.63% gc time)
632
 13.516811 seconds (3.38 M allocations: 2.085 GiB, 27.16% gc time)
192
 14.586405 seconds (3.02 M allocations: 2.015 GiB, 25.17% gc time)
129
 15.166966 seconds (3.35 M allocations: 2.191 GiB, 24.21% gc time)
694
  7.501363 seconds (2.67 M allocations: 1.634 GiB)
881
  8.841834 seconds (2.97 M allocations: 1.850 GiB)
382
  7.560038 seconds (2.74 M allocations: 1.664 GiB)
67
  5.639602 seconds (1.46 M allocations: 1.002 GiB)
757
  7.754025 seconds (2.68 M allocations: 1.651 GiB)
819
  8.176398 seconds (2.88 M allocations: 1.762 GiB)
256
  7.275574 seconds (2.27 M allocations: 1.447 GiB)
508
  7.774366 seconds (2.76 M allocations: 1.687 GiB)
4
 10.204633 seconds (3.54 M allocations: 2.178 GiB)
319
  7.927190 seconds (2.24 M allocations: 1.478 GiB)
633
  9.223748 seconds (3.15 M allocations: 1.947 GiB)
445
  8.198698 seconds (2.49 M allocations: 1.599 GiB)
193
 10.535427 seconds (3.42 M allocations: 2.149 GiB)
571
 10.757815 seconds (3.52 M allocations: 2.205 GiB)
943
  8.971488 seconds (2.93 M allocations: 1.833 GiB)
130
  9.401049 seconds (2.99 M allocations: 1.886 GiB)
695
  8.357810 seconds (2.75 M allocations: 1.716 GiB)
383
  8.977562 seconds (3.00 M allocations: 1.861 GiB)
882
  8.149687 seconds (2.59 M allocations: 1.637 GiB)
758
  8.016144 seconds (2.54 M allocations: 1.609 GiB)
820
  8.861432 seconds (3.08 M allocations: 1.891 GiB)
68
  8.192429 seconds (2.77 M allocations: 1.715 GiB)
257
  7.455410 seconds (2.32 M allocations: 1.482 GiB)
320
  7.472398 seconds (2.35 M allocations: 1.495 GiB)
634
  9.168725 seconds (2.97 M allocations: 1.869 GiB)
509
  9.573882 seconds (3.25 M allocations: 2.013 GiB)
5
  8.289240 seconds (2.83 M allocations: 1.753 GiB)
446
  7.770760 seconds (2.70 M allocations: 1.661 GiB)
572
  9.130205 seconds (3.09 M allocations: 1.921 GiB)
194
 10.101071 seconds (3.07 M allocations: 1.978 GiB)
944
  9.539518 seconds (3.01 M allocations: 1.917 GiB)
131
  9.460189 seconds (3.01 M allocations: 1.909 GiB)
  7.954704 seconds (2.28 M allocations: 1.504 GiB)
696
821
 19.988876 seconds (2.66 M allocations: 1.700 GiB, 56.98% gc time)
759
 20.618054 seconds (3.12 M allocations: 1.936 GiB, 55.24% gc time)
384
 20.055946 seconds (2.65 M allocations: 1.702 GiB, 56.79% gc time)
69
 20.201022 seconds (2.73 M allocations: 1.746 GiB, 56.38% gc time)
258
 18.859339 seconds (2.31 M allocations: 1.477 GiB, 60.39% gc time)
510
 21.217308 seconds (3.39 M allocations: 2.090 GiB, 53.68% gc time)
883
 18.615658 seconds (2.09 M allocations: 1.370 GiB, 61.18% gc time)
195
 21.371587 seconds (3.24 M allocations: 2.037 GiB, 53.29% gc time)
321
 20.727989 seconds (2.87 M allocations: 1.841 GiB, 54.95% gc time)
6
 16.878419 seconds (2.13 M allocations: 1.265 GiB, 67.48% gc time)
945
 20.711119 seconds (3.12 M allocations: 1.940 GiB, 54.99% gc time)
447
 20.345308 seconds (3.08 M allocations: 1.895 GiB, 55.98% gc time)
573
 23.059108 seconds (3.97 M allocations: 2.455 GiB, 49.39% gc time)
635
 20.248273 seconds (2.94 M allocations: 1.831 GiB, 56.25% gc time)
132
  7.051813 seconds (1.91 M allocations: 1.283 GiB)
511
  6.852490 seconds (1.83 M allocations: 1.235 GiB)
884
  9.087154 seconds (3.00 M allocations: 1.875 GiB)
822
  5.654880 seconds (1.53 M allocations: 1.030 GiB)
7
  9.035347 seconds (2.97 M allocations: 1.861 GiB)
385
  8.496456 seconds (2.79 M allocations: 1.748 GiB)
259
  9.036210 seconds (3.16 M allocations: 1.938 GiB)
70
 10.263204 seconds (3.66 M allocations: 2.231 GiB)
760
  8.242299 seconds (2.88 M allocations: 1.766 GiB)
196
  8.141606 seconds (2.60 M allocations: 1.644 GiB)
946
  8.774557 seconds (2.53 M allocations: 1.660 GiB)
574
  4.589628 seconds (1.64 M allocations: 1023.034 MiB)
885
 13.642248 seconds (4.83 M allocations: 2.949 GiB)
697
  4.534044 seconds (1.68 M allocations: 1.010 GiB)
823
 10.085955 seconds (3.29 M allocations: 2.065 GiB)
448
 10.258042 seconds (3.22 M allocations: 2.049 GiB)
636
 13.102062 seconds (4.16 M allocations: 2.637 GiB)
322
  8.761075 seconds (3.18 M allocations: 1.928 GiB)
133
  8.039395 seconds (2.47 M allocations: 1.583 GiB)
8
  8.783635 seconds (2.78 M allocations: 1.763 GiB)
386
  8.749140 seconds (2.72 M allocations: 1.739 GiB)
260
  5.167325 seconds (1.54 M allocations: 1.001 GiB)
698
 11.373719 seconds (3.90 M allocations: 2.411 GiB)
512
  9.378918 seconds (2.88 M allocations: 1.848 GiB)
761
 10.769327 seconds (3.41 M allocations: 2.162 GiB)
71
  9.367170 seconds (2.99 M allocations: 1.896 GiB)
947
  8.722962 seconds (2.90 M allocations: 1.811 GiB)
575
  8.784227 seconds (2.92 M allocations: 1.824 GiB)
  4.529903 seconds (1.55 M allocations: 982.759 MiB)
886
9
 14.863087 seconds (3.89 M allocations: 2.417 GiB, 22.42% gc time)
197
 12.103050 seconds (2.82 M allocations: 1.783 GiB, 27.54% gc time)
449
  7.881847 seconds (1.68 M allocations: 1.011 GiB, 42.28% gc time)
699
 12.196785 seconds (3.08 M allocations: 1.893 GiB, 27.32% gc time)
637
 16.512803 seconds (3.88 M allocations: 2.529 GiB, 20.18% gc time)
824
 12.046985 seconds (2.52 M allocations: 1.653 GiB, 27.66% gc time)
261
  9.783316 seconds (1.82 M allocations: 1.206 GiB, 34.07% gc time)
72
 14.133785 seconds (3.49 M allocations: 2.201 GiB, 23.58% gc time)
134
  4.757316 seconds (1.18 M allocations: 847.022 MiB)
700
 12.063608 seconds (2.73 M allocations: 1.746 GiB, 27.63% gc time)
 12.040426 seconds (2.72 M allocations: 1.740 GiB, 27.68% gc time)
513
762
 14.109127 seconds (3.78 M allocations: 2.318 GiB, 23.62% gc time)
387
 15.836965 seconds (4.45 M allocations: 2.718 GiB, 21.04% gc time)
323
 12.070797 seconds (3.07 M allocations: 1.885 GiB, 27.61% gc time)
948
  8.235289 seconds (2.78 M allocations: 1.733 GiB)
10
  8.652185 seconds (2.93 M allocations: 1.823 GiB)
887
  8.671871 seconds (2.82 M allocations: 1.780 GiB)
450
  4.296128 seconds (1.84 M allocations: 1.064 GiB)
73
 13.752892 seconds (3.78 M allocations: 2.299 GiB, 24.23% gc time)
576
  8.697073 seconds (2.93 M allocations: 1.829 GiB)
638
  6.030833 seconds (1.95 M allocations: 1.233 GiB)
701
 12.920855 seconds (3.92 M allocations: 2.534 GiB)
198
  8.698098 seconds (2.80 M allocations: 1.771 GiB)
135
  8.667926 seconds (2.53 M allocations: 1.658 GiB)
763
  8.700691 seconds (2.55 M allocations: 1.669 GiB)
514
 10.028834 seconds (3.27 M allocations: 2.061 GiB)
825
  8.688497 seconds (2.69 M allocations: 1.728 GiB)
388
  5.838377 seconds (1.74 M allocations: 1.134 GiB)
74
  9.271741 seconds (2.99 M allocations: 1.895 GiB)
324
  8.672776 seconds (2.93 M allocations: 1.824 GiB)
949
  8.522499 seconds (2.91 M allocations: 1.808 GiB)
11
  8.692139 seconds (2.93 M allocations: 1.827 GiB)
888
  8.673872 seconds (2.93 M allocations: 1.827 GiB)
451
 13.028376 seconds (4.80 M allocations: 2.906 GiB)
262
  8.675750 seconds (2.80 M allocations: 1.772 GiB)
639
 13.087044 seconds (1.68 M allocations: 1.048 GiB, 61.37% gc time)
826
 16.296955 seconds (2.89 M allocations: 1.777 GiB, 49.28% gc time)
702
 12.583068 seconds (1.48 M allocations: 953.923 MiB, 63.83% gc time)
325
 16.757439 seconds (2.93 M allocations: 1.827 GiB, 47.93% gc time)
136
 21.105262 seconds (4.06 M allocations: 2.603 GiB, 38.05% gc time)
577
 16.756134 seconds (2.87 M allocations: 1.800 GiB, 47.93% gc time)
764
 16.898656 seconds (2.94 M allocations: 1.839 GiB, 47.53% gc time)
515
 16.782606 seconds (2.77 M allocations: 1.759 GiB, 47.85% gc time)
389
 16.770217 seconds (2.66 M allocations: 1.711 GiB, 47.89% gc time)
950
  4.522645 seconds (1.25 M allocations: 853.390 MiB)
326
  5.182396 seconds (1.72 M allocations: 1.074 GiB)
827
 16.782492 seconds (2.79 M allocations: 1.768 GiB, 47.85% gc time)
889
 21.138913 seconds (4.73 M allocations: 2.880 GiB, 37.99% gc time)
199
 19.552045 seconds (3.76 M allocations: 2.364 GiB, 41.08% gc time)
 16.822207 seconds (2.78 M allocations: 1.766 GiB, 47.74% gc time)
452
75
  6.872773 seconds (2.33 M allocations: 1.448 GiB)
703
  8.829287 seconds (3.08 M allocations: 1.895 GiB)
640
 20.428591 seconds (4.12 M allocations: 2.577 GiB, 39.31% gc time)
12
 20.316049 seconds (3.84 M allocations: 2.455 GiB, 39.53% gc time)
263
  5.151760 seconds (1.70 M allocations: 1.070 GiB)
327
  7.086715 seconds (2.44 M allocations: 1.510 GiB)
516
  8.761666 seconds (2.89 M allocations: 1.816 GiB)
765
  5.774658 seconds (1.61 M allocations: 1.078 GiB)
453
  8.900965 seconds (2.93 M allocations: 1.845 GiB)
390
  7.936155 seconds (2.59 M allocations: 1.636 GiB)
828
 10.958221 seconds (3.91 M allocations: 2.395 GiB)
137
 10.624253 seconds (3.85 M allocations: 2.347 GiB)
578
  6.916343 seconds (2.27 M allocations: 1.434 GiB)
76
  8.209367 seconds (3.02 M allocations: 1.838 GiB)
890
  9.353623 seconds (2.88 M allocations: 1.858 GiB)
200
  5.319476 seconds (1.65 M allocations: 1.064 GiB)
517
 11.831257 seconds (4.17 M allocations: 2.570 GiB)
951
  9.158765 seconds (3.00 M allocations: 1.896 GiB)
704
  8.741790 seconds (3.08 M allocations: 1.895 GiB)
641
  4.327463 seconds (1.63 M allocations: 1004.797 MiB)
829
 15.936140 seconds (3.04 M allocations: 1.877 GiB, 45.08% gc time)
264
 15.910087 seconds (3.02 M allocations: 1.869 GiB, 45.15% gc time)
328
 15.895391 seconds (2.92 M allocations: 1.822 GiB, 45.19% gc time)
766
 11.959620 seconds (1.37 M allocations: 920.912 MiB, 60.07% gc time)
518
 15.904220 seconds (2.53 M allocations: 1.660 GiB, 45.17% gc time)
579
 12.886019 seconds (1.47 M allocations: 1.009 GiB, 55.75% gc time)
952
 16.900641 seconds (3.12 M allocations: 1.979 GiB, 42.51% gc time)
391
 15.865243 seconds (2.64 M allocations: 1.703 GiB, 45.28% gc time)
891
 20.986036 seconds (4.72 M allocations: 2.926 GiB, 34.23% gc time)
13
 16.734366 seconds (3.17 M allocations: 1.980 GiB, 42.93% gc time)
 17.924221 seconds (3.91 M allocations: 2.375 GiB, 40.08% gc time)
138
454
 18.277946 seconds (3.58 M allocations: 2.259 GiB, 39.30% gc time)
77
  4.548327 seconds (1.55 M allocations: 981.385 MiB)
519
 15.895340 seconds (2.69 M allocations: 1.724 GiB, 45.19% gc time)
642
  8.705364 seconds (2.62 M allocations: 1.695 GiB)
265
  8.669356 seconds (2.60 M allocations: 1.683 GiB)
329
  4.708841 seconds (1.21 M allocations: 853.822 MiB)
14
 19.755150 seconds (3.87 M allocations: 2.484 GiB, 36.36% gc time)
705
 20.217259 seconds (4.21 M allocations: 2.658 GiB, 35.53% gc time)
201
  8.706856 seconds (3.00 M allocations: 1.854 GiB)
767
 12.405793 seconds (3.99 M allocations: 2.526 GiB)
830
  4.516131 seconds (1.46 M allocations: 945.761 MiB)
520
  8.658956 seconds (3.10 M allocations: 1.891 GiB)
580
  8.642395 seconds (3.01 M allocations: 1.856 GiB)
392
  8.427889 seconds (2.63 M allocations: 1.680 GiB)
455
  8.975925 seconds (3.08 M allocations: 1.904 GiB)
892
 10.857784 seconds (3.69 M allocations: 2.286 GiB)
953
  6.066086 seconds (1.98 M allocations: 1.241 GiB)
15
  8.893371 seconds (2.81 M allocations: 1.788 GiB)
643
  6.760463 seconds (2.10 M allocations: 1.342 GiB)
706
  5.003850 seconds (1.30 M allocations: 911.553 MiB)
581
 13.236759 seconds (4.00 M allocations: 2.586 GiB)
139
  8.814695 seconds (2.97 M allocations: 1.848 GiB)
266
 12.240460 seconds (4.10 M allocations: 2.558 GiB)
78
  9.282392 seconds (3.14 M allocations: 1.950 GiB)
330
  6.657886 seconds (2.17 M allocations: 1.367 GiB)
393
  9.063956 seconds (3.23 M allocations: 1.970 GiB)
202
  9.134156 seconds (3.24 M allocations: 1.978 GiB)
768
 14.773446 seconds (3.07 M allocations: 1.889 GiB, 39.92% gc time)
521
 15.599893 seconds (3.39 M allocations: 2.078 GiB, 37.81% gc time)
831
 14.590921 seconds (2.87 M allocations: 1.797 GiB, 40.42% gc time)
456
 14.451040 seconds (2.78 M allocations: 1.748 GiB, 40.82% gc time)
954
 10.831199 seconds (1.46 M allocations: 973.297 MiB, 54.46% gc time)
79
 14.442627 seconds (2.77 M allocations: 1.744 GiB, 40.84% gc time)
644
  4.523983 seconds (1.01 M allocations: 755.247 MiB)
832
 13.140685 seconds (1.98 M allocations: 1.330 GiB, 44.89% gc time)
331
 14.727827 seconds (3.02 M allocations: 1.867 GiB, 40.05% gc time)
707
 19.203204 seconds (4.16 M allocations: 2.653 GiB, 30.71% gc time)
893
 14.726594 seconds (2.90 M allocations: 1.818 GiB, 40.05% gc time)
267
 17.311212 seconds (3.88 M allocations: 2.404 GiB, 34.07% gc time)
16
 15.209222 seconds (3.32 M allocations: 2.024 GiB, 38.78% gc time)
582
 16.135889 seconds (3.51 M allocations: 2.167 GiB, 36.55% gc time)
140
  8.471471 seconds (2.63 M allocations: 1.685 GiB)
522
  8.811014 seconds (2.81 M allocations: 1.781 GiB)
769
  8.491306 seconds (2.64 M allocations: 1.687 GiB)
457
 16.632637 seconds (3.49 M allocations: 2.196 GiB, 35.46% gc time)
203
  4.561310 seconds (1.63 M allocations: 1017.008 MiB)
708
  4.598704 seconds (1.63 M allocations: 1020.569 MiB)
894
 18.163747 seconds (4.17 M allocations: 2.584 GiB, 32.47% gc time)
394
  8.828742 seconds (3.14 M allocations: 1.917 GiB)
955
  7.673482 seconds (2.73 M allocations: 1.666 GiB)
833
  4.526518 seconds (996.73 k allocations: 745.894 MiB)
  9.898824 seconds (3.05 M allocations: 1.957 GiB)
709
332
  8.728398 seconds (2.36 M allocations: 1.589 GiB)
583
  9.701395 seconds (2.95 M allocations: 1.902 GiB)
268
  8.808091 seconds (2.67 M allocations: 1.721 GiB)
141
 13.804451 seconds (4.51 M allocations: 2.835 GiB)
80
  8.246511 seconds (2.60 M allocations: 1.652 GiB)
523
  7.109713 seconds (2.30 M allocations: 1.449 GiB)
204
 13.016565 seconds (4.59 M allocations: 2.809 GiB)
  8.477880 seconds (2.80 M allocations: 1.751 GiB)
645
770
  9.396138 seconds (3.08 M allocations: 1.930 GiB)
458
  8.454488 seconds (2.58 M allocations: 1.659 GiB)
395
 13.997007 seconds (4.53 M allocations: 2.855 GiB)
17
  7.410745 seconds (2.44 M allocations: 1.529 GiB)
834
 17.033848 seconds (2.89 M allocations: 1.819 GiB, 47.64% gc time)
956
 18.824109 seconds (3.41 M allocations: 2.159 GiB, 43.11% gc time)
895
 12.788258 seconds (1.40 M allocations: 928.740 MiB, 63.46% gc time)
646
 15.056558 seconds (2.75 M allocations: 1.621 GiB, 53.90% gc time)
333
 16.222527 seconds (2.86 M allocations: 1.751 GiB, 50.03% gc time)
710
 16.835713 seconds (2.93 M allocations: 1.823 GiB, 48.20% gc time)
269
 16.832466 seconds (2.62 M allocations: 1.695 GiB, 48.21% gc time)
524
 17.407291 seconds (2.99 M allocations: 1.891 GiB, 46.62% gc time)
142
 17.282342 seconds (3.03 M allocations: 1.898 GiB, 46.96% gc time)
81
 17.334669 seconds (2.72 M allocations: 1.777 GiB, 46.82% gc time)
771
 14.629857 seconds (2.14 M allocations: 1.343 GiB, 55.47% gc time)
18
 18.479725 seconds (3.10 M allocations: 2.014 GiB, 43.92% gc time)
205
 16.653139 seconds (2.78 M allocations: 1.751 GiB, 48.73% gc time)
396
 16.887167 seconds (2.92 M allocations: 1.826 GiB, 48.06% gc time)
459
 20.848505 seconds (4.53 M allocations: 2.770 GiB, 38.93% gc time)
584
  4.586049 seconds (1.70 M allocations: 1.026 GiB)
711
  6.938152 seconds (2.46 M allocations: 1.507 GiB)
647
  8.497556 seconds (2.97 M allocations: 1.826 GiB)
957
  9.053120 seconds (3.10 M allocations: 1.919 GiB)
896
  6.536726 seconds (2.43 M allocations: 1.464 GiB)
270
 11.176211 seconds (3.77 M allocations: 2.345 GiB)
835
  9.643304 seconds (3.27 M allocations: 2.030 GiB)
334
  8.650860 seconds (2.65 M allocations: 1.704 GiB)
82
  9.230293 seconds (2.98 M allocations: 1.882 GiB)
525
  9.546153 seconds (3.12 M allocations: 1.961 GiB)
  6.086067 seconds (1.44 M allocations: 1.026 GiB)
143
648
  8.870024 seconds (2.84 M allocations: 1.797 GiB)
772
  4.505211 seconds (1.42 M allocations: 925.286 MiB)
271
  8.662806 seconds (3.06 M allocations: 1.873 GiB)
206
  8.667773 seconds (2.75 M allocations: 1.746 GiB)
585
 10.733624 seconds (3.68 M allocations: 2.277 GiB)
19
  8.842880 seconds (2.68 M allocations: 1.735 GiB)
958
 10.544055 seconds (3.34 M allocations: 2.126 GiB)
460
  8.490573 seconds (2.78 M allocations: 1.750 GiB)
897
 11.164553 seconds (3.59 M allocations: 2.275 GiB)
712
 12.550552 seconds (4.14 M allocations: 2.596 GiB)
397
  9.164104 seconds (2.95 M allocations: 1.868 GiB)
836
  9.466677 seconds (3.01 M allocations: 1.915 GiB)
335
  7.273707 seconds (2.24 M allocations: 1.442 GiB)
649
  7.839424 seconds (1.28 M allocations: 868.734 MiB, 42.06% gc time)
461
 12.290917 seconds (3.23 M allocations: 1.972 GiB, 26.83% gc time)
83
 12.054228 seconds (2.67 M allocations: 1.721 GiB, 27.36% gc time)
272
 11.205394 seconds (2.44 M allocations: 1.568 GiB, 29.43% gc time)
586
 13.572491 seconds (3.29 M allocations: 2.086 GiB, 24.30% gc time)
773
 12.713234 seconds (2.90 M allocations: 1.862 GiB, 25.94% gc time)
207
 11.821229 seconds (2.64 M allocations: 1.693 GiB, 27.89% gc time)
959
 14.530610 seconds (3.65 M allocations: 2.304 GiB, 22.69% gc time)
144
 12.710834 seconds (3.14 M allocations: 1.962 GiB, 25.94% gc time)
20
  4.516381 seconds (1.69 M allocations: 1.017 GiB)
650
  4.495355 seconds (1.67 M allocations: 1.008 GiB)
462
 12.373937 seconds (3.10 M allocations: 1.923 GiB, 26.65% gc time)
898
 17.054936 seconds (5.08 M allocations: 3.074 GiB, 19.33% gc time)
526
 12.292658 seconds (3.15 M allocations: 1.938 GiB, 26.83% gc time)
713
 12.172248 seconds (3.22 M allocations: 1.956 GiB, 27.09% gc time)
398
 12.028613 seconds (3.13 M allocations: 1.912 GiB, 27.41% gc time)
837
  5.509218 seconds (1.92 M allocations: 1.184 GiB)
774
  4.510703 seconds (1.28 M allocations: 866.179 MiB)
463
  9.579129 seconds (3.16 M allocations: 1.981 GiB)
84
  8.854977 seconds (3.01 M allocations: 1.868 GiB)
273
 16.560889 seconds (4.22 M allocations: 2.678 GiB, 19.91% gc time)
  8.879182 seconds (2.86 M allocations: 1.807 GiB)
208
336
  8.707294 seconds (2.80 M allocations: 1.769 GiB)
145
  5.796730 seconds (1.47 M allocations: 1.019 GiB)
399
  8.693355 seconds (2.93 M allocations: 1.822 GiB)
21
  4.927890 seconds (1.59 M allocations: 1.005 GiB)
775
 11.700452 seconds (4.12 M allocations: 2.528 GiB)
587
  9.291925 seconds (2.99 M allocations: 1.887 GiB)
 11.118212 seconds (3.76 M allocations: 2.338 GiB)
899
960
  9.587897 seconds (3.06 M allocations: 1.938 GiB)
527
 11.734068 seconds (3.91 M allocations: 2.441 GiB)
651
  9.959288 seconds (3.06 M allocations: 1.966 GiB)
838
  4.501086 seconds (1.57 M allocations: 988.531 MiB)
400
  5.600720 seconds (2.06 M allocations: 1.246 GiB)
337
 13.106053 seconds (4.06 M allocations: 2.602 GiB)
714
  8.744584 seconds (2.91 M allocations: 1.819 GiB)
85
  8.746464 seconds (2.96 M allocations: 1.837 GiB)
274
  8.710637 seconds (2.97 M allocations: 1.842 GiB)
  6.597881 seconds (2.11 M allocations: 1.337 GiB)
776
209
 11.534411 seconds (2.76 M allocations: 1.730 GiB, 27.20% gc time)
22
 12.007039 seconds (2.96 M allocations: 1.847 GiB, 26.13% gc time)
146
 15.654644 seconds (4.40 M allocations: 2.699 GiB, 20.04% gc time)
464
  8.352923 seconds (1.62 M allocations: 1.036 GiB, 37.56% gc time)
338
 11.718009 seconds (2.83 M allocations: 1.770 GiB, 26.78% gc time)
961
 11.711480 seconds (2.78 M allocations: 1.751 GiB, 26.79% gc time)
528
 13.366581 seconds (3.41 M allocations: 2.128 GiB, 23.47% gc time)
588
 11.867467 seconds (2.93 M allocations: 1.822 GiB, 26.44% gc time)
652
  4.792985 seconds (1.59 M allocations: 1017.507 MiB)
777
 13.193419 seconds (3.20 M allocations: 2.027 GiB, 23.78% gc time)
839
  5.186205 seconds (1.49 M allocations: 1001.097 MiB)
23
 16.124966 seconds (4.18 M allocations: 2.637 GiB, 19.46% gc time)
900
 12.050174 seconds (2.80 M allocations: 1.779 GiB, 26.04% gc time)
275
 12.947806 seconds (3.10 M allocations: 1.967 GiB, 24.23% gc time)
86
  8.796468 seconds (2.80 M allocations: 1.773 GiB)
210
  4.523074 seconds (1.28 M allocations: 865.859 MiB)
778
  8.753555 seconds (2.72 M allocations: 1.736 GiB)
147
  8.787192 seconds (2.80 M allocations: 1.770 GiB)
465
  4.526285 seconds (1.44 M allocations: 936.318 MiB)
24
  8.757116 seconds (2.79 M allocations: 1.767 GiB)
962
 18.425100 seconds (5.03 M allocations: 3.151 GiB, 17.03% gc time)
401
  8.785562 seconds (2.86 M allocations: 1.797 GiB)
529
  8.755013 seconds (2.83 M allocations: 1.786 GiB)
589
  8.764717 seconds (2.93 M allocations: 1.827 GiB)
653
  5.900596 seconds (2.15 M allocations: 1.303 GiB)
901
  8.771029 seconds (2.80 M allocations: 1.772 GiB)
840
 19.830614 seconds (5.49 M allocations: 3.437 GiB, 15.82% gc time)
  5.187232 seconds (1.63 M allocations: 1.039 GiB)
779
715
  8.742379 seconds (2.93 M allocations: 1.825 GiB)
276
 13.281890 seconds (2.93 M allocations: 1.824 GiB, 33.96% gc time)
87
 19.572957 seconds (5.01 M allocations: 3.125 GiB, 23.05% gc time)
339
 10.757084 seconds (2.18 M allocations: 1.341 GiB, 41.93% gc time)
25
 13.259363 seconds (3.20 M allocations: 1.934 GiB, 34.02% gc time)
211
 13.257727 seconds (2.93 M allocations: 1.823 GiB, 34.02% gc time)
466
 15.019287 seconds (3.43 M allocations: 2.156 GiB, 30.03% gc time)
148
 13.254897 seconds (2.83 M allocations: 1.782 GiB, 34.03% gc time)
963
 12.973374 seconds (2.79 M allocations: 1.747 GiB, 34.77% gc time)
402
 13.257177 seconds (2.84 M allocations: 1.786 GiB, 34.03% gc time)
530
 13.257617 seconds (2.83 M allocations: 1.785 GiB, 34.02% gc time)
590
  4.516599 seconds (1.42 M allocations: 927.483 MiB)
26
 12.003530 seconds (2.45 M allocations: 1.539 GiB, 37.58% gc time)
780
 13.223568 seconds (2.72 M allocations: 1.734 GiB, 34.11% gc time)
841
  6.682628 seconds (2.05 M allocations: 1.317 GiB)
340
 15.471637 seconds (3.56 M allocations: 2.243 GiB, 29.16% gc time)
902
 13.777374 seconds (3.12 M allocations: 1.941 GiB, 32.74% gc time)
716
  8.668525 seconds (3.06 M allocations: 1.875 GiB)
277
  8.676102 seconds (2.95 M allocations: 1.827 GiB)
88
  8.668597 seconds (2.79 M allocations: 1.762 GiB)
212
 18.552561 seconds (4.62 M allocations: 2.896 GiB, 24.31% gc time)
654
  8.711519 seconds (2.91 M allocations: 1.817 GiB)
467
  4.524248 seconds (1.28 M allocations: 865.806 MiB)
903
  8.683171 seconds (2.78 M allocations: 1.758 GiB)
964
  8.713186 seconds (2.70 M allocations: 1.730 GiB)
531
  8.698967 seconds (2.69 M allocations: 1.724 GiB)
591
  8.793000 seconds (2.80 M allocations: 1.778 GiB)
27
  8.514321 seconds (2.77 M allocations: 1.747 GiB)
781
  8.174826 seconds (2.74 M allocations: 1.706 GiB)
842
 12.082001 seconds (4.06 M allocations: 2.530 GiB)
149
  8.011985 seconds (2.45 M allocations: 1.577 GiB)
278
  8.977972 seconds (2.82 M allocations: 1.796 GiB)
717
  7.449206 seconds (2.39 M allocations: 1.514 GiB)
213
  8.130302 seconds (2.73 M allocations: 1.702 GiB)
89
 10.217413 seconds (3.59 M allocations: 2.202 GiB)
341
  7.738693 seconds (2.65 M allocations: 1.641 GiB)
655
 15.595599 seconds (5.26 M allocations: 3.271 GiB)
403
  7.808525 seconds (2.60 M allocations: 1.625 GiB)
965
  8.761455 seconds (2.80 M allocations: 1.773 GiB)
904
 10.558058 seconds (3.39 M allocations: 2.144 GiB)
  8.248081 seconds (2.61 M allocations: 1.659 GiB)
468
592
  8.151876 seconds (2.60 M allocations: 1.648 GiB)
782
  9.123249 seconds (2.97 M allocations: 1.870 GiB)
28
 10.237594 seconds (3.31 M allocations: 2.091 GiB)
532
 14.986450 seconds (2.79 M allocations: 1.762 GiB, 42.29% gc time)
150
 15.759093 seconds (3.14 M allocations: 1.960 GiB, 40.22% gc time)
843
 14.552164 seconds (2.81 M allocations: 1.739 GiB, 43.55% gc time)
279
 15.005184 seconds (2.92 M allocations: 1.818 GiB, 42.24% gc time)
718
 15.038709 seconds (2.93 M allocations: 1.822 GiB, 42.15% gc time)
214
 14.822293 seconds (2.80 M allocations: 1.754 GiB, 42.76% gc time)
90
 14.690943 seconds (2.86 M allocations: 1.767 GiB, 43.14% gc time)
342
 15.877835 seconds (3.01 M allocations: 1.914 GiB, 39.92% gc time)
656
  4.590313 seconds (1.22 M allocations: 844.682 MiB)
844
 14.551187 seconds (2.65 M allocations: 1.671 GiB, 43.56% gc time)
905
 15.892283 seconds (3.11 M allocations: 1.958 GiB, 39.88% gc time)
966
 16.863842 seconds (3.52 M allocations: 2.191 GiB, 37.58% gc time)
404
 15.092562 seconds (2.85 M allocations: 1.789 GiB, 41.99% gc time)
469
  4.517583 seconds (1.40 M allocations: 917.701 MiB)
215
 15.304763 seconds (3.05 M allocations: 1.890 GiB, 41.41% gc time)
593
  8.664197 seconds (3.02 M allocations: 1.853 GiB)
29
 17.187617 seconds (3.55 M allocations: 2.226 GiB, 36.88% gc time)
783
  8.698895 seconds (2.67 M allocations: 1.715 GiB)
280
 10.152468 seconds (3.45 M allocations: 2.135 GiB)
533
  8.693243 seconds (2.92 M allocations: 1.814 GiB)
719
  8.708228 seconds (2.78 M allocations: 1.757 GiB)
91
  5.786600 seconds (2.16 M allocations: 1.299 GiB)
845
  4.666433 seconds (1.31 M allocations: 890.860 MiB)
216
 11.426512 seconds (4.14 M allocations: 2.510 GiB)
151
  6.412923 seconds (2.10 M allocations: 1.315 GiB)
405
 12.106515 seconds (3.69 M allocations: 2.378 GiB)
  8.916477 seconds (2.93 M allocations: 1.842 GiB)
343
906
  8.698452 seconds (2.74 M allocations: 1.745 GiB)
470
  9.298012 seconds (3.20 M allocations: 1.980 GiB)
967
  8.751582 seconds (2.71 M allocations: 1.740 GiB)
594
 11.724812 seconds (4.19 M allocations: 2.556 GiB)
657
  8.597264 seconds (2.92 M allocations: 1.814 GiB)
30
  6.559971 seconds (1.97 M allocations: 1.284 GiB)
217
 13.575989 seconds (2.66 M allocations: 1.679 GiB, 39.86% gc time)
534
 14.181351 seconds (3.10 M allocations: 1.905 GiB, 38.16% gc time)
281
 12.230080 seconds (2.20 M allocations: 1.397 GiB, 44.25% gc time)
152
 14.866263 seconds (3.15 M allocations: 1.974 GiB, 36.40% gc time)
720
  9.975753 seconds (1.42 M allocations: 934.486 MiB, 54.24% gc time)
968
 14.940642 seconds (3.22 M allocations: 2.006 GiB, 36.22% gc time)
92
 14.411019 seconds (3.04 M allocations: 1.895 GiB, 37.55% gc time)
846
 11.208595 seconds (1.82 M allocations: 1.162 GiB, 48.28% gc time)
658
 18.976185 seconds (4.49 M allocations: 2.813 GiB, 28.52% gc time)
784
 14.188013 seconds (2.89 M allocations: 1.814 GiB, 38.14% gc time)
344
 14.119997 seconds (2.88 M allocations: 1.802 GiB, 38.32% gc time)
471
 14.016793 seconds (2.75 M allocations: 1.742 GiB, 38.61% gc time)
595
 17.582205 seconds (3.96 M allocations: 2.497 GiB, 30.78% gc time)
406
 14.198661 seconds (2.77 M allocations: 1.762 GiB, 38.11% gc time)
31
 16.800346 seconds (3.88 M allocations: 2.402 GiB, 32.21% gc time)
907
  8.741749 seconds (2.84 M allocations: 1.784 GiB)
218
  6.550302 seconds (1.99 M allocations: 1.281 GiB)
969
  8.729339 seconds (2.83 M allocations: 1.782 GiB)
535
  8.730242 seconds (3.02 M allocations: 1.860 GiB)
282
  5.809596 seconds (2.09 M allocations: 1.272 GiB)
659
  4.338505 seconds (1.64 M allocations: 1009.436 MiB)
472
  8.730192 seconds (3.20 M allocations: 1.935 GiB)
721
  8.716934 seconds (2.93 M allocations: 1.826 GiB)
847
  9.171420 seconds (3.15 M allocations: 1.950 GiB)
93
  8.693939 seconds (2.69 M allocations: 1.736 GiB)
  4.066742 seconds (843.06 k allocations: 660.149 MiB)  8.675274 seconds (2.40 M allocations: 1.616 GiB)

  4.059426 seconds (708.76 k allocations: 603.423 MiB)
596
473660

345
 14.231944 seconds (4.85 M allocations: 3.012 GiB)
153
  8.490743 seconds (2.92 M allocations: 1.819 GiB)
32
  8.332510 seconds (2.91 M allocations: 1.802 GiB)
908
  7.749626 seconds (2.49 M allocations: 1.585 GiB)
970
  8.209732 seconds (2.86 M allocations: 1.772 GiB)
219
 16.192716 seconds (2.76 M allocations: 1.736 GiB, 48.71% gc time)
283
 16.625353 seconds (3.03 M allocations: 1.878 GiB, 47.44% gc time)
536
 16.600204 seconds (2.67 M allocations: 1.723 GiB, 47.51% gc time)
722
 20.132427 seconds (4.33 M allocations: 2.662 GiB, 39.18% gc time)
 22.136120 seconds (5.00 M allocations: 3.079 GiB, 35.63% gc time)
407
785
 14.488797 seconds (2.10 M allocations: 1.327 GiB, 54.44% gc time)
474
 14.283846 seconds (1.87 M allocations: 1.215 GiB, 55.22% gc time)
33
 19.508392 seconds (3.50 M allocations: 2.268 GiB, 40.43% gc time)
848
 16.105405 seconds (2.60 M allocations: 1.649 GiB, 48.97% gc time)
346
 16.353707 seconds (2.75 M allocations: 1.727 GiB, 48.23% gc time)
94
  5.665434 seconds (1.58 M allocations: 1.048 GiB)
284
 16.820677 seconds (3.07 M allocations: 1.893 GiB, 46.89% gc time)
597
 16.934620 seconds (3.09 M allocations: 1.907 GiB, 46.58% gc time)
154
 15.553863 seconds (2.67 M allocations: 1.637 GiB, 50.71% gc time)
971
 18.521593 seconds (3.65 M allocations: 2.249 GiB, 42.59% gc time)
661
 17.298024 seconds (3.26 M allocations: 2.001 GiB, 45.60% gc time)
909
  8.504611 seconds (2.77 M allocations: 1.741 GiB)
537
  4.518145 seconds (1.82 M allocations: 1.067 GiB)
34
  4.518265 seconds (1.81 M allocations: 1.063 GiB)
849
 18.484581 seconds (3.61 M allocations: 2.230 GiB, 42.67% gc time)
220
  9.516969 seconds (3.03 M allocations: 1.917 GiB)
408
 10.423236 seconds (3.50 M allocations: 2.175 GiB)
723
  8.788053 seconds (2.65 M allocations: 1.711 GiB)
  8.552208 seconds (2.45 M allocations: 1.612 GiB)
347
95
  4.536230 seconds (1.07 M allocations: 775.282 MiB)
850
 12.608303 seconds (3.86 M allocations: 2.475 GiB)
786
 10.589698 seconds (3.70 M allocations: 2.269 GiB)
475
  8.945958 seconds (2.95 M allocations: 1.843 GiB)
598
  9.322142 seconds (2.85 M allocations: 1.830 GiB)
972
 10.582619 seconds (3.25 M allocations: 2.085 GiB)
155
  7.358459 seconds (2.11 M allocations: 1.386 GiB)
221
  9.313560 seconds (2.84 M allocations: 1.823 GiB)
538
 10.118119 seconds (3.20 M allocations: 2.033 GiB)
 12.080555 seconds (3.92 M allocations: 2.468 GiB)
662
285
  6.749072 seconds (2.45 M allocations: 1.484 GiB)
409
  4.512877 seconds (1.77 M allocations: 1.049 GiB)
851
 13.939950 seconds (3.84 M allocations: 2.365 GiB, 20.26% gc time)
910
 11.253807 seconds (2.89 M allocations: 1.786 GiB, 25.09% gc time)
724
 13.950087 seconds (3.74 M allocations: 2.322 GiB, 20.24% gc time)
35
 11.874731 seconds (2.93 M allocations: 1.845 GiB, 23.78% gc time)
348
 11.062347 seconds (2.35 M allocations: 1.551 GiB, 25.53% gc time)
599
 11.748973 seconds (2.82 M allocations: 1.792 GiB, 24.04% gc time)
476
  4.594813 seconds (1.17 M allocations: 827.541 MiB)
852
  9.571378 seconds (2.45 M allocations: 1.487 GiB, 29.51% gc time)
156
  5.484957 seconds (1.51 M allocations: 1.010 GiB)
911
 13.581766 seconds (3.58 M allocations: 2.234 GiB, 20.79% gc time)
787
 11.260460 seconds (2.23 M allocations: 1.515 GiB, 25.08% gc time)
410
 11.937254 seconds (2.56 M allocations: 1.702 GiB, 23.66% gc time)
286
 12.093446 seconds (2.75 M allocations: 1.792 GiB, 23.35% gc time)
663
 16.014532 seconds (4.51 M allocations: 2.791 GiB, 17.63% gc time)
96
 14.110023 seconds (3.80 M allocations: 2.365 GiB, 20.01% gc time)
973
  4.467628 seconds (1.57 M allocations: 987.328 MiB)
853
 13.447662 seconds (3.64 M allocations: 2.256 GiB, 21.00% gc time)
539
  8.670985 seconds (2.86 M allocations: 1.797 GiB)
725
  4.373459 seconds (1.65 M allocations: 1015.037 MiB)
912
 14.720076 seconds (4.33 M allocations: 2.628 GiB, 19.19% gc time)
222
  8.516080 seconds (2.93 M allocations: 1.813 GiB)
349
 11.223626 seconds (3.50 M allocations: 2.244 GiB)
36
  8.737055 seconds (3.14 M allocations: 1.917 GiB)
600
  8.970405 seconds (3.10 M allocations: 1.922 GiB)
477
  5.755523 seconds (2.12 M allocations: 1.285 GiB)
287
  5.865819 seconds (2.09 M allocations: 1.282 GiB)
664
  9.522660 seconds (3.43 M allocations: 2.096 GiB)
157
  8.921949 seconds (2.57 M allocations: 1.698 GiB)
97
  9.327058 seconds (2.97 M allocations: 1.891 GiB)
788
  9.271735 seconds (2.86 M allocations: 1.842 GiB)
974
 10.066200 seconds (3.60 M allocations: 2.200 GiB)
411
  9.014571 seconds (2.90 M allocations: 1.838 GiB)
854
 19.694347 seconds (2.58 M allocations: 1.714 GiB, 53.51% gc time)
223
 20.653931 seconds (3.09 M allocations: 1.994 GiB, 51.02% gc time)
540
 20.063433 seconds (2.93 M allocations: 1.887 GiB, 52.52% gc time)
726
 17.790445 seconds (2.51 M allocations: 1.548 GiB, 59.23% gc time)
350
 17.531101 seconds (2.07 M allocations: 1.348 GiB, 60.11% gc time)
665
 18.005489 seconds (2.39 M allocations: 1.512 GiB, 58.53% gc time)
288
 19.225521 seconds (2.93 M allocations: 1.821 GiB, 54.81% gc time)
37
 21.962423 seconds (3.72 M allocations: 2.349 GiB, 47.98% gc time)
 19.249708 seconds (3.01 M allocations: 1.859 GiB, 54.74% gc time)
601
913
 19.280449 seconds (3.20 M allocations: 1.937 GiB, 54.66% gc time)
478
  5.420088 seconds (1.38 M allocations: 973.860 MiB)
351
  4.516526 seconds (1.15 M allocations: 813.914 MiB)
666
 19.287333 seconds (2.89 M allocations: 1.809 GiB, 54.64% gc time)
98
 19.279025 seconds (2.89 M allocations: 1.809 GiB, 54.66% gc time)
789
 19.311264 seconds (3.07 M allocations: 1.887 GiB, 54.57% gc time)
975
 19.292197 seconds (3.00 M allocations: 1.857 GiB, 54.62% gc time)
412
 23.101582 seconds (4.14 M allocations: 2.595 GiB, 45.62% gc time)
158
  8.724983 seconds (2.87 M allocations: 1.801 GiB)
224
  8.717778 seconds (2.84 M allocations: 1.789 GiB)
  8.776468 seconds (2.88 M allocations: 1.809 GiB)
727
541
  7.692434 seconds (2.60 M allocations: 1.614 GiB)
289
  8.734194 seconds (2.72 M allocations: 1.738 GiB)
38
  4.560222 seconds (1.83 M allocations: 1.076 GiB)
352
  8.773124 seconds (2.72 M allocations: 1.742 GiB)
602
  9.161507 seconds (2.84 M allocations: 1.819 GiB)
479
 11.130495 seconds (3.32 M allocations: 2.158 GiB)
914
 26.004401 seconds (5.12 M allocations: 3.205 GiB, 40.52% gc time)
855
  4.384796 seconds (1.24 M allocations: 844.540 MiB)
290
  8.176304 seconds (2.74 M allocations: 1.710 GiB)
790
  8.704661 seconds (2.95 M allocations: 1.837 GiB)
99
  8.697061 seconds (2.93 M allocations: 1.826 GiB)
976
  9.036144 seconds (2.97 M allocations: 1.868 GiB)
413
 10.358094 seconds (3.55 M allocations: 2.203 GiB)
667
  8.706663 seconds (2.80 M allocations: 1.776 GiB)
225
  8.697739 seconds (2.76 M allocations: 1.763 GiB)
728
  8.814572 seconds (2.95 M allocations: 1.848 GiB)
542
  4.128375 seconds (1.64 M allocations: 996.957 MiB)
856
  4.189522 seconds (1.52 M allocations: 948.525 MiB)
791
 11.480610 seconds (4.03 M allocations: 2.481 GiB)
159
  8.698055 seconds (3.08 M allocations: 1.892 GiB)
39
  8.705538 seconds (3.08 M allocations: 1.893 GiB)
603
  7.854626 seconds (1.01 M allocations: 753.928 MiB, 42.26% gc time)
857
  7.858612 seconds (1.01 M allocations: 753.919 MiB, 42.24% gc time)
792
 15.401238 seconds (3.68 M allocations: 2.378 GiB, 21.55% gc time)
480
 12.025088 seconds (2.69 M allocations: 1.725 GiB, 27.60% gc time)
100
 12.029472 seconds (2.79 M allocations: 1.768 GiB, 27.59% gc time)
977
 12.026695 seconds (2.79 M allocations: 1.764 GiB, 27.60% gc time)
414
 12.031408 seconds (2.79 M allocations: 1.762 GiB, 27.59% gc time)
668
 12.031434 seconds (2.70 M allocations: 1.723 GiB, 27.59% gc time)
226
 12.038953 seconds (2.65 M allocations: 1.707 GiB, 27.57% gc time)
729
 12.049452 seconds (2.68 M allocations: 1.718 GiB, 27.55% gc time)
543
 19.652075 seconds (5.34 M allocations: 3.362 GiB, 16.89% gc time)
353
 12.067270 seconds (2.62 M allocations: 1.693 GiB, 27.51% gc time)
160
  4.925428 seconds (1.88 M allocations: 1.121 GiB)
858
 12.062706 seconds (2.63 M allocations: 1.698 GiB, 27.52% gc time)
40
 12.079244 seconds (2.76 M allocations: 1.751 GiB, 27.48% gc time)
  4.607072 seconds (2.04 M allocations: 1.164 GiB)
604
793
 18.838628 seconds (5.79 M allocations: 3.485 GiB, 17.62% gc time)
915
 19.366032 seconds (5.71 M allocations: 3.487 GiB, 17.14% gc time)
291
  5.904988 seconds (1.77 M allocations: 1.148 GiB)
227
  5.126953 seconds (1.61 M allocations: 1.025 GiB)
354
  8.724513 seconds (2.96 M allocations: 1.835 GiB)
101
  8.743366 seconds (3.06 M allocations: 1.877 GiB)
978
  8.727312 seconds (3.06 M allocations: 1.877 GiB)
415
  8.713244 seconds (3.06 M allocations: 1.877 GiB)
669
  8.747484 seconds (2.80 M allocations: 1.770 GiB)
544
  9.304408 seconds (3.04 M allocations: 1.912 GiB)
730
  5.982307 seconds (1.70 M allocations: 1.127 GiB)
292
  8.730885 seconds (2.80 M allocations: 1.774 GiB)
161
  8.730690 seconds (2.72 M allocations: 1.739 GiB)
41
  8.743956 seconds (2.65 M allocations: 1.714 GiB)
605
  8.719125 seconds (2.67 M allocations: 1.719 GiB)
916
  6.359858 seconds (2.01 M allocations: 1.282 GiB)
355
 16.357625 seconds (5.47 M allocations: 3.411 GiB)
481
  8.579664 seconds (2.78 M allocations: 1.755 GiB)
228
  4.531705 seconds (1.33 M allocations: 887.606 MiB)
293
  8.760182 seconds (2.83 M allocations: 1.789 GiB)
102
  8.753192 seconds (2.80 M allocations: 1.775 GiB)
979
 13.742191 seconds (4.21 M allocations: 2.710 GiB)
794
  8.745817 seconds (2.90 M allocations: 1.813 GiB)
416
  8.993649 seconds (2.96 M allocations: 1.855 GiB)
670
  8.729559 seconds (2.93 M allocations: 1.826 GiB)
545
 16.499580 seconds (5.40 M allocations: 3.393 GiB)
859
  4.538751 seconds (1.66 M allocations: 1.007 GiB)
482
  9.239839 seconds (3.23 M allocations: 1.987 GiB)
731
  8.995348 seconds (3.05 M allocations: 1.895 GiB)
162
  8.713260 seconds (2.87 M allocations: 1.800 GiB)
606
  9.007078 seconds (2.96 M allocations: 1.856 GiB)
917
  5.569723 seconds (2.19 M allocations: 1.296 GiB)
  9.803944 seconds (3.38 M allocations: 2.087 GiB)
42
229
 19.710021 seconds (3.31 M allocations: 2.053 GiB, 50.41% gc time)
356
 18.637292 seconds (2.62 M allocations: 1.696 GiB, 53.31% gc time)
980
 16.381754 seconds (1.86 M allocations: 1.221 GiB, 60.65% gc time)
860
 18.629290 seconds (2.55 M allocations: 1.669 GiB, 53.33% gc time)
417
 20.614334 seconds (3.54 M allocations: 2.215 GiB, 48.20% gc time)
294
 18.640308 seconds (2.79 M allocations: 1.769 GiB, 53.30% gc time)
671
  5.356515 seconds (1.39 M allocations: 976.297 MiB)
43
 20.411085 seconds (3.45 M allocations: 2.163 GiB, 48.68% gc time)
 18.624719 seconds (2.93 M allocations: 1.822 GiB, 53.35% gc time)
795
546
 21.429679 seconds (4.07 M allocations: 2.492 GiB, 46.36% gc time)
103
 18.297051 seconds (2.71 M allocations: 1.707 GiB, 54.30% gc time)
163
 18.634579 seconds (2.79 M allocations: 1.767 GiB, 53.32% gc time)
607
  8.848199 seconds (2.66 M allocations: 1.725 GiB)
918
  8.687955 seconds (2.53 M allocations: 1.659 GiB)
230
 21.335662 seconds (3.86 M allocations: 2.395 GiB, 46.57% gc time)
483
 21.334252 seconds (3.88 M allocations: 2.403 GiB, 46.57% gc time)
732
  5.711707 seconds (2.08 M allocations: 1.259 GiB)
295
  7.254513 seconds (2.78 M allocations: 1.658 GiB)
981
  9.012775 seconds (3.11 M allocations: 1.921 GiB)
357
  8.438089 seconds (2.90 M allocations: 1.796 GiB)
418
  6.660536 seconds (1.94 M allocations: 1.274 GiB)
104
  9.153464 seconds (2.97 M allocations: 1.874 GiB)
672
  9.006435 seconds (2.65 M allocations: 1.736 GiB)
796
  6.460083 seconds (1.90 M allocations: 1.249 GiB)
231
  8.167860 seconds (2.51 M allocations: 1.617 GiB)
164
 10.404323 seconds (3.51 M allocations: 2.188 GiB)
44
  8.218065 seconds (2.68 M allocations: 1.695 GiB)
608
  4.923833 seconds (1.52 M allocations: 1005.623 MiB)
982
  7.246024 seconds (2.52 M allocations: 1.559 GiB)
484
 13.750850 seconds (4.89 M allocations: 2.996 GiB)
861
  8.993899 seconds (2.99 M allocations: 1.881 GiB)
919
 12.682439 seconds (4.25 M allocations: 2.658 GiB)
547
  8.169796 seconds (2.89 M allocations: 1.778 GiB)
296
  9.438145 seconds (2.89 M allocations: 1.868 GiB)
358
  6.262304 seconds (2.19 M allocations: 1.353 GiB)
673
 11.532505 seconds (3.77 M allocations: 2.382 GiB)
733
  9.518500 seconds (3.03 M allocations: 1.934 GiB)
105
  9.784774 seconds (3.19 M allocations: 2.018 GiB)
419
  6.993667 seconds (2.45 M allocations: 1.513 GiB)
232
  4.341369 seconds (1.27 M allocations: 857.686 MiB)
297
  8.384033 seconds (3.05 M allocations: 1.863 GiB)
797
 11.211592 seconds (2.78 M allocations: 1.718 GiB, 29.21% gc time)
45
 12.127372 seconds (3.27 M allocations: 1.984 GiB, 27.00% gc time)
165
 11.722601 seconds (2.89 M allocations: 1.801 GiB, 27.93% gc time)
609
 12.723082 seconds (3.16 M allocations: 1.981 GiB, 25.74% gc time)
983
 12.087382 seconds (2.86 M allocations: 1.815 GiB, 27.09% gc time)
920
 13.278915 seconds (3.28 M allocations: 2.074 GiB, 24.66% gc time)
485
 10.799572 seconds (2.45 M allocations: 1.553 GiB, 30.32% gc time)
359
 12.955208 seconds (3.05 M allocations: 1.951 GiB, 25.28% gc time)
548
 13.725920 seconds (3.38 M allocations: 2.143 GiB, 23.86% gc time)
862
  5.325319 seconds (1.64 M allocations: 1.055 GiB)
46
 12.034489 seconds (2.95 M allocations: 1.842 GiB, 27.21% gc time)
734
  6.851198 seconds (2.25 M allocations: 1.418 GiB)
298
 11.948602 seconds (3.03 M allocations: 1.867 GiB, 27.41% gc time)
106
 11.974376 seconds (3.01 M allocations: 1.861 GiB, 27.35% gc time)
420
 11.824777 seconds (2.95 M allocations: 1.823 GiB, 27.69% gc time)
 13.853205 seconds (3.69 M allocations: 2.277 GiB, 23.64% gc time)
233
674
  8.668597 seconds (2.66 M allocations: 1.711 GiB)
610
  9.742133 seconds (3.21 M allocations: 2.014 GiB)
798
  6.726898 seconds (2.36 M allocations: 1.447 GiB)
921
  8.672807 seconds (2.93 M allocations: 1.822 GiB)
984
  9.963989 seconds (3.30 M allocations: 2.069 GiB)
166
  8.267291 seconds (2.88 M allocations: 1.772 GiB)
486
  8.044087 seconds (2.68 M allocations: 1.673 GiB)
360
  6.180843 seconds (2.00 M allocations: 1.263 GiB)
299
  9.275153 seconds (2.98 M allocations: 1.885 GiB)
549
  9.379426 seconds (3.05 M allocations: 1.920 GiB)
863
  8.946427 seconds (2.92 M allocations: 1.835 GiB)
735
 10.312009 seconds (3.36 M allocations: 2.116 GiB)
47
  9.331903 seconds (2.69 M allocations: 1.769 GiB)
421
  9.792134 seconds (3.13 M allocations: 1.984 GiB)
107
  9.532046 seconds (2.80 M allocations: 1.829 GiB)
234
  4.511364 seconds (1.37 M allocations: 907.707 MiB)
361
  8.428740 seconds (2.80 M allocations: 1.753 GiB)
611
  9.012977 seconds (2.83 M allocations: 1.805 GiB)
922
  8.158385 seconds (2.53 M allocations: 1.624 GiB)
167
  9.318533 seconds (3.09 M allocations: 1.935 GiB)
799
  8.865357 seconds (2.98 M allocations: 1.858 GiB)
985
  8.449309 seconds (2.64 M allocations: 1.689 GiB)
300
 10.332922 seconds (1.28 M allocations: 869.290 MiB, 56.16% gc time)
362
 10.482691 seconds (1.47 M allocations: 958.330 MiB, 55.35% gc time)
235
 20.256435 seconds (4.67 M allocations: 2.951 GiB, 28.65% gc time)
675
 17.665559 seconds (3.80 M allocations: 2.408 GiB, 32.85% gc time)
487
 15.090345 seconds (3.11 M allocations: 1.940 GiB, 38.45% gc time)
864
 15.690452 seconds (3.37 M allocations: 2.090 GiB, 36.98% gc time)
550
 12.735646 seconds (2.31 M allocations: 1.442 GiB, 45.56% gc time)
108
 15.703299 seconds (3.46 M allocations: 2.130 GiB, 36.95% gc time)
736
 14.913038 seconds (3.21 M allocations: 1.971 GiB, 38.91% gc time)
422
 14.012414 seconds (2.72 M allocations: 1.705 GiB, 41.41% gc time)
612
  4.618005 seconds (1.64 M allocations: 1.002 GiB)
363
 13.541309 seconds (2.52 M allocations: 1.586 GiB, 42.85% gc time)
168
 17.362943 seconds (4.17 M allocations: 2.540 GiB, 33.42% gc time)
48
 14.705531 seconds (2.87 M allocations: 1.812 GiB, 39.46% gc time)
800
 14.578782 seconds (2.93 M allocations: 1.830 GiB, 39.80% gc time)
986
  5.973895 seconds (1.70 M allocations: 1.124 GiB)
109
  4.405322 seconds (1.11 M allocations: 788.077 MiB)
364
  8.454921 seconds (2.63 M allocations: 1.683 GiB)
488
  9.787016 seconds (2.98 M allocations: 1.927 GiB)
236
 16.638909 seconds (3.68 M allocations: 2.286 GiB, 34.87% gc time)
301
  8.593531 seconds (2.73 M allocations: 1.734 GiB)
551
 19.896465 seconds (4.61 M allocations: 2.900 GiB, 29.16% gc time)
923
  9.234796 seconds (3.10 M allocations: 1.934 GiB)
865
  8.694422 seconds (2.93 M allocations: 1.824 GiB)
737
  8.823674 seconds (2.93 M allocations: 1.833 GiB)
423
  9.016757 seconds (2.94 M allocations: 1.851 GiB)
  4.936843 seconds (1.73 M allocations: 1.061 GiB)
613
110
  8.419152 seconds (2.63 M allocations: 1.682 GiB)
801
 14.420280 seconds (4.75 M allocations: 2.981 GiB)
676
  8.811335 seconds (2.94 M allocations: 1.834 GiB)
49
  6.373712 seconds (2.41 M allocations: 1.442 GiB)
365
  9.815633 seconds (1.78 M allocations: 1.108 GiB, 45.63% gc time)
552
 14.398540 seconds (3.24 M allocations: 2.037 GiB, 31.11% gc time)
987
 10.579339 seconds (2.33 M allocations: 1.389 GiB, 42.33% gc time)
302
 13.389173 seconds (2.93 M allocations: 1.838 GiB, 33.45% gc time)
237
 14.204988 seconds (3.20 M allocations: 2.007 GiB, 31.53% gc time)
489
 19.307625 seconds (4.68 M allocations: 2.979 GiB, 23.20% gc time)
169
 13.992955 seconds (2.88 M allocations: 1.861 GiB, 32.01% gc time)
924
 14.620153 seconds (3.11 M allocations: 1.999 GiB, 30.63% gc time)
866
  4.468648 seconds (1.07 M allocations: 779.583 MiB)
303
 13.835726 seconds (3.13 M allocations: 1.956 GiB, 32.37% gc time)
738
  5.484101 seconds (1.75 M allocations: 1.115 GiB)
553
 13.159917 seconds (2.94 M allocations: 1.829 GiB, 34.03% gc time)
111
 14.158573 seconds (3.44 M allocations: 2.105 GiB, 31.63% gc time)
424
 13.644924 seconds (2.90 M allocations: 1.847 GiB, 32.82% gc time)
677
 14.059005 seconds (3.03 M allocations: 1.930 GiB, 31.86% gc time)
50
  4.925183 seconds (1.73 M allocations: 1.063 GiB)
490
  9.374760 seconds (3.14 M allocations: 1.963 GiB)
366
  8.750254 seconds (2.75 M allocations: 1.755 GiB)
988
  4.516781 seconds (1.68 M allocations: 1.016 GiB)
304
 17.560010 seconds (4.47 M allocations: 2.772 GiB, 25.51% gc time)
614
 16.796121 seconds (4.24 M allocations: 2.625 GiB, 26.67% gc time)
802
  8.705884 seconds (2.97 M allocations: 1.842 GiB)
170
  8.724693 seconds (2.93 M allocations: 1.829 GiB)
925
  4.522799 seconds (1.36 M allocations: 904.887 MiB)
491
  8.705740 seconds (2.93 M allocations: 1.826 GiB)
867
  8.699807 seconds (2.93 M allocations: 1.824 GiB)
739
  8.726454 seconds (2.80 M allocations: 1.773 GiB)
112
  4.524154 seconds (1.40 M allocations: 917.652 MiB)
615
  8.753602 seconds (2.94 M allocations: 1.832 GiB)
425
  8.740836 seconds (2.93 M allocations: 1.828 GiB)
678
  8.765246 seconds (2.93 M allocations: 1.828 GiB)
51
  8.745159 seconds (2.68 M allocations: 1.721 GiB)
367
  8.754111 seconds (2.68 M allocations: 1.722 GiB)
989
  8.689716 seconds (2.79 M allocations: 1.761 GiB)
305
 19.158336 seconds (5.74 M allocations: 3.523 GiB, 14.73% gc time)
238
  9.670737 seconds (2.19 M allocations: 1.381 GiB, 29.18% gc time)
492
 17.752641 seconds (4.86 M allocations: 3.056 GiB, 15.90% gc time)
  8.383861 seconds (1.65 M allocations: 1.071 GiB, 33.66% gc time)
554
616
 11.585631 seconds (3.06 M allocations: 1.880 GiB, 24.36% gc time)
171
 11.571330 seconds (2.99 M allocations: 1.849 GiB, 24.39% gc time)
926
 11.577862 seconds (2.93 M allocations: 1.824 GiB, 24.37% gc time)
868
  4.516744 seconds (1.41 M allocations: 924.949 MiB)
306
  8.790895 seconds (1.83 M allocations: 1.179 GiB, 32.10% gc time)
990
 11.575211 seconds (2.79 M allocations: 1.769 GiB, 24.38% gc time)
426
 13.672467 seconds (3.55 M allocations: 2.228 GiB, 20.64% gc time)
740
 17.174092 seconds (4.62 M allocations: 2.919 GiB, 16.43% gc time)
803
 11.550445 seconds (2.93 M allocations: 1.822 GiB, 24.43% gc time)
52
 14.314883 seconds (3.88 M allocations: 2.410 GiB, 19.71% gc time)
113
 13.418407 seconds (3.53 M allocations: 2.203 GiB, 21.03% gc time)
679
  8.674250 seconds (2.79 M allocations: 1.768 GiB)
239
  4.510071 seconds (1.48 M allocations: 950.499 MiB)
307
  4.583403 seconds (1.56 M allocations: 989.211 MiB)
991
  8.660394 seconds (2.79 M allocations: 1.765 GiB)
617
  8.678163 seconds (2.80 M allocations: 1.769 GiB)
555
  8.674504 seconds (2.93 M allocations: 1.821 GiB)
172
  8.658716 seconds (2.92 M allocations: 1.819 GiB)
927
  8.680799 seconds (2.93 M allocations: 1.821 GiB)
869
  4.508245 seconds (1.28 M allocations: 867.011 MiB)
308
 17.390434 seconds (4.79 M allocations: 3.007 GiB, 16.23% gc time)
368
  7.096097 seconds (2.30 M allocations: 1.452 GiB)
741
  8.673182 seconds (3.06 M allocations: 1.879 GiB)
427
  8.678729 seconds (2.96 M allocations: 1.837 GiB)
804
  8.668224 seconds (2.93 M allocations: 1.823 GiB)
53
  8.704036 seconds (2.80 M allocations: 1.770 GiB)
680
 15.671663 seconds (5.29 M allocations: 3.295 GiB)
493
  6.860657 seconds (2.27 M allocations: 1.422 GiB)
992
  8.684137 seconds (2.93 M allocations: 1.823 GiB)
240
  4.534499 seconds (1.48 M allocations: 953.099 MiB)
742
 18.513885 seconds (2.79 M allocations: 1.764 GiB, 53.03% gc time)
 18.526755 seconds (2.80 M allocations: 1.768 GiB, 52.99% gc time)
618
556
 18.514941 seconds (2.93 M allocations: 1.820 GiB, 53.02% gc time)
173
 18.526087 seconds (2.93 M allocations: 1.821 GiB, 52.99% gc time)
928
 18.495862 seconds (2.92 M allocations: 1.818 GiB, 53.08% gc time)
870
 23.402062 seconds (4.68 M allocations: 2.890 GiB, 41.95% gc time)
114
 15.297990 seconds (1.66 M allocations: 1.069 GiB, 64.17% gc time)
494
 18.558453 seconds (2.79 M allocations: 1.766 GiB, 52.90% gc time)
428
 15.725466 seconds (1.91 M allocations: 1.206 GiB, 62.43% gc time)
993
 18.535859 seconds (2.92 M allocations: 1.820 GiB, 52.96% gc time)
805
 18.489259 seconds (2.92 M allocations: 1.815 GiB, 53.10% gc time)
54
 21.595360 seconds (3.82 M allocations: 2.406 GiB, 45.46% gc time)
309
 18.571000 seconds (2.90 M allocations: 1.811 GiB, 52.86% gc time)
681
 18.517622 seconds (2.79 M allocations: 1.760 GiB, 53.02% gc time)
241
  4.509999 seconds (1.14 M allocations: 806.062 MiB)
994
  8.707498 seconds (2.65 M allocations: 1.707 GiB)
557
  8.739214 seconds (2.68 M allocations: 1.719 GiB)
619
 24.359937 seconds (4.67 M allocations: 2.950 GiB, 40.30% gc time)
369
  8.739988 seconds (2.93 M allocations: 1.823 GiB)
174
  8.912570 seconds (2.94 M allocations: 1.841 GiB)
929
  7.545586 seconds (2.53 M allocations: 1.573 GiB)
495
  9.119899 seconds (2.95 M allocations: 1.857 GiB)
871
  8.841413 seconds (2.76 M allocations: 1.759 GiB)
429
  4.581784 seconds (1.15 M allocations: 815.028 MiB)
 24.665455 seconds (4.64 M allocations: 2.957 GiB, 39.80% gc time)
370
743
 11.973063 seconds (3.80 M allocations: 2.408 GiB)
115
 10.314939 seconds (3.22 M allocations: 2.054 GiB)
806
  5.499308 seconds (1.54 M allocations: 1.024 GiB)
175
  8.626524 seconds (2.78 M allocations: 1.752 GiB)
242
 10.803569 seconds (3.50 M allocations: 2.204 GiB)
55
  7.672556 seconds (2.79 M allocations: 1.689 GiB)
995
 10.660862 seconds (3.66 M allocations: 2.259 GiB)
310
  8.643382 seconds (2.83 M allocations: 1.773 GiB)
558
  8.654742 seconds (2.83 M allocations: 1.775 GiB)
620
 11.387055 seconds (4.01 M allocations: 2.450 GiB)
682
  4.520264 seconds (1.85 M allocations: 1.078 GiB)
744
  4.545917 seconds (1.85 M allocations: 1.082 GiB)
371
  8.740522 seconds (3.00 M allocations: 1.850 GiB)
496
  8.933408 seconds (2.95 M allocations: 1.842 GiB)
430
 12.075499 seconds (3.81 M allocations: 2.421 GiB)
930
  4.518950 seconds (1.07 M allocations: 776.713 MiB)
683
  4.547100 seconds (1.01 M allocations: 757.580 MiB)
372
 15.303972 seconds (3.05 M allocations: 1.891 GiB, 40.94% gc time)
116
 19.309933 seconds (4.18 M allocations: 2.643 GiB, 32.44% gc time)
872
 13.203002 seconds (2.07 M allocations: 1.345 GiB, 47.45% gc time)
 14.636350 seconds (2.62 M allocations: 1.672 GiB, 42.80% gc time)
621
996
 16.280067 seconds (3.46 M allocations: 2.135 GiB, 38.48% gc time)
176
 15.195092 seconds (2.69 M allocations: 1.745 GiB, 41.23% gc time)
559
 17.262312 seconds (3.62 M allocations: 2.271 GiB, 36.29% gc time)
243
 17.031315 seconds (3.52 M allocations: 2.216 GiB, 36.78% gc time)
56
  4.035376 seconds (1.57 M allocations: 958.056 MiB)
684
 19.301625 seconds (4.49 M allocations: 2.777 GiB, 32.46% gc time)
807
 15.025273 seconds (2.81 M allocations: 1.784 GiB, 41.70% gc time)
497
  4.133342 seconds (1.43 M allocations: 906.825 MiB)
622
 18.546465 seconds (4.15 M allocations: 2.585 GiB, 33.78% gc time)
311
 17.898380 seconds (3.65 M allocations: 2.335 GiB, 35.00% gc time)
745
 14.991339 seconds (3.19 M allocations: 1.939 GiB, 41.79% gc time)
431
  4.200349 seconds (1.26 M allocations: 841.176 MiB)
685
  8.707323 seconds (3.04 M allocations: 1.883 GiB)
373
  8.701638 seconds (3.04 M allocations: 1.882 GiB)
117
  4.513551 seconds (1.56 M allocations: 991.367 MiB)
808
  8.702488 seconds (2.95 M allocations: 1.842 GiB)
997
  8.366504 seconds (2.83 M allocations: 1.770 GiB)
177
 10.358799 seconds (3.66 M allocations: 2.251 GiB)
873
 18.686508 seconds (4.46 M allocations: 2.729 GiB, 33.53% gc time)
931
  8.499966 seconds (2.87 M allocations: 1.793 GiB)
57
  8.582321 seconds (2.93 M allocations: 1.823 GiB)
244
  9.893480 seconds (3.56 M allocations: 2.175 GiB)
560
  8.535458 seconds (2.92 M allocations: 1.811 GiB)
498
  9.300619 seconds (2.90 M allocations: 1.856 GiB)
623
  5.080485 seconds (1.47 M allocations: 986.605 MiB)
178
  8.719786 seconds (2.77 M allocations: 1.761 GiB)
432
 10.178617 seconds (3.31 M allocations: 2.088 GiB)
312
  4.610402 seconds (1.29 M allocations: 877.622 MiB)
245
  8.496056 seconds (2.72 M allocations: 1.722 GiB)
118
  8.981486 seconds (3.05 M allocations: 1.891 GiB)
374
  8.754289 seconds (2.72 M allocations: 1.738 GiB)
998
 11.164341 seconds (3.72 M allocations: 2.319 GiB)
686
  4.597171 seconds (1.55 M allocations: 987.687 MiB)
624
 13.273422 seconds (4.35 M allocations: 2.731 GiB)
746
  6.787326 seconds (2.16 M allocations: 1.370 GiB)
561
 17.115516 seconds (3.00 M allocations: 1.845 GiB, 49.59% gc time)
932
 18.601056 seconds (3.34 M allocations: 2.093 GiB, 45.63% gc time)
 19.838259 seconds (3.87 M allocations: 2.395 GiB, 42.79% gc time)
 17.017329 seconds (2.81 M allocations: 1.760 GiB, 49.88% gc time)
874
809
58
 17.190155 seconds (3.07 M allocations: 1.882 GiB, 49.38% gc time)
499
 15.312216 seconds (2.47 M allocations: 1.506 GiB, 55.43% gc time)
433
 15.867432 seconds (2.66 M allocations: 1.621 GiB, 53.49% gc time)
313
 19.042532 seconds (3.37 M allocations: 2.143 GiB, 44.57% gc time)
179
 17.351309 seconds (2.68 M allocations: 1.739 GiB, 48.92% gc time)
375
  4.938672 seconds (1.23 M allocations: 882.790 MiB)
59
 18.103177 seconds (3.11 M allocations: 1.970 GiB, 46.89% gc time)
119
 18.746515 seconds (3.42 M allocations: 2.143 GiB, 45.28% gc time)
246
 17.140155 seconds (3.02 M allocations: 1.868 GiB, 49.52% gc time)
999
  4.379046 seconds (1.28 M allocations: 862.880 MiB)
314
  8.409536 seconds (2.82 M allocations: 1.768 GiB)
747
  8.672474 seconds (2.94 M allocations: 1.838 GiB)
562
 18.681446 seconds (3.64 M allocations: 2.232 GiB, 45.44% gc time)
687
  8.670803 seconds (2.74 M allocations: 1.750 GiB)
933
 10.500152 seconds (3.55 M allocations: 2.218 GiB)
625
  8.693234 seconds (2.72 M allocations: 1.743 GiB)
500
  4.941238 seconds (1.81 M allocations: 1.094 GiB)
60
  4.548247 seconds (1.41 M allocations: 921.607 MiB)
315
 12.156810 seconds (3.57 M allocations: 2.335 GiB)
810
  8.761146 seconds (2.93 M allocations: 1.823 GiB)
180
  7.970780 seconds (2.51 M allocations: 1.598 GiB)
120
 13.647386 seconds (4.19 M allocations: 2.698 GiB)
875
  8.761035 seconds (2.98 M allocations: 1.846 GiB)
376
 12.641255 seconds (3.90 M allocations: 2.507 GiB)
434
  8.769060 seconds (3.01 M allocations: 1.855 GiB)
247
  8.747563 seconds (2.99 M allocations: 1.846 GiB)
1000
  8.754210 seconds (2.93 M allocations: 1.821 GiB)
748
  8.802703 seconds (2.93 M allocations: 1.827 GiB)
563
 11.675102 seconds (2.95 M allocations: 1.848 GiB, 22.77% gc time)
688
  7.301700 seconds (1.83 M allocations: 1.079 GiB, 36.41% gc time)
 11.671272 seconds (2.82 M allocations: 1.795 GiB, 22.78% gc time)
626
  7.195848 seconds (1.43 M allocations: 929.573 MiB, 36.94% gc time)
121
 12.030908 seconds (2.86 M allocations: 1.838 GiB, 22.10% gc time)
61
  9.434796 seconds (1.82 M allocations: 1.229 GiB, 28.18% gc time)
876
 13.832707 seconds (3.31 M allocations: 2.153 GiB, 19.22% gc time) 14.680344 seconds (3.67 M allocations: 2.358 GiB, 18.11% gc time)

 10.981002 seconds (2.40 M allocations: 1.577 GiB, 24.21% gc time)
181
934
501
 11.269763 seconds (2.60 M allocations: 1.678 GiB, 23.59% gc time)
377
 11.419667 seconds (2.66 M allocations: 1.716 GiB, 23.28% gc time)
435
  4.519061 seconds (1.38 M allocations: 908.655 MiB)
122
 11.342156 seconds (2.65 M allocations: 1.707 GiB, 23.44% gc time)
1001
 13.784162 seconds (3.91 M allocations: 2.396 GiB, 19.29% gc time)
811
 12.136853 seconds (3.08 M allocations: 1.937 GiB, 21.90% gc time)
248
 10.987754 seconds (2.77 M allocations: 1.730 GiB, 24.19% gc time)
749
 11.406830 seconds (2.93 M allocations: 1.827 GiB, 23.31% gc time)
564
  8.240912 seconds (2.85 M allocations: 1.760 GiB)
689
  8.698033 seconds (2.80 M allocations: 1.771 GiB)
627
  4.924185 seconds (1.75 M allocations: 1.073 GiB)
877
  4.513454 seconds (1.56 M allocations: 987.867 MiB)
123
  8.369398 seconds (3.03 M allocations: 1.843 GiB)
62
  8.705563 seconds (2.71 M allocations: 1.733 GiB)
182
  8.713345 seconds (2.70 M allocations: 1.731 GiB)
935
  8.721767 seconds (2.71 M allocations: 1.737 GiB)
502
 10.793082 seconds (2.93 M allocations: 1.823 GiB, 19.07% gc time)
378
  6.595062 seconds (1.32 M allocations: 884.461 MiB, 31.20% gc time)
  6.598924 seconds (1.14 M allocations: 810.327 MiB, 31.19% gc time)
124
 10.795121 seconds (2.74 M allocations: 1.747 GiB, 19.06% gc time)
 10.799333 seconds (2.41 M allocations: 1.610 GiB, 19.06% gc time)
750
 12.509313 seconds (3.17 M allocations: 2.048 GiB, 16.45% gc time)
436
 11.240117 seconds (2.71 M allocations: 1.763 GiB, 18.31% gc time)
249
 10.363151 seconds (2.38 M allocations: 1.565 GiB, 19.86% gc time)
690
 10.820636 seconds (2.69 M allocations: 1.726 GiB, 19.02% gc time)
565
 13.137776 seconds (3.58 M allocations: 2.255 GiB, 15.66% gc time)
812
 10.279377 seconds (2.60 M allocations: 1.651 GiB, 20.02% gc time)
628
  7.571099 seconds (1.81 M allocations: 1.136 GiB, 27.18% gc time)
183
 10.420552 seconds (2.62 M allocations: 1.666 GiB, 19.75% gc time)
63
  5.178852 seconds (1.75 M allocations: 1.088 GiB)
125
  9.729379 seconds (2.44 M allocations: 1.548 GiB, 21.15% gc time)
936
  7.552312 seconds (2.41 M allocations: 1.528 GiB)
 10.390373 seconds (2.62 M allocations: 1.672 GiB, 19.81% gc time)
503
  7.044949 seconds (2.08 M allocations: 1.358 GiB)
437
  7.806105 seconds (2.36 M allocations: 1.528 GiB)
751
  7.272239 seconds (2.00 M allocations: 1.341 GiB)
250
  4.643867 seconds (1.22 M allocations: 854.823 MiB)
184
  4.718650 seconds (1.44 M allocations: 954.164 MiB)
  7.723460 seconds (2.36 M allocations: 1.525 GiB)
691
  7.689894 seconds (2.34 M allocations: 1.514 GiB)
566
  7.271216 seconds (2.38 M allocations: 1.502 GiB)
813
  7.430036 seconds (2.40 M allocations: 1.522 GiB)
629
  6.937959 seconds (2.08 M allocations: 1.353 GiB)
126
  6.768873 seconds (2.06 M allocations: 1.335 GiB)
937
  6.358829 seconds (2.02 M allocations: 1.289 GiB)
504
  5.659275 seconds (1.69 M allocations: 1.102 GiB)
752
  4.829482 seconds (1.19 M allocations: 856.930 MiB)
814
  6.726458 seconds (2.24 M allocations: 1.407 GiB)
438
  6.207167 seconds (1.90 M allocations: 1.232 GiB)
251
  6.373326 seconds (2.06 M allocations: 1.309 GiB)
185
  5.875882 seconds (1.85 M allocations: 1.184 GiB)
  6.092476 seconds (1.99 M allocations: 1.260 GiB)
567
  5.218251 seconds (1.77 M allocations: 1.104 GiB)
  4.255329 seconds (1.40 M allocations: 906.258 MiB)
938
  4.377014 seconds (1.28 M allocations: 862.677 MiB)
753
  5.689936 seconds (1.63 M allocations: 1.082 GiB)
 12.156464 seconds (2.05 M allocations: 1.346 GiB, 42.98% gc time)
  9.485843 seconds (1.04 M allocations: 752.240 MiB, 55.08% gc time)
439
  9.652122 seconds (1.26 M allocations: 855.424 MiB, 54.13% gc time)
815
  9.584248 seconds (991.16 k allocations: 731.696 MiB, 54.51% gc time)
 10.375230 seconds (1.23 M allocations: 887.245 MiB, 50.36% gc time)
252
 10.492749 seconds (1.35 M allocations: 941.087 MiB, 49.79% gc time)
186
  9.889037 seconds (1.10 M allocations: 758.474 MiB, 52.83% gc time)
939
  4.343616 seconds (978.65 k allocations: 653.239 MiB)
  4.330159 seconds (822.00 k allocations: 578.971 MiB)
440
  4.326112 seconds (815.40 k allocations: 574.996 MiB)
  4.319839 seconds (704.40 k allocations: 505.509 MiB)
  4.320450 seconds (564.86 k allocations: 442.921 MiB)
187
  4.324711 seconds (467.39 k allocations: 334.541 MiB)
  4.290450 seconds (313.66 k allocations: 256.338 MiB)
441
  4.201413 seconds (284.15 k allocations: 223.534 MiB)
188
  4.012981 seconds (249.02 k allocations: 184.464 MiB)
  3.971750 seconds (100.47 k allocations: 111.845 MiB)
189
  3.901940 seconds (57.60 k allocations: 64.160 MiB)
