Graph 1 is connected.
Graph 2 is connected.
Graph 3 is connected.
Graph 4 is connected.
Graph 5 is connected.
Graph 6 is connected.
Graph 7 is connected.
Graph 8 is connected.
Graph 9 is connected.
Graph 10 is connected.
Graph 11 is connected.
Matrix 1 normalized.
Matrix 2 normalized.
Matrix 3 normalized.
Matrix 4 normalized.
Matrix 5 normalized.
Matrix 6 normalized.
Matrix 7 normalized.
Matrix 8 normalized.
Matrix 9 normalized.
Matrix 10 normalized.
Matrix 11 normalized.
Number of threads: 20
502
852552352
752
152702



202
52
1
802
902
652
452
102
952
602
302
402
252
  5.052958 seconds (1.16 M allocations: 1013.534 MiB)
803
 21.164272 seconds (996.46 k allocations: 1016.846 MiB, 72.92% gc time, 0.08% compilation time)
603
 21.299388 seconds (1.07 M allocations: 1.037 GiB, 72.46% gc time, 0.08% compilation time)
403
 22.218189 seconds (1.99 M allocations: 1.487 GiB, 70.04% gc time, 0.08% compilation time)
703
 22.417934 seconds (2.07 M allocations: 1.543 GiB, 69.41% gc time, 0.08% compilation time)
303
 22.527100 seconds (1.84 M allocations: 1.478 GiB, 68.51% gc time, 0.08% compilation time)
 22.457716 seconds (1.71 M allocations: 1.420 GiB, 68.72% gc time, 0.08% compilation time)
 22.589730 seconds (2.04 M allocations: 1.564 GiB, 68.32% gc time, 0.08% compilation time)
753
903
253
 22.578057 seconds (1.87 M allocations: 1.497 GiB, 68.36% gc time, 0.08% compilation time)
353
 22.910310 seconds (2.27 M allocations: 1.691 GiB, 67.37% gc time, 0.08% compilation time)
203
 22.961033 seconds (2.36 M allocations: 1.736 GiB, 67.22% gc time, 0.08% compilation time)
453
 23.157748 seconds (2.68 M allocations: 1.881 GiB, 66.65% gc time, 0.08% compilation time)
2
 23.306239 seconds (2.77 M allocations: 1.932 GiB, 66.22% gc time, 0.08% compilation time)
503
 23.573471 seconds (3.32 M allocations: 2.185 GiB, 65.47% gc time, 0.08% compilation time)
653
 23.869126 seconds (3.25 M allocations: 2.185 GiB, 64.66% gc time, 0.08% compilation time)
853
 35.516039 seconds (3.57 M allocations: 2.353 GiB, 75.10% gc time, 0.05% compilation time)
153
 35.665854 seconds (3.42 M allocations: 2.312 GiB, 74.78% gc time, 0.05% compilation time)
53
 36.899513 seconds (3.87 M allocations: 2.623 GiB, 72.28% gc time, 0.05% compilation time)
103
 37.053286 seconds (4.05 M allocations: 2.710 GiB, 71.98% gc time, 0.05% compilation time)
553
 37.288707 seconds (4.13 M allocations: 2.769 GiB, 71.53% gc time, 0.05% compilation time)
953
 19.191467 seconds (3.26 M allocations: 1.977 GiB, 66.69% gc time)
604
 20.102281 seconds (3.76 M allocations: 2.276 GiB, 63.67% gc time)
804
 18.160931 seconds (2.48 M allocations: 1.554 GiB, 70.47% gc time)
254
 17.955790 seconds (1.97 M allocations: 1.331 GiB, 71.28% gc time)
654
 18.605028 seconds (2.53 M allocations: 1.623 GiB, 68.79% gc time)
354
 19.211570 seconds (3.30 M allocations: 1.999 GiB, 66.62% gc time)
904
  5.108947 seconds (1.50 M allocations: 1002.545 MiB, 30.55% gc time)
104
 18.926570 seconds (2.64 M allocations: 1.706 GiB, 67.62% gc time)
504
 20.830324 seconds (4.18 M allocations: 2.522 GiB, 61.44% gc time)
304
 20.069913 seconds (3.29 M allocations: 2.089 GiB, 63.77% gc time)
3
 20.695645 seconds (3.72 M allocations: 2.329 GiB, 61.84% gc time)
204
 22.276406 seconds (5.00 M allocations: 3.010 GiB, 57.45% gc time)
704
 21.681860 seconds (4.05 M allocations: 2.569 GiB, 59.03% gc time)
454
 22.084996 seconds (4.43 M allocations: 2.763 GiB, 57.95% gc time)
754
 24.147613 seconds (5.85 M allocations: 3.554 GiB, 53.00% gc time)
404
 10.538733 seconds (3.89 M allocations: 2.519 GiB, 14.81% gc time)
854
 10.091068 seconds (3.61 M allocations: 2.356 GiB, 15.47% gc time)
54
  8.902389 seconds (3.39 M allocations: 2.145 GiB, 17.53% gc time)
954
 11.214672 seconds (4.27 M allocations: 2.741 GiB, 13.92% gc time)
154
  6.121527 seconds (3.06 M allocations: 1.888 GiB)
255
 10.871512 seconds (4.19 M allocations: 2.670 GiB, 14.36% gc time)
554
  6.043675 seconds (2.65 M allocations: 1.706 GiB)
105
  8.440985 seconds (4.08 M allocations: 2.543 GiB)
605
  7.029080 seconds (3.21 M allocations: 2.040 GiB)
905
  7.810824 seconds (3.73 M allocations: 2.329 GiB)
355
  7.125664 seconds (3.22 M allocations: 2.049 GiB)
305
  8.104441 seconds (3.62 M allocations: 2.316 GiB)
505
  9.699724 seconds (4.64 M allocations: 2.900 GiB)
805
  9.101102 seconds (4.38 M allocations: 2.729 GiB)
655
  7.145471 seconds (3.35 M allocations: 2.105 GiB)
705
  5.798344 seconds (2.48 M allocations: 1.610 GiB)
  6.726819 seconds (2.63 M allocations: 1.767 GiB)
  6.579988 seconds (3.00 M allocations: 1.902 GiB)
  7.579764 seconds (3.56 M allocations: 2.233 GiB)
  6.220741 seconds (2.58 M allocations: 1.693 GiB)
  8.770703 seconds (3.87 M allocations: 2.485 GiB)
755
205
55
855
405
  4.713375 seconds (1.83 M allocations: 1.238 GiB)
4
555
  8.195667 seconds (4.31 M allocations: 2.605 GiB)
455
  7.090689 seconds (3.70 M allocations: 2.243 GiB)
955
  7.882833 seconds (3.86 M allocations: 2.387 GiB)
155
  7.570544 seconds (3.73 M allocations: 2.304 GiB)
256
  5.816677 seconds (2.96 M allocations: 1.809 GiB)
606
  4.986687 seconds (2.59 M allocations: 1.569 GiB)
806
  7.529538 seconds (3.95 M allocations: 2.385 GiB)
106
  7.843846 seconds (3.91 M allocations: 2.401 GiB)
906
  7.679242 seconds (3.84 M allocations: 2.358 GiB)
356
  7.249713 seconds (3.37 M allocations: 2.127 GiB)
656
  7.875579 seconds (3.85 M allocations: 2.385 GiB)
306
  5.865369 seconds (2.37 M allocations: 1.574 GiB)
556
  8.564227 seconds (4.03 M allocations: 2.532 GiB)
506
  6.127496 seconds (2.62 M allocations: 1.705 GiB)
206
  7.057630 seconds (2.95 M allocations: 1.935 GiB)
856
  7.486720 seconds (3.17 M allocations: 2.069 GiB)
56
  7.785232 seconds (3.34 M allocations: 2.169 GiB)
  7.897214 seconds (3.54 M allocations: 2.261 GiB)
5
706
  7.729829 seconds (3.33 M allocations: 2.159 GiB)
456
  8.931725 seconds (3.92 M allocations: 2.517 GiB)
756
  6.827431 seconds (2.94 M allocations: 1.907 GiB)
  9.070868 seconds (4.01 M allocations: 2.569 GiB)
607
406
  8.862342 seconds (4.01 M allocations: 2.547 GiB)
956
  7.961800 seconds (3.71 M allocations: 2.330 GiB)
156
  8.466706 seconds (3.84 M allocations: 2.434 GiB)
257
  8.227348 seconds (3.64 M allocations: 2.328 GiB)  6.008244 seconds (2.77 M allocations: 1.738 GiB)

  7.313194 seconds (3.37 M allocations: 2.123 GiB)
  8.533347 seconds (3.28 M allocations: 2.207 GiB)
  8.909929 seconds (3.47 M allocations: 2.324 GiB)
  5.858407 seconds (2.20 M allocations: 1.485 GiB)
  6.118668 seconds (2.65 M allocations: 1.699 GiB)
657
807
357
107
207
907
307
  7.043547 seconds (2.95 M allocations: 1.916 GiB)
557
  7.099586 seconds (3.38 M allocations: 2.091 GiB)
507
  6.848383 seconds (3.40 M allocations: 2.069 GiB)
57
  5.543990 seconds (2.56 M allocations: 1.599 GiB)
608
 11.066194 seconds (3.89 M allocations: 2.344 GiB, 31.19% gc time)
857
 11.127979 seconds (3.64 M allocations: 2.255 GiB, 31.02% gc time)
6
 10.046106 seconds (3.06 M allocations: 1.910 GiB, 34.36% gc time)
757
  9.536632 seconds (2.95 M allocations: 1.820 GiB, 36.19% gc time)
957
 11.531684 seconds (4.00 M allocations: 2.447 GiB, 29.93% gc time)
457
  9.984337 seconds (3.15 M allocations: 1.948 GiB, 34.57% gc time)
157
 12.391887 seconds (4.46 M allocations: 2.724 GiB, 27.85% gc time)
  7.075613 seconds (1.74 M allocations: 1.084 GiB, 48.78% gc time)
707
308
 11.941401 seconds (4.21 M allocations: 2.578 GiB, 28.90% gc time)
407
  3.062119 seconds (1.67 M allocations: 1.005 GiB)
609
  3.020330 seconds (1.49 M allocations: 943.940 MiB)
7
  8.992703 seconds (2.51 M allocations: 1.600 GiB, 38.38% gc time)
508
  9.521526 seconds (2.67 M allocations: 1.722 GiB, 36.25% gc time)
58
  3.755560 seconds (1.35 M allocations: 964.255 MiB)
158
  5.797896 seconds (2.49 M allocations: 1.622 GiB)
858
 11.146198 seconds (3.61 M allocations: 2.275 GiB, 30.97% gc time)
208
  3.408333 seconds (1.46 M allocations: 978.821 MiB)
408
 11.730670 seconds (4.06 M allocations: 2.519 GiB, 29.42% gc time)
658
 12.126046 seconds (4.15 M allocations: 2.596 GiB, 28.46% gc time)
  6.042844 seconds (2.85 M allocations: 1.797 GiB)
758
258
 13.633992 seconds (4.74 M allocations: 2.996 GiB, 25.32% gc time)
808
  3.929651 seconds (1.81 M allocations: 1.155 GiB)
509
  3.173367 seconds (1.43 M allocations: 939.801 MiB)
159
 14.378965 seconds (5.13 M allocations: 3.237 GiB, 24.00% gc time)
108
  3.110541 seconds (1.40 M allocations: 922.357 MiB)
209
  8.352978 seconds (4.08 M allocations: 2.546 GiB)
958
  3.881729 seconds (1.81 M allocations: 1.147 GiB)
409
 16.106184 seconds (6.00 M allocations: 3.771 GiB, 21.43% gc time)
358
  9.350953 seconds (4.33 M allocations: 2.753 GiB)
458
  9.114156 seconds (4.22 M allocations: 2.683 GiB)
708
  4.346103 seconds (1.96 M allocations: 1.260 GiB)
659
  6.045140 seconds (3.03 M allocations: 1.876 GiB)
59
  3.020980 seconds (1.44 M allocations: 928.171 MiB)
210
  3.025079 seconds (1.33 M allocations: 881.548 MiB)
959
  6.036569 seconds (2.87 M allocations: 1.806 GiB)
759
  6.896373 seconds (3.09 M allocations: 1.986 GiB)
259
  3.180465 seconds (1.46 M allocations: 953.276 MiB)
359
  3.028206 seconds (1.28 M allocations: 860.763 MiB)
709
  6.124464 seconds (2.66 M allocations: 1.730 GiB)
109
  7.014921 seconds (3.41 M allocations: 2.133 GiB)
809
  3.019253 seconds (1.32 M allocations: 873.309 MiB)
960
  4.777702 seconds (2.35 M allocations: 1.461 GiB)
410
  7.458317 seconds (3.77 M allocations: 2.323 GiB)
510
 21.689475 seconds (8.84 M allocations: 5.523 GiB, 15.91% gc time)
558
 22.308308 seconds (9.34 M allocations: 5.784 GiB, 15.47% gc time)
908
 14.306020 seconds (6.89 M allocations: 4.318 GiB)
610
  5.338253 seconds (2.57 M allocations: 1.607 GiB)
660
  7.152392 seconds (3.51 M allocations: 2.181 GiB)
459
  4.245738 seconds (2.15 M allocations: 1.320 GiB)
260
 12.780233 seconds (6.47 M allocations: 3.987 GiB)
859
  6.080246 seconds (2.97 M allocations: 1.848 GiB)
211
  4.262609 seconds (2.12 M allocations: 1.311 GiB)
810
 16.486764 seconds (8.02 M allocations: 5.003 GiB)
8
 18.561768 seconds (8.83 M allocations: 5.552 GiB)
309
  9.053274 seconds (4.39 M allocations: 2.736 GiB)
  4.614640 seconds (2.21 M allocations: 1.381 GiB)
60
  6.391033 seconds (3.16 M allocations: 1.957 GiB)
511
360
  3.928707 seconds (1.90 M allocations: 1.182 GiB)
661
  6.657438 seconds (3.54 M allocations: 2.139 GiB)
710
  4.065008 seconds (1.94 M allocations: 1.215 GiB)
  9.440046 seconds (4.65 M allocations: 2.883 GiB)
460
760
 14.264147 seconds (7.20 M allocations: 4.428 GiB)
160
  7.816851 seconds (3.59 M allocations: 2.275 GiB)
559
  9.022827 seconds (4.17 M allocations: 2.636 GiB)
961
 31.077493 seconds (4.07 M allocations: 2.593 GiB, 70.89% gc time)
 30.490573 seconds (3.74 M allocations: 2.401 GiB, 72.26% gc time)
411
 26.381240 seconds (1.56 M allocations: 1.084 GiB, 83.51% gc time)909

 29.033504 seconds (2.89 M allocations: 1.902 GiB, 75.88% gc time)
 29.927195 seconds (3.24 M allocations: 2.135 GiB, 73.62% gc time)
860
261
61
 32.967460 seconds (4.94 M allocations: 3.147 GiB, 66.83% gc time)
 30.525364 seconds (3.57 M allocations: 2.334 GiB, 72.17% gc time)
110
 28.631923 seconds (2.60 M allocations: 1.742 GiB, 76.95% gc time)
611
811
 28.813471 seconds (3.37 M allocations: 2.073 GiB, 76.46% gc time)
310
 30.349650 seconds (4.13 M allocations: 2.542 GiB, 72.59% gc time)
212
 28.288260 seconds (3.26 M allocations: 1.975 GiB, 77.88% gc time)
512
 25.669664 seconds (2.06 M allocations: 1.216 GiB, 85.83% gc time)
560
 28.609880 seconds (3.27 M allocations: 2.011 GiB, 77.01% gc time)
711
 29.256623 seconds (3.23 M allocations: 2.066 GiB, 75.30% gc time)
461
 31.472569 seconds (4.53 M allocations: 2.822 GiB, 70.00% gc time)
9
 29.623822 seconds (3.39 M allocations: 2.168 GiB, 74.37% gc time)
761
  3.813864 seconds (1.52 M allocations: 1.016 GiB)
910
 31.304395 seconds (4.32 M allocations: 2.722 GiB, 70.38% gc time)
662
  3.749143 seconds (1.56 M allocations: 1.026 GiB)
213
  4.105931 seconds (1.88 M allocations: 1.194 GiB)
62
  7.227738 seconds (3.77 M allocations: 2.288 GiB)
962
  5.972234 seconds (2.75 M allocations: 1.743 GiB)  3.029250 seconds (811.03 k allocations: 659.293 MiB)  6.081563 seconds (2.34 M allocations: 1.585 GiB)


  8.010542 seconds (3.50 M allocations: 2.255 GiB)
 32.457212 seconds (4.53 M allocations: 2.928 GiB, 67.88% gc time)
 35.096815 seconds (5.63 M allocations: 3.643 GiB, 62.77% gc time)
911
  3.027820 seconds (647.03 k allocations: 590.810 MiB)
861
  5.620815 seconds (1.79 M allocations: 1.312 GiB)
  6.397554 seconds (2.72 M allocations: 1.774 GiB)
161
311
612
712
262
361
214
  5.818995 seconds (2.79 M allocations: 1.733 GiB)
762
  9.886680 seconds (4.81 M allocations: 2.985 GiB)
  9.897175 seconds (4.81 M allocations: 2.986 GiB)
412
111
  9.847438 seconds (4.78 M allocations: 2.970 GiB)
812
  3.343691 seconds (1.40 M allocations: 942.602 MiB)
713
  3.330022 seconds (1.11 M allocations: 820.445 MiB)
  3.425251 seconds (1.26 M allocations: 893.550 MiB)
912
162
 10.738161 seconds (4.96 M allocations: 3.136 GiB)
513
  3.023458 seconds (1.40 M allocations: 912.169 MiB)
763
  9.141850 seconds (4.46 M allocations: 2.769 GiB)
10
  5.241574 seconds (2.53 M allocations: 1.585 GiB)
613
  6.062759 seconds (2.72 M allocations: 1.745 GiB)
263
  9.125488 seconds (4.33 M allocations: 2.717 GiB)
63
  6.404368 seconds (2.61 M allocations: 1.737 GiB)
362
  9.920608 seconds (4.60 M allocations: 2.908 GiB)
663
  6.716579 seconds (3.18 M allocations: 2.004 GiB)
963
  3.097923 seconds (1.43 M allocations: 932.229 MiB)
163
  3.649250 seconds (2.11 M allocations: 1.242 GiB)
714
  3.031079 seconds (1.59 M allocations: 988.675 MiB)
764
 13.836895 seconds (6.52 M allocations: 4.093 GiB)
462
 16.322206 seconds (7.55 M allocations: 4.775 GiB)
561
  7.954822 seconds (3.54 M allocations: 2.272 GiB)
413
  8.339442 seconds (3.68 M allocations: 2.371 GiB)
112
  8.286392 seconds (3.68 M allocations: 2.364 GiB)
813
  4.193451 seconds (1.73 M allocations: 1.136 GiB)
64
  4.082105 seconds (1.62 M allocations: 1.084 GiB)
664
 11.176406 seconds (5.22 M allocations: 3.297 GiB)
862
  7.355882 seconds (3.64 M allocations: 2.250 GiB)
913
 11.185034 seconds (3.90 M allocations: 2.410 GiB, 29.64% gc time)
514
 10.719672 seconds (3.56 M allocations: 2.220 GiB, 30.92% gc time)
11
 15.636565 seconds (5.97 M allocations: 3.721 GiB, 21.20% gc time)
215
 10.874022 seconds (3.71 M allocations: 2.300 GiB, 30.48% gc time)
264
  9.303288 seconds (2.57 M allocations: 1.667 GiB, 35.63% gc time)
715
  6.774601 seconds (1.52 M allocations: 1002.646 MiB, 48.93% gc time)
65
  3.030568 seconds (1.04 M allocations: 758.441 MiB)
 11.713172 seconds (3.62 M allocations: 2.346 GiB, 28.30% gc time)
964
12
  3.650894 seconds (1.59 M allocations: 1.031 GiB)
914
 12.680766 seconds (4.64 M allocations: 2.867 GiB, 26.14% gc time)
614
 12.419367 seconds (4.30 M allocations: 2.701 GiB, 26.69% gc time)
363
 10.688614 seconds (3.64 M allocations: 2.256 GiB, 31.01% gc time)
463
 13.323922 seconds (4.52 M allocations: 2.885 GiB, 24.88% gc time)
164
  9.862422 seconds (3.29 M allocations: 2.025 GiB, 33.61% gc time)
  3.257664 seconds (1.60 M allocations: 1021.161 MiB)
113
716
  9.817219 seconds (3.39 M allocations: 2.063 GiB, 33.77% gc time)
814
  9.858233 seconds (3.26 M allocations: 2.013 GiB, 33.63% gc time)
863
  3.029685 seconds (1.32 M allocations: 873.433 MiB)
364
 23.331792 seconds (9.11 M allocations: 5.807 GiB, 14.21% gc time)  4.427449 seconds (1.15 M allocations: 930.826 MiB)
  3.018549 seconds (758.03 k allocations: 637.778 MiB)  4.617527 seconds (1.49 M allocations: 1.081 GiB)

  3.019088 seconds (1.00 M allocations: 741.699 MiB)

  4.686067 seconds (2.19 M allocations: 1.385 GiB)
  6.047399 seconds (2.53 M allocations: 1.667 GiB)
  5.123755 seconds (1.70 M allocations: 1.220 GiB)
464
  7.236676 seconds (3.12 M allocations: 2.030 GiB)
717
265
915
165
66
312
515
615
 17.493957 seconds (6.59 M allocations: 4.135 GiB, 18.95% gc time)
765
  6.459568 seconds (3.21 M allocations: 1.954 GiB)
13
  9.281227 seconds (4.74 M allocations: 2.876 GiB)
216
  5.251531 seconds (2.50 M allocations: 1.538 GiB)
815
  6.191533 seconds (2.97 M allocations: 1.828 GiB)
114
 17.139719 seconds (7.27 M allocations: 4.378 GiB, 19.34% gc time)
562
  3.024869 seconds (1.85 M allocations: 1.069 GiB)
916
  3.086962 seconds (1.73 M allocations: 1.028 GiB)
516
  3.075489 seconds (1.60 M allocations: 996.607 MiB)
313
  3.033558 seconds (1.45 M allocations: 930.213 MiB)
14
  5.230536 seconds (1.69 M allocations: 1.236 GiB)
816
  5.866846 seconds (1.99 M allocations: 1.425 GiB)  6.903563 seconds (2.86 M allocations: 1.885 GiB) 20.731762 seconds (7.82 M allocations: 4.979 GiB, 15.99% gc time)


166
465
 21.427288 seconds (8.30 M allocations: 5.248 GiB, 15.47% gc time)
 10.418210 seconds (4.22 M allocations: 2.772 GiB) 13.009206 seconds (5.94 M allocations: 3.751 GiB)

  6.958602 seconds (2.76 M allocations: 1.852 GiB)
  6.822854 seconds (2.10 M allocations: 1.567 GiB)
  5.177862 seconds (1.33 M allocations: 1.080 GiB)
665
414
718
965
864
266
563
  7.048526 seconds (3.21 M allocations: 2.036 GiB)
217
  7.423689 seconds (3.26 M allocations: 2.096 GiB)
115
  9.131463 seconds (3.95 M allocations: 2.557 GiB)
616
  7.295603 seconds (3.11 M allocations: 2.019 GiB)
517
  7.508158 seconds (3.30 M allocations: 2.118 GiB)
917
  3.033665 seconds (1.26 M allocations: 851.042 MiB)
  7.415072 seconds (3.13 M allocations: 2.040 GiB)
167
15
  3.310306 seconds (1.46 M allocations: 964.629 MiB)
865
  3.428699 seconds (1.78 M allocations: 1.084 GiB)
415
 11.172089 seconds (5.37 M allocations: 3.348 GiB)
766
 26.611697 seconds (1.96 M allocations: 1.177 GiB, 86.31% gc time)
564
 34.703430 seconds (5.90 M allocations: 3.621 GiB, 66.19% gc time)
365
 35.159120 seconds (5.86 M allocations: 3.652 GiB, 65.33% gc time)
67
 32.986127 seconds (4.62 M allocations: 2.916 GiB, 69.63% gc time)
314
  3.026005 seconds (1.29 M allocations: 859.176 MiB)
866
 31.492808 seconds (3.70 M allocations: 2.395 GiB, 72.94% gc time)
466
  3.643879 seconds (930.64 k allocations: 776.022 MiB)
68
 31.012840 seconds (3.23 M allocations: 2.156 GiB, 74.06% gc time)
218
 31.516461 seconds (3.66 M allocations: 2.384 GiB, 72.88% gc time)
966
  5.310100 seconds (2.08 M allocations: 1.400 GiB)
168
 29.512042 seconds (2.94 M allocations: 1.877 GiB, 77.83% gc time)
918
 32.792179 seconds (4.52 M allocations: 2.863 GiB, 70.05% gc time)
666
  6.058030 seconds (2.34 M allocations: 1.585 GiB)
565
 33.384968 seconds (4.65 M allocations: 2.978 GiB, 68.80% gc time)
817
  7.004847 seconds (2.83 M allocations: 1.880 GiB)
416
  4.328939 seconds (1.99 M allocations: 1.262 GiB)
867
  3.064415 seconds (1.54 M allocations: 965.827 MiB)
69
  3.353756 seconds (1.87 M allocations: 1.111 GiB)
467
  8.816377 seconds (3.66 M allocations: 2.408 GiB)
16
  3.047390 seconds (1.43 M allocations: 922.684 MiB)
919
 33.935362 seconds (5.12 M allocations: 3.225 GiB, 67.69% gc time)
518
  8.114769 seconds (3.48 M allocations: 2.259 GiB)
315
  3.768424 seconds (1.68 M allocations: 1.076 GiB)
667
  5.790654 seconds (2.76 M allocations: 1.726 GiB)
219
  4.991778 seconds (2.32 M allocations: 1.465 GiB)
169
  6.098642 seconds (2.97 M allocations: 1.844 GiB)
967
  6.077766 seconds (2.76 M allocations: 1.756 GiB)
566
 39.159384 seconds (7.42 M allocations: 4.707 GiB, 58.66% gc time)
267
 37.895828 seconds (6.95 M allocations: 4.385 GiB, 60.61% gc time)
  4.117873 seconds (1.71 M allocations: 1.124 GiB)
  6.070657 seconds (2.70 M allocations: 1.732 GiB)
617
818
920
  6.075550 seconds (2.75 M allocations: 1.754 GiB)
417
  6.074425 seconds (3.02 M allocations: 1.865 GiB)
868
  5.030788 seconds (2.73 M allocations: 1.639 GiB)
70
  3.072653 seconds (1.81 M allocations: 1.060 GiB)
170
 14.349762 seconds (6.65 M allocations: 4.204 GiB)
767
 41.402525 seconds (8.94 M allocations: 5.566 GiB, 55.48% gc time)
719
  3.403361 seconds (1.88 M allocations: 1.126 GiB)
220
  6.071495 seconds (3.23 M allocations: 1.950 GiB)
  4.364635 seconds (1.07 M allocations: 908.066 MiB)
  9.205283 seconds (3.68 M allocations: 2.456 GiB)
  5.154262 seconds (1.99 M allocations: 1.351 GiB)
  3.982801 seconds (1.17 M allocations: 912.644 MiB)
  3.915833 seconds (1.34 M allocations: 974.747 MiB)
 41.479503 seconds (8.84 M allocations: 5.531 GiB, 55.38% gc time)
  5.543293 seconds (1.70 M allocations: 1.250 GiB)
  5.470147 seconds (1.58 M allocations: 1.197 GiB)
 17.711677 seconds (7.38 M allocations: 4.852 GiB)
268
116
71
17
921
819
618
366
468
418
  7.789841 seconds (2.87 M allocations: 1.950 GiB)
968
  9.496370 seconds (3.01 M allocations: 1.882 GiB, 30.00% gc time)
869
  8.607776 seconds (2.69 M allocations: 1.659 GiB, 33.09% gc time)
768
  8.840354 seconds (2.73 M allocations: 1.700 GiB, 32.22% gc time)
720
 13.693560 seconds (5.60 M allocations: 3.380 GiB, 20.80% gc time)
316
  9.787345 seconds (3.17 M allocations: 1.978 GiB, 29.11% gc time)
171
  3.035943 seconds (1.78 M allocations: 1.043 GiB)
221
  3.035798 seconds (1.69 M allocations: 1.007 GiB)
922
  3.034349 seconds (1.53 M allocations: 965.532 MiB)
469
  3.141825 seconds (1.76 M allocations: 1.048 GiB)
72
 15.594201 seconds (6.60 M allocations: 3.989 GiB, 18.27% gc time)
519
 13.576248 seconds (5.85 M allocations: 3.474 GiB, 20.98% gc time)
567
  5.341474 seconds (2.30 M allocations: 1.499 GiB)
367
  5.542708 seconds (2.41 M allocations: 1.563 GiB)
269
  3.071170 seconds (1.02 M allocations: 752.163 MiB)
470
  3.098933 seconds (980.56 k allocations: 740.984 MiB)
520
  6.974963 seconds (3.38 M allocations: 2.108 GiB)
969
  7.296913 seconds (3.68 M allocations: 2.266 GiB)
117
  6.439003 seconds (3.04 M allocations: 1.917 GiB)
870
 18.724162 seconds (7.94 M allocations: 4.865 GiB, 15.21% gc time)
668
  6.073816 seconds (2.89 M allocations: 1.818 GiB)
317
  5.057011 seconds (2.15 M allocations: 1.407 GiB)
923
  6.068749 seconds (2.96 M allocations: 1.846 GiB)
172
  5.264277 seconds (2.40 M allocations: 1.532 GiB)
73
  7.926245 seconds (4.02 M allocations: 2.475 GiB)
769
  3.031584 seconds (1.27 M allocations: 853.554 MiB)
871
  4.501420 seconds (2.18 M allocations: 1.359 GiB)
270
  3.087213 seconds (1.03 M allocations: 755.184 MiB)
924
  3.101567 seconds (1.00 M allocations: 748.510 MiB)
74
  6.519963 seconds (2.81 M allocations: 1.829 GiB)
471
  9.948267 seconds (4.05 M allocations: 2.689 GiB)
222
  5.198949 seconds (2.13 M allocations: 1.411 GiB)
669
  3.109693 seconds (1.04 M allocations: 769.202 MiB)
271
  7.076046 seconds (3.21 M allocations: 2.050 GiB)
970
  6.039735 seconds (2.66 M allocations: 1.714 GiB)
318
  6.028244 seconds (2.53 M allocations: 1.661 GiB)
173
 13.127010 seconds (6.30 M allocations: 3.945 GiB)
721
  3.024704 seconds (1.45 M allocations: 931.287 MiB)
75
 12.446544 seconds (4.81 M allocations: 3.019 GiB, 18.71% gc time)
368
 13.337851 seconds (4.22 M allocations: 2.869 GiB, 17.46% gc time)  5.540198 seconds (1.21 M allocations: 849.597 MiB, 42.04% gc time)  7.458800 seconds (1.70 M allocations: 1.218 GiB, 31.23% gc time)

  6.860821 seconds (2.03 M allocations: 1.303 GiB, 33.95% gc time) 18.492832 seconds (7.43 M allocations: 4.724 GiB, 12.59% gc time) 19.488947 seconds (7.64 M allocations: 4.911 GiB, 11.95% gc time)



  7.940541 seconds (2.38 M allocations: 1.558 GiB, 29.33% gc time)
 12.738110 seconds (3.26 M allocations: 2.368 GiB, 18.28% gc time)
  6.879933 seconds (1.15 M allocations: 942.285 MiB, 33.85% gc time)
 13.664106 seconds (4.52 M allocations: 3.025 GiB, 17.04% gc time)
  3.019862 seconds (513.55 k allocations: 535.643 MiB)
 19.464990 seconds (7.61 M allocations: 4.899 GiB, 11.97% gc time)
  8.125728 seconds (1.92 M allocations: 1.359 GiB, 28.66% gc time)
 16.869233 seconds (5.70 M allocations: 3.844 GiB, 13.81% gc time)
118
18971
770419568


 19.852679 seconds (7.65 M allocations: 4.954 GiB, 11.73% gc time)
272
76
925
619
820
472
223
872
521

  7.568800 seconds (1.72 M allocations: 1.195 GiB, 30.77% gc time)
319
  7.726625 seconds (3.28 M allocations: 1.839 GiB, 30.14% gc time)
174
  7.216808 seconds (3.42 M allocations: 2.091 GiB)
722
  3.323573 seconds (1.96 M allocations: 1.137 GiB)
369
  3.234105 seconds (1.01 M allocations: 764.489 MiB)
  3.208813 seconds (862.46 k allocations: 701.035 MiB)
  3.252268 seconds (1.09 M allocations: 800.643 MiB)
926
420
771
 11.723658 seconds (4.61 M allocations: 2.803 GiB, 19.87% gc time)
670
  6.027283 seconds (2.71 M allocations: 1.732 GiB)
119
  6.053266 seconds (2.77 M allocations: 1.759 GiB)
19
  6.030715 seconds (2.45 M allocations: 1.629 GiB)
77
  6.055427 seconds (2.44 M allocations: 1.628 GiB)
821
  5.925163 seconds (2.09 M allocations: 1.472 GiB)
  6.038743 seconds (2.35 M allocations: 1.588 GiB)
320
224
  6.038283 seconds (2.53 M allocations: 1.666 GiB)
175
  3.023816 seconds (1.46 M allocations: 935.371 MiB)
671
  3.842487 seconds (1.79 M allocations: 1.130 GiB)
370
  7.539965 seconds (3.36 M allocations: 2.159 GiB)
972
  7.728547 seconds (2.94 M allocations: 1.834 GiB, 21.41% gc time)
723
  4.706818 seconds (1.34 M allocations: 882.723 MiB, 35.15% gc time)
78
  4.705912 seconds (1.19 M allocations: 824.382 MiB, 35.15% gc time)
225
  4.774908 seconds (1.15 M allocations: 811.062 MiB, 34.65% gc time)
672
  4.706681 seconds (931.77 k allocations: 713.311 MiB, 35.15% gc time)
973
  7.712926 seconds (2.34 M allocations: 1.586 GiB, 21.45% gc time)
  7.728362 seconds (2.38 M allocations: 1.605 GiB, 21.41% gc time)
120
20
  7.726939 seconds (2.28 M allocations: 1.566 GiB, 21.41% gc time)
822
  7.706041 seconds (2.27 M allocations: 1.558 GiB, 21.47% gc time)
321
  3.020100 seconds (1.12 M allocations: 792.312 MiB)
79
  6.409008 seconds (1.99 M allocations: 1.308 GiB, 25.81% gc time)
371
  7.713926 seconds (2.68 M allocations: 1.729 GiB, 21.45% gc time)
176
  3.561795 seconds (1.76 M allocations: 1.092 GiB)
226
  3.113290 seconds (1.68 M allocations: 1.012 GiB)
673
  6.041547 seconds (2.67 M allocations: 1.726 GiB)
724
 13.078433 seconds (5.08 M allocations: 3.272 GiB, 12.65% gc time)
772
  3.326386 seconds (1.12 M allocations: 822.118 MiB)
372
  3.368789 seconds (1.05 M allocations: 801.248 MiB)
227
  3.882680 seconds (1.46 M allocations: 1.002 GiB)
80
  3.336172 seconds (1.18 M allocations: 853.432 MiB)
674
 19.622376 seconds (8.55 M allocations: 5.371 GiB, 8.43% gc time)
273
  6.031813 seconds (2.70 M allocations: 1.738 GiB)
  6.051275 seconds (2.73 M allocations: 1.750 GiB)
121
21
  6.032063 seconds (2.40 M allocations: 1.614 GiB)
177
  7.158247 seconds (3.07 M allocations: 2.007 GiB)
  7.176040 seconds (3.09 M allocations: 2.015 GiB)
322
823
  3.193444 seconds (1.40 M allocations: 929.952 MiB)
81
  3.881324 seconds (1.86 M allocations: 1.170 GiB)
373
  6.047480 seconds (2.52 M allocations: 1.664 GiB)
 10.091354 seconds (4.50 M allocations: 2.901 GiB)  4.973027 seconds (1.84 M allocations: 1.272 GiB)

  3.132245 seconds (1.29 M allocations: 874.266 MiB)
974
228
274
725
  3.064788 seconds (1.41 M allocations: 920.735 MiB)
 19.745885 seconds (7.79 M allocations: 5.079 GiB, 8.38% gc time)
675
927
 23.934722 seconds (10.09 M allocations: 6.454 GiB, 6.91% gc time)
522
 24.138954 seconds (10.42 M allocations: 6.612 GiB, 6.85% gc time)
620
 20.311461 seconds (8.90 M allocations: 5.593 GiB, 8.14% gc time)
421
  3.272561 seconds (1.84 M allocations: 1.091 GiB)
82
 25.273688 seconds (11.06 M allocations: 6.991 GiB, 6.55% gc time)
473
 45.669653 seconds (11.27 M allocations: 7.153 GiB, 46.63% gc time)
569
 25.695311 seconds (3.20 M allocations: 1.939 GiB, 76.44% gc time)
122
 25.929262 seconds (3.29 M allocations: 1.999 GiB, 75.75% gc time)
22
 46.380252 seconds (11.74 M allocations: 7.419 GiB, 45.91% gc time)
873
 26.220935 seconds (3.55 M allocations: 2.134 GiB, 74.91% gc time)
178
 23.960911 seconds (2.15 M allocations: 1.326 GiB, 81.97% gc time)
229
 23.660253 seconds (1.68 M allocations: 1.103 GiB, 83.01% gc time)
422
 25.296067 seconds (2.40 M allocations: 1.565 GiB, 77.64% gc time)
928
 24.524668 seconds (2.02 M allocations: 1.332 GiB, 80.09% gc time)
621
  3.994354 seconds (1.61 M allocations: 1.074 GiB)
570
  3.819435 seconds (1.39 M allocations: 984.867 MiB)
874
 33.683697 seconds (6.57 M allocations: 4.148 GiB, 58.31% gc time)  3.242749 seconds (1.03 M allocations: 773.523 MiB)
 29.343548 seconds (4.52 M allocations: 2.855 GiB, 66.93% gc time)

 26.793295 seconds (2.96 M allocations: 1.951 GiB, 73.31% gc time)
  5.677897 seconds (2.20 M allocations: 1.490 GiB)
 29.332318 seconds (4.53 M allocations: 2.858 GiB, 66.96% gc time)
230
523
773
824
323
83
 27.436765 seconds (3.70 M allocations: 2.321 GiB, 71.59% gc time)
975
 28.454523 seconds (4.40 M allocations: 2.712 GiB, 69.03% gc time)
726
 28.859479 seconds (4.70 M allocations: 2.878 GiB, 68.06% gc time)
275
 29.263435 seconds (4.78 M allocations: 2.950 GiB, 67.12% gc time)
676
  3.199687 seconds (1.91 M allocations: 1.116 GiB)
571
  7.365315 seconds (3.63 M allocations: 2.248 GiB)
23
  8.739473 seconds (4.39 M allocations: 2.705 GiB)
474
 30.233472 seconds (5.65 M allocations: 3.410 GiB, 64.96% gc time)
374
  3.458206 seconds (2.05 M allocations: 1.198 GiB)
774
  3.789882 seconds (1.79 M allocations: 1.129 GiB)
324
  3.034934 seconds (1.40 M allocations: 913.445 MiB)
276
 10.023946 seconds (4.82 M allocations: 3.016 GiB)
123
  3.074539 seconds (1.17 M allocations: 817.316 MiB)
572
  6.297151 seconds (3.11 M allocations: 1.928 GiB)
84
  6.342302 seconds (2.93 M allocations: 1.862 GiB)
825
  3.019296 seconds (1.17 M allocations: 813.970 MiB)
775
  8.445056 seconds (4.43 M allocations: 2.694 GiB)
929
  9.120654 seconds (4.99 M allocations: 2.994 GiB)
423
  3.020342 seconds (1.42 M allocations: 920.082 MiB)
325
  8.506085 seconds (3.88 M allocations: 2.477 GiB)
976
  3.069517 seconds (1.45 M allocations: 937.503 MiB)
573
  3.060725 seconds (1.44 M allocations: 931.387 MiB)
124
  7.301660 seconds (3.33 M allocations: 2.125 GiB)
677
 10.101452 seconds (3.37 M allocations: 2.170 GiB, 24.43% gc time)
24
 17.547547 seconds (7.13 M allocations: 4.483 GiB, 14.06% gc time)
179
  7.113928 seconds (1.80 M allocations: 1.214 GiB, 34.69% gc time)
930
 15.826779 seconds (6.55 M allocations: 4.072 GiB, 15.59% gc time)
622
  7.569706 seconds (2.12 M allocations: 1.393 GiB, 32.60% gc time)
776
 14.506699 seconds (5.48 M allocations: 3.494 GiB, 17.01% gc time)
231
  3.029954 seconds (1.18 M allocations: 817.406 MiB)
574
 15.025297 seconds (5.81 M allocations: 3.683 GiB, 16.43% gc time)
875
 12.876571 seconds (4.67 M allocations: 2.995 GiB, 19.17% gc time)
475
 16.042018 seconds (6.24 M allocations: 3.967 GiB, 15.38% gc time)
524
 11.912999 seconds (4.39 M allocations: 2.779 GiB, 20.72% gc time)
 10.880530 seconds (3.83 M allocations: 2.443 GiB, 22.68% gc time)
85
277
  8.485320 seconds (2.75 M allocations: 1.751 GiB, 29.09% gc time)
977
  3.388739 seconds (1.75 M allocations: 1.069 GiB)
931
  3.369309 seconds (1.44 M allocations: 963.985 MiB)
575
  3.421355 seconds (1.48 M allocations: 984.035 MiB)
232
 16.531901 seconds (6.28 M allocations: 4.034 GiB, 14.93% gc time)
375
  6.049820 seconds (2.67 M allocations: 1.721 GiB)
623
  3.048223 seconds (1.19 M allocations: 820.720 MiB)
278
 13.511340 seconds (4.78 M allocations: 3.100 GiB, 18.27% gc time)
326
  3.114192 seconds (1.29 M allocations: 872.309 MiB)
86
  7.375109 seconds (3.62 M allocations: 2.249 GiB)
180
  6.666999 seconds (3.30 M allocations: 2.045 GiB)
777
  6.037138 seconds (2.87 M allocations: 1.803 GiB)
876
  6.045358 seconds (2.91 M allocations: 1.819 GiB)
476
  3.680622 seconds (1.87 M allocations: 1.149 GiB)
233
  6.311088 seconds (3.11 M allocations: 1.927 GiB)
525
  3.503318 seconds (1.88 M allocations: 1.132 GiB)
376
  6.036845 seconds (2.81 M allocations: 1.777 GiB)
978
  3.261834 seconds (1.75 M allocations: 1.053 GiB)
279
  3.064314 seconds (1.58 M allocations: 986.096 MiB)
327
  4.022283 seconds (2.05 M allocations: 1.258 GiB)
87
 12.115753 seconds (5.88 M allocations: 3.669 GiB)
25
  3.020722 seconds (1.35 M allocations: 888.128 MiB)
234
  6.028535 seconds (3.06 M allocations: 1.882 GiB)
624
  3.048088 seconds (1.22 M allocations: 835.525 MiB)
377
  6.032734 seconds (2.78 M allocations: 1.764 GiB)
181
  3.021142 seconds (1.16 M allocations: 810.080 MiB)
328
 26.535442 seconds (11.51 M allocations: 7.216 GiB, 9.30% gc time)
727
 15.694510 seconds (7.50 M allocations: 4.705 GiB)
678
  6.368691 seconds (3.14 M allocations: 1.950 GiB)
877
 21.048803 seconds (8.83 M allocations: 5.544 GiB, 11.73% gc time)
424
  6.458143 seconds (3.15 M allocations: 1.963 GiB)
477
  4.348721 seconds (2.05 M allocations: 1.294 GiB)
280
 22.088913 seconds (9.53 M allocations: 5.943 GiB, 11.17% gc time)
826
  6.278803 seconds (3.37 M allocations: 2.036 GiB)
526
  4.001752 seconds (2.22 M allocations: 1.330 GiB)
235
 46.323579 seconds (9.12 M allocations: 5.631 GiB, 60.52% gc time)
125
 32.107851 seconds (3.58 M allocations: 2.146 GiB, 79.62% gc time)
979
 28.777061 seconds (2.08 M allocations: 1.185 GiB, 88.84% gc time)
378
 28.873034 seconds (2.11 M allocations: 1.209 GiB, 88.55% gc time)
329
 38.928280 seconds (6.99 M allocations: 4.250 GiB, 65.67% gc time)
932
 28.780526 seconds (1.51 M allocations: 972.900 MiB, 88.83% gc time)
478
 30.329950 seconds (2.49 M allocations: 1.514 GiB, 84.29% gc time)
679
 30.009151 seconds (1.94 M allocations: 1.253 GiB, 85.19% gc time)
827
  3.161623 seconds (1.11 M allocations: 801.031 MiB)
379
 37.828798 seconds (6.04 M allocations: 3.745 GiB, 67.58% gc time)
778
 33.591095 seconds (4.17 M allocations: 2.540 GiB, 76.11% gc time)
625
 33.950395 seconds (3.97 M allocations: 2.493 GiB, 75.30% gc time)
182
 38.867594 seconds (5.28 M allocations: 3.472 GiB, 65.78% gc time) 33.809067 seconds (3.51 M allocations: 2.288 GiB, 75.62% gc time)

  7.196124 seconds (2.15 M allocations: 1.617 GiB)  3.021899 seconds (761.78 k allocations: 639.409 MiB)  5.235337 seconds (1.54 M allocations: 1.170 GiB)


  5.859082 seconds (2.31 M allocations: 1.551 GiB)
 31.645057 seconds (2.53 M allocations: 1.663 GiB, 80.79% gc time)
 32.101285 seconds (2.74 M allocations: 1.797 GiB, 79.64% gc time)
  3.019430 seconds (591.77 k allocations: 565.999 MiB)
  6.948950 seconds (1.62 M allocations: 1.306 GiB)
126
236878
26
 37.272820 seconds (5.06 M allocations: 3.285 GiB, 68.59% gc time)
479

527
88
779
281
380
 44.149496 seconds (8.41 M allocations: 5.350 GiB, 57.91% gc time)
  4.189339 seconds (518.29 k allocations: 576.927 MiB)
  5.019344 seconds (1.24 M allocations: 1013.656 MiB)
626
576
  6.027822 seconds (2.02 M allocations: 1.451 GiB)
980
680
 36.370319 seconds (3.24 M allocations: 2.323 GiB, 70.29% gc time)
425
933
  9.053175 seconds (4.41 M allocations: 2.619 GiB)
330
 38.033816 seconds (6.43 M allocations: 3.799 GiB, 67.22% gc time)
728
  9.671983 seconds (4.11 M allocations: 2.559 GiB)
828
  3.466151 seconds (986.25 k allocations: 780.644 MiB)
681
  4.136636 seconds (1.40 M allocations: 1.001 GiB)
282
  4.387843 seconds (1.77 M allocations: 1.177 GiB)
27
  4.157805 seconds (1.11 M allocations: 903.492 MiB)
331
  6.036137 seconds (2.32 M allocations: 1.573 GiB)
480
  6.167294 seconds (2.12 M allocations: 1.505 GiB)
627
  6.544900 seconds (2.38 M allocations: 1.653 GiB)
981
  6.033904 seconds (1.93 M allocations: 1.415 GiB)
729
  6.629716 seconds (2.60 M allocations: 1.749 GiB)
237
  6.835918 seconds (2.74 M allocations: 1.829 GiB)
577
  6.893223 seconds (2.74 M allocations: 1.834 GiB)
934
  8.017711 seconds (3.27 M allocations: 2.169 GiB)
127
  3.812913 seconds (1.80 M allocations: 1.133 GiB)
283
  8.395091 seconds (3.46 M allocations: 2.287 GiB)
381
  5.061032 seconds (2.49 M allocations: 1.545 GiB)
682
  6.762824 seconds (2.91 M allocations: 1.892 GiB)
829
 11.883242 seconds (4.69 M allocations: 3.149 GiB)
  5.759784 seconds (2.36 M allocations: 1.563 GiB)  3.315071 seconds (1.05 M allocations: 792.687 MiB)

89
935
332
  4.990214 seconds (1.68 M allocations: 1.207 GiB)
982
  6.789201 seconds (1.11 M allocations: 820.901 MiB, 50.13% gc time)
683
  9.483779 seconds (2.90 M allocations: 1.816 GiB, 35.89% gc time)
  7.405644 seconds (1.53 M allocations: 1.038 GiB, 45.96% gc time)
481
284
  7.128456 seconds (1.59 M allocations: 1.033 GiB, 47.75% gc time)
382
  9.479052 seconds (2.95 M allocations: 1.836 GiB, 35.91% gc time)
730
 16.332218 seconds (5.76 M allocations: 3.695 GiB, 20.84% gc time)
879
  9.197552 seconds (2.83 M allocations: 1.760 GiB, 37.01% gc time)
578
 17.757625 seconds (6.39 M allocations: 4.101 GiB, 19.17% gc time)
528
  3.022690 seconds (1.24 M allocations: 839.008 MiB)  3.092820 seconds (874.85 k allocations: 695.481 MiB)
  3.019845 seconds (1.44 M allocations: 926.165 MiB) 11.634127 seconds (4.07 M allocations: 2.519 GiB, 29.26% gc time)


383
684
628
936
  3.578566 seconds (1.50 M allocations: 1008.985 MiB)
333
  4.871514 seconds (2.01 M allocations: 1.330 GiB)
285
 21.729762 seconds (7.76 M allocations: 5.077 GiB, 15.66% gc time)
780
  6.035737 seconds (2.48 M allocations: 1.644 GiB)
482
  6.032891 seconds (2.35 M allocations: 1.589 GiB)
  3.049344 seconds (1.25 M allocations: 850.405 MiB)
731
685
  6.873649 seconds (3.32 M allocations: 2.075 GiB)
90
  3.020517 seconds (1.37 M allocations: 895.225 MiB)
334
  5.860428 seconds (2.64 M allocations: 1.689 GiB)
579
  6.526175 seconds (2.86 M allocations: 1.849 GiB)
880
 15.490446 seconds (5.72 M allocations: 3.598 GiB, 21.97% gc time)
128
  8.303087 seconds (4.36 M allocations: 2.652 GiB)
  8.315106 seconds (4.38 M allocations: 2.662 GiB)
830
983
  3.020338 seconds (1.62 M allocations: 1004.983 MiB)
286
  3.061978 seconds (1.90 M allocations: 1.096 GiB)
781
  3.070436 seconds (1.50 M allocations: 957.861 MiB)
686
  3.043580 seconds (1.45 M allocations: 933.402 MiB)
335
 21.577171 seconds (8.82 M allocations: 5.498 GiB, 15.77% gc time)
28
 26.759618 seconds (11.53 M allocations: 7.144 GiB, 12.72% gc time)
183
  3.030114 seconds (1.26 M allocations: 853.378 MiB)
129
  3.627759 seconds (1.36 M allocations: 957.468 MiB)
287
  8.647209 seconds (4.29 M allocations: 2.658 GiB)
937
 28.225444 seconds (11.73 M allocations: 7.380 GiB, 12.06% gc time)
426
  9.051562 seconds (4.56 M allocations: 2.809 GiB)
529
  6.614167 seconds (3.56 M allocations: 2.150 GiB)
  6.023128 seconds (3.08 M allocations: 1.889 GiB)
483
91
  4.947262 seconds (2.70 M allocations: 1.624 GiB)
580
  6.880341 seconds (3.76 M allocations: 2.260 GiB)
732
  6.696776 seconds (3.52 M allocations: 2.141 GiB)
881
  3.066580 seconds (1.61 M allocations: 1000.121 MiB)
130
  3.021954 seconds (1.57 M allocations: 978.881 MiB)
288
  3.031333 seconds (1.54 M allocations: 967.469 MiB)
938
 36.842607 seconds (10.64 M allocations: 6.599 GiB, 41.50% gc time)
238
 16.906548 seconds (2.51 M allocations: 1.546 GiB, 70.31% gc time)
184
 25.095907 seconds (6.47 M allocations: 4.023 GiB, 47.36% gc time)
384
 17.158720 seconds (2.18 M allocations: 1.438 GiB, 69.27% gc time)
427
 22.133689 seconds (4.55 M allocations: 2.929 GiB, 53.70% gc time)
831
 22.212729 seconds (4.60 M allocations: 2.957 GiB, 53.51% gc time)
984
  3.374166 seconds (1.37 M allocations: 935.183 MiB)
939
 20.201951 seconds (4.08 M allocations: 2.534 GiB, 58.84% gc time)
336
 21.101614 seconds (4.27 M allocations: 2.703 GiB, 56.33% gc time)
29
 19.259697 seconds (3.03 M allocations: 2.004 GiB, 61.72% gc time)
92
 22.212371 seconds (5.02 M allocations: 3.130 GiB, 53.51% gc time)
782
 22.024433 seconds (5.07 M allocations: 3.131 GiB, 53.97% gc time)
687
 29.129186 seconds (8.40 M allocations: 5.237 GiB, 40.81% gc time)
629
  5.380598 seconds (2.33 M allocations: 1.516 GiB)
239
 21.337497 seconds (4.18 M allocations: 2.692 GiB, 55.71% gc time)
530
 19.872158 seconds (3.40 M allocations: 2.221 GiB, 59.81% gc time)
131
 21.539761 seconds (4.34 M allocations: 2.781 GiB, 55.18% gc time)
484
 20.206894 seconds (3.71 M allocations: 2.384 GiB, 58.82% gc time)
882
 20.979967 seconds (4.18 M allocations: 2.659 GiB, 56.66% gc time)
733
  3.328443 seconds (1.82 M allocations: 1.091 GiB)
30
  3.654094 seconds (1.79 M allocations: 1.115 GiB)
783
 22.874082 seconds (5.16 M allocations: 3.256 GiB, 51.96% gc time)
581
  4.152781 seconds (1.97 M allocations: 1.240 GiB)
688
  3.070497 seconds (1.06 M allocations: 771.093 MiB)
734
  7.455869 seconds (3.46 M allocations: 2.194 GiB)
832
  7.411617 seconds (3.46 M allocations: 2.189 GiB)
985
 10.444066 seconds (4.81 M allocations: 3.058 GiB)
  3.156725 seconds (1.29 M allocations: 876.444 MiB)
31
185
  9.500361 seconds (4.67 M allocations: 2.899 GiB)
428
  7.154915 seconds (3.17 M allocations: 2.045 GiB)
240
  9.561821 seconds (4.32 M allocations: 2.766 GiB)
337
  5.616009 seconds (2.28 M allocations: 1.520 GiB)
485
 13.407657 seconds (6.29 M allocations: 3.977 GiB)
289
 10.041950 seconds (4.90 M allocations: 3.056 GiB)
940
  8.814287 seconds (4.24 M allocations: 2.660 GiB)
93
  3.021314 seconds (1.56 M allocations: 981.285 MiB)
735
  7.188484 seconds (3.64 M allocations: 2.244 GiB)
531
  7.149498 seconds (3.70 M allocations: 2.262 GiB)
132
  5.144727 seconds (2.73 M allocations: 1.657 GiB)
582
 13.302388 seconds (6.86 M allocations: 4.196 GiB)
385
  6.639909 seconds (3.46 M allocations: 2.108 GiB)
784
  8.801146 seconds (4.43 M allocations: 2.730 GiB)
883
  6.917297 seconds (3.56 M allocations: 2.180 GiB)
689
  6.045547 seconds (3.33 M allocations: 1.995 GiB)
833
  4.288131 seconds (2.19 M allocations: 1.339 GiB)
  3.020972 seconds (461.71 k allocations: 514.114 MiB)
  5.166272 seconds (1.74 M allocations: 1.245 GiB)
  7.839269 seconds (3.20 M allocations: 2.118 GiB)
338
  3.941276 seconds (1.54 M allocations: 1.036 GiB)
  5.809628 seconds (2.36 M allocations: 1.566 GiB)
941
  6.010774 seconds (3.27 M allocations: 1.967 GiB)
  4.249504 seconds (964.28 k allocations: 851.727 MiB)
186
690
290
986
486
386
  6.048061 seconds (2.32 M allocations: 1.562 GiB)
532
  6.056109 seconds (2.56 M allocations: 1.663 GiB)
133
 14.408592 seconds (7.44 M allocations: 4.535 GiB)
630
  8.712862 seconds (4.90 M allocations: 2.898 GiB)
32
 22.544381 seconds (3.54 M allocations: 2.203 GiB, 67.02% gc time)
736
 24.415027 seconds (5.15 M allocations: 3.058 GiB, 61.88% gc time)
429
 22.968900 seconds (3.61 M allocations: 2.275 GiB, 65.78% gc time)
583
 18.166302 seconds (1.71 M allocations: 1.012 GiB, 83.17% gc time)
339
 24.920639 seconds (4.90 M allocations: 3.005 GiB, 60.63% gc time)
94
 18.815872 seconds (1.42 M allocations: 988.059 MiB, 80.30% gc time)
134
 26.445888 seconds (5.80 M allocations: 3.534 GiB, 57.13% gc time)
241
  3.880270 seconds (1.50 M allocations: 1.020 GiB)
  3.076040 seconds (1.16 M allocations: 816.490 MiB)
631
737
 25.560790 seconds (4.79 M allocations: 3.030 GiB, 59.11% gc time)
785
 21.290963 seconds (2.82 M allocations: 1.796 GiB, 70.96% gc time)
487
 25.671858 seconds (4.93 M allocations: 3.099 GiB, 58.85% gc time)
884
 21.662430 seconds (2.70 M allocations: 1.785 GiB, 69.75% gc time)
387
 22.335122 seconds (3.18 M allocations: 2.049 GiB, 67.65% gc time)
187
 23.633473 seconds (3.38 M allocations: 2.269 GiB, 63.93% gc time)
942
 24.051955 seconds (3.83 M allocations: 2.497 GiB, 62.82% gc time)
834
 24.086271 seconds (3.76 M allocations: 2.471 GiB, 62.73% gc time)
533
 24.522267 seconds (4.27 M allocations: 2.727 GiB, 61.61% gc time)
987
  7.337649 seconds (3.10 M allocations: 2.035 GiB)
584
  7.400140 seconds (3.23 M allocations: 2.096 GiB)
  4.986273 seconds (2.06 M allocations: 1.363 GiB)
242
430
  6.892724 seconds (3.16 M allocations: 2.016 GiB)
340
 25.555595 seconds (5.36 M allocations: 3.281 GiB, 59.12% gc time)
291
  9.936730 seconds (4.61 M allocations: 2.923 GiB)
33
  3.635141 seconds (1.94 M allocations: 1.175 GiB)
188
  6.712323 seconds (3.05 M allocations: 1.949 GiB)
738
  5.697843 seconds (2.88 M allocations: 1.773 GiB)
488
  3.496384 seconds (2.12 M allocations: 1.232 GiB)
943
  7.824630 seconds (3.70 M allocations: 2.330 GiB)
632
  9.189040 seconds (4.58 M allocations: 2.832 GiB)
95
 30.305264 seconds (6.88 M allocations: 4.393 GiB, 49.86% gc time)  3.769031 seconds (1.59 M allocations: 1.040 GiB)  4.167846 seconds (1.73 M allocations: 1.138 GiB)
  3.035007 seconds (713.29 k allocations: 620.536 MiB)


  7.750636 seconds (3.19 M allocations: 2.111 GiB)
  9.124298 seconds (3.94 M allocations: 2.562 GiB)
  3.180286 seconds (566.13 k allocations: 570.086 MiB)
  3.799497 seconds (981.39 k allocations: 814.112 MiB)
489
885
243
341
691
786
944
189
  6.058256 seconds (2.91 M allocations: 1.808 GiB)
292
 12.927376 seconds (6.25 M allocations: 3.889 GiB)
135
  6.040518 seconds (2.77 M allocations: 1.746 GiB)
739
  9.083868 seconds (4.63 M allocations: 2.826 GiB)
835
  9.092072 seconds (4.62 M allocations: 2.821 GiB)
534
  9.020719 seconds (4.65 M allocations: 2.829 GiB)
988
  6.340945 seconds (2.96 M allocations: 1.858 GiB)
633
  3.047506 seconds (1.28 M allocations: 862.418 MiB)
96
  8.506882 seconds (3.99 M allocations: 2.504 GiB)
34
  3.257340 seconds (1.65 M allocations: 1.015 GiB)
244
  3.395282 seconds (1.71 M allocations: 1.055 GiB)
945
 10.005159 seconds (5.18 M allocations: 3.149 GiB)
585
  5.238511 seconds (2.71 M allocations: 1.654 GiB)
787
 17.089764 seconds (7.30 M allocations: 4.463 GiB, 16.34% gc time)
388
  8.880679 seconds (3.04 M allocations: 1.876 GiB, 31.45% gc time)
886
  5.841423 seconds (1.31 M allocations: 871.653 MiB, 47.81% gc time)
97
  8.863609 seconds (2.80 M allocations: 1.779 GiB, 31.51% gc time)
293
  5.845438 seconds (1.34 M allocations: 884.271 MiB, 47.78% gc time)
946
  8.861871 seconds (2.99 M allocations: 1.858 GiB, 31.52% gc time)
740
  8.246976 seconds (2.60 M allocations: 1.632 GiB, 33.87% gc time)
535
  8.871840 seconds (2.91 M allocations: 1.825 GiB, 31.48% gc time)
836
  3.026150 seconds (1.50 M allocations: 953.839 MiB)
788
  8.856637 seconds (2.95 M allocations: 1.840 GiB, 31.54% gc time)
989
  8.874141 seconds (2.89 M allocations: 1.817 GiB, 31.47% gc time)
634
  3.020848 seconds (1.43 M allocations: 922.989 MiB)
98
  3.268867 seconds (1.71 M allocations: 1.040 GiB)
389
  3.164300 seconds (1.50 M allocations: 964.413 MiB)
947
 14.759417 seconds (5.45 M allocations: 3.472 GiB, 18.92% gc time)
342
  6.054859 seconds (2.71 M allocations: 1.739 GiB)
887
 10.961824 seconds (3.46 M allocations: 2.262 GiB, 25.48% gc time)
35
  6.038341 seconds (2.66 M allocations: 1.716 GiB)
294
  3.038060 seconds (1.21 M allocations: 827.930 MiB)
99
  3.032050 seconds (1.07 M allocations: 770.565 MiB)
948
  6.059114 seconds (2.77 M allocations: 1.762 GiB)
741
  5.464808 seconds (2.49 M allocations: 1.583 GiB)
536
 12.469280 seconds (4.55 M allocations: 2.866 GiB, 22.40% gc time)
586
  6.054300 seconds (2.85 M allocations: 1.793 GiB)
837
  6.063586 seconds (2.84 M allocations: 1.787 GiB)
990
 24.237688 seconds (10.40 M allocations: 6.472 GiB, 11.52% gc time)
431
  6.044886 seconds (2.88 M allocations: 1.803 GiB)
635
 18.473471 seconds (7.70 M allocations: 4.783 GiB, 15.12% gc time)
490
  3.628839 seconds (1.89 M allocations: 1.148 GiB)
295
  3.491212 seconds (1.47 M allocations: 986.935 MiB)
537
  6.010132 seconds (2.66 M allocations: 1.711 GiB)
888
  5.283604 seconds (2.25 M allocations: 1.468 GiB)
100
 22.311653 seconds (9.12 M allocations: 5.762 GiB, 12.52% gc time)
190
  3.230989 seconds (1.07 M allocations: 792.959 MiB)
491
 20.751014 seconds (8.45 M allocations: 5.328 GiB, 13.46% gc time)
136
  6.179422 seconds (2.64 M allocations: 1.724 GiB)
949
 19.114794 seconds (7.40 M allocations: 4.724 GiB, 14.61% gc time)
245
  7.971579 seconds (4.06 M allocations: 2.492 GiB)
343
  6.817151 seconds (3.23 M allocations: 2.031 GiB)
742
  4.190532 seconds (1.91 M allocations: 1.221 GiB)
296
  3.833291 seconds (1.93 M allocations: 1.191 GiB)
538
  3.026292 seconds (1.65 M allocations: 1016.129 MiB)
101
  7.158152 seconds (3.47 M allocations: 2.167 GiB)
838
 26.050923 seconds (3.39 M allocations: 2.133 GiB, 72.38% gc time)
991
 32.305243 seconds (6.58 M allocations: 4.085 GiB, 58.37% gc time)
789
 21.936102 seconds (1.46 M allocations: 935.184 MiB, 85.96% gc time)
492
 26.611868 seconds (3.70 M allocations: 2.316 GiB, 70.86% gc time)
636
 21.935530 seconds (1.42 M allocations: 917.724 MiB, 85.96% gc time)
 27.984599 seconds (4.34 M allocations: 2.726 GiB, 67.38% gc time)
297
587
 21.945136 seconds (1.52 M allocations: 962.848 MiB, 85.93% gc time)
539
 31.675905 seconds (6.43 M allocations: 3.966 GiB, 59.53% gc time)
 46.866161 seconds (12.32 M allocations: 7.663 GiB, 46.19% gc time)
36
692
  3.150118 seconds (1.43 M allocations: 936.437 MiB)
790
  3.020326 seconds (1.31 M allocations: 875.677 MiB)
493
 25.887841 seconds (3.29 M allocations: 2.076 GiB, 72.84% gc time)
950
  3.072933 seconds (1.22 M allocations: 840.759 MiB)
298
  5.819866 seconds (2.57 M allocations: 1.659 GiB)
992
  6.320307 seconds (2.73 M allocations: 1.777 GiB)
 26.697641 seconds (3.47 M allocations: 2.234 GiB, 70.63% gc time)
743
 27.971908 seconds (4.45 M allocations: 2.768 GiB, 67.41% gc time)
191
 27.994836 seconds (4.29 M allocations: 2.704 GiB, 67.36% gc time)
246
  3.446384 seconds (1.54 M allocations: 1009.595 MiB)
693
  3.034463 seconds (1.38 M allocations: 898.868 MiB)
791
 33.345347 seconds (6.90 M allocations: 4.328 GiB, 56.55% gc time)
432
 30.384883 seconds (5.85 M allocations: 3.594 GiB, 62.06% gc time)
889
  3.628932 seconds (1.77 M allocations: 1.099 GiB)
494
  6.998134 seconds (3.48 M allocations: 2.150 GiB)
637
 29.616218 seconds (5.44 M allocations: 3.339 GiB, 63.67% gc time)
137
 39.815744 seconds (10.29 M allocations: 6.386 GiB, 47.36% gc time)
390
  7.781199 seconds (3.59 M allocations: 2.275 GiB)
540
  7.568653 seconds (3.43 M allocations: 2.185 GiB)
37
  4.061075 seconds (1.79 M allocations: 1.148 GiB)
247
  6.156186 seconds (2.96 M allocations: 1.846 GiB)
951
 11.391669 seconds (5.39 M allocations: 3.390 GiB)
839
 32.495288 seconds (6.69 M allocations: 4.148 GiB, 58.03% gc time)
344
  6.127132 seconds (3.21 M allocations: 1.945 GiB)
993
  3.045486 seconds (1.35 M allocations: 885.927 MiB)
391
  4.723533 seconds (1.99 M allocations: 1.303 GiB)
138
  6.816442 seconds (3.50 M allocations: 2.135 GiB)
744
 11.613940 seconds (5.57 M allocations: 3.479 GiB)
588
  6.901374 seconds (3.61 M allocations: 2.186 GiB)
192
  8.958755 seconds (4.57 M allocations: 2.795 GiB)
299
  6.536602 seconds (2.81 M allocations: 1.825 GiB)
638
  4.699519 seconds (2.00 M allocations: 1.302 GiB)
840
  6.041903 seconds (2.79 M allocations: 1.768 GiB)
541
  3.216957 seconds (1.38 M allocations: 918.626 MiB)
139
  5.721059 seconds (2.71 M allocations: 1.702 GiB)
248
  5.425434 seconds (2.44 M allocations: 1.560 GiB)
  5.964793 seconds (2.37 M allocations: 1.589 GiB)
994
  4.628850 seconds (1.79 M allocations: 1.215 GiB)
745
  7.574507 seconds (3.43 M allocations: 2.191 GiB)
38
 10.851214 seconds (4.78 M allocations: 3.083 GiB)
890
  3.853344 seconds (1.67 M allocations: 1.087 GiB)
639
 12.401339 seconds (5.55 M allocations: 3.556 GiB)
433
 12.747887 seconds (5.84 M allocations: 3.712 GiB)
792
 12.660325 seconds (5.62 M allocations: 3.613 GiB)
495
  7.218211 seconds (2.85 M allocations: 1.919 GiB)
  6.429321 seconds (2.60 M allocations: 1.735 GiB)
193
 13.687065 seconds (6.31 M allocations: 4.001 GiB)
  3.776219 seconds (1.53 M allocations: 1.020 GiB)
  4.726177 seconds (2.07 M allocations: 1.342 GiB)
300
  4.498864 seconds (1.87 M allocations: 1.236 GiB)
694
249
841
542
  9.614449 seconds (4.15 M allocations: 2.695 GiB)
345
  8.542280 seconds (3.74 M allocations: 2.419 GiB)
392
  3.197115 seconds (1.95 M allocations: 1.126 GiB)
640
 25.698948 seconds (2.54 M allocations: 1.573 GiB, 79.68% gc time)
39
 24.166160 seconds (962.68 k allocations: 792.181 MiB, 84.73% gc time)
346
 24.243991 seconds (987.96 k allocations: 812.124 MiB, 84.46% gc time)
194
 24.181654 seconds (989.56 k allocations: 807.080 MiB, 84.68% gc time)
250
 32.310054 seconds (5.37 M allocations: 3.425 GiB, 63.38% gc time)
589
 28.155102 seconds (3.98 M allocations: 2.422 GiB, 72.73% gc time)
995
  3.437236 seconds (1.33 M allocations: 926.422 MiB)
641
 28.328664 seconds (3.82 M allocations: 2.373 GiB, 72.28% gc time)
891
 30.969457 seconds (4.95 M allocations: 3.110 GiB, 66.12% gc time)
 26.519293 seconds (2.23 M allocations: 1.538 GiB, 77.21% gc time)
140
543
 26.614382 seconds (2.36 M allocations: 1.602 GiB, 76.94% gc time)
695
 26.827634 seconds (2.80 M allocations: 1.801 GiB, 76.33% gc time)
496
  3.837109 seconds (2.06 M allocations: 1.241 GiB)
40
 28.652897 seconds (4.34 M allocations: 2.619 GiB, 71.46% gc time)
434
 29.240183 seconds (4.54 M allocations: 2.759 GiB, 70.03% gc time)
793
 28.512117 seconds (3.30 M allocations: 2.181 GiB, 71.82% gc time)
393
 28.826704 seconds (3.78 M allocations: 2.409 GiB, 71.03% gc time)
842
 32.836448 seconds (6.16 M allocations: 3.796 GiB, 62.36% gc time)
746
  5.950276 seconds (2.95 M allocations: 1.822 GiB)
347
  3.628508 seconds (1.55 M allocations: 1.009 GiB)
141
  3.659446 seconds (1.55 M allocations: 1.012 GiB)
696
  6.674802 seconds (3.28 M allocations: 2.030 GiB)
195
 31.576691 seconds (4.78 M allocations: 3.105 GiB, 64.85% gc time)
301
  5.887865 seconds (2.92 M allocations: 1.802 GiB)
642
  5.508079 seconds (2.44 M allocations: 1.569 GiB)
497
  6.054536 seconds (2.75 M allocations: 1.751 GiB)
544
  8.514401 seconds (4.09 M allocations: 2.555 GiB)
590
  3.023759 seconds (1.65 M allocations: 1013.325 MiB)
747
  8.477323 seconds (4.24 M allocations: 2.611 GiB)
996
  3.047645 seconds (1.61 M allocations: 998.497 MiB)
697
  6.043660 seconds (3.07 M allocations: 1.883 GiB)
435
  5.996021 seconds (2.98 M allocations: 1.843 GiB)
794
  6.052693 seconds (2.94 M allocations: 1.831 GiB)
843
  3.340792 seconds (1.76 M allocations: 1.071 GiB)
643
  6.977857 seconds (3.34 M allocations: 2.091 GiB)
394
  4.402465 seconds (2.13 M allocations: 1.330 GiB)
  3.462716 seconds (1.46 M allocations: 979.063 MiB)
748
  6.059565 seconds (2.80 M allocations: 1.773 GiB)
196
  3.200565 seconds (1.15 M allocations: 818.139 MiB)
795
 14.113610 seconds (6.62 M allocations: 4.165 GiB)
251
  6.079687 seconds (2.65 M allocations: 1.709 GiB)
545
  5.633507 seconds (2.19 M allocations: 1.473 GiB)
  6.066285 seconds (2.65 M allocations: 1.708 GiB)
698
591
  6.072630 seconds (2.56 M allocations: 1.670 GiB)
997
 12.118200 seconds (5.72 M allocations: 3.593 GiB)
41
  6.100358 seconds (2.66 M allocations: 1.714 GiB)
436
  7.647559 seconds (3.67 M allocations: 2.288 GiB)
498
  6.075368 seconds (2.66 M allocations: 1.710 GiB)
844
 22.209518 seconds (1.63 M allocations: 1011.019 MiB, 85.86% gc time)
796
 34.327071 seconds (7.59 M allocations: 4.678 GiB, 55.55% gc time)
892
 25.174050 seconds (2.88 M allocations: 1.801 GiB, 75.75% gc time)
644
 30.990415 seconds (5.69 M allocations: 3.554 GiB, 61.53% gc time)
142
 22.155423 seconds (1.32 M allocations: 873.064 MiB, 86.07% gc time)
42
 25.221125 seconds (2.93 M allocations: 1.828 GiB, 75.61% gc time)
197
  3.024703 seconds (1.10 M allocations: 780.810 MiB)
797
  3.156961 seconds (1.02 M allocations: 760.694 MiB)
645
 25.186946 seconds (2.57 M allocations: 1.680 GiB, 75.71% gc time)
592
 34.160259 seconds (6.95 M allocations: 4.401 GiB, 55.82% gc time)
348
 25.192036 seconds (2.56 M allocations: 1.679 GiB, 75.70% gc time)
998
  3.038826 seconds (1.21 M allocations: 830.083 MiB)
143
 26.002664 seconds (3.43 M allocations: 2.120 GiB, 73.34% gc time)
 25.171149 seconds (2.80 M allocations: 1.775 GiB, 75.76% gc time)
437
 27.159461 seconds (3.79 M allocations: 2.386 GiB, 70.21% gc time)
 26.986217 seconds (3.50 M allocations: 2.248 GiB, 70.66% gc time)
  3.448703 seconds (1.47 M allocations: 983.962 MiB)
546
 30.548290 seconds (4.79 M allocations: 3.128 GiB, 62.42% gc time)
699
43
749
  3.022843 seconds (1.13 M allocations: 797.683 MiB)
798
 30.446042 seconds (4.93 M allocations: 3.189 GiB, 62.63% gc time)
395
  7.048365 seconds (3.19 M allocations: 2.021 GiB)
893
  3.022445 seconds (1.51 M allocations: 935.104 MiB)
144
  7.972545 seconds (3.95 M allocations: 2.426 GiB)
845
  3.503803 seconds (2.10 M allocations: 1.206 GiB)
646
  5.881361 seconds (3.07 M allocations: 1.851 GiB)
198
  6.025727 seconds (2.95 M allocations: 1.817 GiB)
593
  3.432550 seconds (1.57 M allocations: 1021.594 MiB)
438
  6.041486 seconds (2.72 M allocations: 1.721 GiB)
999
  6.387414 seconds (3.03 M allocations: 1.884 GiB)
349
  3.336310 seconds (1.43 M allocations: 951.115 MiB)
145
  4.073538 seconds (2.12 M allocations: 1.291 GiB)
396
  3.835151 seconds (1.81 M allocations: 1.140 GiB)
894
 31.214869 seconds (5.92 M allocations: 3.664 GiB, 61.09% gc time)
499
  5.285208 seconds (2.85 M allocations: 1.718 GiB)
799
  6.035625 seconds (2.78 M allocations: 1.766 GiB)
750
  6.031146 seconds (2.30 M allocations: 1.569 GiB)
199
  7.018321 seconds (3.06 M allocations: 1.984 GiB)
44
 15.796535 seconds (1.44 M allocations: 985.340 MiB, 77.12% gc time)
146
 19.150018 seconds (2.95 M allocations: 1.927 GiB, 63.61% gc time)
846
 16.747229 seconds (2.20 M allocations: 1.375 GiB, 72.74% gc time)
439
 17.537824 seconds (2.69 M allocations: 1.656 GiB, 69.46% gc time)
594
 20.917143 seconds (4.21 M allocations: 2.629 GiB, 58.24% gc time)
547
 20.505976 seconds (3.54 M allocations: 2.313 GiB, 59.41% gc time)
647
 17.230025 seconds (2.01 M allocations: 1.346 GiB, 70.70% gc time)
500
 18.264327 seconds (2.93 M allocations: 1.829 GiB, 66.70% gc time)
1000
 19.156658 seconds (3.19 M allocations: 2.027 GiB, 63.59% gc time)
350
 19.036043 seconds (2.90 M allocations: 1.896 GiB, 63.99% gc time)
397
  3.028193 seconds (1.32 M allocations: 876.958 MiB)
440
 19.330675 seconds (3.08 M allocations: 2.002 GiB, 63.02% gc time)
895
 18.351801 seconds (2.90 M allocations: 1.825 GiB, 66.38% gc time)
800
  3.035780 seconds (1.55 M allocations: 974.731 MiB)
595
 23.820843 seconds (5.81 M allocations: 3.586 GiB, 51.14% gc time)
700
  6.180357 seconds (2.74 M allocations: 1.763 GiB)
147
  6.248779 seconds (2.70 M allocations: 1.756 GiB) 19.621681 seconds (3.26 M allocations: 2.104 GiB, 62.08% gc time)

847
200
  3.061415 seconds (757.77 k allocations: 640.169 MiB)
  3.057475 seconds (908.86 k allocations: 704.946 MiB)
441
896
  3.074495 seconds (816.62 k allocations: 665.999 MiB)
596
 20.766564 seconds (3.97 M allocations: 2.515 GiB, 58.66% gc time)
751
 19.807273 seconds (3.89 M allocations: 2.382 GiB, 61.50% gc time)
45
  4.347658 seconds (2.52 M allocations: 1.483 GiB)
351
  6.437147 seconds (3.13 M allocations: 1.947 GiB)
501
  6.757241 seconds (3.29 M allocations: 2.049 GiB)
1001
  6.917524 seconds (3.45 M allocations: 2.131 GiB)
648
  7.350310 seconds (3.76 M allocations: 2.303 GiB)
548
  3.198567 seconds (1.64 M allocations: 1.004 GiB)
442
  3.064619 seconds (1.27 M allocations: 860.340 MiB)
46
  3.632924 seconds (1.54 M allocations: 1.008 GiB)
  7.221250 seconds (3.11 M allocations: 2.026 GiB)
701
  7.385611 seconds (3.29 M allocations: 2.116 GiB)
801
 13.830506 seconds (4.20 M allocations: 2.636 GiB, 35.98% gc time)
398
  8.925353 seconds (1.46 M allocations: 1.005 GiB, 55.75% gc time)
649
 10.971967 seconds (2.81 M allocations: 1.773 GiB, 45.35% gc time)
201
 10.903131 seconds (2.56 M allocations: 1.663 GiB, 45.64% gc time)
597
 11.579838 seconds (2.97 M allocations: 1.900 GiB, 42.97% gc time)
148
 11.299039 seconds (2.71 M allocations: 1.764 GiB, 44.04% gc time)
 12.280009 seconds (3.33 M allocations: 2.122 GiB, 40.52% gc time)
848
  3.450034 seconds (1.36 M allocations: 937.914 MiB)
  3.439142 seconds (1.33 M allocations: 926.634 MiB)
 13.012335 seconds (3.38 M allocations: 2.214 GiB, 38.24% gc time)
897
 11.639612 seconds (2.66 M allocations: 1.775 GiB, 42.75% gc time)
 10.332047 seconds (2.15 M allocations: 1.433 GiB, 48.16% gc time)
443
 12.260615 seconds (2.73 M allocations: 1.868 GiB, 40.58% gc time)
  3.126062 seconds (1.07 M allocations: 776.962 MiB)
598
 10.742242 seconds (2.35 M allocations: 1.555 GiB, 46.32% gc time)
47
  3.117544 seconds (1.14 M allocations: 807.574 MiB)
149
 13.144439 seconds (3.18 M allocations: 2.144 GiB, 37.85% gc time)
549
  3.462168 seconds (1.33 M allocations: 919.713 MiB)
849
  4.721887 seconds (1.79 M allocations: 1.222 GiB)  6.217411 seconds (2.42 M allocations: 1.635 GiB)

399
  3.023029 seconds (997.21 k allocations: 738.827 MiB)
  5.912757 seconds (2.22 M allocations: 1.518 GiB)
444
650
  3.176045 seconds (1.30 M allocations: 851.062 MiB)
599
  4.371404 seconds (1.88 M allocations: 1.190 GiB)
898
  3.039834 seconds (1.33 M allocations: 844.573 MiB)
48
  3.934279 seconds (1.54 M allocations: 990.316 MiB)
150
  4.615688 seconds (1.64 M allocations: 1.061 GiB)
550
  3.087210 seconds (1.15 M allocations: 728.600 MiB)
445
  3.077815 seconds (1.12 M allocations: 713.415 MiB)
850
  3.035428 seconds (935.93 k allocations: 634.308 MiB)
49
  4.446064 seconds (1.29 M allocations: 896.163 MiB)
600
  7.463794 seconds (1.34 M allocations: 936.155 MiB, 37.01% gc time)
899
  6.285671 seconds (1.07 M allocations: 730.056 MiB, 43.95% gc time)
551
  5.812117 seconds (922.99 k allocations: 629.663 MiB, 47.53% gc time)
446
  5.814906 seconds (883.57 k allocations: 612.299 MiB, 47.51% gc time)
50
  9.294784 seconds (2.50 M allocations: 1.530 GiB, 29.72% gc time)
400
  9.483489 seconds (2.58 M allocations: 1.578 GiB, 29.13% gc time)
651
  9.436820 seconds (2.24 M allocations: 1.436 GiB, 29.27% gc time)
151
  3.698291 seconds (1.36 M allocations: 867.870 MiB)
601
  3.018078 seconds (1.02 M allocations: 668.550 MiB)
447
  3.025230 seconds (987.16 k allocations: 656.556 MiB)
51
  9.495946 seconds (2.38 M allocations: 1.502 GiB, 29.09% gc time)
851
  3.808740 seconds (1.11 M allocations: 770.186 MiB)
  4.468028 seconds (1.32 M allocations: 910.623 MiB)
401
  6.471562 seconds (2.08 M allocations: 1.359 GiB)
  3.560457 seconds (946.02 k allocations: 681.584 MiB)
  5.985586 seconds (1.82 M allocations: 1.211 GiB)
900
  3.080089 seconds (607.67 k allocations: 490.721 MiB)
448
  4.258705 seconds (1.25 M allocations: 838.071 MiB)
  3.766904 seconds (904.72 k allocations: 635.706 MiB)
  4.095374 seconds (786.55 k allocations: 596.935 MiB)
  3.150227 seconds (216.25 k allocations: 236.109 MiB)
449
  3.172473 seconds (211.82 k allocations: 235.677 MiB)
901
  4.250985 seconds (552.71 k allocations: 389.677 MiB, 18.65% gc time)
  2.948193 seconds (149.99 k allocations: 144.967 MiB)
  2.947910 seconds (118.61 k allocations: 131.988 MiB)
450
  2.820849 seconds (57.60 k allocations: 64.160 MiB)
451
  2.848360 seconds (57.60 k allocations: 64.160 MiB, 0.83% gc time)
