Graph 1 is connected.
Graph 2 is connected.
Graph 3 is connected.
Graph 4 is connected.
Graph 5 is connected.
Graph 6 is connected.
Graph 7 is connected.
Graph 8 is connected.
Graph 9 is connected.
Graph 10 is connected.
Graph 11 is connected.
Matrix 1 normalized.
Matrix 2 normalized.
Matrix 3 normalized.
Matrix 4 normalized.
Matrix 5 normalized.
Matrix 6 normalized.
Matrix 7 normalized.
Matrix 8 normalized.
Matrix 9 normalized.
Matrix 10 normalized.
Matrix 11 normalized.
Number of threads: 20
352
652
152
602702
452

752
402
252
52
202
302102

852
502
552
1
952
902
802
  5.835242 seconds (978.71 k allocations: 1023.181 MiB)
653
  7.958319 seconds (1.63 M allocations: 1.308 GiB, 20.92% gc time, 0.38% compilation time)
953
  8.191125 seconds (1.79 M allocations: 1.400 GiB, 20.33% gc time, 0.37% compilation time)
453
  8.391699 seconds (1.84 M allocations: 1.442 GiB, 19.84% gc time, 0.36% compilation time)
303
  8.334167 seconds (1.46 M allocations: 1.282 GiB, 19.98% gc time, 0.37% compilation time)
703
  8.702384 seconds (1.92 M allocations: 1.509 GiB, 19.13% gc time, 0.35% compilation time)
153
  8.674507 seconds (1.71 M allocations: 1.422 GiB, 19.19% gc time, 0.35% compilation time)
53
  8.763195 seconds (1.82 M allocations: 1.476 GiB, 19.00% gc time, 0.35% compilation time)
903
  8.846733 seconds (1.93 M allocations: 1.529 GiB, 18.82% gc time, 0.34% compilation time)
803
  9.212305 seconds (2.36 M allocations: 1.740 GiB, 18.07% gc time, 0.33% compilation time)
103
  9.534995 seconds (2.84 M allocations: 1.972 GiB, 17.46% gc time, 0.32% compilation time)
503
  9.533438 seconds (2.62 M allocations: 1.881 GiB, 17.46% gc time, 0.32% compilation time)
2
 10.511363 seconds (3.10 M allocations: 2.088 GiB, 23.86% gc time, 0.29% compilation time)
403
 10.550060 seconds (3.21 M allocations: 2.138 GiB, 23.77% gc time, 0.29% compilation time)
353
  9.989411 seconds (3.55 M allocations: 2.308 GiB, 16.67% gc time, 0.31% compilation time)
203
  9.994443 seconds (3.45 M allocations: 2.270 GiB, 16.66% gc time, 0.31% compilation time)
603
 10.025242 seconds (3.52 M allocations: 2.302 GiB, 16.61% gc time, 0.30% compilation time)
753
  9.976378 seconds (3.30 M allocations: 2.210 GiB, 16.69% gc time, 0.31% compilation time)
553
 10.261345 seconds (3.74 M allocations: 2.417 GiB, 16.22% gc time, 0.30% compilation time)
253
 11.437904 seconds (4.06 M allocations: 2.668 GiB, 14.56% gc time, 0.27% compilation time)
853
 11.865552 seconds (3.65 M allocations: 2.248 GiB, 38.44% gc time)
654
 11.441610 seconds (3.00 M allocations: 1.936 GiB, 39.86% gc time)
704
 12.141310 seconds (3.60 M allocations: 2.258 GiB, 37.57% gc time)
454
 10.370878 seconds (1.56 M allocations: 1.236 GiB, 43.98% gc time)
604
 11.370295 seconds (2.64 M allocations: 1.781 GiB, 40.11% gc time)
104
 10.817830 seconds (1.77 M allocations: 1.368 GiB, 42.16% gc time)
554
 10.864515 seconds (1.90 M allocations: 1.426 GiB, 41.98% gc time)
254
 12.322349 seconds (3.60 M allocations: 2.275 GiB, 37.01% gc time)
904
 12.265636 seconds (3.65 M allocations: 2.292 GiB, 37.19% gc time)
804
 13.756850 seconds (5.01 M allocations: 3.004 GiB, 33.16% gc time)
954
 11.919569 seconds (2.83 M allocations: 1.918 GiB, 38.27% gc time)
204
 12.287158 seconds (3.38 M allocations: 2.182 GiB, 37.12% gc time)
 13.455654 seconds (4.76 M allocations: 2.868 GiB, 33.90% gc time)
304
504
 12.332078 seconds (3.46 M allocations: 2.219 GiB, 36.99% gc time)
404
 13.314747 seconds (4.68 M allocations: 2.824 GiB, 34.26% gc time)
154
 14.513611 seconds (4.81 M allocations: 2.888 GiB, 38.82% gc time)
54
 13.750210 seconds (3.63 M allocations: 2.326 GiB, 40.98% gc time)
 14.239889 seconds (4.31 M allocations: 2.654 GiB, 39.57% gc time)
754
3
 12.485037 seconds (3.46 M allocations: 2.124 GiB, 45.13% gc time)
 14.516400 seconds (4.58 M allocations: 2.792 GiB, 38.81% gc time)
854
354
  5.400845 seconds (3.21 M allocations: 1.765 GiB, 19.87% gc time)
655
  4.269365 seconds (1.95 M allocations: 1.127 GiB, 25.14% gc time)
955
  7.554627 seconds (3.40 M allocations: 2.061 GiB, 14.21% gc time)
605
  7.769508 seconds (3.45 M allocations: 2.104 GiB, 13.82% gc time)
455
  8.414396 seconds (3.27 M allocations: 2.096 GiB, 12.76% gc time)
  9.457139 seconds (4.17 M allocations: 2.573 GiB, 11.35% gc time)
255
705
  7.667355 seconds (2.55 M allocations: 1.721 GiB, 14.00% gc time)
305
  6.596743 seconds (2.59 M allocations: 1.739 GiB)
155
  6.925807 seconds (2.42 M allocations: 1.702 GiB)
4
  9.984157 seconds (4.40 M allocations: 2.720 GiB, 10.75% gc time)
  9.468175 seconds (3.85 M allocations: 2.444 GiB, 11.34% gc time)
105
805
  8.744520 seconds (3.21 M allocations: 2.103 GiB, 12.27% gc time)
405
  7.185255 seconds (2.75 M allocations: 1.862 GiB)
355
 10.842632 seconds (5.10 M allocations: 3.093 GiB, 9.90% gc time)
555
 11.006342 seconds (4.97 M allocations: 3.058 GiB, 9.75% gc time)
905
  6.243431 seconds (2.67 M allocations: 1.733 GiB)
 10.319506 seconds (4.24 M allocations: 2.684 GiB, 10.40% gc time)
956
505
 10.639984 seconds (4.54 M allocations: 2.842 GiB, 10.09% gc time)
  8.779025 seconds (3.82 M allocations: 2.468 GiB)
755
205
  8.444414 seconds (3.64 M allocations: 2.357 GiB)
855
  9.175161 seconds (4.30 M allocations: 2.705 GiB)
55
  7.977788 seconds (3.83 M allocations: 2.389 GiB)
656
  5.275499 seconds (2.14 M allocations: 1.422 GiB)
406
  8.290526 seconds (3.84 M allocations: 2.428 GiB)
456
  6.021719 seconds (2.55 M allocations: 1.668 GiB)
106
  9.143650 seconds (4.20 M allocations: 2.665 GiB)
606
  5.471367 seconds (2.21 M allocations: 1.473 GiB)
906
  8.239334 seconds (3.91 M allocations: 2.454 GiB)
306
  7.557348 seconds (3.33 M allocations: 2.144 GiB)
806
  7.761418 seconds (3.51 M allocations: 2.237 GiB)
5
  6.081006 seconds (2.42 M allocations: 1.618 GiB)
957
  9.150296 seconds (4.50 M allocations: 2.790 GiB)
  8.807840 seconds (4.28 M allocations: 2.662 GiB)
256
156
  7.369082 seconds (3.62 M allocations: 2.246 GiB)
356
  9.344815 seconds (4.80 M allocations: 2.931 GiB)
706
  7.424951 seconds (3.85 M allocations: 2.343 GiB)
556
  6.894493 seconds (3.19 M allocations: 2.019 GiB)
206
  7.312985 seconds (3.72 M allocations: 2.278 GiB)
506
  7.067445 seconds (3.28 M allocations: 2.074 GiB)
856
  7.037020 seconds (3.28 M allocations: 2.069 GiB)
56
  7.058013 seconds (3.41 M allocations: 2.125 GiB)
657
  7.558427 seconds (3.86 M allocations: 2.361 GiB)
756
  6.251652 seconds (3.49 M allocations: 2.075 GiB)
407
  7.436832 seconds (3.54 M allocations: 2.219 GiB)
107
  6.104897 seconds (2.58 M allocations: 1.686 GiB)
807
  8.125205 seconds (3.94 M allocations: 2.455 GiB)
457
  7.702009 seconds (3.76 M allocations: 2.335 GiB)
607
  7.269390 seconds (3.58 M allocations: 2.218 GiB)
307
  7.939114 seconds (3.96 M allocations: 2.442 GiB)
907
  6.064563 seconds (2.25 M allocations: 1.552 GiB)
507
  7.269245 seconds (3.06 M allocations: 2.007 GiB)
707
  7.735424 seconds (3.40 M allocations: 2.193 GiB)
  8.039213 seconds (3.77 M allocations: 2.377 GiB)
6
257
  8.020814 seconds (3.70 M allocations: 2.346 GiB)
  8.294178 seconds (4.08 M allocations: 2.527 GiB)
157
  7.261038 seconds (3.15 M allocations: 2.046 GiB)
958
  8.014057 seconds (3.64 M allocations: 2.323 GiB)
207
  7.066600 seconds (2.86 M allocations: 1.905 GiB)
357
57
  7.967459 seconds (3.85 M allocations: 2.402 GiB)
557
  7.303570 seconds (3.38 M allocations: 2.140 GiB)
658
  7.340412 seconds (3.40 M allocations: 2.155 GiB)
757
  7.758485 seconds (3.83 M allocations: 2.372 GiB)
857
  7.953542 seconds (3.76 M allocations: 2.363 GiB)
408
  6.493888 seconds (3.08 M allocations: 1.934 GiB)
608
 22.812473 seconds (3.72 M allocations: 2.308 GiB, 66.55% gc time)
108
 22.614927 seconds (3.58 M allocations: 2.228 GiB, 67.13% gc time)
458
 22.745303 seconds (3.70 M allocations: 2.294 GiB, 66.74% gc time)
808
 21.880456 seconds (3.37 M allocations: 2.068 GiB, 69.38% gc time)
908
 22.645476 seconds (3.75 M allocations: 2.302 GiB, 67.04% gc time)
308
 21.594767 seconds (2.51 M allocations: 1.687 GiB, 70.30% gc time)
959
 21.545503 seconds (2.38 M allocations: 1.629 GiB, 70.46% gc time)
58
 22.168041 seconds (3.36 M allocations: 2.096 GiB, 68.48% gc time)
7
 23.144211 seconds (4.15 M allocations: 2.518 GiB, 65.59% gc time)
508
 22.614704 seconds (3.27 M allocations: 2.105 GiB, 67.13% gc time)
158
 22.710766 seconds (2.86 M allocations: 1.945 GiB, 66.84% gc time)
 23.186336 seconds (3.31 M allocations: 2.182 GiB, 65.47% gc time)
758
208
 22.787318 seconds (2.96 M allocations: 1.996 GiB, 66.62% gc time)
659
 23.322317 seconds (3.60 M allocations: 2.316 GiB, 65.09% gc time)
358
 24.472612 seconds (4.75 M allocations: 2.904 GiB, 62.03% gc time)
258
 24.741500 seconds (4.99 M allocations: 3.030 GiB, 61.36% gc time)
708
 21.253977 seconds (3.20 M allocations: 1.937 GiB, 71.43% gc time)
409
 25.363305 seconds (4.49 M allocations: 2.894 GiB, 59.85% gc time)
558
 24.921294 seconds (4.09 M allocations: 2.681 GiB, 60.92% gc time)
858
  5.582180 seconds (3.26 M allocations: 1.918 GiB)
609
  6.127222 seconds (2.95 M allocations: 1.847 GiB)
309
  6.926639 seconds (3.36 M allocations: 2.098 GiB)
809
  7.308935 seconds (3.70 M allocations: 2.276 GiB)
459
  6.054868 seconds (2.89 M allocations: 1.816 GiB)
59
  6.066490 seconds (2.94 M allocations: 1.841 GiB)
8
  6.042286 seconds (2.94 M allocations: 1.838 GiB)
159
  6.031780 seconds (2.71 M allocations: 1.741 GiB)
209
  7.212024 seconds (3.40 M allocations: 2.146 GiB)
509
  6.990805 seconds (2.95 M allocations: 1.937 GiB)
359
 10.619780 seconds (5.24 M allocations: 3.255 GiB)
109
  7.574735 seconds (3.30 M allocations: 2.141 GiB)
660
  7.757087 seconds (3.51 M allocations: 2.247 GiB)
759
  6.058880 seconds (2.90 M allocations: 1.821 GiB)
410
  9.723207 seconds (4.87 M allocations: 3.010 GiB)
960
 10.692906 seconds (5.63 M allocations: 3.422 GiB)
909
  6.839662 seconds (3.09 M allocations: 1.979 GiB)
859
  5.135346 seconds (2.37 M allocations: 1.508 GiB)
60
  6.032648 seconds (3.01 M allocations: 1.866 GiB)
310
  7.950032 seconds (3.79 M allocations: 2.385 GiB)
559
 10.244416 seconds (4.68 M allocations: 2.989 GiB)
259
  7.018978 seconds (3.39 M allocations: 2.125 GiB)
810
 10.376324 seconds (4.81 M allocations: 3.056 GiB)
709
  6.044005 seconds (2.96 M allocations: 1.845 GiB)
160
  7.194274 seconds (3.54 M allocations: 2.204 GiB)
460
  9.343536 seconds (4.58 M allocations: 2.855 GiB)
610
  8.209418 seconds (3.94 M allocations: 2.472 GiB)
9
  6.033558 seconds (2.91 M allocations: 1.822 GiB)
661
  6.095740 seconds (2.88 M allocations: 1.816 GiB)
760
  6.027627 seconds (2.78 M allocations: 1.769 GiB)
411
  6.046757 seconds (2.87 M allocations: 1.808 GiB)
961
  9.340367 seconds (4.38 M allocations: 2.771 GiB)
510
  9.744111 seconds (4.62 M allocations: 2.912 GiB)
210
  6.017898 seconds (2.80 M allocations: 1.777 GiB)
61
  6.045115 seconds (2.80 M allocations: 1.778 GiB)
560
  9.074107 seconds (4.61 M allocations: 2.836 GiB)
360
  9.158094 seconds (4.54 M allocations: 2.816 GiB)
110
  6.062162 seconds (2.70 M allocations: 1.736 GiB)
161
  8.456299 seconds (4.10 M allocations: 2.563 GiB)
860
  9.669089 seconds (4.43 M allocations: 2.822 GiB)
910
  6.436461 seconds (2.95 M allocations: 1.878 GiB)
461
  8.204281 seconds (4.12 M allocations: 2.544 GiB)
311
  7.221181 seconds (3.25 M allocations: 2.083 GiB)
611
  7.973758 seconds (3.93 M allocations: 2.440 GiB)
811
  7.989049 seconds (3.90 M allocations: 2.430 GiB)
710
  5.709991 seconds (2.75 M allocations: 1.719 GiB)
962
  9.024660 seconds (4.48 M allocations: 2.773 GiB)
260
  7.436398 seconds (3.68 M allocations: 2.281 GiB)
662
  7.303157 seconds (3.47 M allocations: 2.178 GiB)
761
  8.542918 seconds (4.18 M allocations: 2.601 GiB)
10
  7.623743 seconds (3.77 M allocations: 2.335 GiB)
412
  7.318039 seconds (3.67 M allocations: 2.262 GiB)
511
  7.207683 seconds (3.45 M allocations: 2.165 GiB)
62
 17.543861 seconds (3.81 M allocations: 2.420 GiB, 52.78% gc time)
211
 16.235284 seconds (3.16 M allocations: 2.018 GiB, 57.03% gc time)
162
 17.641930 seconds (3.79 M allocations: 2.422 GiB, 52.49% gc time)
561
 15.712750 seconds (2.81 M allocations: 1.820 GiB, 58.93% gc time)
312
 17.708105 seconds (4.02 M allocations: 2.522 GiB, 52.29% gc time)
361
 15.207603 seconds (2.73 M allocations: 1.737 GiB, 60.89% gc time)
612
 17.864665 seconds (4.26 M allocations: 2.638 GiB, 51.83% gc time)
111
 13.136649 seconds (1.70 M allocations: 1.100 GiB, 70.49% gc time)
11
 17.483687 seconds (4.11 M allocations: 2.537 GiB, 52.96% gc time)
911
 17.583111 seconds (4.14 M allocations: 2.560 GiB, 52.66% gc time)
861
 15.827429 seconds (3.28 M allocations: 2.027 GiB, 58.50% gc time)
963
 16.866719 seconds (3.71 M allocations: 2.309 GiB, 54.90% gc time)
711
 17.785729 seconds (4.12 M allocations: 2.571 GiB, 52.06% gc time)
812
 15.761374 seconds (3.14 M allocations: 1.960 GiB, 58.75% gc time)
762
 19.085114 seconds (4.88 M allocations: 3.020 GiB, 48.52% gc time)
462
 16.992611 seconds (3.83 M allocations: 2.373 GiB, 54.49% gc time)
663
  6.198452 seconds (3.16 M allocations: 1.941 GiB)
512
  6.684867 seconds (3.30 M allocations: 2.049 GiB)
63
  4.733813 seconds (2.06 M allocations: 1.337 GiB)
112
 19.273171 seconds (4.77 M allocations: 2.995 GiB, 48.04% gc time)
261
 19.018679 seconds (4.44 M allocations: 2.833 GiB, 48.69% gc time)
413
  6.548140 seconds (3.26 M allocations: 2.016 GiB)
562
  6.034830 seconds (2.73 M allocations: 1.747 GiB)
12
  6.476617 seconds (3.19 M allocations: 1.982 GiB)
613
  6.036514 seconds (2.67 M allocations: 1.719 GiB)
964
  8.681510 seconds (4.34 M allocations: 2.679 GiB)
163
  9.578905 seconds (4.82 M allocations: 2.968 GiB)
212
  6.065504 seconds (2.64 M allocations: 1.709 GiB)
813
  6.044401 seconds (2.65 M allocations: 1.710 GiB)
763
  9.550688 seconds (4.77 M allocations: 2.946 GiB)
313
  6.043210 seconds (2.66 M allocations: 1.718 GiB)
513
 10.277328 seconds (4.89 M allocations: 3.073 GiB)
362
  9.393192 seconds (4.40 M allocations: 2.778 GiB)
912
  6.049182 seconds (2.91 M allocations: 1.817 GiB)
64
  6.032177 seconds (2.86 M allocations: 1.795 GiB)
113
  9.277437 seconds (4.47 M allocations: 2.795 GiB)
 10.278720 seconds (4.89 M allocations: 3.073 GiB)
712
862
  7.796014 seconds (3.81 M allocations: 2.372 GiB)
664
  9.052035 seconds (4.46 M allocations: 2.768 GiB)
463
  6.459399 seconds (3.26 M allocations: 2.003 GiB)
563
  6.644541 seconds (3.16 M allocations: 1.983 GiB)
614
  8.130660 seconds (4.01 M allocations: 2.484 GiB)
262
  6.064475 seconds (3.21 M allocations: 1.944 GiB)
965
  3.729427 seconds (2.04 M allocations: 1.225 GiB)
363
  6.062547 seconds (2.94 M allocations: 1.834 GiB)
764
  7.091043 seconds (3.63 M allocations: 2.224 GiB)
164
  9.086446 seconds (4.34 M allocations: 2.719 GiB)
13
  9.741961 seconds (4.81 M allocations: 2.981 GiB)
414
  7.762013 seconds (3.80 M allocations: 2.361 GiB)
814
  6.037249 seconds (2.93 M allocations: 1.827 GiB)
65
  6.028485 seconds (2.90 M allocations: 1.811 GiB)
114
  8.411697 seconds (4.10 M allocations: 2.550 GiB)
314
  9.224159 seconds (4.52 M allocations: 2.808 GiB)
213
  8.165622 seconds (4.16 M allocations: 2.551 GiB)
514
  6.147871 seconds (2.81 M allocations: 1.790 GiB)
564
  6.054619 seconds (2.66 M allocations: 1.717 GiB)
263
  8.165685 seconds (3.70 M allocations: 2.361 GiB)
  7.617960 seconds (3.44 M allocations: 2.199 GiB)
713
464
  8.220347 seconds (3.85 M allocations: 2.429 GiB)
665
  9.377610 seconds (4.73 M allocations: 2.913 GiB)
913
  8.413594 seconds (4.07 M allocations: 2.542 GiB)
863
  6.559742 seconds (3.28 M allocations: 2.025 GiB)
364
  7.339295 seconds (3.67 M allocations: 2.266 GiB)
966
  8.087842 seconds (4.13 M allocations: 2.534 GiB)
615
  6.585381 seconds (3.29 M allocations: 2.033 GiB)
14
  7.638322 seconds (3.85 M allocations: 2.373 GiB)
765
  7.667372 seconds (3.85 M allocations: 2.374 GiB)
165
  6.844474 seconds (3.46 M allocations: 2.133 GiB)
815
  6.705073 seconds (3.35 M allocations: 2.071 GiB)
66
 12.954826 seconds (3.13 M allocations: 1.955 GiB, 50.22% gc time)
214
 11.872163 seconds (2.43 M allocations: 1.552 GiB, 54.80% gc time)
465
 15.683532 seconds (4.38 M allocations: 2.750 GiB, 41.49% gc time)
415
 14.348204 seconds (3.87 M allocations: 2.403 GiB, 45.35% gc time)
115
 15.510207 seconds (4.18 M allocations: 2.653 GiB, 41.95% gc time)
315
 12.767559 seconds (2.57 M allocations: 1.703 GiB, 50.96% gc time)
365
 13.937277 seconds (3.02 M allocations: 2.009 GiB, 46.68% gc time)
914
 15.804404 seconds (4.34 M allocations: 2.750 GiB, 41.17% gc time)
515
 14.437697 seconds (3.45 M allocations: 2.239 GiB, 45.07% gc time)
666
 13.170157 seconds (2.90 M allocations: 1.881 GiB, 49.40% gc time)
616
 12.365543 seconds (2.64 M allocations: 1.693 GiB, 52.62% gc time)
766
 15.355385 seconds (3.91 M allocations: 2.522 GiB, 42.37% gc time)
864
 13.022577 seconds (3.06 M allocations: 1.931 GiB, 49.96% gc time)
15
 15.808655 seconds (4.42 M allocations: 2.780 GiB, 41.16% gc time)
714
 16.155114 seconds (4.93 M allocations: 3.032 GiB, 40.27% gc time)
264
 16.698404 seconds (5.43 M allocations: 3.291 GiB, 38.96% gc time)
565
 13.082307 seconds (3.42 M allocations: 2.091 GiB, 49.73% gc time)
166
  6.110629 seconds (3.10 M allocations: 1.914 GiB)
816
  6.556240 seconds (3.43 M allocations: 2.093 GiB)
67
 16.602355 seconds (4.90 M allocations: 3.063 GiB, 39.19% gc time)
  6.531428 seconds (3.42 M allocations: 2.086 GiB)
215
967
  6.740665 seconds (3.34 M allocations: 2.074 GiB)
116
  7.577786 seconds (3.69 M allocations: 2.302 GiB)
466
  7.522859 seconds (3.64 M allocations: 2.279 GiB)
416
  6.535017 seconds (3.42 M allocations: 2.087 GiB)
366
  6.028388 seconds (2.81 M allocations: 1.780 GiB)
767
  6.034819 seconds (2.48 M allocations: 1.643 GiB)
715
  6.038789 seconds (2.40 M allocations: 1.612 GiB)
566
  6.529351 seconds (2.92 M allocations: 1.877 GiB)
865
  9.064368 seconds (4.60 M allocations: 2.831 GiB)
316
  8.738148 seconds (4.41 M allocations: 2.718 GiB)
915
  6.038516 seconds (2.27 M allocations: 1.556 GiB)
968
  6.030051 seconds (2.27 M allocations: 1.558 GiB)
216
  9.074598 seconds (3.88 M allocations: 2.534 GiB)
16
  6.028313 seconds (2.44 M allocations: 1.629 GiB)
117
  9.060099 seconds (3.86 M allocations: 2.525 GiB)
265
 10.686950 seconds (5.16 M allocations: 3.230 GiB)
516
  9.051340 seconds (3.93 M allocations: 2.550 GiB)
  9.089698 seconds (3.95 M allocations: 2.562 GiB)
817
167
  6.038208 seconds (2.81 M allocations: 1.780 GiB)
467
  6.045588 seconds (2.91 M allocations: 1.821 GiB)
417
 11.342152 seconds (5.97 M allocations: 3.627 GiB)
667
 11.102275 seconds (5.82 M allocations: 3.542 GiB)
617
  6.045120 seconds (3.34 M allocations: 1.994 GiB)
367
  6.039936 seconds (3.20 M allocations: 1.940 GiB)
716
 11.241984 seconds (5.19 M allocations: 3.296 GiB)
  6.859898 seconds (3.59 M allocations: 2.186 GiB)
68
768
  6.043090 seconds (3.20 M allocations: 1.940 GiB)
567
  6.037527 seconds (3.24 M allocations: 1.955 GiB)
866
  6.041350 seconds (3.07 M allocations: 1.886 GiB)
  6.033906 seconds (3.06 M allocations: 1.882 GiB)
217
969
  5.813047 seconds (2.95 M allocations: 1.811 GiB)
118
  5.741013 seconds (2.44 M allocations: 1.595 GiB)
468
  8.980837 seconds (4.45 M allocations: 2.754 GiB)
317
  7.610692 seconds (3.62 M allocations: 2.269 GiB)
17
  7.751650 seconds (3.65 M allocations: 2.297 GiB)
266
  7.874420 seconds (3.75 M allocations: 2.354 GiB)
517
  3.030024 seconds (1.23 M allocations: 840.174 MiB)
970
 10.404049 seconds (5.14 M allocations: 3.190 GiB)
916
  7.003286 seconds (3.00 M allocations: 1.957 GiB)
368
  7.612719 seconds (3.40 M allocations: 2.186 GiB)
668
  8.298601 seconds (4.08 M allocations: 2.533 GiB)
818
 17.610474 seconds (4.12 M allocations: 2.560 GiB, 52.21% gc time)
168
 17.964230 seconds (4.17 M allocations: 2.616 GiB, 51.18% gc time)
418
 18.175126 seconds (4.19 M allocations: 2.646 GiB, 50.59% gc time)
618
 16.594625 seconds (3.34 M allocations: 2.135 GiB, 55.41% gc time)
69
 16.805016 seconds (3.43 M allocations: 2.193 GiB, 54.71% gc time)
867
 18.035713 seconds (3.81 M allocations: 2.478 GiB, 50.98% gc time)
568
 18.487905 seconds (4.45 M allocations: 2.790 GiB, 49.73% gc time)
717
 15.761781 seconds (3.15 M allocations: 1.974 GiB, 58.33% gc time)
469
 16.721505 seconds (3.57 M allocations: 2.245 GiB, 54.99% gc time)
119
 19.732921 seconds (4.60 M allocations: 2.978 GiB, 46.59% gc time)
769
 15.087762 seconds (2.59 M allocations: 1.672 GiB, 60.94% gc time)
917
 15.012524 seconds (2.50 M allocations: 1.627 GiB, 61.25% gc time)
669
 17.187119 seconds (3.81 M allocations: 2.394 GiB, 53.50% gc time)
318
 15.656155 seconds (3.07 M allocations: 1.932 GiB, 58.73% gc time)
971
 16.242888 seconds (3.73 M allocations: 2.264 GiB, 56.61% gc time)
267
 19.178727 seconds (5.01 M allocations: 3.094 GiB, 47.94% gc time)
218
 16.051403 seconds (3.41 M allocations: 2.110 GiB, 57.28% gc time)
369
 17.707470 seconds (4.52 M allocations: 2.741 GiB, 51.92% gc time)
18
 17.708319 seconds (4.33 M allocations: 2.661 GiB, 51.92% gc time)
518
  7.701846 seconds (3.57 M allocations: 2.266 GiB)
819
  6.703343 seconds (3.20 M allocations: 2.011 GiB)
619
  5.976494 seconds (2.98 M allocations: 1.842 GiB)
868
  8.719741 seconds (4.15 M allocations: 2.607 GiB)
169
  8.966182 seconds (4.19 M allocations: 2.647 GiB)
419
  5.789975 seconds (3.03 M allocations: 1.841 GiB)
470
  4.351195 seconds (2.12 M allocations: 1.318 GiB)
319
  4.017218 seconds (1.92 M allocations: 1.200 GiB)
219
  9.044380 seconds (4.45 M allocations: 2.760 GiB)
70
  6.063930 seconds (2.67 M allocations: 1.720 GiB)
268
  9.080110 seconds (4.38 M allocations: 2.735 GiB)
569
  9.041072 seconds (4.40 M allocations: 2.743 GiB)
718
  7.993068 seconds (3.67 M allocations: 2.331 GiB)
  6.404939 seconds (2.72 M allocations: 1.780 GiB)
670
19
  9.068864 seconds (4.47 M allocations: 2.773 GiB)
770
  6.028269 seconds (2.46 M allocations: 1.635 GiB)
869
  8.883513 seconds (4.52 M allocations: 2.774 GiB)
918
 10.078141 seconds (5.14 M allocations: 3.155 GiB)
120
  9.059231 seconds (4.48 M allocations: 2.776 GiB)
972
  8.423657 seconds (4.00 M allocations: 2.515 GiB)
370
  7.428886 seconds (3.64 M allocations: 2.264 GiB)
519
  6.029234 seconds (2.93 M allocations: 1.828 GiB)
471
  6.029533 seconds (2.91 M allocations: 1.820 GiB)
320
  6.023183 seconds (2.89 M allocations: 1.809 GiB)
220
  9.056082 seconds (4.37 M allocations: 2.732 GiB)
820
  9.057552 seconds (4.28 M allocations: 2.694 GiB)
620
  5.814530 seconds (2.99 M allocations: 1.827 GiB)
269
  9.114535 seconds (4.37 M allocations: 2.735 GiB)
170
  9.223652 seconds (4.49 M allocations: 2.795 GiB)
420
  6.585654 seconds (3.17 M allocations: 1.980 GiB)
719
  6.270798 seconds (3.14 M allocations: 1.934 GiB)
  9.038356 seconds (4.20 M allocations: 2.658 GiB)
20
71
  7.321768 seconds (3.53 M allocations: 2.203 GiB)
671
  9.036916 seconds (4.24 M allocations: 2.674 GiB)
570
  7.535577 seconds (3.54 M allocations: 2.228 GiB)
870
  7.000872 seconds (3.07 M allocations: 1.984 GiB)
371
  8.321653 seconds (3.96 M allocations: 2.481 GiB)
771
  6.045192 seconds (2.65 M allocations: 1.712 GiB)
321
  6.041429 seconds (2.71 M allocations: 1.734 GiB)
221
  6.229996 seconds (2.75 M allocations: 1.772 GiB)
821
  8.603825 seconds (4.04 M allocations: 2.542 GiB)
973
  8.385133 seconds (3.85 M allocations: 2.444 GiB)
520
  7.601308 seconds (3.62 M allocations: 2.270 GiB)
472
  9.635855 seconds (4.88 M allocations: 2.996 GiB)
919
  9.522229 seconds (4.81 M allocations: 2.954 GiB)
121
  7.091260 seconds (3.47 M allocations: 2.154 GiB)
621
 14.294778 seconds (3.62 M allocations: 2.259 GiB, 47.51% gc time)
270
 14.032989 seconds (3.24 M allocations: 2.074 GiB, 48.39% gc time)
720
 13.587973 seconds (3.23 M allocations: 2.020 GiB, 49.98% gc time)
21
 14.624214 seconds (3.68 M allocations: 2.316 GiB, 46.44% gc time)
421
 12.370101 seconds (2.94 M allocations: 1.778 GiB, 54.90% gc time)
571
 16.179530 seconds (4.51 M allocations: 2.813 GiB, 41.97% gc time)
171
 14.321126 seconds (3.76 M allocations: 2.313 GiB, 47.42% gc time)
72
 12.565764 seconds (2.86 M allocations: 1.766 GiB, 54.04% gc time)
322
 14.041267 seconds (3.82 M allocations: 2.312 GiB, 48.36% gc time)
672
 13.148308 seconds (3.17 M allocations: 1.950 GiB, 51.65% gc time)
772
 13.641207 seconds (3.62 M allocations: 2.185 GiB, 49.78% gc time)
372
 13.822500 seconds (3.48 M allocations: 2.148 GiB, 49.13% gc time)
 12.889123 seconds (2.89 M allocations: 1.813 GiB, 52.69% gc time)
222
473
 15.793600 seconds (4.58 M allocations: 2.801 GiB, 43.00% gc time)
871
 14.896296 seconds (3.56 M allocations: 2.294 GiB, 45.59% gc time)
974
 14.638667 seconds (3.22 M allocations: 2.123 GiB, 46.39% gc time)
920
  6.080251 seconds (2.84 M allocations: 1.789 GiB)
721
  5.363339 seconds (2.20 M allocations: 1.455 GiB)
172
 15.540593 seconds (3.64 M allocations: 2.391 GiB, 43.70% gc time)
122
  6.083950 seconds (2.68 M allocations: 1.726 GiB)
422
 16.768754 seconds (4.87 M allocations: 3.022 GiB, 40.50% gc time)
822
  6.080853 seconds (2.88 M allocations: 1.807 GiB)
572
  6.072451 seconds (2.93 M allocations: 1.827 GiB)
73
 17.452432 seconds (5.02 M allocations: 3.154 GiB, 38.91% gc time)
521
 17.229979 seconds (4.73 M allocations: 3.012 GiB, 39.41% gc time)
622
  7.055730 seconds (3.30 M allocations: 2.082 GiB)
323
  9.111409 seconds (4.60 M allocations: 2.824 GiB)
271
  9.107863 seconds (4.48 M allocations: 2.775 GiB)
22
  7.381117 seconds (3.46 M allocations: 2.180 GiB)
773
  6.627348 seconds (3.12 M allocations: 1.962 GiB)
223
  7.871246 seconds (3.48 M allocations: 2.238 GiB)
474
  6.059327 seconds (3.04 M allocations: 1.873 GiB)
975
  9.901608 seconds (4.59 M allocations: 2.906 GiB)
  6.084219 seconds (3.07 M allocations: 1.888 GiB)
673
921
  6.073454 seconds (3.20 M allocations: 1.942 GiB)
722
  6.073938 seconds (2.91 M allocations: 1.821 GiB)
123
  6.080294 seconds (2.90 M allocations: 1.818 GiB)
423
  6.078319 seconds (2.95 M allocations: 1.839 GiB)
573
 10.387943 seconds (5.05 M allocations: 3.144 GiB)
373
  6.037373 seconds (3.07 M allocations: 1.884 GiB)
  9.093146 seconds (4.74 M allocations: 2.885 GiB)
74
872
  8.182884 seconds (4.11 M allocations: 2.531 GiB)
173
  4.682828 seconds (2.15 M allocations: 1.367 GiB)
475
  6.143415 seconds (2.60 M allocations: 1.700 GiB)
224
  9.743183 seconds (4.43 M allocations: 2.825 GiB)
823
  7.656787 seconds (3.58 M allocations: 2.260 GiB)
272
  7.547902 seconds (3.56 M allocations: 2.242 GiB)
23
  7.469544 seconds (3.47 M allocations: 2.194 GiB)
774
  9.342374 seconds (4.53 M allocations: 2.825 GiB)
522
  9.335915 seconds (4.58 M allocations: 2.846 GiB)
623
  9.489674 seconds (4.67 M allocations: 2.896 GiB)
324
  7.059667 seconds (3.22 M allocations: 2.051 GiB)
723
  6.332471 seconds (2.59 M allocations: 1.716 GiB)
374
  6.175688 seconds (2.60 M allocations: 1.701 GiB)
75
  8.336541 seconds (4.16 M allocations: 2.570 GiB)
976
  7.090752 seconds (3.32 M allocations: 2.092 GiB)
124
  8.725617 seconds (4.33 M allocations: 2.679 GiB)
922
  7.833652 seconds (3.59 M allocations: 2.285 GiB)
574
  8.015519 seconds (3.82 M allocations: 2.397 GiB)
424
  9.139345 seconds (4.75 M allocations: 2.898 GiB)
674
  6.366680 seconds (3.28 M allocations: 2.007 GiB)
174
  8.869398 seconds (4.04 M allocations: 2.575 GiB)
873
  6.402263 seconds (3.40 M allocations: 2.064 GiB)
225
  6.354524 seconds (3.26 M allocations: 2.001 GiB)
273
  6.469700 seconds (2.87 M allocations: 1.854 GiB)
624
  6.883963 seconds (3.18 M allocations: 2.023 GiB)
775
  9.315132 seconds (4.47 M allocations: 2.805 GiB)
476
  8.830419 seconds (4.25 M allocations: 2.664 GiB)
824
  6.177465 seconds (2.87 M allocations: 1.824 GiB)
375
  8.413358 seconds (3.92 M allocations: 2.484 GiB)
523
 19.972514 seconds (4.48 M allocations: 2.782 GiB, 54.52% gc time)
24
 17.719952 seconds (3.12 M allocations: 1.991 GiB, 61.46% gc time)
977
 19.047323 seconds (3.95 M allocations: 2.472 GiB, 57.17% gc time)
325
 17.928093 seconds (3.36 M allocations: 2.110 GiB, 60.74% gc time)
125
 18.480746 seconds (3.69 M allocations: 2.305 GiB, 58.93% gc time)
76
 17.946905 seconds (3.26 M allocations: 2.069 GiB, 60.68% gc time)
575
 19.428688 seconds (4.33 M allocations: 2.668 GiB, 56.05% gc time)
724
 17.756284 seconds (3.09 M allocations: 1.981 GiB, 61.33% gc time)
175
 18.454476 seconds (3.76 M allocations: 2.329 GiB, 59.01% gc time)
923
 18.254125 seconds (3.54 M allocations: 2.219 GiB, 59.66% gc time)
675
 18.784920 seconds (3.94 M allocations: 2.439 GiB, 57.97% gc time)
425
 17.435662 seconds (3.54 M allocations: 2.134 GiB, 62.46% gc time)
874
 18.319734 seconds (3.69 M allocations: 2.286 GiB, 59.44% gc time)
226
 17.478398 seconds (3.29 M allocations: 2.036 GiB, 62.30% gc time)
776
 17.684338 seconds (3.06 M allocations: 1.962 GiB, 61.58% gc time)
825
 19.981305 seconds (4.15 M allocations: 2.646 GiB, 54.50% gc time)
274
  5.937194 seconds (2.48 M allocations: 1.638 GiB)
326
  6.154054 seconds (2.80 M allocations: 1.791 GiB)
978
 20.325728 seconds (4.41 M allocations: 2.790 GiB, 53.58% gc time)
625
  6.209187 seconds (2.51 M allocations: 1.672 GiB)
725
  5.571430 seconds (2.01 M allocations: 1.403 GiB)
676
  7.999596 seconds (3.74 M allocations: 2.369 GiB)
25
 20.049475 seconds (4.68 M allocations: 2.868 GiB, 54.32% gc time)
477
  4.459423 seconds (1.93 M allocations: 1.251 GiB)
227
  8.947131 seconds (4.59 M allocations: 2.814 GiB)
524
  6.095993 seconds (2.59 M allocations: 1.692 GiB)
875
 20.428770 seconds (4.99 M allocations: 3.039 GiB, 53.31% gc time)
376
  7.287776 seconds (3.53 M allocations: 2.206 GiB)
924
  8.631966 seconds (4.43 M allocations: 2.715 GiB)
126
  9.220771 seconds (4.63 M allocations: 2.861 GiB)
77
  9.211566 seconds (4.52 M allocations: 2.813 GiB)
576
  9.054112 seconds (4.30 M allocations: 2.706 GiB)
176
  9.398753 seconds (4.24 M allocations: 2.712 GiB)
426
  6.125008 seconds (3.21 M allocations: 1.953 GiB)
826
  6.911559 seconds (3.28 M allocations: 2.062 GiB)
327
  8.713703 seconds (4.05 M allocations: 2.565 GiB)
777
  6.068397 seconds (3.21 M allocations: 1.947 GiB)
626
  6.036549 seconds (3.03 M allocations: 1.872 GiB)
726
  6.034195 seconds (3.01 M allocations: 1.862 GiB)
677
  6.038236 seconds (3.04 M allocations: 1.877 GiB)
26
  6.040052 seconds (3.07 M allocations: 1.888 GiB)
228
  6.029836 seconds (2.90 M allocations: 1.815 GiB)
876
  9.057166 seconds (4.60 M allocations: 2.830 GiB)
979
  9.418163 seconds (4.85 M allocations: 2.971 GiB)
275
  7.848817 seconds (3.61 M allocations: 2.295 GiB)
525
  7.758598 seconds (3.36 M allocations: 2.184 GiB)
925
  8.452171 seconds (3.57 M allocations: 2.341 GiB)
127
  5.370605 seconds (2.46 M allocations: 1.567 GiB)
827
  8.161211 seconds (3.66 M allocations: 2.347 GiB)
78
 10.271316 seconds (4.80 M allocations: 3.036 GiB)
478
  5.370186 seconds (2.63 M allocations: 1.637 GiB)
328
 10.509016 seconds (4.82 M allocations: 3.070 GiB)
377
  3.851612 seconds (1.64 M allocations: 1.070 GiB)
276
  5.739706 seconds (2.57 M allocations: 1.652 GiB)
678
  7.985260 seconds (3.87 M allocations: 2.417 GiB)
427
  9.070153 seconds (4.39 M allocations: 2.744 GiB)
177
  9.721353 seconds (4.75 M allocations: 2.958 GiB)
577
  6.289315 seconds (3.09 M allocations: 1.920 GiB)
229
  7.064441 seconds (3.49 M allocations: 2.167 GiB)
27
  8.148811 seconds (4.20 M allocations: 2.567 GiB)
627
  8.802209 seconds (4.13 M allocations: 2.606 GiB)
727
  9.259618 seconds (4.65 M allocations: 2.867 GiB)
778
  8.583403 seconds (3.99 M allocations: 2.530 GiB)
877
  5.830375 seconds (2.90 M allocations: 1.797 GiB)
828
  6.753015 seconds (3.25 M allocations: 2.032 GiB)
128
  9.272648 seconds (4.25 M allocations: 2.702 GiB)
980
  6.209402 seconds (2.85 M allocations: 1.816 GiB)
329
 25.948506 seconds (3.17 M allocations: 1.978 GiB, 74.71% gc time)
479
 27.876764 seconds (4.24 M allocations: 2.617 GiB, 69.54% gc time)
926
 29.025395 seconds (4.68 M allocations: 2.917 GiB, 66.79% gc time)
526
 26.101490 seconds (2.90 M allocations: 1.881 GiB, 74.27% gc time)
178
 26.647632 seconds (3.52 M allocations: 2.191 GiB, 72.75% gc time)
378
 27.579581 seconds (4.00 M allocations: 2.486 GiB, 70.29% gc time)
79
 26.570314 seconds (3.36 M allocations: 2.119 GiB, 72.96% gc time)
679
 26.866398 seconds (3.79 M allocations: 2.325 GiB, 72.16% gc time)
277
 27.343871 seconds (3.86 M allocations: 2.403 GiB, 70.90% gc time)
428
 27.062583 seconds (3.58 M allocations: 2.261 GiB, 71.63% gc time)
230
 27.434320 seconds (3.88 M allocations: 2.422 GiB, 70.66% gc time)
578
 27.531698 seconds (3.79 M allocations: 2.395 GiB, 70.41% gc time)
28
 26.782547 seconds (3.41 M allocations: 2.161 GiB, 72.38% gc time)
779
 27.853004 seconds (3.92 M allocations: 2.487 GiB, 69.60% gc time)
628
 26.982506 seconds (3.44 M allocations: 2.196 GiB, 71.85% gc time)
829
  6.735008 seconds (3.08 M allocations: 1.966 GiB)
981
 28.572097 seconds (4.16 M allocations: 2.656 GiB, 67.85% gc time)
728
  6.039263 seconds (2.78 M allocations: 1.771 GiB)
527
 26.949433 seconds (3.70 M allocations: 2.303 GiB, 71.94% gc time)
129
  7.162647 seconds (3.48 M allocations: 2.172 GiB)
480
 28.917708 seconds (4.67 M allocations: 2.902 GiB, 67.04% gc time)
878
  7.298674 seconds (3.56 M allocations: 2.219 GiB)
927
  6.039999 seconds (2.81 M allocations: 1.780 GiB)
680
  7.817711 seconds (3.96 M allocations: 2.440 GiB)
330
  7.181388 seconds (3.68 M allocations: 2.257 GiB)
179
  7.624871 seconds (3.80 M allocations: 2.350 GiB)
379
  6.040235 seconds (2.96 M allocations: 1.845 GiB)
231
  6.631344 seconds (3.20 M allocations: 2.004 GiB)
429
  6.832476 seconds (3.33 M allocations: 2.077 GiB)
579
  8.725959 seconds (4.16 M allocations: 2.614 GiB)
278
  9.154801 seconds (4.39 M allocations: 2.755 GiB)
80
  7.573552 seconds (3.71 M allocations: 2.308 GiB)
29
  5.291955 seconds (2.61 M allocations: 1.622 GiB)
528
  5.370609 seconds (2.57 M allocations: 1.612 GiB)
481
  6.579649 seconds (3.53 M allocations: 2.131 GiB)
830
  7.603138 seconds (3.86 M allocations: 2.373 GiB)
629
  8.301477 seconds (4.30 M allocations: 2.626 GiB)
780
  5.775034 seconds (2.73 M allocations: 1.719 GiB)
928
  4.720967 seconds (2.08 M allocations: 1.342 GiB)
380
  8.321618 seconds (4.28 M allocations: 2.618 GiB)
982
  8.501929 seconds (4.33 M allocations: 2.658 GiB)
729
  6.287874 seconds (2.74 M allocations: 1.772 GiB)
232
  7.416682 seconds (3.01 M allocations: 1.999 GiB)
430
  8.899651 seconds (3.79 M allocations: 2.478 GiB)
331
  9.104404 seconds (3.99 M allocations: 2.581 GiB)
681
  6.079449 seconds (2.69 M allocations: 1.732 GiB)
81
  6.081334 seconds (2.67 M allocations: 1.724 GiB)
529
 11.550074 seconds (5.41 M allocations: 3.416 GiB)
130
  8.431594 seconds (3.77 M allocations: 2.418 GiB)
580
  5.880020 seconds (2.48 M allocations: 1.627 GiB)
630
  6.120354 seconds (2.82 M allocations: 1.790 GiB)
482
  6.235738 seconds (2.97 M allocations: 1.866 GiB)
831
 11.564612 seconds (5.58 M allocations: 3.490 GiB)
879
  5.647840 seconds (2.71 M allocations: 1.701 GiB)
929
 10.674490 seconds (5.32 M allocations: 3.291 GiB)
180
  5.778977 seconds (3.03 M allocations: 1.848 GiB)
381
  8.652833 seconds (4.54 M allocations: 2.763 GiB)
30
 10.058744 seconds (5.02 M allocations: 3.105 GiB)
279
  6.213574 seconds (3.23 M allocations: 1.975 GiB)
730
  8.231047 seconds (4.11 M allocations: 2.543 GiB)
781
  7.753194 seconds (3.60 M allocations: 2.286 GiB)
233
  6.482928 seconds (2.95 M allocations: 1.885 GiB)
82
  6.819548 seconds (3.28 M allocations: 2.058 GiB)
332
  7.290595 seconds (3.40 M allocations: 2.155 GiB)
682
  9.507752 seconds (4.66 M allocations: 2.901 GiB)
983
  6.141384 seconds (2.94 M allocations: 1.846 GiB)
131
  6.578029 seconds (3.13 M allocations: 1.968 GiB)
581
  6.773236 seconds (3.23 M allocations: 2.027 GiB)
631
  7.339489 seconds (3.16 M allocations: 2.055 GiB)
832
  7.074601 seconds (2.95 M allocations: 1.942 GiB)
930
  8.269739 seconds (4.19 M allocations: 2.578 GiB)
530
 26.386981 seconds (5.06 M allocations: 3.127 GiB, 61.51% gc time)
431
 23.184138 seconds (3.07 M allocations: 1.975 GiB, 70.01% gc time)
31
 24.815648 seconds (3.58 M allocations: 2.356 GiB, 65.40% gc time)
382
 23.515003 seconds (2.98 M allocations: 1.973 GiB, 69.02% gc time)
782
 24.251096 seconds (3.40 M allocations: 2.223 GiB, 66.93% gc time)
280
 26.108937 seconds (4.24 M allocations: 2.761 GiB, 62.16% gc time)
181
 26.581711 seconds (4.87 M allocations: 3.068 GiB, 61.06% gc time)
483
 23.952650 seconds (3.42 M allocations: 2.200 GiB, 67.76% gc time)
731
 21.797541 seconds (2.67 M allocations: 1.669 GiB, 74.46% gc time)
83
 26.774618 seconds (5.05 M allocations: 3.161 GiB, 60.62% gc time)
880
 22.856658 seconds (3.28 M allocations: 2.028 GiB, 71.01% gc time)
683
 23.136505 seconds (3.33 M allocations: 2.074 GiB, 70.15% gc time)
984
 24.411624 seconds (4.03 M allocations: 2.495 GiB, 66.49% gc time)
234
 24.423206 seconds (4.06 M allocations: 2.510 GiB, 66.46% gc time)
333
 22.714090 seconds (3.26 M allocations: 2.007 GiB, 71.46% gc time)
582
  6.052184 seconds (2.94 M allocations: 1.833 GiB)
931
  6.053176 seconds (2.89 M allocations: 1.813 GiB)
432
 24.035680 seconds (3.87 M allocations: 2.392 GiB, 67.53% gc time)
632
 25.058656 seconds (4.39 M allocations: 2.710 GiB, 64.77% gc time)
132
 24.048433 seconds (4.00 M allocations: 2.450 GiB, 67.49% gc time)
833
  7.170215 seconds (3.51 M allocations: 2.185 GiB)
32
  6.045639 seconds (3.01 M allocations: 1.860 GiB)
281
  6.061740 seconds (2.75 M allocations: 1.757 GiB)
84
  6.592927 seconds (2.90 M allocations: 1.874 GiB)
484
  7.835566 seconds (4.01 M allocations: 2.459 GiB)
383
  9.631394 seconds (4.65 M allocations: 2.909 GiB)
531
  6.030818 seconds (2.94 M allocations: 1.831 GiB)
684
  6.045556 seconds (2.56 M allocations: 1.677 GiB)
583
  9.108398 seconds (4.34 M allocations: 2.725 GiB)
783
  9.090292 seconds (4.07 M allocations: 2.611 GiB)
182
  9.079019 seconds (4.06 M allocations: 2.609 GiB)
732
  6.019319 seconds (2.89 M allocations: 1.809 GiB)
  9.097092 seconds (4.21 M allocations: 2.670 GiB)
932
881
  6.036546 seconds (2.94 M allocations: 1.834 GiB)
433
  9.060840 seconds (4.21 M allocations: 2.667 GiB)
985
  9.078504 seconds (4.22 M allocations: 2.671 GiB)
235
  6.038775 seconds (2.84 M allocations: 1.792 GiB)
  9.047591 seconds (4.20 M allocations: 2.662 GiB)
33
334
  6.030956 seconds (2.95 M allocations: 1.836 GiB)
  5.924505 seconds (2.90 M allocations: 1.804 GiB)
282
85
  5.836755 seconds (3.04 M allocations: 1.853 GiB)
485
  8.605640 seconds (4.36 M allocations: 2.683 GiB)
633
  8.351411 seconds (4.23 M allocations: 2.602 GiB)
834
  9.014992 seconds (4.51 M allocations: 2.786 GiB)
133
  6.029636 seconds (3.20 M allocations: 1.943 GiB)
685
  5.845226 seconds (3.14 M allocations: 1.897 GiB)
584
  8.474106 seconds (4.09 M allocations: 2.559 GiB)
384
  9.273866 seconds (4.24 M allocations: 2.703 GiB)
532
  6.988619 seconds (2.90 M allocations: 1.920 GiB)
434
  7.828598 seconds (3.68 M allocations: 2.324 GiB)
784
  7.308398 seconds (3.33 M allocations: 2.130 GiB)
933
  8.068615 seconds (3.90 M allocations: 2.441 GiB)
733
  7.553529 seconds (3.46 M allocations: 2.207 GiB)
882
  6.091199 seconds (2.99 M allocations: 1.860 GiB)
34
  5.383238 seconds (2.43 M allocations: 1.559 GiB)
  9.226419 seconds (4.53 M allocations: 2.818 GiB)
634
183
  6.097429 seconds (2.95 M allocations: 1.845 GiB)
486
  6.833727 seconds (3.50 M allocations: 2.151 GiB)
335
  6.413348 seconds (2.95 M allocations: 1.878 GiB)
835
  6.650516 seconds (3.03 M allocations: 1.937 GiB)
134
  9.228455 seconds (4.64 M allocations: 2.867 GiB)
236
  9.282440 seconds (4.24 M allocations: 2.708 GiB)
283
  6.037495 seconds (2.89 M allocations: 1.814 GiB)
385
 10.423618 seconds (5.22 M allocations: 3.230 GiB)
986
  8.207953 seconds (3.75 M allocations: 2.391 GiB)
686
  6.025897 seconds (2.94 M allocations: 1.833 GiB)
785
 10.938075 seconds (5.15 M allocations: 3.252 GiB)
86
  6.216872 seconds (3.09 M allocations: 1.914 GiB)
435
 18.976964 seconds (2.89 M allocations: 1.814 GiB, 68.12% gc time)
883
 18.943559 seconds (2.71 M allocations: 1.733 GiB, 68.24% gc time)
635
 22.824280 seconds (4.63 M allocations: 2.927 GiB, 56.64% gc time)
585
 19.454192 seconds (3.08 M allocations: 1.940 GiB, 66.45% gc time)
35
 20.206104 seconds (3.47 M allocations: 2.177 GiB, 63.98% gc time)
734
 18.978433 seconds (2.91 M allocations: 1.818 GiB, 68.12% gc time)
336
 20.108824 seconds (3.28 M allocations: 2.088 GiB, 64.29% gc time)
487
 20.544271 seconds (3.70 M allocations: 2.304 GiB, 62.92% gc time)
184
 22.496141 seconds (5.08 M allocations: 3.074 GiB, 57.46% gc time)
533
 22.165781 seconds (4.78 M allocations: 2.916 GiB, 58.32% gc time)
934
 20.890406 seconds (3.76 M allocations: 2.366 GiB, 61.88% gc time)
836
 19.979685 seconds (3.37 M allocations: 2.110 GiB, 64.70% gc time)
237
 19.657754 seconds (3.36 M allocations: 2.075 GiB, 65.76% gc time)
284
 21.745286 seconds (4.16 M allocations: 2.619 GiB, 59.45% gc time)
135
  6.021990 seconds (2.66 M allocations: 1.718 GiB)
884
  6.581978 seconds (3.07 M allocations: 1.944 GiB)
87
 21.118901 seconds (3.87 M allocations: 2.437 GiB, 61.21% gc time)
987
  6.027553 seconds (2.74 M allocations: 1.751 GiB)
636
  6.037021 seconds (2.71 M allocations: 1.739 GiB)
586
  6.033277 seconds (2.70 M allocations: 1.738 GiB)
36
  6.027554 seconds (2.81 M allocations: 1.782 GiB)
337
 22.620469 seconds (4.97 M allocations: 3.045 GiB, 57.15% gc time)
386
  5.495492 seconds (2.67 M allocations: 1.670 GiB)
185
  6.503964 seconds (3.14 M allocations: 1.967 GiB)
488
 23.338517 seconds (5.10 M allocations: 3.172 GiB, 55.39% gc time)
687
  4.351453 seconds (2.28 M allocations: 1.387 GiB)
285
  5.044931 seconds (2.65 M allocations: 1.613 GiB)
837
  9.980830 seconds (5.07 M allocations: 3.119 GiB)
436
  3.227178 seconds (1.67 M allocations: 1.020 GiB)
637
 24.152365 seconds (5.82 M allocations: 3.555 GiB, 53.52% gc time)
786
 10.760915 seconds (4.99 M allocations: 3.168 GiB)
735
  7.624481 seconds (3.67 M allocations: 2.301 GiB)
238
  9.625236 seconds (4.43 M allocations: 2.820 GiB)
935
 10.067943 seconds (4.70 M allocations: 2.975 GiB)
534
  7.662412 seconds (3.59 M allocations: 2.269 GiB)
88
  7.097770 seconds (3.15 M allocations: 2.027 GiB)
587
  6.040735 seconds (2.57 M allocations: 1.684 GiB)
186
  8.315011 seconds (4.10 M allocations: 2.546 GiB)
885
  7.674603 seconds (3.59 M allocations: 2.267 GiB)
37
  6.038811 seconds (2.83 M allocations: 1.787 GiB)
688
  6.046798 seconds (2.80 M allocations: 1.776 GiB)
286
  6.031813 seconds (2.80 M allocations: 1.771 GiB)
838
 10.042090 seconds (5.18 M allocations: 3.170 GiB)
136
  9.630724 seconds (4.96 M allocations: 3.037 GiB)
988
  9.083268 seconds (4.41 M allocations: 2.754 GiB)
338
  6.049856 seconds (2.85 M allocations: 1.796 GiB)
787
  9.049699 seconds (4.60 M allocations: 2.830 GiB)
387
  8.015765 seconds (3.77 M allocations: 2.377 GiB)
437
  7.623042 seconds (3.63 M allocations: 2.279 GiB)
638
  9.203104 seconds (4.58 M allocations: 2.836 GiB)
489
  6.575682 seconds (3.47 M allocations: 2.106 GiB)
736
  3.965284 seconds (1.95 M allocations: 1.213 GiB)
287
  3.796245 seconds (1.83 M allocations: 1.145 GiB)
839
 13.358033 seconds (1.56 M allocations: 1.054 GiB, 69.82% gc time)
339
 17.901954 seconds (3.98 M allocations: 2.519 GiB, 52.10% gc time)
 18.629487 seconds (4.23 M allocations: 2.697 GiB, 50.07% gc time)
 15.947934 seconds (3.11 M allocations: 1.958 GiB, 58.48% gc time)
936
187
239
 16.324869 seconds (3.22 M allocations: 2.042 GiB, 57.13% gc time)
689
 18.929668 seconds (4.68 M allocations: 2.910 GiB, 49.27% gc time)
535
 18.068607 seconds (4.55 M allocations: 2.767 GiB, 51.62% gc time)
89
 14.365723 seconds (2.20 M allocations: 1.417 GiB, 64.93% gc time)
639
 19.124677 seconds (4.72 M allocations: 2.947 GiB, 48.77% gc time)
588
 17.176742 seconds (3.49 M allocations: 2.239 GiB, 54.30% gc time)
989
 16.973819 seconds (3.31 M allocations: 2.144 GiB, 54.95% gc time)
388
 16.154138 seconds (3.08 M allocations: 1.968 GiB, 57.74% gc time)
438
 18.326984 seconds (4.13 M allocations: 2.623 GiB, 50.89% gc time)
137
 19.382958 seconds (4.86 M allocations: 3.033 GiB, 48.12% gc time)
38
 15.948374 seconds (2.99 M allocations: 1.912 GiB, 58.48% gc time)
490
 19.976259 seconds (5.47 M allocations: 3.347 GiB, 46.69% gc time)
886
  6.031781 seconds (3.07 M allocations: 1.884 GiB)
840
 19.454723 seconds (4.76 M allocations: 2.998 GiB, 47.94% gc time)
788
 18.849783 seconds (4.13 M allocations: 2.674 GiB, 49.48% gc time)
737
  8.643828 seconds (3.84 M allocations: 2.471 GiB)
288
  6.274729 seconds (2.97 M allocations: 1.869 GiB)
690
  6.541419 seconds (3.22 M allocations: 2.001 GiB)
240
  6.654497 seconds (3.38 M allocations: 2.077 GiB)
340
  7.141994 seconds (3.65 M allocations: 2.236 GiB)
188
  6.808755 seconds (3.37 M allocations: 2.090 GiB)
536
  4.519941 seconds (1.95 M allocations: 1.266 GiB)
491
  5.541031 seconds (2.99 M allocations: 1.804 GiB)
990
  7.918709 seconds (4.09 M allocations: 2.502 GiB)
937
  7.393782 seconds (3.95 M allocations: 2.388 GiB)
90
  6.767352 seconds (2.99 M allocations: 1.928 GiB)
439
  8.812552 seconds (4.30 M allocations: 2.681 GiB)
640
  6.403901 seconds (2.72 M allocations: 1.783 GiB)
789
  6.032848 seconds (2.55 M allocations: 1.671 GiB)
  6.019323 seconds (2.53 M allocations: 1.665 GiB)
289
738
  6.028260 seconds (2.61 M allocations: 1.698 GiB)
691
  6.026556 seconds (2.55 M allocations: 1.673 GiB)
241
  6.047367 seconds (2.62 M allocations: 1.705 GiB)
341
 10.349059 seconds (4.93 M allocations: 3.096 GiB)
389
 11.317060 seconds (5.59 M allocations: 3.469 GiB)
589
  6.034022 seconds (2.64 M allocations: 1.710 GiB)
537
 10.729541 seconds (4.83 M allocations: 3.097 GiB)
138
  6.025745 seconds (2.65 M allocations: 1.718 GiB)
492
  6.035076 seconds (2.83 M allocations: 1.791 GiB)
991
  6.038219 seconds (2.82 M allocations: 1.787 GiB)
938
  6.033120 seconds (2.94 M allocations: 1.833 GiB)
91
 11.611790 seconds (5.75 M allocations: 3.565 GiB)
39
 10.953120 seconds (5.45 M allocations: 3.375 GiB)
841
 11.946035 seconds (5.99 M allocations: 3.698 GiB)
887
  6.526615 seconds (3.41 M allocations: 2.079 GiB)
440
  4.705941 seconds (2.20 M allocations: 1.389 GiB)
390
 10.813003 seconds (4.96 M allocations: 3.161 GiB)
189
  6.042583 seconds (3.15 M allocations: 1.922 GiB)
739
  7.394039 seconds (3.81 M allocations: 2.333 GiB)
790
  6.238772 seconds (3.22 M allocations: 1.970 GiB)
692
  6.233421 seconds (3.24 M allocations: 1.976 GiB)
342
  6.059939 seconds (2.86 M allocations: 1.802 GiB)
538
  6.050204 seconds (2.78 M allocations: 1.770 GiB)
493
  7.528183 seconds (4.08 M allocations: 2.456 GiB)
290
  7.274464 seconds (3.97 M allocations: 2.386 GiB)
242
  6.062096 seconds (2.93 M allocations: 1.833 GiB)
992
 17.389803 seconds (5.51 M allocations: 3.357 GiB, 39.20% gc time)
641
 15.304307 seconds (3.84 M allocations: 2.457 GiB, 44.55% gc time)
139
 15.303380 seconds (3.70 M allocations: 2.396 GiB, 44.55% gc time)
939
 14.184873 seconds (3.01 M allocations: 1.999 GiB, 48.06% gc time)
888
 15.352702 seconds (3.85 M allocations: 2.465 GiB, 44.41% gc time)
92
 16.476340 seconds (4.61 M allocations: 2.895 GiB, 41.38% gc time)
590
 16.088637 seconds (3.98 M allocations: 2.596 GiB, 42.37% gc time)
40
 12.867573 seconds (3.08 M allocations: 1.893 GiB, 52.98% gc time)
391
 12.850201 seconds (3.07 M allocations: 1.888 GiB, 53.05% gc time)
740
 16.711667 seconds (4.46 M allocations: 2.859 GiB, 40.79% gc time)
842
 12.850091 seconds (3.07 M allocations: 1.885 GiB, 53.05% gc time)
693
 15.858020 seconds (4.33 M allocations: 2.716 GiB, 42.99% gc time)
441
 12.878549 seconds (2.96 M allocations: 1.839 GiB, 52.94% gc time)
539
 12.873227 seconds (2.90 M allocations: 1.817 GiB, 52.96% gc time)
494
 12.884667 seconds (2.80 M allocations: 1.780 GiB, 52.91% gc time)
993
 15.893254 seconds (4.54 M allocations: 2.805 GiB, 42.90% gc time)
190
 15.140947 seconds (3.99 M allocations: 2.501 GiB, 45.03% gc time)
343
 15.890600 seconds (4.49 M allocations: 2.783 GiB, 42.90% gc time)
791
  5.963933 seconds (2.82 M allocations: 1.774 GiB)
889
 15.955905 seconds (4.15 M allocations: 2.648 GiB, 42.73% gc time)
291
 16.457682 seconds (4.22 M allocations: 2.728 GiB, 41.42% gc time)
243
  6.812403 seconds (3.07 M allocations: 1.965 GiB)
93
  8.859749 seconds (3.97 M allocations: 2.548 GiB)
642
  7.436229 seconds (3.71 M allocations: 2.297 GiB)
140
  4.293236 seconds (2.00 M allocations: 1.265 GiB)
495
  6.655149 seconds (3.30 M allocations: 2.044 GiB)
392
  7.045330 seconds (3.49 M allocations: 2.165 GiB)
41
  6.853832 seconds (3.40 M allocations: 2.106 GiB)
741
  7.337792 seconds (3.54 M allocations: 2.213 GiB)
843
  6.478473 seconds (3.04 M allocations: 1.919 GiB)
540
  9.200445 seconds (4.60 M allocations: 2.846 GiB)
591
  6.637803 seconds (3.16 M allocations: 1.989 GiB)
994
 10.379598 seconds (5.24 M allocations: 3.231 GiB)
940
  7.594850 seconds (3.90 M allocations: 2.391 GiB)
442
  8.522341 seconds (4.39 M allocations: 2.689 GiB)
694
  6.669862 seconds (3.44 M allocations: 2.106 GiB)
344
  6.036409 seconds (3.21 M allocations: 1.947 GiB)
890
  7.481849 seconds (3.87 M allocations: 2.368 GiB)
191
  7.280751 seconds (3.80 M allocations: 2.319 GiB)
792
  6.025784 seconds (2.80 M allocations: 1.778 GiB)
496
  6.026317 seconds (2.80 M allocations: 1.779 GiB)
393
  6.035765 seconds (2.76 M allocations: 1.759 GiB)
42
  9.051179 seconds (4.34 M allocations: 2.725 GiB)
292
  6.040082 seconds (2.69 M allocations: 1.734 GiB)
844
  8.696291 seconds (4.08 M allocations: 2.580 GiB)
643
  8.679409 seconds (4.06 M allocations: 2.570 GiB)
94
  5.664217 seconds (2.66 M allocations: 1.680 GiB)
995
  9.255543 seconds (4.50 M allocations: 2.810 GiB)
141
 10.299643 seconds (4.84 M allocations: 3.057 GiB)
244
  6.989998 seconds (2.99 M allocations: 1.955 GiB)
443
  3.935248 seconds (1.87 M allocations: 1.176 GiB)
497
  6.170328 seconds (2.82 M allocations: 1.798 GiB)
891
  8.513577 seconds (4.10 M allocations: 2.566 GiB)
541
  6.231494 seconds (2.96 M allocations: 1.863 GiB)
192
  9.973210 seconds (4.99 M allocations: 3.083 GiB)
742
 16.306095 seconds (3.82 M allocations: 2.429 GiB, 49.05% gc time)
345
 15.746383 seconds (3.46 M allocations: 2.223 GiB, 50.79% gc time)
 18.463875 seconds (4.95 M allocations: 3.118 GiB, 43.32% gc time)
793
592
 17.954834 seconds (4.50 M allocations: 2.881 GiB, 44.54% gc time)
941
 18.690371 seconds (4.85 M allocations: 3.101 GiB, 42.79% gc time)
695
 14.014320 seconds (2.66 M allocations: 1.716 GiB, 57.07% gc time)
996
 14.376057 seconds (2.87 M allocations: 1.839 GiB, 55.63% gc time)
95
 14.054383 seconds (2.80 M allocations: 1.778 GiB, 56.91% gc time)
142
 14.881803 seconds (3.29 M allocations: 2.065 GiB, 53.74% gc time)
644
 12.303375 seconds (1.94 M allocations: 1.242 GiB, 65.01% gc time)
193
 15.333410 seconds (3.81 M allocations: 2.323 GiB, 52.16% gc time)
 16.768750 seconds (4.49 M allocations: 2.753 GiB, 47.70% gc time)
845
394
 15.996633 seconds (4.31 M allocations: 2.598 GiB, 50.00% gc time)
293
 14.054360 seconds (2.94 M allocations: 1.836 GiB, 56.91% gc time)
542
 15.231069 seconds (3.75 M allocations: 2.289 GiB, 52.51% gc time)
245
 15.498671 seconds (3.76 M allocations: 2.322 GiB, 51.60% gc time)
444
 15.502842 seconds (3.76 M allocations: 2.324 GiB, 51.59% gc time)
498
 15.146984 seconds (3.65 M allocations: 2.240 GiB, 52.80% gc time)
892
 19.003548 seconds (5.81 M allocations: 3.525 GiB, 42.09% gc time)
43
  6.023088 seconds (3.03 M allocations: 1.869 GiB)
942
  7.477550 seconds (3.30 M allocations: 2.131 GiB)
794
  5.188021 seconds (2.05 M allocations: 1.380 GiB)
194
 17.751645 seconds (4.44 M allocations: 2.834 GiB, 45.05% gc time)
743
  6.292765 seconds (3.01 M allocations: 1.891 GiB)
96
  6.307272 seconds (2.90 M allocations: 1.846 GiB)
645
  4.020308 seconds (1.65 M allocations: 1.095 GiB)
499
  7.932562 seconds (4.04 M allocations: 2.483 GiB)
696
  9.879316 seconds (4.93 M allocations: 3.050 GiB)
346
  7.406949 seconds (3.70 M allocations: 2.290 GiB)
143
  9.520278 seconds (4.67 M allocations: 2.907 GiB)
593
  6.110902 seconds (2.75 M allocations: 1.762 GiB)
445
  7.635446 seconds (3.58 M allocations: 2.260 GiB)
294
  8.581709 seconds (3.98 M allocations: 2.522 GiB)
846
  9.540560 seconds (4.93 M allocations: 3.015 GiB)
997
  9.416326 seconds (4.39 M allocations: 2.779 GiB)
395
  9.072312 seconds (4.07 M allocations: 2.613 GiB)
246
  6.029711 seconds (2.83 M allocations: 1.789 GiB)
795
  6.026714 seconds (2.82 M allocations: 1.784 GiB)
195
  9.958604 seconds (4.53 M allocations: 2.893 GiB)
543
  6.031511 seconds (2.98 M allocations: 1.852 GiB)
744
  6.030128 seconds (2.97 M allocations: 1.848 GiB)
97
  9.403388 seconds (4.39 M allocations: 2.783 GiB)
44
  6.029496 seconds (3.08 M allocations: 1.893 GiB)
646
  6.044503 seconds (3.15 M allocations: 1.923 GiB)
500
  9.118110 seconds (4.61 M allocations: 2.843 GiB)
943
  6.022947 seconds (3.01 M allocations: 1.864 GiB)
144
 11.053898 seconds (5.44 M allocations: 3.385 GiB)
893
  5.705688 seconds (2.65 M allocations: 1.682 GiB)
998
  6.187445 seconds (3.11 M allocations: 1.924 GiB)
446
  6.440673 seconds (3.23 M allocations: 2.000 GiB)
295
  4.405348 seconds (2.27 M allocations: 1.391 GiB)
796
  9.196593 seconds (4.37 M allocations: 2.751 GiB)
347
  9.173482 seconds (4.32 M allocations: 2.730 GiB)
594
  7.040304 seconds (3.49 M allocations: 2.167 GiB)
396
  8.902093 seconds (4.05 M allocations: 2.588 GiB)
847
 10.876780 seconds (5.17 M allocations: 3.253 GiB)
697
  7.301064 seconds (3.80 M allocations: 2.322 GiB)
247
  7.843860 seconds (3.69 M allocations: 2.331 GiB)
196
  7.987916 seconds (3.50 M allocations: 2.267 GiB)
  8.057427 seconds (3.56 M allocations: 2.300 GiB)
98
745
  8.606960 seconds (4.13 M allocations: 2.592 GiB)
544
  6.604564 seconds (2.86 M allocations: 1.861 GiB)
894
  6.035553 seconds (2.67 M allocations: 1.720 GiB)
447
  7.973244 seconds (3.54 M allocations: 2.282 GiB)
944
  8.680472 seconds (4.11 M allocations: 2.589 GiB)
647
  8.635193 seconds (4.05 M allocations: 2.560 GiB)
501
  6.627088 seconds (3.21 M allocations: 2.004 GiB)
999
  9.032900 seconds (4.47 M allocations: 2.775 GiB)
45
  6.206279 seconds (3.25 M allocations: 1.978 GiB)
296
  9.106487 seconds (4.48 M allocations: 2.786 GiB)
145
  7.005949 seconds (3.62 M allocations: 2.216 GiB)
797
  6.035732 seconds (3.09 M allocations: 1.897 GiB)
397
 17.279230 seconds (3.78 M allocations: 2.323 GiB, 56.86% gc time)
348
 15.721250 seconds (2.02 M allocations: 1.438 GiB, 62.50% gc time) 16.604287 seconds (2.37 M allocations: 1.675 GiB, 59.17% gc time)

 14.856028 seconds (1.33 M allocations: 1.063 GiB, 66.14% gc time) 18.594247 seconds (3.89 M allocations: 2.506 GiB, 52.84% gc time)

 16.992714 seconds (3.30 M allocations: 2.095 GiB, 57.82% gc time)
595
 17.534643 seconds (3.32 M allocations: 2.161 GiB, 56.03% gc time)
448
895
 16.889628 seconds (2.68 M allocations: 1.831 GiB, 58.17% gc time)
1000
 16.561826 seconds (3.04 M allocations: 1.945 GiB, 59.32% gc time)
 15.729315 seconds (1.97 M allocations: 1.419 GiB, 62.46% gc time)
 16.365937 seconds (2.45 M allocations: 1.682 GiB, 60.03% gc time)
 16.687183 seconds (2.93 M allocations: 1.911 GiB, 58.88% gc time)
848
698
248
945
545
99
197
 17.291699 seconds (2.77 M allocations: 1.909 GiB, 56.82% gc time)
746
 15.882125 seconds (2.06 M allocations: 1.473 GiB, 61.86% gc time)
46
 16.390046 seconds (3.51 M allocations: 2.122 GiB, 59.95% gc time)
 15.287048 seconds (2.95 M allocations: 1.776 GiB, 64.27% gc time)
146
 16.238643 seconds (3.30 M allocations: 2.019 GiB, 60.50% gc time)
297
 16.980277 seconds (4.06 M allocations: 2.409 GiB, 57.86% gc time)
648
  6.215625 seconds (3.27 M allocations: 1.989 GiB)
398
  7.201003 seconds (3.52 M allocations: 2.196 GiB)
798
  3.223326 seconds (1.97 M allocations: 1.142 GiB)
449
  6.030953 seconds (2.10 M allocations: 1.487 GiB)
546
  6.182324 seconds (2.18 M allocations: 1.536 GiB)
1001
  6.493086 seconds (2.09 M allocations: 1.529 GiB)
699
  6.607953 seconds (2.17 M allocations: 1.576 GiB)
747
  6.844621 seconds (2.98 M allocations: 1.933 GiB)
596
  6.981135 seconds (2.78 M allocations: 1.865 GiB)
946
  6.269050 seconds (2.02 M allocations: 1.481 GiB)
649
  7.069605 seconds (2.77 M allocations: 1.874 GiB)
249
  7.232942 seconds (3.12 M allocations: 2.033 GiB)
849
  7.043345 seconds (2.83 M allocations: 1.894 GiB)
298
  7.652008 seconds (3.35 M allocations: 2.170 GiB)
349
  7.632548 seconds (3.18 M allocations: 2.098 GiB)
147
  8.124407 seconds (3.80 M allocations: 2.405 GiB)
198
  8.487733 seconds (4.35 M allocations: 2.669 GiB)
896
  9.057784 seconds (4.15 M allocations: 2.647 GiB)
100
  9.299435 seconds (4.22 M allocations: 2.702 GiB)
47
  7.687081 seconds (3.48 M allocations: 2.230 GiB)
399
  6.816733 seconds (3.33 M allocations: 2.076 GiB)
450
  8.507222 seconds (3.85 M allocations: 2.468 GiB)
799
  6.037500 seconds (3.01 M allocations: 1.863 GiB)
700
  6.050124 seconds (2.73 M allocations: 1.747 GiB)
947
  6.054986 seconds (2.58 M allocations: 1.688 GiB)
250
  6.027968 seconds (2.58 M allocations: 1.686 GiB)
850
  7.296986 seconds (3.86 M allocations: 2.343 GiB)
547
  6.027257 seconds (2.74 M allocations: 1.749 GiB)
299
  6.024574 seconds (2.61 M allocations: 1.695 GiB)
148
  6.035461 seconds (2.62 M allocations: 1.699 GiB)
199
  8.700140 seconds (4.36 M allocations: 2.694 GiB)
748
  6.039967 seconds (2.33 M allocations: 1.581 GiB)
400
  7.173738 seconds (2.96 M allocations: 1.957 GiB)
897
  8.775877 seconds (4.43 M allocations: 2.727 GiB)
597
  6.100314 seconds (2.67 M allocations: 1.727 GiB)
451
 10.202231 seconds (5.51 M allocations: 3.325 GiB)
  7.514879 seconds (3.41 M allocations: 2.178 GiB)
101
  9.062229 seconds (4.25 M allocations: 2.683 GiB)
350
 10.316618 seconds (5.00 M allocations: 3.121 GiB)
650
  8.244065 seconds (3.67 M allocations: 2.360 GiB)
48
  7.466368 seconds (3.42 M allocations: 2.175 GiB)
800
  6.063773 seconds (3.11 M allocations: 1.903 GiB)
701
  3.189150 seconds (1.49 M allocations: 961.134 MiB)
898
  4.970107 seconds (2.40 M allocations: 1.499 GiB)
149
  7.502829 seconds (3.44 M allocations: 2.188 GiB)
251
  7.717084 seconds (3.73 M allocations: 2.332 GiB)
948
  7.577134 seconds (3.44 M allocations: 2.195 GiB)
300
  7.840571 seconds (3.72 M allocations: 2.337 GiB)
851
  7.045295 seconds (3.28 M allocations: 2.075 GiB)
200
  8.578317 seconds (4.03 M allocations: 2.540 GiB)
  4.220963 seconds (1.85 M allocations: 1.196 GiB)
548
49
  6.222727 seconds (2.92 M allocations: 1.841 GiB)
598
  6.762607 seconds (3.49 M allocations: 2.129 GiB)
749
  7.220312 seconds (3.74 M allocations: 2.280 GiB)
401
 17.728245 seconds (3.13 M allocations: 1.908 GiB, 65.61% gc time)
 19.265305 seconds (3.57 M allocations: 2.250 GiB, 60.37% gc time)
 18.640684 seconds (3.21 M allocations: 2.039 GiB, 62.39% gc time)
351
 18.125366 seconds (3.04 M allocations: 1.915 GiB, 64.17% gc time)
651
 17.267879 seconds (2.53 M allocations: 1.614 GiB, 67.35% gc time)
899
 16.172612 seconds (1.97 M allocations: 1.272 GiB, 71.92% gc time)
301
 18.671616 seconds (3.16 M allocations: 2.021 GiB, 62.29% gc time)
801
 16.712453 seconds (2.45 M allocations: 1.529 GiB, 69.59% gc time)
949
 19.079193 seconds (3.28 M allocations: 2.112 GiB, 60.96% gc time)
150
  3.804018 seconds (1.46 M allocations: 1018.556 MiB)
 19.690731 seconds (3.79 M allocations: 2.388 GiB, 59.07% gc time)
 18.343665 seconds (3.10 M allocations: 1.966 GiB, 63.40% gc time)
 17.082526 seconds (1.91 M allocations: 1.347 GiB, 68.09% gc time)
750
 18.305318 seconds (2.77 M allocations: 1.828 GiB, 63.54% gc time)
 18.217955 seconds (2.74 M allocations: 1.805 GiB, 63.84% gc time)
201
 17.982123 seconds (2.52 M allocations: 1.691 GiB, 64.68% gc time)
549
  4.716235 seconds (1.85 M allocations: 1.252 GiB)
  4.854894 seconds (1.82 M allocations: 1.257 GiB)
 18.488469 seconds (2.70 M allocations: 1.818 GiB, 62.91% gc time)
50
 18.623618 seconds (2.78 M allocations: 1.866 GiB, 62.45% gc time)
599
  3.390272 seconds (1.41 M allocations: 956.225 MiB)
  5.639238 seconds (2.08 M allocations: 1.445 GiB)
900
  4.420077 seconds (1.58 M allocations: 1.113 GiB)
950
  4.153685 seconds (1.58 M allocations: 1.084 GiB)
151
  5.193722 seconds (2.22 M allocations: 1.454 GiB)
  3.754515 seconds (1.50 M allocations: 1.006 GiB)
751
  3.202300 seconds (1.28 M allocations: 879.963 MiB)
550
  4.135208 seconds (1.71 M allocations: 1.135 GiB)
  3.150493 seconds (1.29 M allocations: 880.156 MiB)
51
  3.182515 seconds (1.29 M allocations: 880.699 MiB)
600
  3.018204 seconds (1.21 M allocations: 811.557 MiB)
901
  3.019287 seconds (1.16 M allocations: 791.168 MiB)
951
  3.016429 seconds (1.24 M allocations: 817.448 MiB)
  3.030849 seconds (1.05 M allocations: 712.202 MiB)
  3.358779 seconds (955.98 k allocations: 692.640 MiB)
551
  3.014034 seconds (894.49 k allocations: 624.333 MiB)
  2.997302 seconds (745.81 k allocations: 551.686 MiB)
601
  2.990398 seconds (550.45 k allocations: 426.989 MiB)
  3.117313 seconds (596.62 k allocations: 453.745 MiB)
  3.182975 seconds (318.24 k allocations: 261.253 MiB)
  2.830309 seconds (155.53 k allocations: 173.039 MiB)
