Graph 1 is connected.
Graph 2 is connected.
Graph 3 is connected.
Graph 4 is connected.
Graph 5 is connected.
Graph 6 is connected.
Graph 7 is connected.
Graph 8 is connected.
Graph 9 is connected.
Graph 10 is connected.
Graph 11 is connected.
Matrix 1 normalized.
Matrix 2 normalized.
Matrix 3 normalized.
Matrix 4 normalized.
Matrix 5 normalized.
Matrix 6 normalized.
Matrix 7 normalized.
Matrix 8 normalized.
Matrix 9 normalized.
Matrix 10 normalized.
Matrix 11 normalized.
Number of threads: 20
952
702
102
90252
552

352
1
752452252

502
152
802
302
602

852
652
402
202
  7.013658 seconds (1.05 M allocations: 1.011 GiB, 19.09% gc time)
703
  7.834471 seconds (1.14 M allocations: 1.131 GiB, 17.09% gc time, 1.55% compilation time)
253
  8.772875 seconds (2.53 M allocations: 1.744 GiB, 19.92% gc time, 1.39% compilation time)
803
 11.256071 seconds (1.82 M allocations: 1.455 GiB, 37.96% gc time, 1.08% compilation time)
153
 11.145751 seconds (1.45 M allocations: 1.293 GiB, 38.33% gc time, 1.09% compilation time)
653
 11.460516 seconds (1.80 M allocations: 1.468 GiB, 37.28% gc time, 1.06% compilation time)
553
 12.160065 seconds (2.69 M allocations: 1.855 GiB, 38.50% gc time, 1.00% compilation time)
 11.468526 seconds (1.79 M allocations: 1.468 GiB, 37.25% gc time, 1.06% compilation time)
903
103
 11.726939 seconds (2.12 M allocations: 1.628 GiB, 36.43% gc time, 1.04% compilation time)
503
 11.826092 seconds (2.20 M allocations: 1.673 GiB, 36.13% gc time, 1.03% compilation time)
303
 11.833688 seconds (2.22 M allocations: 1.683 GiB, 36.10% gc time, 1.03% compilation time)
 12.122212 seconds (3.02 M allocations: 2.035 GiB, 35.24% gc time, 1.00% compilation time)
 12.043845 seconds (2.62 M allocations: 1.868 GiB, 35.47% gc time, 1.01% compilation time)
453
753
 11.901151 seconds (2.29 M allocations: 1.720 GiB, 35.90% gc time, 1.02% compilation time)
203
2
 12.655224 seconds (3.86 M allocations: 2.432 GiB, 33.76% gc time, 0.96% compilation time)
953
 12.571943 seconds (3.31 M allocations: 2.203 GiB, 33.98% gc time, 0.97% compilation time)
353
 12.652588 seconds (3.40 M allocations: 2.250 GiB, 33.77% gc time, 0.96% compilation time)
603
 12.680371 seconds (3.45 M allocations: 2.274 GiB, 33.69% gc time, 0.96% compilation time)
53
 12.814135 seconds (3.72 M allocations: 2.396 GiB, 33.34% gc time, 0.95% compilation time)
403
 13.268154 seconds (4.41 M allocations: 2.720 GiB, 32.20% gc time, 0.92% compilation time)
853
  6.832569 seconds (1.00 M allocations: 931.951 MiB, 13.79% gc time)
54
 11.735871 seconds (3.47 M allocations: 2.119 GiB, 33.03% gc time)
254
  8.233608 seconds (2.78 M allocations: 1.779 GiB, 11.45% gc time)
104
  8.929579 seconds (3.50 M allocations: 2.150 GiB, 10.55% gc time)
804
 12.410973 seconds (4.07 M allocations: 2.438 GiB, 31.23% gc time)
704
  9.527577 seconds (3.87 M allocations: 2.363 GiB, 9.89% gc time)
154
  9.494458 seconds (3.62 M allocations: 2.259 GiB, 9.93% gc time)
554
  5.784425 seconds (1.80 M allocations: 1.335 GiB)
404
  9.365763 seconds (3.00 M allocations: 1.991 GiB, 10.06% gc time)
304
 10.155667 seconds (4.23 M allocations: 2.577 GiB, 9.28% gc time)
654
  9.343716 seconds (3.04 M allocations: 2.010 GiB, 10.09% gc time)
3
  9.356104 seconds (3.07 M allocations: 2.023 GiB, 10.07% gc time)
454
  8.947628 seconds (2.66 M allocations: 1.814 GiB, 10.53% gc time)
604
  9.391849 seconds (3.34 M allocations: 2.135 GiB, 10.03% gc time)
954
 10.134663 seconds (4.02 M allocations: 2.492 GiB, 9.30% gc time)
754
 10.246124 seconds (3.67 M allocations: 2.360 GiB, 9.20% gc time)
354
 10.921993 seconds (4.45 M allocations: 2.748 GiB, 8.63% gc time)
504
 11.441389 seconds (5.06 M allocations: 3.049 GiB, 8.24% gc time)
904
 11.535260 seconds (4.73 M allocations: 2.931 GiB, 8.17% gc time)
204
  8.735378 seconds (3.90 M allocations: 2.505 GiB)
854
  6.546956 seconds (2.73 M allocations: 1.800 GiB)
555
  6.217136 seconds (2.09 M allocations: 1.501 GiB)
655
  6.110715 seconds (1.97 M allocations: 1.443 GiB)
605
  8.483349 seconds (4.11 M allocations: 2.569 GiB)
255
  8.305416 seconds (3.82 M allocations: 2.429 GiB)
  7.720795 seconds (3.60 M allocations: 2.277 GiB)
805
  7.018103 seconds (2.86 M allocations: 1.899 GiB)
305
155
  6.682583 seconds (2.51 M allocations: 1.721 GiB)
955
  7.171680 seconds (3.05 M allocations: 1.993 GiB)
405
  7.076921 seconds (2.96 M allocations: 1.948 GiB)
455
  8.692418 seconds (4.45 M allocations: 2.729 GiB)
705
  6.106914 seconds (2.74 M allocations: 1.754 GiB)
355
  9.330847 seconds (5.15 M allocations: 3.082 GiB)
  6.226176 seconds (2.90 M allocations: 1.836 GiB)
105
505
  7.715595 seconds (3.73 M allocations: 2.330 GiB)
4
  7.425854 seconds (3.70 M allocations: 2.287 GiB)
 10.095548 seconds (5.92 M allocations: 3.480 GiB)
55
755
  7.316383 seconds (3.53 M allocations: 2.203 GiB)
205
  7.952498 seconds (3.76 M allocations: 2.365 GiB)
905
  7.631311 seconds (3.71 M allocations: 2.310 GiB)
855
  7.043799 seconds (3.38 M allocations: 2.115 GiB)
556
  7.235183 seconds (3.52 M allocations: 2.193 GiB)
656
  7.368094 seconds (3.66 M allocations: 2.262 GiB)
606
  6.122778 seconds (1.97 M allocations: 1.437 GiB)
5
  7.489060 seconds (3.34 M allocations: 2.137 GiB)
  7.441809 seconds (3.24 M allocations: 2.094 GiB)
156
806
  7.529504 seconds (3.29 M allocations: 2.122 GiB)
306
  6.311311 seconds (1.98 M allocations: 1.462 GiB)
56
  7.425596 seconds (3.18 M allocations: 2.067 GiB)
406
  7.663746 seconds (3.53 M allocations: 2.236 GiB)
956
  7.711959 seconds (3.64 M allocations: 2.287 GiB)
456
  7.540684 seconds (3.57 M allocations: 2.238 GiB)
356
  8.566576 seconds (4.86 M allocations: 2.874 GiB)
256
  7.457270 seconds (3.46 M allocations: 2.183 GiB)
106
  8.181108 seconds (4.20 M allocations: 2.564 GiB)
706
  7.581400 seconds (3.54 M allocations: 2.232 GiB)
756
  8.579534 seconds (4.05 M allocations: 2.542 GiB)
506
  7.405878 seconds (3.57 M allocations: 2.226 GiB)
206
  7.559838 seconds (3.66 M allocations: 2.277 GiB)
906
  7.628798 seconds (3.70 M allocations: 2.304 GiB)
856
  7.452345 seconds (3.54 M allocations: 2.216 GiB)
657
  7.729853 seconds (3.67 M allocations: 2.298 GiB)
557
  7.760819 seconds (3.69 M allocations: 2.308 GiB)
607
  7.086136 seconds (2.97 M allocations: 1.942 GiB)
307
  7.960502 seconds (3.86 M allocations: 2.397 GiB)
6
  7.511682 seconds (3.38 M allocations: 2.154 GiB)
807
  7.589150 seconds (3.41 M allocations: 2.173 GiB)
  6.609539 seconds (2.28 M allocations: 1.610 GiB)
157
707
  6.904089 seconds (2.51 M allocations: 1.736 GiB)
  7.437151 seconds (3.13 M allocations: 2.043 GiB)
957
107
  7.546648 seconds (3.30 M allocations: 2.124 GiB)
407
  7.788365 seconds (3.66 M allocations: 2.295 GiB)
57
 15.467870 seconds (3.57 M allocations: 2.229 GiB, 51.22% gc time)
357
 15.466893 seconds (3.57 M allocations: 2.229 GiB, 51.23% gc time)
257
 16.275008 seconds (4.19 M allocations: 2.564 GiB, 48.68% gc time)
457
 15.738078 seconds (3.66 M allocations: 2.295 GiB, 50.34% gc time)
757
 16.091472 seconds (3.77 M allocations: 2.374 GiB, 49.24% gc time)
507
 15.885919 seconds (3.70 M allocations: 2.327 GiB, 49.87% gc time)
207
  3.016201 seconds (1.61 M allocations: 995.012 MiB)
808
 16.617515 seconds (3.98 M allocations: 2.518 GiB, 47.68% gc time)
907
 16.318123 seconds (3.94 M allocations: 2.466 GiB, 48.55% gc time)
857
  6.054059 seconds (2.39 M allocations: 1.603 GiB)
708
  6.039180 seconds (2.24 M allocations: 1.541 GiB)
408
 15.543091 seconds (3.93 M allocations: 2.388 GiB, 50.97% gc time)
558
 15.013948 seconds (3.36 M allocations: 2.099 GiB, 52.77% gc time)
7
  7.009005 seconds (2.86 M allocations: 1.896 GiB)
958
  7.420551 seconds (3.22 M allocations: 2.083 GiB)
158
  7.430815 seconds (3.16 M allocations: 2.062 GiB)
108
 16.875185 seconds (4.75 M allocations: 2.861 GiB, 46.95% gc time)
658
  6.709407 seconds (2.78 M allocations: 1.832 GiB)
458
 16.767896 seconds (4.89 M allocations: 2.913 GiB, 47.25% gc time)
608
 16.843509 seconds (4.91 M allocations: 2.926 GiB, 47.04% gc time)
308
  8.893049 seconds (3.96 M allocations: 2.541 GiB)
58
  9.190532 seconds (3.95 M allocations: 2.572 GiB)
258
  6.913831 seconds (3.07 M allocations: 1.974 GiB)
809
  9.781035 seconds (4.18 M allocations: 2.730 GiB)
358
  9.689123 seconds (4.16 M allocations: 2.708 GiB)
758
  3.284827 seconds (1.44 M allocations: 952.686 MiB)
459
  7.463228 seconds (3.42 M allocations: 2.177 GiB)
858
  9.719702 seconds (4.43 M allocations: 2.823 GiB)
508
  6.041209 seconds (3.20 M allocations: 1.941 GiB)
709
  6.028801 seconds (3.24 M allocations: 1.958 GiB)
409
  6.082767 seconds (3.35 M allocations: 2.007 GiB)
559
 10.776212 seconds (5.00 M allocations: 3.168 GiB)
208
  5.380068 seconds (2.44 M allocations: 1.559 GiB)
309
  6.353646 seconds (3.19 M allocations: 1.971 GiB)
159
  6.282082 seconds (3.11 M allocations: 1.930 GiB)
659
  5.945155 seconds (2.99 M allocations: 1.845 GiB)
609
  7.338843 seconds (4.08 M allocations: 2.440 GiB)
959
 11.156622 seconds (5.55 M allocations: 3.435 GiB)
908
  4.094253 seconds (2.24 M allocations: 1.345 GiB)
460
  6.271759 seconds (3.24 M allocations: 1.982 GiB)
259
  7.429712 seconds (3.69 M allocations: 2.287 GiB)
59
  9.850262 seconds (5.21 M allocations: 3.165 GiB)
8
  6.014976 seconds (3.18 M allocations: 1.931 GiB)
759
  7.355105 seconds (3.71 M allocations: 2.288 GiB)
810
  6.885043 seconds (3.34 M allocations: 2.085 GiB)
859
  6.417376 seconds (3.08 M allocations: 1.931 GiB)
710
 12.220715 seconds (5.81 M allocations: 3.653 GiB)
  7.018297 seconds (3.09 M allocations: 1.995 GiB)
109
560
  6.572306 seconds (3.15 M allocations: 1.976 GiB)
209
  6.092407 seconds (2.74 M allocations: 1.755 GiB)
660
  9.770361 seconds (4.84 M allocations: 3.001 GiB)
359
  8.637424 seconds (4.24 M allocations: 2.637 GiB)
509
  7.047928 seconds (3.50 M allocations: 2.168 GiB)
310
  8.723315 seconds (4.39 M allocations: 2.705 GiB)
410
  7.530448 seconds (3.75 M allocations: 2.318 GiB)
160
  6.954710 seconds (3.34 M allocations: 2.091 GiB)
909
  8.283673 seconds (3.95 M allocations: 2.476 GiB)
610
  6.927429 seconds (3.07 M allocations: 1.974 GiB)
9
  6.690503 seconds (2.90 M allocations: 1.881 GiB)
811
  8.061502 seconds (3.58 M allocations: 2.302 GiB)
60
 12.945532 seconds (2.74 M allocations: 1.750 GiB, 53.07% gc time)
711
 13.231723 seconds (2.95 M allocations: 1.867 GiB, 51.92% gc time)
860
 15.396074 seconds (3.84 M allocations: 2.456 GiB, 44.62% gc time)
760
 17.383602 seconds (4.80 M allocations: 3.057 GiB, 39.52% gc time)
461
 12.953854 seconds (2.83 M allocations: 1.790 GiB, 53.03% gc time)
210
 12.966206 seconds (2.79 M allocations: 1.774 GiB, 52.98% gc time)
360
 18.850560 seconds (5.63 M allocations: 3.548 GiB, 36.44% gc time)
960
 17.617554 seconds (5.26 M allocations: 3.269 GiB, 38.99% gc time)
260
 13.066562 seconds (2.89 M allocations: 1.828 GiB, 52.58% gc time)
311
 13.365745 seconds (2.87 M allocations: 1.850 GiB, 51.40% gc time)
161
 13.007066 seconds (2.69 M allocations: 1.741 GiB, 52.82% gc time)
910
 15.218080 seconds (3.99 M allocations: 2.500 GiB, 45.14% gc time)
661
 12.931748 seconds (2.88 M allocations: 1.809 GiB, 53.12% gc time)
611
 16.037769 seconds (4.80 M allocations: 2.916 GiB, 42.83% gc time)
561
 15.549630 seconds (4.19 M allocations: 2.618 GiB, 44.18% gc time)
510
 12.954829 seconds (3.20 M allocations: 1.946 GiB, 53.03% gc time)
 16.840546 seconds (5.14 M allocations: 3.142 GiB, 40.79% gc time)
10
  6.023796 seconds (2.69 M allocations: 1.731 GiB) 16.834647 seconds (4.34 M allocations: 2.815 GiB, 40.81% gc time)  6.049672 seconds (3.05 M allocations: 1.882 GiB)  6.029616 seconds (2.11 M allocations: 1.490 GiB)  7.773220 seconds (3.06 M allocations: 2.062 GiB)




  5.860910 seconds (2.64 M allocations: 1.696 GiB)
  6.333280 seconds (2.29 M allocations: 1.598 GiB)
110
361411
812
712
61
  3.794001 seconds (1.15 M allocations: 887.107 MiB)
861
211
911

  4.205815 seconds (2.11 M allocations: 1.307 GiB)
  7.248368 seconds (3.92 M allocations: 2.364 GiB)
761
612
  4.040598 seconds (2.23 M allocations: 1.337 GiB)
511
  8.207753 seconds (4.41 M allocations: 2.665 GiB)
462
  7.813800 seconds (4.10 M allocations: 2.499 GiB)
961
  7.642662 seconds (4.08 M allocations: 2.469 GiB)
261
  7.582125 seconds (4.05 M allocations: 2.451 GiB)
312
  6.391962 seconds (3.56 M allocations: 2.128 GiB)
662
  6.232557 seconds (3.51 M allocations: 2.090 GiB)
562
  8.661248 seconds (4.41 M allocations: 2.713 GiB)
162
  6.047087 seconds (2.67 M allocations: 1.719 GiB)
362
  4.048786 seconds (1.14 M allocations: 909.791 MiB)
313
  6.750792 seconds (2.78 M allocations: 1.839 GiB)
412
  6.941841 seconds (3.13 M allocations: 2.005 GiB)
713
  7.122727 seconds (2.75 M allocations: 1.867 GiB)
613
  7.489804 seconds (3.09 M allocations: 2.047 GiB)
62
  6.894806 seconds (2.80 M allocations: 1.868 GiB)
512
  6.454798 seconds (2.65 M allocations: 1.759 GiB)
463
  7.789909 seconds (3.27 M allocations: 2.154 GiB)
762
  8.565988 seconds (3.89 M allocations: 2.487 GiB)
813
  8.778135 seconds (4.00 M allocations: 2.550 GiB)
212
  6.478156 seconds (2.60 M allocations: 1.740 GiB)
563
  6.945288 seconds (2.91 M allocations: 1.916 GiB)
663
  9.452398 seconds (4.58 M allocations: 2.861 GiB)
11
  9.437069 seconds (4.48 M allocations: 2.818 GiB)
912
  9.700592 seconds (4.86 M allocations: 3.002 GiB)
862
  8.080267 seconds (3.91 M allocations: 2.446 GiB)
962
 10.071116 seconds (5.03 M allocations: 3.112 GiB)
111
  9.726321 seconds (4.34 M allocations: 2.792 GiB)
262
  7.753275 seconds (3.61 M allocations: 2.287 GiB)
163
  6.159917 seconds (2.90 M allocations: 1.830 GiB)
  6.047965 seconds (2.80 M allocations: 1.779 GiB)
614
63
 14.697252 seconds (2.91 M allocations: 1.825 GiB, 58.44% gc time)
513
 16.544056 seconds (3.90 M allocations: 2.425 GiB, 51.92% gc time)
314
 14.767441 seconds (2.98 M allocations: 1.859 GiB, 58.16% gc time)
464
 16.924567 seconds (4.36 M allocations: 2.654 GiB, 50.75% gc time)
363
 14.846966 seconds (3.06 M allocations: 1.904 GiB, 57.85% gc time)
763
 14.663402 seconds (3.20 M allocations: 1.939 GiB, 58.57% gc time)
814
 14.813068 seconds (3.23 M allocations: 1.967 GiB, 57.98% gc time)
213
 16.950660 seconds (4.63 M allocations: 2.764 GiB, 50.67% gc time)
714
 14.675170 seconds (2.71 M allocations: 1.738 GiB, 58.53% gc time)
963
 17.887692 seconds (5.09 M allocations: 3.050 GiB, 48.02% gc time)
413
 16.072019 seconds (3.41 M allocations: 2.173 GiB, 53.44% gc time)
12
 16.223048 seconds (3.49 M allocations: 2.222 GiB, 52.94% gc time)
913
 14.537213 seconds (2.78 M allocations: 1.756 GiB, 59.08% gc time)
164
 17.751531 seconds (4.46 M allocations: 2.777 GiB, 48.38% gc time)
564
 17.606062 seconds (4.27 M allocations: 2.683 GiB, 48.78% gc time)
664
 17.754287 seconds (4.08 M allocations: 2.621 GiB, 48.38% gc time)
863
 17.532391 seconds (4.02 M allocations: 2.573 GiB, 48.99% gc time)
112
  5.392037 seconds (2.52 M allocations: 1.592 GiB)
465
  5.026947 seconds (2.24 M allocations: 1.441 GiB)
214
  5.196951 seconds (2.13 M allocations: 1.413 GiB)
964
 18.003998 seconds (4.38 M allocations: 2.771 GiB, 47.71% gc time)
263
  7.884337 seconds (4.02 M allocations: 2.467 GiB)
64
  7.880098 seconds (3.88 M allocations: 2.409 GiB)
315
  7.427961 seconds (3.39 M allocations: 2.161 GiB)
815
  6.936645 seconds (3.15 M allocations: 2.012 GiB)
715
  8.447211 seconds (3.95 M allocations: 2.496 GiB)
764
  9.063269 seconds (4.57 M allocations: 2.814 GiB)
514
  8.851899 seconds (4.27 M allocations: 2.670 GiB)
364
  9.652098 seconds (5.09 M allocations: 3.089 GiB)
615
  6.436532 seconds (3.30 M allocations: 2.020 GiB)
13
  6.379615 seconds (3.25 M allocations: 1.995 GiB)
165
  7.499821 seconds (3.69 M allocations: 2.290 GiB)
914
  9.590867 seconds (4.41 M allocations: 2.805 GiB)
414
  6.030943 seconds (2.67 M allocations: 1.720 GiB)
965
  8.221262 seconds (3.57 M allocations: 2.316 GiB)
864
  8.851970 seconds (3.83 M allocations: 2.492 GiB)
665
  9.121590 seconds (4.16 M allocations: 2.652 GiB)
565
  6.024859 seconds (2.88 M allocations: 1.807 GiB)
264
  6.028739 seconds (3.02 M allocations: 1.866 GiB)
65
  6.031635 seconds (3.06 M allocations: 1.880 GiB)
316
  9.064667 seconds (4.47 M allocations: 2.776 GiB)
113
  6.043821 seconds (2.95 M allocations: 1.839 GiB)
716
  8.710665 seconds (4.44 M allocations: 2.729 GiB)
466
  6.101261 seconds (3.20 M allocations: 1.949 GiB)
765
  5.722297 seconds (2.69 M allocations: 1.698 GiB)
14
  9.446638 seconds (4.94 M allocations: 3.009 GiB)
215
  6.308244 seconds (2.71 M allocations: 1.770 GiB)
  6.940344 seconds (3.11 M allocations: 1.998 GiB)
616
915
  4.022871 seconds (2.14 M allocations: 1.299 GiB)
865
  7.139829 seconds (3.46 M allocations: 2.166 GiB)
166
  8.650270 seconds (4.13 M allocations: 2.596 GiB)
365
  9.997854 seconds (5.05 M allocations: 3.114 GiB)
816
  9.123674 seconds (4.55 M allocations: 2.818 GiB)
515
  5.192866 seconds (2.68 M allocations: 1.639 GiB)
66
  6.732510 seconds (3.14 M allocations: 1.990 GiB)
566
  6.036896 seconds (2.64 M allocations: 1.709 GiB)
717
  8.843908 seconds (4.44 M allocations: 2.742 GiB)
415
  6.223712 seconds (2.78 M allocations: 1.788 GiB)
467
  6.055234 seconds (2.67 M allocations: 1.725 GiB)
15
  8.630111 seconds (4.15 M allocations: 2.600 GiB)
265
  6.043616 seconds (2.44 M allocations: 1.631 GiB)  9.339898 seconds (3.65 M allocations: 2.470 GiB)
  6.082004 seconds (1.74 M allocations: 1.345 GiB)

  9.489405 seconds (4.00 M allocations: 2.631 GiB)
  6.230014 seconds (2.49 M allocations: 1.669 GiB)
  5.913199 seconds (2.22 M allocations: 1.525 GiB)
  9.373848 seconds (4.67 M allocations: 2.891 GiB)
  8.474286 seconds (3.20 M allocations: 2.192 GiB)
  6.090450 seconds (1.77 M allocations: 1.357 GiB)
  5.092446 seconds (1.13 M allocations: 974.560 MiB)
  4.675561 seconds (592.30 k allocations: 659.286 MiB)
  5.357489 seconds (1.29 M allocations: 1.041 GiB)
  4.718829 seconds (795.48 k allocations: 792.618 MiB)
  6.899502 seconds (2.26 M allocations: 1.644 GiB)  6.511782 seconds (2.07 M allocations: 1.524 GiB)  7.452880 seconds (2.55 M allocations: 1.814 GiB)
  9.724900 seconds (4.46 M allocations: 2.842 GiB)

  4.569902 seconds (860.64 k allocations: 817.686 MiB)
  5.663458 seconds (1.54 M allocations: 1.220 GiB)
916
114

966
617
366
317
766
516
666
866
567
817
167
16
67
718
216
468
416
  6.063330 seconds (1.69 M allocations: 1.316 GiB)
17
  6.058088 seconds (1.48 M allocations: 1.230 GiB)
  6.048292 seconds (1.39 M allocations: 1.193 GiB)
  6.049176 seconds (1.38 M allocations: 1.192 GiB)
  6.050450 seconds (1.31 M allocations: 1.162 GiB)
  6.043217 seconds (1.25 M allocations: 1.137 GiB)
  6.049664 seconds (1.27 M allocations: 1.149 GiB)
  6.041751 seconds (1.21 M allocations: 1.124 GiB)
367
318
767
217
967
417
618
  8.058475 seconds (2.38 M allocations: 1.808 GiB)
  8.036485 seconds (2.32 M allocations: 1.783 GiB)
818
517
  8.634991 seconds (2.71 M allocations: 2.005 GiB)
  8.623061 seconds (2.70 M allocations: 1.999 GiB)
667
115
  8.802810 seconds (3.02 M allocations: 2.148 GiB)
266
  8.848279 seconds (3.09 M allocations: 2.184 GiB)
  8.852369 seconds (3.10 M allocations: 2.186 GiB)
867
568
  9.098316 seconds (3.65 M allocations: 2.437 GiB)
  9.081990 seconds (3.54 M allocations: 2.392 GiB)
  9.073096 seconds (3.47 M allocations: 2.363 GiB)
168
719
917
  9.072121 seconds (3.48 M allocations: 2.370 GiB)
  9.098228 seconds (3.51 M allocations: 2.383 GiB)
469
68
  5.415227 seconds (2.72 M allocations: 1.678 GiB)
18
  6.817844 seconds (2.87 M allocations: 1.887 GiB)
218
  7.246868 seconds (3.16 M allocations: 2.047 GiB)
368
  7.465590 seconds (3.30 M allocations: 2.131 GiB)
319
  7.630173 seconds (3.36 M allocations: 2.172 GiB)
968
  5.157013 seconds (2.49 M allocations: 1.555 GiB)
668
  7.896399 seconds (3.63 M allocations: 2.312 GiB)
418
  5.129915 seconds (1.80 M allocations: 1.268 GiB)
720
  9.126615 seconds (4.09 M allocations: 2.628 GiB)
  9.119636 seconds (4.08 M allocations: 2.624 GiB)
768
619
  7.743104 seconds (3.89 M allocations: 2.403 GiB)
  7.735350 seconds (3.87 M allocations: 2.395 GiB)
819
518
  7.719676 seconds (3.49 M allocations: 2.233 GiB)
569
  7.555197 seconds (2.82 M allocations: 1.942 GiB)  8.524616 seconds (3.61 M allocations: 2.368 GiB)
  4.584406 seconds (1.62 M allocations: 1.139 GiB)

  8.801349 seconds (3.99 M allocations: 2.549 GiB)
  8.454271 seconds (3.01 M allocations: 2.111 GiB)
  5.351756 seconds (2.30 M allocations: 1.499 GiB)
  8.866807 seconds (2.97 M allocations: 2.136 GiB)
  4.335938 seconds (1.33 M allocations: 1021.672 MiB)  9.113565 seconds (3.01 M allocations: 2.179 GiB)

  7.702280 seconds (3.44 M allocations: 2.210 GiB)
868
116
419
169
267
470
69
918
969
19
  5.662715 seconds (2.94 M allocations: 1.799 GiB)
219
  6.512075 seconds (3.82 M allocations: 2.245 GiB)
369
  6.074263 seconds (3.31 M allocations: 1.993 GiB)
669
  6.142443 seconds (3.36 M allocations: 2.017 GiB)
721
  8.410384 seconds (4.29 M allocations: 2.636 GiB)
320
  6.252324 seconds (3.07 M allocations: 1.909 GiB)
820
  6.425207 seconds (3.26 M allocations: 2.005 GiB)
519
  7.749550 seconds (3.87 M allocations: 2.393 GiB)
769
  8.181375 seconds (4.07 M allocations: 2.521 GiB)
620
  5.518846 seconds (1.97 M allocations: 1.379 GiB)
570
  6.240967 seconds (2.18 M allocations: 1.540 GiB)
20
  6.284699 seconds (2.23 M allocations: 1.567 GiB)
117
 11.474810 seconds (1.99 M allocations: 1.352 GiB, 54.81% gc time)
670
 13.193362 seconds (2.63 M allocations: 1.791 GiB, 47.67% gc time)
970
 13.532311 seconds (2.86 M allocations: 1.921 GiB, 46.48% gc time)
420
 14.583563 seconds (3.07 M allocations: 2.067 GiB, 46.23% gc time)
170
 13.504562 seconds (2.83 M allocations: 1.858 GiB, 49.92% gc time)
370
 14.965892 seconds (3.35 M allocations: 2.221 GiB, 45.05% gc time)
220
 15.734208 seconds (3.70 M allocations: 2.442 GiB, 42.85% gc time)
919
 15.861194 seconds (4.20 M allocations: 2.660 GiB, 42.50% gc time)
471
 13.694997 seconds (2.96 M allocations: 1.931 GiB, 49.23% gc time)
722
 15.907538 seconds (3.92 M allocations: 2.554 GiB, 42.38% gc time)
70
 16.278334 seconds (4.28 M allocations: 2.739 GiB, 41.41% gc time)
869
 16.415814 seconds (4.36 M allocations: 2.786 GiB, 41.07% gc time)
268
 12.789531 seconds (3.18 M allocations: 1.925 GiB, 52.71% gc time)
821
 13.021128 seconds (3.36 M allocations: 2.026 GiB, 51.77% gc time)
520
 12.825115 seconds (3.07 M allocations: 1.885 GiB, 52.56% gc time)
571
 12.823973 seconds (2.97 M allocations: 1.847 GiB, 52.57% gc time)
21
 12.819210 seconds (2.97 M allocations: 1.844 GiB, 52.59% gc time)
118
  6.548480 seconds (2.94 M allocations: 1.838 GiB, 6.90% gc time)
971
  6.544952 seconds (2.94 M allocations: 1.836 GiB, 6.90% gc time)
421
  6.034513 seconds (2.93 M allocations: 1.830 GiB)
171
  6.048547 seconds (2.88 M allocations: 1.808 GiB)
371
 16.602949 seconds (4.84 M allocations: 3.005 GiB, 40.60% gc time)
770
 18.187657 seconds (5.55 M allocations: 3.459 GiB, 37.07% gc time)
321
  6.259674 seconds (2.86 M allocations: 1.822 GiB)
723
 17.752301 seconds (5.30 M allocations: 3.311 GiB, 37.98% gc time)
621
  6.898497 seconds (3.02 M allocations: 1.954 GiB)
472
  9.856464 seconds (4.71 M allocations: 2.905 GiB, 4.58% gc time)
671
  6.732708 seconds (2.95 M allocations: 1.909 GiB)
822
  8.253622 seconds (4.13 M allocations: 2.552 GiB)
221
  4.204136 seconds (2.24 M allocations: 1.353 GiB)
119
  7.428264 seconds (3.28 M allocations: 2.118 GiB)
521
  3.184417 seconds (1.61 M allocations: 1019.082 MiB)
771
  8.359972 seconds (3.88 M allocations: 2.462 GiB)
870
  8.551227 seconds (3.99 M allocations: 2.525 GiB)
269
  9.397362 seconds (4.64 M allocations: 2.880 GiB)
71
  6.370562 seconds (3.42 M allocations: 2.063 GiB)
22
  7.755171 seconds (4.00 M allocations: 2.448 GiB)
572
 11.195740 seconds (5.35 M allocations: 3.358 GiB)
920
  7.531340 seconds (3.83 M allocations: 2.355 GiB)
972
  6.036221 seconds (2.66 M allocations: 1.716 GiB)
  6.052695 seconds (2.66 M allocations: 1.721 GiB)
622
473
  9.126132 seconds (4.35 M allocations: 2.731 GiB)
422
  5.999474 seconds (2.58 M allocations: 1.683 GiB)
222
  9.413741 seconds (4.53 M allocations: 2.835 GiB)
172
  9.540294 seconds (4.53 M allocations: 2.850 GiB)
372
  6.040272 seconds (2.63 M allocations: 1.704 GiB)
522
  5.981692 seconds (2.55 M allocations: 1.668 GiB)
871
  6.042879 seconds (2.65 M allocations: 1.714 GiB)
270
  6.052117 seconds (2.66 M allocations: 1.720 GiB)
72
  9.648636 seconds (4.85 M allocations: 2.991 GiB)
322
  9.448038 seconds (4.92 M allocations: 2.999 GiB)
724
  9.071657 seconds (4.59 M allocations: 2.823 GiB)
672
  9.052135 seconds (4.45 M allocations: 2.768 GiB)
823
  9.125028 seconds (4.48 M allocations: 2.786 GiB)
120
  9.048813 seconds (4.20 M allocations: 2.664 GiB)
772
  8.409375 seconds (3.83 M allocations: 2.444 GiB)
23
  6.771608 seconds (3.24 M allocations: 2.030 GiB)
973
  6.046284 seconds (3.08 M allocations: 1.889 GiB)
  6.041428 seconds (3.07 M allocations: 1.887 GiB)
474
623
  3.064872 seconds (1.39 M allocations: 907.689 MiB)
673
  6.050542 seconds (3.14 M allocations: 1.919 GiB)
223
  8.961320 seconds (4.46 M allocations: 2.759 GiB)
921
  9.916325 seconds (4.78 M allocations: 2.991 GiB)
573
  7.329969 seconds (3.84 M allocations: 2.335 GiB)
423
  6.237330 seconds (3.24 M allocations: 1.975 GiB)
872
  7.207891 seconds (3.59 M allocations: 2.219 GiB)
373
  6.914184 seconds (3.47 M allocations: 2.143 GiB)
271
  8.616714 seconds (4.08 M allocations: 2.569 GiB)
523
  7.712792 seconds (3.51 M allocations: 2.242 GiB)
323
  7.444066 seconds (3.28 M allocations: 2.119 GiB)
824
  8.055630 seconds (3.66 M allocations: 2.338 GiB)
  8.515565 seconds (3.96 M allocations: 2.507 GiB)
725
73
 10.264685 seconds (5.33 M allocations: 3.251 GiB)
173
  6.379449 seconds (3.12 M allocations: 1.943 GiB)
974
  7.846146 seconds (3.75 M allocations: 2.353 GiB)
773
  6.899989 seconds (3.18 M allocations: 2.018 GiB)
624
  9.369327 seconds (4.38 M allocations: 2.770 GiB)
121
  8.208069 seconds (3.93 M allocations: 2.465 GiB)
24
  6.955437 seconds (3.27 M allocations: 2.064 GiB)
674
  6.604791 seconds (3.15 M allocations: 1.977 GiB)
574
  7.585327 seconds (3.50 M allocations: 2.221 GiB)
  8.696634 seconds (4.15 M allocations: 2.602 GiB)
922
475
  7.150692 seconds (3.44 M allocations: 2.151 GiB)
424
 20.011429 seconds (4.26 M allocations: 2.650 GiB, 56.30% gc time)
224
 17.764839 seconds (3.40 M allocations: 2.066 GiB, 63.42% gc time)
374
 20.068422 seconds (4.02 M allocations: 2.560 GiB, 56.14% gc time)
873
 18.206804 seconds (3.37 M allocations: 2.098 GiB, 61.88% gc time)
324
 17.591983 seconds (2.97 M allocations: 1.873 GiB, 64.04% gc time)
726
 18.145651 seconds (3.21 M allocations: 2.025 GiB, 62.08% gc time)
74
 20.036753 seconds (4.24 M allocations: 2.644 GiB, 56.22% gc time)
272
 18.619274 seconds (3.58 M allocations: 2.227 GiB, 60.51% gc time)
825
 17.478407 seconds (3.07 M allocations: 1.899 GiB, 64.45% gc time)
774
 17.614289 seconds (2.74 M allocations: 1.780 GiB, 63.96% gc time)
25
 21.070076 seconds (4.71 M allocations: 2.946 GiB, 53.47% gc time)
 17.461535 seconds (2.69 M allocations: 1.741 GiB, 64.52% gc time)
524
575
 20.643434 seconds (4.38 M allocations: 2.764 GiB, 54.57% gc time)
174
  6.049347 seconds (2.72 M allocations: 1.743 GiB)
923
  6.040343 seconds (2.74 M allocations: 1.748 GiB)
425
  6.039227 seconds (2.77 M allocations: 1.763 GiB)
225
 20.229721 seconds (4.45 M allocations: 2.751 GiB, 55.69% gc time)
625
 19.985132 seconds (4.15 M allocations: 2.602 GiB, 56.37% gc time)
122
 20.030203 seconds (4.18 M allocations: 2.623 GiB, 56.24% gc time)
675
 21.925819 seconds (5.36 M allocations: 3.301 GiB, 51.38% gc time)
975
  6.054116 seconds (3.07 M allocations: 1.888 GiB)
325
  6.045019 seconds (3.07 M allocations: 1.888 GiB)
727
  9.091728 seconds (4.42 M allocations: 2.757 GiB)
476
  6.052825 seconds (2.94 M allocations: 1.836 GiB)
826
  6.855232 seconds (3.44 M allocations: 2.124 GiB)
75
  9.532074 seconds (4.50 M allocations: 2.837 GiB)
375
  6.049827 seconds (3.12 M allocations: 1.912 GiB)
775
  9.039906 seconds (4.60 M allocations: 2.826 GiB)
874
  6.064376 seconds (2.66 M allocations: 1.718 GiB)
  9.048396 seconds (4.14 M allocations: 2.638 GiB)
426
273
  6.072557 seconds (2.74 M allocations: 1.756 GiB)
226
  7.110832 seconds (3.48 M allocations: 2.167 GiB)
525
  7.737181 seconds (3.89 M allocations: 2.400 GiB)
26
  7.962555 seconds (4.09 M allocations: 2.507 GiB)
576
  8.416154 seconds (3.94 M allocations: 2.491 GiB)
924
  6.032421 seconds (2.68 M allocations: 1.723 GiB)
326
  6.041897 seconds (2.80 M allocations: 1.774 GiB)
728
  9.474534 seconds (4.52 M allocations: 2.836 GiB)
175
  8.714064 seconds (3.61 M allocations: 2.385 GiB)
  9.090137 seconds (3.93 M allocations: 2.555 GiB)
  6.031255 seconds (2.66 M allocations: 1.717 GiB)
  6.030367 seconds (2.26 M allocations: 1.552 GiB)
  9.062371 seconds (3.87 M allocations: 2.529 GiB)
776
  7.692844 seconds (3.05 M allocations: 2.049 GiB)
827
976
477
  8.910852 seconds (3.76 M allocations: 2.467 GiB)
  6.321635 seconds (2.37 M allocations: 1.626 GiB)
123
626
376
676
  5.126127 seconds (2.86 M allocations: 1.707 GiB)
427
  5.403449 seconds (2.77 M allocations: 1.698 GiB)
526
  6.028006 seconds (3.04 M allocations: 1.874 GiB)
227
  4.361359 seconds (2.44 M allocations: 1.456 GiB)
327
  9.040660 seconds (4.62 M allocations: 2.835 GiB)
76
  6.674868 seconds (3.44 M allocations: 2.103 GiB)
27
  7.482281 seconds (3.95 M allocations: 2.397 GiB)
274
  6.706002 seconds (3.48 M allocations: 2.126 GiB)
577
  8.988345 seconds (4.67 M allocations: 2.853 GiB)
875
  6.030076 seconds (3.34 M allocations: 1.997 GiB)
729
  6.037912 seconds (2.53 M allocations: 1.665 GiB)
977
  6.068712 seconds (2.53 M allocations: 1.667 GiB)
478
  6.024058 seconds (2.36 M allocations: 1.592 GiB)
627
  9.203811 seconds (4.50 M allocations: 2.802 GiB)
925
  6.032695 seconds (2.53 M allocations: 1.666 GiB)
527
  6.032634 seconds (2.53 M allocations: 1.664 GiB)
228
 12.262379 seconds (2.54 M allocations: 1.686 GiB, 48.98% gc time)
328
 14.498608 seconds (3.59 M allocations: 2.349 GiB, 41.42% gc time)
 14.513607 seconds (3.60 M allocations: 2.358 GiB, 41.38% gc time)
677
176
 14.490739 seconds (3.56 M allocations: 2.338 GiB, 41.45% gc time)
377
 14.406596 seconds (3.63 M allocations: 2.356 GiB, 41.69% gc time)
428
 14.962012 seconds (4.42 M allocations: 2.739 GiB, 40.14% gc time)
828
 15.106536 seconds (4.51 M allocations: 2.791 GiB, 39.76% gc time)
777
 15.072226 seconds (4.36 M allocations: 2.724 GiB, 39.85% gc time)
124
 12.696542 seconds (3.10 M allocations: 1.963 GiB, 47.30% gc time)
578
 12.056062 seconds (2.87 M allocations: 1.801 GiB, 49.82% gc time)
730
 13.762080 seconds (3.86 M allocations: 2.385 GiB, 43.64% gc time)
28
 13.957738 seconds (3.68 M allocations: 2.330 GiB, 43.03% gc time)
275
 15.160922 seconds (4.48 M allocations: 2.786 GiB, 39.61% gc time)
77
 15.018195 seconds (4.06 M allocations: 2.597 GiB, 39.99% gc time)
876
 12.141803 seconds (3.26 M allocations: 1.969 GiB, 49.46% gc time)
479
 12.084687 seconds (2.94 M allocations: 1.833 GiB, 49.70% gc time)
229
 14.542752 seconds (3.94 M allocations: 2.497 GiB, 41.30% gc time)
978
 14.489772 seconds (3.85 M allocations: 2.456 GiB, 41.45% gc time)
628
  6.028473 seconds (2.60 M allocations: 1.691 GiB)
378
  6.021055 seconds (2.61 M allocations: 1.697 GiB)
429
  6.032516 seconds (2.76 M allocations: 1.761 GiB)
829
 15.107209 seconds (4.47 M allocations: 2.778 GiB, 39.75% gc time)
 14.821490 seconds (4.30 M allocations: 2.677 GiB, 40.52% gc time)
926
528
  6.337816 seconds (2.72 M allocations: 1.774 GiB)
731
  6.479940 seconds (2.74 M allocations: 1.795 GiB)
29
  8.197649 seconds (3.98 M allocations: 2.486 GiB)
177
  9.044060 seconds (4.74 M allocations: 2.882 GiB)
329
  8.006386 seconds (3.72 M allocations: 2.359 GiB)
778
  8.014251 seconds (3.77 M allocations: 2.380 GiB)
125
  6.809401 seconds (3.32 M allocations: 2.071 GiB)
276
  8.967994 seconds (4.69 M allocations: 2.858 GiB)
678
  6.049269 seconds (3.07 M allocations: 1.888 GiB)
480
  9.059552 seconds (4.39 M allocations: 2.742 GiB)
579
  6.042999 seconds (3.07 M allocations: 1.888 GiB)
  8.987340 seconds (3.92 M allocations: 2.543 GiB)
230
78
  8.976811 seconds (4.19 M allocations: 2.649 GiB)
877
  6.121702 seconds (2.94 M allocations: 1.840 GiB)
830
  6.699174 seconds (3.42 M allocations: 2.098 GiB)
379
  6.902642 seconds (3.52 M allocations: 2.158 GiB)
629
  7.424221 seconds (3.66 M allocations: 2.269 GiB)
430
  6.574453 seconds (3.18 M allocations: 1.985 GiB)
927
  6.425075 seconds (3.26 M allocations: 2.006 GiB)
732
  6.012214 seconds (3.07 M allocations: 1.883 GiB)
178
  6.054693 seconds (2.85 M allocations: 1.797 GiB)
779
  6.032488 seconds (2.67 M allocations: 1.722 GiB)
679
  5.567948 seconds (2.60 M allocations: 1.645 GiB)
481
  9.645285 seconds (5.05 M allocations: 3.073 GiB)
979
  8.706895 seconds (4.28 M allocations: 2.663 GiB)
30
  8.542709 seconds (3.63 M allocations: 2.376 GiB)
277
  6.050689 seconds (2.81 M allocations: 1.783 GiB)
231
 11.575685 seconds (5.39 M allocations: 3.412 GiB)
529
  6.044033 seconds (2.70 M allocations: 1.734 GiB)
831
  6.036368 seconds (2.77 M allocations: 1.765 GiB)
380
  6.045485 seconds (2.80 M allocations: 1.779 GiB)
630
  6.037301 seconds (2.68 M allocations: 1.729 GiB)
928
  6.030566 seconds (2.67 M allocations: 1.722 GiB)
733
  6.042686 seconds (2.67 M allocations: 1.723 GiB)
179
 12.055591 seconds (5.60 M allocations: 3.549 GiB)
330
 12.093790 seconds (5.63 M allocations: 3.568 GiB)
  9.057060 seconds (4.37 M allocations: 2.736 GiB)
126
  9.081865 seconds (4.40 M allocations: 2.752 GiB)
580
79
  6.044931 seconds (2.93 M allocations: 1.830 GiB)
780
  6.043354 seconds (3.07 M allocations: 1.888 GiB)
482
  6.445285 seconds (3.32 M allocations: 2.032 GiB)
680
  9.254158 seconds (4.98 M allocations: 3.008 GiB)
878
  8.487832 seconds (4.52 M allocations: 2.736 GiB)
431
  6.027828 seconds (3.07 M allocations: 1.887 GiB)
232
  3.495534 seconds (1.36 M allocations: 940.531 MiB)
331
  6.340185 seconds (2.85 M allocations: 1.826 GiB)
631
  8.906949 seconds (4.08 M allocations: 2.600 GiB)
31
 10.374416 seconds (4.67 M allocations: 2.993 GiB)
980
  8.787584 seconds (4.09 M allocations: 2.591 GiB)
278
  7.619066 seconds (3.65 M allocations: 2.290 GiB)
381
 17.668893 seconds (3.27 M allocations: 2.040 GiB, 61.74% gc time)
734
 19.111796 seconds (4.09 M allocations: 2.529 GiB, 57.08% gc time)
832
 17.476062 seconds (3.26 M allocations: 2.017 GiB, 62.42% gc time)
180
 17.409050 seconds (2.87 M allocations: 1.849 GiB, 62.66% gc time)
781
 20.208939 seconds (4.72 M allocations: 2.902 GiB, 53.98% gc time)
530
 18.322829 seconds (3.22 M allocations: 2.086 GiB, 59.53% gc time)
80
 17.573342 seconds (2.92 M allocations: 1.888 GiB, 62.07% gc time)
483
 19.192478 seconds (3.69 M allocations: 2.373 GiB, 56.84% gc time)
581
 15.981878 seconds (2.52 M allocations: 1.558 GiB, 68.25% gc time)
332
 18.709192 seconds (3.47 M allocations: 2.232 GiB, 58.30% gc time)
 20.883718 seconds (5.15 M allocations: 3.145 GiB, 52.23% gc time)
929
879
 20.008843 seconds (4.19 M allocations: 2.664 GiB, 54.52% gc time)
127
 18.593358 seconds (3.57 M allocations: 2.263 GiB, 58.67% gc time)
432
 19.285509 seconds (4.10 M allocations: 2.552 GiB, 56.56% gc time)
681
 17.652337 seconds (3.65 M allocations: 2.198 GiB, 61.79% gc time)
233
 17.913255 seconds (3.48 M allocations: 2.156 GiB, 60.89% gc time)
32
  6.075530 seconds (2.60 M allocations: 1.697 GiB)
181
 18.562688 seconds (3.90 M allocations: 2.393 GiB, 58.76% gc time)
632
  6.792729 seconds (3.39 M allocations: 2.097 GiB)
382
 18.788999 seconds (3.88 M allocations: 2.411 GiB, 58.06% gc time)
279
  6.280651 seconds (2.75 M allocations: 1.782 GiB)
531
  6.038534 seconds (2.67 M allocations: 1.723 GiB)
582
 20.001568 seconds (4.50 M allocations: 2.792 GiB, 54.54% gc time)
981
  6.042056 seconds (2.71 M allocations: 1.739 GiB)
333
  6.036675 seconds (2.64 M allocations: 1.710 GiB)
930
  9.060167 seconds (4.36 M allocations: 2.729 GiB)
  9.076370 seconds (4.38 M allocations: 2.739 GiB)
735
833
  8.961623 seconds (4.45 M allocations: 2.757 GiB)
782
  6.052013 seconds (2.62 M allocations: 1.701 GiB)
234
  8.731618 seconds (4.32 M allocations: 2.678 GiB)
484
  9.060876 seconds (4.47 M allocations: 2.773 GiB)
81
  8.612291 seconds (3.78 M allocations: 2.446 GiB)
128
  9.055924 seconds (4.07 M allocations: 2.610 GiB)
880
  9.045193 seconds (4.02 M allocations: 2.585 GiB)
433
  9.048969 seconds (3.97 M allocations: 2.566 GiB)
682
  6.028372 seconds (3.03 M allocations: 1.867 GiB)
383
  6.798217 seconds (3.66 M allocations: 2.206 GiB)
33
  6.841641 seconds (3.63 M allocations: 2.199 GiB)
182
  7.445116 seconds (3.80 M allocations: 2.331 GiB)
633
  6.037247 seconds (3.20 M allocations: 1.941 GiB)
583
  6.032517 seconds (3.08 M allocations: 1.893 GiB)
334
  7.520717 seconds (3.83 M allocations: 2.355 GiB)
532
  6.706775 seconds (3.42 M allocations: 2.101 GiB)
982
  6.015640 seconds (2.80 M allocations: 1.774 GiB)
235
  6.146505 seconds (2.82 M allocations: 1.796 GiB)
485
  9.057243 seconds (4.65 M allocations: 2.846 GiB)
280
  8.207893 seconds (4.07 M allocations: 2.522 GiB)
931
  6.058968 seconds (2.94 M allocations: 1.836 GiB)
129
  9.048022 seconds (4.20 M allocations: 2.666 GiB)
736
  9.114084 seconds (4.23 M allocations: 2.685 GiB)
834
  9.106730 seconds (4.26 M allocations: 2.695 GiB)
783
  6.046603 seconds (2.89 M allocations: 1.814 GiB)
384
  9.057828 seconds (4.20 M allocations: 2.665 GiB)
82
  6.069284 seconds (2.81 M allocations: 1.780 GiB)
634
  6.033456 seconds (2.80 M allocations: 1.772 GiB)
584
  6.059867 seconds (2.80 M allocations: 1.775 GiB)
335
  9.062014 seconds (4.42 M allocations: 2.754 GiB)
881
  9.059533 seconds (4.42 M allocations: 2.753 GiB)
434
  6.049745 seconds (2.87 M allocations: 1.805 GiB)
983
  9.074783 seconds (4.55 M allocations: 2.810 GiB)
683
  6.062111 seconds (3.00 M allocations: 1.860 GiB)
236
  9.070162 seconds (4.52 M allocations: 2.796 GiB)
34
  9.117179 seconds (4.54 M allocations: 2.811 GiB)
183
  6.052768 seconds (3.26 M allocations: 1.965 GiB)
486
  9.072078 seconds (4.30 M allocations: 2.703 GiB)
533
  6.040552 seconds (2.66 M allocations: 1.718 GiB)
385
  7.274270 seconds (3.45 M allocations: 2.170 GiB)
130
  3.838195 seconds (1.79 M allocations: 1.133 GiB)
882
  3.481834 seconds (1.50 M allocations: 998.616 MiB)
684
  9.074731 seconds (4.47 M allocations: 2.772 GiB)
281
  9.072264 seconds (4.47 M allocations: 2.772 GiB)
932
  6.138938 seconds (3.08 M allocations: 1.899 GiB)
585
  6.238141 seconds (3.03 M allocations: 1.890 GiB)
336
 17.397811 seconds (2.47 M allocations: 1.603 GiB, 66.96% gc time)
237
 20.971133 seconds (4.55 M allocations: 2.824 GiB, 55.55% gc time)
 20.653415 seconds (4.31 M allocations: 2.693 GiB, 56.40% gc time)
835
784
 21.319292 seconds (4.98 M allocations: 3.036 GiB, 54.64% gc time)
737
 15.774158 seconds (2.06 M allocations: 1.266 GiB, 73.85% gc time)
386
 19.688751 seconds (3.80 M allocations: 2.384 GiB, 59.17% gc time)
435
 21.286368 seconds (4.81 M allocations: 2.966 GiB, 54.73% gc time)
635
 20.010703 seconds (3.99 M allocations: 2.497 GiB, 58.22% gc time)
984
 22.780827 seconds (5.44 M allocations: 3.379 GiB, 51.14% gc time)
83
 17.504899 seconds (2.81 M allocations: 1.753 GiB, 66.55% gc time)
131
 20.611332 seconds (3.93 M allocations: 2.531 GiB, 56.52% gc time)
184
 18.519492 seconds (3.05 M allocations: 1.957 GiB, 62.90% gc time)
685
  3.017395 seconds (1.28 M allocations: 857.601 MiB)
387
 21.437134 seconds (4.22 M allocations: 2.738 GiB, 54.34% gc time)
487
 18.909163 seconds (3.62 M allocations: 2.228 GiB, 61.61% gc time)
883
 21.963769 seconds (4.89 M allocations: 3.062 GiB, 53.04% gc time)
35
  5.632516 seconds (2.60 M allocations: 1.652 GiB)  5.960213 seconds (2.53 M allocations: 1.657 GiB)

 20.443547 seconds (4.41 M allocations: 2.715 GiB, 56.98% gc time)
836
238
534
  6.152758 seconds (2.88 M allocations: 1.821 GiB)
785
 21.168886 seconds (4.52 M allocations: 2.834 GiB, 55.03% gc time)
282
 20.871421 seconds (4.48 M allocations: 2.784 GiB, 55.81% gc time)
  8.217478 seconds (4.07 M allocations: 2.518 GiB)
933
337
  7.884289 seconds (3.75 M allocations: 2.356 GiB)
738
  9.086043 seconds (4.66 M allocations: 2.851 GiB)
586
  6.823413 seconds (3.54 M allocations: 2.159 GiB)
436
  6.666100 seconds (3.41 M allocations: 2.088 GiB)
985
  7.624730 seconds (3.71 M allocations: 2.311 GiB)
636
  6.495040 seconds (3.34 M allocations: 2.045 GiB)
132
  6.257795 seconds (2.97 M allocations: 1.869 GiB)
488
  6.321226 seconds (3.05 M allocations: 1.908 GiB)
388
  8.451727 seconds (4.23 M allocations: 2.611 GiB)
84
  7.354551 seconds (3.40 M allocations: 2.160 GiB)
884
  6.028228 seconds (2.75 M allocations: 1.757 GiB)
535
  8.796345 seconds (4.43 M allocations: 2.731 GiB)
185
  9.068333 seconds (4.21 M allocations: 2.668 GiB)
686
  6.032975 seconds (2.83 M allocations: 1.791 GiB)
283
  8.541926 seconds (3.66 M allocations: 2.391 GiB)
36
  6.770252 seconds (2.97 M allocations: 1.925 GiB)
934
  9.080327 seconds (4.02 M allocations: 2.596 GiB)
837
  9.068056 seconds (4.01 M allocations: 2.591 GiB)
786
  6.672133 seconds (2.84 M allocations: 1.862 GiB)
986
  9.537190 seconds (4.45 M allocations: 2.822 GiB)
239
  7.194177 seconds (3.30 M allocations: 2.105 GiB)
437
  8.648463 seconds (4.19 M allocations: 2.620 GiB)
338
  8.776309 seconds (3.85 M allocations: 2.492 GiB)
  6.846514 seconds (2.80 M allocations: 1.861 GiB)  8.173011 seconds (3.35 M allocations: 2.226 GiB)

  3.023015 seconds (1.15 M allocations: 806.080 MiB)
  6.058145 seconds (2.69 M allocations: 1.737 GiB)
  7.256434 seconds (3.13 M allocations: 2.042 GiB)
  6.622216 seconds (2.63 M allocations: 1.767 GiB)
935
637
489
  5.371474 seconds (2.17 M allocations: 1.451 GiB)
  8.645093 seconds (3.99 M allocations: 2.537 GiB)
389
587
133
85
536
739
  6.056565 seconds (3.17 M allocations: 1.933 GiB)
186
  7.108075 seconds (3.91 M allocations: 2.348 GiB)
885
  4.066259 seconds (2.65 M allocations: 1.511 GiB)
838
  6.065800 seconds (3.61 M allocations: 2.115 GiB)
284
  5.800342 seconds (2.95 M allocations: 1.816 GiB)
987
  6.062730 seconds (2.94 M allocations: 1.837 GiB)
438
  8.438133 seconds (4.37 M allocations: 2.670 GiB)
687
  8.061282 seconds (4.19 M allocations: 2.556 GiB)
37
  8.315402 seconds (4.00 M allocations: 2.504 GiB)
787
  9.222917 seconds (4.06 M allocations: 2.622 GiB)
240
  6.445181 seconds (2.20 M allocations: 1.568 GiB)
86
  6.583786 seconds (2.46 M allocations: 1.690 GiB)
537
  5.696250 seconds (1.96 M allocations: 1.395 GiB)
839
  5.858317 seconds (2.12 M allocations: 1.478 GiB)
886
 16.729346 seconds (2.83 M allocations: 1.894 GiB, 57.50% gc time)
187
 17.554379 seconds (3.27 M allocations: 2.162 GiB, 54.80% gc time)
638
 16.388380 seconds (2.64 M allocations: 1.783 GiB, 58.70% gc time)
285
 17.998055 seconds (3.85 M allocations: 2.444 GiB, 53.45% gc time)
936
 18.098905 seconds (3.69 M allocations: 2.389 GiB, 53.15% gc time)
588
 18.294658 seconds (3.91 M allocations: 2.500 GiB, 52.58% gc time)
490
 18.804619 seconds (3.96 M allocations: 2.575 GiB, 51.15% gc time)
390
 19.206317 seconds (4.25 M allocations: 2.735 GiB, 50.08% gc time)
740
 16.436164 seconds (3.28 M allocations: 2.050 GiB, 58.53% gc time)
988
 19.646411 seconds (4.82 M allocations: 3.014 GiB, 48.96% gc time)
134
 19.610094 seconds (4.53 M allocations: 2.892 GiB, 49.05% gc time)
339
 14.469993 seconds (2.77 M allocations: 1.637 GiB, 66.48% gc time)
788
 17.052802 seconds (3.79 M allocations: 2.322 GiB, 56.41% gc time)
439
 15.696410 seconds (3.06 M allocations: 1.882 GiB, 61.28% gc time)
87
 15.985336 seconds (3.16 M allocations: 1.953 GiB, 60.18% gc time)
241
 19.106942 seconds (4.33 M allocations: 2.759 GiB, 50.35% gc time)
688
  6.322991 seconds (2.98 M allocations: 1.879 GiB)
840
  6.028269 seconds (2.93 M allocations: 1.827 GiB)
639
  6.022170 seconds (2.86 M allocations: 1.796 GiB)
286
  6.186938 seconds (2.81 M allocations: 1.793 GiB)
589
 20.073269 seconds (4.96 M allocations: 3.117 GiB, 47.92% gc time)
  6.052376 seconds (2.69 M allocations: 1.733 GiB)
491
38
  6.014794 seconds (2.63 M allocations: 1.702 GiB)
989
  9.084675 seconds (4.37 M allocations: 2.735 GiB)
887
  9.083285 seconds (4.47 M allocations: 2.774 GiB)
188
  9.745431 seconds (4.82 M allocations: 2.988 GiB)
538
  6.506488 seconds (2.82 M allocations: 1.835 GiB)
789
  8.529770 seconds (4.23 M allocations: 2.622 GiB)
937
  6.528364 seconds (3.01 M allocations: 1.915 GiB)
  8.194666 seconds (4.07 M allocations: 2.520 GiB)
391
  7.915852 seconds (3.39 M allocations: 2.214 GiB)  8.013103 seconds (3.86 M allocations: 2.415 GiB)
  4.075843 seconds (1.97 M allocations: 1.231 GiB)
640
741

440
340
  6.070694 seconds (3.25 M allocations: 1.962 GiB)
242
  9.493355 seconds (4.49 M allocations: 2.826 GiB)
135
  7.383369 seconds (3.95 M allocations: 2.385 GiB)
88
  6.810956 seconds (3.32 M allocations: 2.067 GiB)
287
  5.285025 seconds (2.58 M allocations: 1.604 GiB)
990
  8.727944 seconds (4.15 M allocations: 2.609 GiB)
689
  9.108647 seconds (4.34 M allocations: 2.726 GiB)
841
  6.088745 seconds (2.54 M allocations: 1.673 GiB)
790
  8.402301 seconds (3.81 M allocations: 2.433 GiB)
492
  9.049638 seconds (4.06 M allocations: 2.606 GiB)
39
  9.547414 seconds (4.29 M allocations: 2.750 GiB)
590
  6.036566 seconds (2.47 M allocations: 1.638 GiB)
  6.049468 seconds (2.48 M allocations: 1.646 GiB)
641
742
  7.688348 seconds (3.37 M allocations: 2.180 GiB)
  6.031496 seconds (2.46 M allocations: 1.637 GiB)
938
392
  9.050172 seconds (4.61 M allocations: 2.832 GiB)
888
  6.028096 seconds (2.87 M allocations: 1.808 GiB)
243
  9.048859 seconds (4.66 M allocations: 2.852 GiB)
189
  9.271107 seconds (4.72 M allocations: 2.900 GiB)
539
  6.041648 seconds (3.01 M allocations: 1.866 GiB)
89
  7.729243 seconds (3.85 M allocations: 2.385 GiB)
441
  8.005678 seconds (3.78 M allocations: 2.383 GiB)
136
  6.493571 seconds (3.24 M allocations: 2.006 GiB)
991
  9.503155 seconds (4.53 M allocations: 2.848 GiB)
341
  6.868748 seconds (3.62 M allocations: 2.199 GiB)
288
  4.073358 seconds (2.07 M allocations: 1.271 GiB)
642
 16.901956 seconds (3.92 M allocations: 2.447 GiB, 52.20% gc time)
690
 17.083296 seconds (3.95 M allocations: 2.476 GiB, 51.65% gc time)
842
 16.934177 seconds (3.87 M allocations: 2.430 GiB, 52.10% gc time)
791
 16.789775 seconds (3.79 M allocations: 2.382 GiB, 52.55% gc time)
493
 16.915387 seconds (3.92 M allocations: 2.447 GiB, 52.16% gc time)
40
 15.849167 seconds (2.92 M allocations: 1.922 GiB, 55.67% gc time)
889
 15.486240 seconds (2.79 M allocations: 1.833 GiB, 56.97% gc time)
190
 14.939854 seconds (2.43 M allocations: 1.631 GiB, 59.06% gc time)
442
 16.952133 seconds (3.86 M allocations: 2.426 GiB, 52.05% gc time)
 15.380819 seconds (2.88 M allocations: 1.857 GiB, 57.36% gc time)
90
743
 17.478246 seconds (4.17 M allocations: 2.606 GiB, 50.48% gc time)
393
 17.741936 seconds (4.62 M allocations: 2.817 GiB, 49.73% gc time)
591
 17.504938 seconds (4.14 M allocations: 2.599 GiB, 50.40% gc time)
244
 18.260713 seconds (4.59 M allocations: 2.860 GiB, 48.32% gc time)
939
 17.712299 seconds (4.07 M allocations: 2.591 GiB, 49.81% gc time)
540
 15.944579 seconds (3.23 M allocations: 2.063 GiB, 55.33% gc time)
342
  5.737965 seconds (1.23 M allocations: 1.064 GiB)
  3.840276 seconds (1.00 M allocations: 825.778 MiB)  6.120043 seconds (1.87 M allocations: 1.391 GiB)

 16.140328 seconds (3.26 M allocations: 2.094 GiB, 54.66% gc time)
  8.972835 seconds (3.38 M allocations: 2.315 GiB)
  6.238611 seconds (2.43 M allocations: 1.642 GiB)
  6.593653 seconds (1.91 M allocations: 1.438 GiB)
  7.099364 seconds (2.83 M allocations: 1.894 GiB)
  3.922978 seconds (559.62 k allocations: 623.061 MiB)
  7.530726 seconds (3.03 M allocations: 2.021 GiB)
  5.381502 seconds (930.92 k allocations: 899.894 MiB)
  5.131786 seconds (1.93 M allocations: 1.322 GiB)
  5.718365 seconds (1.53 M allocations: 1.213 GiB)
  5.269794 seconds (847.34 k allocations: 850.456 MiB)
 17.329769 seconds (3.81 M allocations: 2.441 GiB, 50.91% gc time)
 16.107209 seconds (3.44 M allocations: 2.163 GiB, 54.78% gc time)
  6.277016 seconds (2.46 M allocations: 1.659 GiB)
  4.894766 seconds (1.47 M allocations: 1.108 GiB)
  5.871647 seconds (2.16 M allocations: 1.492 GiB)
394
890
494191
691

592843

792
137
91
744
245
41
940
443
289
992643

541
  6.082954 seconds (1.72 M allocations: 1.326 GiB)
343
  6.083823 seconds (1.45 M allocations: 1.219 GiB)
  6.086257 seconds (1.39 M allocations: 1.195 GiB)
92
  6.102727 seconds (1.48 M allocations: 1.233 GiB)
495
42
  6.595017 seconds (1.60 M allocations: 1.336 GiB)
993
  6.583931 seconds (1.55 M allocations: 1.314 GiB)
692
  6.861679 seconds (1.97 M allocations: 1.511 GiB)
  6.854243 seconds (1.91 M allocations: 1.490 GiB)
941
290
  7.701812 seconds (2.24 M allocations: 1.713 GiB)
192
  8.255863 seconds (2.70 M allocations: 1.955 GiB)
844
  8.217667 seconds (2.50 M allocations: 1.871 GiB)
395
  8.277545 seconds (2.61 M allocations: 1.923 GiB)
891
  8.355125 seconds (2.77 M allocations: 1.997 GiB)
444
  8.364931 seconds (2.83 M allocations: 2.025 GiB)
246
  8.915064 seconds (4.40 M allocations: 2.717 GiB)
593
  8.930067 seconds (3.83 M allocations: 2.490 GiB)
542
  8.880378 seconds (3.39 M allocations: 2.307 GiB)
745
  8.954369 seconds (3.55 M allocations: 2.379 GiB)
793
  9.851354 seconds (4.11 M allocations: 2.703 GiB)
138
  9.831834 seconds (3.96 M allocations: 2.640 GiB)
644
  5.575620 seconds (3.00 M allocations: 1.808 GiB)
43
  5.846613 seconds (3.18 M allocations: 1.911 GiB)
496
  6.163448 seconds (3.38 M allocations: 2.028 GiB)
93
  6.040729 seconds (3.15 M allocations: 1.920 GiB)
693
  6.037495 seconds (3.05 M allocations: 1.880 GiB)
291
  6.040073 seconds (3.07 M allocations: 1.891 GiB)
193
  6.050617 seconds (2.87 M allocations: 1.806 GiB)
845
  6.033628 seconds (2.79 M allocations: 1.773 GiB)
396
  6.040568 seconds (2.78 M allocations: 1.771 GiB)
892
  6.052354 seconds (2.92 M allocations: 1.832 GiB)
247
  8.024724 seconds (4.33 M allocations: 2.614 GiB)
994
  7.963167 seconds (4.23 M allocations: 2.567 GiB)
942
  9.030042 seconds (5.19 M allocations: 3.069 GiB)
344
  7.710863 seconds (3.28 M allocations: 2.146 GiB)
543
  8.701656 seconds (4.01 M allocations: 2.552 GiB)
445
 13.752824 seconds (2.87 M allocations: 1.847 GiB, 52.92% gc time)
44
 16.974228 seconds (4.10 M allocations: 2.687 GiB, 42.88% gc time)
594
 17.064837 seconds (4.05 M allocations: 2.675 GiB, 42.65% gc time)
 16.064857 seconds (3.61 M allocations: 2.392 GiB, 45.30% gc time)
645
746
 17.511645 seconds (4.38 M allocations: 2.858 GiB, 41.56% gc time)
794
 16.653187 seconds (4.01 M allocations: 2.620 GiB, 43.70% gc time)
139
 15.266978 seconds (3.77 M allocations: 2.376 GiB, 47.67% gc time)
497
 13.109460 seconds (2.66 M allocations: 1.694 GiB, 55.52% gc time)
846
 14.666174 seconds (3.53 M allocations: 2.213 GiB, 49.63% gc time)
292
 13.325549 seconds (2.80 M allocations: 1.771 GiB, 54.62% gc time)
248
 15.718164 seconds (4.16 M allocations: 2.582 GiB, 46.30% gc time)
94
 15.400244 seconds (4.16 M allocations: 2.548 GiB, 47.26% gc time)
694
 14.797427 seconds (3.97 M allocations: 2.409 GiB, 49.18% gc time)
194
 13.995648 seconds (3.18 M allocations: 2.000 GiB, 52.00% gc time)
995
 14.936801 seconds (3.86 M allocations: 2.375 GiB, 48.73% gc time)
397
 15.655233 seconds (4.07 M allocations: 2.537 GiB, 46.49% gc time)
893
 15.524205 seconds (3.68 M allocations: 2.365 GiB, 46.88% gc time)
345
 15.811192 seconds (3.88 M allocations: 2.477 GiB, 46.03% gc time)
943
 13.832651 seconds (3.42 M allocations: 2.084 GiB, 52.62% gc time)
446
  6.221939 seconds (3.19 M allocations: 1.959 GiB)
595
  6.027209 seconds (2.82 M allocations: 1.787 GiB)
140
 16.432696 seconds (4.35 M allocations: 2.737 GiB, 44.29% gc time)
544
  6.031707 seconds (2.76 M allocations: 1.762 GiB)
847
  6.037578 seconds (2.81 M allocations: 1.782 GiB)
293
  6.027647 seconds (2.72 M allocations: 1.746 GiB)
249
  6.049294 seconds (2.73 M allocations: 1.752 GiB)
95
  8.826598 seconds (4.71 M allocations: 2.855 GiB)
  6.020681 seconds (2.80 M allocations: 1.779 GiB)
45
695
  9.049501 seconds (4.65 M allocations: 2.851 GiB)
646
  9.065351 seconds (4.65 M allocations: 2.855 GiB)
747
  9.051640 seconds (4.61 M allocations: 2.836 GiB)
795
  9.062069 seconds (4.56 M allocations: 2.818 GiB)
498
  6.031001 seconds (2.67 M allocations: 1.722 GiB)
447
  9.041365 seconds (3.99 M allocations: 2.576 GiB)
195
  9.046811 seconds (3.98 M allocations: 2.576 GiB)
996
  6.028673 seconds (2.93 M allocations: 1.828 GiB)
596
  9.047536 seconds (4.20 M allocations: 2.665 GiB)
398
  6.029812 seconds (3.07 M allocations: 1.886 GiB)
141
  9.031289 seconds (4.33 M allocations: 2.717 GiB)
894
  6.047016 seconds (3.07 M allocations: 1.889 GiB)
848
  9.036788 seconds (4.29 M allocations: 2.701 GiB)
346
  9.039616 seconds (4.41 M allocations: 2.748 GiB)
  6.052836 seconds (3.14 M allocations: 1.919 GiB)
944
294
  6.035632 seconds (3.22 M allocations: 1.948 GiB)
250
  6.028163 seconds (3.25 M allocations: 1.962 GiB)
96
  6.028936 seconds (3.24 M allocations: 1.956 GiB)
696
  9.142296 seconds (4.55 M allocations: 2.820 GiB)
545
  6.034077 seconds (2.81 M allocations: 1.780 GiB)
448
  9.039711 seconds (4.05 M allocations: 2.601 GiB)
46
  8.335036 seconds (3.78 M allocations: 2.418 GiB)
748
  9.055243 seconds (4.10 M allocations: 2.626 GiB)
647
  7.911517 seconds (3.69 M allocations: 2.338 GiB)
499
  9.037715 seconds (4.20 M allocations: 2.665 GiB)
796
  7.396984 seconds (3.42 M allocations: 2.172 GiB)
597
  6.022771 seconds (2.63 M allocations: 1.709 GiB)
849
  6.050526 seconds (2.58 M allocations: 1.688 GiB)
295
  6.034401 seconds (2.40 M allocations: 1.610 GiB)
  6.998379 seconds (3.35 M allocations: 2.105 GiB)
97
895
  7.668920 seconds (3.84 M allocations: 2.372 GiB)
142
  6.037928 seconds (2.55 M allocations: 1.671 GiB)
697
  6.743523 seconds (3.24 M allocations: 2.028 GiB)
945
  9.066563 seconds (4.93 M allocations: 2.964 GiB)
196
  9.059859 seconds (4.92 M allocations: 2.960 GiB)
997
  7.435042 seconds (3.61 M allocations: 2.250 GiB)
251
  9.363900 seconds (5.05 M allocations: 3.046 GiB)
399
  8.992613 seconds (4.45 M allocations: 2.758 GiB)
347
  6.042034 seconds (3.06 M allocations: 1.880 GiB)
749
  6.037578 seconds (2.93 M allocations: 1.823 GiB)
500
  8.753949 seconds (4.00 M allocations: 2.546 GiB)
449
  6.253706 seconds (2.72 M allocations: 1.762 GiB)
850
  9.312840 seconds (4.28 M allocations: 2.720 GiB)
546
 15.480884 seconds (4.14 M allocations: 2.599 GiB, 43.48% gc time)
47
 13.124881 seconds (3.02 M allocations: 1.896 GiB, 51.28% gc time)
296
 13.138656 seconds (2.99 M allocations: 1.888 GiB, 51.23% gc time)
98
 14.029198 seconds (3.66 M allocations: 2.252 GiB, 47.98% gc time)
598
 13.550399 seconds (3.08 M allocations: 1.966 GiB, 49.67% gc time)
 15.196704 seconds (4.23 M allocations: 2.610 GiB, 44.29% gc time)
797
698
 15.832021 seconds (4.59 M allocations: 2.820 GiB, 42.51% gc time)
648
 14.062321 seconds (3.71 M allocations: 2.278 GiB, 47.86% gc time)
896
 13.957015 seconds (3.51 M allocations: 2.186 GiB, 48.22% gc time)
946
 14.538565 seconds (3.87 M allocations: 2.391 GiB, 46.30% gc time)
143
 12.957943 seconds (2.96 M allocations: 1.857 GiB, 51.94% gc time)
348
 15.491341 seconds (3.88 M allocations: 2.497 GiB, 43.45% gc time)
998
 15.714852 seconds (4.01 M allocations: 2.575 GiB, 42.83% gc time)
197
 15.482579 seconds (4.01 M allocations: 2.551 GiB, 43.47% gc time)
 15.360908 seconds (3.86 M allocations: 2.478 GiB, 43.82% gc time)
400
 13.033652 seconds (3.24 M allocations: 1.981 GiB, 51.64% gc time)
501
 14.777901 seconds (3.78 M allocations: 2.383 GiB, 45.55% gc time)
750
  6.048267 seconds (3.16 M allocations: 1.926 GiB)
851
  5.763279 seconds (2.37 M allocations: 1.569 GiB)
798
  6.648090 seconds (3.03 M allocations: 1.934 GiB)
  6.300942 seconds (2.84 M allocations: 1.822 GiB)
99
599
  7.787187 seconds (3.87 M allocations: 2.397 GiB)
450
  5.944436 seconds (2.39 M allocations: 1.600 GiB)
144
  8.107524 seconds (3.88 M allocations: 2.435 GiB)
297
  8.622391 seconds (4.36 M allocations: 2.686 GiB)
547
  8.468948 seconds (4.19 M allocations: 2.601 GiB)
48
  7.329774 seconds (3.30 M allocations: 2.118 GiB)
897
  5.891729 seconds (2.76 M allocations: 1.748 GiB)
349
  8.515807 seconds (3.99 M allocations: 2.521 GiB)
699
  8.228266 seconds (3.79 M allocations: 2.411 GiB)
947
  5.333779 seconds (2.56 M allocations: 1.603 GiB)
  8.849897 seconds (4.16 M allocations: 2.626 GiB)
649
  4.733486 seconds (2.60 M allocations: 1.561 GiB)
751
  6.623158 seconds (3.30 M allocations: 2.043 GiB)
401
  7.265688 seconds (3.64 M allocations: 2.251 GiB)
198
  8.780325 seconds (4.08 M allocations: 2.589 GiB)
999
  6.824269 seconds (3.30 M allocations: 2.063 GiB)
  6.348464 seconds (3.12 M allocations: 1.943 GiB)
799
  5.019094 seconds (1.85 M allocations: 1.282 GiB)
350
  6.676482 seconds (3.15 M allocations: 1.986 GiB)
100
  6.846064 seconds (3.26 M allocations: 2.050 GiB)
600
  6.206946 seconds (2.98 M allocations: 1.869 GiB)
145
  6.061286 seconds (2.81 M allocations: 1.786 GiB)
548
  6.072609 seconds (2.78 M allocations: 1.774 GiB)
49
  7.178789 seconds (3.77 M allocations: 2.295 GiB)
451
  7.854573 seconds (3.75 M allocations: 2.354 GiB)
298
  7.690447 seconds (3.27 M allocations: 2.144 GiB)
898
  6.430238 seconds (2.73 M allocations: 1.787 GiB)
  5.748888 seconds (2.35 M allocations: 1.562 GiB)
199
  7.418028 seconds (3.20 M allocations: 2.085 GiB)
948
  6.758140 seconds (2.89 M allocations: 1.888 GiB)
  7.560162 seconds (3.30 M allocations: 2.141 GiB)
650
  8.139972 seconds (3.74 M allocations: 2.381 GiB)
700
  3.691710 seconds (1.53 M allocations: 1.012 GiB)
549
  6.080842 seconds (2.81 M allocations: 1.784 GiB)
1000
  4.770251 seconds (2.15 M allocations: 1.375 GiB)
146
  5.577684 seconds (2.87 M allocations: 1.755 GiB)
351
  5.409479 seconds (2.74 M allocations: 1.685 GiB)
101
  5.542384 seconds (2.44 M allocations: 1.576 GiB)
50
  7.054573 seconds (3.53 M allocations: 2.182 GiB)
800
  6.516518 seconds (3.20 M allocations: 1.990 GiB)
601
  3.694177 seconds (1.75 M allocations: 1.102 GiB)
651
  5.662932 seconds (2.48 M allocations: 1.608 GiB)  5.772718 seconds (2.56 M allocations: 1.650 GiB)

  4.216330 seconds (1.42 M allocations: 1.021 GiB)
  7.539184 seconds (3.03 M allocations: 2.028 GiB)
  5.546142 seconds (1.92 M allocations: 1.363 GiB)
  3.340382 seconds (1.01 M allocations: 779.001 MiB)
  4.308658 seconds (1.04 M allocations: 877.852 MiB)
  6.013220 seconds (2.27 M allocations: 1.557 GiB)
  6.299784 seconds (2.44 M allocations: 1.658 GiB)
299
1001
  4.572536 seconds (1.36 M allocations: 1.023 GiB)
899
200
701
147
949
 15.458189 seconds (2.62 M allocations: 1.605 GiB, 65.81% gc time)
550
 14.521312 seconds (1.91 M allocations: 1.212 GiB, 70.06% gc time)
 14.882632 seconds (1.90 M allocations: 1.247 GiB, 68.36% gc time)
 15.321223 seconds (1.83 M allocations: 1.263 GiB, 66.40% gc time)
51
801
 13.230280 seconds (1.08 M allocations: 771.329 MiB, 76.90% gc time)
  3.032675 seconds (949.66 k allocations: 719.675 MiB)
201
  3.239755 seconds (1.10 M allocations: 805.287 MiB)
300
 13.530224 seconds (1.32 M allocations: 907.667 MiB, 75.19% gc time)
  3.393958 seconds (1.19 M allocations: 858.927 MiB)
148
  3.447464 seconds (1.24 M allocations: 888.631 MiB)
900
  3.937443 seconds (1.56 M allocations: 1.045 GiB)
  4.078788 seconds (1.57 M allocations: 1.064 GiB)
950
  3.091462 seconds (1.16 M allocations: 812.336 MiB)
  3.088409 seconds (1.15 M allocations: 807.893 MiB)
551
  3.113045 seconds (1.20 M allocations: 831.670 MiB)
  3.057267 seconds (983.00 k allocations: 722.982 MiB)
301
  3.107091 seconds (785.40 k allocations: 636.056 MiB)
  3.032930 seconds (502.70 k allocations: 466.647 MiB)
  3.428191 seconds (1.16 M allocations: 829.546 MiB)
  3.186145 seconds (705.03 k allocations: 599.061 MiB)
149
951
901
  2.997022 seconds (790.56 k allocations: 508.870 MiB)
  2.959211 seconds (261.96 k allocations: 290.032 MiB)
150
  2.968829 seconds (267.61 k allocations: 293.427 MiB)
  3.013537 seconds (386.59 k allocations: 345.709 MiB)
  3.068432 seconds (426.06 k allocations: 363.550 MiB)
  2.877555 seconds (58.85 k allocations: 65.483 MiB)
151
  2.849694 seconds (57.60 k allocations: 64.160 MiB)
