Graph 1 is connected.
Graph 2 is connected.
Graph 3 is connected.
Graph 4 is connected.
Graph 5 is connected.
Graph 6 is connected.
Graph 7 is connected.
Graph 8 is connected.
Graph 9 is connected.
Graph 10 is connected.
Graph 11 is connected.
Matrix 1 normalized.
Matrix 2 normalized.
Matrix 3 normalized.
Matrix 4 normalized.
Matrix 5 normalized.
Matrix 6 normalized.
Matrix 7 normalized.
Matrix 8 normalized.
Matrix 9 normalized.
Matrix 10 normalized.
Matrix 11 normalized.
Number of threads: 20
52
252
902602
702
802
352

452
1
102
852
652
752
502
952
402
552
302
152
202
  6.568441 seconds (998.07 k allocations: 1.067 GiB)
  7.349550 seconds (1.12 M allocations: 1.130 GiB, 7.39% gc time, 2.15% compilation time)
803
  8.208967 seconds (1.27 M allocations: 1.280 GiB, 6.61% gc time, 1.92% compilation time)  8.110206 seconds (1.57 M allocations: 1.389 GiB, 6.70% gc time, 1.95% compilation time)353

  7.793465 seconds (1.16 M allocations: 1.242 GiB, 2.03% compilation time)
  7.587997 seconds (1.14 M allocations: 1.223 GiB, 2.08% compilation time)
  8.130094 seconds (1.41 M allocations: 1.330 GiB, 6.68% gc time, 1.94% compilation time)
  8.337330 seconds (1.30 M allocations: 1.301 GiB, 6.51% gc time, 1.89% compilation time)
  8.202174 seconds (1.39 M allocations: 1.326 GiB, 6.62% gc time, 1.93% compilation time)
  7.783908 seconds (1.15 M allocations: 1.239 GiB, 2.03% compilation time)  8.640374 seconds (1.26 M allocations: 1.296 GiB, 6.28% gc time, 1.83% compilation time)

  7.510138 seconds (1.11 M allocations: 1.203 GiB, 2.10% compilation time)  7.843317 seconds (1.18 M allocations: 1.255 GiB, 2.01% compilation time)
  8.201015 seconds (1.23 M allocations: 1.261 GiB, 6.62% gc time, 1.93% compilation time)

  8.464994 seconds (1.36 M allocations: 1.334 GiB, 6.41% gc time, 1.87% compilation time)
  6.957456 seconds (1.02 M allocations: 1.112 GiB, 2.27% compilation time)
  8.673663 seconds (1.28 M allocations: 1.305 GiB, 6.26% gc time, 1.82% compilation time)
  8.341527 seconds (1.64 M allocations: 1.438 GiB, 6.51% gc time, 1.89% compilation time)

  7.940848 seconds (1.17 M allocations: 1.254 GiB, 1.99% compilation time)
  8.263277 seconds (1.79 M allocations: 1.493 GiB, 6.57% gc time, 1.91% compilation time)
403
953
853
503
53
753
103
603
453
903
253
703
203
553
153
303
653
2
  5.383811 seconds (946.09 k allocations: 949.625 MiB)
804
  7.965157 seconds (1.15 M allocations: 1.045 GiB, 28.16% gc time)
404
  8.129325 seconds (1.08 M allocations: 1.034 GiB, 27.59% gc time)
754
  8.704991 seconds (1.49 M allocations: 1.264 GiB, 25.77% gc time)
104
  8.891019 seconds (1.59 M allocations: 1.324 GiB, 25.23% gc time)
654
  9.032975 seconds (1.72 M allocations: 1.393 GiB, 24.83% gc time)
304
  9.213926 seconds (2.04 M allocations: 1.541 GiB, 24.35% gc time)
554
  9.343469 seconds (2.01 M allocations: 1.542 GiB, 24.01% gc time)
704
  9.589557 seconds (2.22 M allocations: 1.657 GiB, 23.39% gc time)
854
  9.859094 seconds (2.46 M allocations: 1.780 GiB, 22.75% gc time)
254
 10.115535 seconds (2.54 M allocations: 1.843 GiB, 22.18% gc time)
154
 10.382018 seconds (2.70 M allocations: 1.936 GiB, 21.61% gc time)
354
 10.977977 seconds (2.93 M allocations: 2.091 GiB, 20.43% gc time)
3
 11.683516 seconds (3.25 M allocations: 2.296 GiB, 19.20% gc time)
54
  3.031226 seconds (1.74 M allocations: 1.028 GiB)
655
 12.164693 seconds (3.46 M allocations: 2.430 GiB, 18.44% gc time)
904
  3.038415 seconds (1.64 M allocations: 1010.174 MiB)
105
 12.472663 seconds (3.74 M allocations: 2.579 GiB, 17.98% gc time)
204
 18.675381 seconds (3.75 M allocations: 2.583 GiB, 45.07% gc time)
454
  9.612523 seconds (1.02 M allocations: 764.907 MiB, 64.23% gc time)  9.317438 seconds (1.55 M allocations: 984.254 MiB, 66.26% gc time) 19.762516 seconds (4.19 M allocations: 2.875 GiB, 42.59% gc time)
 14.761419 seconds (2.15 M allocations: 1.598 GiB, 41.83% gc time)


  6.012773 seconds (716.05 k allocations: 749.593 MiB)
255
 11.447271 seconds (2.09 M allocations: 1.389 GiB, 53.94% gc time)
 14.071908 seconds (1.74 M allocations: 1.348 GiB, 43.88% gc time)
  5.912625 seconds (711.14 k allocations: 742.590 MiB)
  9.819734 seconds (1.95 M allocations: 1.175 GiB, 62.87% gc time)
 15.708708 seconds (3.58 M allocations: 2.349 GiB, 39.30% gc time)
 13.332425 seconds (1.85 M allocations: 1.378 GiB, 46.31% gc time)
 13.599309 seconds (1.53 M allocations: 1.205 GiB, 45.40% gc time)
 11.888777 seconds (2.95 M allocations: 1.798 GiB, 51.93% gc time)
705
55
 13.751177 seconds (2.39 M allocations: 1.666 GiB, 44.90% gc time)
  3.599459 seconds (451.41 k allocations: 502.633 MiB)
 20.256825 seconds (4.32 M allocations: 2.979 GiB, 41.55% gc time)
 16.190886 seconds (3.23 M allocations: 2.170 GiB, 38.13% gc time)
 19.317039 seconds (4.21 M allocations: 2.836 GiB, 43.57% gc time)
106
855
954
355
305
905
805
155
555
4
405
205
504
604
755
  6.767718 seconds (3.40 M allocations: 1.889 GiB)
656
  9.690432 seconds (1.07 M allocations: 908.050 MiB, 54.59% gc time)
256
 10.001534 seconds (989.61 k allocations: 908.328 MiB, 52.89% gc time)
955
 10.601197 seconds (1.25 M allocations: 1.055 GiB, 49.90% gc time)
505
 10.784933 seconds (1.80 M allocations: 1.299 GiB, 49.05% gc time)
706
 11.171574 seconds (2.20 M allocations: 1.504 GiB, 47.35% gc time)
306
 11.336411 seconds (2.26 M allocations: 1.545 GiB, 46.67% gc time)
5
 12.538117 seconds (2.05 M allocations: 1.586 GiB, 42.19% gc time)
206
 13.279922 seconds (3.07 M allocations: 2.073 GiB, 39.84% gc time)
455
 13.610065 seconds (3.00 M allocations: 2.083 GiB, 38.87% gc time)
56
 13.586054 seconds (2.52 M allocations: 1.885 GiB, 38.94% gc time)
856
  3.901325 seconds (1.64 M allocations: 1.074 GiB)
257
 14.199626 seconds (3.03 M allocations: 2.160 GiB, 37.26% gc time)
906
 14.340189 seconds (3.23 M allocations: 2.255 GiB, 36.89% gc time)
107
 14.204206 seconds (3.03 M allocations: 2.163 GiB, 37.24% gc time)
657
 14.638301 seconds (3.38 M allocations: 2.349 GiB, 36.14% gc time)
556
 14.892014 seconds (3.60 M allocations: 2.467 GiB, 35.52% gc time)
756
 14.994181 seconds (3.68 M allocations: 2.508 GiB, 35.28% gc time)
406
 15.252083 seconds (4.14 M allocations: 2.723 GiB, 34.69% gc time)
806
 15.899310 seconds (4.17 M allocations: 2.800 GiB, 33.27% gc time)
356
 16.327179 seconds (4.36 M allocations: 2.923 GiB, 32.40% gc time)
156
  4.855100 seconds (2.49 M allocations: 1.523 GiB)
6
  6.292324 seconds (3.35 M allocations: 2.025 GiB)
956
 16.613772 seconds (4.68 M allocations: 3.088 GiB, 31.84% gc time)
605
  7.306532 seconds (3.66 M allocations: 2.257 GiB)
707
  5.352085 seconds (2.92 M allocations: 1.752 GiB)
456
  5.658389 seconds (2.77 M allocations: 1.720 GiB)
857
  6.161736 seconds (3.10 M allocations: 1.905 GiB)
57
  6.010483 seconds (2.85 M allocations: 1.790 GiB)
907
  9.599829 seconds (4.54 M allocations: 2.851 GiB)
307
  8.196600 seconds (4.16 M allocations: 2.551 GiB)
207
  4.771979 seconds (2.01 M allocations: 1.314 GiB)
 10.448861 seconds (5.01 M allocations: 3.135 GiB)
357
506
  6.627046 seconds (3.10 M allocations: 1.954 GiB)
658
  7.314235 seconds (3.66 M allocations: 2.258 GiB)
258
  7.868532 seconds (3.74 M allocations: 2.339 GiB)
108
  7.863943 seconds (3.62 M allocations: 2.290 GiB)
757
  7.656345 seconds (3.57 M allocations: 2.247 GiB)
807
  8.437270 seconds (3.89 M allocations: 2.461 GiB)
407
  7.464002 seconds (3.13 M allocations: 2.048 GiB)
606
  8.004563 seconds (3.44 M allocations: 2.229 GiB)
7
 10.354263 seconds (4.93 M allocations: 3.080 GiB)
557
  8.374749 seconds (3.60 M allocations: 2.330 GiB)
957
  5.945812 seconds (3.03 M allocations: 1.845 GiB)
858
  7.817707 seconds (3.72 M allocations: 2.317 GiB)
708
  9.808398 seconds (4.36 M allocations: 2.785 GiB)
157
  8.302853 seconds (3.92 M allocations: 2.448 GiB)
457
  7.621861 seconds (3.61 M allocations: 2.249 GiB)
58
  6.656810 seconds (3.31 M allocations: 2.025 GiB)
308
  7.221666 seconds (3.66 M allocations: 2.227 GiB)
908
  6.339386 seconds (2.78 M allocations: 1.779 GiB)
659
  7.625776 seconds (3.46 M allocations: 2.185 GiB)
208
  7.523995 seconds (3.28 M allocations: 2.102 GiB)
259
  8.261373 seconds (3.74 M allocations: 2.367 GiB)
507
 12.310981 seconds (3.94 M allocations: 2.522 GiB, 27.00% gc time)
358
 10.457930 seconds (3.23 M allocations: 2.040 GiB, 31.78% gc time)
808
 10.117698 seconds (3.15 M allocations: 1.974 GiB, 32.85% gc time)
607
 11.246059 seconds (3.59 M allocations: 2.270 GiB, 29.55% gc time)
408
  8.516470 seconds (2.27 M allocations: 1.459 GiB, 39.03% gc time)
158
 12.409545 seconds (4.29 M allocations: 2.674 GiB, 26.78% gc time)
109
  7.550247 seconds (2.05 M allocations: 1.270 GiB, 44.02% gc time)
59
  6.937933 seconds (1.62 M allocations: 1.034 GiB, 47.90% gc time)
260
 13.825361 seconds (4.92 M allocations: 3.082 GiB, 24.04% gc time)
758
 11.994250 seconds (4.02 M allocations: 2.529 GiB, 27.71% gc time)
558
  9.744562 seconds (3.06 M allocations: 1.911 GiB, 34.11% gc time)
458
 12.129407 seconds (4.24 M allocations: 2.636 GiB, 27.40% gc time)
958
 11.723081 seconds (4.13 M allocations: 2.548 GiB, 28.35% gc time)
859
 12.994371 seconds (4.83 M allocations: 2.965 GiB, 25.58% gc time)
8
  9.944016 seconds (3.20 M allocations: 1.995 GiB, 33.42% gc time)
309
 12.149828 seconds (4.42 M allocations: 2.717 GiB, 27.36% gc time)
709
 11.501090 seconds (3.79 M allocations: 2.400 GiB, 28.90% gc time)
660
  4.933561 seconds (2.57 M allocations: 1.571 GiB)
608
  4.391028 seconds (2.07 M allocations: 1.308 GiB)
60
  3.743934 seconds (2.05 M allocations: 1.234 GiB)
261
  3.437888 seconds (1.57 M allocations: 1.002 GiB)
959
  3.447795 seconds (1.28 M allocations: 903.524 MiB)
310
  7.503120 seconds (3.74 M allocations: 2.314 GiB)
359
 13.039426 seconds (4.77 M allocations: 2.960 GiB, 25.49% gc time)
209
 14.287104 seconds (5.20 M allocations: 3.264 GiB, 23.26% gc time)
909
  3.174131 seconds (1.45 M allocations: 944.478 MiB)
661
 13.464281 seconds (5.03 M allocations: 3.114 GiB, 24.68% gc time)
508
  3.678772 seconds (1.63 M allocations: 1.050 GiB)
61
  4.865080 seconds (2.23 M allocations: 1.420 GiB)
710
  7.011900 seconds (3.64 M allocations: 2.225 GiB)
759
  9.956751 seconds (5.16 M allocations: 3.151 GiB)
809
  3.024962 seconds (1.62 M allocations: 1001.758 MiB)
360
  9.604026 seconds (4.82 M allocations: 2.972 GiB)
409
 10.627362 seconds (5.43 M allocations: 3.329 GiB)
159
  6.047226 seconds (2.95 M allocations: 1.835 GiB)
609
  4.152311 seconds (1.84 M allocations: 1.185 GiB)
662
  5.548922 seconds (2.53 M allocations: 1.612 GiB)
960
  9.866073 seconds (4.46 M allocations: 2.853 GiB)
860
 12.891154 seconds (6.13 M allocations: 3.849 GiB)
110
  5.394583 seconds (2.43 M allocations: 1.554 GiB)
509
  5.002938 seconds (2.26 M allocations: 1.445 GiB)
62
 11.763929 seconds (5.80 M allocations: 3.602 GiB)
559
  6.773367 seconds (3.25 M allocations: 2.033 GiB)
910
 12.226000 seconds (5.62 M allocations: 3.571 GiB)
9
 13.392686 seconds (6.46 M allocations: 4.036 GiB)
459
  8.543690 seconds (3.98 M allocations: 2.516 GiB)
210
  6.656143 seconds (3.05 M allocations: 1.938 GiB)
810
  3.867284 seconds (1.98 M allocations: 1.212 GiB)
961
  8.054296 seconds (3.71 M allocations: 2.352 GiB)
760
 10.506144 seconds (5.02 M allocations: 3.147 GiB)
311
 12.155042 seconds (5.87 M allocations: 3.665 GiB)
262
  7.887914 seconds (3.51 M allocations: 2.254 GiB)
361
  8.929771 seconds (4.11 M allocations: 2.608 GiB)
711
  5.017421 seconds (2.38 M allocations: 1.493 GiB)
510
  9.286618 seconds (4.24 M allocations: 2.696 GiB)
410
  6.882133 seconds (3.38 M allocations: 2.097 GiB)
663
  9.517628 seconds (4.28 M allocations: 2.738 GiB)
160
  7.651604 seconds (3.59 M allocations: 2.263 GiB)
861
  4.930024 seconds (2.41 M allocations: 1.495 GiB)
460
  9.786911 seconds (4.55 M allocations: 2.874 GiB)
610
  6.770171 seconds (3.28 M allocations: 2.041 GiB)
560
  8.211557 seconds (4.19 M allocations: 2.562 GiB)
111
  7.213513 seconds (3.55 M allocations: 2.194 GiB)
911
 13.234145 seconds (4.03 M allocations: 2.476 GiB, 39.05% gc time)
63
 11.905460 seconds (3.68 M allocations: 2.198 GiB, 43.40% gc time)
10
 12.673330 seconds (3.41 M allocations: 2.166 GiB, 40.77% gc time)
962
  9.541509 seconds (1.86 M allocations: 1.207 GiB, 54.16% gc time)
664
  8.591024 seconds (1.33 M allocations: 916.932 MiB, 60.15% gc time)
461
 13.874216 seconds (4.26 M allocations: 2.637 GiB, 37.24% gc time)
211
  3.025775 seconds (996.52 k allocations: 738.114 MiB)
11
  3.524315 seconds (1.33 M allocations: 930.937 MiB)
64
 13.464414 seconds (4.10 M allocations: 2.531 GiB, 38.38% gc time)
761
 15.135352 seconds (4.86 M allocations: 3.012 GiB, 34.14% gc time)
811
 13.758650 seconds (3.98 M allocations: 2.511 GiB, 37.56% gc time)
712
  3.322843 seconds (1.36 M allocations: 923.462 MiB)
665
 15.312701 seconds (4.62 M allocations: 2.935 GiB, 33.75% gc time)
362
 14.943083 seconds (4.37 M allocations: 2.793 GiB, 34.58% gc time)
511
  3.264897 seconds (1.32 M allocations: 898.916 MiB)
12
 16.015500 seconds (5.13 M allocations: 3.218 GiB, 32.26% gc time)
263
 13.837238 seconds (3.79 M allocations: 2.450 GiB, 37.34% gc time)
611
  4.068462 seconds (1.74 M allocations: 1.136 GiB)
65
  3.952582 seconds (1.68 M allocations: 1.098 GiB)
812
 17.938446 seconds (6.22 M allocations: 3.865 GiB, 28.81% gc time)
312
  4.955574 seconds (2.23 M allocations: 1.429 GiB)
762
 15.402013 seconds (4.93 M allocations: 3.075 GiB, 33.55% gc time)
862
 16.893548 seconds (5.69 M allocations: 3.539 GiB, 30.59% gc time)
411
 15.599745 seconds (5.05 M allocations: 3.144 GiB, 33.12% gc time)
161
  7.474326 seconds (3.74 M allocations: 2.308 GiB)
462
  3.187111 seconds (1.96 M allocations: 1.133 GiB)
512
 16.017966 seconds (5.18 M allocations: 3.244 GiB, 32.26% gc time)
112
 16.639768 seconds (5.37 M allocations: 3.387 GiB, 31.05% gc time)
912
  5.852256 seconds (3.09 M allocations: 1.875 GiB)
713
  8.698819 seconds (4.41 M allocations: 2.711 GiB)
212
  5.873101 seconds (3.23 M allocations: 1.937 GiB)
666
  4.946765 seconds (2.88 M allocations: 1.694 GiB)
13
 18.198267 seconds (6.50 M allocations: 4.015 GiB, 28.39% gc time)
561
  3.630065 seconds (1.76 M allocations: 1.101 GiB)
412
  6.501418 seconds (3.21 M allocations: 1.991 GiB)
612
  3.020310 seconds (1.17 M allocations: 812.277 MiB)
  3.021488 seconds (1.17 M allocations: 813.025 MiB)
913
714
  3.206191 seconds (1.27 M allocations: 874.415 MiB)
213
  5.837981 seconds (2.63 M allocations: 1.684 GiB)
 13.450432 seconds (6.48 M allocations: 4.052 GiB)
463
963
  7.802605 seconds (3.88 M allocations: 2.400 GiB)
813
  6.873857 seconds (3.32 M allocations: 2.075 GiB)
863
  3.023342 seconds (1.53 M allocations: 961.339 MiB)
413
  9.344682 seconds (4.77 M allocations: 2.924 GiB)
66
 11.215171 seconds (5.62 M allocations: 3.465 GiB)
363
  9.388654 seconds (4.61 M allocations: 2.861 GiB)
763
  5.809554 seconds (2.50 M allocations: 1.622 GiB)
562
  7.651327 seconds (3.31 M allocations: 2.146 GiB)
667
 10.382027 seconds (4.80 M allocations: 3.039 GiB)
162
 11.353881 seconds (5.61 M allocations: 3.476 GiB)
313
  7.864717 seconds (3.49 M allocations: 2.240 GiB)
14
  9.772658 seconds (4.59 M allocations: 2.891 GiB)
113
 12.530219 seconds (1.65 M allocations: 1.069 GiB, 69.44% gc time)
67
 23.137848 seconds (7.02 M allocations: 4.368 GiB, 37.60% gc time) 16.300380 seconds (2.42 M allocations: 1.722 GiB, 53.38% gc time)
 16.216703 seconds (2.46 M allocations: 1.735 GiB, 53.65% gc time)

 16.461575 seconds (3.35 M allocations: 2.169 GiB, 52.85% gc time)
 20.449477 seconds (5.27 M allocations: 3.370 GiB, 42.55% gc time)
  4.697001 seconds (559.38 k allocations: 608.973 MiB)
464
 15.183813 seconds (2.17 M allocations: 1.539 GiB, 57.30% gc time)
864
 15.214206 seconds (1.59 M allocations: 1.222 GiB, 57.19% gc time)
 16.201090 seconds (3.03 M allocations: 2.007 GiB, 53.70% gc time)
513
 17.411988 seconds (3.13 M allocations: 2.130 GiB, 49.97% gc time)
 14.655133 seconds (1.11 M allocations: 943.645 MiB, 59.37% gc time)
 13.869193 seconds (1.68 M allocations: 1.190 GiB, 62.73% gc time)
264
 15.936735 seconds (3.18 M allocations: 2.045 GiB, 54.60% gc time)
 14.158384 seconds (2.47 M allocations: 1.573 GiB, 61.45% gc time)
764
  5.178541 seconds (572.64 k allocations: 637.441 MiB)
 15.085788 seconds (1.11 M allocations: 963.078 MiB, 57.67% gc time)
 16.949839 seconds (2.51 M allocations: 1.803 GiB, 51.33% gc time)
214
163
 16.421086 seconds (1.57 M allocations: 1.248 GiB, 52.98% gc time)
 14.882759 seconds (936.28 k allocations: 856.631 MiB, 58.46% gc time)
364
613
715
414
964
114
15
668
814
314
563
914
  3.209772 seconds (934.90 k allocations: 726.120 MiB)
  3.187032 seconds (723.12 k allocations: 636.647 MiB)
965
365
  3.169096 seconds (597.06 k allocations: 583.869 MiB)
815
  3.560171 seconds (1.39 M allocations: 955.157 MiB)
514
  5.446906 seconds (1.76 M allocations: 1.280 GiB)
68
  5.720372 seconds (2.07 M allocations: 1.433 GiB)
415
  5.774997 seconds (1.61 M allocations: 1.257 GiB)
765
  6.073987 seconds (2.09 M allocations: 1.483 GiB)
315
  6.078248 seconds (1.98 M allocations: 1.437 GiB)
  6.080290 seconds (1.96 M allocations: 1.431 GiB)
265
  6.087474 seconds (1.96 M allocations: 1.433 GiB)
  6.080545 seconds (1.94 M allocations: 1.426 GiB)
164
564
915
  6.237090 seconds (2.38 M allocations: 1.619 GiB)
115
  3.103863 seconds (1.97 M allocations: 1.131 GiB)
816
  4.547561 seconds (2.12 M allocations: 1.339 GiB)
515
  5.135024 seconds (2.28 M allocations: 1.466 GiB)
366
 11.139244 seconds (4.56 M allocations: 3.016 GiB)
465
  7.694897 seconds (2.91 M allocations: 1.990 GiB)
966
 12.507594 seconds (5.13 M allocations: 3.389 GiB)
  5.658869 seconds (1.38 M allocations: 1.150 GiB)
865
817
  6.534978 seconds (2.19 M allocations: 1.572 GiB)
766
  4.378557 seconds (1.37 M allocations: 1.016 GiB)
516
 12.836075 seconds (4.75 M allocations: 3.274 GiB)
716
  6.553680 seconds (2.06 M allocations: 1.521 GiB)
916
  6.695874 seconds (2.25 M allocations: 1.616 GiB)
116
 13.601560 seconds (5.56 M allocations: 3.682 GiB)
669
 13.325362 seconds (5.39 M allocations: 3.586 GiB)
16
 14.309365 seconds (5.87 M allocations: 3.882 GiB)
614
  7.996577 seconds (3.16 M allocations: 2.123 GiB)
165
 14.809719 seconds (6.71 M allocations: 4.275 GiB)
  8.339892 seconds (3.50 M allocations: 2.295 GiB)
565
215
  5.527341 seconds (2.78 M allocations: 1.711 GiB)
  9.342380 seconds (4.84 M allocations: 2.950 GiB)
367
69
  9.014359 seconds (4.19 M allocations: 2.646 GiB)
266
 10.354732 seconds (5.28 M allocations: 3.234 GiB)
416
  5.010007 seconds (2.85 M allocations: 1.685 GiB)
866
 11.396562 seconds (5.13 M allocations: 3.279 GiB)
316
  4.208957 seconds (2.06 M allocations: 1.281 GiB)
670
  9.011693 seconds (3.31 M allocations: 1.971 GiB, 33.88% gc time)
818
  9.341742 seconds (2.94 M allocations: 1.850 GiB, 32.68% gc time)
917
  8.275972 seconds (2.29 M allocations: 1.473 GiB, 36.89% gc time)
615
  9.492018 seconds (3.08 M allocations: 1.925 GiB, 32.16% gc time)
717
 11.846766 seconds (4.67 M allocations: 2.822 GiB, 25.77% gc time)
466
 10.130280 seconds (3.53 M allocations: 2.175 GiB, 30.14% gc time)
517
  9.666500 seconds (3.14 M allocations: 1.970 GiB, 31.58% gc time)
17
  8.376583 seconds (2.28 M allocations: 1.484 GiB, 36.45% gc time)
267
 12.720297 seconds (5.13 M allocations: 3.099 GiB, 24.00% gc time)
967
 12.243349 seconds (4.34 M allocations: 2.728 GiB, 24.94% gc time)
117
  8.963693 seconds (2.64 M allocations: 1.693 GiB, 34.06% gc time)
417
 11.530632 seconds (3.54 M allocations: 2.325 GiB, 26.48% gc time)
566
 13.615766 seconds (5.11 M allocations: 3.184 GiB, 22.42% gc time)
767
 12.230010 seconds (4.11 M allocations: 2.631 GiB, 24.96% gc time)
216
  9.406205 seconds (2.92 M allocations: 1.851 GiB, 32.46% gc time)
867
  5.851217 seconds (2.77 M allocations: 1.740 GiB)
819
 13.501750 seconds (4.94 M allocations: 3.103 GiB, 22.61% gc time)
166
  4.758238 seconds (2.11 M allocations: 1.357 GiB)
  4.813075 seconds (2.20 M allocations: 1.398 GiB)
518
467
 13.264392 seconds (4.69 M allocations: 2.977 GiB, 23.02% gc time)
70
  5.537475 seconds (2.93 M allocations: 1.777 GiB)
616
 14.040981 seconds (5.23 M allocations: 3.277 GiB, 21.74% gc time)
368
 13.065984 seconds (4.55 M allocations: 2.897 GiB, 23.37% gc time)
317
  3.800459 seconds (1.59 M allocations: 1.043 GiB)
217
  5.091422 seconds (2.43 M allocations: 1.525 GiB)
418
  3.157922 seconds (1.02 M allocations: 760.797 MiB)
617
  3.418156 seconds (1.18 M allocations: 856.754 MiB)
519
  9.353829 seconds (4.62 M allocations: 2.862 GiB)
918
  3.081832 seconds (1.21 M allocations: 835.592 MiB)
369
  7.346036 seconds (3.80 M allocations: 2.319 GiB)
968
  9.628751 seconds (4.93 M allocations: 3.018 GiB)
718
  9.960392 seconds (4.74 M allocations: 2.972 GiB)
18
  3.054274 seconds (1.44 M allocations: 929.663 MiB)
  6.503218 seconds (3.14 M allocations: 1.961 GiB)
820
419
 17.118439 seconds (6.70 M allocations: 4.200 GiB, 17.84% gc time)
671
  3.072786 seconds (1.38 M allocations: 906.611 MiB)
520
  3.380907 seconds (1.75 M allocations: 1.068 GiB)
618
 10.380718 seconds (5.20 M allocations: 3.208 GiB)
118
  9.550568 seconds (4.75 M allocations: 2.939 GiB)
768
  4.218464 seconds (1.96 M allocations: 1.242 GiB)
370
  9.082838 seconds (4.29 M allocations: 2.701 GiB)
167
 11.530806 seconds (4.09 M allocations: 2.622 GiB, 20.92% gc time)
71
  7.934018 seconds (2.40 M allocations: 1.556 GiB, 30.40% gc time)
969
  9.221421 seconds (3.34 M allocations: 2.075 GiB, 26.16% gc time)
218
  5.988775 seconds (1.62 M allocations: 1.033 GiB, 40.27% gc time)
521
 10.446667 seconds (4.06 M allocations: 2.496 GiB, 23.09% gc time)
318
 18.170522 seconds (7.50 M allocations: 4.704 GiB, 13.27% gc time)
268
  8.140837 seconds (2.58 M allocations: 1.652 GiB, 29.63% gc time)
420
 15.887008 seconds (6.43 M allocations: 4.033 GiB, 15.18% gc time)
868
 17.062427 seconds (7.15 M allocations: 4.449 GiB, 14.14% gc time)
567
  6.624656 seconds (1.87 M allocations: 1.203 GiB, 36.41% gc time)
371
 11.493421 seconds (4.18 M allocations: 2.654 GiB, 20.99% gc time)
919
  7.776202 seconds (2.62 M allocations: 1.629 GiB, 31.02% gc time)
119
 10.428135 seconds (3.90 M allocations: 2.431 GiB, 23.13% gc time)
19
  9.039399 seconds (3.20 M allocations: 1.999 GiB, 26.68% gc time)
672
  9.321942 seconds (3.47 M allocations: 2.136 GiB, 25.87% gc time)
619
 10.781706 seconds (4.23 M allocations: 2.600 GiB, 22.37% gc time)
821
  3.165984 seconds (1.67 M allocations: 1.008 GiB)
421
  7.378453 seconds (3.40 M allocations: 2.152 GiB)
168
 11.127720 seconds (3.98 M allocations: 2.526 GiB, 21.68% gc time)
769
  3.390860 seconds (1.24 M allocations: 871.479 MiB)
120
  3.257298 seconds (1.19 M allocations: 839.505 MiB)
673
  7.744164 seconds (3.76 M allocations: 2.339 GiB)
72
 15.173754 seconds (6.14 M allocations: 3.833 GiB, 15.90% gc time)
719
  3.523864 seconds (1.47 M allocations: 986.900 MiB)
620
  8.652774 seconds (4.12 M allocations: 2.581 GiB)
970
 21.626635 seconds (9.26 M allocations: 5.779 GiB, 11.15% gc time)
468
  8.207367 seconds (3.90 M allocations: 2.446 GiB)
319
  6.114028 seconds (3.04 M allocations: 1.874 GiB)
568
  8.964341 seconds (4.53 M allocations: 2.783 GiB)
522
  6.509290 seconds (3.35 M allocations: 2.042 GiB)
920
  8.164277 seconds (4.19 M allocations: 2.556 GiB)
869
 11.039678 seconds (5.43 M allocations: 3.367 GiB)
219
  6.452116 seconds (3.04 M allocations: 1.911 GiB)
822
  7.695666 seconds (3.74 M allocations: 2.325 GiB)
20
  3.018486 seconds (1.32 M allocations: 875.671 MiB)
320
  5.198168 seconds (2.45 M allocations: 1.545 GiB)
674
  7.588647 seconds (3.70 M allocations: 2.302 GiB)
422
  9.923311 seconds (4.66 M allocations: 2.931 GiB)
372
  7.039259 seconds (3.61 M allocations: 2.209 GiB)
770
  3.031802 seconds (1.21 M allocations: 828.748 MiB)
220
 12.300633 seconds (6.25 M allocations: 3.831 GiB)
269
  7.806516 seconds (4.22 M allocations: 2.541 GiB)
169
  7.550250 seconds (3.85 M allocations: 2.361 GiB)
73
  8.059012 seconds (3.74 M allocations: 2.368 GiB)
621
  7.572780 seconds (3.26 M allocations: 2.122 GiB)
971
  4.077706 seconds (1.70 M allocations: 1.119 GiB)
675
  3.621148 seconds (1.62 M allocations: 1.040 GiB)
373
  4.308216 seconds (2.00 M allocations: 1.263 GiB)
423
 10.733593 seconds (5.26 M allocations: 3.268 GiB)
121
  8.996438 seconds (4.19 M allocations: 2.649 GiB)
569
  7.694863 seconds (3.64 M allocations: 2.291 GiB)
870
  8.997285 seconds (4.21 M allocations: 2.659 GiB)
523
  7.866205 seconds (3.61 M allocations: 2.293 GiB)
21
  5.265612 seconds (2.48 M allocations: 1.559 GiB)
221
 11.411385 seconds (5.82 M allocations: 3.570 GiB)
720
  9.977029 seconds (4.87 M allocations: 3.027 GiB)
921
  9.772637 seconds (4.57 M allocations: 2.881 GiB)
823
 11.867170 seconds (5.76 M allocations: 3.588 GiB)
469
  7.666464 seconds (3.38 M allocations: 2.175 GiB)
270
  8.413455 seconds (3.56 M allocations: 2.327 GiB)
170
  8.276973 seconds (3.54 M allocations: 2.303 GiB)
74
  9.117543 seconds (4.02 M allocations: 2.590 GiB)
771
 10.666144 seconds (4.95 M allocations: 3.129 GiB)
321
 11.471688 seconds (3.33 M allocations: 2.075 GiB, 39.25% gc time)
676
 10.464812 seconds (2.81 M allocations: 1.759 GiB, 43.02% gc time)
424
 10.990965 seconds (2.85 M allocations: 1.832 GiB, 40.96% gc time)
570
 11.514569 seconds (3.29 M allocations: 2.065 GiB, 39.10% gc time)
122
  9.978877 seconds (2.36 M allocations: 1.526 GiB, 45.12% gc time)
222
 13.027291 seconds (4.35 M allocations: 2.655 GiB, 34.56% gc time)
622
 13.599590 seconds (4.47 M allocations: 2.762 GiB, 33.11% gc time)
972
 13.468494 seconds (4.38 M allocations: 2.716 GiB, 33.43% gc time)
374
  7.809011 seconds (1.74 M allocations: 1.046 GiB, 57.65% gc time)
75
 12.289100 seconds (3.45 M allocations: 2.210 GiB, 36.64% gc time)
721
 14.294059 seconds (4.44 M allocations: 2.821 GiB, 31.50% gc time)
871
  9.416725 seconds (2.49 M allocations: 1.522 GiB, 47.81% gc time)
171
  3.260701 seconds (1.47 M allocations: 961.350 MiB)
123
  3.215541 seconds (1.42 M allocations: 937.877 MiB)
223
 14.499148 seconds (4.86 M allocations: 3.017 GiB, 31.05% gc time)
524
 14.349662 seconds (4.76 M allocations: 2.960 GiB, 31.38% gc time)
22
  3.388786 seconds (1.59 M allocations: 1.001 GiB)
375
  4.201583 seconds (1.99 M allocations: 1.248 GiB)
623
 14.816624 seconds (4.91 M allocations: 3.071 GiB, 30.39% gc time)
922
  6.976272 seconds (3.58 M allocations: 2.189 GiB)
772
  4.082997 seconds (2.10 M allocations: 1.281 GiB)
76
  3.032117 seconds (1.38 M allocations: 897.717 MiB)
224
  6.124981 seconds (2.89 M allocations: 1.819 GiB)
973
 14.820551 seconds (5.15 M allocations: 3.172 GiB, 30.38% gc time)
271
 16.365869 seconds (5.67 M allocations: 3.542 GiB, 27.51% gc time)
824
  8.834676 seconds (4.41 M allocations: 2.720 GiB)
425
  3.164575 seconds (1.45 M allocations: 945.307 MiB)
624
  3.178081 seconds (1.47 M allocations: 954.989 MiB)
376
 17.734478 seconds (6.43 M allocations: 3.996 GiB, 25.39% gc time)
470
  3.019820 seconds (1.40 M allocations: 908.681 MiB)
225
 11.332911 seconds (5.75 M allocations: 3.529 GiB)
322
 11.114717 seconds (5.54 M allocations: 3.420 GiB)
677
 11.000268 seconds (5.43 M allocations: 3.367 GiB)
571
  3.043827 seconds (1.46 M allocations: 938.944 MiB)
272
  3.027820 seconds (1.31 M allocations: 871.039 MiB)
426
  3.037170 seconds (1.35 M allocations: 891.145 MiB)
625
  6.052055 seconds (3.08 M allocations: 1.893 GiB)
773
 10.142866 seconds (4.92 M allocations: 3.070 GiB)
872
  6.070219 seconds (2.83 M allocations: 1.793 GiB)
974
  4.430334 seconds (1.96 M allocations: 1.267 GiB)
471
  3.575633 seconds (1.56 M allocations: 1.012 GiB)
678
 11.749965 seconds (5.87 M allocations: 3.625 GiB)
722
  6.591449 seconds (3.10 M allocations: 1.958 GiB)
825
 10.417313 seconds (5.21 M allocations: 3.219 GiB)
23
  9.458147 seconds (4.65 M allocations: 2.888 GiB)
923
 11.407828 seconds (5.77 M allocations: 3.548 GiB)
525
  4.973270 seconds (2.10 M allocations: 1.376 GiB)
427
 21.788516 seconds (3.39 M allocations: 2.148 GiB, 66.47% gc time)
226
 18.478775 seconds (1.65 M allocations: 1.087 GiB, 78.37% gc time)
472
 22.653884 seconds (3.49 M allocations: 2.274 GiB, 63.93% gc time)
323
 29.418730 seconds (7.00 M allocations: 4.417 GiB, 49.23% gc time)
124
 21.192409 seconds (2.69 M allocations: 1.796 GiB, 68.34% gc time)
774
 26.722927 seconds (5.84 M allocations: 3.663 GiB, 54.19% gc time)
77
 17.934686 seconds (1.36 M allocations: 934.634 MiB, 80.75% gc time)
526
 22.667696 seconds (3.82 M allocations: 2.409 GiB, 63.89% gc time)
273
 20.271262 seconds (2.86 M allocations: 1.769 GiB, 71.44% gc time)
873
 19.808926 seconds (2.55 M allocations: 1.595 GiB, 73.11% gc time)
826
 21.176156 seconds (3.40 M allocations: 2.081 GiB, 68.39% gc time)
975
 31.903706 seconds (8.81 M allocations: 5.413 GiB, 45.39% gc time)
172
  3.024882 seconds (1.77 M allocations: 1.038 GiB)
473
 25.085566 seconds (4.96 M allocations: 3.126 GiB, 57.73% gc time)
572
  3.029611 seconds (1.54 M allocations: 966.287 MiB)
125
  3.024688 seconds (1.57 M allocations: 978.481 MiB)
527
 22.250923 seconds (3.87 M allocations: 2.387 GiB, 65.09% gc time)
679
  3.033601 seconds (1.50 M allocations: 949.156 MiB)
874
 30.074238 seconds (7.34 M allocations: 4.620 GiB, 48.16% gc time)
377
  5.324584 seconds (2.72 M allocations: 1.664 GiB)
324
  3.045702 seconds (1.20 M allocations: 821.885 MiB)
573
  6.432645 seconds (3.18 M allocations: 1.965 GiB)
775
  3.077124 seconds (1.27 M allocations: 855.841 MiB)
126
 25.384600 seconds (5.20 M allocations: 3.256 GiB, 57.05% gc time)
723
 29.004827 seconds (6.80 M allocations: 4.284 GiB, 49.93% gc time)
626
  3.050762 seconds (1.21 M allocations: 826.884 MiB)
875
  6.534302 seconds (3.27 M allocations: 2.010 GiB)
274
  9.148226 seconds (4.87 M allocations: 2.938 GiB)
227
 24.701766 seconds (5.30 M allocations: 3.221 GiB, 58.63% gc time)
428
  3.022691 seconds (1.53 M allocations: 959.962 MiB)
574
  3.108777 seconds (1.03 M allocations: 759.828 MiB)
627
  3.152199 seconds (1.06 M allocations: 779.423 MiB)
876
  3.547000 seconds (1.35 M allocations: 940.552 MiB)
724
  9.407499 seconds (4.35 M allocations: 2.750 GiB)
827
 29.581086 seconds (7.25 M allocations: 4.523 GiB, 48.96% gc time)
24
 10.186227 seconds (4.71 M allocations: 2.978 GiB)
976
  4.405607 seconds (1.76 M allocations: 1.178 GiB)
275
  6.588487 seconds (3.16 M allocations: 1.971 GiB)
378
 30.320000 seconds (7.74 M allocations: 4.802 GiB, 47.77% gc time)
924
  6.713061 seconds (3.54 M allocations: 2.142 GiB)
325
 10.175317 seconds (4.58 M allocations: 2.922 GiB)
680
 10.944023 seconds (5.12 M allocations: 3.222 GiB)
474
  6.053151 seconds (2.55 M allocations: 1.670 GiB)
429
 10.472341 seconds (4.81 M allocations: 3.047 GiB)
528
  8.210917 seconds (4.09 M allocations: 2.523 GiB)
776
  3.357489 seconds (1.53 M allocations: 995.773 MiB)
977
  8.753872 seconds (2.81 M allocations: 1.726 GiB, 36.31% gc time)
628
  8.619028 seconds (2.76 M allocations: 1.689 GiB, 36.87% gc time)
877
  8.025232 seconds (2.07 M allocations: 1.347 GiB, 39.60% gc time)
379
  8.470082 seconds (2.33 M allocations: 1.499 GiB, 37.52% gc time)
276
 18.317395 seconds (7.29 M allocations: 4.547 GiB, 17.35% gc time)
173
 20.269113 seconds (8.26 M allocations: 5.144 GiB, 15.68% gc time)
78
  7.401739 seconds (1.84 M allocations: 1.188 GiB, 42.94% gc time)
681
 10.978394 seconds (3.68 M allocations: 2.311 GiB, 28.95% gc time)
725
 15.578052 seconds (5.86 M allocations: 3.678 GiB, 20.40% gc time)
127
 15.056379 seconds (5.42 M allocations: 3.447 GiB, 21.11% gc time)
228
 10.116928 seconds (3.10 M allocations: 1.985 GiB, 31.42% gc time)
326
 11.579770 seconds (4.04 M allocations: 2.520 GiB, 27.45% gc time)
25
  3.942434 seconds (1.82 M allocations: 1.152 GiB)
878
  4.672837 seconds (2.23 M allocations: 1.397 GiB)
629
 14.381333 seconds (5.72 M allocations: 3.500 GiB, 22.10% gc time)
575
  4.111308 seconds (2.17 M allocations: 1.316 GiB)
380
 14.093405 seconds (5.41 M allocations: 3.343 GiB, 22.55% gc time)
828
  4.892728 seconds (2.37 M allocations: 1.478 GiB)
277
  7.637959 seconds (3.45 M allocations: 2.202 GiB)
978
  5.862067 seconds (2.65 M allocations: 1.692 GiB)
174
 14.339786 seconds (5.16 M allocations: 3.267 GiB, 22.16% gc time)
 12.562737 seconds (4.41 M allocations: 2.776 GiB, 25.30% gc time)
925
430
 12.393095 seconds (4.48 M allocations: 2.790 GiB, 25.65% gc time)
777
 12.588953 seconds (4.61 M allocations: 2.860 GiB, 25.25% gc time)
529
 13.364456 seconds (5.24 M allocations: 3.198 GiB, 23.78% gc time)
475
  4.380079 seconds (2.15 M allocations: 1.335 GiB)
630
  9.056562 seconds (3.93 M allocations: 2.548 GiB)  5.904578 seconds (2.51 M allocations: 1.642 GiB)

  7.224747 seconds (2.64 M allocations: 1.825 GiB)  5.459838 seconds (2.16 M allocations: 1.450 GiB)

79
  8.796068 seconds (3.46 M allocations: 2.313 GiB)  3.018727 seconds (666.88 k allocations: 599.265 MiB)  3.048491 seconds (1.54 M allocations: 970.321 MiB)


  8.184040 seconds (3.47 M allocations: 2.273 GiB)
576
  7.391728 seconds (3.47 M allocations: 2.189 GiB)
  4.361425 seconds (1.40 M allocations: 1.011 GiB)
  4.289103 seconds (1.86 M allocations: 1.209 GiB)
26
879
726
829
128
381
682
175
530
  8.971290 seconds (4.27 M allocations: 2.650 GiB)
327
  5.212881 seconds (2.58 M allocations: 1.562 GiB)
778
  5.525454 seconds (2.67 M allocations: 1.628 GiB)
476
  7.864649 seconds (4.10 M allocations: 2.459 GiB)
278
  7.411103 seconds (3.66 M allocations: 2.232 GiB)
  7.388288 seconds (3.64 M allocations: 2.221 GiB)
926
431
  3.027512 seconds (1.60 M allocations: 989.895 MiB)
176
  3.146222 seconds (1.74 M allocations: 1.039 GiB)
880
  3.161609 seconds (1.73 M allocations: 1.034 GiB)
129
  4.623991 seconds (1.78 M allocations: 1.209 GiB)
328
  4.279463 seconds (1.61 M allocations: 1.106 GiB)
779
  5.590357 seconds (2.92 M allocations: 1.775 GiB)
577
 15.116179 seconds (7.35 M allocations: 4.547 GiB)
229
  6.858719 seconds (3.27 M allocations: 2.048 GiB)
27
  4.876690 seconds (1.53 M allocations: 1.133 GiB)
881
 14.948025 seconds (3.82 M allocations: 2.432 GiB, 43.53% gc time)
631
 11.587107 seconds (1.69 M allocations: 1.214 GiB, 56.16% gc time)
130
 13.003094 seconds (2.46 M allocations: 1.676 GiB, 50.05% gc time)
432
 15.745658 seconds (3.84 M allocations: 2.527 GiB, 41.33% gc time)
683
 13.566243 seconds (2.97 M allocations: 1.947 GiB, 47.97% gc time)
 15.460653 seconds (3.71 M allocations: 2.444 GiB, 42.09% gc time)
279
531
 15.692785 seconds (4.08 M allocations: 2.622 GiB, 41.47% gc time)
830
 21.140742 seconds (7.04 M allocations: 4.363 GiB, 30.78% gc time)
979
 11.598118 seconds (2.26 M allocations: 1.450 GiB, 56.11% gc time)
329
 14.239111 seconds (3.19 M allocations: 2.106 GiB, 45.70% gc time)
177
 17.925406 seconds (5.07 M allocations: 3.256 GiB, 36.30% gc time)
382
  3.717904 seconds (2.04 M allocations: 1.224 GiB)
882
 11.807249 seconds (2.44 M allocations: 1.546 GiB, 55.11% gc time)
28
 17.258789 seconds (4.91 M allocations: 3.122 GiB, 37.71% gc time)
477
 18.604894 seconds (5.58 M allocations: 3.538 GiB, 34.98% gc time)
80
 16.600648 seconds (4.76 M allocations: 2.991 GiB, 39.20% gc time)
927
 14.341940 seconds (3.86 M allocations: 2.388 GiB, 45.37% gc time)
578
 19.521633 seconds (6.13 M allocations: 3.858 GiB, 33.33% gc time)
727
  4.632609 seconds (2.04 M allocations: 1.310 GiB)
980
  3.138150 seconds (1.02 M allocations: 754.548 MiB)
81
  3.721495 seconds (1.28 M allocations: 922.429 MiB)
29
  3.116479 seconds (930.22 k allocations: 713.638 MiB)
  7.073457 seconds (3.15 M allocations: 2.016 GiB)
579
433
  8.605562 seconds (4.12 M allocations: 2.570 GiB)
131
 18.554707 seconds (5.44 M allocations: 3.463 GiB, 35.07% gc time)
 17.830790 seconds (5.19 M allocations: 3.289 GiB, 36.50% gc time)
780
230
  3.030630 seconds (1.29 M allocations: 857.839 MiB)
981
  7.639313 seconds (3.55 M allocations: 2.234 GiB)
330
  9.978701 seconds (4.96 M allocations: 3.058 GiB)
632
  9.553461 seconds (4.70 M allocations: 2.906 GiB)
684
  9.516758 seconds (4.60 M allocations: 2.864 GiB)
280
  6.731624 seconds (3.07 M allocations: 1.946 GiB)
478
  3.412447 seconds (2.00 M allocations: 1.172 GiB)
82
 10.382405 seconds (5.15 M allocations: 3.178 GiB)
532
  3.448099 seconds (1.99 M allocations: 1.172 GiB)
580
 11.160567 seconds (5.34 M allocations: 3.336 GiB)
831
  9.979214 seconds (4.86 M allocations: 3.021 GiB)
383
  9.947965 seconds (4.81 M allocations: 2.994 GiB)
  3.218224 seconds (1.56 M allocations: 1000.114 MiB)
331
883
  4.771847 seconds (2.49 M allocations: 1.518 GiB)
781
 11.622845 seconds (5.70 M allocations: 3.532 GiB)
178
  9.943156 seconds (4.66 M allocations: 2.932 GiB)
928
  3.070078 seconds (1.42 M allocations: 921.469 MiB)
533
  4.832251 seconds (2.69 M allocations: 1.607 GiB)
982
 10.914709 seconds (4.95 M allocations: 3.155 GiB)
728
  5.241967 seconds (2.14 M allocations: 1.421 GiB)
581
  7.205753 seconds (3.21 M allocations: 2.062 GiB)
685
  4.893790 seconds (2.14 M allocations: 1.385 GiB)
832
  6.912329 seconds (3.01 M allocations: 1.951 GiB)
479
  9.942726 seconds (5.00 M allocations: 3.080 GiB)
30
  9.155678 seconds (4.76 M allocations: 2.902 GiB)
132
  8.308675 seconds (4.30 M allocations: 2.627 GiB)
633
 10.127310 seconds (5.32 M allocations: 3.234 GiB)
434
  5.259855 seconds (2.83 M allocations: 1.706 GiB)
384
  7.567642 seconds (3.91 M allocations: 2.387 GiB)
83
  5.732082 seconds (3.02 M allocations: 1.835 GiB)
884
  6.008191 seconds (3.20 M allocations: 1.936 GiB)
332
 18.506139 seconds (5.98 M allocations: 3.717 GiB, 33.94% gc time)
231
 10.094122 seconds (1.53 M allocations: 1.018 GiB, 62.23% gc time)
133
 12.532626 seconds (2.94 M allocations: 1.852 GiB, 50.12% gc time)
  9.698522 seconds (1.14 M allocations: 840.090 MiB, 64.77% gc time)
534
385
 11.108142 seconds (2.07 M allocations: 1.347 GiB, 56.55% gc time)
31
 13.738242 seconds (3.42 M allocations: 2.174 GiB, 45.73% gc time)
729
 15.241800 seconds (4.04 M allocations: 2.586 GiB, 41.21% gc time)
782
 15.540582 seconds (4.33 M allocations: 2.736 GiB, 40.42% gc time)
929
 19.242274 seconds (6.26 M allocations: 3.908 GiB, 32.65% gc time)
281
 12.989038 seconds (3.64 M allocations: 2.186 GiB, 48.36% gc time)
582
  3.119618 seconds (1.45 M allocations: 938.080 MiB)
535
  3.045604 seconds (1.40 M allocations: 914.450 MiB)
386
 13.474733 seconds (2.97 M allocations: 1.962 GiB, 46.62% gc time)
84
 15.221789 seconds (4.34 M allocations: 2.704 GiB, 41.27% gc time)
686
 13.323078 seconds (2.92 M allocations: 1.926 GiB, 47.15% gc time)
333
  3.157312 seconds (1.30 M allocations: 879.614 MiB)
930
 14.298505 seconds (3.50 M allocations: 2.267 GiB, 43.93% gc time)
885
  4.114298 seconds (2.03 M allocations: 1.260 GiB)
783
 16.438234 seconds (5.05 M allocations: 3.124 GiB, 38.21% gc time)
833
  6.971070 seconds (3.47 M allocations: 2.146 GiB)
232
 20.988704 seconds (7.00 M allocations: 4.396 GiB, 29.93% gc time)
179
  3.923197 seconds (1.81 M allocations: 1.151 GiB)
387
  4.118091 seconds (1.99 M allocations: 1.246 GiB)
536
 19.953537 seconds (6.78 M allocations: 4.201 GiB, 31.48% gc time)
983
  3.676258 seconds (1.72 M allocations: 1.087 GiB)
931
  3.658356 seconds (1.77 M allocations: 1.106 GiB)
334
  3.718331 seconds (1.78 M allocations: 1.116 GiB)
886
 20.162706 seconds (6.39 M allocations: 4.060 GiB, 31.16% gc time)
634
 20.885248 seconds (7.00 M allocations: 4.385 GiB, 30.08% gc time)
480
  3.325432 seconds (1.38 M allocations: 929.577 MiB)
388
  3.409177 seconds (1.46 M allocations: 971.516 MiB)
537
  9.963634 seconds (4.43 M allocations: 2.849 GiB)
32
 11.489868 seconds (5.44 M allocations: 3.422 GiB)
134
 10.053880 seconds (4.45 M allocations: 2.869 GiB)
583
 10.770165 seconds (5.17 M allocations: 3.240 GiB)
730
 22.143477 seconds (7.44 M allocations: 4.695 GiB, 28.37% gc time)
435
  3.996858 seconds (1.88 M allocations: 1.183 GiB)
 11.182763 seconds (5.22 M allocations: 3.299 GiB)
335
282
  3.641379 seconds (1.89 M allocations: 1.151 GiB)
  6.711778 seconds (3.30 M allocations: 2.048 GiB)
635
180
  3.043858 seconds (1.59 M allocations: 990.496 MiB)
538
 13.732964 seconds (5.31 M allocations: 3.237 GiB, 25.50% gc time)
85
 12.719000 seconds (4.49 M allocations: 2.792 GiB, 27.53% gc time)
834
  9.918707 seconds (3.12 M allocations: 1.939 GiB, 35.30% gc time)
887
 14.456596 seconds (5.56 M allocations: 3.412 GiB, 24.22% gc time)
687
  7.032778 seconds (1.47 M allocations: 988.672 MiB, 49.79% gc time)
336
  3.036465 seconds (1.17 M allocations: 812.698 MiB) 15.837887 seconds (5.49 M allocations: 3.525 GiB, 22.11% gc time)

 14.372710 seconds (4.94 M allocations: 3.146 GiB, 24.36% gc time)
  3.155289 seconds (1.02 M allocations: 760.211 MiB)
 13.171312 seconds (4.28 M allocations: 2.753 GiB, 26.59% gc time)
  9.267787 seconds (2.39 M allocations: 1.572 GiB, 37.78% gc time)
  3.031388 seconds (1.08 M allocations: 773.685 MiB)
 12.947784 seconds (4.11 M allocations: 2.655 GiB, 27.04% gc time)
  9.990083 seconds (2.60 M allocations: 1.719 GiB, 35.05% gc time)
539
181
 11.765733 seconds (3.22 M allocations: 2.143 GiB, 29.76% gc time)
135
984
636
784
33
389
233
932
 10.132211 seconds (2.99 M allocations: 1.849 GiB, 34.56% gc time)
436
 12.735882 seconds (4.80 M allocations: 2.860 GiB, 27.49% gc time)
481
 12.104497 seconds (4.29 M allocations: 2.584 GiB, 28.93% gc time)
584
  6.073213 seconds (2.94 M allocations: 1.768 GiB)
835
  3.110127 seconds (1.36 M allocations: 893.570 MiB)
  6.814821 seconds (2.95 M allocations: 1.850 GiB)
688
136
  3.185123 seconds (1.38 M allocations: 909.794 MiB)
182
 14.204751 seconds (5.14 M allocations: 3.149 GiB, 24.65% gc time)
731
  3.806762 seconds (1.13 M allocations: 876.545 MiB)
985
  4.572548 seconds (2.19 M allocations: 1.362 GiB)
933
 10.475412 seconds (4.71 M allocations: 2.943 GiB)
86
  6.092407 seconds (2.30 M allocations: 1.562 GiB)
437
 10.223001 seconds (4.51 M allocations: 2.837 GiB)
888
  6.105673 seconds (2.25 M allocations: 1.547 GiB)
482
  6.313971 seconds (2.53 M allocations: 1.683 GiB)
637
  6.815873 seconds (2.91 M allocations: 1.889 GiB)
234
  3.220428 seconds (1.43 M allocations: 939.759 MiB)
732
 17.727455 seconds (6.68 M allocations: 4.136 GiB, 19.75% gc time)
283
  6.552277 seconds (2.86 M allocations: 1.843 GiB)
  6.619487 seconds (2.91 M allocations: 1.869 GiB)
836
585
  3.764480 seconds (1.86 M allocations: 1.148 GiB)
934
  6.830678 seconds (3.04 M allocations: 1.944 GiB)
689
 10.056576 seconds (4.28 M allocations: 2.786 GiB)
390
  3.997302 seconds (1.68 M allocations: 1.100 GiB)
638
 11.340234 seconds (5.10 M allocations: 3.249 GiB)
34
  8.856869 seconds (3.91 M allocations: 2.512 GiB)
137
  7.971063 seconds (3.50 M allocations: 2.252 GiB)
183
  5.408209 seconds (2.30 M allocations: 1.498 GiB)
235
  8.841490 seconds (3.88 M allocations: 2.501 GiB)
986
 13.611066 seconds (5.96 M allocations: 3.838 GiB)
785
  8.516355 seconds (3.84 M allocations: 2.453 GiB)
87
  6.703874 seconds (2.72 M allocations: 1.810 GiB)
284
  3.922848 seconds (1.65 M allocations: 1.081 GiB)
639
  8.376882 seconds (3.72 M allocations: 2.391 GiB)
889
  8.628928 seconds (4.02 M allocations: 2.541 GiB)
438
  4.863099 seconds (2.25 M allocations: 1.427 GiB)
690
 15.478739 seconds (7.25 M allocations: 4.561 GiB)
540
  6.724022 seconds (3.09 M allocations: 1.960 GiB)
935
 15.701496 seconds (7.33 M allocations: 4.617 GiB)
337
  9.407331 seconds (4.73 M allocations: 2.913 GiB)
483
 10.435392 seconds (2.78 M allocations: 1.661 GiB, 51.52% gc time)
35
 12.031995 seconds (3.41 M allocations: 2.085 GiB, 44.68% gc time)
391
 14.955915 seconds (4.72 M allocations: 2.925 GiB, 35.95% gc time)
733
 14.267878 seconds (4.41 M allocations: 2.727 GiB, 37.68% gc time)
837
 15.260570 seconds (4.68 M allocations: 2.940 GiB, 35.23% gc time)
586
  9.152398 seconds (1.79 M allocations: 1.124 GiB, 58.74% gc time)
640
  3.319305 seconds (1.31 M allocations: 902.168 MiB)
484
  3.202999 seconds (1.02 M allocations: 769.673 MiB)
734
 12.452886 seconds (3.42 M allocations: 2.135 GiB, 43.17% gc time)
786
 12.038920 seconds (3.39 M allocations: 2.077 GiB, 44.66% gc time)
88
 11.246089 seconds (2.67 M allocations: 1.701 GiB, 47.80% gc time)
691
 11.634852 seconds (2.65 M allocations: 1.733 GiB, 46.21% gc time)
541
 15.263103 seconds (4.86 M allocations: 3.013 GiB, 35.22% gc time)
184
 15.430432 seconds (4.75 M allocations: 2.988 GiB, 34.84% gc time)
 16.032352 seconds (5.02 M allocations: 3.158 GiB, 33.53% gc time)
  5.770748 seconds (2.22 M allocations: 1.508 GiB)
  3.515543 seconds (1.37 M allocations: 949.214 MiB)
236
138
392
641
 15.526119 seconds (5.27 M allocations: 3.208 GiB, 34.63% gc time)
987
 14.147398 seconds (4.32 M allocations: 2.678 GiB, 38.00% gc time)
439
  3.144434 seconds (1.82 M allocations: 1.070 GiB)
735
  6.513287 seconds (3.01 M allocations: 1.910 GiB)
838
 13.676620 seconds (3.92 M allocations: 2.464 GiB, 39.31% gc time)
338
  4.752889 seconds (2.56 M allocations: 1.543 GiB)
485
  3.288244 seconds (2.04 M allocations: 1.176 GiB)
692
  8.647907 seconds (4.28 M allocations: 2.649 GiB)
36
  5.974216 seconds (2.84 M allocations: 1.782 GiB)
89
  3.769398 seconds (1.65 M allocations: 1.069 GiB)
988
  3.746933 seconds (1.64 M allocations: 1.061 GiB)
440
  9.100412 seconds (4.33 M allocations: 2.719 GiB)
587
  4.776967 seconds (2.26 M allocations: 1.425 GiB)
139
  4.834097 seconds (2.36 M allocations: 1.470 GiB)
642
  6.449333 seconds (3.51 M allocations: 2.106 GiB)
542
 20.250720 seconds (7.61 M allocations: 4.659 GiB, 26.55% gc time)
285
  4.027362 seconds (1.60 M allocations: 1.074 GiB)
37
  6.051534 seconds (2.68 M allocations: 1.727 GiB)
839
  6.039356 seconds (2.52 M allocations: 1.660 GiB)
486
  3.223032 seconds (1.13 M allocations: 820.078 MiB)
140
  4.146141 seconds (1.49 M allocations: 1.042 GiB)
643
 11.708840 seconds (5.61 M allocations: 3.516 GiB)
787
 23.243819 seconds (8.61 M allocations: 5.384 GiB, 23.13% gc time)
890
 10.057644 seconds (4.88 M allocations: 3.045 GiB)
185
 26.345905 seconds (8.39 M allocations: 5.294 GiB, 31.99% gc time)
936
  8.638378 seconds (2.71 M allocations: 1.690 GiB, 35.33% gc time)
441
  7.202050 seconds (1.84 M allocations: 1.183 GiB, 42.38% gc time)
38
 12.511027 seconds (4.04 M allocations: 2.636 GiB, 24.40% gc time)
693
 10.099859 seconds (3.62 M allocations: 2.214 GiB, 30.22% gc time)
90
  7.875238 seconds (2.37 M allocations: 1.470 GiB, 38.76% gc time)
286
 13.362960 seconds (4.75 M allocations: 3.016 GiB, 22.84% gc time)
339
 13.371033 seconds (4.73 M allocations: 3.010 GiB, 22.83% gc time)
736
 10.645302 seconds (4.11 M allocations: 2.470 GiB, 28.67% gc time)
989
 10.821734 seconds (3.60 M allocations: 2.280 GiB, 28.21% gc time)
543
  7.302218 seconds (2.21 M allocations: 1.341 GiB, 41.80% gc time)
788
  3.437779 seconds (1.80 M allocations: 1.094 GiB)
937
  3.307216 seconds (1.73 M allocations: 1.053 GiB)
442
 10.146251 seconds (3.63 M allocations: 2.219 GiB, 30.08% gc time)
840
  3.579637 seconds (1.93 M allocations: 1.162 GiB)
39
  3.831073 seconds (2.06 M allocations: 1.243 GiB)
694
  9.758509 seconds (3.47 M allocations: 2.112 GiB, 31.28% gc time)
644
 19.130242 seconds (7.82 M allocations: 4.872 GiB, 15.96% gc time)
237
 19.576821 seconds (8.15 M allocations: 5.054 GiB, 15.59% gc time)
393
  3.131973 seconds (1.39 M allocations: 916.537 MiB)
789
  3.136001 seconds (1.39 M allocations: 917.616 MiB)
938
  3.022144 seconds (1.13 M allocations: 796.540 MiB)
695
  6.523949 seconds (2.74 M allocations: 1.798 GiB)
990
  3.392903 seconds (1.22 M allocations: 873.338 MiB)
645
  9.917807 seconds (4.72 M allocations: 2.964 GiB)
186
  9.081071 seconds (4.04 M allocations: 2.599 GiB)
91
  6.020438 seconds (2.39 M allocations: 1.604 GiB)
841
  9.071325 seconds (4.04 M allocations: 2.595 GiB)
  3.521836 seconds (1.42 M allocations: 971.996 MiB)
287
790
  3.322848 seconds (1.45 M allocations: 961.108 MiB)
696
  9.589276 seconds (4.33 M allocations: 2.771 GiB)
340
  9.566759 seconds (4.33 M allocations: 2.770 GiB)
737
 19.591418 seconds (7.95 M allocations: 4.976 GiB, 15.58% gc time)
588
  7.402423 seconds (3.54 M allocations: 2.221 GiB)
40
  4.739567 seconds (2.34 M allocations: 1.454 GiB)
939
 16.697950 seconds (7.31 M allocations: 4.412 GiB, 18.28% gc time)
141
  9.109144 seconds (4.75 M allocations: 2.894 GiB)
544
 18.152386 seconds (7.67 M allocations: 4.709 GiB, 16.81% gc time)
487
  8.895760 seconds (4.65 M allocations: 2.832 GiB)
443
 17.385175 seconds (7.55 M allocations: 4.581 GiB, 17.56% gc time)
891
  5.679210 seconds (3.02 M allocations: 1.827 GiB)
646
  9.703734 seconds (4.57 M allocations: 2.883 GiB)
238
  7.172934 seconds (3.61 M allocations: 2.227 GiB)
991
  3.397774 seconds (1.06 M allocations: 803.810 MiB)
142
  4.777085 seconds (2.06 M allocations: 1.342 GiB)
697
 18.106716 seconds (3.68 M allocations: 2.202 GiB, 62.92% gc time)
187
 17.243279 seconds (2.66 M allocations: 1.692 GiB, 66.07% gc time)
589
 22.685650 seconds (5.32 M allocations: 3.352 GiB, 50.22% gc time)
394
 17.682933 seconds (2.58 M allocations: 1.707 GiB, 64.43% gc time)
41
 19.295986 seconds (4.05 M allocations: 2.474 GiB, 59.04% gc time)
92
 18.446612 seconds (3.42 M allocations: 2.130 GiB, 61.76% gc time)
341
 19.719006 seconds (4.22 M allocations: 2.589 GiB, 57.78% gc time)
288
 17.626711 seconds (2.69 M allocations: 1.744 GiB, 64.63% gc time)
444
 20.796334 seconds (4.85 M allocations: 2.958 GiB, 54.78% gc time)
842
 19.561695 seconds (3.74 M allocations: 2.376 GiB, 58.24% gc time)
940
  3.253990 seconds (1.57 M allocations: 1003.365 MiB)
590
 17.025788 seconds (2.86 M allocations: 1.752 GiB, 66.92% gc time)
647
 19.928058 seconds (3.74 M allocations: 2.412 GiB, 57.17% gc time)
488
  3.236214 seconds (1.70 M allocations: 1.029 GiB)
42
 22.596614 seconds (5.76 M allocations: 3.517 GiB, 50.42% gc time)
791
  5.210004 seconds (2.75 M allocations: 1.664 GiB)
992
  3.273250 seconds (1.67 M allocations: 1.020 GiB)
289
 21.691839 seconds (4.82 M allocations: 3.033 GiB, 52.52% gc time)
545
  3.225511 seconds (1.57 M allocations: 995.634 MiB)
941
 21.166381 seconds (4.61 M allocations: 2.896 GiB, 53.83% gc time)
892
 19.170137 seconds (4.25 M allocations: 2.541 GiB, 59.43% gc time)
239
  7.232320 seconds (3.92 M allocations: 2.354 GiB)
143
  3.029554 seconds (1.55 M allocations: 971.351 MiB)
43
  6.488237 seconds (3.43 M allocations: 2.075 GiB)
395
  6.080519 seconds (2.66 M allocations: 1.718 GiB)
  5.241047 seconds (2.13 M allocations: 1.414 GiB)
591
648
  3.430008 seconds (1.06 M allocations: 803.489 MiB)
144
  5.453813 seconds (2.32 M allocations: 1.511 GiB)
993
  4.537830 seconds (1.77 M allocations: 1.194 GiB)
942
  4.414249 seconds (1.47 M allocations: 1.059 GiB)
44
 29.268463 seconds (8.25 M allocations: 5.229 GiB, 38.93% gc time)
738
 11.229578 seconds (5.06 M allocations: 3.235 GiB)
93
 10.754768 seconds (4.85 M allocations: 3.099 GiB)
445
  3.244250 seconds (1.46 M allocations: 958.457 MiB)
649
  7.595702 seconds (3.31 M allocations: 2.144 GiB)
290
  3.022176 seconds (1.41 M allocations: 915.952 MiB)
145
 10.848534 seconds (5.09 M allocations: 3.204 GiB)
843
  7.435235 seconds (3.29 M allocations: 2.116 GiB)
893
  3.854471 seconds (2.04 M allocations: 1.236 GiB)
592
  7.503917 seconds (3.49 M allocations: 2.205 GiB)
240
 14.705321 seconds (7.47 M allocations: 4.582 GiB)
698
 10.823471 seconds (5.41 M allocations: 3.334 GiB)
489
 10.065016 seconds (4.61 M allocations: 2.930 GiB)  3.094942 seconds (1.54 M allocations: 971.966 MiB)

  3.325026 seconds (1.28 M allocations: 885.933 MiB)
 17.106390 seconds (7.96 M allocations: 5.024 GiB)
  7.509183 seconds (3.42 M allocations: 2.176 GiB)
396
446
546
291
188
 16.606788 seconds (7.99 M allocations: 4.983 GiB)
342
  4.928577 seconds (2.61 M allocations: 1.571 GiB)
650
 13.932837 seconds (6.48 M allocations: 4.086 GiB)
792
  5.145945 seconds (1.98 M allocations: 1.332 GiB)
699
 13.178949 seconds (4.24 M allocations: 2.648 GiB, 32.49% gc time)
943
 11.843898 seconds (3.94 M allocations: 2.383 GiB, 36.15% gc time)
45
 10.676538 seconds (3.09 M allocations: 1.918 GiB, 40.10% gc time)
 10.417620 seconds (2.74 M allocations: 1.746 GiB, 41.10% gc time)
146
593
 11.862325 seconds (4.17 M allocations: 2.480 GiB, 36.09% gc time)
94
  8.091001 seconds (2.07 M allocations: 1.236 GiB, 52.92% gc time)
292
  7.507624 seconds (1.48 M allocations: 958.484 MiB, 57.03% gc time)
651
 11.515985 seconds (3.26 M allocations: 2.073 GiB, 37.18% gc time)
241
 13.322476 seconds (4.10 M allocations: 2.601 GiB, 32.14% gc time)
844
 15.407229 seconds (5.63 M allocations: 3.445 GiB, 27.79% gc time)
739
  3.474567 seconds (1.65 M allocations: 1.035 GiB)
944
  3.207953 seconds (1.33 M allocations: 894.761 MiB)
594
  3.266686 seconds (1.13 M allocations: 816.501 MiB)
 11.785157 seconds (3.49 M allocations: 2.195 GiB, 36.33% gc time)
547
  5.321620 seconds (2.36 M allocations: 1.514 GiB)
700
 15.594962 seconds (5.01 M allocations: 3.210 GiB, 27.45% gc time)
 18.754135 seconds (6.89 M allocations: 4.308 GiB, 22.83% gc time)
994
894
 12.676679 seconds (4.03 M allocations: 2.511 GiB, 33.77% gc time)
397
 12.613274 seconds (3.94 M allocations: 2.471 GiB, 33.94% gc time)
343
  3.035224 seconds (1.29 M allocations: 863.465 MiB)
945
  5.747601 seconds (2.56 M allocations: 1.645 GiB)
95
  6.628129 seconds (3.31 M allocations: 2.042 GiB)
46
 13.769424 seconds (4.84 M allocations: 2.957 GiB, 31.09% gc time)
490
  3.023539 seconds (1.61 M allocations: 997.328 MiB)
548
 13.814669 seconds (4.61 M allocations: 2.872 GiB, 30.99% gc time)
793
  3.839639 seconds (1.68 M allocations: 1.087 GiB)
995
  3.037157 seconds (1.15 M allocations: 803.880 MiB)
946
  3.052902 seconds (1.16 M allocations: 808.265 MiB)
96
  9.728670 seconds (4.47 M allocations: 2.835 GiB)
147
  8.483663 seconds (3.97 M allocations: 2.505 GiB)
242
  9.753791 seconds (4.48 M allocations: 2.842 GiB)
293
  6.049656 seconds (2.67 M allocations: 1.719 GiB)
398
  9.078844 seconds (4.26 M allocations: 2.687 GiB)
845
  3.019296 seconds (1.40 M allocations: 908.774 MiB)
996
  6.058554 seconds (2.67 M allocations: 1.725 GiB)
344
  7.604261 seconds (3.57 M allocations: 2.254 GiB)
895
  3.200616 seconds (1.44 M allocations: 946.968 MiB)
148
  3.064619 seconds (1.31 M allocations: 876.944 MiB)
243
 20.665582 seconds (3.05 M allocations: 1.961 GiB, 66.56% gc time)
47
 34.606653 seconds (8.00 M allocations: 4.983 GiB, 52.12% gc time)
447
 22.802902 seconds (4.45 M allocations: 2.755 GiB, 60.32% gc time)
701
 25.281272 seconds (5.55 M allocations: 3.461 GiB, 54.41% gc time)
595
 35.790412 seconds (8.77 M allocations: 5.419 GiB, 50.40% gc time)
189
 16.866441 seconds (1.64 M allocations: 1008.269 MiB, 81.56% gc time)
997
 21.265227 seconds (3.69 M allocations: 2.282 GiB, 64.69% gc time)
794
 23.183517 seconds (4.30 M allocations: 2.732 GiB, 59.33% gc time)
491
 21.108657 seconds (3.64 M allocations: 2.246 GiB, 65.17% gc time)
947
 19.509412 seconds (2.92 M allocations: 1.787 GiB, 70.51% gc time)
294
  4.149019 seconds (1.78 M allocations: 1.155 GiB)
48
  3.600234 seconds (1.38 M allocations: 957.674 MiB)
596
 29.373181 seconds (7.33 M allocations: 4.613 GiB, 46.83% gc time)
740
  3.621332 seconds (1.45 M allocations: 991.952 MiB)
998
  5.930207 seconds (2.77 M allocations: 1.748 GiB)
149
 25.580273 seconds (5.54 M allocations: 3.488 GiB, 53.77% gc time)
549
 22.880568 seconds (4.28 M allocations: 2.688 GiB, 60.12% gc time)
399
 22.960847 seconds (4.07 M allocations: 2.610 GiB, 59.91% gc time)
345
  3.197441 seconds (1.21 M allocations: 846.026 MiB)
597
  3.269533 seconds (1.34 M allocations: 907.924 MiB)
49
 23.361069 seconds (4.55 M allocations: 2.848 GiB, 58.88% gc time)
846
  5.156764 seconds (2.24 M allocations: 1.452 GiB)
295
  3.025653 seconds (1.44 M allocations: 924.481 MiB)
999
 23.150804 seconds (4.61 M allocations: 2.854 GiB, 59.42% gc time)
896
 26.427416 seconds (6.27 M allocations: 3.875 GiB, 52.05% gc time)
97
 23.232442 seconds (4.78 M allocations: 2.933 GiB, 59.21% gc time)
244
  3.029303 seconds (1.94 M allocations: 1.109 GiB)
150
  9.813557 seconds (4.71 M allocations: 2.944 GiB)
 10.045940 seconds (4.83 M allocations: 3.018 GiB)
448
  7.955985 seconds (3.81 M allocations: 2.383 GiB)
492
  9.193364 seconds (4.42 M allocations: 2.762 GiB)
190
  3.056061 seconds (1.76 M allocations: 1.039 GiB)
50
  9.377853 seconds (4.51 M allocations: 2.816 GiB)
795
  3.895770 seconds (1.42 M allocations: 1004.608 MiB)
897
  5.740567 seconds (2.18 M allocations: 1.481 GiB)
1000
  3.226363 seconds (764.89 k allocations: 658.838 MiB)
51
 19.757440 seconds (2.52 M allocations: 1.646 GiB, 69.67% gc time)
847
 18.197699 seconds (1.46 M allocations: 1.047 GiB, 75.64% gc time)
 20.624229 seconds (2.76 M allocations: 1.831 GiB, 66.74% gc time)
191
296
 22.699481 seconds (4.30 M allocations: 2.676 GiB, 60.64% gc time)
550
 26.695609 seconds (5.73 M allocations: 3.678 GiB, 51.56% gc time)
948
 22.487226 seconds (4.26 M allocations: 2.642 GiB, 61.21% gc time)
400
 22.244392 seconds (4.01 M allocations: 2.511 GiB, 61.88% gc time)
346
 21.230900 seconds (3.23 M allocations: 2.087 GiB, 64.83% gc time)
98
 22.809732 seconds (4.29 M allocations: 2.683 GiB, 60.35% gc time)
598
 20.150147 seconds (2.86 M allocations: 1.822 GiB, 68.31% gc time)
449
 22.096865 seconds (3.80 M allocations: 2.406 GiB, 62.29% gc time)
245
  3.027483 seconds (1.77 M allocations: 1.036 GiB)
  3.940673 seconds (2.07 M allocations: 1.246 GiB)
848
 27.382013 seconds (6.52 M allocations: 4.063 GiB, 50.27% gc time)
741
 22.586456 seconds (3.84 M allocations: 2.465 GiB, 60.94% gc time)
493
  4.164266 seconds (2.04 M allocations: 1.257 GiB)
297
  3.023346 seconds (1.34 M allocations: 872.603 MiB)
599
  3.026542 seconds (1.25 M allocations: 834.901 MiB)
450
  5.832604 seconds (3.01 M allocations: 1.827 GiB)
1001
 22.243196 seconds (3.97 M allocations: 2.482 GiB, 61.88% gc time)
796
 21.508787 seconds (3.93 M allocations: 2.392 GiB, 64.00% gc time)
898
  4.917048 seconds (2.71 M allocations: 1.604 GiB)
551
 25.597618 seconds (5.59 M allocations: 3.490 GiB, 53.77% gc time)
151
  5.175284 seconds (2.12 M allocations: 1.398 GiB)
849
  9.430721 seconds (3.95 M allocations: 2.569 GiB)
  4.507247 seconds (1.48 M allocations: 1.064 GiB)
  3.759176 seconds (1.24 M allocations: 914.197 MiB)
  8.549376 seconds (3.41 M allocations: 2.255 GiB)
  3.967455 seconds (556.58 k allocations: 619.767 MiB)
600
192
451
  3.893984 seconds (1.02 M allocations: 832.548 MiB)
  8.533483 seconds (3.43 M allocations: 2.264 GiB)
401
949
  6.022616 seconds (2.26 M allocations: 1.509 GiB)
298
  8.914607 seconds (3.93 M allocations: 2.485 GiB)
347
  9.002442 seconds (4.04 M allocations: 2.538 GiB)
99
  8.665802 seconds (3.93 M allocations: 2.457 GiB)
246
  6.981027 seconds (3.28 M allocations: 2.023 GiB)
494
  7.715254 seconds (3.70 M allocations: 2.273 GiB)
742
  5.580331 seconds (2.33 M allocations: 1.491 GiB)
  7.447928 seconds (3.03 M allocations: 1.972 GiB)
797
  3.112994 seconds (1.62 M allocations: 1002.666 MiB)
601
  3.049644 seconds (1.42 M allocations: 912.780 MiB)
299
  3.984657 seconds (1.76 M allocations: 1.128 GiB)
  7.311698 seconds (2.06 M allocations: 1.316 GiB, 35.70% gc time)
850
 12.157670 seconds (3.69 M allocations: 2.450 GiB, 21.47% gc time)
899
  8.138150 seconds (2.16 M allocations: 1.444 GiB, 32.07% gc time)
193
  8.568629 seconds (2.29 M allocations: 1.542 GiB, 30.46% gc time)
  8.698595 seconds (2.18 M allocations: 1.511 GiB, 30.00% gc time)
348
  7.728571 seconds (1.58 M allocations: 1.167 GiB, 33.77% gc time)
495
  6.009163 seconds (1.01 M allocations: 774.915 MiB, 43.43% gc time)
300
  6.278256 seconds (1.39 M allocations: 962.206 MiB, 41.57% gc time)
  9.327169 seconds (2.61 M allocations: 1.755 GiB, 27.98% gc time)
100
  9.066255 seconds (2.33 M allocations: 1.611 GiB, 28.79% gc time)
743
  7.693895 seconds (1.98 M allocations: 1.330 GiB, 33.92% gc time)
 10.452075 seconds (3.42 M allocations: 2.202 GiB, 24.97% gc time)
798
950
  3.020000 seconds (1.21 M allocations: 829.437 MiB)
851
 10.257309 seconds (3.29 M allocations: 2.129 GiB, 25.44% gc time)
247
  3.698791 seconds (1.81 M allocations: 1.127 GiB)
900
  3.017745 seconds (1.46 M allocations: 931.086 MiB)
301
  3.463603 seconds (1.67 M allocations: 1.043 GiB)
349
  3.017233 seconds (1.10 M allocations: 782.039 MiB)
  3.021874 seconds (1.04 M allocations: 757.724 MiB)
799
  5.388164 seconds (2.56 M allocations: 1.605 GiB)
194
  3.018929 seconds (1.03 M allocations: 745.841 MiB)
901
  3.828173 seconds (1.51 M allocations: 1.006 GiB)
951
  6.034668 seconds (2.63 M allocations: 1.683 GiB)
496
  3.020704 seconds (1.10 M allocations: 761.271 MiB)
  5.979177 seconds (2.60 M allocations: 1.651 GiB)
101
  6.028045 seconds (2.33 M allocations: 1.527 GiB)
744
  5.327824 seconds (1.83 M allocations: 1.249 GiB)
248
  3.104029 seconds (1.18 M allocations: 761.246 MiB)
195
  3.025536 seconds (1.15 M allocations: 738.868 MiB)
  3.023428 seconds (1.03 M allocations: 681.809 MiB)
  6.050859 seconds (1.91 M allocations: 1.260 GiB)
350
  6.041405 seconds (1.84 M allocations: 1.187 GiB)
800
  3.046511 seconds (506.02 k allocations: 377.631 MiB)
196
  7.487555 seconds (1.48 M allocations: 994.095 MiB, 19.24% gc time)
497
  7.502695 seconds (1.45 M allocations: 968.856 MiB, 19.20% gc time)
  7.484332 seconds (1.17 M allocations: 830.086 MiB, 19.25% gc time)
745
  7.477675 seconds (1.16 M allocations: 829.655 MiB, 19.27% gc time)
249
  3.014127 seconds (634.35 k allocations: 427.659 MiB)
197
  6.001458 seconds (1.15 M allocations: 727.670 MiB, 24.00% gc time)
351
  6.276328 seconds (1.18 M allocations: 753.011 MiB, 22.95% gc time)
801
  4.560992 seconds (1.02 M allocations: 672.322 MiB)
498
  3.022725 seconds (634.50 k allocations: 427.777 MiB)
198
  4.259386 seconds (726.95 k allocations: 530.874 MiB)
  5.579321 seconds (1.10 M allocations: 757.966 MiB)
250
  6.060169 seconds (1.29 M allocations: 862.796 MiB)
746
  4.567308 seconds (886.87 k allocations: 615.912 MiB)
  3.029665 seconds (501.82 k allocations: 372.887 MiB)
199
  4.648207 seconds (847.72 k allocations: 572.234 MiB, 13.18% gc time)
499
  4.033434 seconds (664.57 k allocations: 461.333 MiB, 15.19% gc time)
251
  3.815721 seconds (647.95 k allocations: 442.819 MiB, 16.06% gc time)
747
  3.030087 seconds (633.44 k allocations: 426.720 MiB)
200
  3.024192 seconds (633.00 k allocations: 426.222 MiB)
500
  3.262335 seconds (632.75 k allocations: 425.946 MiB, 7.63% gc time)
  3.261806 seconds (494.21 k allocations: 364.609 MiB, 7.63% gc time)
748
  3.378115 seconds (486.01 k allocations: 355.466 MiB, 10.60% gc time)
201
  3.124268 seconds (471.39 k allocations: 339.054 MiB, 3.49% gc time)
501
  3.264559 seconds (441.29 k allocations: 305.600 MiB, 7.47% gc time)
749
  3.166069 seconds (440.39 k allocations: 304.716 MiB, 4.27% gc time)
  3.206803 seconds (292.57 k allocations: 232.905 MiB, 6.48% gc time)
  2.977614 seconds (89.32 k allocations: 99.352 MiB, 2.44% gc time)
750
  2.889472 seconds (57.60 k allocations: 64.160 MiB, 0.80% gc time)
751
  2.896762 seconds (57.60 k allocations: 64.160 MiB, 1.06% gc time)
