Graph 1 is connected.
Graph 2 is connected.
Graph 3 is connected.
Graph 4 is connected.
Graph 5 is connected.
Graph 6 is connected.
Graph 7 is connected.
Graph 8 is connected.
Graph 9 is connected.
Graph 10 is connected.
Graph 11 is connected.
Matrix 1 normalized.
Matrix 2 normalized.
Matrix 3 normalized.
Matrix 4 normalized.
Matrix 5 normalized.
Matrix 6 normalized.
Matrix 7 normalized.
Matrix 8 normalized.
Matrix 9 normalized.
Matrix 10 normalized.
Matrix 11 normalized.
Number of threads: 20
702
552
252
852
652502
1

302
202
152
802
602
102
952
902
752
452
352
52
402
  8.663841 seconds (1.92 M allocations: 1.425 GiB, 26.70% gc time)
303
  8.688208 seconds (1.21 M allocations: 1.141 GiB, 26.63% gc time, 1.29% compilation time)
703
  9.223183 seconds (1.40 M allocations: 1.272 GiB, 25.08% gc time, 1.22% compilation time)
653
  9.573580 seconds (1.92 M allocations: 1.515 GiB, 24.17% gc time, 1.17% compilation time)
  9.397348 seconds (1.42 M allocations: 1.301 GiB, 24.62% gc time, 1.20% compilation time)
853
753
  9.538486 seconds (1.62 M allocations: 1.396 GiB, 24.26% gc time, 1.18% compilation time)
253
  9.821334 seconds (2.10 M allocations: 1.618 GiB, 23.56% gc time, 1.14% compilation time)
  9.654827 seconds (1.81 M allocations: 1.487 GiB, 23.96% gc time, 1.16% compilation time)
2
353
  9.856317 seconds (2.08 M allocations: 1.615 GiB, 23.47% gc time, 1.14% compilation time)
803
 10.191339 seconds (2.61 M allocations: 1.861 GiB, 22.70% gc time, 1.10% compilation time)
403
 10.325664 seconds (3.18 M allocations: 2.105 GiB, 22.41% gc time, 1.09% compilation time)
53
 10.111329 seconds (2.39 M allocations: 1.768 GiB, 22.88% gc time, 1.11% compilation time)
603
 10.405880 seconds (2.89 M allocations: 2.000 GiB, 22.23% gc time, 1.08% compilation time)
153
 10.501187 seconds (2.90 M allocations: 2.014 GiB, 22.03% gc time, 1.07% compilation time)
103
 10.678643 seconds (3.27 M allocations: 2.179 GiB, 21.67% gc time, 1.05% compilation time)
903
 10.948759 seconds (3.71 M allocations: 2.384 GiB, 21.13% gc time, 1.03% compilation time)
 10.776457 seconds (3.19 M allocations: 2.156 GiB, 21.47% gc time, 1.04% compilation time)
503
953
 10.904813 seconds (3.43 M allocations: 2.270 GiB, 21.22% gc time, 1.03% compilation time)
203
 10.928980 seconds (3.40 M allocations: 2.259 GiB, 21.17% gc time, 1.03% compilation time)
453
 11.295057 seconds (3.92 M allocations: 2.503 GiB, 20.48% gc time, 0.99% compilation time)
553
 12.958683 seconds (2.95 M allocations: 1.847 GiB, 50.92% gc time)
854
 13.723209 seconds (3.51 M allocations: 2.152 GiB, 48.09% gc time)
704
 13.382061 seconds (3.07 M allocations: 1.940 GiB, 49.31% gc time)
254
 13.212933 seconds (2.85 M allocations: 1.832 GiB, 49.95% gc time)
3
 13.414938 seconds (3.06 M allocations: 1.938 GiB, 49.19% gc time)
354
 13.069388 seconds (2.47 M allocations: 1.667 GiB, 50.49% gc time)
404
 13.387062 seconds (2.81 M allocations: 1.840 GiB, 49.30% gc time)
54
 15.211386 seconds (4.59 M allocations: 2.749 GiB, 43.38% gc time)
304
 12.882341 seconds (2.10 M allocations: 1.504 GiB, 51.23% gc time)
204
 13.279872 seconds (2.61 M allocations: 1.748 GiB, 49.69% gc time)
104
 13.044857 seconds (2.31 M allocations: 1.610 GiB, 50.59% gc time)
554
 15.527705 seconds (4.96 M allocations: 2.931 GiB, 42.50% gc time)
654
 16.085729 seconds (4.83 M allocations: 2.938 GiB, 41.03% gc time)
754
 15.620987 seconds (4.26 M allocations: 2.662 GiB, 42.25% gc time)
804
 15.042558 seconds (3.50 M allocations: 2.297 GiB, 43.87% gc time)
 15.438884 seconds (4.00 M allocations: 2.539 GiB, 42.74% gc time)
904
154
 15.659353 seconds (4.33 M allocations: 2.698 GiB, 42.14% gc time)
604
 15.046914 seconds (3.61 M allocations: 2.344 GiB, 43.86% gc time)
954
 15.005646 seconds (3.67 M allocations: 2.368 GiB, 43.98% gc time)
454
 15.196514 seconds (3.90 M allocations: 2.483 GiB, 43.43% gc time)
504
  8.969441 seconds (3.36 M allocations: 2.020 GiB, 30.54% gc time)
705
  8.835077 seconds (3.27 M allocations: 1.970 GiB, 31.00% gc time)
255
  8.877806 seconds (3.08 M allocations: 1.895 GiB, 30.85% gc time)
405
  8.780219 seconds (2.66 M allocations: 1.717 GiB, 31.20% gc time)
105
  8.940173 seconds (2.79 M allocations: 1.787 GiB, 30.64% gc time)
205
  9.584449 seconds (3.35 M allocations: 2.079 GiB, 28.58% gc time)
55
 10.686355 seconds (4.02 M allocations: 2.468 GiB, 25.63% gc time)
355
 11.681174 seconds (4.65 M allocations: 2.827 GiB, 23.45% gc time)
855
  8.850734 seconds (2.46 M allocations: 1.638 GiB, 30.95% gc time)
905
 11.836574 seconds (4.67 M allocations: 2.854 GiB, 23.14% gc time)
4
  8.785175 seconds (2.25 M allocations: 1.545 GiB, 31.18% gc time)
455
  9.507689 seconds (3.05 M allocations: 1.951 GiB, 28.81% gc time)
155
 11.760100 seconds (4.37 M allocations: 2.724 GiB, 23.29% gc time)
305
  9.759248 seconds (2.81 M allocations: 1.878 GiB, 28.07% gc time)
505
 10.437871 seconds (3.67 M allocations: 2.301 GiB, 26.24% gc time)
805
 10.334863 seconds (3.36 M allocations: 2.164 GiB, 26.50% gc time)
605
  5.999900 seconds (2.79 M allocations: 1.768 GiB)  6.543135 seconds (2.43 M allocations: 1.673 GiB) 11.722246 seconds (4.12 M allocations: 2.617 GiB, 23.37% gc time)
  6.880953 seconds (2.39 M allocations: 1.691 GiB)
 12.175765 seconds (4.66 M allocations: 2.888 GiB, 22.50% gc time)
  5.783136 seconds (2.49 M allocations: 1.621 GiB)
  4.937299 seconds (1.29 M allocations: 1.038 GiB)
  4.320344 seconds (658.89 k allocations: 714.857 MiB)
  5.925238 seconds (1.88 M allocations: 1.384 GiB)
  5.188864 seconds (1.34 M allocations: 1.080 GiB)
 11.014988 seconds (3.53 M allocations: 2.305 GiB, 24.87% gc time)
  6.676270 seconds (2.22 M allocations: 1.602 GiB)
  5.169553 seconds (1.13 M allocations: 989.708 MiB)  4.494034 seconds (634.23 k allocations: 705.988 MiB)
 12.267330 seconds (4.54 M allocations: 2.847 GiB, 22.33% gc time)206


  6.056813 seconds (2.67 M allocations: 1.721 GiB)
755
  6.090319 seconds (1.86 M allocations: 1.386 GiB)


  4.945270 seconds (972.38 k allocations: 896.714 MiB)
  5.286407 seconds (1.59 M allocations: 1.197 GiB)
406
555
456
5
506
356
806
706
56
256
955
856
156
655
106
306
906
  6.445874 seconds (1.19 M allocations: 1.144 GiB)
857
  6.846507 seconds (1.44 M allocations: 1.285 GiB)
6
  7.047033 seconds (1.55 M allocations: 1.352 GiB)
207
  7.215155 seconds (1.59 M allocations: 1.385 GiB)
707
  7.315443 seconds (1.58 M allocations: 1.394 GiB)
  7.323054 seconds (1.59 M allocations: 1.398 GiB)
  7.368544 seconds (1.68 M allocations: 1.441 GiB)
656
807
  7.430414 seconds (1.86 M allocations: 1.516 GiB)
606
  7.296340 seconds (1.58 M allocations: 1.394 GiB)
257
756
  7.520137 seconds (1.95 M allocations: 1.563 GiB)
157
  7.574851 seconds (2.05 M allocations: 1.608 GiB)
407
  7.879274 seconds (2.58 M allocations: 1.852 GiB)
507
  8.050761 seconds (2.74 M allocations: 1.935 GiB)
956
  8.041592 seconds (2.74 M allocations: 1.933 GiB)
57
  8.122164 seconds (2.82 M allocations: 1.974 GiB)
907
  8.362589 seconds (3.16 M allocations: 2.133 GiB)
107
  8.470264 seconds (3.30 M allocations: 2.202 GiB)
556
  8.579581 seconds (3.39 M allocations: 2.250 GiB)
307
  8.656462 seconds (3.67 M allocations: 2.370 GiB)
357
  9.015358 seconds (3.98 M allocations: 2.528 GiB)
457
  6.819742 seconds (3.40 M allocations: 2.075 GiB)
7
  7.454775 seconds (3.75 M allocations: 2.282 GiB)
858
  6.265983 seconds (1.88 M allocations: 1.407 GiB)
58
  7.858915 seconds (3.66 M allocations: 2.287 GiB)  7.567015 seconds (2.48 M allocations: 1.783 GiB)  7.500391 seconds (2.86 M allocations: 1.927 GiB)
  7.519011 seconds (2.62 M allocations: 1.833 GiB)

  7.251523 seconds (2.77 M allocations: 1.866 GiB)

  7.420448 seconds (2.05 M allocations: 1.595 GiB)
  6.989523 seconds (2.15 M allocations: 1.592 GiB)
  7.381068 seconds (3.21 M allocations: 2.054 GiB)
  7.140118 seconds (2.60 M allocations: 1.788 GiB)
  7.611792 seconds (2.70 M allocations: 1.876 GiB)  6.792673 seconds (1.28 M allocations: 1.213 GiB)

  7.164615 seconds (1.47 M allocations: 1.323 GiB)
  6.904874 seconds (1.55 M allocations: 1.340 GiB)  7.213118 seconds (1.95 M allocations: 1.535 GiB)
  7.009017 seconds (2.62 M allocations: 1.782 GiB)
  7.065159 seconds (1.60 M allocations: 1.375 GiB)
  7.024059 seconds (1.42 M allocations: 1.295 GiB)

158
808
408
208
657
258
708
508
607
557
458
957
108
757
908
358
308
  4.390228 seconds (2.95 M allocations: 1.570 GiB)
859
  5.120171 seconds (3.19 M allocations: 1.742 GiB)
8
 14.745543 seconds (1.16 M allocations: 1.065 GiB, 60.64% gc time)
709
 15.382605 seconds (1.44 M allocations: 1.244 GiB, 58.13% gc time)
59
 15.409759 seconds (1.43 M allocations: 1.245 GiB, 58.03% gc time)
 15.481036 seconds (1.55 M allocations: 1.297 GiB, 57.76% gc time)
459
958
 15.664337 seconds (1.84 M allocations: 1.439 GiB, 57.08% gc time)
909
 15.746419 seconds (1.92 M allocations: 1.480 GiB, 56.79% gc time)
509
 16.001371 seconds (2.29 M allocations: 1.653 GiB, 55.88% gc time)
109
 16.905429 seconds (2.53 M allocations: 1.848 GiB, 52.89% gc time)
159
 16.994796 seconds (2.51 M allocations: 1.849 GiB, 52.62% gc time)
758
 17.921568 seconds (2.89 M allocations: 2.100 GiB, 49.89% gc time) 17.699331 seconds (2.76 M allocations: 2.026 GiB, 50.52% gc time) 17.581111 seconds (2.71 M allocations: 1.993 GiB, 50.86% gc time)

  6.019361 seconds (2.05 M allocations: 1.462 GiB)
 17.588398 seconds (2.65 M allocations: 1.970 GiB, 50.84% gc time)
 17.651763 seconds (2.84 M allocations: 2.052 GiB, 50.66% gc time)

 17.350582 seconds (2.83 M allocations: 2.014 GiB, 51.54% gc time)
 17.455654 seconds (2.69 M allocations: 1.972 GiB, 51.23% gc time)
259
 17.486756 seconds (2.63 M allocations: 1.951 GiB, 51.13% gc time)
558
 17.345882 seconds (2.79 M allocations: 1.998 GiB, 51.55% gc time)
309
860
209
359
658
409
809
608
  7.405390 seconds (3.67 M allocations: 2.266 GiB)
9
  5.130033 seconds (3.32 M allocations: 1.888 GiB)
710
  4.388833 seconds (2.65 M allocations: 1.537 GiB)
510
  4.797105 seconds (3.10 M allocations: 1.766 GiB)
60
  4.721024 seconds (2.99 M allocations: 1.710 GiB)
910
  4.998179 seconds (3.30 M allocations: 1.866 GiB)
460
  4.792206 seconds (3.14 M allocations: 1.779 GiB)
110
  5.900911 seconds (3.30 M allocations: 1.958 GiB)
160
  8.018414 seconds (4.29 M allocations: 2.583 GiB)
959
  6.221987 seconds (2.66 M allocations: 1.723 GiB)
210
  6.844813 seconds (2.61 M allocations: 1.770 GiB)
360
  6.810287 seconds (2.44 M allocations: 1.698 GiB)
810
  7.116714 seconds (2.73 M allocations: 1.850 GiB)
559
  7.192014 seconds (2.91 M allocations: 1.928 GiB)
260
  7.346739 seconds (2.98 M allocations: 1.974 GiB)
861
  7.534077 seconds (3.31 M allocations: 2.126 GiB)
659
  6.999400 seconds (2.87 M allocations: 1.895 GiB)
10
  7.752348 seconds (3.58 M allocations: 2.263 GiB)
759
  6.382826 seconds (2.49 M allocations: 1.674 GiB)
461
  6.623110 seconds (2.83 M allocations: 1.839 GiB)
61
  8.425643 seconds (3.97 M allocations: 2.491 GiB)
310
  7.593999 seconds (3.38 M allocations: 2.164 GiB)
511
  9.202029 seconds (4.37 M allocations: 2.736 GiB)
410
  9.679138 seconds (4.55 M allocations: 2.860 GiB)
609
  6.488024 seconds (3.13 M allocations: 1.951 GiB)
161
  9.803414 seconds (4.54 M allocations: 2.871 GiB)
711
  9.631587 seconds (4.09 M allocations: 2.668 GiB)
911
  9.491764 seconds (4.09 M allocations: 2.654 GiB)
111
  6.053992 seconds (3.34 M allocations: 1.997 GiB)
211
  6.063147 seconds (3.24 M allocations: 1.961 GiB)
361
  6.033444 seconds (3.22 M allocations: 1.947 GiB)
811
  6.050043 seconds (2.86 M allocations: 1.803 GiB)
660
  6.030463 seconds (2.84 M allocations: 1.791 GiB)
11
  6.039336 seconds (2.86 M allocations: 1.800 GiB)
760
  9.405359 seconds (4.73 M allocations: 2.913 GiB)
960
  6.032502 seconds (2.80 M allocations: 1.778 GiB)
62
  7.793566 seconds (4.22 M allocations: 2.541 GiB)
560
  8.124185 seconds (3.58 M allocations: 2.312 GiB)
462
  6.059334 seconds (2.67 M allocations: 1.725 GiB)
162
  9.054615 seconds (4.27 M allocations: 2.694 GiB)
862
  7.616388 seconds (3.45 M allocations: 2.208 GiB)
411
  9.631107 seconds (4.81 M allocations: 2.976 GiB)
261
  8.974536 seconds (4.17 M allocations: 2.645 GiB)
311
  9.045141 seconds (4.20 M allocations: 2.665 GiB)
512
  7.105887 seconds (3.34 M allocations: 2.110 GiB)
712
  6.037790 seconds (3.07 M allocations: 1.888 GiB)
212
  8.946749 seconds (4.32 M allocations: 2.704 GiB)
610
  6.037583 seconds (3.07 M allocations: 1.887 GiB)
812
  7.996188 seconds (3.90 M allocations: 2.430 GiB)
912
  6.797654 seconds (3.18 M allocations: 2.011 GiB)
12
  7.601016 seconds (3.65 M allocations: 2.287 GiB)
362
 18.259180 seconds (3.49 M allocations: 2.172 GiB, 60.64% gc time)
661
 18.006918 seconds (3.25 M allocations: 2.046 GiB, 61.49% gc time)
 20.580410 seconds (4.49 M allocations: 2.825 GiB, 53.80% gc time)
112
761
 19.420594 seconds (3.71 M allocations: 2.385 GiB, 57.01% gc time)
961
 18.729954 seconds (3.58 M allocations: 2.260 GiB, 59.11% gc time)
561
 19.703894 seconds (3.90 M allocations: 2.492 GiB, 56.19% gc time)
63
 17.734746 seconds (3.29 M allocations: 2.035 GiB, 62.43% gc time)
863
 18.522011 seconds (3.62 M allocations: 2.251 GiB, 59.78% gc time)
163
 19.176274 seconds (4.01 M allocations: 2.480 GiB, 57.74% gc time)
463
 17.157154 seconds (2.80 M allocations: 1.775 GiB, 64.53% gc time)
713
 18.451888 seconds (3.67 M allocations: 2.263 GiB, 60.00% gc time)
262
 17.338140 seconds (2.96 M allocations: 1.859 GiB, 63.86% gc time)
611
 18.838584 seconds (3.86 M allocations: 2.385 GiB, 58.77% gc time)
312
 19.871547 seconds (4.34 M allocations: 2.685 GiB, 55.72% gc time)
412
 18.957360 seconds (3.61 M allocations: 2.293 GiB, 58.40% gc time) 18.090048 seconds (3.11 M allocations: 1.999 GiB, 61.20% gc time)
 18.420225 seconds (3.13 M allocations: 2.040 GiB, 60.11% gc time)

813
913
213
 19.021625 seconds (3.75 M allocations: 2.358 GiB, 58.21% gc time)
513
  6.660148 seconds (3.03 M allocations: 1.930 GiB)
762
  7.775963 seconds (3.81 M allocations: 2.368 GiB)
13
  7.775112 seconds (3.67 M allocations: 2.309 GiB)
363
  7.828994 seconds (3.67 M allocations: 2.314 GiB)
662
  6.044263 seconds (3.04 M allocations: 1.874 GiB)
562
  6.012996 seconds (3.04 M allocations: 1.869 GiB)
64
  8.795860 seconds (4.16 M allocations: 2.616 GiB)
113
  7.720515 seconds (3.99 M allocations: 2.435 GiB)
962
  6.024260 seconds (2.97 M allocations: 1.842 GiB)
714
  6.510724 seconds (3.27 M allocations: 2.015 GiB)
464
  6.058702 seconds (3.07 M allocations: 1.883 GiB)
612
  8.569914 seconds (4.25 M allocations: 2.630 GiB)
864
  8.006693 seconds (4.03 M allocations: 2.479 GiB)
164
  8.265825 seconds (3.94 M allocations: 2.467 GiB)
263
  8.212604 seconds (3.80 M allocations: 2.403 GiB)
313
  6.042792 seconds (2.70 M allocations: 1.728 GiB)
763
  6.051034 seconds (2.78 M allocations: 1.764 GiB)
14
  6.051241 seconds (2.76 M allocations: 1.755 GiB)
364
  6.037691 seconds (2.55 M allocations: 1.670 GiB)
563
  6.061497 seconds (2.57 M allocations: 1.677 GiB)
65
  9.070426 seconds (4.07 M allocations: 2.606 GiB)
  9.075185 seconds (4.07 M allocations: 2.606 GiB)
914
  9.069672 seconds (4.06 M allocations: 2.604 GiB)
  6.044949 seconds (2.41 M allocations: 1.614 GiB)
  9.102585 seconds (4.07 M allocations: 2.611 GiB)
814
  9.077797 seconds (4.07 M allocations: 2.606 GiB)
514
413
715
214
  6.059518 seconds (3.07 M allocations: 1.884 GiB)
465
  6.068768 seconds (3.07 M allocations: 1.886 GiB)
613
  9.071092 seconds (4.46 M allocations: 2.764 GiB)
663
  8.888630 seconds (3.90 M allocations: 2.517 GiB)  6.059996 seconds (2.54 M allocations: 1.666 GiB)

  9.070670 seconds (4.19 M allocations: 2.656 GiB)
764
963
114
  8.229310 seconds (3.66 M allocations: 2.354 GiB)
865
  6.037325 seconds (3.00 M allocations: 1.853 GiB)
15
  5.983021 seconds (2.98 M allocations: 1.840 GiB)
365
  8.638444 seconds (4.18 M allocations: 2.609 GiB)
165
  6.157039 seconds (3.08 M allocations: 1.901 GiB)
66
  6.552706 seconds (3.32 M allocations: 2.040 GiB)
564
  7.996719 seconds (4.13 M allocations: 2.518 GiB)
314
  9.035073 seconds (4.64 M allocations: 2.838 GiB)
264
  6.620937 seconds (2.90 M allocations: 1.875 GiB)
215
  6.892614 seconds (3.25 M allocations: 2.044 GiB)
716
  6.844363 seconds (3.09 M allocations: 1.973 GiB)
815
  7.544976 seconds (3.43 M allocations: 2.185 GiB)
414
  7.582153 seconds (3.43 M allocations: 2.192 GiB)
  6.938613 seconds (3.07 M allocations: 1.977 GiB)
  7.528813 seconds (3.29 M allocations: 2.129 GiB)
  8.050156 seconds (3.53 M allocations: 2.279 GiB)
614
466
515
915
 12.016519 seconds (3.01 M allocations: 1.845 GiB, 49.85% gc time)
115
 12.299845 seconds (2.93 M allocations: 1.842 GiB, 48.70% gc time)
16
 13.326398 seconds (3.62 M allocations: 2.232 GiB, 44.95% gc time)
964
 13.286709 seconds (3.35 M allocations: 2.120 GiB, 45.08% gc time)
866
 12.680878 seconds (2.96 M allocations: 1.897 GiB, 47.24% gc time)
67
 13.472017 seconds (3.40 M allocations: 2.156 GiB, 44.46% gc time)
366
 13.589270 seconds (3.47 M allocations: 2.198 GiB, 44.08% gc time)
166
 13.947751 seconds (3.96 M allocations: 2.437 GiB, 42.95% gc time)
664
 14.120430 seconds (4.14 M allocations: 2.530 GiB, 42.42% gc time)
765
 12.718852 seconds (3.34 M allocations: 2.055 GiB, 47.10% gc time)
315
 12.635542 seconds (3.28 M allocations: 2.026 GiB, 47.41% gc time)
265
 11.986684 seconds (3.31 M allocations: 1.971 GiB, 49.97% gc time)
216
 13.842083 seconds (4.10 M allocations: 2.486 GiB, 43.27% gc time)
565
 12.394133 seconds (3.39 M allocations: 2.046 GiB, 48.33% gc time)
816
 13.424812 seconds (3.67 M allocations: 2.267 GiB, 44.62% gc time)
717
  6.247007 seconds (2.83 M allocations: 1.810 GiB)
116
  6.023427 seconds (2.80 M allocations: 1.771 GiB)
17
  6.062375 seconds (2.53 M allocations: 1.668 GiB)
68
  9.073935 seconds (3.79 M allocations: 2.493 GiB)
415
  6.044559 seconds (2.39 M allocations: 1.607 GiB)
367
  9.650167 seconds (4.15 M allocations: 2.703 GiB)
467
  6.042236 seconds (2.19 M allocations: 1.521 GiB)
316
  9.782928 seconds (4.30 M allocations: 2.778 GiB)
  9.794375 seconds (4.32 M allocations: 2.788 GiB)
  9.809734 seconds (4.34 M allocations: 2.797 GiB)
916
516
615
  6.062953 seconds (2.66 M allocations: 1.717 GiB)
217
  6.057804 seconds (2.66 M allocations: 1.715 GiB)
566
  6.065577 seconds (2.66 M allocations: 1.718 GiB)
817
  8.794176 seconds (4.69 M allocations: 2.834 GiB)
965
  9.066859 seconds (4.65 M allocations: 2.847 GiB)
867
  9.101034 seconds (4.26 M allocations: 2.689 GiB)
665
  9.083615 seconds (4.25 M allocations: 2.682 GiB)
167
  9.079627 seconds (4.28 M allocations: 2.696 GiB)
766
  9.063653 seconds (4.33 M allocations: 2.714 GiB)
266
  6.054040 seconds (3.34 M allocations: 1.998 GiB)
117
  6.052519 seconds (3.34 M allocations: 1.996 GiB)
18
  9.098255 seconds (4.20 M allocations: 2.667 GiB)
718
  6.036481 seconds (3.37 M allocations: 2.009 GiB)
69
  6.033920 seconds (3.34 M allocations: 1.995 GiB)
368
  6.028675 seconds (3.12 M allocations: 1.904 GiB)
317
  8.560023 seconds (3.19 M allocations: 2.197 GiB)  8.578679 seconds (3.21 M allocations: 2.207 GiB)

  6.619402 seconds (1.81 M allocations: 1.427 GiB)
  8.575951 seconds (3.19 M allocations: 2.200 GiB)
  6.695067 seconds (2.23 M allocations: 1.610 GiB)
  8.683577 seconds (3.40 M allocations: 2.296 GiB)
  6.057510 seconds (2.54 M allocations: 1.671 GiB)
  8.439967 seconds (3.89 M allocations: 2.471 GiB)
  6.057797 seconds (2.67 M allocations: 1.727 GiB)
  4.374389 seconds (769.10 k allocations: 763.354 MiB)
  6.632550 seconds (1.87 M allocations: 1.454 GiB)
  5.068363 seconds (1.18 M allocations: 1.006 GiB)
  7.063918 seconds (1.89 M allocations: 1.486 GiB)  6.429690 seconds (1.64 M allocations: 1.326 GiB)

  6.080447 seconds (2.41 M allocations: 1.619 GiB)
  5.276662 seconds (909.90 k allocations: 850.551 MiB)
  7.848463 seconds (2.54 M allocations: 1.857 GiB)
616
468818
666416


218
517
70
  4.330464 seconds (608.83 k allocations: 677.722 MiB)
19
917868
966
267

168
567
  5.281158 seconds (1.34 M allocations: 1.098 GiB)
767
118
719
369
 15.948209 seconds (1.06 M allocations: 1.087 GiB, 59.98% gc time)
469
 16.133803 seconds (1.14 M allocations: 1.141 GiB, 59.29% gc time)
119
 16.272212 seconds (1.24 M allocations: 1.199 GiB, 58.79% gc time)
967
 16.397894 seconds (1.52 M allocations: 1.326 GiB, 58.34% gc time)
720
 16.567237 seconds (1.60 M allocations: 1.378 GiB, 57.74% gc time)
 16.680390 seconds (2.08 M allocations: 1.581 GiB, 57.35% gc time)
268
617
 16.623760 seconds (1.67 M allocations: 1.413 GiB, 57.55% gc time)
568
 16.650629 seconds (1.73 M allocations: 1.438 GiB, 57.45% gc time)
518
 17.238821 seconds (2.79 M allocations: 1.931 GiB, 55.49% gc time)
 17.236539 seconds (2.71 M allocations: 1.902 GiB, 55.50% gc time)
219
918
 17.415432 seconds (3.14 M allocations: 2.095 GiB, 54.93% gc time)
318
 17.456332 seconds (2.99 M allocations: 2.038 GiB, 54.80% gc time)
20
 17.560114 seconds (3.25 M allocations: 2.157 GiB, 54.48% gc time)
819
 17.565532 seconds (3.19 M allocations: 2.130 GiB, 54.46% gc time)
71
 18.032171 seconds (3.21 M allocations: 2.189 GiB, 53.05% gc time)
667
 18.132618 seconds (3.46 M allocations: 2.303 GiB, 52.76% gc time)
417
 18.219425 seconds (3.71 M allocations: 2.416 GiB, 52.51% gc time)
169
 18.205795 seconds (3.46 M allocations: 2.313 GiB, 52.55% gc time)
 18.207598 seconds (3.46 M allocations: 2.315 GiB, 52.54% gc time)
869
768
 18.552538 seconds (3.92 M allocations: 2.536 GiB, 51.56% gc time)
370
  5.905560 seconds (3.46 M allocations: 2.034 GiB)
470
  6.046169 seconds (2.75 M allocations: 1.754 GiB)
618
  6.030292 seconds (2.70 M allocations: 1.734 GiB)
519
  6.474081 seconds (3.11 M allocations: 1.949 GiB)
269
  6.295114 seconds (2.72 M allocations: 1.768 GiB)
919
  6.312661 seconds (2.73 M allocations: 1.775 GiB)
220
  5.983671 seconds (2.35 M allocations: 1.586 GiB)
668
  6.032770 seconds (1.99 M allocations: 1.443 GiB)
769
  8.420280 seconds (4.51 M allocations: 2.722 GiB)
  8.643911 seconds (4.76 M allocations: 2.851 GiB)
721
120
  8.691615 seconds (4.76 M allocations: 2.858 GiB)
968
  8.686256 seconds (4.43 M allocations: 2.720 GiB)
569
  8.747265 seconds (3.93 M allocations: 2.520 GiB)
21
  9.082002 seconds (4.08 M allocations: 2.616 GiB)
319
  9.068236 seconds (4.00 M allocations: 2.585 GiB)
820
  9.086725 seconds (4.02 M allocations: 2.595 GiB)
72
  9.084750 seconds (3.83 M allocations: 2.511 GiB)
418
  6.065044 seconds (2.94 M allocations: 1.835 GiB)  5.291126 seconds (1.88 M allocations: 1.320 GiB)

  6.065197 seconds (2.72 M allocations: 1.743 GiB)
  6.009395 seconds (2.53 M allocations: 1.659 GiB)
  5.852276 seconds (2.10 M allocations: 1.468 GiB)
  5.626351 seconds (2.23 M allocations: 1.496 GiB)
  5.351464 seconds (1.56 M allocations: 1.194 GiB)
  5.660955 seconds (2.20 M allocations: 1.490 GiB)
  9.060860 seconds (3.71 M allocations: 2.460 GiB)
  6.021110 seconds (2.66 M allocations: 1.717 GiB)
770
170
  9.103236 seconds (3.73 M allocations: 2.473 GiB)920  8.879990 seconds (3.50 M allocations: 2.357 GiB)


619
471
669
270
221
520
722
870
371
  5.869914 seconds (3.37 M allocations: 1.987 GiB)
121
  5.941874 seconds (3.32 M allocations: 1.974 GiB)
570
  4.664373 seconds (2.62 M allocations: 1.558 GiB)
73
  6.381535 seconds (3.58 M allocations: 2.130 GiB)
969
  4.834397 seconds (2.86 M allocations: 1.672 GiB)
821
  5.385872 seconds (3.36 M allocations: 1.933 GiB)
22
  5.202654 seconds (3.42 M allocations: 1.941 GiB)
320
  6.110295 seconds (2.05 M allocations: 1.475 GiB)
670
  6.388767 seconds (2.01 M allocations: 1.486 GiB)
521
  6.423665 seconds (2.04 M allocations: 1.502 GiB)
620
  6.825434 seconds (2.38 M allocations: 1.682 GiB)
871
  6.002549 seconds (1.58 M allocations: 1.268 GiB)
822
  7.084230 seconds (2.58 M allocations: 1.789 GiB)
271
  7.220909 seconds (2.78 M allocations: 1.887 GiB)
771
  7.376876 seconds (3.07 M allocations: 2.020 GiB)
222
  7.778430 seconds (3.06 M allocations: 2.057 GiB)
122
  8.310874 seconds (3.54 M allocations: 2.312 GiB)
  8.270120 seconds (3.36 M allocations: 2.231 GiB)
921
723
  8.504508 seconds (3.71 M allocations: 2.398 GiB)
472
  7.651767 seconds (3.03 M allocations: 2.031 GiB)
74
  7.390914 seconds (2.68 M allocations: 1.859 GiB)
321
  8.721666 seconds (3.98 M allocations: 2.535 GiB)
372
  7.825698 seconds (3.25 M allocations: 2.140 GiB)
571
  7.589595 seconds (2.94 M allocations: 1.988 GiB)
23
  8.786367 seconds (4.15 M allocations: 2.610 GiB)
171
  9.151435 seconds (5.30 M allocations: 3.116 GiB)
419
 15.704641 seconds (4.03 M allocations: 2.523 GiB, 45.96% gc time)
970
 12.873346 seconds (3.28 M allocations: 1.922 GiB, 56.07% gc time)
671
 13.588385 seconds (3.37 M allocations: 2.035 GiB, 53.12% gc time)
522
 13.294255 seconds (3.24 M allocations: 1.949 GiB, 54.30% gc time)
872
 13.144312 seconds (2.31 M allocations: 1.557 GiB, 54.92% gc time)
922
  6.591303 seconds (1.41 M allocations: 1.257 GiB) 15.221078 seconds (3.34 M allocations: 2.194 GiB, 47.42% gc time)

 15.101536 seconds (3.43 M allocations: 2.215 GiB, 47.80% gc time) 14.324662 seconds (2.03 M allocations: 1.563 GiB, 50.39% gc time)

  4.198754 seconds (531.21 k allocations: 590.532 MiB)
 16.190192 seconds (3.47 M allocations: 2.345 GiB, 44.59% gc time)
 13.298246 seconds (1.58 M allocations: 1.273 GiB, 54.28% gc time) 15.090028 seconds (2.87 M allocations: 1.983 GiB, 47.84% gc time)

 15.106027 seconds (3.21 M allocations: 2.126 GiB, 47.79% gc time)
971
 14.696487 seconds (1.86 M allocations: 1.529 GiB, 49.12% gc time)
  4.021272 seconds (683.92 k allocations: 668.399 MiB)
 13.432961 seconds (2.03 M allocations: 1.469 GiB, 53.74% gc time)
 15.054257 seconds (2.95 M allocations: 2.014 GiB, 47.95% gc time)
 15.798922 seconds (3.98 M allocations: 2.514 GiB, 45.69% gc time)
 15.072576 seconds (2.14 M allocations: 1.673 GiB, 47.89% gc time)
  7.237857 seconds (1.73 M allocations: 1.457 GiB)
272
523
  4.954531 seconds (949.89 k allocations: 871.661 MiB)
  7.467466 seconds (1.64 M allocations: 1.423 GiB)
 13.296158 seconds (1.60 M allocations: 1.281 GiB, 54.29% gc time)
873
473
823
75
373
223
24
322
572
123
621
772
724
172
420
672
  6.064584 seconds (1.67 M allocations: 1.300 GiB)
  6.059468 seconds (1.61 M allocations: 1.276 GiB)
173
273
  6.105164 seconds (1.47 M allocations: 1.227 GiB)
622
  6.112787 seconds (1.44 M allocations: 1.213 GiB)
  6.096344 seconds (1.30 M allocations: 1.157 GiB)
  6.115722 seconds (1.41 M allocations: 1.203 GiB)
  6.100420 seconds (1.31 M allocations: 1.162 GiB)
  6.101046 seconds (1.30 M allocations: 1.159 GiB)
923
25
972
524
673
  8.088806 seconds (2.54 M allocations: 1.873 GiB)
474
  8.038111 seconds (2.32 M allocations: 1.776 GiB)
573
  8.098149 seconds (2.46 M allocations: 1.840 GiB)
  8.095207 seconds (2.44 M allocations: 1.831 GiB)
224
  8.094953 seconds (2.42 M allocations: 1.825 GiB)
874
374
  8.182507 seconds (2.73 M allocations: 1.961 GiB)
  8.091403 seconds (2.47 M allocations: 1.850 GiB)
76
773
  8.145468 seconds (2.66 M allocations: 1.933 GiB)
725
  8.773484 seconds (3.48 M allocations: 2.332 GiB)
323
  9.117012 seconds (3.73 M allocations: 2.468 GiB)
124
  9.125428 seconds (3.70 M allocations: 2.459 GiB)
824
  9.124494 seconds (3.69 M allocations: 2.455 GiB)
421
  6.608320 seconds (2.67 M allocations: 1.779 GiB)
924
  5.782912 seconds (1.56 M allocations: 1.240 GiB)
726
  6.149136 seconds (2.12 M allocations: 1.505 GiB)
475
  6.169608 seconds (2.01 M allocations: 1.464 GiB)
574
  6.205492 seconds (1.95 M allocations: 1.442 GiB)
77
  6.352658 seconds (2.23 M allocations: 1.571 GiB)
375
  6.383206 seconds (2.27 M allocations: 1.592 GiB)
774
  8.590461 seconds (3.88 M allocations: 2.482 GiB)
525
  8.562025 seconds (3.83 M allocations: 2.460 GiB)
  8.576840 seconds (3.84 M allocations: 2.466 GiB)
674
973
  8.703123 seconds (4.07 M allocations: 2.572 GiB)
26
  6.276016 seconds (2.69 M allocations: 1.756 GiB)
324
  9.073554 seconds (4.65 M allocations: 2.848 GiB)
  9.091949 seconds (4.71 M allocations: 2.875 GiB)
  9.056962 seconds (4.61 M allocations: 2.829 GiB)
174
623
274
  8.266137 seconds (3.81 M allocations: 2.419 GiB)
875
  8.425900 seconds (3.94 M allocations: 2.488 GiB)
225
  7.543645 seconds (3.37 M allocations: 2.162 GiB)
422
  8.007237 seconds (3.67 M allocations: 2.334 GiB)
125
  8.660872 seconds (3.87 M allocations: 2.485 GiB)
825
  7.527847 seconds (3.69 M allocations: 2.291 GiB)
925
  6.136710 seconds (3.03 M allocations: 1.876 GiB)
476
  6.909309 seconds (3.73 M allocations: 2.244 GiB)
727
 13.613738 seconds (2.73 M allocations: 1.786 GiB, 52.18% gc time)
 13.535033 seconds (2.55 M allocations: 1.707 GiB, 52.49% gc time)
675
526
 13.735993 seconds (2.84 M allocations: 1.844 GiB, 51.72% gc time)
974
 13.648378 seconds (2.46 M allocations: 1.681 GiB, 52.05% gc time)
 13.663287 seconds (2.48 M allocations: 1.691 GiB, 52.00% gc time)
175
624
 13.969293 seconds (2.80 M allocations: 1.854 GiB, 50.86% gc time)
325
 15.375921 seconds (4.39 M allocations: 2.652 GiB, 46.20% gc time)
78
 13.727419 seconds (2.86 M allocations: 1.853 GiB, 51.75% gc time)
876
 13.235108 seconds (2.54 M allocations: 1.672 GiB, 53.68% gc time)
126
 16.617826 seconds (4.76 M allocations: 2.929 GiB, 42.75% gc time)
376
 16.254165 seconds (3.76 M allocations: 2.483 GiB, 43.71% gc time)
275
 16.965946 seconds (4.90 M allocations: 3.024 GiB, 41.87% gc time)
775
 17.354860 seconds (5.42 M allocations: 3.280 GiB, 40.94% gc time)
575
 17.561357 seconds (4.66 M allocations: 2.986 GiB, 40.45% gc time)
27
 15.905889 seconds (3.78 M allocations: 2.457 GiB, 44.66% gc time)
423
 16.054689 seconds (3.91 M allocations: 2.526 GiB, 44.25% gc time)
226
 13.168861 seconds (3.20 M allocations: 1.937 GiB, 53.95% gc time)
477
  6.037367 seconds (3.20 M allocations: 1.937 GiB)
728
  6.026358 seconds (3.05 M allocations: 1.874 GiB)
527
  5.680254 seconds (2.63 M allocations: 1.667 GiB)
625
 15.984701 seconds (4.19 M allocations: 2.637 GiB, 44.44% gc time)
826
  6.042183 seconds (3.06 M allocations: 1.879 GiB)
176
  6.026064 seconds (3.06 M allocations: 1.881 GiB)
326
  6.657859 seconds (3.63 M allocations: 2.179 GiB)
975
 15.070512 seconds (4.51 M allocations: 2.674 GiB, 47.14% gc time)
926
  6.044901 seconds (3.21 M allocations: 1.943 GiB)
877
  7.925585 seconds (4.40 M allocations: 2.628 GiB)
676
  7.051238 seconds (3.76 M allocations: 2.275 GiB)
79
  7.613777 seconds (3.71 M allocations: 2.314 GiB)
127
  6.530522 seconds (3.11 M allocations: 1.954 GiB)
576
  6.063131 seconds (2.67 M allocations: 1.726 GiB)
478
  6.202698 seconds (2.70 M allocations: 1.751 GiB)
729
  9.198904 seconds (4.12 M allocations: 2.645 GiB)
276
  6.036158 seconds (2.48 M allocations: 1.648 GiB)
626
  9.548487 seconds (4.51 M allocations: 2.845 GiB)
377
  6.028013 seconds (2.64 M allocations: 1.711 GiB)
177
  6.513546 seconds (3.05 M allocations: 1.931 GiB)
  9.469347 seconds (4.51 M allocations: 2.837 GiB)
528
776
  6.026843 seconds (2.67 M allocations: 1.722 GiB)
927
  6.759709 seconds (3.16 M allocations: 1.999 GiB)
327
  9.376589 seconds (4.59 M allocations: 2.861 GiB)
28
  9.847331 seconds (4.93 M allocations: 3.046 GiB)
424
  6.343645 seconds (3.06 M allocations: 1.914 GiB)
878
  6.041074 seconds (2.94 M allocations: 1.834 GiB)
80
  8.498165 seconds (4.34 M allocations: 2.663 GiB)
  7.840161 seconds (3.76 M allocations: 2.358 GiB)
827
976
  6.023129 seconds (3.07 M allocations: 1.882 GiB)
577
 11.702784 seconds (5.86 M allocations: 3.620 GiB)
227
  7.643888 seconds (3.66 M allocations: 2.293 GiB)
128
  6.329278 seconds (3.24 M allocations: 1.986 GiB)
730
  6.226203 seconds (3.08 M allocations: 1.907 GiB)
627
  6.149983 seconds (2.95 M allocations: 1.847 GiB)
378
  6.034301 seconds (2.66 M allocations: 1.713 GiB)
928
 11.124132 seconds (5.06 M allocations: 3.228 GiB)
677
  6.363642 seconds (2.71 M allocations: 1.769 GiB)
29
  6.044095 seconds (2.49 M allocations: 1.645 GiB)
879
  9.066821 seconds (4.72 M allocations: 2.874 GiB)
479
  6.048017 seconds (2.61 M allocations: 1.696 GiB)
81
  6.044966 seconds (2.58 M allocations: 1.683 GiB)
828
  9.086286 seconds (4.64 M allocations: 2.843 GiB)
277
  9.070628 seconds (4.33 M allocations: 2.712 GiB)
777
  9.075737 seconds (4.09 M allocations: 2.615 GiB)
328
  6.032559 seconds (2.13 M allocations: 1.497 GiB)  8.215924 seconds (2.99 M allocations: 2.077 GiB)

  6.143353 seconds (2.41 M allocations: 1.624 GiB)
  6.046581 seconds (2.53 M allocations: 1.663 GiB)
 10.338144 seconds (4.89 M allocations: 3.072 GiB)
129
731228
  8.627802 seconds (3.33 M allocations: 2.256 GiB)  5.456130 seconds (1.83 M allocations: 1.315 GiB)
  4.773602 seconds (1.50 M allocations: 1.108 GiB)


  8.752995 seconds (3.83 M allocations: 2.474 GiB)
178
977
929
 10.433972 seconds (4.67 M allocations: 2.994 GiB)
379
  7.831809 seconds (3.03 M allocations: 2.054 GiB)
30
529
578
425
 15.809639 seconds (3.14 M allocations: 1.875 GiB, 61.85% gc time)
 17.484277 seconds (3.95 M allocations: 2.378 GiB, 55.93% gc time)
880
628
 16.784439 seconds (3.58 M allocations: 2.158 GiB, 58.26% gc time)
678
 15.768916 seconds (3.14 M allocations: 1.870 GiB, 62.01% gc time)
829
 16.199442 seconds (3.40 M allocations: 2.024 GiB, 60.36% gc time)
82
 16.733977 seconds (3.73 M allocations: 2.213 GiB, 58.44% gc time)
480
 16.091857 seconds (3.45 M allocations: 2.031 GiB, 60.77% gc time)
278
 17.085900 seconds (3.61 M allocations: 2.198 GiB, 57.23% gc time)
778
  6.035357 seconds (2.23 M allocations: 1.538 GiB)
179
  6.195089 seconds (2.17 M allocations: 1.530 GiB)
930
  6.398835 seconds (2.44 M allocations: 1.664 GiB)
329
  6.722032 seconds (2.57 M allocations: 1.751 GiB)
  6.714563 seconds (2.55 M allocations: 1.743 GiB)
380
130
  6.023549 seconds (2.26 M allocations: 1.549 GiB)
881
  6.023134 seconds (2.34 M allocations: 1.585 GiB)
679
  7.674926 seconds (3.63 M allocations: 2.282 GiB)
530
  8.112084 seconds (3.44 M allocations: 2.250 GiB)
579
  8.448789 seconds (3.87 M allocations: 2.459 GiB)
229
  6.113470 seconds (2.38 M allocations: 1.608 GiB)
279
  8.593551 seconds (3.86 M allocations: 2.471 GiB)
31
  8.665451 seconds (3.98 M allocations: 2.528 GiB)
732
  8.914004 seconds (4.25 M allocations: 2.664 GiB)
978
  8.028152 seconds (3.70 M allocations: 2.348 GiB)
  8.995792 seconds (4.28 M allocations: 2.688 GiB)
629
426
  8.390753 seconds (3.83 M allocations: 2.437 GiB)
83
  8.327578 seconds (3.82 M allocations: 2.427 GiB)
481
  9.058432 seconds (4.18 M allocations: 2.652 GiB)
830
  8.416707 seconds (3.83 M allocations: 2.442 GiB)
779
  7.563361 seconds (3.70 M allocations: 2.299 GiB)
180
  6.799584 seconds (2.91 M allocations: 1.897 GiB)
680
  7.467600 seconds (3.33 M allocations: 2.138 GiB)
  7.485401 seconds (3.34 M allocations: 2.145 GiB)
131
381
  6.025135 seconds (2.59 M allocations: 1.685 GiB)
230
  8.124260 seconds (3.99 M allocations: 2.475 GiB)
330
  6.026714 seconds (2.68 M allocations: 1.720 GiB)
280
  6.179864 seconds (2.90 M allocations: 1.827 GiB)
32
  8.546960 seconds (4.61 M allocations: 2.775 GiB)
931
  6.178032 seconds (2.98 M allocations: 1.862 GiB)
733
  5.446607 seconds (2.57 M allocations: 1.617 GiB)
84
  7.447390 seconds (4.05 M allocations: 2.431 GiB)
  7.947620 seconds (4.26 M allocations: 2.569 GiB)
580
531
  9.146076 seconds (4.97 M allocations: 2.984 GiB)
882
  6.661685 seconds (3.11 M allocations: 1.962 GiB)
482
  8.595846 seconds (3.86 M allocations: 2.470 GiB)
630
  9.193095 seconds (4.06 M allocations: 2.616 GiB)
  9.041240 seconds (3.92 M allocations: 2.544 GiB)
427
979
  8.962371 seconds (3.91 M allocations: 2.529 GiB)
831
  6.044676 seconds (2.76 M allocations: 1.756 GiB)
231
  6.023755 seconds (2.60 M allocations: 1.687 GiB)
281
  6.047097 seconds (2.56 M allocations: 1.676 GiB)
33
  8.512054 seconds (4.14 M allocations: 2.579 GiB)
780
  6.045794 seconds (2.58 M allocations: 1.684 GiB)
734
  6.060298 seconds (2.41 M allocations: 1.615 GiB)
581
  7.336801 seconds (3.65 M allocations: 2.255 GiB)
382
  6.548226 seconds (2.95 M allocations: 1.885 GiB)
85
  6.599372 seconds (2.88 M allocations: 1.864 GiB)
532
  8.607917 seconds (4.80 M allocations: 2.858 GiB)
181
  8.014157 seconds (4.32 M allocations: 2.599 GiB)
132
  8.918549 seconds (5.11 M allocations: 3.019 GiB)
681
  8.277224 seconds (4.08 M allocations: 2.529 GiB)
932
  6.232914 seconds (3.20 M allocations: 1.959 GiB)
483
  8.956128 seconds (4.78 M allocations: 2.886 GiB)
331
  8.666436 seconds (4.00 M allocations: 2.539 GiB)
883
  6.598093 seconds (3.29 M allocations: 2.031 GiB)
980
  6.790219 seconds (3.40 M allocations: 2.098 GiB)
428
 17.302713 seconds (2.92 M allocations: 1.859 GiB, 62.96% gc time)
34
 17.340961 seconds (2.84 M allocations: 1.831 GiB, 62.82% gc time)
781
 16.975014 seconds (2.53 M allocations: 1.667 GiB, 64.17% gc time)
86
 19.868260 seconds (4.20 M allocations: 2.650 GiB, 54.83% gc time)
631
 17.683660 seconds (3.14 M allocations: 1.990 GiB, 61.60% gc time)
582
 19.978249 seconds (4.43 M allocations: 2.755 GiB, 54.53% gc time)
832
 19.163381 seconds (4.20 M allocations: 2.577 GiB, 56.85% gc time)
232
 18.689046 seconds (3.69 M allocations: 2.320 GiB, 58.29% gc time)
735
 19.267460 seconds (4.45 M allocations: 2.690 GiB, 56.54% gc time)
282
 18.029072 seconds (3.43 M allocations: 2.142 GiB, 60.42% gc time)
 18.394652 seconds (3.77 M allocations: 2.323 GiB, 59.22% gc time)
383
533
 18.228687 seconds (3.61 M allocations: 2.238 GiB, 59.76% gc time)
182
 18.004963 seconds (3.47 M allocations: 2.161 GiB, 60.50% gc time)
682
 17.937727 seconds (3.42 M allocations: 2.132 GiB, 60.73% gc time)
933
 18.533675 seconds (3.55 M allocations: 2.248 GiB, 58.78% gc time)
484
 19.818634 seconds (4.31 M allocations: 2.688 GiB, 54.97% gc time)
133
 19.168338 seconds (3.81 M allocations: 2.415 GiB, 56.83% gc time)
332
 17.201969 seconds (3.24 M allocations: 1.977 GiB, 63.33% gc time)
429
 19.188122 seconds (3.94 M allocations: 2.473 GiB, 56.77% gc time)
884
 19.558222 seconds (3.91 M allocations: 2.498 GiB, 55.70% gc time)
981
  7.255650 seconds (3.47 M allocations: 2.175 GiB)
35
  7.379725 seconds (3.66 M allocations: 2.266 GiB)
782
  6.287009 seconds (2.83 M allocations: 1.813 GiB)
736
  6.813689 seconds (3.41 M allocations: 2.103 GiB)
583
  7.388190 seconds (3.81 M allocations: 2.325 GiB)
87
  6.571338 seconds (2.94 M allocations: 1.884 GiB)
384
  6.867302 seconds (3.23 M allocations: 2.036 GiB)
283
  6.304062 seconds (2.83 M allocations: 1.812 GiB)
683
  9.105822 seconds (4.61 M allocations: 2.832 GiB)
632
  6.057655 seconds (2.40 M allocations: 1.613 GiB)  8.018223 seconds (2.83 M allocations: 1.992 GiB)
  6.022223 seconds (2.13 M allocations: 1.495 GiB)

  7.823587 seconds (2.94 M allocations: 2.014 GiB)
  7.054504 seconds (2.42 M allocations: 1.722 GiB)
  8.822316 seconds (3.62 M allocations: 2.397 GiB)
  8.763976 seconds (4.08 M allocations: 2.580 GiB)
  8.933197 seconds (3.51 M allocations: 2.360 GiB)
485
885
134
430
  8.907401 seconds (4.04 M allocations: 2.579 GiB)
  8.291905 seconds (3.14 M allocations: 2.145 GiB)
333
534
183
833
233
934
  5.850210 seconds (3.33 M allocations: 1.969 GiB)
36
  4.499683 seconds (2.30 M allocations: 1.407 GiB)
284
  5.612802 seconds (3.27 M allocations: 1.922 GiB)
737
  6.288532 seconds (3.64 M allocations: 2.143 GiB)
783
  5.291479 seconds (2.89 M allocations: 1.730 GiB)
385
  6.575125 seconds (3.65 M allocations: 2.176 GiB)
584
  6.407817 seconds (3.55 M allocations: 2.118 GiB)
88
  7.745492 seconds (4.52 M allocations: 2.655 GiB)
982
  6.503719 seconds (3.54 M allocations: 2.124 GiB)
684
  6.032976 seconds (2.42 M allocations: 1.618 GiB)
  6.045663 seconds (2.44 M allocations: 1.625 GiB)
535
135
  6.034627 seconds (2.28 M allocations: 1.561 GiB)
234
  6.030414 seconds (2.26 M allocations: 1.554 GiB)
37
  6.046748 seconds (2.27 M allocations: 1.559 GiB)
285
  6.035489 seconds (2.40 M allocations: 1.609 GiB)
738
  6.042501 seconds (2.29 M allocations: 1.565 GiB)
386
  6.048485 seconds (2.16 M allocations: 1.514 GiB)
89
  9.040818 seconds (3.68 M allocations: 2.448 GiB)
  9.039285 seconds (3.68 M allocations: 2.446 GiB)
  9.032265 seconds (3.67 M allocations: 2.443 GiB)
  9.046450 seconds (3.68 M allocations: 2.448 GiB)
  9.067404 seconds (3.69 M allocations: 2.455 GiB)
633
886
184
  9.076627 seconds (3.71 M allocations: 2.466 GiB)
334
834
  9.106992 seconds (3.79 M allocations: 2.503 GiB)
431
486
  9.083558 seconds (3.80 M allocations: 2.504 GiB)
935
  8.667987 seconds (4.01 M allocations: 2.546 GiB)
784
  8.377724 seconds (3.83 M allocations: 2.444 GiB)
585
  8.139086 seconds (3.77 M allocations: 2.393 GiB)
983
  5.602850 seconds (3.05 M allocations: 1.831 GiB)
136
 13.603559 seconds (3.14 M allocations: 1.926 GiB, 47.73% gc time)
235
 17.086038 seconds (4.29 M allocations: 2.756 GiB, 38.00% gc time)
685
 13.608980 seconds (3.19 M allocations: 1.947 GiB, 47.71% gc time)
38
 15.215770 seconds (3.90 M allocations: 2.402 GiB, 42.67% gc time)
536
 14.499519 seconds (3.51 M allocations: 2.171 GiB, 44.78% gc time)
286
 13.447193 seconds (3.19 M allocations: 1.931 GiB, 48.28% gc time)
90
 14.582901 seconds (3.64 M allocations: 2.231 GiB, 44.52% gc time)
387
 15.483328 seconds (4.04 M allocations: 2.491 GiB, 41.93% gc time)
739
 14.455603 seconds (2.70 M allocations: 1.830 GiB, 44.91% gc time)
 13.517899 seconds (2.40 M allocations: 1.608 GiB, 48.03% gc time)
634
785
 13.512560 seconds (2.51 M allocations: 1.656 GiB, 48.05% gc time)
586
 15.102335 seconds (3.35 M allocations: 2.163 GiB, 42.99% gc time)
835
 15.075629 seconds (3.20 M allocations: 2.101 GiB, 43.06% gc time)
335
 15.219113 seconds (3.39 M allocations: 2.194 GiB, 42.66% gc time)
887
 15.499029 seconds (3.67 M allocations: 2.337 GiB, 41.89% gc time)
185
 16.585588 seconds (3.99 M allocations: 2.581 GiB, 39.14% gc time)
432
  6.035607 seconds (2.83 M allocations: 1.788 GiB)
236
 17.049135 seconds (4.51 M allocations: 2.840 GiB, 38.08% gc time)
487
 16.989780 seconds (4.32 M allocations: 2.756 GiB, 38.21% gc time)
936
  6.034487 seconds (3.07 M allocations: 1.884 GiB)
39
 15.919748 seconds (4.04 M allocations: 2.534 GiB, 40.78% gc time)
984
  6.050782 seconds (2.94 M allocations: 1.831 GiB)
91
  6.042512 seconds (2.80 M allocations: 1.775 GiB)
740
  9.089229 seconds (4.36 M allocations: 2.731 GiB)
137
  9.087769 seconds (4.29 M allocations: 2.700 GiB)
686
  6.041900 seconds (2.94 M allocations: 1.829 GiB)
  6.046629 seconds (2.93 M allocations: 1.829 GiB)
635
786
  6.037335 seconds (2.96 M allocations: 1.838 GiB)
587
  9.081961 seconds (4.47 M allocations: 2.775 GiB)
537
  9.077536 seconds (4.49 M allocations: 2.782 GiB)
287
  6.047745 seconds (2.92 M allocations: 1.822 GiB)
186
  9.050891 seconds (4.60 M allocations: 2.820 GiB)
388
  6.041652 seconds (2.95 M allocations: 1.833 GiB)
237
  6.037586 seconds (2.61 M allocations: 1.694 GiB)
40
  9.065991 seconds (4.19 M allocations: 2.653 GiB)
836
  9.075263 seconds (4.15 M allocations: 2.638 GiB)
336
  9.060487 seconds (4.16 M allocations: 2.643 GiB)
888
  6.061369 seconds (2.93 M allocations: 1.826 GiB)
92
  6.057119 seconds (2.93 M allocations: 1.824 GiB)
741
  9.075337 seconds (4.33 M allocations: 2.713 GiB)
433
  9.090015 seconds (4.25 M allocations: 2.679 GiB)
488
  9.071820 seconds (4.23 M allocations: 2.670 GiB)
937
  9.089411 seconds (4.19 M allocations: 2.656 GiB)
985
  6.055330 seconds (2.98 M allocations: 1.845 GiB)
636
  6.084550 seconds (3.01 M allocations: 1.862 GiB)
787
  6.041157 seconds (3.18 M allocations: 1.929 GiB)
588
  6.031203 seconds (2.93 M allocations: 1.826 GiB)
187
  9.075498 seconds (4.46 M allocations: 2.768 GiB)
138
  7.920872 seconds (3.65 M allocations: 2.316 GiB)
538
  9.075822 seconds (4.52 M allocations: 2.792 GiB)
687
  6.028977 seconds (3.01 M allocations: 1.859 GiB)
41
  6.918004 seconds (3.44 M allocations: 2.126 GiB)
238
  9.039653 seconds (4.31 M allocations: 2.705 GiB)
288
  6.040774 seconds (2.94 M allocations: 1.832 GiB)
93
  9.034642 seconds (4.33 M allocations: 2.710 GiB)
389
  6.867349 seconds (3.43 M allocations: 2.119 GiB)
889
  6.056428 seconds (3.20 M allocations: 1.942 GiB)
742
  6.302527 seconds (3.02 M allocations: 1.895 GiB)
489
  6.230425 seconds (2.98 M allocations: 1.871 GiB)
938
  9.065155 seconds (4.46 M allocations: 2.768 GiB)
837
  9.033877 seconds (4.40 M allocations: 2.742 GiB)
337
  6.049615 seconds (2.80 M allocations: 1.774 GiB)
188
  9.045099 seconds (4.33 M allocations: 2.715 GiB)
434
  8.364930 seconds (3.70 M allocations: 2.385 GiB)
637
  8.447606 seconds (3.79 M allocations: 2.429 GiB)
986
  8.934000 seconds (4.04 M allocations: 2.584 GiB)
788
  8.577954 seconds (3.92 M allocations: 2.496 GiB)
589
  6.714657 seconds (3.34 M allocations: 2.064 GiB)
539
  6.895405 seconds (3.31 M allocations: 2.069 GiB)
42
 15.994892 seconds (3.46 M allocations: 2.224 GiB, 51.28% gc time)
239
 14.444209 seconds (2.72 M allocations: 1.759 GiB, 56.79% gc time)
890
 15.169118 seconds (3.33 M allocations: 2.086 GiB, 54.07% gc time)
94
 17.366937 seconds (4.55 M allocations: 2.814 GiB, 47.23% gc time)
139
 17.226439 seconds (4.38 M allocations: 2.728 GiB, 47.61% gc time)
688
 15.292566 seconds (3.34 M allocations: 2.104 GiB, 53.64% gc time)
743
 17.091386 seconds (4.30 M allocations: 2.684 GiB, 47.99% gc time)
289
 15.171411 seconds (3.29 M allocations: 2.072 GiB, 54.06% gc time)
490
 15.199485 seconds (3.33 M allocations: 2.090 GiB, 53.96% gc time)
939
 16.706511 seconds (4.24 M allocations: 2.617 GiB, 49.10% gc time)
390
 14.569158 seconds (3.30 M allocations: 2.011 GiB, 56.30% gc time)
838
 15.069097 seconds (3.46 M allocations: 2.127 GiB, 54.43% gc time)
189
 14.734221 seconds (3.37 M allocations: 2.057 GiB, 55.67% gc time)
435
 14.326055 seconds (2.81 M allocations: 1.785 GiB, 57.25% gc time)
540
 17.223700 seconds (4.31 M allocations: 2.701 GiB, 47.62% gc time)
338
  6.042397 seconds (2.85 M allocations: 1.796 GiB)
43
 16.594934 seconds (4.04 M allocations: 2.528 GiB, 49.43% gc time)
638
 16.604434 seconds (4.01 M allocations: 2.518 GiB, 49.40% gc time)
987
  6.030113 seconds (2.90 M allocations: 1.813 GiB)
95
 17.107234 seconds (4.25 M allocations: 2.665 GiB, 47.95% gc time)
789
  6.043050 seconds (2.73 M allocations: 1.747 GiB)
 17.094549 seconds (4.20 M allocations: 2.643 GiB, 47.98% gc time)
744
590
  6.226495 seconds (2.90 M allocations: 1.836 GiB)
689
  6.022631 seconds (2.79 M allocations: 1.770 GiB)
940
  8.304390 seconds (4.23 M allocations: 2.600 GiB)
891
  6.034953 seconds (2.67 M allocations: 1.724 GiB)
190
  9.051528 seconds (4.46 M allocations: 2.770 GiB)
240
  9.047202 seconds (4.47 M allocations: 2.771 GiB)
140
  6.040341 seconds (2.94 M allocations: 1.834 GiB)
436
  6.032423 seconds (2.94 M allocations: 1.832 GiB)
541
  9.046209 seconds (4.29 M allocations: 2.698 GiB)
290
  9.070121 seconds (4.22 M allocations: 2.674 GiB)
  6.039676 seconds (2.87 M allocations: 1.807 GiB)
491
44
  9.043783 seconds (4.29 M allocations: 2.701 GiB)
391
  9.053580 seconds (4.35 M allocations: 2.726 GiB)
839
  6.031840 seconds (3.07 M allocations: 1.888 GiB)
96
  6.026590 seconds (2.71 M allocations: 1.737 GiB)
690
  7.820635 seconds (3.80 M allocations: 2.371 GiB)
639
  6.032509 seconds (2.80 M allocations: 1.778 GiB)
941
  7.009982 seconds (3.22 M allocations: 2.051 GiB)
745
  9.711465 seconds (4.71 M allocations: 2.943 GiB)
  5.509538 seconds (2.64 M allocations: 1.660 GiB)
339
191
  6.699955 seconds (3.04 M allocations: 1.945 GiB)
241
  9.063424 seconds (4.24 M allocations: 2.681 GiB)
790
 10.217885 seconds (4.95 M allocations: 3.093 GiB)
988
  9.035256 seconds (4.16 M allocations: 2.647 GiB)
591
  6.860949 seconds (3.38 M allocations: 2.099 GiB)
141
  6.021518 seconds (2.82 M allocations: 1.782 GiB)
45
  6.310276 seconds (3.11 M allocations: 1.929 GiB)
291
  6.255778 seconds (2.85 M allocations: 1.818 GiB)
840
  8.473437 seconds (4.11 M allocations: 2.568 GiB)
437
  6.033798 seconds (2.84 M allocations: 1.792 GiB)
97
 10.894164 seconds (5.29 M allocations: 3.303 GiB)
892
  6.034623 seconds (2.97 M allocations: 1.848 GiB)
691
  8.892354 seconds (4.55 M allocations: 2.792 GiB)
542
  6.019888 seconds (3.16 M allocations: 1.921 GiB)
640
  6.035907 seconds (3.14 M allocations: 1.915 GiB)
942
  9.087351 seconds (4.40 M allocations: 2.749 GiB)
492
  6.034291 seconds (3.13 M allocations: 1.908 GiB)
192
 10.806748 seconds (4.87 M allocations: 3.119 GiB)
392
  6.644377 seconds (3.29 M allocations: 2.039 GiB)
242
  8.382153 seconds (4.01 M allocations: 2.514 GiB)
746
  6.231830 seconds (2.86 M allocations: 1.819 GiB)
142
  8.848251 seconds (4.17 M allocations: 2.624 GiB)
340
  7.726858 seconds (3.72 M allocations: 2.326 GiB)
791
 14.307703 seconds (3.41 M allocations: 2.169 GiB, 47.95% gc time)
46
 14.540236 seconds (3.45 M allocations: 2.208 GiB, 47.19% gc time)
292
 13.468170 seconds (2.92 M allocations: 1.881 GiB, 50.94% gc time)
98
 14.381435 seconds (3.34 M allocations: 2.148 GiB, 47.71% gc time)
841
 15.658540 seconds (4.07 M allocations: 2.581 GiB, 43.82% gc time)
592
 13.789822 seconds (3.44 M allocations: 2.126 GiB, 49.75% gc time)
438
 13.162187 seconds (3.22 M allocations: 1.971 GiB, 52.13% gc time)
893
 16.862642 seconds (4.93 M allocations: 3.055 GiB, 40.69% gc time)
989
 13.773420 seconds (3.40 M allocations: 2.108 GiB, 49.81% gc time)
543
 13.543009 seconds (3.03 M allocations: 1.930 GiB, 50.66% gc time)
193
 14.415472 seconds (3.43 M allocations: 2.184 GiB, 47.59% gc time)
493
 15.515321 seconds (4.23 M allocations: 2.629 GiB, 44.22% gc time)
692
 14.826294 seconds (3.75 M allocations: 2.359 GiB, 46.28% gc time)
943
 15.759561 seconds (4.30 M allocations: 2.682 GiB, 43.54% gc time)
641
 13.711557 seconds (3.59 M allocations: 2.176 GiB, 50.04% gc time)
393
 13.902566 seconds (3.54 M allocations: 2.177 GiB, 49.35% gc time)
243
 13.912122 seconds (3.47 M allocations: 2.150 GiB, 49.32% gc time)
747
 14.555395 seconds (3.71 M allocations: 2.316 GiB, 47.14% gc time)
143
  6.572301 seconds (2.87 M allocations: 1.852 GiB)
293
  6.476930 seconds (2.75 M allocations: 1.794 GiB)
593
 14.748441 seconds (3.84 M allocations: 2.388 GiB, 46.52% gc time)
  6.125121 seconds (2.64 M allocations: 1.714 GiB)
894
792
 15.824970 seconds (4.44 M allocations: 2.746 GiB, 43.36% gc time)
341
  8.362348 seconds (3.81 M allocations: 2.422 GiB)
99
  6.031424 seconds (2.67 M allocations: 1.717 GiB)
194
  9.106736 seconds (4.60 M allocations: 2.826 GiB)
47
  6.063746 seconds (2.86 M allocations: 1.797 GiB)
494
  6.039881 seconds (2.79 M allocations: 1.769 GiB)
944
  9.119319 seconds (4.40 M allocations: 2.745 GiB)
842
  9.069940 seconds (4.44 M allocations: 2.755 GiB)
439
  6.041142 seconds (2.93 M allocations: 1.825 GiB)
394
  9.095700 seconds (4.46 M allocations: 2.767 GiB)
990
  8.938919 seconds (4.34 M allocations: 2.703 GiB)
544
  6.022050 seconds (3.03 M allocations: 1.868 GiB)
748
  9.082916 seconds (4.25 M allocations: 2.679 GiB)
693
  6.045162 seconds (3.00 M allocations: 1.857 GiB)
294
  9.080188 seconds (4.21 M allocations: 2.668 GiB)
642
  6.058226 seconds (3.00 M allocations: 1.859 GiB)
594
  6.050222 seconds (3.06 M allocations: 1.881 GiB)
895
  9.088095 seconds (4.34 M allocations: 2.719 GiB)
244
  6.025815 seconds (2.95 M allocations: 1.833 GiB)
195
  9.059532 seconds (4.39 M allocations: 2.738 GiB)
144
  6.043286 seconds (2.93 M allocations: 1.831 GiB)
495
  6.034770 seconds (2.87 M allocations: 1.804 GiB)
945
  9.063094 seconds (4.33 M allocations: 2.716 GiB)
793
  6.020547 seconds (2.68 M allocations: 1.724 GiB)
395
  9.075889 seconds (4.47 M allocations: 2.773 GiB)
342
  6.031918 seconds (2.62 M allocations: 1.700 GiB)
749
  9.082582 seconds (4.47 M allocations: 2.772 GiB)
100
  9.062178 seconds (4.38 M allocations: 2.736 GiB)
48
  9.066746 seconds (4.18 M allocations: 2.652 GiB)
843
  9.072999 seconds (4.18 M allocations: 2.653 GiB)
440
  6.048167 seconds (2.87 M allocations: 1.803 GiB)
295
  6.034622 seconds (2.83 M allocations: 1.785 GiB)
595
  6.046254 seconds (2.87 M allocations: 1.805 GiB)
896
  8.594569 seconds (4.16 M allocations: 2.598 GiB)
545
  9.120328 seconds (4.52 M allocations: 2.799 GiB)
991
  5.878503 seconds (3.00 M allocations: 1.840 GiB)
196
  8.326379 seconds (4.26 M allocations: 2.610 GiB)
694
  8.085226 seconds (4.00 M allocations: 2.478 GiB)
643
  7.665930 seconds (3.86 M allocations: 2.377 GiB)
245
  7.027535 seconds (3.62 M allocations: 2.217 GiB)
145
  7.158037 seconds (3.51 M allocations: 2.183 GiB)
946
  7.780576 seconds (3.87 M allocations: 2.399 GiB)
496
  7.772044 seconds (3.62 M allocations: 2.296 GiB)
396
  6.633646 seconds (3.03 M allocations: 1.934 GiB)
49
  6.037896 seconds (2.54 M allocations: 1.669 GiB)
  8.188695 seconds (3.67 M allocations: 2.357 GiB)
750
296
 19.101597 seconds (4.32 M allocations: 2.724 GiB, 51.73% gc time)
794
 17.602879 seconds (3.76 M allocations: 2.342 GiB, 56.13% gc time)
101
 18.831918 seconds (4.39 M allocations: 2.724 GiB, 52.47% gc time)
343
 16.067145 seconds (2.82 M allocations: 1.793 GiB, 61.50% gc time)
 16.345400 seconds (3.00 M allocations: 1.896 GiB, 60.45% gc time)
992
546
 18.166827 seconds (3.65 M allocations: 2.353 GiB, 54.39% gc time)
897
 16.299350 seconds (2.76 M allocations: 1.793 GiB, 60.62% gc time)
644
 17.005514 seconds (3.23 M allocations: 2.059 GiB, 58.10% gc time)
695
 19.111480 seconds (4.61 M allocations: 2.848 GiB, 51.70% gc time)
844
 17.307867 seconds (3.51 M allocations: 2.204 GiB, 57.09% gc time)
197
 19.050332 seconds (4.46 M allocations: 2.777 GiB, 51.87% gc time)
596
 19.923538 seconds (5.07 M allocations: 3.117 GiB, 49.59% gc time)
441
 16.606487 seconds (3.30 M allocations: 2.045 GiB, 59.50% gc time)
947
 16.643239 seconds (3.30 M allocations: 2.051 GiB, 59.37% gc time)
497
 18.285133 seconds (3.96 M allocations: 2.492 GiB, 54.04% gc time)
146
 16.439712 seconds (3.40 M allocations: 2.069 GiB, 60.10% gc time)
397
 18.986758 seconds (4.40 M allocations: 2.746 GiB, 52.04% gc time)
246
 16.130305 seconds (3.46 M allocations: 2.064 GiB, 61.25% gc time)
50
  6.120671 seconds (3.32 M allocations: 1.998 GiB)
751
  6.019388 seconds (3.07 M allocations: 1.884 GiB)
344
  6.023688 seconds (2.93 M allocations: 1.830 GiB)
  6.024868 seconds (2.94 M allocations: 1.831 GiB)
547
993
  6.027471 seconds (2.98 M allocations: 1.850 GiB)
898
  6.036221 seconds (2.98 M allocations: 1.851 GiB)
645
  9.050561 seconds (4.58 M allocations: 2.820 GiB)
297
  9.034815 seconds (4.44 M allocations: 2.762 GiB)
795
  6.039572 seconds (2.67 M allocations: 1.723 GiB)
948
  6.038807 seconds (2.67 M allocations: 1.721 GiB)
498
  6.033763 seconds (2.50 M allocations: 1.650 GiB)
398
  9.034115 seconds (4.01 M allocations: 2.582 GiB)
  9.033126 seconds (4.01 M allocations: 2.584 GiB)
696
845
  8.594201 seconds (3.79 M allocations: 2.449 GiB)
597
 11.649338 seconds (5.59 M allocations: 3.503 GiB)
  6.039553 seconds (2.65 M allocations: 1.715 GiB)
51
  6.045527 seconds (2.67 M allocations: 1.723 GiB)
345
  6.032836 seconds (2.53 M allocations: 1.667 GiB)
994
  6.867770 seconds (3.18 M allocations: 2.020 GiB)
 10.264400 seconds (4.87 M allocations: 3.065 GiB)
198
  7.735769 seconds (3.68 M allocations: 2.312 GiB)
247
  6.881434 seconds (3.07 M allocations: 1.974 GiB)
548
 10.311350 seconds (5.07 M allocations: 3.154 GiB)
442
  9.096115 seconds (4.60 M allocations: 2.831 GiB)
147
  6.032832 seconds (3.02 M allocations: 1.867 GiB)
646
  7.841444 seconds (3.53 M allocations: 2.260 GiB)
899
  6.046054 seconds (2.80 M allocations: 1.778 GiB)
499
  7.628762 seconds (3.43 M allocations: 2.198 GiB)
298
  7.598124 seconds (3.52 M allocations: 2.232 GiB)
796
  6.048520 seconds (3.03 M allocations: 1.871 GiB)
399
  6.600227 seconds (2.80 M allocations: 1.831 GiB)
846
  6.742401 seconds (2.92 M allocations: 1.896 GiB)
697
  8.829207 seconds (4.17 M allocations: 2.626 GiB)
949
  5.722051 seconds (2.39 M allocations: 1.575 GiB)
248
  6.022370 seconds (2.69 M allocations: 1.727 GiB)
199
  6.042041 seconds (2.67 M allocations: 1.721 GiB)
549
  8.150299 seconds (3.79 M allocations: 2.402 GiB)
598
  6.022259 seconds (2.75 M allocations: 1.754 GiB)
  8.272547 seconds (3.91 M allocations: 2.461 GiB)
443
  6.034396 seconds (2.76 M allocations: 1.759 GiB)
148
  6.031412 seconds (2.76 M allocations: 1.757 GiB)
647
  8.354114 seconds (4.23 M allocations: 2.600 GiB)
346
  8.444528 seconds (4.24 M allocations: 2.616 GiB)
995
  6.037560 seconds (2.86 M allocations: 1.802 GiB)
500
  6.057599 seconds (2.82 M allocations: 1.786 GiB)
299
  6.207783 seconds (2.94 M allocations: 1.850 GiB)
797
  7.279471 seconds (3.66 M allocations: 2.258 GiB)
900
  6.026454 seconds (3.02 M allocations: 1.865 GiB)
400
  6.033661 seconds (3.02 M allocations: 1.865 GiB)
847
  6.029164 seconds (3.01 M allocations: 1.860 GiB)
698
  6.038384 seconds (2.80 M allocations: 1.774 GiB)
200
  6.216298 seconds (2.95 M allocations: 1.854 GiB)
249
  6.292203 seconds (3.06 M allocations: 1.907 GiB)
950
  6.175098 seconds (3.03 M allocations: 1.882 GiB)
550
 12.543655 seconds (2.75 M allocations: 1.740 GiB, 52.70% gc time)
149
 12.860865 seconds (2.97 M allocations: 1.863 GiB, 51.40% gc time)
444
 13.184536 seconds (3.01 M allocations: 1.916 GiB, 50.14% gc time)
648
 14.559311 seconds (3.69 M allocations: 2.336 GiB, 45.41% gc time)
599
 14.182112 seconds (3.30 M allocations: 2.135 GiB, 46.62% gc time)
347
 14.239636 seconds (3.31 M allocations: 2.144 GiB, 46.43% gc time)
996
 12.661143 seconds (2.73 M allocations: 1.744 GiB, 52.22% gc time)
798
 13.199562 seconds (3.21 M allocations: 1.996 GiB, 50.09% gc time)
501
 12.693486 seconds (2.80 M allocations: 1.779 GiB, 52.08% gc time)
401
 12.856190 seconds (2.95 M allocations: 1.854 GiB, 51.42% gc time)
901
 13.560050 seconds (3.53 M allocations: 2.166 GiB, 48.75% gc time)
300
 12.891768 seconds (3.05 M allocations: 1.900 GiB, 51.28% gc time)
848
 12.872248 seconds (3.03 M allocations: 1.891 GiB, 51.36% gc time)
699
 12.074852 seconds (2.60 M allocations: 1.631 GiB, 54.75% gc time)
250
 12.872297 seconds (3.10 M allocations: 1.919 GiB, 51.36% gc time)
201
 12.854890 seconds (3.07 M allocations: 1.904 GiB, 51.43% gc time)
951
  6.044552 seconds (3.07 M allocations: 1.889 GiB)
551
  6.031622 seconds (2.95 M allocations: 1.836 GiB)
  6.028324 seconds (2.93 M allocations: 1.829 GiB)
150
445
  6.684569 seconds (3.17 M allocations: 1.995 GiB)
649
  6.030950 seconds (2.62 M allocations: 1.703 GiB)
799
  6.020800 seconds (2.63 M allocations: 1.703 GiB)
  6.053384 seconds (2.45 M allocations: 1.634 GiB)
  6.041312 seconds (2.35 M allocations: 1.594 GiB)
  6.018214 seconds (2.27 M allocations: 1.556 GiB)
301
  8.306864 seconds (3.69 M allocations: 2.376 GiB)
600
  5.706893 seconds (2.09 M allocations: 1.452 GiB)
700
  6.046596 seconds (2.45 M allocations: 1.632 GiB)
849
  7.730588 seconds (3.52 M allocations: 2.248 GiB)
997
  8.279563 seconds (3.88 M allocations: 2.455 GiB)
348
  6.077491 seconds (2.48 M allocations: 1.651 GiB)
251
  5.162814 seconds (2.26 M allocations: 1.465 GiB)
  6.026095 seconds (2.64 M allocations: 1.706 GiB)
  6.015942 seconds (2.53 M allocations: 1.662 GiB)
  5.371734 seconds (2.03 M allocations: 1.390 GiB)
446
  5.751739 seconds (2.24 M allocations: 1.514 GiB)
151
  4.791731 seconds (2.07 M allocations: 1.347 GiB)
650
  4.781557 seconds (2.07 M allocations: 1.344 GiB)
800
  4.033438 seconds (1.75 M allocations: 1.136 GiB)
601
  4.299917 seconds (2.06 M allocations: 1.290 GiB)
  3.805157 seconds (1.78 M allocations: 1.124 GiB)
701
  3.615106 seconds (1.36 M allocations: 952.499 MiB)
998
  4.056764 seconds (1.60 M allocations: 1.076 GiB)
349
  4.176122 seconds (1.69 M allocations: 1.123 GiB)
  4.706338 seconds (2.05 M allocations: 1.324 GiB)
850
  3.959058 seconds (1.67 M allocations: 1.094 GiB)
447
  3.560880 seconds (1.48 M allocations: 997.176 MiB)
651
  4.456749 seconds (1.88 M allocations: 1.231 GiB)
  3.032498 seconds (1.35 M allocations: 887.533 MiB)
801
  3.185292 seconds (1.42 M allocations: 936.014 MiB)
  3.399752 seconds (1.18 M allocations: 846.269 MiB)
999
  3.018162 seconds (1.02 M allocations: 740.308 MiB)
350
  3.624411 seconds (1.44 M allocations: 977.255 MiB)
  3.018131 seconds (1.10 M allocations: 762.023 MiB)
851
  5.699280 seconds (1.13 M allocations: 789.544 MiB, 41.11% gc time)
448
  5.367903 seconds (1.07 M allocations: 728.178 MiB, 43.65% gc time)
  5.390035 seconds (889.55 k allocations: 618.766 MiB, 43.47% gc time)
  5.364341 seconds (602.55 k allocations: 458.284 MiB, 43.68% gc time)
1000
  5.379926 seconds (591.65 k allocations: 454.276 MiB, 43.55% gc time)
351
  3.040052 seconds (680.60 k allocations: 478.861 MiB)
  3.031315 seconds (505.75 k allocations: 377.069 MiB)
449
  3.016043 seconds (321.80 k allocations: 259.711 MiB)
  3.025269 seconds (314.39 k allocations: 257.151 MiB)
1001
  2.943580 seconds (286.32 k allocations: 225.822 MiB)
450
  2.947673 seconds (251.16 k allocations: 186.848 MiB)
  2.830147 seconds (95.17 k allocations: 105.948 MiB)
451
  2.824611 seconds (57.60 k allocations: 64.160 MiB)
