Graph 1 is connected.
Graph 2 is connected.
Graph 3 is connected.
Graph 4 is connected.
Graph 5 is connected.
Graph 6 is connected.
Graph 7 is connected.
Graph 8 is connected.
Graph 9 is connected.
Graph 10 is connected.
Graph 11 is connected.
Matrix 1 normalized.
Matrix 2 normalized.
Matrix 3 normalized.
Matrix 4 normalized.
Matrix 5 normalized.
Matrix 6 normalized.
Matrix 7 normalized.
Matrix 8 normalized.
Matrix 9 normalized.
Matrix 10 normalized.
Matrix 11 normalized.
Number of threads: 16
127
630692940


754
505
253
816
190
64
1379
568

316
442
878
  5.995222 seconds (880.36 k allocations: 774.126 MiB, 4.90% gc time)
  6.037522 seconds (656.42 k allocations: 682.628 MiB, 4.87% gc time, 1.95% compilation time)
941
380
  6.154303 seconds (865.15 k allocations: 778.062 MiB, 4.77% gc time, 1.92% compilation time)
65
  6.353881 seconds (1.09 M allocations: 887.959 MiB, 4.62% gc time, 1.86% compilation time)
254
  9.763641 seconds (1.44 M allocations: 1.119 GiB, 21.93% gc time, 1.21% compilation time)
631
  9.859241 seconds (1.68 M allocations: 1.224 GiB, 21.72% gc time, 1.20% compilation time)
817
 11.045989 seconds (1.83 M allocations: 1.367 GiB, 19.39% gc time, 1.07% compilation time)
128
 11.781022 seconds (2.42 M allocations: 1.658 GiB, 18.18% gc time, 1.00% compilation time)
2
 11.944888 seconds (2.25 M allocations: 1.602 GiB, 17.93% gc time, 0.99% compilation time)
879
 12.294689 seconds (2.49 M allocations: 1.724 GiB, 17.42% gc time, 0.96% compilation time)
693
 17.022924 seconds (2.58 M allocations: 1.855 GiB, 32.60% gc time, 0.69% compilation time)
  8.779737 seconds (1.48 M allocations: 1008.318 MiB, 38.82% gc time)
 17.011264 seconds (2.51 M allocations: 1.826 GiB, 32.62% gc time, 0.69% compilation time)
755
66
191
 17.382211 seconds (2.88 M allocations: 1.999 GiB, 31.93% gc time, 0.68% compilation time)
443
 11.386430 seconds (2.03 M allocations: 1.258 GiB, 46.16% gc time)
942
  8.562874 seconds (1.84 M allocations: 1.109 GiB, 39.80% gc time)
818
 18.802748 seconds (3.58 M allocations: 2.385 GiB, 29.51% gc time, 0.63% compilation time)
506
 12.898703 seconds (2.67 M allocations: 1.625 GiB, 40.75% gc time)
381
 19.390520 seconds (3.87 M allocations: 2.547 GiB, 28.62% gc time, 0.61% compilation time)
569
 20.076569 seconds (4.04 M allocations: 2.662 GiB, 27.64% gc time, 0.59% compilation time)
317
  8.874626 seconds (2.15 M allocations: 1.259 GiB, 38.40% gc time)
3
 10.986255 seconds (2.65 M allocations: 1.607 GiB, 31.02% gc time)
129
  4.820078 seconds (1.40 M allocations: 930.733 MiB)
943
  6.775370 seconds (2.14 M allocations: 1.346 GiB)
67
 15.671346 seconds (3.83 M allocations: 2.422 GiB, 21.75% gc time)
255
 14.701454 seconds (3.70 M allocations: 2.297 GiB, 23.18% gc time)
632
  6.914647 seconds (1.78 M allocations: 1.212 GiB)
382
  5.746586 seconds (1.40 M allocations: 996.529 MiB)
4
  8.550100 seconds (2.49 M allocations: 1.619 GiB)
819
  8.232262 seconds (2.36 M allocations: 1.541 GiB)
507
 15.297591 seconds (3.90 M allocations: 2.425 GiB, 22.28% gc time)
694
 10.244595 seconds (3.20 M allocations: 2.029 GiB)
444
 11.191675 seconds (3.74 M allocations: 2.316 GiB)
756
 16.303303 seconds (4.40 M allocations: 2.701 GiB, 20.90% gc time)
880
  9.354819 seconds (2.98 M allocations: 1.878 GiB)
570
 12.099879 seconds (4.01 M allocations: 2.494 GiB)
  7.079996 seconds (2.36 M allocations: 1.470 GiB)
192
944
  9.868019 seconds (3.28 M allocations: 2.040 GiB)
318
 10.266197 seconds (3.08 M allocations: 1.986 GiB)
130
  9.241681 seconds (2.88 M allocations: 1.832 GiB)
68
 10.248079 seconds (3.07 M allocations: 1.982 GiB)
256
  7.416651 seconds (2.24 M allocations: 1.442 GiB)
508
  8.744912 seconds (2.78 M allocations: 1.755 GiB)
5
  9.065969 seconds (2.99 M allocations: 1.863 GiB)
383
  7.487516 seconds (1.97 M allocations: 1.325 GiB)
881
 11.430763 seconds (3.65 M allocations: 2.291 GiB)
633
  7.615884 seconds (2.12 M allocations: 1.387 GiB)
571
  8.691485 seconds (2.58 M allocations: 1.651 GiB)
445
  8.669100 seconds (2.53 M allocations: 1.629 GiB)
 10.009622 seconds (3.34 M allocations: 2.058 GiB)
820
757
  9.943211 seconds (3.55 M allocations: 2.135 GiB)
695
  7.888369 seconds (2.52 M allocations: 1.567 GiB)
319
  8.807029 seconds (2.90 M allocations: 1.787 GiB)
945
 14.008130 seconds (3.18 M allocations: 2.006 GiB, 25.80% gc time)
193
 11.015852 seconds (2.74 M allocations: 1.618 GiB, 32.81% gc time)
131
 10.935868 seconds (2.59 M allocations: 1.553 GiB, 33.05% gc time)
257
 13.852938 seconds (3.17 M allocations: 1.992 GiB, 26.09% gc time)
69
 10.148046 seconds (1.63 M allocations: 1.122 GiB, 35.62% gc time)
446
  5.118295 seconds (1.06 M allocations: 810.599 MiB)
946
 11.373823 seconds (1.87 M allocations: 1.309 GiB, 31.78% gc time)
696
 12.087343 seconds (2.23 M allocations: 1.505 GiB, 29.90% gc time)
572
  5.308718 seconds (1.36 M allocations: 952.527 MiB)
132
 12.281762 seconds (2.39 M allocations: 1.585 GiB, 29.43% gc time)
821
  4.792348 seconds (1.43 M allocations: 947.028 MiB)
258
 14.019654 seconds (3.57 M allocations: 2.191 GiB, 25.78% gc time)
882
 16.522494 seconds (4.39 M allocations: 2.687 GiB, 21.88% gc time)
509
 15.653540 seconds (4.07 M allocations: 2.504 GiB, 23.09% gc time)
6
  7.712373 seconds (2.40 M allocations: 1.530 GiB)
194
  4.612477 seconds (1.66 M allocations: 1.007 GiB)
947
  4.800265 seconds (1.82 M allocations: 1.087 GiB)
447
 16.935177 seconds (4.46 M allocations: 2.760 GiB, 21.34% gc time)
634
 17.567617 seconds (4.84 M allocations: 2.963 GiB, 20.57% gc time)
384
  5.204488 seconds (2.02 M allocations: 1.196 GiB)
573
 18.766610 seconds (4.38 M allocations: 2.858 GiB, 19.26% gc time)
320
 10.030907 seconds (3.19 M allocations: 2.012 GiB)
70
 20.377411 seconds (5.07 M allocations: 3.255 GiB, 17.74% gc time)
758
  6.482434 seconds (1.77 M allocations: 1.180 GiB)
510
  6.432383 seconds (1.68 M allocations: 1.138 GiB)
948
  8.502648 seconds (2.73 M allocations: 1.715 GiB)
259
  9.168441 seconds (3.03 M allocations: 1.885 GiB)
133
 10.594895 seconds (3.70 M allocations: 2.264 GiB)
697
  6.030782 seconds (1.69 M allocations: 1.117 GiB)
574
 11.130198 seconds (3.68 M allocations: 2.291 GiB)
822
  7.215450 seconds (2.22 M allocations: 1.414 GiB)
385
 29.638033 seconds (3.04 M allocations: 1.935 GiB, 66.65% gc time)
195
 29.480539 seconds (2.93 M allocations: 1.882 GiB, 67.01% gc time)
448
 28.101556 seconds (2.78 M allocations: 1.721 GiB, 70.30% gc time)
635
 30.627543 seconds (3.72 M allocations: 2.287 GiB, 64.50% gc time)
7
 25.613436 seconds (2.35 M allocations: 1.372 GiB, 77.12% gc time)
71
 25.949350 seconds (2.24 M allocations: 1.351 GiB, 76.13% gc time)
511
 25.417480 seconds (1.79 M allocations: 1.127 GiB, 77.72% gc time)
698
 35.147273 seconds (5.07 M allocations: 3.157 GiB, 56.20% gc time)
883
  4.564278 seconds (1.28 M allocations: 863.642 MiB)
449
  5.025720 seconds (1.24 M allocations: 882.131 MiB)
8
  5.563957 seconds (1.72 M allocations: 1.097 GiB)
196
  5.634736 seconds (1.52 M allocations: 1.017 GiB)
636
 31.038049 seconds (4.11 M allocations: 2.475 GiB, 63.65% gc time)
321
  5.847482 seconds (1.67 M allocations: 1.095 GiB)
72
  4.599054 seconds (1.41 M allocations: 921.561 MiB)
699
  5.443130 seconds (1.65 M allocations: 1.057 GiB)
512
  4.651390 seconds (1.42 M allocations: 929.831 MiB)
450
 33.414351 seconds (4.46 M allocations: 2.784 GiB, 59.12% gc time)
949
 35.015563 seconds (5.06 M allocations: 3.141 GiB, 56.42% gc time)
759
  5.571665 seconds (1.66 M allocations: 1.069 GiB)
9
 33.088771 seconds (4.26 M allocations: 2.678 GiB, 59.70% gc time)
575
  6.720776 seconds (2.03 M allocations: 1.304 GiB)
197
 33.980573 seconds (4.55 M allocations: 2.858 GiB, 58.13% gc time)
823
  6.125571 seconds (1.77 M allocations: 1.153 GiB)
73
 36.183973 seconds (5.43 M allocations: 3.376 GiB, 54.59% gc time)
260
 36.047735 seconds (5.48 M allocations: 3.384 GiB, 54.80% gc time)
134
  5.849531 seconds (1.96 M allocations: 1.211 GiB)
700
  8.306874 seconds (2.87 M allocations: 1.758 GiB)
637
  7.810014 seconds (2.73 M allocations: 1.666 GiB)
322
 10.661043 seconds (3.91 M allocations: 2.351 GiB)
884
  6.526883 seconds (2.42 M allocations: 1.448 GiB)
451
 18.122246 seconds (6.03 M allocations: 3.742 GiB)
386
  9.828359 seconds (3.16 M allocations: 1.983 GiB)
513
  5.595307 seconds (1.52 M allocations: 1.015 GiB)
135
  6.891215 seconds (1.88 M allocations: 1.253 GiB)
261
  8.117488 seconds (2.49 M allocations: 1.589 GiB)
198
  9.375753 seconds (2.98 M allocations: 1.879 GiB)
576
  8.631627 seconds (2.61 M allocations: 1.677 GiB)
824
  7.940003 seconds (2.12 M allocations: 1.426 GiB)
638
  8.869455 seconds (2.66 M allocations: 1.712 GiB)
74
  8.620319 seconds (2.63 M allocations: 1.681 GiB)
701
  8.436524 seconds (2.45 M allocations: 1.598 GiB)
323
  7.328525 seconds (2.19 M allocations: 1.412 GiB)
452
  9.103788 seconds (2.68 M allocations: 1.738 GiB)
885
 27.645000 seconds (4.81 M allocations: 2.948 GiB, 49.63% gc time)
 27.134006 seconds (4.58 M allocations: 2.819 GiB, 50.57% gc time)
10
950
 26.899782 seconds (4.75 M allocations: 2.874 GiB, 51.01% gc time)
760
 21.155540 seconds (2.61 M allocations: 1.594 GiB, 64.86% gc time)
514
 21.953436 seconds (2.99 M allocations: 1.805 GiB, 62.50% gc time)
387
 20.577893 seconds (2.72 M allocations: 1.596 GiB, 66.68% gc time)
136
 18.847727 seconds (1.87 M allocations: 1.129 GiB, 72.80% gc time)
75
 19.168954 seconds (1.87 M allocations: 1.151 GiB, 71.58% gc time)
702
  5.346678 seconds (1.55 M allocations: 1.010 GiB)
11
 21.521677 seconds (2.58 M allocations: 1.606 GiB, 63.75% gc time)
639
  5.381788 seconds (1.23 M allocations: 906.164 MiB)
388
  6.746718 seconds (1.64 M allocations: 1.149 GiB)
761
  5.918725 seconds (1.42 M allocations: 1.001 GiB)
137
  4.911140 seconds (1.21 M allocations: 862.680 MiB)
 25.734469 seconds (4.01 M allocations: 2.489 GiB, 53.32% gc time)
76
262
 24.719054 seconds (3.89 M allocations: 2.370 GiB, 55.51% gc time)
825
 25.331546 seconds (4.22 M allocations: 2.551 GiB, 54.16% gc time)
577
 27.995376 seconds (4.83 M allocations: 2.986 GiB, 49.01% gc time)
199
  5.613812 seconds (1.79 M allocations: 1.130 GiB)
12
  5.724848 seconds (1.80 M allocations: 1.141 GiB)
640
  5.254856 seconds (1.75 M allocations: 1.087 GiB)
389
 27.610380 seconds (4.39 M allocations: 2.780 GiB, 49.69% gc time)
453
 13.120412 seconds (3.94 M allocations: 2.540 GiB)
886
  9.743981 seconds (3.02 M allocations: 1.923 GiB)
703
 13.014482 seconds (3.91 M allocations: 2.520 GiB)
515
  5.238580 seconds (1.50 M allocations: 1006.330 MiB)
826
  5.670932 seconds (1.89 M allocations: 1.171 GiB)
263
 15.011768 seconds (4.95 M allocations: 3.086 GiB)
951
 30.586014 seconds (5.71 M allocations: 3.528 GiB, 44.86% gc time)
324
  4.678002 seconds (1.75 M allocations: 1.044 GiB)
13
  5.842295 seconds (2.21 M allocations: 1.315 GiB)
200
  6.856705 seconds (2.18 M allocations: 1.371 GiB)
641
  5.880176 seconds (1.81 M allocations: 1.152 GiB)
887
  5.587905 seconds (1.40 M allocations: 988.097 MiB)
704
 11.702722 seconds (3.48 M allocations: 2.245 GiB)
578
  7.258872 seconds (2.33 M allocations: 1.466 GiB)
454
  8.854941 seconds (2.81 M allocations: 1.771 GiB)
390
  5.788216 seconds (1.81 M allocations: 1.147 GiB)
952
 13.209087 seconds (4.50 M allocations: 2.770 GiB)
138
  5.552511 seconds (1.59 M allocations: 1.044 GiB)
14
  5.628798 seconds (1.65 M allocations: 1.073 GiB)
325
  7.536641 seconds (2.66 M allocations: 1.617 GiB)
264
 13.630020 seconds (3.21 M allocations: 2.021 GiB, 26.15% gc time)
516
 19.903227 seconds (5.41 M allocations: 3.367 GiB, 17.91% gc time)
77
  8.919667 seconds (1.90 M allocations: 1.162 GiB, 39.96% gc time)
705
 21.545801 seconds (6.28 M allocations: 3.841 GiB, 16.54% gc time)
762
  8.945527 seconds (1.77 M allocations: 1.106 GiB, 39.84% gc time)
391
 17.080440 seconds (4.12 M allocations: 2.641 GiB, 20.87% gc time) 10.303981 seconds (1.38 M allocations: 1.038 GiB, 34.59% gc time)
  4.509017 seconds (850.02 k allocations: 667.874 MiB) 10.440318 seconds (1.52 M allocations: 1.102 GiB, 34.14% gc time)
  8.737265 seconds (1.08 M allocations: 828.889 MiB, 40.79% gc time)


 11.738391 seconds (2.73 M allocations: 1.703 GiB, 30.36% gc time)
 11.655065 seconds (2.59 M allocations: 1.635 GiB, 30.58% gc time)
517
827
888
265
139
642
15
  4.487252 seconds (1.62 M allocations: 982.756 MiB)
78
 12.298766 seconds (3.42 M allocations: 1.998 GiB, 28.98% gc time)
579
  4.670854 seconds (1.06 M allocations: 778.259 MiB)
140
  4.751895 seconds (1.15 M allocations: 825.639 MiB)
643
  4.775236 seconds (1.15 M allocations: 826.154 MiB)
16
  8.422866 seconds (2.58 M allocations: 1.627 GiB)
763
  5.537236 seconds (1.53 M allocations: 1.015 GiB)
392
  5.391955 seconds (1.34 M allocations: 951.542 MiB)
79
  6.119225 seconds (1.92 M allocations: 1.216 GiB)
889
  7.148497 seconds (1.74 M allocations: 1.217 GiB)
266
  7.533136 seconds (1.92 M allocations: 1.319 GiB)
518
 25.728216 seconds (6.83 M allocations: 4.340 GiB, 13.85% gc time)
201
  6.193433 seconds (1.75 M allocations: 1.154 GiB)
141
  6.265487 seconds (1.70 M allocations: 1.140 GiB)
644
 22.636101 seconds (5.61 M allocations: 3.625 GiB, 15.75% gc time)
  5.485650 seconds (1.38 M allocations: 975.162 MiB)
393
953
 11.496290 seconds (3.33 M allocations: 2.176 GiB)
828
  7.020102 seconds (2.30 M allocations: 1.438 GiB)
17
  6.659953 seconds (2.06 M allocations: 1.316 GiB)
80
 24.540902 seconds (6.98 M allocations: 4.317 GiB, 14.52% gc time)
455
  6.434858 seconds (1.95 M allocations: 1.254 GiB)
890
 23.993970 seconds (6.36 M allocations: 4.026 GiB, 14.85% gc time)
326
  5.343146 seconds (2.03 M allocations: 1.210 GiB)
519
  8.391339 seconds (3.15 M allocations: 1.886 GiB)
764
 12.867876 seconds (4.19 M allocations: 2.627 GiB)
580
  6.171954 seconds (2.58 M allocations: 1.493 GiB)
267
 19.751471 seconds (6.71 M allocations: 4.124 GiB)
706
  5.958325 seconds (2.37 M allocations: 1.394 GiB)
645
  7.497835 seconds (2.76 M allocations: 1.663 GiB)
142
  6.075112 seconds (1.68 M allocations: 1.121 GiB)
891
  7.023705 seconds (1.81 M allocations: 1.241 GiB)
456
  8.923690 seconds (2.91 M allocations: 1.827 GiB)
394
  8.088490 seconds (2.37 M allocations: 1.548 GiB)
81
  7.197376 seconds (1.97 M allocations: 1.324 GiB)
520
 13.087722 seconds (3.15 M allocations: 1.972 GiB, 27.01% gc time)
954
 10.975150 seconds (1.98 M allocations: 1.342 GiB, 32.21% gc time)
581
 14.569740 seconds (3.76 M allocations: 2.326 GiB, 24.27% gc time)
829
 10.061279 seconds (1.93 M allocations: 1.254 GiB, 35.14% gc time)
707
  8.493459 seconds (1.59 M allocations: 1.002 GiB, 41.63% gc time)
892
  9.457844 seconds (1.96 M allocations: 1.221 GiB, 37.38% gc time)
143
 17.433366 seconds (4.42 M allocations: 2.800 GiB, 20.28% gc time)
18
  4.813765 seconds (1.42 M allocations: 941.507 MiB)
82
  9.163048 seconds (1.87 M allocations: 1.163 GiB, 38.59% gc time)
395
  9.367220 seconds (2.06 M allocations: 1.254 GiB, 37.74% gc time)
457
 17.789890 seconds (4.48 M allocations: 2.846 GiB, 19.87% gc time)
327
 20.162767 seconds (6.08 M allocations: 3.671 GiB, 17.54% gc time)
202
 13.600386 seconds (3.46 M allocations: 2.133 GiB, 26.00% gc time)
646
  6.219270 seconds (2.21 M allocations: 1.345 GiB)
582
  5.353173 seconds (1.84 M allocations: 1.133 GiB)
708
 18.300207 seconds (4.62 M allocations: 2.941 GiB, 19.32% gc time)
268
 20.073637 seconds (5.12 M allocations: 3.270 GiB, 17.61% gc time)
765
  7.674532 seconds (2.42 M allocations: 1.532 GiB)
830
  6.008030 seconds (2.21 M allocations: 1.329 GiB)
144
 10.268894 seconds (3.61 M allocations: 2.205 GiB)
521
  5.957581 seconds (2.07 M allocations: 1.267 GiB)
396
  5.961224 seconds (2.01 M allocations: 1.243 GiB)
458
  8.503670 seconds (3.16 M allocations: 1.897 GiB)
893
  5.282245 seconds (1.67 M allocations: 1.056 GiB)
709
  6.450353 seconds (2.22 M allocations: 1.364 GiB)
328
  8.060411 seconds (2.84 M allocations: 1.732 GiB)
19
  5.458353 seconds (1.62 M allocations: 1.048 GiB)
831
  8.661452 seconds (2.77 M allocations: 1.743 GiB)
647
  6.329472 seconds (1.86 M allocations: 1.206 GiB)
145
  6.356490 seconds (1.62 M allocations: 1.111 GiB)
397
  8.681968 seconds (2.57 M allocations: 1.665 GiB)
766
  5.572425 seconds (1.27 M allocations: 935.581 MiB)
329
  5.460132 seconds (1.35 M allocations: 961.240 MiB)
20
  6.362195 seconds (1.65 M allocations: 1.126 GiB)
710
  8.642704 seconds (2.59 M allocations: 1.671 GiB)
522
 11.947389 seconds (3.87 M allocations: 2.427 GiB)
583
 20.839784 seconds (6.72 M allocations: 4.220 GiB)
955
  9.677906 seconds (2.84 M allocations: 1.847 GiB)
894
  5.667074 seconds (1.66 M allocations: 1.079 GiB)
146
  6.957651 seconds (2.13 M allocations: 1.367 GiB)
832
 17.782904 seconds (6.15 M allocations: 3.775 GiB)
83
 11.441849 seconds (3.68 M allocations: 2.315 GiB)
459
  7.981488 seconds (2.71 M allocations: 1.673 GiB)
648
  6.022356 seconds (1.68 M allocations: 1.110 GiB)
523
 19.778836 seconds (6.34 M allocations: 3.990 GiB)
203
  7.336810 seconds (2.22 M allocations: 1.425 GiB)
711
  8.929433 seconds (2.99 M allocations: 1.855 GiB)
398
 18.461976 seconds (6.02 M allocations: 3.769 GiB)
269
  7.641277 seconds (2.35 M allocations: 1.500 GiB)
21
 11.133006 seconds (1.98 M allocations: 1.230 GiB, 46.60% gc time)
147
 13.973622 seconds (2.70 M allocations: 1.727 GiB, 37.13% gc time)
584
 11.591266 seconds (2.38 M allocations: 1.429 GiB, 44.76% gc time)
956
 15.299004 seconds (3.66 M allocations: 2.212 GiB, 33.91% gc time)
330
 11.847909 seconds (2.25 M allocations: 1.391 GiB, 43.79% gc time)
84
 18.258178 seconds (4.28 M allocations: 2.677 GiB, 28.41% gc time)
767
 10.198692 seconds (1.53 M allocations: 1004.035 MiB, 50.87% gc time)
712
 10.110372 seconds (1.45 M allocations: 966.357 MiB, 51.31% gc time)
22
 10.494087 seconds (1.75 M allocations: 1.092 GiB, 49.43% gc time)
399
  4.537800 seconds (1.30 M allocations: 874.742 MiB)
585
  4.674361 seconds (1.46 M allocations: 951.845 MiB)
148
  4.673558 seconds (1.50 M allocations: 970.951 MiB)
957
 15.366146 seconds (3.43 M allocations: 2.127 GiB, 33.76% gc time)
649
 15.829951 seconds (3.52 M allocations: 2.199 GiB, 32.77% gc time)
524
  4.669785 seconds (1.42 M allocations: 936.421 MiB)
713
 20.329308 seconds (4.85 M allocations: 3.057 GiB, 25.52% gc time)
833
  5.633790 seconds (1.79 M allocations: 1.133 GiB)
768
  4.529077 seconds (1.25 M allocations: 849.650 MiB)
  4.528751 seconds (1.24 M allocations: 849.071 MiB)
586
149
  4.821481 seconds (1.38 M allocations: 928.660 MiB)
958
 23.031607 seconds (5.48 M allocations: 3.508 GiB, 22.52% gc time)
460
  4.511245 seconds (1.29 M allocations: 867.739 MiB)
525
  4.511966 seconds (1.38 M allocations: 907.079 MiB)
714
  9.468846 seconds (2.86 M allocations: 1.843 GiB)
400
  4.509018 seconds (1.42 M allocations: 924.210 MiB)
769
  4.513096 seconds (1.17 M allocations: 817.910 MiB)
  4.522968 seconds (1.18 M allocations: 820.509 MiB)
587
150
 22.819317 seconds (6.00 M allocations: 3.708 GiB, 22.73% gc time)
204
 22.048141 seconds (5.48 M allocations: 3.442 GiB, 23.53% gc time)
 11.652843 seconds (3.76 M allocations: 2.366 GiB)
270
23
 15.426365 seconds (5.03 M allocations: 3.155 GiB)
331
 26.967931 seconds (7.44 M allocations: 4.591 GiB, 19.24% gc time)
895
  6.355929 seconds (2.27 M allocations: 1.381 GiB)
959
  8.258363 seconds (2.82 M allocations: 1.739 GiB)
834
 16.138211 seconds (5.58 M allocations: 3.432 GiB)
85
 12.558735 seconds (4.26 M allocations: 2.636 GiB)
650
  5.869862 seconds (2.34 M allocations: 1.378 GiB)
715
  5.372261 seconds (1.94 M allocations: 1.175 GiB)
151
 21.467428 seconds (2.14 M allocations: 1.327 GiB, 70.31% gc time)
588
 24.461326 seconds (3.35 M allocations: 2.035 GiB, 61.70% gc time)
526
 21.062998 seconds (1.69 M allocations: 1.113 GiB, 71.66% gc time)
332
 20.136308 seconds (1.32 M allocations: 917.276 MiB, 74.95% gc time)
86
 23.369574 seconds (2.51 M allocations: 1.610 GiB, 64.58% gc time)
24
 23.375910 seconds (2.39 M allocations: 1.562 GiB, 64.57% gc time)
205
 21.163684 seconds (1.68 M allocations: 1.113 GiB, 71.31% gc time)
651
  4.553868 seconds (1.28 M allocations: 869.249 MiB)
 24.418959 seconds (2.72 M allocations: 1.774 GiB, 61.81% gc time)
589
896
  5.915471 seconds (1.76 M allocations: 1.142 GiB)
152
 28.149091 seconds (4.66 M allocations: 2.837 GiB, 53.62% gc time)
461
  4.712569 seconds (1.57 M allocations: 1004.244 MiB)
333
  4.613347 seconds (1.40 M allocations: 924.876 MiB)
25
  4.774094 seconds (1.44 M allocations: 954.959 MiB)
206
  4.710992 seconds (1.43 M allocations: 944.607 MiB)
652
  6.499374 seconds (2.07 M allocations: 1.313 GiB)
87
 32.056921 seconds (5.77 M allocations: 3.568 GiB, 47.08% gc time)
401
  5.061140 seconds (1.46 M allocations: 979.073 MiB)
153
 31.644802 seconds (5.21 M allocations: 3.308 GiB, 47.69% gc time)
271
  5.335258 seconds (1.44 M allocations: 989.841 MiB)
334
 30.568136 seconds (4.88 M allocations: 3.095 GiB, 49.37% gc time)
960
 28.496031 seconds (4.20 M allocations: 2.671 GiB, 52.96% gc time)
  6.892420 seconds (2.30 M allocations: 1.433 GiB)
897
716
 11.307117 seconds (3.92 M allocations: 2.410 GiB)
527
 34.812503 seconds (6.86 M allocations: 4.211 GiB, 43.35% gc time)
770
  5.408848 seconds (1.86 M allocations: 1.142 GiB)
653
 10.022618 seconds (3.05 M allocations: 1.960 GiB)
462
  5.634746 seconds (1.93 M allocations: 1.187 GiB)
402
  6.647133 seconds (2.24 M allocations: 1.388 GiB)
88
  6.235652 seconds (2.12 M allocations: 1.309 GiB)
154
  5.735015 seconds (1.86 M allocations: 1.163 GiB)
335
  5.914537 seconds (2.07 M allocations: 1.265 GiB)
272
 35.818657 seconds (6.81 M allocations: 4.258 GiB, 42.14% gc time)
835
  6.018847 seconds (2.01 M allocations: 1.248 GiB)
898
 11.050633 seconds (3.96 M allocations: 2.398 GiB)
26
  7.835945 seconds (2.57 M allocations: 1.602 GiB)
961
 15.211728 seconds (5.01 M allocations: 3.126 GiB)
590
  5.703476 seconds (1.71 M allocations: 1.100 GiB)
403
  5.960711 seconds (1.82 M allocations: 1.163 GiB)
89
  7.621807 seconds (2.53 M allocations: 1.570 GiB)
654
 10.574621 seconds (3.24 M allocations: 2.069 GiB)
528
  7.026550 seconds (2.20 M allocations: 1.396 GiB)
155
  6.322455 seconds (1.66 M allocations: 1.127 GiB)
899
  5.257363 seconds (1.54 M allocations: 1.005 GiB)
27
 15.699090 seconds (5.49 M allocations: 3.356 GiB)
207
  4.906394 seconds (1.59 M allocations: 1021.920 MiB)
591
 10.291867 seconds (3.61 M allocations: 2.206 GiB)
463
 13.965352 seconds (4.66 M allocations: 2.893 GiB)
717
  8.731413 seconds (2.90 M allocations: 1.806 GiB)
836
  5.455946 seconds (1.91 M allocations: 1.169 GiB)
90
 21.166298 seconds (4.95 M allocations: 3.115 GiB, 26.93% gc time)
771
 12.150976 seconds (2.04 M allocations: 1.289 GiB, 46.90% gc time)
655
 12.837980 seconds (2.46 M allocations: 1.512 GiB, 44.39% gc time)
404
 11.577737 seconds (1.54 M allocations: 1.045 GiB, 49.23% gc time)
592
 12.738940 seconds (1.90 M allocations: 1.275 GiB, 44.74% gc time)
28
 19.940274 seconds (4.33 M allocations: 2.778 GiB, 28.58% gc time)
 11.491598 seconds (1.58 M allocations: 1.054 GiB, 49.60% gc time)
464
336
 14.891349 seconds (3.10 M allocations: 1.917 GiB, 38.27% gc time)
529
 18.487881 seconds (4.28 M allocations: 2.654 GiB, 30.83% gc time)
962
  5.124323 seconds (1.33 M allocations: 925.531 MiB)
405
  6.606663 seconds (1.90 M allocations: 1.245 GiB)
91
  5.881066 seconds (1.74 M allocations: 1.123 GiB)
656
 23.118417 seconds (5.45 M allocations: 3.461 GiB, 24.65% gc time)
273
  6.962779 seconds (2.15 M allocations: 1.370 GiB)
772
 17.161272 seconds (3.66 M allocations: 2.303 GiB, 33.21% gc time)
208
 17.679593 seconds (3.98 M allocations: 2.471 GiB, 32.24% gc time)
156
  6.279188 seconds (2.23 M allocations: 1.354 GiB)
593
  6.001602 seconds (1.92 M allocations: 1.209 GiB)
337
 17.699088 seconds (3.79 M allocations: 2.396 GiB, 32.20% gc time)
837
  6.676658 seconds (2.30 M allocations: 1.413 GiB)
29
  6.748006 seconds (2.17 M allocations: 1.366 GiB)
963
  5.865244 seconds (1.95 M allocations: 1.214 GiB)
92
  6.201494 seconds (2.15 M allocations: 1.319 GiB)
406
  6.202426 seconds (2.05 M allocations: 1.278 GiB)
274
 22.805849 seconds (5.14 M allocations: 3.310 GiB, 24.99% gc time)
718
  5.976765 seconds (1.60 M allocations: 1.079 GiB)
594
  6.127507 seconds (1.71 M allocations: 1.135 GiB)
338
  5.997293 seconds (1.70 M allocations: 1.122 GiB)
838
 26.813490 seconds (6.87 M allocations: 4.302 GiB, 21.26% gc time)
900
  6.320370 seconds (1.82 M allocations: 1.195 GiB)
30
  9.604901 seconds (3.06 M allocations: 1.936 GiB)
773
  9.805282 seconds (3.09 M allocations: 1.962 GiB)
157
 14.077693 seconds (4.68 M allocations: 2.913 GiB)
530
 14.899067 seconds (5.05 M allocations: 3.125 GiB)
465
  5.949293 seconds (2.00 M allocations: 1.242 GiB)
407
 12.545871 seconds (4.26 M allocations: 2.635 GiB)
657
  9.760475 seconds (3.03 M allocations: 1.932 GiB)
964
  5.833042 seconds (2.02 M allocations: 1.240 GiB)
595
  6.222197 seconds (2.12 M allocations: 1.309 GiB)
339
  6.090201 seconds (2.09 M allocations: 1.288 GiB)
839
  6.167605 seconds (2.10 M allocations: 1.298 GiB)
901
  5.489468 seconds (1.37 M allocations: 972.629 MiB)
408
  5.978117 seconds (1.58 M allocations: 1.068 GiB)
466
 12.422626 seconds (4.06 M allocations: 2.544 GiB)
93
  6.418204 seconds (1.99 M allocations: 1.271 GiB)
531
 16.664005 seconds (5.49 M allocations: 3.430 GiB)
209
  5.610134 seconds (1.93 M allocations: 1.189 GiB)
658
 12.809060 seconds (4.42 M allocations: 2.720 GiB)
275
  8.342955 seconds (1.43 M allocations: 940.703 MiB, 43.84% gc time)
902
  9.466822 seconds (1.84 M allocations: 1.167 GiB, 38.64% gc time)
340
 10.520974 seconds (2.06 M allocations: 1.330 GiB, 34.77% gc time)
840
  9.241614 seconds (1.79 M allocations: 1.131 GiB, 39.58% gc time)
409
  8.260138 seconds (1.24 M allocations: 853.494 MiB, 44.28% gc time)
532
  8.242830 seconds (1.29 M allocations: 876.342 MiB, 44.38% gc time)
94
  8.194262 seconds (1.31 M allocations: 879.859 MiB, 44.64% gc time)
659
 12.845292 seconds (3.25 M allocations: 1.988 GiB, 28.48% gc time)
596
 20.347938 seconds (5.85 M allocations: 3.585 GiB, 17.98% gc time)
719
 18.932947 seconds (5.13 M allocations: 3.189 GiB, 19.32% gc time)
31
  4.573773 seconds (1.64 M allocations: 1022.640 MiB)
903
  5.100706 seconds (1.75 M allocations: 1.082 GiB)
341
 16.250502 seconds (4.18 M allocations: 2.614 GiB, 22.51% gc time)
965
  4.523198 seconds (1.51 M allocations: 966.693 MiB)
410
 21.252539 seconds (6.00 M allocations: 3.715 GiB, 17.21% gc time)
774
  5.757622 seconds (1.97 M allocations: 1.221 GiB)
533
  5.691240 seconds (1.81 M allocations: 1.152 GiB)
95
  6.059349 seconds (1.99 M allocations: 1.252 GiB)
660
 22.212245 seconds (6.39 M allocations: 3.940 GiB, 16.47% gc time)
158
  7.712671 seconds (2.96 M allocations: 1.766 GiB)
841
  5.200697 seconds (1.75 M allocations: 1.090 GiB)
904
  4.549798 seconds (1.64 M allocations: 1019.859 MiB)
342
  5.014964 seconds (1.60 M allocations: 1.011 GiB)
411
  5.043190 seconds (1.46 M allocations: 978.629 MiB)
534
  4.968517 seconds (1.46 M allocations: 970.045 MiB)
96
  4.903761 seconds (1.18 M allocations: 852.718 MiB)
842
  4.611212 seconds (1.10 M allocations: 795.562 MiB)
905
  7.558345 seconds (2.28 M allocations: 1.471 GiB)
775
 12.525002 seconds (4.00 M allocations: 2.533 GiB)
  4.518628 seconds (1.28 M allocations: 864.346 MiB)
597
343
  4.541767 seconds (1.41 M allocations: 923.668 MiB)
412
 11.854400 seconds (4.08 M allocations: 2.517 GiB)
720
 24.658748 seconds (7.16 M allocations: 4.434 GiB, 14.83% gc time)
467
  4.761182 seconds (1.65 M allocations: 1.018 GiB)
535
  5.072252 seconds (1.74 M allocations: 1.074 GiB)
97
 12.567289 seconds (4.21 M allocations: 2.617 GiB)
966
 21.085384 seconds (7.04 M allocations: 4.391 GiB)
276
  5.884378 seconds (1.93 M allocations: 1.210 GiB)
906
 16.298627 seconds (3.88 M allocations: 2.473 GiB, 23.47% gc time)
661
 32.553616 seconds (8.16 M allocations: 5.127 GiB, 22.98% gc time)
210
  9.997608 seconds (1.67 M allocations: 1.120 GiB, 38.25% gc time)
721
 18.021677 seconds (4.42 M allocations: 2.816 GiB, 21.22% gc time)
159
 11.590730 seconds (2.40 M allocations: 1.532 GiB, 33.00% gc time)
344
  9.405158 seconds (1.65 M allocations: 1.070 GiB, 40.66% gc time)
98
 10.276409 seconds (2.08 M allocations: 1.307 GiB, 37.22% gc time)
468
 24.173715 seconds (6.79 M allocations: 4.227 GiB, 15.82% gc time)
32
 14.243316 seconds (3.53 M allocations: 2.183 GiB, 26.85% gc time)
776
  5.332204 seconds (1.76 M allocations: 1.099 GiB)
907
  5.309355 seconds (1.63 M allocations: 1.043 GiB)
662
 15.518162 seconds (3.77 M allocations: 2.372 GiB, 24.65% gc time)
843
  4.544918 seconds (1.69 M allocations: 1.012 GiB)
722
 16.351057 seconds (3.86 M allocations: 2.468 GiB, 23.39% gc time)
413
  5.707607 seconds (1.77 M allocations: 1.130 GiB)
345
  5.445752 seconds (1.68 M allocations: 1.074 GiB)
99
  5.967438 seconds (1.83 M allocations: 1.170 GiB)
469
 15.054837 seconds (3.60 M allocations: 2.267 GiB, 25.40% gc time)
967
  7.481642 seconds (2.64 M allocations: 1.611 GiB)
160
 16.860576 seconds (4.34 M allocations: 2.700 GiB, 22.68% gc time)
536
  5.644095 seconds (1.52 M allocations: 1.018 GiB)
723
 10.353151 seconds (3.36 M allocations: 2.109 GiB)
211
 21.876522 seconds (5.90 M allocations: 3.692 GiB, 17.48% gc time)
598
  7.569279 seconds (2.54 M allocations: 1.577 GiB)
777
  8.707214 seconds (2.98 M allocations: 1.836 GiB)
33
 18.945767 seconds (5.05 M allocations: 3.137 GiB, 20.19% gc time)
277
  5.072905 seconds (1.68 M allocations: 1.046 GiB)
  5.801463 seconds (1.98 M allocations: 1.225 GiB)
470
346
  6.310349 seconds (1.78 M allocations: 1.177 GiB)
537
  4.804945 seconds (1.46 M allocations: 961.827 MiB)
724
  5.294519 seconds (1.63 M allocations: 1.045 GiB)
212
 11.608172 seconds (3.67 M allocations: 2.326 GiB)
908
  4.973519 seconds (1.44 M allocations: 969.478 MiB)
34
  6.597218 seconds (1.96 M allocations: 1.276 GiB)
778
  4.789436 seconds (1.24 M allocations: 873.547 MiB)
471
 11.430060 seconds (3.92 M allocations: 2.418 GiB)
414
  6.127044 seconds (1.72 M allocations: 1.140 GiB)
347
 15.112652 seconds (4.89 M allocations: 3.076 GiB)
663
 11.038870 seconds (3.57 M allocations: 2.251 GiB)
161
 15.713049 seconds (5.16 M allocations: 3.229 GiB)
844
  5.573980 seconds (2.06 M allocations: 1.242 GiB)
538
  9.549041 seconds (3.15 M allocations: 1.973 GiB)
  5.494448 seconds (2.05 M allocations: 1.235 GiB)
599
725
 21.424487 seconds (5.13 M allocations: 3.128 GiB, 32.68% gc time)
100
 12.546363 seconds (2.17 M allocations: 1.284 GiB, 55.80% gc time)
213
 21.030630 seconds (5.09 M allocations: 3.083 GiB, 33.29% gc time)
968
 13.572300 seconds (2.13 M allocations: 1.337 GiB, 51.59% gc time)
472
 19.494520 seconds (4.12 M allocations: 2.574 GiB, 35.91% gc time)
278
 15.232657 seconds (2.67 M allocations: 1.676 GiB, 45.96% gc time)
779
 17.455397 seconds (3.23 M allocations: 2.065 GiB, 40.11% gc time)
35
 15.332353 seconds (2.54 M allocations: 1.627 GiB, 45.66% gc time)
348
 18.659905 seconds (3.64 M allocations: 2.316 GiB, 37.52% gc time)
909
 15.272386 seconds (2.48 M allocations: 1.600 GiB, 45.84% gc time)
845
 17.192213 seconds (3.27 M allocations: 2.060 GiB, 40.72% gc time)
415
 16.376949 seconds (3.12 M allocations: 1.941 GiB, 42.75% gc time)
664
 16.113402 seconds (2.96 M allocations: 1.856 GiB, 43.45% gc time)
162
  8.489143 seconds (2.62 M allocations: 1.673 GiB)
600
 16.030612 seconds (3.05 M allocations: 1.885 GiB, 43.67% gc time)
539
  9.131625 seconds (2.96 M allocations: 1.857 GiB)
726
  8.674888 seconds (2.66 M allocations: 1.704 GiB)
  8.726880 seconds (2.69 M allocations: 1.721 GiB)
214
101
  9.199209 seconds (2.97 M allocations: 1.865 GiB)
969
  6.959919 seconds (2.67 M allocations: 1.588 GiB)
473
  5.936720 seconds (2.37 M allocations: 1.393 GiB)
36
  5.841331 seconds (2.36 M allocations: 1.385 GiB)
349
  5.507042 seconds (2.19 M allocations: 1.293 GiB)
910
  5.652258 seconds (2.07 M allocations: 1.258 GiB)
665
  4.851666 seconds (1.30 M allocations: 905.936 MiB)
102
  6.639832 seconds (1.64 M allocations: 1.153 GiB)
727
 10.986267 seconds (3.78 M allocations: 2.336 GiB)
780
  9.692702 seconds (3.17 M allocations: 1.995 GiB)
416
  4.529849 seconds (1.10 M allocations: 792.887 MiB)
350
  4.524256 seconds (1.13 M allocations: 805.526 MiB)
911
  6.582524 seconds (1.90 M allocations: 1.254 GiB)
37
  4.556407 seconds (1.21 M allocations: 842.004 MiB)
103
 10.650769 seconds (3.51 M allocations: 2.204 GiB)
601
  8.855239 seconds (2.65 M allocations: 1.723 GiB)
474
  8.707564 seconds (2.69 M allocations: 1.730 GiB)
970
 16.035134 seconds (5.71 M allocations: 3.484 GiB)
279
  4.971499 seconds (1.47 M allocations: 975.583 MiB)
417
  5.203421 seconds (1.53 M allocations: 1018.721 MiB)
351
 13.707025 seconds (4.46 M allocations: 2.807 GiB)
540
  8.408469 seconds (2.64 M allocations: 1.680 GiB)
666
  5.055006 seconds (1.60 M allocations: 1.012 GiB)
104
  5.765436 seconds (1.55 M allocations: 1.041 GiB)
602
 18.974132 seconds (6.22 M allocations: 3.900 GiB)
846
 11.655289 seconds (1.61 M allocations: 1.117 GiB, 44.24% gc time)
280
 24.092752 seconds (5.47 M allocations: 3.589 GiB, 21.40% gc time)
215
 10.721455 seconds (1.48 M allocations: 1020.393 MiB, 48.09% gc time)
418
 13.688319 seconds (2.22 M allocations: 1.512 GiB, 37.67% gc time)
971
 25.336485 seconds (6.51 M allocations: 4.105 GiB, 20.35% gc time)
163
 14.842652 seconds (3.02 M allocations: 1.920 GiB, 34.74% gc time)
38
 11.091332 seconds (1.72 M allocations: 1.119 GiB, 46.49% gc time)
541
 11.357997 seconds (2.03 M allocations: 1.266 GiB, 45.40% gc time)
352
 18.104619 seconds (4.55 M allocations: 2.779 GiB, 28.48% gc time)
728
 11.349626 seconds (2.13 M allocations: 1.306 GiB, 45.43% gc time)
667
 10.979360 seconds (2.21 M allocations: 1.313 GiB, 46.96% gc time)
105
 19.728678 seconds (5.13 M allocations: 3.129 GiB, 26.14% gc time)
781
 11.157350 seconds (2.23 M allocations: 1.332 GiB, 46.21% gc time)
 19.674692 seconds (4.72 M allocations: 2.956 GiB, 26.21% gc time)
603
912
  5.248146 seconds (2.04 M allocations: 1.203 GiB)
419
  4.997261 seconds (1.74 M allocations: 1.064 GiB)
39
 14.060460 seconds (3.06 M allocations: 1.878 GiB, 36.67% gc time)
847
  5.680209 seconds (1.39 M allocations: 992.531 MiB)
106
  4.529718 seconds (1.03 M allocations: 758.827 MiB)
913
  8.246644 seconds (2.04 M allocations: 1.416 GiB)
668
  8.674995 seconds (2.42 M allocations: 1.602 GiB)
164
  5.029195 seconds (1.44 M allocations: 965.605 MiB)
604
 10.525977 seconds (3.77 M allocations: 2.288 GiB)
281
  4.647885 seconds (1.54 M allocations: 981.165 MiB)
420
 11.139246 seconds (3.90 M allocations: 2.383 GiB)
216
 10.976614 seconds (3.52 M allocations: 2.214 GiB)
  5.840713 seconds (1.81 M allocations: 1.157 GiB)
40
542
 11.017480 seconds (3.50 M allocations: 2.210 GiB)
353
 26.966315 seconds (7.17 M allocations: 4.472 GiB, 19.12% gc time)
475
  6.001837 seconds (2.10 M allocations: 1.284 GiB)
107
  6.736033 seconds (2.32 M allocations: 1.428 GiB)
848
  5.995810 seconds (1.78 M allocations: 1.151 GiB)
165
  6.040664 seconds (1.79 M allocations: 1.157 GiB)
605
  6.894726 seconds (2.53 M allocations: 1.523 GiB)
914
  6.329881 seconds (1.98 M allocations: 1.259 GiB)
421
  7.656085 seconds (2.40 M allocations: 1.524 GiB)
282
 16.519773 seconds (5.20 M allocations: 3.293 GiB)
729
 13.156067 seconds (4.34 M allocations: 2.708 GiB)
  8.422096 seconds (2.99 M allocations: 1.818 GiB)
782
669
  7.603726 seconds (2.26 M allocations: 1.460 GiB)
543
  6.514443 seconds (2.11 M allocations: 1.320 GiB)
476
  6.001368 seconds (1.87 M allocations: 1.190 GiB)
108
  8.101884 seconds (2.59 M allocations: 1.630 GiB)
354
 19.863481 seconds (6.70 M allocations: 4.143 GiB)
972
  5.138342 seconds (1.73 M allocations: 1.070 GiB)
422
 20.819144 seconds (3.58 M allocations: 2.218 GiB, 48.49% gc time)
41
 15.030787 seconds (1.59 M allocations: 1018.054 MiB, 67.16% gc time)
783
 16.282239 seconds (2.11 M allocations: 1.297 GiB, 62.00% gc time)
283
 16.434380 seconds (1.96 M allocations: 1.245 GiB, 61.43% gc time)
730
 14.998572 seconds (1.69 M allocations: 1.033 GiB, 67.31% gc time)
544
 22.303987 seconds (3.81 M allocations: 2.416 GiB, 45.26% gc time)
849
  4.549684 seconds (1.14 M allocations: 806.110 MiB)
42
 21.181274 seconds (3.61 M allocations: 2.258 GiB, 47.66% gc time)
606
 17.029980 seconds (2.00 M allocations: 1.304 GiB, 59.28% gc time)
355
 26.797231 seconds (5.61 M allocations: 3.473 GiB, 37.67% gc time)
217
  4.536427 seconds (1.36 M allocations: 898.618 MiB)
284
  4.555138 seconds (1.41 M allocations: 918.601 MiB)
731
  5.833706 seconds (1.40 M allocations: 1006.458 MiB)
850
  4.995234 seconds (1.17 M allocations: 850.076 MiB)
43
 22.169383 seconds (3.38 M allocations: 2.228 GiB, 45.54% gc time)
477
 20.665096 seconds (3.06 M allocations: 1.998 GiB, 48.85% gc time)
423
  5.326375 seconds (1.46 M allocations: 998.565 MiB)
607
  7.924213 seconds (2.34 M allocations: 1.517 GiB)
545
  5.815723 seconds (1.80 M allocations: 1.150 GiB)
356
  5.038928 seconds (1.60 M allocations: 1.013 GiB)
285
 28.189036 seconds (6.18 M allocations: 3.807 GiB, 35.81% gc time)
166
  5.028112 seconds (1.65 M allocations: 1.036 GiB)
732
 26.776219 seconds (5.48 M allocations: 3.422 GiB, 37.70% gc time)
670
 12.548884 seconds (4.12 M allocations: 2.575 GiB)
784
 26.976190 seconds (5.15 M allocations: 3.298 GiB, 37.42% gc time)
973
  9.025350 seconds (2.77 M allocations: 1.774 GiB)
218
  5.498070 seconds (2.22 M allocations: 1.301 GiB)
44
 28.154576 seconds (5.63 M allocations: 3.580 GiB, 35.86% gc time)
109
  5.912137 seconds (1.95 M allocations: 1.217 GiB)
424
  5.295653 seconds (1.55 M allocations: 1.009 GiB)
733
  7.151740 seconds (2.53 M allocations: 1.545 GiB)
608
  6.738383 seconds (2.31 M allocations: 1.426 GiB)
357
 33.999569 seconds (8.11 M allocations: 5.011 GiB, 29.69% gc time)
915
  9.654237 seconds (3.46 M allocations: 2.104 GiB)
478
  8.468790 seconds (2.68 M allocations: 1.699 GiB)
286
  6.042857 seconds (1.85 M allocations: 1.186 GiB)
974
  6.032620 seconds (1.79 M allocations: 1.160 GiB)
45
  9.534094 seconds (2.73 M allocations: 1.791 GiB)
785
  5.583886 seconds (1.52 M allocations: 1.013 GiB)
609
  6.685955 seconds (2.13 M allocations: 1.342 GiB)
110
 12.934616 seconds (4.30 M allocations: 2.676 GiB)
546
  8.267191 seconds (2.72 M allocations: 1.699 GiB)
219
 11.494259 seconds (3.81 M allocations: 2.375 GiB)
167
 17.604807 seconds (4.91 M allocations: 2.981 GiB, 22.08% gc time)
851
  9.992724 seconds (2.08 M allocations: 1.280 GiB, 38.90% gc time)
358
  9.464409 seconds (1.92 M allocations: 1.180 GiB, 41.07% gc time)
287
  8.972781 seconds (1.74 M allocations: 1.076 GiB, 43.32% gc time)
46
 13.891993 seconds (3.35 M allocations: 2.081 GiB, 27.98% gc time)
425
  8.585564 seconds (1.50 M allocations: 972.153 MiB, 45.27% gc time)
111
  4.540509 seconds (1.30 M allocations: 876.657 MiB)
168
 15.231366 seconds (3.73 M allocations: 2.331 GiB, 25.52% gc time)
734
 20.173004 seconds (5.35 M allocations: 3.348 GiB, 19.27% gc time)
671
 10.079248 seconds (2.38 M allocations: 1.417 GiB, 38.56% gc time)
610
 11.031432 seconds (2.70 M allocations: 1.617 GiB, 35.24% gc time)
786
  5.453741 seconds (1.78 M allocations: 1.122 GiB)
359
 17.428177 seconds (4.36 M allocations: 2.750 GiB, 22.30% gc time)
916
 16.502415 seconds (4.20 M allocations: 2.618 GiB, 23.55% gc time)
479
 14.958997 seconds (3.83 M allocations: 2.362 GiB, 25.98% gc time)
975
 13.432134 seconds (3.23 M allocations: 2.005 GiB, 28.94% gc time)
220
  4.549606 seconds (1.49 M allocations: 960.619 MiB)
672
  5.267542 seconds (1.93 M allocations: 1.171 GiB)
112
  7.041495 seconds (2.56 M allocations: 1.552 GiB)
47
  4.611377 seconds (1.60 M allocations: 1013.994 MiB)
787
  5.555831 seconds (1.80 M allocations: 1.137 GiB)
611
  4.538392 seconds (1.35 M allocations: 896.421 MiB)
480
  9.436470 seconds (2.73 M allocations: 1.793 GiB)
735
  4.936992 seconds (1.12 M allocations: 828.023 MiB)
113
 10.473416 seconds (3.38 M allocations: 2.131 GiB)
169
  6.912862 seconds (1.93 M allocations: 1.277 GiB)
221
 17.568932 seconds (5.31 M allocations: 3.425 GiB)
547
  7.854084 seconds (1.98 M allocations: 1.365 GiB)
673
 15.811615 seconds (5.00 M allocations: 3.174 GiB)
288
 17.665038 seconds (5.43 M allocations: 3.482 GiB)
852
 15.140972 seconds (4.68 M allocations: 2.995 GiB)
426
  5.177316 seconds (1.64 M allocations: 1.035 GiB)
481
 10.287701 seconds (3.35 M allocations: 2.098 GiB)
 10.849677 seconds (3.68 M allocations: 2.275 GiB)
917
976
  8.801352 seconds (2.79 M allocations: 1.763 GiB)
788
  9.791651 seconds (3.16 M allocations: 1.984 GiB)
48
  5.481864 seconds (2.18 M allocations: 1.278 GiB)
114
  5.574248 seconds (2.19 M allocations: 1.289 GiB)
170
 16.154189 seconds (5.17 M allocations: 3.261 GiB)
360
 12.726581 seconds (3.73 M allocations: 2.419 GiB)
612
  6.267749 seconds (1.70 M allocations: 1.138 GiB)
482
 10.347177 seconds (3.25 M allocations: 2.060 GiB)
736
  6.141301 seconds (1.73 M allocations: 1.141 GiB)
977
  7.934881 seconds (2.83 M allocations: 1.721 GiB)
674
  6.333710 seconds (1.73 M allocations: 1.155 GiB)
49
  7.952524 seconds (2.63 M allocations: 1.637 GiB)
289
  7.419637 seconds (2.22 M allocations: 1.432 GiB)
789
  8.844320 seconds (3.19 M allocations: 1.934 GiB)
427
  6.488477 seconds (1.92 M allocations: 1.246 GiB)
171
 11.148518 seconds (4.05 M allocations: 2.447 GiB)
222
  8.647888 seconds (2.64 M allocations: 1.696 GiB)
115
 14.969071 seconds (3.60 M allocations: 2.201 GiB, 31.19% gc time)
853
  9.814711 seconds (1.74 M allocations: 1.080 GiB, 47.56% gc time)
978
 10.259336 seconds (1.79 M allocations: 1.127 GiB, 45.50% gc time)
675
 11.597032 seconds (2.33 M allocations: 1.445 GiB, 40.25% gc time)
483
 11.707602 seconds (2.45 M allocations: 1.504 GiB, 39.87% gc time)
613
 10.373848 seconds (1.53 M allocations: 1.026 GiB, 45.00% gc time)
172
 18.890423 seconds (4.49 M allocations: 2.842 GiB, 24.71% gc time)
918
 20.657825 seconds (5.64 M allocations: 3.440 GiB, 22.60% gc time)
548
 11.652674 seconds (2.32 M allocations: 1.444 GiB, 40.06% gc time)
790
  5.347611 seconds (1.74 M allocations: 1.090 GiB)
116
  5.755263 seconds (1.81 M allocations: 1.147 GiB)
854
  6.358238 seconds (1.87 M allocations: 1.215 GiB)
979
  5.836815 seconds (1.81 M allocations: 1.156 GiB)
676
  5.508174 seconds (1.65 M allocations: 1.064 GiB)
614
  6.230881 seconds (1.92 M allocations: 1.224 GiB)
484
 20.765198 seconds (5.29 M allocations: 3.308 GiB, 22.48% gc time)
361
 18.863213 seconds (4.75 M allocations: 2.952 GiB, 24.75% gc time)
  5.863330 seconds (1.83 M allocations: 1.165 GiB)
737
173
 17.135493 seconds (3.84 M allocations: 2.448 GiB, 27.24% gc time)
428
 18.772987 seconds (4.74 M allocations: 2.936 GiB, 24.87% gc time)
290
  5.892144 seconds (1.83 M allocations: 1.164 GiB)
117
 18.178246 seconds (4.35 M allocations: 2.734 GiB, 25.68% gc time)
223
  7.473345 seconds (2.25 M allocations: 1.446 GiB)
855
  9.597852 seconds (3.00 M allocations: 1.906 GiB)
919
  6.071026 seconds (2.09 M allocations: 1.285 GiB)
677
 22.302808 seconds (5.83 M allocations: 3.631 GiB, 20.93% gc time)
50
  6.168167 seconds (2.05 M allocations: 1.276 GiB)
485
  6.168939 seconds (1.85 M allocations: 1.194 GiB)
738
  6.547206 seconds (2.14 M allocations: 1.338 GiB)
362
  5.718953 seconds (1.68 M allocations: 1.090 GiB)
118
  5.717569 seconds (1.66 M allocations: 1.080 GiB)
224
 13.410676 seconds (4.30 M allocations: 2.703 GiB)
791
 14.169095 seconds (4.60 M allocations: 2.879 GiB)
549
  7.652331 seconds (2.51 M allocations: 1.568 GiB)
429
  9.007086 seconds (3.07 M allocations: 1.892 GiB)
174
 12.210209 seconds (4.07 M allocations: 2.523 GiB)
615
  6.830159 seconds (2.17 M allocations: 1.367 GiB)
678
  8.277138 seconds (2.70 M allocations: 1.682 GiB)
856
 14.372575 seconds (4.97 M allocations: 3.041 GiB)
980
  6.974725 seconds (2.28 M allocations: 1.421 GiB)
486
  6.088897 seconds (2.06 M allocations: 1.269 GiB)
739
  5.863750 seconds (2.06 M allocations: 1.254 GiB)
119
  5.443428 seconds (1.66 M allocations: 1.060 GiB)
792
  6.583570 seconds (2.24 M allocations: 1.378 GiB)
225
 18.602682 seconds (4.50 M allocations: 2.868 GiB, 21.14% gc time)
291
  9.436199 seconds (1.22 M allocations: 906.914 MiB, 41.67% gc time)
740
  8.871999 seconds (954.62 k allocations: 753.747 MiB, 44.32% gc time)
120
 18.520100 seconds (4.55 M allocations: 2.884 GiB, 21.23% gc time)
920
 15.794057 seconds (3.65 M allocations: 2.324 GiB, 24.89% gc time)
363
 17.538092 seconds (4.25 M allocations: 2.694 GiB, 22.42% gc time)
51
  8.980639 seconds (1.40 M allocations: 951.878 MiB, 43.78% gc time)
793
 12.787461 seconds (2.93 M allocations: 1.823 GiB, 30.75% gc time)
616
  9.226626 seconds (1.51 M allocations: 1016.592 MiB, 42.61% gc time)
226
 14.499385 seconds (3.49 M allocations: 2.174 GiB, 27.12% gc time)
175
  4.768167 seconds (1.71 M allocations: 1.040 GiB)
292
 17.860556 seconds (4.41 M allocations: 2.788 GiB, 22.01% gc time)
550
 14.685660 seconds (3.44 M allocations: 2.171 GiB, 26.77% gc time)
857
 15.472487 seconds (3.82 M allocations: 2.380 GiB, 25.41% gc time)
679
  4.931018 seconds (1.94 M allocations: 1.150 GiB)
121
  5.100615 seconds (2.02 M allocations: 1.194 GiB)
741
  4.672536 seconds (1.77 M allocations: 1.061 GiB)
52
  4.517278 seconds (1.54 M allocations: 974.637 MiB)
227
  4.634290 seconds (1.62 M allocations: 1017.523 MiB)
617
 20.921169 seconds (5.65 M allocations: 3.515 GiB, 18.79% gc time)
430
  8.288356 seconds (2.69 M allocations: 1.694 GiB)
364
  4.531857 seconds (1.35 M allocations: 896.342 MiB)
122
 19.667644 seconds (5.05 M allocations: 3.182 GiB, 19.99% gc time)
981
  5.932704 seconds (1.99 M allocations: 1.235 GiB)
551
  4.681252 seconds (1.39 M allocations: 925.023 MiB)
53
  4.817601 seconds (1.31 M allocations: 898.955 MiB)
618
  9.560679 seconds (3.01 M allocations: 1.911 GiB)
293
  7.906592 seconds (2.60 M allocations: 1.627 GiB)
858
 13.050994 seconds (4.59 M allocations: 2.811 GiB)
921
  4.540510 seconds (1.55 M allocations: 979.398 MiB)
365
  4.510140 seconds (1.54 M allocations: 975.293 MiB)
 13.262701 seconds (4.47 M allocations: 2.776 GiB)
123
794
  4.513377 seconds (1.55 M allocations: 980.072 MiB)
552
  4.511526 seconds (1.43 M allocations: 930.362 MiB)
54
  4.517709 seconds (1.55 M allocations: 979.234 MiB)
619
 14.238452 seconds (4.84 M allocations: 2.996 GiB)
176
  4.661281 seconds (1.60 M allocations: 1010.599 MiB)
859
 27.194140 seconds (7.75 M allocations: 4.823 GiB, 14.46% gc time)
487
 11.758037 seconds (3.75 M allocations: 2.370 GiB)
228
  8.501993 seconds (2.85 M allocations: 1.769 GiB)
982
  5.749047 seconds (2.09 M allocations: 1.265 GiB)
294
 13.715563 seconds (4.50 M allocations: 2.821 GiB)
680
  5.057543 seconds (1.79 M allocations: 1.094 GiB)
124
 18.080894 seconds (5.08 M allocations: 3.112 GiB, 19.68% gc time)
742
 18.227319 seconds (4.74 M allocations: 2.980 GiB, 19.53% gc time)
431
  8.805218 seconds (1.34 M allocations: 939.336 MiB, 40.42% gc time)
229
  9.101854 seconds (1.51 M allocations: 1.005 GiB, 39.10% gc time)
488
  9.894723 seconds (1.99 M allocations: 1.257 GiB, 35.97% gc time)
860
 12.353533 seconds (2.78 M allocations: 1.757 GiB, 28.81% gc time)
553
 13.283744 seconds (2.88 M allocations: 1.862 GiB, 26.79% gc time)
620
  6.256857 seconds (1.64 M allocations: 1.109 GiB)
125
 12.724333 seconds (2.92 M allocations: 1.842 GiB, 27.97% gc time)
177
  6.930128 seconds (1.92 M allocations: 1.275 GiB)
681
 17.001240 seconds (4.48 M allocations: 2.784 GiB, 20.93% gc time)
366
 18.255985 seconds (4.34 M allocations: 2.814 GiB, 19.50% gc time)  4.918329 seconds (1.05 M allocations: 796.494 MiB)

 12.343057 seconds (2.49 M allocations: 1.636 GiB, 28.84% gc time)
  8.183816 seconds (2.19 M allocations: 1.473 GiB)
  9.270779 seconds (2.17 M allocations: 1.540 GiB)
554
983
295
795
743
  5.773697 seconds (2.04 M allocations: 1.243 GiB)
861
  5.045361 seconds (1.60 M allocations: 1.009 GiB)
178
  5.573283 seconds (1.85 M allocations: 1.151 GiB)
126
  4.845630 seconds (1.60 M allocations: 1022.499 MiB)
682
 20.391234 seconds (5.54 M allocations: 3.455 GiB, 17.45% gc time)
55
 23.217058 seconds (6.73 M allocations: 4.143 GiB, 15.33% gc time)
922
  8.787145 seconds (2.92 M allocations: 1.815 GiB)
621
  4.912177 seconds (1.60 M allocations: 1.001 GiB)
296
 12.544989 seconds (4.25 M allocations: 2.624 GiB)
432
  5.258635 seconds (1.60 M allocations: 1.023 GiB)
862
 12.400632 seconds (4.22 M allocations: 2.601 GiB)
489
 12.816002 seconds (4.39 M allocations: 2.703 GiB)
230
  5.794414 seconds (1.64 M allocations: 1.081 GiB)
683
  6.177775 seconds (1.72 M allocations: 1.142 GiB)
56
  9.314722 seconds (3.21 M allocations: 1.972 GiB)
555
  4.821547 seconds (1.53 M allocations: 995.989 MiB)
622
  5.229536 seconds (1.60 M allocations: 1.029 GiB)
297
  5.542395 seconds (1.38 M allocations: 984.689 MiB)
  4.918084 seconds (1.05 M allocations: 798.193 MiB)
  4.959487 seconds (1.10 M allocations: 822.563 MiB)
863
231
490
 11.644989 seconds (3.61 M allocations: 2.303 GiB)
179
 13.310401 seconds (4.16 M allocations: 2.646 GiB)
744
 10.606222 seconds (3.25 M allocations: 2.081 GiB)
 14.474550 seconds (4.67 M allocations: 2.934 GiB)
923
796
  5.963696 seconds (1.89 M allocations: 1.194 GiB)
684
 12.550404 seconds (3.79 M allocations: 2.441 GiB)
  4.996401 seconds (1.65 M allocations: 1.030 GiB)
556
  5.121030 seconds (1.87 M allocations: 1.129 GiB)
623
 15.598394 seconds (5.28 M allocations: 3.267 GiB)
367
  6.724030 seconds (2.48 M allocations: 1.492 GiB)
57
  5.298905 seconds (1.57 M allocations: 1.016 GiB)
180
 19.088277 seconds (5.90 M allocations: 3.764 GiB)
984
  6.087667 seconds (1.83 M allocations: 1.179 GiB)
745
  5.401592 seconds (1.38 M allocations: 966.803 MiB)
924
  5.621981 seconds (1.42 M allocations: 998.425 MiB)
 14.787171 seconds (4.64 M allocations: 2.943 GiB)
557
433
  8.262935 seconds (2.68 M allocations: 1.678 GiB)
864
 11.062533 seconds (2.09 M allocations: 1.279 GiB, 45.04% gc time)
685
 11.124006 seconds (2.10 M allocations: 1.287 GiB, 44.79% gc time)
797
 14.522473 seconds (3.46 M allocations: 2.087 GiB, 34.31% gc time)
232
 15.156184 seconds (3.81 M allocations: 2.273 GiB, 32.88% gc time)
298
 12.445210 seconds (2.50 M allocations: 1.545 GiB, 40.04% gc time)
624
 10.654943 seconds (2.06 M allocations: 1.240 GiB, 46.77% gc time)
181
  4.758894 seconds (1.03 M allocations: 772.064 MiB)
798
  5.543109 seconds (1.67 M allocations: 1.072 GiB)
558
  5.446411 seconds (1.46 M allocations: 1004.276 MiB)
686
  4.873681 seconds (1.17 M allocations: 842.650 MiB)
299
 16.723976 seconds (3.54 M allocations: 2.273 GiB, 29.80% gc time)
368
  5.286398 seconds (1.35 M allocations: 945.472 MiB)
625
  6.612265 seconds (1.89 M allocations: 1.238 GiB)
233
  4.952723 seconds (1.45 M allocations: 964.862 MiB)
182
  9.227520 seconds (2.69 M allocations: 1.749 GiB)
865
 15.793537 seconds (3.66 M allocations: 2.261 GiB, 31.55% gc time)
746
  5.183594 seconds (1.74 M allocations: 1.079 GiB)
799
 10.289222 seconds (3.06 M allocations: 1.977 GiB)
434
  5.394220 seconds (1.86 M allocations: 1.143 GiB)
559
 24.860788 seconds (6.74 M allocations: 4.159 GiB, 20.04% gc time)
491
 21.308635 seconds (5.19 M allocations: 3.271 GiB, 23.38% gc time)
58
 11.971269 seconds (4.02 M allocations: 2.490 GiB)
925
  4.790158 seconds (1.84 M allocations: 1.090 GiB)
626
  5.028209 seconds (1.59 M allocations: 1.006 GiB)
866
  5.548661 seconds (1.87 M allocations: 1.157 GiB)
183
  5.448645 seconds (1.77 M allocations: 1.109 GiB)
747
  5.204397 seconds (1.56 M allocations: 1.005 GiB)
800
  5.187378 seconds (1.63 M allocations: 1.033 GiB)
435
  4.749552 seconds (1.60 M allocations: 1015.505 MiB)
560
 23.601815 seconds (6.48 M allocations: 3.964 GiB, 21.11% gc time)
985
 11.848668 seconds (3.91 M allocations: 2.436 GiB)
300
  5.751311 seconds (1.56 M allocations: 1.043 GiB)
627
 13.246127 seconds (4.46 M allocations: 2.759 GiB)
687
  5.729748 seconds (1.77 M allocations: 1.129 GiB)
867
  5.073245 seconds (1.39 M allocations: 948.530 MiB)
748
  5.174405 seconds (1.48 M allocations: 994.423 MiB)
801
  5.180182 seconds (1.46 M allocations: 983.115 MiB)
561
 25.015350 seconds (4.63 M allocations: 2.861 GiB, 45.22% gc time)
234
 26.118110 seconds (5.15 M allocations: 3.151 GiB, 43.31% gc time)
369
 16.732988 seconds (1.58 M allocations: 1.025 GiB, 67.60% gc time)
301
 20.737867 seconds (2.98 M allocations: 1.885 GiB, 54.54% gc time)
184
 16.065579 seconds (1.43 M allocations: 942.109 MiB, 70.40% gc time)
868
 16.417277 seconds (1.38 M allocations: 945.419 MiB, 68.90% gc time)
749
  4.768822 seconds (1.19 M allocations: 843.649 MiB)
562
  4.942539 seconds (1.32 M allocations: 909.552 MiB)
235
 19.829945 seconds (2.62 M allocations: 1.670 GiB, 57.04% gc time)
628
  6.574746 seconds (2.02 M allocations: 1.290 GiB)
802
  4.562654 seconds (1.41 M allocations: 917.362 MiB)
302
  4.726315 seconds (1.42 M allocations: 934.578 MiB)
185
 23.663183 seconds (3.82 M allocations: 2.434 GiB, 47.80% gc time)
986
 29.758215 seconds (5.67 M allocations: 3.618 GiB, 38.01% gc time)
926
 26.208991 seconds (4.49 M allocations: 2.887 GiB, 43.16% gc time)
 30.020350 seconds (5.75 M allocations: 3.672 GiB, 37.68% gc time)
436
59
  5.293689 seconds (1.74 M allocations: 1.087 GiB)
869
  4.887305 seconds (1.85 M allocations: 1.099 GiB)
750
 30.763703 seconds (6.34 M allocations: 3.965 GiB, 36.77% gc time)
492
  5.138390 seconds (2.06 M allocations: 1.206 GiB)
563
  4.783282 seconds (1.97 M allocations: 1.142 GiB)
629
  4.521537 seconds (1.81 M allocations: 1.058 GiB)
303
  4.517213 seconds (1.81 M allocations: 1.056 GiB)
186
 26.874390 seconds (5.22 M allocations: 3.231 GiB, 42.09% gc time)
688
  4.520480 seconds (1.60 M allocations: 993.562 MiB)
870
  4.526389 seconds (1.18 M allocations: 817.699 MiB)
564
  4.656089 seconds (1.15 M allocations: 813.615 MiB)
  9.983679 seconds (3.44 M allocations: 2.109 GiB)
236
  6.692806 seconds (1.87 M allocations: 1.235 GiB)
751
  7.718657 seconds (2.22 M allocations: 1.449 GiB)
437
  8.088110 seconds (2.45 M allocations: 1.570 GiB)
927
  8.991407 seconds (3.11 M allocations: 1.904 GiB)
987
 17.381442 seconds (5.68 M allocations: 3.546 GiB)
370
  5.023151 seconds (1.46 M allocations: 971.445 MiB)
871
  4.738183 seconds (1.43 M allocations: 938.845 MiB)
565
  7.396633 seconds (1.40 M allocations: 913.173 MiB, 38.71% gc time)
237
 12.284455 seconds (2.58 M allocations: 1.714 GiB, 23.31% gc time)
 16.581037 seconds (4.63 M allocations: 2.858 GiB, 17.27% gc time)
304
803
 14.207394 seconds (3.09 M allocations: 2.062 GiB, 20.15% gc time)
493
  8.462025 seconds (1.92 M allocations: 1.176 GiB, 33.84% gc time)
752
 16.628457 seconds (4.31 M allocations: 2.727 GiB, 17.22% gc time)
60
  7.860135 seconds (1.45 M allocations: 968.252 MiB, 36.43% gc time)
872
  4.879084 seconds (1.44 M allocations: 957.770 MiB)
566
 11.227182 seconds (2.34 M allocations: 1.543 GiB, 25.50% gc time)
988
 15.751230 seconds (3.83 M allocations: 2.472 GiB, 18.18% gc time)
689
 17.271599 seconds (4.26 M allocations: 2.756 GiB, 16.58% gc time)
187
  4.987488 seconds (1.40 M allocations: 948.256 MiB)
305
  4.978793 seconds (1.41 M allocations: 954.059 MiB)
238
  5.101660 seconds (1.57 M allocations: 1.005 GiB)
804
 13.911305 seconds (3.49 M allocations: 2.207 GiB, 20.58% gc time)
  5.044087 seconds (1.60 M allocations: 1.012 GiB)
61
928
 13.776993 seconds (3.54 M allocations: 2.220 GiB, 20.78% gc time)
371
  6.219790 seconds (1.85 M allocations: 1.197 GiB)
567
 16.568244 seconds (4.36 M allocations: 2.748 GiB, 17.28% gc time)
  8.376450 seconds (2.59 M allocations: 1.652 GiB)
  6.896856 seconds (2.17 M allocations: 1.375 GiB)
438
873
753
  4.634295 seconds (1.41 M allocations: 926.147 MiB)
306
  5.043168 seconds (1.62 M allocations: 1.016 GiB)
805
  5.311635 seconds (1.70 M allocations: 1.071 GiB)
188
  6.629706 seconds (2.03 M allocations: 1.297 GiB)
239
  4.757005 seconds (1.39 M allocations: 928.717 MiB)
  4.689848 seconds (992.68 k allocations: 758.423 MiB)
  9.784879 seconds (3.02 M allocations: 1.932 GiB)
690
 10.205371 seconds (3.32 M allocations: 2.084 GiB)
989
  5.170554 seconds (1.26 M allocations: 906.385 MiB)
307
  7.914198 seconds (2.41 M allocations: 1.549 GiB)
62
  4.612825 seconds (1.19 M allocations: 837.826 MiB)
806
  4.793399 seconds (1.31 M allocations: 901.186 MiB)
189
 16.331429 seconds (5.19 M allocations: 3.285 GiB)
494
 10.004340 seconds (2.91 M allocations: 1.899 GiB)
  4.635935 seconds (1.16 M allocations: 827.950 MiB)
  7.913631 seconds (2.15 M allocations: 1.437 GiB)
929
240
874
 10.752455 seconds (3.51 M allocations: 2.185 GiB)
372
  4.533545 seconds (1.79 M allocations: 1.038 GiB)
691
  4.684616 seconds (1.63 M allocations: 1007.723 MiB)
308
  8.309222 seconds (1.99 M allocations: 1.167 GiB, 37.32% gc time)
990
 14.930805 seconds (3.49 M allocations: 2.249 GiB, 20.77% gc time)
439
  9.707339 seconds (2.00 M allocations: 1.264 GiB, 31.94% gc time)
807
  7.787613 seconds (1.30 M allocations: 881.685 MiB, 39.82% gc time)
241
  8.120486 seconds (1.63 M allocations: 1.021 GiB, 38.18% gc time)
930
  8.758055 seconds (1.66 M allocations: 1.074 GiB, 35.40% gc time)
875
  7.923321 seconds (1.43 M allocations: 947.296 MiB, 39.13% gc time)
  4.733150 seconds (1.16 M allocations: 826.615 MiB)
991
  5.239986 seconds (1.48 M allocations: 998.087 MiB)
309
 10.553313 seconds (2.44 M allocations: 1.522 GiB, 29.38% gc time)
 14.763232 seconds (3.46 M allocations: 2.220 GiB, 21.00% gc time)
63
 11.163324 seconds (2.17 M allocations: 1.454 GiB, 27.78% gc time)
373
 13.147413 seconds (2.82 M allocations: 1.858 GiB, 23.58% gc time)
495
  4.888773 seconds (1.19 M allocations: 852.246 MiB)
931
  5.604307 seconds (1.72 M allocations: 1.101 GiB)
808
  5.842814 seconds (1.81 M allocations: 1.154 GiB)
242
  6.977815 seconds (2.33 M allocations: 1.450 GiB)
440
  5.735087 seconds (1.80 M allocations: 1.142 GiB)
876
  4.923259 seconds (1.59 M allocations: 1.000 GiB)
992
  4.702635 seconds (1.70 M allocations: 1.028 GiB)
310
  4.518704 seconds (1.62 M allocations: 1006.640 MiB)
  4.548334 seconds (1.31 M allocations: 865.898 MiB)
932
  4.532103 seconds (1.24 M allocations: 835.660 MiB)
809
  4.521251 seconds (1.25 M allocations: 835.440 MiB)
243
  7.418178 seconds (2.22 M allocations: 1.418 GiB)
374
  4.519501 seconds (983.87 k allocations: 723.960 MiB)
311
  6.773050 seconds (2.06 M allocations: 1.306 GiB)
496
  5.587800 seconds (1.56 M allocations: 1.017 GiB)
993
  5.833653 seconds (1.66 M allocations: 1.078 GiB)
877
  7.453122 seconds (2.23 M allocations: 1.425 GiB)
441
  4.565310 seconds (1.52 M allocations: 966.657 MiB)
933
  4.521656 seconds (1.41 M allocations: 921.274 MiB)
244
  5.358576 seconds (1.76 M allocations: 1.101 GiB)
810
  4.501684 seconds (1.54 M allocations: 975.896 MiB)
375
  4.706147 seconds (1.56 M allocations: 997.413 MiB)
312
  7.357203 seconds (1.55 M allocations: 983.280 MiB, 36.95% gc time)
497
  7.993444 seconds (1.60 M allocations: 1.018 GiB, 34.01% gc time)
994
  7.722658 seconds (1.57 M allocations: 1009.717 MiB, 35.20% gc time)
  7.498083 seconds (1.25 M allocations: 836.115 MiB, 36.26% gc time)
934
  7.200300 seconds (1.07 M allocations: 727.895 MiB, 37.76% gc time)
811
  9.288666 seconds (1.82 M allocations: 1.162 GiB, 29.27% gc time)
  4.458359 seconds (922.65 k allocations: 655.687 MiB)
313
  8.985913 seconds (1.64 M allocations: 1.058 GiB, 30.25% gc time)
245
  4.455643 seconds (919.99 k allocations: 652.849 MiB)
995
  9.135963 seconds (1.64 M allocations: 1.054 GiB, 29.76% gc time)
376
  5.983033 seconds (1.46 M allocations: 976.113 MiB)
498
  4.523355 seconds (1.21 M allocations: 786.728 MiB)
935
  4.528974 seconds (1.21 M allocations: 793.813 MiB)
812
  4.519714 seconds (1.21 M allocations: 794.103 MiB)
314
  4.519794 seconds (1.21 M allocations: 794.196 MiB)
246
  4.523467 seconds (1.21 M allocations: 794.891 MiB)
996
  4.337471 seconds (1.20 M allocations: 776.231 MiB)
377
  4.322120 seconds (1.20 M allocations: 776.655 MiB)
499
  4.531267 seconds (1.22 M allocations: 795.891 MiB)
936
  4.499945 seconds (1.09 M allocations: 734.593 MiB)
813
  4.493799 seconds (1.20 M allocations: 784.467 MiB)
315
  4.496289 seconds (1.21 M allocations: 784.805 MiB)
247
  4.323757 seconds (1.05 M allocations: 709.701 MiB)
378
  4.502716 seconds (1.23 M allocations: 797.232 MiB)
997
  4.327704 seconds (1.19 M allocations: 767.901 MiB)
500
  6.501508 seconds (1.10 M allocations: 748.033 MiB, 30.42% gc time)
937
  6.488749 seconds (1.09 M allocations: 741.681 MiB, 30.48% gc time)
814
  6.483279 seconds (1.21 M allocations: 794.417 MiB, 30.51% gc time)
  6.474942 seconds (1.08 M allocations: 734.158 MiB, 30.55% gc time)
248
  6.298720 seconds (952.27 k allocations: 664.835 MiB, 31.40% gc time)
  6.447851 seconds (927.83 k allocations: 661.461 MiB, 30.67% gc time)
998
  6.277896 seconds (906.81 k allocations: 638.171 MiB, 31.51% gc time)
501
  4.405966 seconds (745.49 k allocations: 545.212 MiB)
938
  4.408158 seconds (746.57 k allocations: 546.319 MiB)
815
  4.377413 seconds (839.22 k allocations: 562.833 MiB)
249
  4.183383 seconds (680.87 k allocations: 479.546 MiB)
502
  4.365760 seconds (859.82 k allocations: 564.683 MiB)
999
  4.376025 seconds (699.97 k allocations: 494.106 MiB)
939
  4.369426 seconds (690.66 k allocations: 490.506 MiB)
  4.395595 seconds (675.00 k allocations: 472.951 MiB)
250
  4.237182 seconds (559.10 k allocations: 411.358 MiB)
503
  4.394840 seconds (664.68 k allocations: 461.332 MiB)
1000
  5.547194 seconds (637.23 k allocations: 430.942 MiB, 21.50% gc time)
  5.500225 seconds (483.37 k allocations: 352.523 MiB, 21.69% gc time)
251
  5.272914 seconds (465.43 k allocations: 332.421 MiB, 22.62% gc time)
504
  5.552555 seconds (473.71 k allocations: 341.645 MiB, 21.48% gc time)
1001
  4.273482 seconds (441.37 k allocations: 305.684 MiB)
252
  4.250468 seconds (439.78 k allocations: 303.917 MiB)
  4.349788 seconds (302.10 k allocations: 243.527 MiB)
  4.086169 seconds (76.70 k allocations: 85.305 MiB)
