Graph 1 is connected.
Graph 2 is connected.
Graph 3 is connected.
Graph 4 is connected.
Graph 5 is connected.
Graph 6 is connected.
Graph 7 is connected.
Graph 8 is connected.
Graph 9 is connected.
Graph 10 is connected.
Graph 11 is connected.
Matrix 1 normalized.
Matrix 2 normalized.
Matrix 3 normalized.
Matrix 4 normalized.
Matrix 5 normalized.
Matrix 6 normalized.
Matrix 7 normalized.
Matrix 8 normalized.
Matrix 9 normalized.
Matrix 10 normalized.
Matrix 11 normalized.
Number of threads: 20
702
452
552
102
902
602
52
852
502
402
652
152
1
752
252
952
302
352
202
802
  9.512581 seconds (996.22 k allocations: 1.075 GiB, 31.25% gc time)
303
  9.770550 seconds (1.16 M allocations: 1.165 GiB, 30.42% gc time, 1.31% compilation time)
153
  9.976600 seconds (1.50 M allocations: 1.322 GiB, 29.79% gc time, 1.29% compilation time)
553
 13.730487 seconds (1.80 M allocations: 1.474 GiB, 46.93% gc time, 0.94% compilation time)
653
 13.789829 seconds (1.81 M allocations: 1.487 GiB, 46.73% gc time, 0.93% compilation time)
453
 13.781143 seconds (1.68 M allocations: 1.436 GiB, 46.76% gc time, 0.93% compilation time)
703
 13.818744 seconds (1.74 M allocations: 1.463 GiB, 46.63% gc time, 0.93% compilation time)
53
 14.036019 seconds (2.17 M allocations: 1.661 GiB, 45.91% gc time, 0.92% compilation time)
253
 14.057254 seconds (2.15 M allocations: 1.655 GiB, 45.84% gc time, 0.91% compilation time)
 14.139108 seconds (2.41 M allocations: 1.769 GiB, 45.57% gc time, 0.91% compilation time)
203
2
 14.107533 seconds (2.23 M allocations: 1.694 GiB, 45.68% gc time, 0.91% compilation time)
353
 14.277065 seconds (2.78 M allocations: 1.933 GiB, 45.13% gc time, 0.90% compilation time)
103
 14.294277 seconds (2.53 M allocations: 1.836 GiB, 45.08% gc time, 0.90% compilation time)
603
 14.318759 seconds (2.58 M allocations: 1.859 GiB, 45.00% gc time, 0.90% compilation time)
503
 14.388432 seconds (2.73 M allocations: 1.927 GiB, 44.78% gc time, 0.89% compilation time)
403
 15.759494 seconds (3.11 M allocations: 2.096 GiB, 48.46% gc time, 0.82% compilation time)
753
 15.857173 seconds (3.37 M allocations: 2.215 GiB, 48.16% gc time, 0.81% compilation time)
803
 15.869396 seconds (3.31 M allocations: 2.192 GiB, 48.12% gc time, 0.81% compilation time)
 15.878992 seconds (3.32 M allocations: 2.198 GiB, 48.09% gc time, 0.81% compilation time)
903
853
 16.256616 seconds (3.81 M allocations: 2.439 GiB, 46.98% gc time, 0.79% compilation time)
953
  7.265793 seconds (2.67 M allocations: 1.716 GiB, 16.42% gc time)
704
  6.011829 seconds (2.18 M allocations: 1.513 GiB)
204
  8.584040 seconds (3.70 M allocations: 2.275 GiB, 13.90% gc time)
154
  8.441209 seconds (3.23 M allocations: 2.065 GiB, 14.13% gc time)
454
  8.588051 seconds (3.23 M allocations: 2.079 GiB, 13.89% gc time)
54
  9.100071 seconds (3.71 M allocations: 2.330 GiB, 13.11% gc time)
654
  7.362353 seconds (2.75 M allocations: 1.881 GiB)
3
  7.547136 seconds (2.79 M allocations: 1.919 GiB)
354
  9.691219 seconds (4.47 M allocations: 2.700 GiB, 12.31% gc time)
554
  9.940753 seconds (4.72 M allocations: 2.831 GiB, 12.00% gc time)
304
  7.587417 seconds (2.71 M allocations: 1.887 GiB)
404
  7.917091 seconds (3.19 M allocations: 2.121 GiB)
504
  7.859695 seconds (3.13 M allocations: 2.086 GiB)
604
  8.122832 seconds (3.57 M allocations: 2.296 GiB)
104
  7.860954 seconds (3.18 M allocations: 2.109 GiB)
754
  7.994564 seconds (3.36 M allocations: 2.191 GiB)
904
 10.260174 seconds (4.72 M allocations: 2.858 GiB, 11.63% gc time)
254
  8.293509 seconds (3.53 M allocations: 2.295 GiB)
854
  9.192378 seconds (3.80 M allocations: 2.495 GiB)
954
  9.914067 seconds (4.24 M allocations: 2.752 GiB)
804
  6.358174 seconds (3.50 M allocations: 2.086 GiB)
705
  6.454516 seconds (3.52 M allocations: 2.100 GiB)
205
  6.714488 seconds (3.42 M allocations: 2.086 GiB)
455
  7.047551 seconds (3.59 M allocations: 2.191 GiB)
155
  6.740141 seconds (3.32 M allocations: 2.050 GiB)
655
  6.651102 seconds (3.03 M allocations: 1.922 GiB)
  7.089288 seconds (3.48 M allocations: 2.150 GiB)
  7.313036 seconds (3.76 M allocations: 2.289 GiB)
4
355
55
  6.939461 seconds (2.92 M allocations: 1.905 GiB)
  7.349693 seconds (3.49 M allocations: 2.180 GiB)
505
555
  7.302764 seconds (3.33 M allocations: 2.112 GiB)
305
  7.303541 seconds (3.28 M allocations: 2.091 GiB)
405
  7.196713 seconds (3.30 M allocations: 2.090 GiB)
755
  7.464336 seconds (3.49 M allocations: 2.194 GiB)
105
  7.329583 seconds (3.41 M allocations: 2.149 GiB)
905
  7.746860 seconds (3.75 M allocations: 2.329 GiB)
605
  7.554803 seconds (3.61 M allocations: 2.254 GiB)
255
  7.541116 seconds (3.56 M allocations: 2.230 GiB)
855
  7.582247 seconds (3.69 M allocations: 2.288 GiB)
955
  8.405224 seconds (3.82 M allocations: 2.425 GiB)
805
  7.855415 seconds (3.73 M allocations: 2.337 GiB)
706
  7.738186 seconds (3.72 M allocations: 2.318 GiB)
206
  7.803631 seconds (3.71 M allocations: 2.321 GiB)
456
  6.895822 seconds (3.00 M allocations: 1.935 GiB)
356
  7.889969 seconds (3.81 M allocations: 2.370 GiB)
156
  7.961864 seconds (3.81 M allocations: 2.376 GiB)
656
  7.021595 seconds (2.94 M allocations: 1.922 GiB)
556
  6.848845 seconds (2.74 M allocations: 1.821 GiB)
756
  8.334011 seconds (3.94 M allocations: 2.464 GiB)
5
  8.359104 seconds (3.96 M allocations: 2.474 GiB)
  7.614410 seconds (3.35 M allocations: 2.151 GiB)
506
56
  7.660841 seconds (3.44 M allocations: 2.192 GiB)
306
  7.784639 seconds (3.59 M allocations: 2.263 GiB)
406
  6.735630 seconds (2.91 M allocations: 1.874 GiB)
856
  7.478918 seconds (3.38 M allocations: 2.144 GiB)
906
  7.624546 seconds (3.58 M allocations: 2.241 GiB)
606
  8.194163 seconds (4.03 M allocations: 2.479 GiB)
106
  7.903569 seconds (3.74 M allocations: 2.332 GiB)
256
  7.083644 seconds (3.60 M allocations: 2.186 GiB)
956
  6.758834 seconds (3.54 M allocations: 2.130 GiB)
806
  6.634933 seconds (3.39 M allocations: 2.054 GiB)
207
 18.053222 seconds (3.76 M allocations: 2.271 GiB, 59.29% gc time)
707
 18.203400 seconds (3.22 M allocations: 2.076 GiB, 58.80% gc time)
657
 19.012035 seconds (3.72 M allocations: 2.358 GiB, 56.30% gc time)
457
 17.343130 seconds (2.43 M allocations: 1.669 GiB, 61.71% gc time)
57
 19.095788 seconds (4.00 M allocations: 2.482 GiB, 56.05% gc time)
357
 18.341699 seconds (3.48 M allocations: 2.195 GiB, 58.35% gc time)
757
 18.012031 seconds (3.07 M allocations: 1.996 GiB, 59.42% gc time)
6
 19.379259 seconds (4.26 M allocations: 2.622 GiB, 55.23% gc time)
157
 17.778928 seconds (2.81 M allocations: 1.874 GiB, 60.20% gc time)
 17.833053 seconds (2.89 M allocations: 1.909 GiB, 60.02% gc time)
907
857
 17.420293 seconds (2.75 M allocations: 1.815 GiB, 61.44% gc time)
257
 19.671671 seconds (4.53 M allocations: 2.765 GiB, 54.41% gc time)
557
 19.002759 seconds (3.76 M allocations: 2.386 GiB, 56.32% gc time)
 18.987829 seconds (3.82 M allocations: 2.407 GiB, 56.37% gc time)
307
507
 17.291734 seconds (2.79 M allocations: 1.820 GiB, 61.90% gc time)
957
 18.731730 seconds (3.76 M allocations: 2.363 GiB, 57.14% gc time)
107
 19.541467 seconds (4.25 M allocations: 2.646 GiB, 54.77% gc time)
407
 17.297201 seconds (3.41 M allocations: 2.075 GiB, 61.88% gc time)
807
 20.062407 seconds (4.50 M allocations: 2.803 GiB, 53.35% gc time)
607
  7.166961 seconds (3.64 M allocations: 2.238 GiB)
208
  7.337906 seconds (3.67 M allocations: 2.269 GiB)
708
  6.470423 seconds (3.28 M allocations: 2.016 GiB)
58
  6.090131 seconds (2.92 M allocations: 1.829 GiB)
7
  7.261457 seconds (3.81 M allocations: 2.317 GiB)
658
  6.619404 seconds (2.99 M allocations: 1.914 GiB)
158
  6.034711 seconds (2.34 M allocations: 1.586 GiB)
958
  6.417779 seconds (2.46 M allocations: 1.675 GiB)
308
  6.044267 seconds (2.25 M allocations: 1.548 GiB)
108
  8.662264 seconds (4.52 M allocations: 2.756 GiB)
458
  6.056177 seconds (2.34 M allocations: 1.586 GiB)
808
  8.724874 seconds (4.59 M allocations: 2.788 GiB)
358
  9.151101 seconds (4.62 M allocations: 2.848 GiB)
758
  9.123356 seconds (4.36 M allocations: 2.736 GiB)
908
  9.118914 seconds (4.36 M allocations: 2.738 GiB)
858
  9.102334 seconds (4.48 M allocations: 2.786 GiB)
258
  6.044805 seconds (2.82 M allocations: 1.786 GiB)
209
  9.049286 seconds (4.21 M allocations: 2.670 GiB)
558
  9.055320 seconds (4.21 M allocations: 2.670 GiB)
508
  9.069445 seconds (4.21 M allocations: 2.672 GiB)
408
  9.086765 seconds (4.08 M allocations: 2.618 GiB)
608
  6.058609 seconds (3.28 M allocations: 1.978 GiB)
59
  6.053286 seconds (3.35 M allocations: 2.006 GiB)
8
  6.052451 seconds (3.21 M allocations: 1.949 GiB)
159
  6.064925 seconds (3.21 M allocations: 1.953 GiB)
959
  9.116324 seconds (4.42 M allocations: 2.763 GiB)
709
  6.294657 seconds (3.30 M allocations: 2.011 GiB)
309
  6.328326 seconds (3.29 M allocations: 2.009 GiB)
109
  6.534293 seconds (3.28 M allocations: 2.027 GiB)
809
  9.081745 seconds (4.61 M allocations: 2.836 GiB)
659
  7.791342 seconds (3.77 M allocations: 2.354 GiB)
459
  7.647720 seconds (3.72 M allocations: 2.320 GiB)
359
  7.323756 seconds (3.41 M allocations: 2.159 GiB)
909
  7.318531 seconds (3.41 M allocations: 2.158 GiB)
859
  7.008841 seconds (3.10 M allocations: 1.996 GiB)
559
  7.523646 seconds (3.58 M allocations: 2.249 GiB)
210
  6.069582 seconds (2.80 M allocations: 1.778 GiB)
60
 17.326570 seconds (4.58 M allocations: 2.829 GiB, 47.09% gc time)
759
 14.282680 seconds (2.84 M allocations: 1.798 GiB, 57.12% gc time)
9
 17.309165 seconds (4.32 M allocations: 2.718 GiB, 47.14% gc time)
259
 17.256135 seconds (4.17 M allocations: 2.651 GiB, 47.28% gc time)
509
 17.227415 seconds (4.20 M allocations: 2.659 GiB, 47.36% gc time)
409
 14.890220 seconds (3.20 M allocations: 2.005 GiB, 54.79% gc time)
960
 15.887810 seconds (3.72 M allocations: 2.323 GiB, 51.35% gc time)
160
 17.293574 seconds (4.37 M allocations: 2.736 GiB, 47.18% gc time)
609
 15.536451 seconds (3.45 M allocations: 2.176 GiB, 52.51% gc time)
310
 15.490568 seconds (3.43 M allocations: 2.165 GiB, 52.67% gc time)
110
 15.018970 seconds (3.31 M allocations: 2.066 GiB, 54.32% gc time)
660
  5.996776 seconds (1.71 M allocations: 1.319 GiB)  5.874629 seconds (1.97 M allocations: 1.416 GiB)

 15.764096 seconds (3.31 M allocations: 2.143 GiB, 51.76% gc time) 14.184574 seconds (2.66 M allocations: 1.715 GiB, 57.52% gc time) 16.070836 seconds (3.22 M allocations: 2.139 GiB, 50.77% gc time)
  5.707524 seconds (1.98 M allocations: 1.404 GiB)


 15.164526 seconds (2.67 M allocations: 1.818 GiB, 53.80% gc time)
  4.859941 seconds (1.14 M allocations: 990.447 MiB)
  6.765547 seconds (2.32 M allocations: 1.651 GiB)
  5.958841 seconds (1.83 M allocations: 1.365 GiB)
  4.078556 seconds (606.81 k allocations: 675.527 MiB)
 14.497262 seconds (2.44 M allocations: 1.654 GiB, 56.28% gc time)
 16.956855 seconds (3.76 M allocations: 2.451 GiB, 48.12% gc time)
 15.902999 seconds (2.94 M allocations: 2.005 GiB, 51.30% gc time)
 17.256577 seconds (4.20 M allocations: 2.664 GiB, 47.28% gc time)
460
560860510

161
360
910
211111

10
810
710
760
61

260
  5.732996 seconds (1.87 M allocations: 1.354 GiB)
410
  5.770311 seconds (3.14 M allocations: 1.877 GiB)
961
  5.162930 seconds (3.45 M allocations: 1.935 GiB)
610
  4.935409 seconds (3.30 M allocations: 1.850 GiB)
311
  6.044256 seconds (2.07 M allocations: 1.468 GiB)
561
  6.062645 seconds (1.39 M allocations: 1.194 GiB)
162
  6.070044 seconds (1.38 M allocations: 1.192 GiB)
11
  6.113624 seconds (1.48 M allocations: 1.235 GiB)
361
  6.054792 seconds (1.46 M allocations: 1.225 GiB)
962
  6.250085 seconds (1.95 M allocations: 1.442 GiB)
461
  6.236568 seconds (1.81 M allocations: 1.387 GiB)
811
  6.040706 seconds (1.97 M allocations: 1.429 GiB)
611
  8.380034 seconds (2.81 M allocations: 2.014 GiB)
  8.382658 seconds (2.78 M allocations: 2.002 GiB)
  8.399198 seconds (2.84 M allocations: 2.030 GiB)
  8.374661 seconds (2.73 M allocations: 1.986 GiB)
911
212
411
711
  8.827933 seconds (3.43 M allocations: 2.316 GiB)
261
  9.099181 seconds (4.38 M allocations: 2.734 GiB)
661
  9.086818 seconds (3.93 M allocations: 2.550 GiB)
511
  9.094644 seconds (3.69 M allocations: 2.454 GiB)
  9.083240 seconds (3.62 M allocations: 2.423 GiB)
  9.093421 seconds (3.65 M allocations: 2.438 GiB)
112
761
861
  9.110899 seconds (3.68 M allocations: 2.453 GiB)
62
  9.107009 seconds (3.94 M allocations: 2.557 GiB)
312
  6.220956 seconds (3.41 M allocations: 2.045 GiB)
562
  6.041988 seconds (2.76 M allocations: 1.757 GiB)
462
  6.047970 seconds (2.78 M allocations: 1.766 GiB)
812
  6.249912 seconds (2.96 M allocations: 1.862 GiB)
612
  6.682588 seconds (3.36 M allocations: 2.070 GiB)
362
  6.826692 seconds (3.60 M allocations: 2.183 GiB)
12
  7.654437 seconds (4.06 M allocations: 2.456 GiB)
163
  7.890843 seconds (3.94 M allocations: 2.431 GiB)
963
  6.326526 seconds (3.12 M allocations: 1.934 GiB)
912
  6.579410 seconds (3.33 M allocations: 2.044 GiB)
213
  7.702740 seconds (3.59 M allocations: 2.269 GiB)
712
  7.626606 seconds (3.03 M allocations: 2.031 GiB)
662
  7.508144 seconds (2.78 M allocations: 1.918 GiB)
862
  8.649953 seconds (4.14 M allocations: 2.596 GiB)
412
  8.100954 seconds (3.18 M allocations: 2.145 GiB)
762
  7.641414 seconds (3.09 M allocations: 2.060 GiB)
313
  8.649610 seconds (3.99 M allocations: 2.534 GiB)
262
  8.692486 seconds (3.76 M allocations: 2.445 GiB)
512
  8.654080 seconds (3.67 M allocations: 2.403 GiB)
63
  9.362257 seconds (4.15 M allocations: 2.673 GiB)
113
  6.932048 seconds (3.34 M allocations: 2.090 GiB)
813
  7.043936 seconds (3.42 M allocations: 2.136 GiB)
  7.179750 seconds (3.58 M allocations: 2.214 GiB)
463
563
  7.026369 seconds (3.40 M allocations: 2.121 GiB)
363
  7.635143 seconds (3.58 M allocations: 2.258 GiB)
13
  6.911025 seconds (3.37 M allocations: 2.100 GiB)
164
  8.244439 seconds (4.06 M allocations: 2.517 GiB)
613
  8.484368 seconds (3.84 M allocations: 2.453 GiB)
964
  7.807623 seconds (3.59 M allocations: 2.279 GiB)
214
  8.181616 seconds (3.89 M allocations: 2.441 GiB)
913
  7.430884 seconds (3.41 M allocations: 2.161 GiB)
863
  6.618629 seconds (2.61 M allocations: 1.750 GiB)
64
  8.404418 seconds (4.01 M allocations: 2.510 GiB)
  8.071824 seconds (3.74 M allocations: 2.366 GiB)
713
663
  7.611642 seconds (3.37 M allocations: 2.161 GiB)
263
  6.960352 seconds (2.96 M allocations: 1.927 GiB)
114
  8.169533 seconds (3.84 M allocations: 2.412 GiB)
  7.703028 seconds (3.35 M allocations: 2.162 GiB)
513
413
  8.243399 seconds (3.94 M allocations: 2.461 GiB)
314
  8.862819 seconds (4.51 M allocations: 2.756 GiB)
763
  6.823648 seconds (3.25 M allocations: 2.032 GiB)
564
  7.223840 seconds (3.50 M allocations: 2.175 GiB)
  7.287590 seconds (3.56 M allocations: 2.205 GiB)
814
464
  6.280759 seconds (3.30 M allocations: 1.996 GiB)
14
  6.980920 seconds (3.61 M allocations: 2.195 GiB)
364
 20.533802 seconds (3.48 M allocations: 2.109 GiB, 67.19% gc time)
165
 22.289328 seconds (3.82 M allocations: 2.431 GiB, 61.89% gc time)
614
 20.817298 seconds (3.45 M allocations: 2.126 GiB, 66.27% gc time)
215
 21.528860 seconds (3.83 M allocations: 2.356 GiB, 64.08% gc time)
965
 21.988958 seconds (3.78 M allocations: 2.382 GiB, 62.74% gc time)
914
 21.330176 seconds (3.68 M allocations: 2.275 GiB, 64.68% gc time)
864
 21.090941 seconds (3.45 M allocations: 2.160 GiB, 65.41% gc time)
65
 20.318496 seconds (2.91 M allocations: 1.861 GiB, 67.90% gc time)
 21.163049 seconds (3.52 M allocations: 2.197 GiB, 65.19% gc time)
514
664
 20.283074 seconds (2.90 M allocations: 1.853 GiB, 68.02% gc time)
414
 19.955527 seconds (2.73 M allocations: 1.750 GiB, 69.13% gc time)
565
 20.139902 seconds (2.73 M allocations: 1.770 GiB, 68.50% gc time)
465
 22.428289 seconds (4.36 M allocations: 2.671 GiB, 61.51% gc time)
714
 21.394125 seconds (3.69 M allocations: 2.288 GiB, 64.48% gc time)
315
 22.002583 seconds (4.21 M allocations: 2.566 GiB, 62.70% gc time)
264
  6.037684 seconds (2.71 M allocations: 1.737 GiB)
166
 22.244844 seconds (4.45 M allocations: 2.691 GiB, 62.02% gc time)
115
 22.521970 seconds (4.22 M allocations: 2.623 GiB, 61.25% gc time)
764
  6.043787 seconds (2.93 M allocations: 1.828 GiB)
216
 22.966289 seconds (4.13 M allocations: 2.637 GiB, 60.07% gc time)
815
  8.963389 seconds (3.99 M allocations: 2.565 GiB)
365
  9.080648 seconds (4.11 M allocations: 2.628 GiB)
15
  6.041073 seconds (2.61 M allocations: 1.697 GiB)
515
  6.752104 seconds (3.18 M allocations: 2.001 GiB)
66
  9.089832 seconds (4.21 M allocations: 2.670 GiB)
615
  6.900671 seconds (3.11 M allocations: 1.990 GiB)
665
  6.079594 seconds (2.71 M allocations: 1.742 GiB)
466
  6.056474 seconds (2.72 M allocations: 1.744 GiB)
715
  7.654845 seconds (3.89 M allocations: 2.389 GiB)
865
  9.086088 seconds (4.53 M allocations: 2.800 GiB)
966
  6.072924 seconds (2.67 M allocations: 1.724 GiB)
116
  9.083306 seconds (4.87 M allocations: 2.940 GiB)
915
  7.018999 seconds (3.31 M allocations: 2.084 GiB)
316
  6.937582 seconds (3.21 M allocations: 2.036 GiB)
167
  8.768224 seconds (4.56 M allocations: 2.777 GiB)
415
  7.785201 seconds (3.78 M allocations: 2.358 GiB)
265
  9.083301 seconds (4.74 M allocations: 2.882 GiB)
566
  6.884903 seconds (3.22 M allocations: 2.030 GiB)
816
  7.879331 seconds (3.42 M allocations: 2.216 GiB)
366
  9.100190 seconds (4.12 M allocations: 2.632 GiB)
765
  6.039475 seconds (3.02 M allocations: 1.863 GiB)
516
  9.029767 seconds (4.28 M allocations: 2.689 GiB)
217
  6.032140 seconds (2.79 M allocations: 1.767 GiB)
467
  6.033835 seconds (2.70 M allocations: 1.729 GiB)
716
  9.110652 seconds (4.14 M allocations: 2.641 GiB)
16
  7.213514 seconds (3.78 M allocations: 2.298 GiB)
616
  6.039299 seconds (2.86 M allocations: 1.797 GiB)
117
  7.090138 seconds (3.83 M allocations: 2.304 GiB)
666
  6.039479 seconds (2.80 M allocations: 1.775 GiB)
168
  7.605878 seconds (3.77 M allocations: 2.336 GiB)
866
  9.050051 seconds (4.75 M allocations: 2.888 GiB)
67
  9.045588 seconds (4.20 M allocations: 2.661 GiB)
967
  8.248500 seconds (3.71 M allocations: 2.378 GiB)
317
  6.033064 seconds (2.92 M allocations: 1.826 GiB)
817
  9.042885 seconds (4.27 M allocations: 2.688 GiB)
916
  9.065790 seconds (4.07 M allocations: 2.612 GiB)
416
  6.039052 seconds (2.95 M allocations: 1.841 GiB)
517
  9.053225 seconds (4.20 M allocations: 2.666 GiB)
266
  9.062041 seconds (4.21 M allocations: 2.669 GiB)
567
  6.044142 seconds (2.95 M allocations: 1.839 GiB)
468
  6.042589 seconds (2.90 M allocations: 1.820 GiB)
717
  6.062140 seconds (2.87 M allocations: 1.808 GiB)
617
  6.045981 seconds (2.82 M allocations: 1.786 GiB)
118
  6.029449 seconds (2.89 M allocations: 1.811 GiB)
667
  6.031164 seconds (2.94 M allocations: 1.833 GiB)
169
  9.066875 seconds (4.70 M allocations: 2.875 GiB)
367
  9.071713 seconds (4.66 M allocations: 2.860 GiB)
766
  8.097542 seconds (4.20 M allocations: 2.565 GiB)
17
  9.043129 seconds (4.88 M allocations: 2.946 GiB)
218
  9.061152 seconds (3.94 M allocations: 2.559 GiB)
867
  6.030842 seconds (2.65 M allocations: 1.716 GiB)
518
  8.012805 seconds (3.51 M allocations: 2.276 GiB)
818
  9.111118 seconds (3.95 M allocations: 2.569 GiB)  7.511942 seconds (3.30 M allocations: 2.138 GiB)
  6.473593 seconds (2.12 M allocations: 1.540 GiB)
  5.838185 seconds (1.45 M allocations: 1.184 GiB)  8.616827 seconds (3.72 M allocations: 2.426 GiB)

  7.637252 seconds (3.19 M allocations: 2.103 GiB)

  7.515228 seconds (2.49 M allocations: 1.795 GiB)
  7.693541 seconds (2.93 M allocations: 2.001 GiB)  6.202500 seconds (1.98 M allocations: 1.456 GiB)

  5.409804 seconds (1.22 M allocations: 1.052 GiB)
  7.186615 seconds (2.71 M allocations: 1.862 GiB)
  5.532609 seconds (1.65 M allocations: 1.254 GiB)
  5.685920 seconds (1.39 M allocations: 1.152 GiB)
  5.775945 seconds (1.83 M allocations: 1.351 GiB)
  5.876090 seconds (2.30 M allocations: 1.559 GiB)
  9.322914 seconds (4.11 M allocations: 2.660 GiB)
417
668767

68
469
917
368
718
119
568
267
618
968
170
318
18
 20.193891 seconds (2.99 M allocations: 1.787 GiB, 65.32% gc time)
219
 19.218784 seconds (3.08 M allocations: 1.721 GiB, 68.63% gc time)
519
 19.487798 seconds (3.28 M allocations: 1.829 GiB, 67.68% gc time)
868
  6.023992 seconds (2.57 M allocations: 1.671 GiB)
819
  6.042422 seconds (2.19 M allocations: 1.519 GiB)
768
  6.034465 seconds (1.91 M allocations: 1.405 GiB)
470
  6.045543 seconds (1.72 M allocations: 1.329 GiB)
  6.035569 seconds (1.64 M allocations: 1.298 GiB)
120
669
  6.021219 seconds (1.59 M allocations: 1.275 GiB)
  6.041462 seconds (1.62 M allocations: 1.292 GiB)
369
171
  6.034938 seconds (1.91 M allocations: 1.408 GiB)
220
  8.058546 seconds (2.82 M allocations: 1.989 GiB)
  8.049371 seconds (2.75 M allocations: 1.961 GiB)
418
918
  9.051097 seconds (3.25 M allocations: 2.268 GiB)
  9.072972 seconds (3.35 M allocations: 2.309 GiB)
69
319
  9.080523 seconds (3.25 M allocations: 2.271 GiB)
  9.062651 seconds (3.16 M allocations: 2.233 GiB)
19
  9.071542 seconds (3.14 M allocations: 2.230 GiB)
  9.075428 seconds (3.15 M allocations: 2.234 GiB)
268
  9.068970 seconds (3.14 M allocations: 2.228 GiB)
  9.090150 seconds (3.19 M allocations: 2.253 GiB)
619
719
569
969
  9.066537 seconds (3.84 M allocations: 2.514 GiB)
520
  9.074075 seconds (3.84 M allocations: 2.515 GiB)
869
  6.053207 seconds (3.36 M allocations: 2.006 GiB)
820
  6.044561 seconds (3.12 M allocations: 1.905 GiB)
769
  6.035998 seconds (3.02 M allocations: 1.865 GiB)
471
  6.031922 seconds (2.94 M allocations: 1.831 GiB)
  6.047739 seconds (2.97 M allocations: 1.846 GiB)
370
172
  6.038680 seconds (3.04 M allocations: 1.875 GiB)
221
  6.032010 seconds (3.06 M allocations: 1.881 GiB)
  6.046330 seconds (3.08 M allocations: 1.887 GiB)
419
919
  8.023583 seconds (3.75 M allocations: 2.370 GiB)
  8.037086 seconds (3.76 M allocations: 2.376 GiB)
670
121
  7.704061 seconds (2.93 M allocations: 1.996 GiB)
70
  7.683031 seconds (2.81 M allocations: 1.948 GiB)
970
  6.048465 seconds (2.26 M allocations: 1.551 GiB)
821
  6.040179 seconds (2.15 M allocations: 1.507 GiB)
770
  9.092227 seconds (3.48 M allocations: 2.369 GiB)
320
  6.048590 seconds (2.16 M allocations: 1.512 GiB)
  9.077869 seconds (3.43 M allocations: 2.345 GiB)
472
  9.080644 seconds (3.43 M allocations: 2.348 GiB)
  9.105455 seconds (3.51 M allocations: 2.381 GiB)
20
  9.087195 seconds (3.49 M allocations: 2.374 GiB)
269
620
  9.090586 seconds (3.54 M allocations: 2.395 GiB)
720
570
  6.043502 seconds (2.65 M allocations: 1.712 GiB)
222
  9.109218 seconds (4.38 M allocations: 2.737 GiB)
521
  9.096841 seconds (4.36 M allocations: 2.728 GiB)
870
  6.055331 seconds (2.84 M allocations: 1.791 GiB)
  6.044173 seconds (2.81 M allocations: 1.778 GiB)
671
122
  9.083472 seconds (4.10 M allocations: 2.620 GiB)
  9.075297 seconds (4.08 M allocations: 2.612 GiB)
371
173
  6.066653 seconds (3.11 M allocations: 1.901 GiB)
71
  6.054128 seconds (3.10 M allocations: 1.897 GiB)
971
  9.080221 seconds (4.07 M allocations: 2.608 GiB)
  9.099225 seconds (4.07 M allocations: 2.614 GiB)
420
920
  6.064634 seconds (3.20 M allocations: 1.935 GiB)
822
  6.067348 seconds (2.97 M allocations: 1.845 GiB)
771
  7.011388 seconds (2.76 M allocations: 1.859 GiB)
721
  7.603028 seconds (3.35 M allocations: 2.158 GiB)
473
  7.714903 seconds (3.06 M allocations: 2.053 GiB)
223
  6.154289 seconds (2.42 M allocations: 1.630 GiB)
672
  6.284509 seconds (2.50 M allocations: 1.676 GiB)
123
  6.648254 seconds (2.87 M allocations: 1.869 GiB)
871
  8.528592 seconds (3.75 M allocations: 2.421 GiB)
321
  8.633593 seconds (3.80 M allocations: 2.452 GiB)
571
  8.893832 seconds (4.12 M allocations: 2.611 GiB)
21
  8.901499 seconds (4.11 M allocations: 2.606 GiB)
270
  9.045614 seconds (4.33 M allocations: 2.714 GiB)
621
  8.463716 seconds (4.14 M allocations: 2.574 GiB)
522
  6.056371 seconds (3.10 M allocations: 1.892 GiB)
72
  8.370800 seconds (3.82 M allocations: 2.430 GiB)
174
  7.113085 seconds (3.47 M allocations: 2.153 GiB)
972
  9.267461 seconds (4.22 M allocations: 2.686 GiB)
372
  7.035942 seconds (3.28 M allocations: 2.066 GiB)
823
  7.937897 seconds (3.66 M allocations: 2.317 GiB)
421
 21.035503 seconds (3.45 M allocations: 2.158 GiB, 65.40% gc time)
772
 20.104507 seconds (3.32 M allocations: 2.009 GiB, 68.43% gc time)
722
 22.508919 seconds (4.27 M allocations: 2.647 GiB, 61.12% gc time)
921
 20.241748 seconds (3.36 M allocations: 2.040 GiB, 67.96% gc time)
224
 20.866618 seconds (3.74 M allocations: 2.258 GiB, 65.93% gc time)
474
 21.113552 seconds (3.47 M allocations: 2.175 GiB, 65.16% gc time)
673
 21.058764 seconds (3.31 M allocations: 2.104 GiB, 65.33% gc time)
322
 21.080560 seconds (3.29 M allocations: 2.097 GiB, 65.26% gc time)
572
 21.028692 seconds (3.15 M allocations: 2.037 GiB, 65.42% gc time)
271
 21.552949 seconds (3.32 M allocations: 2.163 GiB, 63.83% gc time)
622
 22.339309 seconds (4.11 M allocations: 2.566 GiB, 61.58% gc time)
124
 20.724720 seconds (3.13 M allocations: 1.998 GiB, 66.38% gc time)
523
 22.331703 seconds (4.19 M allocations: 2.596 GiB, 61.60% gc time)
872
 22.480072 seconds (4.13 M allocations: 2.589 GiB, 61.20% gc time)
22
 20.399807 seconds (3.39 M allocations: 2.073 GiB, 67.44% gc time)
175
 22.240484 seconds (3.97 M allocations: 2.498 GiB, 61.86% gc time)
73
  7.051298 seconds (2.95 M allocations: 1.942 GiB)
 22.543396 seconds (3.88 M allocations: 2.497 GiB, 61.02% gc time)
723
973
  7.629843 seconds (3.48 M allocations: 2.217 GiB)
422
  6.044854 seconds (2.70 M allocations: 1.732 GiB)
475
  7.561022 seconds (3.51 M allocations: 2.223 GiB)
773
 22.508879 seconds (4.41 M allocations: 2.711 GiB, 61.12% gc time)
373
  7.096576 seconds (3.49 M allocations: 2.167 GiB)
225
  8.685167 seconds (4.32 M allocations: 2.673 GiB)
824
  6.042735 seconds (3.16 M allocations: 1.922 GiB)
323
  6.045558 seconds (3.12 M allocations: 1.905 GiB)
573
  8.706270 seconds (4.42 M allocations: 2.715 GiB)
922
  6.045337 seconds (2.95 M allocations: 1.837 GiB)
524
  6.541595 seconds (3.18 M allocations: 1.985 GiB)
623
  8.377779 seconds (3.96 M allocations: 2.496 GiB)
272
  8.781066 seconds (4.36 M allocations: 2.703 GiB)
674
  8.581494 seconds (3.81 M allocations: 2.456 GiB)
125
  6.365493 seconds (3.06 M allocations: 1.918 GiB)
74
  9.275758 seconds (4.10 M allocations: 2.647 GiB)
873
  9.151234 seconds (4.05 M allocations: 2.613 GiB)
23
  8.982151 seconds (4.06 M allocations: 2.602 GiB)
176
  6.846203 seconds (3.21 M allocations: 2.032 GiB)
  6.802418 seconds (3.11 M allocations: 1.987 GiB)
423
476
  6.886128 seconds (3.23 M allocations: 2.044 GiB)
774
  7.538542 seconds (3.94 M allocations: 2.405 GiB)
974
  7.593886 seconds (3.99 M allocations: 2.431 GiB)
724
  7.170895 seconds (3.65 M allocations: 2.246 GiB)
374
  7.246768 seconds (3.53 M allocations: 2.201 GiB)
226
  7.249386 seconds (3.50 M allocations: 2.190 GiB)
825
  7.366360 seconds (3.68 M allocations: 2.277 GiB)
324
  6.929661 seconds (3.47 M allocations: 2.147 GiB)
923
  8.189044 seconds (3.94 M allocations: 2.468 GiB)
574
  6.072411 seconds (3.08 M allocations: 1.893 GiB)
675
  8.244642 seconds (3.95 M allocations: 2.476 GiB)
525
  6.044742 seconds (3.17 M allocations: 1.930 GiB)
126
  8.538774 seconds (4.13 M allocations: 2.582 GiB)
624
  8.788289 seconds (4.09 M allocations: 2.593 GiB)
273
  6.366785 seconds (2.49 M allocations: 1.684 GiB)
975
  6.370633 seconds (2.48 M allocations: 1.680 GiB)
725
  9.069220 seconds (4.21 M allocations: 2.672 GiB)
75
  6.532424 seconds (2.66 M allocations: 1.774 GiB)
375
  8.183596 seconds (3.87 M allocations: 2.443 GiB)
24
  9.031261 seconds (4.45 M allocations: 2.764 GiB)
874
  7.996171 seconds (3.76 M allocations: 2.374 GiB)
424
  7.990863 seconds (3.74 M allocations: 2.368 GiB)
477
  7.830647 seconds (3.68 M allocations: 2.324 GiB)
775
  6.820664 seconds (3.16 M allocations: 2.005 GiB)
826
  6.870724 seconds (3.24 M allocations: 2.046 GiB)
227
  8.900726 seconds (4.98 M allocations: 2.970 GiB)
177
  7.085374 seconds (3.50 M allocations: 2.174 GiB)
924
  7.980192 seconds (3.90 M allocations: 2.431 GiB)
325
  7.038922 seconds (3.49 M allocations: 2.167 GiB)
676
  6.789063 seconds (3.45 M allocations: 2.124 GiB)
526
  7.263918 seconds (3.53 M allocations: 2.201 GiB)
127
  9.056150 seconds (4.34 M allocations: 2.723 GiB)
575
  7.781321 seconds (3.74 M allocations: 2.343 GiB)
625
  5.655868 seconds (2.80 M allocations: 1.739 GiB)
76
  7.509495 seconds (3.77 M allocations: 2.326 GiB)
274
  6.978559 seconds (3.22 M allocations: 2.045 GiB)
376
  6.477008 seconds (2.62 M allocations: 1.747 GiB)
  6.544152 seconds (2.71 M allocations: 1.792 GiB)
  6.534356 seconds (2.70 M allocations: 1.784 GiB)
478
425
875
  7.335151 seconds (3.53 M allocations: 2.212 GiB)
25
  6.423288 seconds (2.66 M allocations: 1.758 GiB)
228
  8.422431 seconds (4.67 M allocations: 2.789 GiB)
976
  8.590852 seconds (4.80 M allocations: 2.861 GiB)
726
  7.843514 seconds (3.48 M allocations: 2.242 GiB)
178
  8.528680 seconds (4.13 M allocations: 2.578 GiB)
776
  6.500319 seconds (3.01 M allocations: 1.909 GiB)
527
  9.562799 seconds (4.30 M allocations: 2.755 GiB)
827
  8.482631 seconds (3.84 M allocations: 2.455 GiB)
  8.083842 seconds (3.65 M allocations: 2.334 GiB)
326
677
  9.561502 seconds (4.41 M allocations: 2.798 GiB)
925
  7.913320 seconds (3.62 M allocations: 2.300 GiB)
576
  7.677995 seconds (3.52 M allocations: 2.236 GiB)
626
  6.945569 seconds (3.32 M allocations: 2.077 GiB)
275
  8.861470 seconds (4.18 M allocations: 2.631 GiB)
128
  5.674686 seconds (2.60 M allocations: 1.649 GiB)
876
  7.472979 seconds (3.77 M allocations: 2.315 GiB)
77
  6.083392 seconds (3.37 M allocations: 2.009 GiB)
377
 18.316284 seconds (3.52 M allocations: 2.206 GiB, 59.42% gc time)
 18.148848 seconds (3.24 M allocations: 2.075 GiB, 59.96% gc time)
479
26
 18.270042 seconds (3.39 M allocations: 2.150 GiB, 59.57% gc time)
229
 17.924851 seconds (3.34 M allocations: 2.094 GiB, 60.71% gc time)
727
 18.712530 seconds (3.73 M allocations: 2.333 GiB, 58.16% gc time)
977
 19.510884 seconds (4.09 M allocations: 2.564 GiB, 55.78% gc time)
426
 18.642281 seconds (3.59 M allocations: 2.269 GiB, 58.38% gc time)
777
 19.438208 seconds (3.93 M allocations: 2.493 GiB, 55.99% gc time)
179
 17.348070 seconds (2.99 M allocations: 1.895 GiB, 62.73% gc time)
926
 19.840415 seconds (4.04 M allocations: 2.579 GiB, 54.85% gc time)
528
 19.195669 seconds (3.83 M allocations: 2.429 GiB, 56.69% gc time)
828
 17.105081 seconds (2.95 M allocations: 1.853 GiB, 63.62% gc time)
627
 17.599442 seconds (3.38 M allocations: 2.082 GiB, 61.84% gc time)
577
 19.220875 seconds (4.00 M allocations: 2.503 GiB, 56.62% gc time)
327
 17.654107 seconds (3.37 M allocations: 2.081 GiB, 61.64% gc time)
276
 17.552571 seconds (3.02 M allocations: 1.927 GiB, 62.00% gc time)
378
 20.216100 seconds (4.68 M allocations: 2.882 GiB, 53.83% gc time)
678
  5.450180 seconds (2.65 M allocations: 1.652 GiB)
27
 18.719583 seconds (3.70 M allocations: 2.329 GiB, 58.14% gc time)
877
 18.675981 seconds (3.64 M allocations: 2.300 GiB, 58.27% gc time)
78
 19.295436 seconds (4.26 M allocations: 2.618 GiB, 56.40% gc time)
129
  7.455457 seconds (3.42 M allocations: 2.178 GiB)
728
  6.942369 seconds (3.17 M allocations: 2.024 GiB)
978
  6.029874 seconds (3.04 M allocations: 1.876 GiB)
778
  8.927919 seconds (4.27 M allocations: 2.678 GiB)
480
  9.075049 seconds (4.34 M allocations: 2.722 GiB)
230
  6.047801 seconds (3.11 M allocations: 1.904 GiB)
927
  6.036974 seconds (2.94 M allocations: 1.831 GiB)
628
  9.059925 seconds (4.29 M allocations: 2.700 GiB)
427
  6.057634 seconds (2.99 M allocations: 1.854 GiB)
578
  6.036304 seconds (2.80 M allocations: 1.775 GiB)
379
  6.027349 seconds (2.69 M allocations: 1.729 GiB)
28
  9.051060 seconds (4.60 M allocations: 2.829 GiB)
180
  6.049923 seconds (2.73 M allocations: 1.749 GiB)
878
  9.056149 seconds (4.39 M allocations: 2.741 GiB)
529
  9.060493 seconds (4.35 M allocations: 2.724 GiB)
829
  8.809171 seconds (4.15 M allocations: 2.617 GiB)
328
  9.054963 seconds (4.32 M allocations: 2.710 GiB)
277
  6.188642 seconds (2.98 M allocations: 1.863 GiB)
979
  6.043643 seconds (2.83 M allocations: 1.788 GiB)
779
  9.082513 seconds (4.34 M allocations: 2.720 GiB)
679
  8.388886 seconds (4.01 M allocations: 2.515 GiB)
79
  8.973515 seconds (4.18 M allocations: 2.646 GiB)
130
  6.793480 seconds (3.19 M allocations: 2.011 GiB)
928
  6.031197 seconds (3.04 M allocations: 1.869 GiB)
629
  5.922805 seconds (2.91 M allocations: 1.809 GiB)
579
  8.553913 seconds (4.30 M allocations: 2.649 GiB)
729
  7.891063 seconds (4.10 M allocations: 2.499 GiB)
481
  7.075707 seconds (3.36 M allocations: 2.109 GiB)
380
  6.813915 seconds (3.22 M allocations: 2.025 GiB)
29
  9.406345 seconds (4.47 M allocations: 2.806 GiB)
231
  7.625473 seconds (3.57 M allocations: 2.254 GiB)
181
  6.602631 seconds (3.03 M allocations: 1.925 GiB)
  6.632623 seconds (3.07 M allocations: 1.943 GiB)
530
329
  9.671873 seconds (4.54 M allocations: 2.865 GiB)
428
  6.051998 seconds (2.93 M allocations: 1.826 GiB)
780
  8.263430 seconds (4.09 M allocations: 2.530 GiB)
879
  6.524773 seconds (3.47 M allocations: 2.096 GiB)
278
  8.011182 seconds (4.03 M allocations: 2.483 GiB)
830
  6.039585 seconds (2.80 M allocations: 1.770 GiB)
630
  8.463274 seconds (4.01 M allocations: 2.516 GiB)
980
  6.066443 seconds (2.64 M allocations: 1.710 GiB)
730
  8.706403 seconds (4.01 M allocations: 2.543 GiB)
80
  9.096435 seconds (4.20 M allocations: 2.661 GiB)
680
  8.028757 seconds (3.90 M allocations: 2.430 GiB)
929
  9.080164 seconds (4.33 M allocations: 2.715 GiB)
131
  7.116194 seconds (3.16 M allocations: 2.034 GiB)
  9.074007 seconds (3.98 M allocations: 2.574 GiB)
30
580
  6.044635 seconds (2.88 M allocations: 1.808 GiB)
182
  9.079283 seconds (4.19 M allocations: 2.659 GiB)
482
  7.525360 seconds (3.65 M allocations: 2.274 GiB)
232
  6.049995 seconds (2.81 M allocations: 1.780 GiB)
781
  6.065726 seconds (2.80 M allocations: 1.777 GiB)
880
  6.586124 seconds (3.32 M allocations: 2.046 GiB)
330
  6.058672 seconds (2.90 M allocations: 1.817 GiB)
279
  9.077004 seconds (4.76 M allocations: 2.890 GiB)
381
  6.053659 seconds (3.07 M allocations: 1.889 GiB)
631
  6.061521 seconds (2.98 M allocations: 1.852 GiB)
731
  8.891299 seconds (4.38 M allocations: 2.720 GiB)
531
  9.082336 seconds (4.61 M allocations: 2.833 GiB)
429
  8.958692 seconds (4.19 M allocations: 2.648 GiB)
831
 20.995306 seconds (3.78 M allocations: 2.381 GiB, 61.70% gc time)
981
 19.039385 seconds (2.78 M allocations: 1.767 GiB, 68.04% gc time)
31
 22.060041 seconds (4.07 M allocations: 2.613 GiB, 58.72% gc time)
81
 19.027748 seconds (2.16 M allocations: 1.513 GiB, 68.08% gc time)
331
 19.052084 seconds (2.18 M allocations: 1.526 GiB, 67.99% gc time)
280
 22.072559 seconds (4.16 M allocations: 2.650 GiB, 58.69% gc time)
681
 19.852206 seconds (3.05 M allocations: 1.964 GiB, 65.25% gc time)
483
 22.038302 seconds (4.47 M allocations: 2.771 GiB, 58.78% gc time)
930
 20.599121 seconds (3.79 M allocations: 2.346 GiB, 62.88% gc time)
183
 19.756218 seconds (3.08 M allocations: 1.965 GiB, 65.57% gc time)
881
 20.817386 seconds (4.13 M allocations: 2.505 GiB, 62.22% gc time)
581
 21.872274 seconds (4.83 M allocations: 2.903 GiB, 59.22% gc time)
132
 21.461563 seconds (4.24 M allocations: 2.618 GiB, 60.36% gc time)
233
 21.202101 seconds (3.97 M allocations: 2.479 GiB, 61.10% gc time)
782
 19.428602 seconds (3.13 M allocations: 1.950 GiB, 66.67% gc time)
 19.114187 seconds (2.95 M allocations: 1.843 GiB, 67.77% gc time)
532
430
 19.791884 seconds (3.50 M allocations: 2.141 GiB, 65.45% gc time)
732
 21.391137 seconds (4.21 M allocations: 2.598 GiB, 60.56% gc time)
382
 21.662699 seconds (4.27 M allocations: 2.652 GiB, 59.80% gc time)
632
 21.489243 seconds (3.85 M allocations: 2.459 GiB, 60.28% gc time)
832
  8.300533 seconds (3.82 M allocations: 2.425 GiB)
982
  6.820450 seconds (3.39 M allocations: 2.099 GiB)
82
  6.527998 seconds (2.91 M allocations: 1.872 GiB)
484
  6.915391 seconds (3.46 M allocations: 2.136 GiB)
332
  8.457192 seconds (4.24 M allocations: 2.617 GiB)
32
  6.848851 seconds (2.99 M allocations: 1.935 GiB)
184
  6.975978 seconds (3.15 M allocations: 2.016 GiB)
882
  7.849266 seconds (4.00 M allocations: 2.456 GiB)
281
  7.720055 seconds (3.71 M allocations: 2.323 GiB)
931
  6.294270 seconds (2.90 M allocations: 1.843 GiB)
783
  7.560474 seconds (3.50 M allocations: 2.222 GiB)
582
  6.293184 seconds (3.02 M allocations: 1.893 GiB)
431
  7.927762 seconds (3.77 M allocations: 2.374 GiB)
133
  8.936175 seconds (4.70 M allocations: 2.858 GiB)
682
  9.049091 seconds (4.12 M allocations: 2.632 GiB)
234
  8.486072 seconds (3.58 M allocations: 2.351 GiB)
383
  9.212698 seconds (4.08 M allocations: 2.631 GiB)
533
  9.050825 seconds (3.95 M allocations: 2.561 GiB)
733
  6.034497 seconds (3.26 M allocations: 1.968 GiB)
833
  6.029083 seconds (3.11 M allocations: 1.903 GiB)
83
  6.034549 seconds (3.11 M allocations: 1.903 GiB)
485
  6.031931 seconds (3.21 M allocations: 1.944 GiB)
333
  9.064203 seconds (4.48 M allocations: 2.780 GiB)
633
  6.043638 seconds (3.12 M allocations: 1.912 GiB)
185
  6.036095 seconds (3.17 M allocations: 1.929 GiB)
883
  6.032787 seconds (2.85 M allocations: 1.798 GiB)
784
  6.043691 seconds (2.70 M allocations: 1.736 GiB)
432
  9.077297 seconds (4.77 M allocations: 2.902 GiB)
983
  9.062103 seconds (4.29 M allocations: 2.704 GiB)
33
  9.078055 seconds (4.21 M allocations: 2.673 GiB)
282
  9.070822 seconds (4.02 M allocations: 2.593 GiB)
932
  9.062472 seconds (4.00 M allocations: 2.584 GiB)
583
  9.056990 seconds (3.84 M allocations: 2.515 GiB)
134
  9.074168 seconds (3.85 M allocations: 2.523 GiB)
683
  6.033968 seconds (2.76 M allocations: 1.762 GiB)
834
  6.047687 seconds (2.85 M allocations: 1.799 GiB)
84
  6.031312 seconds (2.84 M allocations: 1.794 GiB)
486
  6.038198 seconds (2.92 M allocations: 1.826 GiB)
334
  6.045990 seconds (2.81 M allocations: 1.782 GiB)
186
  6.041876 seconds (2.79 M allocations: 1.770 GiB)
884
  9.067104 seconds (4.74 M allocations: 2.887 GiB)
235
  6.036523 seconds (2.93 M allocations: 1.828 GiB)
785
  9.077546 seconds (4.88 M allocations: 2.944 GiB)
384
  9.020593 seconds (4.77 M allocations: 2.895 GiB)
534
  6.046978 seconds (3.17 M allocations: 1.928 GiB)
433
  9.115929 seconds (4.84 M allocations: 2.933 GiB)
734
  9.054980 seconds (4.30 M allocations: 2.705 GiB)
634
  7.360158 seconds (3.54 M allocations: 2.213 GiB)
34
  6.425806 seconds (2.74 M allocations: 1.790 GiB)
835
  9.200555 seconds (4.14 M allocations: 2.650 GiB)
984
  5.468944 seconds (2.25 M allocations: 1.489 GiB)
187
  7.570741 seconds (3.57 M allocations: 2.252 GiB)
584
  8.065018 seconds (3.98 M allocations: 2.470 GiB)
933
  8.527728 seconds (4.31 M allocations: 2.654 GiB)
283
  7.643797 seconds (3.80 M allocations: 2.352 GiB)
135
  7.220581 seconds (3.52 M allocations: 2.197 GiB)
487
  7.608341 seconds (3.58 M allocations: 2.261 GiB)
335
  8.207332 seconds (3.99 M allocations: 2.493 GiB)
85
  6.748591 seconds (3.17 M allocations: 2.003 GiB)
786
  7.245516 seconds (3.49 M allocations: 2.188 GiB)
236
  6.925762 seconds (2.67 M allocations: 1.816 GiB)
  5.766984 seconds (2.36 M allocations: 1.570 GiB)
  9.980025 seconds (4.75 M allocations: 2.986 GiB)
  8.474720 seconds (3.85 M allocations: 2.462 GiB)
  7.013274 seconds (3.05 M allocations: 1.981 GiB)
  7.893337 seconds (3.04 M allocations: 2.068 GiB)
  7.500613 seconds (3.30 M allocations: 2.133 GiB)
635
  7.913155 seconds (2.96 M allocations: 2.035 GiB)
885
535
35
434
684
385
735
  5.767545 seconds (3.40 M allocations: 1.990 GiB)
836
  5.319748 seconds (2.82 M allocations: 1.707 GiB)
284
  5.110127 seconds (2.66 M allocations: 1.618 GiB)
488
  6.154006 seconds (3.44 M allocations: 2.050 GiB)
  6.156823 seconds (3.44 M allocations: 2.051 GiB)
985
188
 20.770212 seconds (3.39 M allocations: 2.053 GiB, 68.99% gc time)
136
 21.701773 seconds (4.07 M allocations: 2.429 GiB, 66.03% gc time)
585
 20.503942 seconds (3.35 M allocations: 2.008 GiB, 69.88% gc time)
336
 20.862753 seconds (3.27 M allocations: 2.012 GiB, 68.68% gc time)
787
 21.215361 seconds (3.56 M allocations: 2.168 GiB, 67.54% gc time)
86
 22.951943 seconds (4.50 M allocations: 2.735 GiB, 62.43% gc time)
934
 20.416222 seconds (2.45 M allocations: 1.633 GiB, 70.18% gc time)
636
 20.677465 seconds (2.70 M allocations: 1.764 GiB, 69.30% gc time)
36
 20.718205 seconds (2.70 M allocations: 1.770 GiB, 69.16% gc time)
435
  6.047710 seconds (2.17 M allocations: 1.518 GiB)
986
  6.043020 seconds (2.15 M allocations: 1.509 GiB)
189
 21.949287 seconds (3.54 M allocations: 2.242 GiB, 65.28% gc time)
736
  6.037875 seconds (2.27 M allocations: 1.557 GiB)
586
 23.008849 seconds (3.82 M allocations: 2.465 GiB, 62.28% gc time)
886
  7.428303 seconds (2.83 M allocations: 1.933 GiB)
489
 23.032157 seconds (3.84 M allocations: 2.479 GiB, 62.21% gc time)
386
  6.036702 seconds (2.40 M allocations: 1.613 GiB)
337
 23.316668 seconds (4.47 M allocations: 2.761 GiB, 61.45% gc time)
536
 23.324100 seconds (4.47 M allocations: 2.765 GiB, 61.43% gc time)
237
 23.664078 seconds (4.51 M allocations: 2.819 GiB, 60.55% gc time)
837
  6.038422 seconds (2.96 M allocations: 1.844 GiB)
788
 24.375653 seconds (5.03 M allocations: 3.106 GiB, 58.78% gc time)
685
 24.239346 seconds (4.87 M allocations: 3.025 GiB, 59.11% gc time)
285
  7.595253 seconds (3.45 M allocations: 2.204 GiB)
935
 10.046961 seconds (4.62 M allocations: 2.942 GiB)
137
  9.094129 seconds (4.03 M allocations: 2.599 GiB)
87
  6.012724 seconds (2.93 M allocations: 1.828 GiB)
190
  7.809969 seconds (3.87 M allocations: 2.400 GiB)
637
  7.916621 seconds (3.80 M allocations: 2.382 GiB)
37
  7.944972 seconds (3.80 M allocations: 2.385 GiB)
436
  6.036997 seconds (3.04 M allocations: 1.873 GiB)
587
  6.022759 seconds (2.86 M allocations: 1.800 GiB)
490
  6.028482 seconds (2.78 M allocations: 1.769 GiB)
537
  6.049348 seconds (2.80 M allocations: 1.780 GiB)
238
  8.373330 seconds (4.39 M allocations: 2.674 GiB)
987
  6.026391 seconds (2.67 M allocations: 1.721 GiB)
  6.047547 seconds (2.70 M allocations: 1.738 GiB)
789
  8.356990 seconds (4.24 M allocations: 2.609 GiB)
838
737
  8.342419 seconds (3.86 M allocations: 2.453 GiB)
338
  8.459364 seconds (4.06 M allocations: 2.544 GiB)
387
  8.776529 seconds (4.46 M allocations: 2.743 GiB)
887
  6.366996 seconds (3.26 M allocations: 1.998 GiB)
936
  7.935820 seconds (3.77 M allocations: 2.370 GiB)
286
  8.787823 seconds (4.16 M allocations: 2.621 GiB)
686
  7.034297 seconds (3.36 M allocations: 2.110 GiB)
191
  8.589849 seconds (4.00 M allocations: 2.533 GiB)
138
  6.834973 seconds (3.34 M allocations: 2.081 GiB)
638
  7.926482 seconds (3.81 M allocations: 2.388 GiB)
88
  6.395502 seconds (2.97 M allocations: 1.883 GiB)
588
  6.433459 seconds (3.14 M allocations: 1.957 GiB)
491
  6.533963 seconds (3.26 M allocations: 2.015 GiB)
538
  7.266377 seconds (3.90 M allocations: 2.353 GiB)
437
  6.639210 seconds (3.31 M allocations: 2.046 GiB)
239
  8.081699 seconds (4.36 M allocations: 2.629 GiB)
38
  6.121860 seconds (3.06 M allocations: 1.889 GiB)
988
  7.026803 seconds (3.31 M allocations: 2.084 GiB)
839
  6.919442 seconds (3.15 M allocations: 2.009 GiB)
388
  7.676123 seconds (3.53 M allocations: 2.240 GiB)
339
  6.665544 seconds (3.04 M allocations: 1.935 GiB)
937
  6.235592 seconds (2.92 M allocations: 1.844 GiB)
287
  8.893958 seconds (4.31 M allocations: 2.688 GiB)
738
  9.081861 seconds (4.38 M allocations: 2.735 GiB)
790
  6.066655 seconds (3.20 M allocations: 1.939 GiB)
192
  9.095517 seconds (4.27 M allocations: 2.691 GiB)
888
  6.240442 seconds (3.07 M allocations: 1.903 GiB)
89
  6.073008 seconds (2.59 M allocations: 1.690 GiB)
438
  8.896045 seconds (4.22 M allocations: 2.650 GiB)
687
  6.001817 seconds (2.52 M allocations: 1.654 GiB)
989
  6.700682 seconds (2.81 M allocations: 1.845 GiB)
39
  9.078084 seconds (4.15 M allocations: 2.640 GiB)
  9.041871 seconds (4.09 M allocations: 2.610 GiB)
139
639
  6.043715 seconds (2.76 M allocations: 1.756 GiB)
840
  9.069509 seconds (4.15 M allocations: 2.643 GiB)
589
  9.093212 seconds (4.38 M allocations: 2.739 GiB)
492
  6.221537 seconds (3.17 M allocations: 1.947 GiB)
389
  9.046170 seconds (4.46 M allocations: 2.768 GiB)
539
  9.090399 seconds (4.47 M allocations: 2.778 GiB)
  6.039930 seconds (3.20 M allocations: 1.942 GiB)
240
938
  6.190752 seconds (2.91 M allocations: 1.839 GiB)
193
 17.538559 seconds (2.85 M allocations: 1.824 GiB, 63.85% gc time)
90
 20.286718 seconds (4.12 M allocations: 2.630 GiB, 55.20% gc time)
340
 20.280754 seconds (4.12 M allocations: 2.630 GiB, 55.22% gc time)
288
 17.516389 seconds (2.91 M allocations: 1.850 GiB, 63.93% gc time)
439
 19.108141 seconds (3.75 M allocations: 2.359 GiB, 58.61% gc time)
889
 20.391207 seconds (4.35 M allocations: 2.736 GiB, 54.92% gc time)
791
 17.456505 seconds (2.09 M allocations: 1.501 GiB, 64.15% gc time) 17.905783 seconds (2.39 M allocations: 1.669 GiB, 62.54% gc time) 17.737473 seconds (1.79 M allocations: 1.407 GiB, 63.13% gc time)

 17.742185 seconds (2.06 M allocations: 1.516 GiB, 63.12% gc time) 18.396881 seconds (3.15 M allocations: 2.036 GiB, 60.87% gc time)

 20.217713 seconds (3.65 M allocations: 2.429 GiB, 55.39% gc time)
 18.105388 seconds (2.62 M allocations: 1.786 GiB, 61.85% gc time)

 20.781632 seconds (4.52 M allocations: 2.847 GiB, 53.89% gc time)
 16.995160 seconds (1.73 M allocations: 1.303 GiB, 65.89% gc time)
241
 18.482279 seconds (2.32 M allocations: 1.700 GiB, 60.59% gc time)
990
540
390
688
 18.374475 seconds (3.10 M allocations: 2.013 GiB, 60.95% gc time)
 18.072783 seconds (2.59 M allocations: 1.769 GiB, 61.96% gc time)
640
590
939
739
40
140
493
 19.124443 seconds (3.96 M allocations: 2.439 GiB, 58.56% gc time)
841
  4.879333 seconds (3.15 M allocations: 1.792 GiB)
91
  5.291417 seconds (2.95 M allocations: 1.752 GiB)
440
  6.794934 seconds (3.83 M allocations: 2.268 GiB)
194
  5.716015 seconds (3.32 M allocations: 1.948 GiB)
341
  5.863168 seconds (3.43 M allocations: 2.011 GiB)
289
  6.633044 seconds (3.55 M allocations: 2.140 GiB)
890
  6.030135 seconds (2.10 M allocations: 1.486 GiB)
141
  6.055098 seconds (2.11 M allocations: 1.493 GiB)
591
  6.378373 seconds (2.26 M allocations: 1.587 GiB)
  6.363130 seconds (2.17 M allocations: 1.550 GiB)
641
792
  6.357125 seconds (2.13 M allocations: 1.532 GiB)
740
  6.035509 seconds (2.13 M allocations: 1.498 GiB)
441
  6.029347 seconds (1.99 M allocations: 1.442 GiB)
342
  6.035405 seconds (1.99 M allocations: 1.443 GiB)
290
  8.638744 seconds (3.20 M allocations: 2.207 GiB)
842
  9.080319 seconds (3.90 M allocations: 2.538 GiB)
  9.088545 seconds (3.87 M allocations: 2.527 GiB)
242
689
  9.080687 seconds (3.73 M allocations: 2.472 GiB)
41
  9.073446 seconds (3.62 M allocations: 2.428 GiB)
  9.065595 seconds (3.59 M allocations: 2.415 GiB)
  9.075297 seconds (3.62 M allocations: 2.426 GiB)
391
541
940
  9.048342 seconds (3.59 M allocations: 2.413 GiB)
  9.088485 seconds (3.67 M allocations: 2.452 GiB)
494
991
  8.824213 seconds (4.29 M allocations: 2.676 GiB)
92
  8.782745 seconds (4.05 M allocations: 2.574 GiB)
195
  8.164821 seconds (3.79 M allocations: 2.401 GiB)
891
  6.049018 seconds (3.34 M allocations: 1.996 GiB)
592
  6.353406 seconds (3.52 M allocations: 2.102 GiB)
142
  6.032485 seconds (3.13 M allocations: 1.908 GiB)
  6.032355 seconds (3.14 M allocations: 1.913 GiB)
642
793
  6.053958 seconds (3.33 M allocations: 1.994 GiB)
442
  7.415824 seconds (3.78 M allocations: 2.317 GiB)
741
  6.275655 seconds (3.37 M allocations: 2.029 GiB)
291
  8.036495 seconds (3.91 M allocations: 2.433 GiB)
343
  6.050768 seconds (2.13 M allocations: 1.496 GiB)
196
  6.041718 seconds (2.12 M allocations: 1.494 GiB)
892
  8.858662 seconds (3.45 M allocations: 2.330 GiB)
  8.859206 seconds (3.45 M allocations: 2.330 GiB)
690
243
  9.102713 seconds (4.15 M allocations: 2.640 GiB)
843
  8.922617 seconds (3.44 M allocations: 2.331 GiB)
42
  9.015347 seconds (3.62 M allocations: 2.413 GiB)
495
  9.159355 seconds (3.79 M allocations: 2.499 GiB)
  9.191997 seconds (3.83 M allocations: 2.521 GiB)
392
542
  6.113088 seconds (2.71 M allocations: 1.742 GiB)
  5.845073 seconds (2.39 M allocations: 1.583 GiB)
593
143
  9.112646 seconds (3.86 M allocations: 2.524 GiB)
992
  9.224940 seconds (4.07 M allocations: 2.622 GiB)
941
  9.040374 seconds (3.99 M allocations: 2.572 GiB)
93
  6.059677 seconds (3.09 M allocations: 1.892 GiB)
794
  6.304342 seconds (3.51 M allocations: 2.091 GiB)
643
  5.827751 seconds (3.42 M allocations: 2.005 GiB)
443
  7.177991 seconds (3.50 M allocations: 2.177 GiB)
292
  8.437102 seconds (3.96 M allocations: 2.495 GiB)
742
 18.466025 seconds (3.58 M allocations: 2.164 GiB, 63.06% gc time)
344
 17.934777 seconds (3.40 M allocations: 2.038 GiB, 64.93% gc time)
197
 17.747113 seconds (3.06 M allocations: 1.882 GiB, 65.62% gc time)
691
 17.766257 seconds (2.90 M allocations: 1.814 GiB, 65.55% gc time)
43
 17.730646 seconds (2.72 M allocations: 1.737 GiB, 65.68% gc time)
496
 17.736105 seconds (2.27 M allocations: 1.557 GiB, 65.66% gc time)
942
 18.692886 seconds (4.07 M allocations: 2.393 GiB, 62.30% gc time)
893
 19.200125 seconds (2.88 M allocations: 1.958 GiB, 60.65% gc time)
393
 19.213211 seconds (2.84 M allocations: 1.942 GiB, 60.61% gc time)
144
 19.923513 seconds (4.28 M allocations: 2.607 GiB, 58.45% gc time)
244
 19.764641 seconds (3.40 M allocations: 2.228 GiB, 58.92% gc time)
594
 19.779812 seconds (3.35 M allocations: 2.210 GiB, 58.87% gc time)
543
 19.790175 seconds (3.33 M allocations: 2.205 GiB, 58.84% gc time)
993
 19.742682 seconds (3.35 M allocations: 2.209 GiB, 58.98% gc time)
94
 19.178789 seconds (3.29 M allocations: 2.125 GiB, 60.72% gc time)
 20.792253 seconds (5.06 M allocations: 3.017 GiB, 56.01% gc time)
844
444
 20.753517 seconds (4.04 M allocations: 2.596 GiB, 56.11% gc time)
795
 20.728556 seconds (4.02 M allocations: 2.586 GiB, 56.18% gc time)
644
 18.631403 seconds (3.61 M allocations: 2.202 GiB, 62.50% gc time)
293
  8.279748 seconds (3.59 M allocations: 2.333 GiB)
345
  8.311892 seconds (3.60 M allocations: 2.339 GiB)
198
 20.783805 seconds (4.21 M allocations: 2.669 GiB, 56.03% gc time)
743
  6.045360 seconds (2.69 M allocations: 1.729 GiB)
394
  6.026216 seconds (2.68 M allocations: 1.725 GiB)
145
  6.035611 seconds (2.80 M allocations: 1.774 GiB)
245
  6.027665 seconds (2.53 M allocations: 1.662 GiB)
595
  6.050334 seconds (2.54 M allocations: 1.671 GiB)
544
  6.021865 seconds (2.50 M allocations: 1.649 GiB)
994
  6.019192 seconds (2.60 M allocations: 1.692 GiB)
95
  8.869246 seconds (4.81 M allocations: 2.895 GiB)
692
  8.987824 seconds (4.75 M allocations: 2.882 GiB)
44
  9.009572 seconds (4.74 M allocations: 2.882 GiB)
497
  9.049826 seconds (4.79 M allocations: 2.905 GiB)
943
  9.083160 seconds (4.80 M allocations: 2.912 GiB)
894
  6.039335 seconds (2.94 M allocations: 1.834 GiB)
294
  9.078627 seconds (3.96 M allocations: 2.567 GiB)
  9.047066 seconds (3.93 M allocations: 2.554 GiB)
845
445
  9.038540 seconds (4.04 M allocations: 2.597 GiB)
796
  9.045230 seconds (4.04 M allocations: 2.597 GiB)
645
  6.048328 seconds (2.97 M allocations: 1.848 GiB)
395
  6.035387 seconds (2.96 M allocations: 1.842 GiB)
146
  6.029138 seconds (3.07 M allocations: 1.888 GiB)
246
  6.031392 seconds (2.79 M allocations: 1.771 GiB)
596
  6.028225 seconds (2.76 M allocations: 1.757 GiB)
545
  6.043500 seconds (2.78 M allocations: 1.769 GiB)
995
  6.027987 seconds (2.87 M allocations: 1.802 GiB)
96
  9.056428 seconds (4.79 M allocations: 2.909 GiB)
346
  9.061979 seconds (4.79 M allocations: 2.910 GiB)
199
  9.063056 seconds (4.88 M allocations: 2.946 GiB)
744
  6.038501 seconds (2.78 M allocations: 1.766 GiB)
295
  9.061469 seconds (4.07 M allocations: 2.610 GiB)
693
  9.043246 seconds (3.96 M allocations: 2.563 GiB)
45
  9.054252 seconds (3.96 M allocations: 2.567 GiB)
498
  9.055125 seconds (4.00 M allocations: 2.584 GiB)
944
  9.057611 seconds (4.00 M allocations: 2.582 GiB)
895
  6.045043 seconds (2.84 M allocations: 1.792 GiB)
396
  6.036997 seconds (2.82 M allocations: 1.786 GiB)
147
  6.039052 seconds (2.94 M allocations: 1.834 GiB)
247
  6.042504 seconds (2.66 M allocations: 1.718 GiB)
  6.034546 seconds (2.62 M allocations: 1.704 GiB)
597
546
  6.024409 seconds (2.62 M allocations: 1.701 GiB)
996
  6.029864 seconds (2.71 M allocations: 1.739 GiB)
97
  9.066560 seconds (4.76 M allocations: 2.895 GiB)
846
  9.057635 seconds (4.75 M allocations: 2.893 GiB)
446
  9.056672 seconds (4.85 M allocations: 2.932 GiB)
797
  9.057305 seconds (4.85 M allocations: 2.933 GiB)
646
  6.030971 seconds (3.07 M allocations: 1.889 GiB)
296
  9.048366 seconds (3.99 M allocations: 2.576 GiB)
347
  9.062325 seconds (4.00 M allocations: 2.582 GiB)
200
  9.049594 seconds (4.03 M allocations: 2.594 GiB)
745
  6.040004 seconds (2.70 M allocations: 1.736 GiB)
397
  6.046584 seconds (2.70 M allocations: 1.737 GiB)
148
  6.054818 seconds (2.81 M allocations: 1.781 GiB)
248
  6.041608 seconds (2.50 M allocations: 1.655 GiB)
  6.038495 seconds (2.49 M allocations: 1.651 GiB)
547
598
  6.043944 seconds (2.48 M allocations: 1.650 GiB)
997
  6.034724 seconds (2.56 M allocations: 1.681 GiB)
98
  9.019954 seconds (4.81 M allocations: 2.915 GiB)
694
  8.814714 seconds (4.69 M allocations: 2.844 GiB)
46
  8.978094 seconds (4.82 M allocations: 2.911 GiB)
499
  8.787900 seconds (4.75 M allocations: 2.865 GiB)
945
  9.065673 seconds (4.88 M allocations: 2.945 GiB)
896
  6.676524 seconds (3.03 M allocations: 1.939 GiB)
297
  8.833308 seconds (3.90 M allocations: 2.520 GiB)
847
  8.316404 seconds (3.71 M allocations: 2.388 GiB)
798
  9.111291 seconds (4.17 M allocations: 2.659 GiB)
447
  8.855801 seconds (4.04 M allocations: 2.577 GiB)
647
  6.725113 seconds (3.49 M allocations: 2.133 GiB)
348
  6.823247 seconds (3.22 M allocations: 2.029 GiB)
398
 15.115747 seconds (3.13 M allocations: 1.982 GiB, 55.37% gc time)
249
 16.511246 seconds (3.93 M allocations: 2.456 GiB, 50.69% gc time)
 14.267572 seconds (2.10 M allocations: 1.472 GiB, 58.66% gc time)
201
500
 15.379707 seconds (2.81 M allocations: 1.878 GiB, 54.42% gc time)
998
 15.683778 seconds (3.34 M allocations: 2.124 GiB, 53.36% gc time)
599
 16.909774 seconds (4.51 M allocations: 2.736 GiB, 49.49% gc time)
746
 15.064190 seconds (2.82 M allocations: 1.850 GiB, 55.56% gc time)
946
 15.867342 seconds (3.41 M allocations: 2.172 GiB, 52.75% gc time)
695
 16.176801 seconds (3.81 M allocations: 2.371 GiB, 51.74% gc time)
548
 16.869983 seconds (4.66 M allocations: 2.796 GiB, 49.61% gc time)
149
 16.526911 seconds (4.15 M allocations: 2.548 GiB, 50.64% gc time)
99
 16.187169 seconds (3.83 M allocations: 2.383 GiB, 51.70% gc time)
47
 15.460575 seconds (3.46 M allocations: 2.155 GiB, 54.13% gc time)
897
 14.577511 seconds (3.10 M allocations: 1.915 GiB, 57.41% gc time)
448
 15.278588 seconds (3.50 M allocations: 2.152 GiB, 54.78% gc time)
848
 15.253232 seconds (3.49 M allocations: 2.147 GiB, 54.87% gc time)
799
 15.189559 seconds (3.46 M allocations: 2.127 GiB, 55.10% gc time)
648
 17.360850 seconds (4.46 M allocations: 2.764 GiB, 48.21% gc time)
298
  5.811952 seconds (2.77 M allocations: 1.744 GiB)
250
  6.137979 seconds (2.98 M allocations: 1.865 GiB)
999
  6.203238 seconds (2.64 M allocations: 1.728 GiB)
747
 17.194317 seconds (4.30 M allocations: 2.681 GiB, 48.68% gc time)
349
  6.039374 seconds (2.14 M allocations: 1.504 GiB)
898
  8.406816 seconds (4.37 M allocations: 2.666 GiB)
399
  8.302820 seconds (3.97 M allocations: 2.493 GiB)
501
  7.809361 seconds (3.42 M allocations: 2.215 GiB)
947
  7.558788 seconds (2.96 M allocations: 2.001 GiB)
100
  8.145640 seconds (3.52 M allocations: 2.293 GiB)
549
  8.834214 seconds (4.38 M allocations: 2.719 GiB)
600
  9.136042 seconds (4.65 M allocations: 2.860 GiB)
  9.024910 seconds (4.12 M allocations: 2.628 GiB)
696
  9.072268 seconds (4.08 M allocations: 2.617 GiB)
150
  7.021615 seconds (3.24 M allocations: 2.061 GiB)
449
  9.046449 seconds (3.94 M allocations: 2.560 GiB)
48
  7.245588 seconds (3.39 M allocations: 2.149 GiB)
800
  7.509159 seconds (3.57 M allocations: 2.250 GiB)
849
  7.022221 seconds (3.50 M allocations: 2.168 GiB)
649
  6.036157 seconds (3.08 M allocations: 1.895 GiB)
1000
  7.004999 seconds (3.49 M allocations: 2.167 GiB)
251
  6.022586 seconds (3.08 M allocations: 1.893 GiB)
350
  6.040707 seconds (3.08 M allocations: 1.895 GiB)
899
  8.755798 seconds (4.27 M allocations: 2.669 GiB)
299
  6.037753 seconds (3.12 M allocations: 1.913 GiB)
400
  6.031351 seconds (3.12 M allocations: 1.911 GiB)
  6.054146 seconds (3.08 M allocations: 1.897 GiB)
948
  6.047025 seconds (3.02 M allocations: 1.872 GiB)
101
  6.407796 seconds (3.08 M allocations: 1.934 GiB)
550
  9.056216 seconds (4.61 M allocations: 2.839 GiB)
748
  7.765781 seconds (3.47 M allocations: 2.235 GiB)
601
  6.038370 seconds (2.31 M allocations: 1.577 GiB)
650
  7.642269 seconds (3.32 M allocations: 2.157 GiB)
450
  7.349407 seconds (3.08 M allocations: 2.027 GiB)
801
  8.594385 seconds (4.00 M allocations: 2.538 GiB)
697
  6.038883 seconds (2.67 M allocations: 1.725 GiB)
1001
  9.056213 seconds (4.09 M allocations: 2.617 GiB)
151
  8.752294 seconds (3.92 M allocations: 2.519 GiB)
49
  5.700810 seconds (2.45 M allocations: 1.597 GiB)
401
  6.037199 seconds (2.81 M allocations: 1.780 GiB)
900
  6.086545 seconds (2.83 M allocations: 1.794 GiB)
300
  6.567319 seconds (3.33 M allocations: 2.050 GiB)
351
  7.419451 seconds (3.68 M allocations: 2.282 GiB)
  5.814822 seconds (2.63 M allocations: 1.683 GiB)
  9.040758 seconds (4.31 M allocations: 2.707 GiB)
  6.047623 seconds (2.80 M allocations: 1.776 GiB)
850
949
  5.836864 seconds (2.91 M allocations: 1.798 GiB)
551
  5.824830 seconds (2.63 M allocations: 1.686 GiB)
651
  7.610455 seconds (3.31 M allocations: 2.147 GiB)
749
  5.442597 seconds (2.30 M allocations: 1.510 GiB)
  6.028500 seconds (2.79 M allocations: 1.770 GiB)
698
451
  6.762252 seconds (3.27 M allocations: 2.042 GiB)
  6.054358 seconds (2.94 M allocations: 1.832 GiB)
  5.951097 seconds (2.65 M allocations: 1.707 GiB)
  5.511862 seconds (2.36 M allocations: 1.543 GiB)
  5.092254 seconds (1.85 M allocations: 1.289 GiB)
301
  5.910436 seconds (2.32 M allocations: 1.567 GiB)
  6.188457 seconds (2.51 M allocations: 1.676 GiB)
50
  6.035527 seconds (2.34 M allocations: 1.588 GiB)
901
  4.981164 seconds (1.84 M allocations: 1.272 GiB)
950
  5.369446 seconds (2.15 M allocations: 1.439 GiB)
  5.027768 seconds (1.85 M allocations: 1.281 GiB)
  5.399951 seconds (2.04 M allocations: 1.402 GiB)
851
  3.583722 seconds (1.24 M allocations: 905.543 MiB)
699
  3.930398 seconds (1.65 M allocations: 1.087 GiB)
750
  4.582867 seconds (2.03 M allocations: 1.311 GiB)
  3.936507 seconds (1.55 M allocations: 1.048 GiB)
  3.599827 seconds (1.35 M allocations: 940.477 MiB)
  3.374537 seconds (1.13 M allocations: 817.846 MiB)
51
  3.048062 seconds (969.61 k allocations: 707.805 MiB)
951
  6.685325 seconds (951.68 k allocations: 687.969 MiB, 54.64% gc time)
  7.596075 seconds (1.35 M allocations: 949.259 MiB, 48.09% gc time)
  6.672866 seconds (683.40 k allocations: 515.556 MiB, 54.75% gc time)
700
  6.677996 seconds (601.11 k allocations: 477.111 MiB, 54.70% gc time)
751
  6.690549 seconds (656.39 k allocations: 452.014 MiB, 54.60% gc time)
  3.036642 seconds (510.28 k allocations: 382.234 MiB)
  2.930632 seconds (190.70 k allocations: 196.008 MiB)
  2.957749 seconds (167.70 k allocations: 186.595 MiB)
701
  2.948470 seconds (57.60 k allocations: 64.160 MiB)
