Graph 1 is connected.
Graph 2 is connected.
Graph 3 is connected.
Graph 4 is connected.
Graph 5 is connected.
Graph 6 is connected.
Graph 7 is connected.
Graph 8 is connected.
Graph 9 is connected.
Graph 10 is connected.
Graph 11 is connected.
Matrix 1 normalized.
Matrix 2 normalized.
Matrix 3 normalized.
Matrix 4 normalized.
Matrix 5 normalized.
Matrix 6 normalized.
Matrix 7 normalized.
Matrix 8 normalized.
Matrix 9 normalized.
Matrix 10 normalized.
Matrix 11 normalized.
Number of threads: 20
252
452
52
802152
402

352
502
952
852
1
702
552
202
602
902302
752

102
652
  6.048402 seconds (990.75 k allocations: 1.022 GiB)
2
  7.418746 seconds (1.64 M allocations: 1.369 GiB, 6.34% gc time, 0.68% compilation time)
  7.445359 seconds (1.82 M allocations: 1.445 GiB, 6.31% gc time, 0.68% compilation time)
403
553
  7.691583 seconds (1.67 M allocations: 1.411 GiB, 6.11% gc time, 0.66% compilation time)
53
  7.392535 seconds (1.88 M allocations: 1.520 GiB, 0.69% compilation time)
853
  7.350166 seconds (1.65 M allocations: 1.421 GiB, 0.69% compilation time)
953
  7.423915 seconds (1.81 M allocations: 1.497 GiB, 0.68% compilation time)
703
  7.450097 seconds (1.81 M allocations: 1.498 GiB, 0.68% compilation time)
653
  7.596552 seconds (2.06 M allocations: 1.614 GiB, 0.67% compilation time)
  7.539853 seconds (1.96 M allocations: 1.570 GiB, 0.67% compilation time)
103
453
  8.427129 seconds (3.15 M allocations: 2.086 GiB, 5.58% gc time, 0.60% compilation time)
603
  7.681694 seconds (2.22 M allocations: 1.691 GiB, 0.66% compilation time)
803
  8.480400 seconds (3.24 M allocations: 2.129 GiB, 5.54% gc time, 0.60% compilation time)
353
  7.793551 seconds (2.43 M allocations: 1.785 GiB, 0.65% compilation time)
253
  7.932725 seconds (2.76 M allocations: 1.933 GiB, 0.64% compilation time)
503
  8.001683 seconds (2.90 M allocations: 1.999 GiB, 0.63% compilation time)
153
  8.004867 seconds (2.93 M allocations: 2.010 GiB, 0.63% compilation time)
753
 13.063321 seconds (3.72 M allocations: 2.360 GiB, 35.88% gc time, 0.39% compilation time) 12.858100 seconds (3.71 M allocations: 2.387 GiB, 32.79% gc time, 0.39% compilation time)
 12.406305 seconds (3.26 M allocations: 2.162 GiB, 33.99% gc time, 0.41% compilation time)

203
903
303
 10.771826 seconds (3.10 M allocations: 1.932 GiB, 39.14% gc time)
554
  5.858923 seconds (1.74 M allocations: 1.316 GiB)
454
 11.051151 seconds (3.44 M allocations: 2.104 GiB, 38.16% gc time)
3
  6.012144 seconds (1.81 M allocations: 1.359 GiB)
154
 11.153570 seconds (3.46 M allocations: 2.124 GiB, 37.81% gc time)
54
 13.942617 seconds (2.99 M allocations: 1.917 GiB, 51.16% gc time)
654
 14.188539 seconds (3.25 M allocations: 2.053 GiB, 50.28% gc time)
 14.698270 seconds (4.14 M allocations: 2.465 GiB, 48.53% gc time)
704
  9.494052 seconds (2.35 M allocations: 1.641 GiB, 30.72% gc time)
404
504
 14.723737 seconds (3.90 M allocations: 2.372 GiB, 48.45% gc time)
854
 10.140152 seconds (3.07 M allocations: 2.003 GiB, 28.76% gc time)
354
 10.183697 seconds (3.07 M allocations: 2.009 GiB, 28.64% gc time)
254
 10.495022 seconds (3.60 M allocations: 2.257 GiB, 27.79% gc time)
104
 10.690701 seconds (3.64 M allocations: 2.292 GiB, 27.28% gc time)
804
 10.702506 seconds (3.65 M allocations: 2.298 GiB, 27.25% gc time)
604
 15.646972 seconds (5.00 M allocations: 2.918 GiB, 45.59% gc time)
954
 10.296332 seconds (3.27 M allocations: 2.104 GiB, 28.33% gc time)
 10.401487 seconds (3.29 M allocations: 2.125 GiB, 28.04% gc time)
904
204
 11.357435 seconds (3.71 M allocations: 2.394 GiB, 25.68% gc time)
304
 11.773856 seconds (3.95 M allocations: 2.535 GiB, 24.77% gc time)
754
 10.284406 seconds (3.58 M allocations: 2.223 GiB, 28.36% gc time)
555
  7.004807 seconds (3.14 M allocations: 2.010 GiB)
155
  6.988634 seconds (3.14 M allocations: 2.007 GiB)
55
 15.543805 seconds (3.94 M allocations: 2.434 GiB, 48.66% gc time)
455
 12.578636 seconds (3.85 M allocations: 2.390 GiB, 36.95% gc time)
4
 12.675060 seconds (3.75 M allocations: 2.358 GiB, 36.67% gc time)
655
 11.534256 seconds (2.47 M allocations: 1.714 GiB, 40.29% gc time)
805
 11.737192 seconds (2.74 M allocations: 1.847 GiB, 39.60% gc time)
105
 12.123683 seconds (3.15 M allocations: 2.058 GiB, 38.33% gc time)
855
 12.836609 seconds (3.92 M allocations: 2.446 GiB, 36.20% gc time)
705
 12.546839 seconds (3.59 M allocations: 2.281 GiB, 37.04% gc time)
355
 10.862794 seconds (2.63 M allocations: 1.713 GiB, 42.78% gc time)
905
 13.333147 seconds (4.36 M allocations: 2.677 GiB, 34.86% gc time)
505
 12.269926 seconds (3.34 M allocations: 2.148 GiB, 37.88% gc time)
605
 11.155733 seconds (3.04 M allocations: 1.909 GiB, 41.66% gc time)
205
 13.691983 seconds (4.85 M allocations: 2.913 GiB, 33.94% gc time)
405
 12.520695 seconds (3.74 M allocations: 2.337 GiB, 37.12% gc time)
955
 13.896434 seconds (4.70 M allocations: 2.872 GiB, 33.44% gc time)
255
 11.805191 seconds (3.62 M allocations: 2.216 GiB, 39.37% gc time)
305
 13.726920 seconds (3.91 M allocations: 2.532 GiB, 33.86% gc time)
755
  7.043509 seconds (3.21 M allocations: 2.041 GiB)
  5.724869 seconds (2.86 M allocations: 1.760 GiB)
156
456
  6.440750 seconds (2.95 M allocations: 1.868 GiB)
656
  8.190621 seconds (3.99 M allocations: 2.476 GiB)
556
  8.628027 seconds (4.17 M allocations: 2.591 GiB)
56
  7.893992 seconds (3.78 M allocations: 2.358 GiB)
5
  6.861642 seconds (2.61 M allocations: 1.774 GiB)
  7.272500 seconds (3.16 M allocations: 2.041 GiB)
606
706
  7.696069 seconds (3.48 M allocations: 2.214 GiB)
856
  7.866965 seconds (3.65 M allocations: 2.304 GiB)
806
  8.019653 seconds (3.88 M allocations: 2.409 GiB)
106
  7.003634 seconds (2.81 M allocations: 1.864 GiB)
956
  7.416049 seconds (3.32 M allocations: 2.117 GiB)
206
  8.068711 seconds (3.83 M allocations: 2.393 GiB)
906
  6.821907 seconds (3.05 M allocations: 1.946 GiB)
256
  7.757708 seconds (3.39 M allocations: 2.180 GiB)
406
  8.688341 seconds (4.51 M allocations: 2.732 GiB)
356
  8.675868 seconds (4.29 M allocations: 2.640 GiB)
506
  7.690834 seconds (3.70 M allocations: 2.295 GiB)
306
  6.787440 seconds (3.34 M allocations: 2.056 GiB)
157
  6.874230 seconds (3.41 M allocations: 2.093 GiB)
457
  7.720904 seconds (3.70 M allocations: 2.298 GiB)
756
  7.671486 seconds (3.68 M allocations: 2.285 GiB)
657
  6.962093 seconds (3.30 M allocations: 2.056 GiB)
6
  6.523209 seconds (2.63 M allocations: 1.742 GiB)
107
  7.982526 seconds (3.89 M allocations: 2.406 GiB)
557
  6.978433 seconds (2.96 M allocations: 1.925 GiB)
857
  7.675181 seconds (3.73 M allocations: 2.308 GiB)
57
  7.537237 seconds (3.51 M allocations: 2.206 GiB)
807
  7.031980 seconds (3.07 M allocations: 1.976 GiB)
207
  7.775744 seconds (3.71 M allocations: 2.310 GiB)
707
  8.482856 seconds (4.11 M allocations: 2.542 GiB)
607
  8.464436 seconds (3.92 M allocations: 2.462 GiB)
957
  7.811433 seconds (3.42 M allocations: 2.191 GiB)
907
  7.790948 seconds (3.43 M allocations: 2.191 GiB)
407
  8.517823 seconds (3.90 M allocations: 2.459 GiB)
257
  8.071941 seconds (3.60 M allocations: 2.290 GiB)
357
  8.748472 seconds (3.85 M allocations: 2.458 GiB)
507
  9.109632 seconds (3.90 M allocations: 2.517 GiB)
307
  7.440693 seconds (3.62 M allocations: 2.231 GiB)
158
  7.469904 seconds (3.63 M allocations: 2.239 GiB)
458
  7.230992 seconds (3.45 M allocations: 2.140 GiB)
658
  6.990088 seconds (3.34 M allocations: 2.072 GiB)
7
  7.911524 seconds (3.99 M allocations: 2.429 GiB)
757
  7.283451 seconds (3.30 M allocations: 2.083 GiB)
58
  7.690817 seconds (3.62 M allocations: 2.256 GiB)
108
  7.083938 seconds (3.02 M allocations: 1.954 GiB)
808
  7.100742 seconds (3.04 M allocations: 1.964 GiB)
708
  7.700887 seconds (3.54 M allocations: 2.224 GiB)
858
  8.080275 seconds (3.85 M allocations: 2.388 GiB)
558
  7.985899 seconds (3.73 M allocations: 2.334 GiB)
208
  7.445010 seconds (3.44 M allocations: 2.160 GiB)
958
  8.674706 seconds (3.97 M allocations: 2.505 GiB)
  7.972598 seconds (3.47 M allocations: 2.230 GiB)
608
408
  8.391044 seconds (3.75 M allocations: 2.384 GiB)
908
  7.659724 seconds (3.31 M allocations: 2.135 GiB)
258
  7.809239 seconds (3.50 M allocations: 2.225 GiB)
358
  7.807737 seconds (3.71 M allocations: 2.308 GiB)
508
  7.864758 seconds (3.71 M allocations: 2.315 GiB)
308
 16.760245 seconds (3.69 M allocations: 2.300 GiB, 53.03% gc time)
159
 16.117418 seconds (3.35 M allocations: 2.097 GiB, 55.14% gc time)
659
 17.061423 seconds (3.79 M allocations: 2.376 GiB, 52.09% gc time)
459
 16.290300 seconds (3.56 M allocations: 2.204 GiB, 54.56% gc time)
8
 16.527167 seconds (3.68 M allocations: 2.276 GiB, 53.77% gc time)
758
 15.753894 seconds (2.95 M allocations: 1.900 GiB, 56.41% gc time)
709
 16.685962 seconds (3.83 M allocations: 2.353 GiB, 53.26% gc time)
59
 16.470756 seconds (3.64 M allocations: 2.255 GiB, 53.96% gc time)
109
 15.705805 seconds (3.16 M allocations: 1.986 GiB, 56.59% gc time)
209
 15.539858 seconds (3.14 M allocations: 1.959 GiB, 57.19% gc time)
959
 17.694370 seconds (4.10 M allocations: 2.573 GiB, 50.23% gc time)
809
 15.422153 seconds (2.80 M allocations: 1.813 GiB, 57.63% gc time)
259
 17.759193 seconds (4.04 M allocations: 2.558 GiB, 50.04% gc time)
859
 15.594322 seconds (3.01 M allocations: 1.919 GiB, 56.99% gc time)
609
 18.147584 seconds (4.47 M allocations: 2.777 GiB, 48.97% gc time)
559
 17.110089 seconds (3.81 M allocations: 2.402 GiB, 51.94% gc time)
409
 17.433239 seconds (3.59 M allocations: 2.349 GiB, 50.98% gc time) 18.070631 seconds (3.67 M allocations: 2.448 GiB, 49.18% gc time)  6.219410 seconds (2.83 M allocations: 1.807 GiB)

  6.058771 seconds (2.61 M allocations: 1.698 GiB)

 15.147926 seconds (2.96 M allocations: 1.862 GiB, 58.67% gc time)
160
660
909
359
 17.172458 seconds (3.40 M allocations: 2.248 GiB, 51.75% gc time)
309
509
  5.926018 seconds (2.60 M allocations: 1.681 GiB)
710
  7.131808 seconds (3.34 M allocations: 2.110 GiB)
460
  5.730235 seconds (2.91 M allocations: 1.786 GiB)
110
  5.737070 seconds (3.01 M allocations: 1.829 GiB)
210
  6.942839 seconds (3.82 M allocations: 2.289 GiB)
759
  5.757257 seconds (3.14 M allocations: 1.885 GiB)
960
  7.763825 seconds (4.31 M allocations: 2.573 GiB)
9
  6.547020 seconds (3.72 M allocations: 2.205 GiB)
60
  6.458157 seconds (3.26 M allocations: 2.005 GiB)
260
  6.325724 seconds (3.11 M allocations: 1.930 GiB)
560
  7.389886 seconds (3.88 M allocations: 2.355 GiB)
810
  7.381802 seconds (3.66 M allocations: 2.265 GiB)
860
  8.080403 seconds (3.91 M allocations: 2.440 GiB)
610
  6.057250 seconds (2.76 M allocations: 1.753 GiB)
661
  5.938207 seconds (2.24 M allocations: 1.528 GiB)  5.785647 seconds (1.55 M allocations: 1.231 GiB)

  6.071976 seconds (2.62 M allocations: 1.698 GiB)
  6.068535 seconds (2.67 M allocations: 1.718 GiB)
61
310
111
910
  7.141207 seconds (2.93 M allocations: 1.935 GiB)
211
  7.041941 seconds (2.88 M allocations: 1.905 GiB)
760
  6.980522 seconds (2.72 M allocations: 1.833 GiB)
10
  8.001361 seconds (4.04 M allocations: 2.481 GiB)
161
  8.341434 seconds (4.04 M allocations: 2.514 GiB)
510
  8.341977 seconds (3.97 M allocations: 2.485 GiB)
711
  8.533484 seconds (4.21 M allocations: 2.605 GiB)
410
  8.621163 seconds (4.41 M allocations: 2.695 GiB)
360
  8.716902 seconds (4.41 M allocations: 2.707 GiB)
461
  6.523385 seconds (3.27 M allocations: 2.013 GiB)
561
  8.802180 seconds (3.99 M allocations: 2.543 GiB)
961
  7.368163 seconds (3.80 M allocations: 2.319 GiB)
261
  6.860643 seconds (3.32 M allocations: 2.072 GiB)
611
  8.576442 seconds (3.96 M allocations: 2.511 GiB)
811
  8.511371 seconds (3.93 M allocations: 2.491 GiB)
861
  5.622807 seconds (2.34 M allocations: 1.545 GiB)
162
  6.655112 seconds (3.16 M allocations: 1.989 GiB)
112
  5.585473 seconds (2.24 M allocations: 1.497 GiB)
411
  6.825653 seconds (2.96 M allocations: 1.923 GiB)
11
  8.055468 seconds (3.79 M allocations: 2.392 GiB)
911
  8.371812 seconds (4.00 M allocations: 2.509 GiB)
311
  6.810494 seconds (2.61 M allocations: 1.777 GiB)
462
  7.235310 seconds (2.99 M allocations: 1.976 GiB)
712
  8.684769 seconds (4.24 M allocations: 2.640 GiB)
62
  8.764503 seconds (4.35 M allocations: 2.695 GiB)
  8.318988 seconds (4.06 M allocations: 2.530 GiB)
662
212
  8.529681 seconds (4.49 M allocations: 2.724 GiB)
761
  6.657251 seconds (3.08 M allocations: 1.951 GiB)
962
  7.663702 seconds (3.61 M allocations: 2.277 GiB)
361
  6.578714 seconds (3.07 M allocations: 1.940 GiB)
262
  8.649262 seconds (4.43 M allocations: 2.716 GiB)
511
  7.991486 seconds (3.92 M allocations: 2.435 GiB)
562
  7.897964 seconds (3.75 M allocations: 2.356 GiB)
612
  7.241208 seconds (3.57 M allocations: 2.215 GiB)
812
  5.998945 seconds (3.06 M allocations: 1.875 GiB)
412
 15.182421 seconds (3.59 M allocations: 2.186 GiB, 54.60% gc time)
163
 17.033401 seconds (4.15 M allocations: 2.604 GiB, 48.67% gc time)
862
 15.833749 seconds (3.83 M allocations: 2.352 GiB, 52.36% gc time)
113
 15.679547 seconds (3.67 M allocations: 2.271 GiB, 52.87% gc time)
12
 15.213238 seconds (3.42 M allocations: 2.117 GiB, 54.49% gc time)
312
 15.279810 seconds (2.95 M allocations: 1.934 GiB, 54.25% gc time)
63
 15.040395 seconds (2.52 M allocations: 1.734 GiB, 55.12% gc time)
263
 16.510454 seconds (4.20 M allocations: 2.576 GiB, 50.21% gc time)
912
 14.842666 seconds (2.57 M allocations: 1.732 GiB, 55.85% gc time)
512
 16.366206 seconds (3.84 M allocations: 2.411 GiB, 50.65% gc time)
 16.150781 seconds (3.62 M allocations: 2.298 GiB, 51.33% gc time)
713
663
 15.723706 seconds (3.10 M allocations: 2.044 GiB, 52.72% gc time)
362
 16.792773 seconds (4.19 M allocations: 2.597 GiB, 49.37% gc time)
213
 16.372031 seconds (3.71 M allocations: 2.361 GiB, 50.63% gc time)
762
 17.815352 seconds (4.66 M allocations: 2.897 GiB, 46.53% gc time)
463
 16.129278 seconds (3.55 M allocations: 2.268 GiB, 51.40% gc time)
563
 15.705964 seconds (3.28 M allocations: 2.116 GiB, 52.78% gc time)
 15.395116 seconds (3.34 M allocations: 2.108 GiB, 53.85% gc time)
 17.670682 seconds (4.17 M allocations: 2.686 GiB, 46.91% gc time)
813
613
963
 15.667788 seconds (3.68 M allocations: 2.276 GiB, 52.91% gc time)
413
  7.100108 seconds (3.54 M allocations: 2.192 GiB)
  6.653126 seconds (3.36 M allocations: 2.071 GiB)
164
863
  7.049654 seconds (3.50 M allocations: 2.170 GiB)
13
  7.912878 seconds (3.78 M allocations: 2.375 GiB)
114
  5.642837 seconds (2.49 M allocations: 1.608 GiB)
363
  5.768241 seconds (2.62 M allocations: 1.674 GiB)
664
  6.555845 seconds (3.48 M allocations: 2.111 GiB)
264
  6.620843 seconds (3.43 M allocations: 2.097 GiB)
513
  7.894292 seconds (4.22 M allocations: 2.553 GiB)
313
  7.446350 seconds (4.07 M allocations: 2.449 GiB)
64
  6.734004 seconds (3.45 M allocations: 2.118 GiB)
714
  6.528418 seconds (3.30 M allocations: 2.034 GiB)
214
  8.971974 seconds (4.52 M allocations: 2.790 GiB)
913
  6.059250 seconds (2.78 M allocations: 1.769 GiB)
  8.362649 seconds (3.70 M allocations: 2.387 GiB)
964
  8.541260 seconds (3.59 M allocations: 2.358 GiB)
763
464
  5.686299 seconds (2.54 M allocations: 1.634 GiB)
14
  7.758824 seconds (3.56 M allocations: 2.265 GiB)
614
  7.948040 seconds (3.69 M allocations: 2.341 GiB)
814
  6.065961 seconds (2.71 M allocations: 1.739 GiB)
364
  7.971320 seconds (3.52 M allocations: 2.271 GiB)
864
  6.041712 seconds (2.66 M allocations: 1.719 GiB)
665
  8.450218 seconds (4.13 M allocations: 2.570 GiB)
414
  8.272288 seconds (3.95 M allocations: 2.480 GiB)
165
  6.048128 seconds (2.97 M allocations: 1.845 GiB)
514
  6.058506 seconds (2.91 M allocations: 1.824 GiB)
65
  7.414649 seconds (4.09 M allocations: 2.447 GiB)
115
 10.066804 seconds (5.30 M allocations: 3.221 GiB)
564
  7.505118 seconds (3.42 M allocations: 2.182 GiB)
715
  7.657372 seconds (3.45 M allocations: 2.208 GiB)
215
  8.516466 seconds (3.97 M allocations: 2.510 GiB)
314
  9.291068 seconds (4.57 M allocations: 2.838 GiB)
265
  6.200638 seconds (3.09 M allocations: 1.908 GiB)
465
  6.049302 seconds (2.45 M allocations: 1.629 GiB)
365
  6.036938 seconds (2.42 M allocations: 1.617 GiB)
666
  6.046413 seconds (2.42 M allocations: 1.617 GiB)
  8.071298 seconds (3.83 M allocations: 2.407 GiB)
166
965
  6.987270 seconds (3.48 M allocations: 2.151 GiB)
815
  6.069441 seconds (2.51 M allocations: 1.658 GiB)
515
  7.039979 seconds (3.37 M allocations: 2.110 GiB)
865
  6.460713 seconds (2.86 M allocations: 1.842 GiB)
66
  9.041530 seconds (4.68 M allocations: 2.858 GiB)
764
  8.243267 seconds (4.43 M allocations: 2.673 GiB)
15
  9.106724 seconds (4.82 M allocations: 2.921 GiB)
914
  7.171224 seconds (3.38 M allocations: 2.128 GiB)
116
  8.132312 seconds (4.03 M allocations: 2.499 GiB)
415
  6.033231 seconds (2.80 M allocations: 1.778 GiB)
266
 10.015276 seconds (5.24 M allocations: 3.191 GiB)
615
  6.865448 seconds (3.23 M allocations: 2.039 GiB)
315
  9.117717 seconds (4.21 M allocations: 2.674 GiB)
565
  8.516031 seconds (4.07 M allocations: 2.554 GiB)
716
  8.078674 seconds (3.95 M allocations: 2.462 GiB)
216
  6.926564 seconds (3.61 M allocations: 2.203 GiB)
466
  5.760210 seconds (3.35 M allocations: 1.975 GiB)
366
 14.306191 seconds (3.68 M allocations: 2.281 GiB, 48.05% gc time)
667
 14.561284 seconds (3.59 M allocations: 2.270 GiB, 47.21% gc time)
966
 13.714595 seconds (2.60 M allocations: 1.777 GiB, 50.13% gc time)
915
 15.027404 seconds (3.96 M allocations: 2.473 GiB, 45.75% gc time)
167
 14.356652 seconds (3.44 M allocations: 2.189 GiB, 47.88% gc time)
866
 14.242098 seconds (3.15 M allocations: 2.056 GiB, 48.27% gc time)
765
 12.913874 seconds (2.58 M allocations: 1.684 GiB, 53.23% gc time)
267
 15.730178 seconds (4.27 M allocations: 2.670 GiB, 43.70% gc time)
516
 15.345302 seconds (3.82 M allocations: 2.445 GiB, 44.80% gc time)
 15.969112 seconds (4.44 M allocations: 2.764 GiB, 43.05% gc time)
816
67
 13.065004 seconds (2.77 M allocations: 1.778 GiB, 52.62% gc time)
616
 15.665813 seconds (4.20 M allocations: 2.632 GiB, 43.88% gc time)
16
 14.867186 seconds (3.84 M allocations: 2.402 GiB, 46.24% gc time)
416
 15.955628 seconds (4.26 M allocations: 2.688 GiB, 43.09% gc time)
117
 12.936810 seconds (2.93 M allocations: 1.829 GiB, 53.14% gc time)
467
  6.030601 seconds (2.93 M allocations: 1.826 GiB)
367
 15.473804 seconds (4.13 M allocations: 2.581 GiB, 44.43% gc time)
316
 15.673613 seconds (4.04 M allocations: 2.564 GiB, 43.86% gc time)
 15.664727 seconds (4.01 M allocations: 2.550 GiB, 43.89% gc time)
717
566
  6.185166 seconds (3.21 M allocations: 1.958 GiB)
668
 15.722137 seconds (4.14 M allocations: 2.615 GiB, 43.72% gc time)
217
  5.925939 seconds (3.08 M allocations: 1.878 GiB)
867
  6.870140 seconds (3.58 M allocations: 2.182 GiB)
916
  6.665985 seconds (3.29 M allocations: 2.041 GiB)
766
  6.175008 seconds (3.20 M allocations: 1.952 GiB)
268
  6.181789 seconds (2.89 M allocations: 1.827 GiB)
617
  7.013639 seconds (2.89 M allocations: 1.915 GiB)
17
  9.303195 seconds (4.69 M allocations: 2.888 GiB)
967
  8.917173 seconds (4.30 M allocations: 2.692 GiB)
168
  8.214796 seconds (3.67 M allocations: 2.360 GiB)
68
  6.186719 seconds (2.74 M allocations: 1.769 GiB)
368
  8.752144 seconds (4.16 M allocations: 2.615 GiB)
517
  5.777119 seconds (2.85 M allocations: 1.771 GiB)
317
  9.034613 seconds (4.33 M allocations: 2.714 GiB)
817
  9.268761 seconds (4.23 M allocations: 2.698 GiB)
417
  6.176872 seconds (2.99 M allocations: 1.866 GiB)
718
  8.738407 seconds (4.25 M allocations: 2.653 GiB)
118
  8.655278 seconds (4.19 M allocations: 2.619 GiB)
468
  6.035944 seconds (3.06 M allocations: 1.883 GiB)
868
  6.038942 seconds (2.94 M allocations: 1.832 GiB)
767
  6.042355 seconds (2.94 M allocations: 1.833 GiB)
269
  6.029769 seconds (2.93 M allocations: 1.829 GiB)
618
  9.078201 seconds (4.41 M allocations: 2.751 GiB)
567
  9.068818 seconds (4.31 M allocations: 2.710 GiB)
669
  9.040392 seconds (4.32 M allocations: 2.711 GiB)
218
  6.045049 seconds (3.31 M allocations: 1.986 GiB)
18
  6.046695 seconds (2.94 M allocations: 1.832 GiB)
369
  9.065924 seconds (4.52 M allocations: 2.796 GiB)
917
  6.034394 seconds (2.93 M allocations: 1.830 GiB)
318
  6.036311 seconds (2.65 M allocations: 1.713 GiB)
719
  9.070749 seconds (4.20 M allocations: 2.662 GiB)
  9.082308 seconds (4.20 M allocations: 2.665 GiB)
169
968
  6.060949 seconds (2.47 M allocations: 1.640 GiB)
869
  9.083338 seconds (4.35 M allocations: 2.724 GiB)
69
  9.065324 seconds (4.27 M allocations: 2.689 GiB)
518
  6.062450 seconds (2.82 M allocations: 1.786 GiB)
768
  6.049910 seconds (2.93 M allocations: 1.827 GiB)
270
  6.041866 seconds (2.80 M allocations: 1.774 GiB)  8.622979 seconds (3.78 M allocations: 2.443 GiB)

  9.037991 seconds (4.20 M allocations: 2.659 GiB)
  9.064189 seconds (4.34 M allocations: 2.720 GiB)
119
418
619
  8.849751 seconds (3.78 M allocations: 2.470 GiB)
  5.644166 seconds (2.20 M allocations: 1.488 GiB)
19
818
469
  6.147647 seconds (3.04 M allocations: 1.884 GiB)
370
 14.829417 seconds (3.89 M allocations: 2.392 GiB, 47.97% gc time)
568
 14.899329 seconds (3.87 M allocations: 2.393 GiB, 47.75% gc time)
670
 13.328613 seconds (3.18 M allocations: 1.948 GiB, 53.37% gc time)
319
 15.366113 seconds (4.21 M allocations: 2.580 GiB, 46.30% gc time)
219
 15.028538 seconds (3.89 M allocations: 2.416 GiB, 47.34% gc time)
918
 14.912920 seconds (3.74 M allocations: 2.343 GiB, 47.70% gc time)
720
 14.561131 seconds (3.42 M allocations: 2.176 GiB, 48.86% gc time)
870
 14.029047 seconds (3.24 M allocations: 2.045 GiB, 50.71% gc time)
70
 15.489552 seconds (3.83 M allocations: 2.437 GiB, 45.93% gc time)
170
 12.841268 seconds (2.11 M allocations: 1.454 GiB, 55.40% gc time)
120
 15.648692 seconds (4.02 M allocations: 2.535 GiB, 45.46% gc time)
969
 13.167621 seconds (2.59 M allocations: 1.689 GiB, 54.03% gc time)
 14.775475 seconds (3.62 M allocations: 2.280 GiB, 48.15% gc time)
470
769
 15.144943 seconds (4.04 M allocations: 2.488 GiB, 46.97% gc time)
519
  6.059947 seconds (2.79 M allocations: 1.771 GiB)
371
  6.069679 seconds (2.64 M allocations: 1.709 GiB)
671
  6.076444 seconds (2.64 M allocations: 1.711 GiB)
320
  6.063384 seconds (2.67 M allocations: 1.722 GiB)
220
 16.086371 seconds (4.17 M allocations: 2.636 GiB, 44.22% gc time)
419
 16.088061 seconds (3.97 M allocations: 2.557 GiB, 44.22% gc time)
20
 16.198234 seconds (4.09 M allocations: 2.616 GiB, 43.92% gc time)
 16.197471 seconds (4.08 M allocations: 2.616 GiB, 43.92% gc time)
819
271
 16.195150 seconds (4.16 M allocations: 2.648 GiB, 43.93% gc time)
620
  6.076474 seconds (3.01 M allocations: 1.867 GiB)
919
  9.106326 seconds (4.43 M allocations: 2.763 GiB)
569
  6.059477 seconds (3.22 M allocations: 1.952 GiB)
71
  6.047318 seconds (3.10 M allocations: 1.899 GiB)
121
  6.078552 seconds (2.87 M allocations: 1.808 GiB)
471
  6.060228 seconds (2.67 M allocations: 1.728 GiB)
372
  9.115727 seconds (4.48 M allocations: 2.783 GiB)
721
  6.070351 seconds (2.66 M allocations: 1.721 GiB)
672
  6.057437 seconds (2.71 M allocations: 1.741 GiB)
321
  9.130084 seconds (4.55 M allocations: 2.818 GiB)
871
  6.056553 seconds (2.93 M allocations: 1.832 GiB)
221
  8.714445 seconds (4.15 M allocations: 2.610 GiB)
770
  9.069677 seconds (4.54 M allocations: 2.804 GiB)
171
  9.094244 seconds (4.46 M allocations: 2.774 GiB)
970
  9.119934 seconds (4.48 M allocations: 2.788 GiB)
520
  6.730224 seconds (2.93 M allocations: 1.901 GiB)
920
  7.640004 seconds (3.20 M allocations: 2.105 GiB)
820
  7.678666 seconds (3.25 M allocations: 2.129 GiB)
272
  8.172636 seconds (3.74 M allocations: 2.380 GiB)
21
  6.060187 seconds (2.93 M allocations: 1.831 GiB)
122
  9.093624 seconds (4.32 M allocations: 2.715 GiB)
420
  7.655809 seconds (3.69 M allocations: 2.306 GiB)
570
  9.123379 seconds (4.11 M allocations: 2.631 GiB)
621
  7.663810 seconds (3.85 M allocations: 2.374 GiB)
72
  7.490569 seconds (3.69 M allocations: 2.289 GiB)
472
  6.055454 seconds (2.80 M allocations: 1.774 GiB)
222
  6.425120 seconds (3.10 M allocations: 1.936 GiB)
872
  6.049060 seconds (2.66 M allocations: 1.717 GiB)
971
  8.348351 seconds (3.96 M allocations: 2.486 GiB)
673
  8.832794 seconds (4.32 M allocations: 2.689 GiB)
373
  8.393295 seconds (3.95 M allocations: 2.491 GiB)
722
  8.692143 seconds (4.20 M allocations: 2.623 GiB)
322
  6.048698 seconds (2.83 M allocations: 1.787 GiB)
821
  6.039359 seconds (2.82 M allocations: 1.781 GiB)
273
  5.686427 seconds (2.69 M allocations: 1.694 GiB)
22
  8.887078 seconds (4.39 M allocations: 2.720 GiB)
771
  9.076740 seconds (4.43 M allocations: 2.756 GiB)
172
  6.175336 seconds (3.08 M allocations: 1.905 GiB)
123
  6.050709 seconds (3.00 M allocations: 1.855 GiB)
571
  9.089575 seconds (4.60 M allocations: 2.829 GiB)
521
  9.083197 seconds (4.60 M allocations: 2.830 GiB)
921
 16.466077 seconds (2.97 M allocations: 1.867 GiB, 61.87% gc time)
223
 16.382844 seconds (2.87 M allocations: 1.821 GiB, 62.18% gc time)
873
 19.149150 seconds (4.28 M allocations: 2.682 GiB, 53.20% gc time)
421
 18.778433 seconds (3.99 M allocations: 2.529 GiB, 54.25% gc time)
73
 19.204267 seconds (4.22 M allocations: 2.666 GiB, 53.05% gc time)
622
 18.056127 seconds (3.95 M allocations: 2.437 GiB, 56.42% gc time)
473
 16.967791 seconds (3.05 M allocations: 1.952 GiB, 60.04% gc time)
323
 17.665375 seconds (3.49 M allocations: 2.204 GiB, 57.67% gc time)
674
 18.713369 seconds (4.05 M allocations: 2.546 GiB, 54.44% gc time)
972
 17.320601 seconds (3.09 M allocations: 2.009 GiB, 58.82% gc time)
274
 16.639868 seconds (2.74 M allocations: 1.795 GiB, 61.22% gc time)
173
 17.041025 seconds (3.08 M allocations: 1.977 GiB, 59.78% gc time)
 17.963589 seconds (3.45 M allocations: 2.224 GiB, 56.71% gc time)
772
822
 17.976969 seconds (3.53 M allocations: 2.259 GiB, 56.67% gc time)
23
 18.925980 seconds (4.51 M allocations: 2.756 GiB, 53.83% gc time)
723
 16.632259 seconds (3.13 M allocations: 1.949 GiB, 61.25% gc time)
522
 19.360742 seconds (4.79 M allocations: 2.918 GiB, 52.62% gc time)
374
 18.380117 seconds (3.93 M allocations: 2.462 GiB, 55.43% gc time)
124
 18.647323 seconds (3.97 M allocations: 2.507 GiB, 54.63% gc time)
572
  6.088705 seconds (3.15 M allocations: 1.923 GiB)
874
  6.470325 seconds (3.27 M allocations: 2.011 GiB)
422
 18.777143 seconds (4.03 M allocations: 2.544 GiB, 54.25% gc time)
922
  6.085596 seconds (2.87 M allocations: 1.808 GiB)
474
  6.068181 seconds (3.08 M allocations: 1.892 GiB)
324
  6.085192 seconds (3.06 M allocations: 1.887 GiB)
675
  9.132065 seconds (4.41 M allocations: 2.758 GiB)
224
  9.195685 seconds (4.29 M allocations: 2.716 GiB)
74
  9.059163 seconds (4.13 M allocations: 2.636 GiB)
623
  6.071498 seconds (2.93 M allocations: 1.833 GiB)
174
  6.060269 seconds (2.91 M allocations: 1.824 GiB)
773
  6.049902 seconds (2.74 M allocations: 1.754 GiB)
523
  8.792571 seconds (4.26 M allocations: 2.664 GiB)
973
  6.049309 seconds (2.54 M allocations: 1.672 GiB)
875
  9.116609 seconds (4.48 M allocations: 2.787 GiB)
275
  8.440589 seconds (3.83 M allocations: 2.449 GiB)
24
  6.052637 seconds (2.67 M allocations: 1.722 GiB)
423
  9.093232 seconds (4.32 M allocations: 2.717 GiB)
  6.056110 seconds (2.63 M allocations: 1.709 GiB)
823
475
  9.075231 seconds (4.48 M allocations: 2.781 GiB)
724
  9.078854 seconds (4.34 M allocations: 2.725 GiB)
375
  8.374241 seconds (4.00 M allocations: 2.512 GiB)
573
  9.116523 seconds (4.48 M allocations: 2.785 GiB)
125
  6.051282 seconds (3.29 M allocations: 1.978 GiB)
325
  6.042004 seconds (2.69 M allocations: 1.727 GiB)
175
  9.086141 seconds (4.11 M allocations: 2.628 GiB)
923
  7.113929 seconds (3.56 M allocations: 2.200 GiB)
676
  7.079689 seconds (3.36 M allocations: 2.110 GiB)
624
  7.591888 seconds (3.44 M allocations: 2.194 GiB)
774
  6.042333 seconds (3.07 M allocations: 1.883 GiB)
974
  9.089738 seconds (4.47 M allocations: 2.778 GiB)
225
  6.071083 seconds (3.11 M allocations: 1.904 GiB)
876
  6.043148 seconds (3.07 M allocations: 1.886 GiB)
25
  9.098379 seconds (4.52 M allocations: 2.797 GiB)
75
  6.047059 seconds (3.04 M allocations: 1.872 GiB)
424
  9.102563 seconds (4.47 M allocations: 2.775 GiB)
524
  6.054772 seconds (2.74 M allocations: 1.749 GiB)
574
  6.030988 seconds (2.66 M allocations: 1.714 GiB)
326
  9.086459 seconds (4.33 M allocations: 2.718 GiB)
276
  6.044715 seconds (2.70 M allocations: 1.733 GiB)
176
  9.068182 seconds (4.11 M allocations: 2.622 GiB)
  9.083167 seconds (4.12 M allocations: 2.630 GiB)
476
824
  9.069106 seconds (4.32 M allocations: 2.713 GiB)
725
  9.060855 seconds (4.33 M allocations: 2.717 GiB)
376
  6.069960 seconds (3.01 M allocations: 1.867 GiB)
625
  9.144961 seconds (4.27 M allocations: 2.698 GiB)
126
  6.057957 seconds (2.81 M allocations: 1.783 GiB)
877
 12.747027 seconds (2.71 M allocations: 1.721 GiB, 53.66% gc time)
 15.217307 seconds (3.90 M allocations: 2.467 GiB, 44.95% gc time)
 13.422828 seconds (3.23 M allocations: 2.008 GiB, 50.95% gc time)
677
26
975
 15.721362 seconds (4.47 M allocations: 2.753 GiB, 43.50% gc time)
924
 14.713733 seconds (4.15 M allocations: 2.520 GiB, 46.48% gc time)
775
 13.882124 seconds (3.36 M allocations: 2.106 GiB, 49.27% gc time)
425
 14.714760 seconds (3.65 M allocations: 2.311 GiB, 46.48% gc time)
76
 13.308589 seconds (3.26 M allocations: 2.010 GiB, 51.39% gc time)
575
 15.946742 seconds (4.47 M allocations: 2.776 GiB, 42.89% gc time)
226
 13.395986 seconds (3.03 M allocations: 1.921 GiB, 51.06% gc time)
177
 15.219149 seconds (3.97 M allocations: 2.497 GiB, 44.94% gc time)
525
 13.173640 seconds (2.89 M allocations: 1.842 GiB, 51.92% gc time)
726
 13.587613 seconds (3.19 M allocations: 2.007 GiB, 50.34% gc time)
477
 12.983548 seconds (2.81 M allocations: 1.789 GiB, 52.68% gc time)
127
  5.768939 seconds (2.32 M allocations: 1.550 GiB) 14.974819 seconds (3.32 M allocations: 2.206 GiB, 45.67% gc time)

  6.033102 seconds (2.55 M allocations: 1.670 GiB)
  5.090641 seconds (1.58 M allocations: 1.177 GiB)
 15.935120 seconds (3.40 M allocations: 2.336 GiB, 42.92% gc time)
  6.532096 seconds (1.93 M allocations: 1.463 GiB)
  7.481527 seconds (2.52 M allocations: 1.807 GiB)
976
27
 15.037483 seconds (3.67 M allocations: 2.354 GiB, 45.48% gc time)
  4.588300 seconds (708.68 k allocations: 728.461 MiB)
77
626
377
 16.288613 seconds (4.40 M allocations: 2.785 GiB, 41.99% gc time)
327
  4.344404 seconds (600.19 k allocations: 668.086 MiB)
878
 15.880923 seconds (4.20 M allocations: 2.661 GiB, 43.07% gc time)
  4.315470 seconds (680.81 k allocations: 709.615 MiB)
  6.070672 seconds (2.13 M allocations: 1.505 GiB)
  7.961737 seconds (2.55 M allocations: 1.868 GiB)
  5.303672 seconds (1.34 M allocations: 1.091 GiB)
825
  4.586217 seconds (1.03 M allocations: 885.139 MiB)
277
  5.399198 seconds (1.50 M allocations: 1.175 GiB)
  5.677458 seconds (1.94 M allocations: 1.385 GiB)
178
478
426
727
227
526
576
925
678
776
  6.108370 seconds (1.18 M allocations: 1.109 GiB)
  6.101150 seconds (1.11 M allocations: 1.077 GiB)
278
777
  6.255222 seconds (1.15 M allocations: 1.114 GiB)
826
  6.729779 seconds (2.00 M allocations: 1.507 GiB)
  6.710413 seconds (1.80 M allocations: 1.428 GiB)
627
179
  6.836557 seconds (1.81 M allocations: 1.445 GiB)
527
  6.842986 seconds (1.75 M allocations: 1.423 GiB)
128
  6.817796 seconds (1.66 M allocations: 1.385 GiB)
577
  8.010545 seconds (3.32 M allocations: 2.180 GiB)
78
  7.999289 seconds (2.96 M allocations: 2.031 GiB)
  7.991710 seconds (2.88 M allocations: 2.001 GiB)
378
28
  8.015883 seconds (2.70 M allocations: 1.932 GiB)
479
  8.104272 seconds (2.71 M allocations: 1.945 GiB)
  8.104143 seconds (2.71 M allocations: 1.947 GiB)
427
879
  8.252992 seconds (3.00 M allocations: 2.079 GiB)
  8.289794 seconds (3.05 M allocations: 2.106 GiB)
679
  8.292615 seconds (3.04 M allocations: 2.103 GiB)
926
228
  8.837231 seconds (3.67 M allocations: 2.415 GiB)
977
  8.825907 seconds (3.64 M allocations: 2.401 GiB)
728
  9.026253 seconds (4.24 M allocations: 2.664 GiB)
328
  6.226583 seconds (2.57 M allocations: 1.696 GiB)
129
  6.411989 seconds (2.78 M allocations: 1.802 GiB)
180
  7.256511 seconds (3.65 M allocations: 2.246 GiB)
827
  5.989342 seconds (2.27 M allocations: 1.547 GiB)
480
  6.022500 seconds (1.87 M allocations: 1.389 GiB)
927
  6.314678 seconds (2.08 M allocations: 1.506 GiB)
880
  8.509099 seconds (4.34 M allocations: 2.661 GiB)
778
  6.597530 seconds (2.37 M allocations: 1.652 GiB)
428
  6.034873 seconds (1.95 M allocations: 1.423 GiB)
329
  9.010197 seconds (4.88 M allocations: 2.935 GiB)
  6.331285 seconds (2.19 M allocations: 1.553 GiB)
279
729
  8.647179 seconds (4.41 M allocations: 2.702 GiB)
528
  8.749334 seconds (4.47 M allocations: 2.739 GiB)
578
  9.467937 seconds (4.96 M allocations: 3.010 GiB)
628
  8.798316 seconds (4.31 M allocations: 2.677 GiB)
29
  8.815828 seconds (4.31 M allocations: 2.678 GiB)
379
  8.870963 seconds (4.41 M allocations: 2.724 GiB)
79
  8.568121 seconds (3.77 M allocations: 2.432 GiB)
229
  8.976353 seconds (4.18 M allocations: 2.646 GiB)
680
  8.713976 seconds (3.97 M allocations: 2.529 GiB)
978
 17.452061 seconds (3.39 M allocations: 2.049 GiB, 63.40% gc time)
181
 17.321241 seconds (3.23 M allocations: 1.973 GiB, 63.88% gc time)
481
 18.490256 seconds (3.87 M allocations: 2.357 GiB, 59.84% gc time)
130
 18.687678 seconds (3.84 M allocations: 2.364 GiB, 59.21% gc time)
828
 17.796689 seconds (2.81 M allocations: 1.845 GiB, 62.17% gc time)
730
 19.072474 seconds (3.90 M allocations: 2.427 GiB, 58.02% gc time)
928
 17.557189 seconds (2.60 M allocations: 1.735 GiB, 63.02% gc time)
629
 19.252641 seconds (3.90 M allocations: 2.445 GiB, 57.47% gc time)
881
 19.163231 seconds (3.81 M allocations: 2.401 GiB, 57.74% gc time)
429
 19.031870 seconds (3.66 M allocations: 2.323 GiB, 58.14% gc time)
330
 19.274024 seconds (3.95 M allocations: 2.470 GiB, 57.41% gc time)
779
 17.561164 seconds (2.90 M allocations: 1.858 GiB, 63.01% gc time)
30
 19.297733 seconds (4.02 M allocations: 2.501 GiB, 57.34% gc time)
280
 19.102277 seconds (3.87 M allocations: 2.418 GiB, 57.92% gc time)
529
 17.954129 seconds (3.19 M allocations: 2.019 GiB, 61.63% gc time)
380
 19.411624 seconds (4.22 M allocations: 2.593 GiB, 57.00% gc time)
579
 17.660018 seconds (3.10 M allocations: 1.949 GiB, 62.66% gc time)
979
 18.821999 seconds (3.73 M allocations: 2.329 GiB, 58.79% gc time)
230
 19.640903 seconds (4.02 M allocations: 2.533 GiB, 56.34% gc time)
80
 19.575642 seconds (3.98 M allocations: 2.511 GiB, 56.52% gc time)
681
  6.540677 seconds (3.55 M allocations: 2.133 GiB)
182
  7.667110 seconds (3.70 M allocations: 2.310 GiB)
482
  7.478677 seconds (3.58 M allocations: 2.245 GiB)
131
  7.365395 seconds (3.68 M allocations: 2.273 GiB)
829
  6.755227 seconds (3.47 M allocations: 2.125 GiB)
731
  6.154338 seconds (2.85 M allocations: 1.810 GiB)
331
  6.781753 seconds (3.62 M allocations: 2.191 GiB)
929
  6.278977 seconds (2.99 M allocations: 1.879 GiB)
780
  5.972171 seconds (2.82 M allocations: 1.777 GiB)
281
  6.193239 seconds (2.92 M allocations: 1.840 GiB)
530
  6.824972 seconds (3.50 M allocations: 2.146 GiB)
430
  8.251158 seconds (4.17 M allocations: 2.569 GiB)
882
  9.042202 seconds (4.64 M allocations: 2.844 GiB)
  7.701028 seconds (3.29 M allocations: 2.152 GiB)
630
580
  7.739727 seconds (3.44 M allocations: 2.216 GiB)
980
  9.074762 seconds (4.45 M allocations: 2.768 GiB)
31
  9.062021 seconds (4.21 M allocations: 2.668 GiB)
381
  7.259270 seconds (3.37 M allocations: 2.136 GiB)
682
  9.049351 seconds (4.07 M allocations: 2.612 GiB)
231
  9.056447 seconds (4.07 M allocations: 2.611 GiB)
81
  6.051599 seconds (2.97 M allocations: 1.848 GiB)
732
  6.214121 seconds (3.10 M allocations: 1.917 GiB)
830
  9.079172 seconds (4.21 M allocations: 2.670 GiB)
183
  6.043734 seconds (2.81 M allocations: 1.781 GiB)
781
  6.046236 seconds (2.88 M allocations: 1.811 GiB)
282
  6.035932 seconds (2.80 M allocations: 1.777 GiB)
431
  9.072757 seconds (4.50 M allocations: 2.788 GiB)
483
  9.062516 seconds (4.48 M allocations: 2.783 GiB)
132
  8.280654 seconds (4.04 M allocations: 2.518 GiB)
332
  6.635814 seconds (3.30 M allocations: 2.042 GiB)
883
  8.894097 seconds (4.33 M allocations: 2.702 GiB)
  6.048820 seconds (2.92 M allocations: 1.828 GiB)
930
981
  8.881019 seconds (4.19 M allocations: 2.641 GiB)
531
  7.148974 seconds (3.65 M allocations: 2.237 GiB)
581
  8.406753 seconds (3.93 M allocations: 2.485 GiB)
631
  7.577983 seconds (3.44 M allocations: 2.194 GiB)
683
  5.975991 seconds (2.85 M allocations: 1.788 GiB)
733
  5.982435 seconds (2.93 M allocations: 1.820 GiB)
831
  8.409593 seconds (4.08 M allocations: 2.543 GiB)
382
  7.494805 seconds (3.83 M allocations: 2.347 GiB)
232
  9.164093 seconds (4.53 M allocations: 2.811 GiB)
32
  6.326315 seconds (2.98 M allocations: 1.879 GiB)
432
  8.194533 seconds (4.20 M allocations: 2.577 GiB)
82
  8.092483 seconds (3.78 M allocations: 2.392 GiB)
782
  8.111459 seconds (3.77 M allocations: 2.387 GiB)
184
  8.374472 seconds (3.96 M allocations: 2.495 GiB)
283
  6.274053 seconds (2.88 M allocations: 1.834 GiB)
982
  6.507227 seconds (3.01 M allocations: 1.909 GiB)
931
  7.856489 seconds (3.75 M allocations: 2.351 GiB)
333
  7.601506 seconds (3.65 M allocations: 2.285 GiB)
884
  8.423663 seconds (4.17 M allocations: 2.581 GiB)
484
  8.893303 seconds (4.40 M allocations: 2.725 GiB)
133
 18.391056 seconds (3.30 M allocations: 2.042 GiB, 63.75% gc time)
632
 18.215893 seconds (3.17 M allocations: 1.972 GiB, 64.36% gc time)
684
 18.270560 seconds (3.14 M allocations: 1.966 GiB, 64.17% gc time)
832
 18.374233 seconds (3.16 M allocations: 1.983 GiB, 63.81% gc time)
383
 21.055462 seconds (4.44 M allocations: 2.786 GiB, 55.68% gc time)
532
 20.921697 seconds (4.41 M allocations: 2.763 GiB, 56.04% gc time)
 19.223301 seconds (3.76 M allocations: 2.322 GiB, 60.99% gc time)
734
582
 18.114873 seconds (3.25 M allocations: 1.994 GiB, 64.72% gc time)
433
 18.872331 seconds (3.55 M allocations: 2.196 GiB, 62.13% gc time)
33
 19.340166 seconds (3.90 M allocations: 2.386 GiB, 60.62% gc time)
233
 18.994822 seconds (3.66 M allocations: 2.252 GiB, 61.73% gc time)
83
 18.632839 seconds (3.52 M allocations: 2.158 GiB, 62.92% gc time)
185
 17.976252 seconds (2.97 M allocations: 1.867 GiB, 65.22% gc time)
334
 17.781753 seconds (2.82 M allocations: 1.787 GiB, 65.94% gc time)
885
 19.560059 seconds (3.86 M allocations: 2.395 GiB, 59.94% gc time)
284
 20.141126 seconds (4.20 M allocations: 2.598 GiB, 58.21% gc time)
783
  6.144560 seconds (3.08 M allocations: 1.905 GiB)
134
 20.959714 seconds (4.36 M allocations: 2.746 GiB, 55.94% gc time)
983
 20.806386 seconds (4.26 M allocations: 2.691 GiB, 56.35% gc time)
932
  6.057237 seconds (2.87 M allocations: 1.807 GiB)
384
  6.044843 seconds (2.70 M allocations: 1.734 GiB)
735
 21.103614 seconds (4.38 M allocations: 2.769 GiB, 55.56% gc time)
485
  6.033358 seconds (2.43 M allocations: 1.622 GiB)
234
  6.044506 seconds (2.53 M allocations: 1.664 GiB)
84
  9.095200 seconds (4.36 M allocations: 2.732 GiB)
633
  6.033841 seconds (2.66 M allocations: 1.717 GiB)
186
  9.335531 seconds (4.53 M allocations: 2.830 GiB)
685
  9.017545 seconds (4.39 M allocations: 2.737 GiB)
833
  8.830998 seconds (4.16 M allocations: 2.624 GiB)
583
  9.142798 seconds (4.39 M allocations: 2.750 GiB)
533
  8.632276 seconds (4.07 M allocations: 2.565 GiB)
434
  8.571635 seconds (4.10 M allocations: 2.573 GiB)
34
  6.049086 seconds (3.37 M allocations: 2.009 GiB)
335
  6.043675 seconds (3.40 M allocations: 2.021 GiB)
886
  6.673635 seconds (3.30 M allocations: 2.044 GiB)
135
  7.575319 seconds (3.81 M allocations: 2.349 GiB)
285
  6.871812 seconds (3.33 M allocations: 2.077 GiB)
933
  7.150653 seconds (3.52 M allocations: 2.187 GiB)
984
  9.096013 seconds (4.34 M allocations: 2.721 GiB)
784
  7.822774 seconds (3.73 M allocations: 2.340 GiB)
385
  7.805321 seconds (3.71 M allocations: 2.333 GiB)
736
  6.081980 seconds (2.69 M allocations: 1.736 GiB)
686
  8.353846 seconds (3.84 M allocations: 2.445 GiB)
235
  7.367956 seconds (3.42 M allocations: 2.169 GiB)
634
  6.053234 seconds (2.23 M allocations: 1.545 GiB)
336
  6.038552 seconds (2.31 M allocations: 1.575 GiB)
887
  9.091052 seconds (4.48 M allocations: 2.782 GiB)
486
  7.190359 seconds (3.15 M allocations: 2.042 GiB)
435
  7.357467 seconds (3.21 M allocations: 2.084 GiB)
  8.837328 seconds (4.49 M allocations: 2.763 GiB)
35
85
  8.553238 seconds (4.30 M allocations: 2.655 GiB)
187
  8.429443 seconds (4.13 M allocations: 2.573 GiB)
584
  9.117551 seconds (4.60 M allocations: 2.837 GiB)
834
  9.053406 seconds (4.27 M allocations: 2.695 GiB)
534
  7.831681 seconds (3.62 M allocations: 2.299 GiB)
286
  6.179889 seconds (3.09 M allocations: 1.913 GiB)
785
  6.039100 seconds (3.04 M allocations: 1.874 GiB)
386
  7.332685 seconds (3.67 M allocations: 2.272 GiB)
985
  6.168012 seconds (3.10 M allocations: 1.916 GiB)
  9.212764 seconds (4.38 M allocations: 2.756 GiB)
737
136
  8.519899 seconds (4.36 M allocations: 2.676 GiB)
934
  6.050065 seconds (3.00 M allocations: 1.860 GiB)
337
  6.033845 seconds (2.99 M allocations: 1.853 GiB)
888
  6.665241 seconds (3.43 M allocations: 2.100 GiB)
236
  7.581248 seconds (4.03 M allocations: 2.443 GiB)
687
  7.213690 seconds (3.51 M allocations: 2.190 GiB)
487
  8.720131 seconds (4.29 M allocations: 2.664 GiB)
635
  7.185253 seconds (3.18 M allocations: 2.052 GiB)
188
  7.023762 seconds (3.08 M allocations: 1.993 GiB)
835
  7.408977 seconds (3.32 M allocations: 2.131 GiB)
585
  6.181680 seconds (2.96 M allocations: 1.854 GiB)
287
 18.905174 seconds (4.33 M allocations: 2.714 GiB, 52.07% gc time)
436
 18.903597 seconds (4.30 M allocations: 2.703 GiB, 52.07% gc time)
36
 18.926404 seconds (4.32 M allocations: 2.716 GiB, 52.01% gc time)
86
 18.549819 seconds (4.01 M allocations: 2.545 GiB, 53.06% gc time)
535
 17.673187 seconds (3.74 M allocations: 2.346 GiB, 55.70% gc time)
786
 16.490552 seconds (3.03 M allocations: 1.929 GiB, 59.69% gc time)
935
 16.602774 seconds (2.97 M allocations: 1.918 GiB, 59.29% gc time)
338
 16.623633 seconds (2.98 M allocations: 1.925 GiB, 59.21% gc time)
889
 18.515782 seconds (4.10 M allocations: 2.580 GiB, 53.16% gc time)
387
 18.289021 seconds (3.87 M allocations: 2.464 GiB, 53.82% gc time)
 18.283598 seconds (3.88 M allocations: 2.469 GiB, 53.84% gc time)
738
 18.291726 seconds (3.89 M allocations: 2.474 GiB, 53.81% gc time)
137
986
 16.993491 seconds (3.58 M allocations: 2.210 GiB, 57.92% gc time)
237
 17.802272 seconds (3.77 M allocations: 2.374 GiB, 55.29% gc time)
688
 15.642724 seconds (2.90 M allocations: 1.793 GiB, 62.93% gc time)
586
 16.955389 seconds (3.59 M allocations: 2.210 GiB, 58.05% gc time)
636
 16.354138 seconds (3.27 M allocations: 2.018 GiB, 60.19% gc time)
836
  6.148248 seconds (3.18 M allocations: 1.944 GiB)
288
 18.074573 seconds (4.23 M allocations: 2.591 GiB, 54.46% gc time)
488
  6.496146 seconds (3.14 M allocations: 1.967 GiB)
87
  6.066150 seconds (3.08 M allocations: 1.895 GiB)
536
 19.514709 seconds (4.70 M allocations: 2.932 GiB, 50.44% gc time)
189
  8.362503 seconds (3.81 M allocations: 2.431 GiB)
37
  6.466074 seconds (3.19 M allocations: 1.983 GiB)
936
  6.067858 seconds (3.04 M allocations: 1.878 GiB)
339
  9.128803 seconds (4.59 M allocations: 2.831 GiB)
437
  6.478830 seconds (3.06 M allocations: 1.926 GiB)
388
  6.056143 seconds (2.80 M allocations: 1.776 GiB)
238
  9.132105 seconds (4.48 M allocations: 2.788 GiB)
787
  6.036807 seconds (2.80 M allocations: 1.776 GiB)
587
  8.864535 seconds (3.85 M allocations: 2.497 GiB)
138
  9.186070 seconds (4.27 M allocations: 2.706 GiB)
890
  8.864728 seconds (3.82 M allocations: 2.487 GiB)
987
  9.091841 seconds (4.13 M allocations: 2.639 GiB)
739
  6.210278 seconds (2.88 M allocations: 1.825 GiB)
289
  7.304402 seconds (3.58 M allocations: 2.228 GiB)
637
  8.348969 seconds (4.16 M allocations: 2.577 GiB)
  7.340948 seconds (3.61 M allocations: 2.244 GiB)
837
689
  6.217140 seconds (3.23 M allocations: 1.974 GiB)
537
  7.890679 seconds (3.76 M allocations: 2.362 GiB)
  5.970939 seconds (2.93 M allocations: 1.824 GiB)
88
38
  6.116571 seconds (3.10 M allocations: 1.908 GiB)
937
  9.769502 seconds (4.58 M allocations: 2.896 GiB)
489
  7.556983 seconds (3.86 M allocations: 2.370 GiB)
190
  7.321986 seconds (3.60 M allocations: 2.242 GiB)
340
  7.259443 seconds (3.66 M allocations: 2.259 GiB)
438
  7.687544 seconds (3.59 M allocations: 2.273 GiB)
239
  6.692341 seconds (3.33 M allocations: 2.063 GiB)
788
  9.079588 seconds (4.21 M allocations: 2.669 GiB)
389
  6.076751 seconds (2.58 M allocations: 1.688 GiB)
638
  8.361176 seconds (3.96 M allocations: 2.491 GiB)
588
  6.049726 seconds (2.47 M allocations: 1.640 GiB)
538
  8.766285 seconds (3.93 M allocations: 2.520 GiB)
891
  6.064008 seconds (2.48 M allocations: 1.642 GiB)
39
  6.055850 seconds (2.49 M allocations: 1.646 GiB)
  9.029564 seconds (4.22 M allocations: 2.666 GiB)
938
139
  8.892610 seconds (4.01 M allocations: 2.565 GiB)
290
  9.131935 seconds (4.36 M allocations: 2.735 GiB)
988
  9.154753 seconds (4.43 M allocations: 2.765 GiB)
740
  6.051724 seconds (2.88 M allocations: 1.804 GiB)
191
  9.082170 seconds (4.23 M allocations: 2.675 GiB)
838
  9.097623 seconds (4.24 M allocations: 2.681 GiB)
690
  6.075438 seconds (2.98 M allocations: 1.848 GiB)
341
  6.054232 seconds (3.20 M allocations: 1.936 GiB)
439
  6.069837 seconds (3.09 M allocations: 1.891 GiB)
789
  9.101351 seconds (4.52 M allocations: 2.791 GiB)
89
  9.092721 seconds (4.32 M allocations: 2.707 GiB)
490
  6.067222 seconds (3.10 M allocations: 1.898 GiB)
639
  8.174387 seconds (3.92 M allocations: 2.451 GiB)
240
  6.021898 seconds (3.16 M allocations: 1.918 GiB)
539
 19.920833 seconds (3.18 M allocations: 1.999 GiB, 66.11% gc time)
40
 19.242244 seconds (2.22 M allocations: 1.536 GiB, 68.44% gc time)
192
 19.999216 seconds (2.70 M allocations: 1.808 GiB, 65.85% gc time)
741
 22.906025 seconds (4.54 M allocations: 2.867 GiB, 57.49% gc time)
390
 19.246887 seconds (2.20 M allocations: 1.528 GiB, 68.42% gc time)
440
 22.266626 seconds (4.46 M allocations: 2.768 GiB, 59.14% gc time)
589
 20.778123 seconds (3.47 M allocations: 2.208 GiB, 63.38% gc time)
291
 20.385818 seconds (2.97 M allocations: 1.964 GiB, 64.60% gc time)
839
 21.861655 seconds (4.22 M allocations: 2.628 GiB, 60.24% gc time)
939
 20.545700 seconds (3.11 M allocations: 2.037 GiB, 64.10% gc time)
342
 19.257256 seconds (2.72 M allocations: 1.746 GiB, 68.38% gc time)
790
 22.272482 seconds (4.59 M allocations: 2.823 GiB, 59.13% gc time)
140
 23.245766 seconds (5.24 M allocations: 3.190 GiB, 56.65% gc time)
892
 20.328690 seconds (3.37 M allocations: 2.122 GiB, 64.78% gc time)
90
 23.276069 seconds (4.94 M allocations: 3.069 GiB, 56.58% gc time)
 22.264970 seconds (4.17 M allocations: 2.654 GiB, 59.15% gc time)
989
691
 19.397814 seconds (3.18 M allocations: 1.953 GiB, 67.89% gc time)
491
  6.035417 seconds (3.32 M allocations: 1.988 GiB)
241
  6.047620 seconds (3.21 M allocations: 1.946 GiB)
41
 22.028465 seconds (4.17 M allocations: 2.631 GiB, 59.78% gc time)
640
  6.040782 seconds (3.26 M allocations: 1.964 GiB)
193
  6.044215 seconds (3.23 M allocations: 1.954 GiB)
742
  6.042760 seconds (3.18 M allocations: 1.932 GiB)
441
  9.061070 seconds (4.47 M allocations: 2.778 GiB)
540
  6.030302 seconds (3.03 M allocations: 1.872 GiB)
840
  6.666752 seconds (2.93 M allocations: 1.898 GiB)
791
  7.707932 seconds (3.66 M allocations: 2.304 GiB)
292
  6.031962 seconds (2.27 M allocations: 1.559 GiB)
492
  9.303109 seconds (4.51 M allocations: 2.820 GiB)
391
  9.050845 seconds (4.22 M allocations: 2.677 GiB)
590
  6.056382 seconds (2.30 M allocations: 1.575 GiB)
242
  7.130488 seconds (3.31 M allocations: 2.099 GiB)
91
  9.064251 seconds (4.22 M allocations: 2.677 GiB)
  9.064457 seconds (4.21 M allocations: 2.675 GiB)
940
343
  9.078540 seconds (4.35 M allocations: 2.731 GiB)
141
  9.056694 seconds (4.34 M allocations: 2.724 GiB)
893
  6.042967 seconds (2.88 M allocations: 1.811 GiB)
194
  9.046399 seconds (3.96 M allocations: 2.570 GiB)
  9.055788 seconds (3.98 M allocations: 2.577 GiB)
692
990
  6.018871 seconds (2.88 M allocations: 1.811 GiB)
743
  6.036852 seconds (3.20 M allocations: 1.944 GiB)
442
  6.027459 seconds (3.07 M allocations: 1.890 GiB)
841
  8.689105 seconds (4.42 M allocations: 2.719 GiB)
42
  6.032656 seconds (3.08 M allocations: 1.892 GiB)
293
  9.056925 seconds (4.61 M allocations: 2.836 GiB)
641
  6.048607 seconds (3.21 M allocations: 1.945 GiB)
493
  6.029768 seconds (3.00 M allocations: 1.858 GiB)
243
  9.050827 seconds (4.45 M allocations: 2.767 GiB)
541
  6.074713 seconds (3.07 M allocations: 1.892 GiB)
92
  8.572319 seconds (4.26 M allocations: 2.641 GiB)
792
  8.088801 seconds (3.79 M allocations: 2.394 GiB)
591
  6.047500 seconds (2.61 M allocations: 1.698 GiB)
195
  6.030809 seconds (2.52 M allocations: 1.657 GiB)
744
  7.766708 seconds (3.66 M allocations: 2.309 GiB)
344
  9.053677 seconds (4.48 M allocations: 2.776 GiB)
  7.593914 seconds (3.71 M allocations: 2.310 GiB)
392
142
  6.048260 seconds (2.80 M allocations: 1.774 GiB)
842
  7.241517 seconds (3.29 M allocations: 2.100 GiB)
  7.226258 seconds (3.29 M allocations: 2.095 GiB)
693
991
  9.875983 seconds (4.86 M allocations: 3.016 GiB)
941
  8.252686 seconds (3.79 M allocations: 2.407 GiB)
443
  9.065685 seconds (4.65 M allocations: 2.846 GiB)
894
  7.291679 seconds (3.53 M allocations: 2.201 GiB)
294
  6.066077 seconds (3.04 M allocations: 1.876 GiB)
244
 13.057192 seconds (2.80 M allocations: 1.777 GiB, 53.44% gc time)
793
 16.076918 seconds (4.34 M allocations: 2.719 GiB, 43.40% gc time)
43
 13.042909 seconds (2.94 M allocations: 1.832 GiB, 53.50% gc time)
592
 15.938788 seconds (4.18 M allocations: 2.645 GiB, 43.78% gc time)
494
 13.040270 seconds (2.76 M allocations: 1.763 GiB, 53.51% gc time)
345
 16.886509 seconds (4.73 M allocations: 2.968 GiB, 41.32% gc time)
642
 13.036192 seconds (2.71 M allocations: 1.741 GiB, 53.52% gc time)
143
 13.204917 seconds (2.95 M allocations: 1.858 GiB, 52.84% gc time)
393
 16.041116 seconds (4.47 M allocations: 2.772 GiB, 43.50% gc time)
93
 13.031534 seconds (2.92 M allocations: 1.825 GiB, 53.54% gc time)
843
 16.823744 seconds (4.99 M allocations: 3.068 GiB, 41.47% gc time)
542
 15.659066 seconds (4.36 M allocations: 2.690 GiB, 44.56% gc time)
196
 15.734739 seconds (4.29 M allocations: 2.671 GiB, 44.35% gc time)
745
 13.030931 seconds (2.81 M allocations: 1.781 GiB, 53.55% gc time)
295
 13.027983 seconds (2.79 M allocations: 1.776 GiB, 53.56% gc time)
245
 16.039393 seconds (4.08 M allocations: 2.616 GiB, 43.50% gc time)
694
 16.075372 seconds (4.10 M allocations: 2.630 GiB, 43.41% gc time)
992
  6.047153 seconds (3.07 M allocations: 1.890 GiB)
794
 16.057531 seconds (4.32 M allocations: 2.715 GiB, 43.45% gc time)
942
 16.069797 seconds (4.23 M allocations: 2.681 GiB, 43.42% gc time)
444
 16.051369 seconds (4.24 M allocations: 2.680 GiB, 43.47% gc time)
  6.044085 seconds (3.11 M allocations: 1.903 GiB)
895
593
  6.043067 seconds (3.20 M allocations: 1.941 GiB)
346
  6.032030 seconds (3.10 M allocations: 1.896 GiB)
144
  6.046009 seconds (3.07 M allocations: 1.888 GiB)
394
  6.032917 seconds (2.93 M allocations: 1.830 GiB)
844
  9.060137 seconds (4.61 M allocations: 2.831 GiB)
44
  9.050976 seconds (4.42 M allocations: 2.753 GiB)
495
  6.028131 seconds (2.80 M allocations: 1.772 GiB)
296
  9.057929 seconds (4.29 M allocations: 2.699 GiB)
643
  6.042217 seconds (2.84 M allocations: 1.791 GiB)
246
  9.055343 seconds (4.29 M allocations: 2.697 GiB)
94
  9.060320 seconds (4.20 M allocations: 2.662 GiB)
543
  6.048056 seconds (2.89 M allocations: 1.813 GiB)
795
  8.975102 seconds (4.27 M allocations: 2.680 GiB)
197
  6.032794 seconds (2.65 M allocations: 1.714 GiB)
594
  9.046692 seconds (4.40 M allocations: 2.742 GiB)
746
  6.042608 seconds (2.67 M allocations: 1.720 GiB)
145
  6.515948 seconds (2.99 M allocations: 1.903 GiB)
347
  6.045255 seconds (2.70 M allocations: 1.736 GiB)
395
  7.963026 seconds (3.66 M allocations: 2.330 GiB)
445
  9.719743 seconds (4.72 M allocations: 2.946 GiB)
695
  9.766335 seconds (4.74 M allocations: 2.960 GiB)
993
  7.046649 seconds (3.24 M allocations: 2.063 GiB)
845
  7.116692 seconds (3.37 M allocations: 2.119 GiB)
45
 10.043803 seconds (4.98 M allocations: 3.085 GiB)
943
  6.049151 seconds (3.09 M allocations: 1.894 GiB)
297
 10.166661 seconds (4.91 M allocations: 3.067 GiB)
896
  6.595784 seconds (3.30 M allocations: 2.036 GiB)
247
  6.362770 seconds (3.25 M allocations: 1.994 GiB)
95
  6.031637 seconds (3.07 M allocations: 1.885 GiB)
796
  7.696289 seconds (3.86 M allocations: 2.380 GiB)
644
  6.035322 seconds (3.03 M allocations: 1.867 GiB)
595
  7.330853 seconds (3.73 M allocations: 2.290 GiB)
544
  9.064515 seconds (4.86 M allocations: 2.933 GiB)
496
  6.033807 seconds (3.19 M allocations: 1.932 GiB)
146
  6.042316 seconds (3.07 M allocations: 1.883 GiB)
396
  7.579982 seconds (4.05 M allocations: 2.448 GiB)
198
  6.033194 seconds (3.20 M allocations: 1.937 GiB)
446
  9.060753 seconds (4.33 M allocations: 2.717 GiB)
747
  6.033336 seconds (2.92 M allocations: 1.822 GiB)
46
  6.042636 seconds (2.82 M allocations: 1.785 GiB)
298
  8.772200 seconds (4.19 M allocations: 2.626 GiB)
348
 14.383201 seconds (3.80 M allocations: 2.411 GiB, 42.84% gc time)
846
 12.233079 seconds (2.70 M allocations: 1.738 GiB, 50.37% gc time)
96
 12.194968 seconds (2.78 M allocations: 1.764 GiB, 50.53% gc time)
797
 12.731365 seconds (2.88 M allocations: 1.862 GiB, 48.40% gc time)
645
 16.451880 seconds (4.69 M allocations: 2.991 GiB, 37.46% gc time)
994
 12.895035 seconds (2.87 M allocations: 1.874 GiB, 47.79% gc time)
545
 13.162066 seconds (3.07 M allocations: 1.987 GiB, 46.82% gc time)
596
 15.876581 seconds (4.57 M allocations: 2.882 GiB, 38.81% gc time)
944
 13.089869 seconds (3.09 M allocations: 1.986 GiB, 47.08% gc time)
497
 15.307984 seconds (4.48 M allocations: 2.786 GiB, 40.26% gc time)
248
 13.008690 seconds (3.23 M allocations: 2.036 GiB, 47.37% gc time)
147
 17.784036 seconds (5.86 M allocations: 3.609 GiB, 34.65% gc time)
696
 12.609818 seconds (3.11 M allocations: 1.946 GiB, 48.87% gc time)
447
 13.284736 seconds (3.50 M allocations: 2.176 GiB, 46.39% gc time)
199
 13.961448 seconds (3.86 M allocations: 2.392 GiB, 44.14% gc time)
397
 18.154588 seconds (5.86 M allocations: 3.646 GiB, 33.94% gc time)
897
 13.018152 seconds (3.49 M allocations: 2.142 GiB, 47.34% gc time)
748
 12.744220 seconds (3.29 M allocations: 2.030 GiB, 48.35% gc time)
299
 12.979270 seconds (3.45 M allocations: 2.119 GiB, 47.48% gc time)
349
  6.043583 seconds (3.25 M allocations: 1.958 GiB)
847
 14.290987 seconds (4.19 M allocations: 2.559 GiB, 43.12% gc time)
47
  6.035820 seconds (3.04 M allocations: 1.870 GiB)
995
  6.035232 seconds (2.92 M allocations: 1.819 GiB)
597
  8.570455 seconds (4.11 M allocations: 2.571 GiB)
97
  6.031770 seconds (2.80 M allocations: 1.772 GiB)
498
  8.597647 seconds (4.23 M allocations: 2.626 GiB)
798
  6.294758 seconds (3.14 M allocations: 1.941 GiB)
945
  6.038606 seconds (2.79 M allocations: 1.769 GiB)
448
  6.031255 seconds (2.80 M allocations: 1.770 GiB)
200
  8.636357 seconds (4.27 M allocations: 2.644 GiB)
546
  8.645013 seconds (3.85 M allocations: 2.473 GiB)
148
  7.707729 seconds (3.32 M allocations: 2.161 GiB)
398
  6.037170 seconds (2.55 M allocations: 1.674 GiB)
350
 10.880311 seconds (5.55 M allocations: 3.406 GiB)
646
  7.048893 seconds (3.32 M allocations: 2.092 GiB)
749
  6.815987 seconds (3.06 M allocations: 1.962 GiB)
848
 10.622812 seconds (4.81 M allocations: 3.074 GiB)
697
  6.470991 seconds (2.98 M allocations: 1.899 GiB)
  9.079286 seconds (3.94 M allocations: 2.561 GiB)
996
300
 11.784993 seconds (5.38 M allocations: 3.429 GiB)
249
  6.093661 seconds (2.82 M allocations: 1.791 GiB)
98
  6.387791 seconds (2.86 M allocations: 1.838 GiB)
946
  6.036553 seconds (2.81 M allocations: 1.780 GiB)
449
 10.338302 seconds (4.91 M allocations: 3.089 GiB)
898
  7.619633 seconds (3.91 M allocations: 2.399 GiB)
598
  9.222248 seconds (4.58 M allocations: 2.842 GiB)
48
  8.137188 seconds (4.05 M allocations: 2.509 GiB)
499
  6.037675 seconds (3.07 M allocations: 1.890 GiB)
149
  9.165561 seconds (4.29 M allocations: 2.713 GiB)
  6.041524 seconds (2.97 M allocations: 1.847 GiB)
399
799
  6.042735 seconds (2.99 M allocations: 1.857 GiB)
351
  7.272338 seconds (3.83 M allocations: 2.327 GiB)
547
  8.563889 seconds (4.31 M allocations: 2.662 GiB)
201
  6.248494 seconds (3.36 M allocations: 2.027 GiB)
750
  6.431138 seconds (3.50 M allocations: 2.107 GiB)
647
  7.668645 seconds (3.72 M allocations: 2.322 GiB)
849
  6.040301 seconds (2.90 M allocations: 1.819 GiB)
99
  5.495552 seconds (2.66 M allocations: 1.660 GiB)
450
  7.116373 seconds (3.38 M allocations: 2.126 GiB)
250
  6.725812 seconds (2.97 M allocations: 1.918 GiB)
899
  6.641987 seconds (2.90 M allocations: 1.878 GiB)
49
  9.077442 seconds (4.61 M allocations: 2.836 GiB)
698
  6.377134 seconds (2.95 M allocations: 1.874 GiB)
500
  6.054392 seconds (2.94 M allocations: 1.837 GiB)
150
  6.028847 seconds (2.70 M allocations: 1.737 GiB)
800
  6.025582 seconds (2.53 M allocations: 1.666 GiB)
  9.456735 seconds (4.54 M allocations: 2.845 GiB)
947
  9.187243 seconds (4.18 M allocations: 2.669 GiB)
599
 10.512735 seconds (5.09 M allocations: 3.184 GiB)
301
 10.830333 seconds (5.48 M allocations: 3.372 GiB)
997
  8.192355 seconds (3.66 M allocations: 2.353 GiB)
400
  8.210435 seconds (3.66 M allocations: 2.357 GiB)
 15.051580 seconds (3.57 M allocations: 2.308 GiB, 45.77% gc time)
548
 12.964647 seconds (2.77 M allocations: 1.767 GiB, 53.14% gc time) 12.986606 seconds (2.68 M allocations: 1.730 GiB, 53.05% gc time)
 12.921355 seconds (2.53 M allocations: 1.662 GiB, 53.31% gc time) 15.497588 seconds (3.39 M allocations: 2.282 GiB, 44.45% gc time)


100
751
850
451
 12.967960 seconds (3.07 M allocations: 1.890 GiB, 53.12% gc time)
251
 12.851670 seconds (3.05 M allocations: 1.869 GiB, 53.60% gc time)
900
 16.765917 seconds (4.45 M allocations: 2.851 GiB, 41.09% gc time)
648
 13.898074 seconds (3.35 M allocations: 2.098 GiB, 49.57% gc time)
50
 13.608723 seconds (3.14 M allocations: 1.984 GiB, 50.62% gc time)
501
 13.630535 seconds (3.17 M allocations: 1.999 GiB, 50.54% gc time)
151
 14.361025 seconds (3.59 M allocations: 2.246 GiB, 47.97% gc time)
699
 12.500596 seconds (2.71 M allocations: 1.691 GiB, 55.11% gc time)
600
 13.761684 seconds (3.41 M allocations: 2.112 GiB, 50.06% gc time)
801
 13.255618 seconds (3.33 M allocations: 2.026 GiB, 51.97% gc time)
948
 13.468976 seconds (3.15 M allocations: 1.971 GiB, 51.15% gc time)
998
  6.241699 seconds (3.10 M allocations: 1.920 GiB)
 14.342586 seconds (3.58 M allocations: 2.240 GiB, 48.03% gc time)
401
  6.029069 seconds (2.63 M allocations: 1.707 GiB)
851
  6.050819 seconds (2.59 M allocations: 1.693 GiB)
101
  6.153931 seconds (2.74 M allocations: 1.764 GiB)
  6.854858 seconds (3.03 M allocations: 1.959 GiB)
549
  6.018046 seconds (2.61 M allocations: 1.699 GiB)
901
  6.664193 seconds (2.97 M allocations: 1.913 GiB)
  8.018271 seconds (3.38 M allocations: 2.223 GiB)
  5.500004 seconds (2.14 M allocations: 1.453 GiB)
  6.051978 seconds (2.41 M allocations: 1.621 GiB)
  5.629742 seconds (1.91 M allocations: 1.373 GiB)
601
  7.821999 seconds (3.01 M allocations: 2.052 GiB)
649
  6.704131 seconds (2.68 M allocations: 1.803 GiB)
51
  5.955055 seconds (2.26 M allocations: 1.550 GiB)
700
  5.797688 seconds (2.24 M allocations: 1.524 GiB)
949
  6.096304 seconds (2.43 M allocations: 1.635 GiB)
  5.148466 seconds (2.11 M allocations: 1.404 GiB)
999
  5.272516 seconds (2.16 M allocations: 1.436 GiB)
  3.852809 seconds (1.49 M allocations: 1.013 GiB)
550
  4.888724 seconds (2.03 M allocations: 1.343 GiB)
  4.991759 seconds (1.98 M allocations: 1.334 GiB)
  4.278565 seconds (1.60 M allocations: 1.105 GiB)
  3.366312 seconds (939.74 k allocations: 740.354 MiB)
  3.477571 seconds (1.10 M allocations: 817.487 MiB)
650
  3.852285 seconds (939.37 k allocations: 766.857 MiB)  3.508660 seconds (581.83 k allocations: 554.708 MiB)

  3.278089 seconds (700.49 k allocations: 610.009 MiB)
701
1000
  3.534572 seconds (934.97 k allocations: 750.762 MiB)
950
  3.131260 seconds (860.38 k allocations: 586.257 MiB)
551
  3.015317 seconds (419.43 k allocations: 374.159 MiB)
951
  3.075058 seconds (505.03 k allocations: 414.715 MiB)
  3.080081 seconds (510.85 k allocations: 418.177 MiB)
651
  3.093976 seconds (547.73 k allocations: 435.263 MiB)
1001
  3.020516 seconds (683.34 k allocations: 482.108 MiB)
  5.123553 seconds (350.42 k allocations: 272.952 MiB, 41.13% gc time)
  5.134055 seconds (194.61 k allocations: 207.321 MiB, 41.04% gc time)
  5.143794 seconds (181.91 k allocations: 202.426 MiB, 40.96% gc time)
