Graph 1 is connected.
Graph 2 is connected.
Graph 3 is connected.
Graph 4 is connected.
Graph 5 is connected.
Graph 6 is connected.
Graph 7 is connected.
Graph 8 is connected.
Graph 9 is connected.
Graph 10 is connected.
Graph 11 is connected.
Matrix 1 normalized.
Matrix 2 normalized.
Matrix 3 normalized.
Matrix 4 normalized.
Matrix 5 normalized.
Matrix 6 normalized.
Matrix 7 normalized.
Matrix 8 normalized.
Matrix 9 normalized.
Matrix 10 normalized.
Matrix 11 normalized.
Number of threads: 20
402
802
752
502
202
85252

602302952
352

702
552
252
652
152
902
102

1
452
  6.516955 seconds (1.01 M allocations: 1.078 GiB)
853
 14.073563 seconds (1.14 M allocations: 1.158 GiB, 51.42% gc time, 1.15% compilation time)
 14.200345 seconds (1.30 M allocations: 1.235 GiB, 50.96% gc time, 1.14% compilation time)
303
 17.596903 seconds (2.30 M allocations: 1.656 GiB, 58.99% gc time, 0.92% compilation time)
803
403
 14.415225 seconds (1.59 M allocations: 1.377 GiB, 50.20% gc time, 1.13% compilation time)
 14.539212 seconds (1.82 M allocations: 1.481 GiB, 49.77% gc time, 1.12% compilation time)
153
503
 14.606813 seconds (2.00 M allocations: 1.563 GiB, 49.54% gc time, 1.11% compilation time)
953
 14.647359 seconds (1.96 M allocations: 1.554 GiB, 49.40% gc time, 1.11% compilation time)
553
 14.738795 seconds (2.17 M allocations: 1.647 GiB, 49.10% gc time, 1.10% compilation time)
703
 14.793894 seconds (2.28 M allocations: 1.698 GiB, 48.91% gc time, 1.10% compilation time)
2
 14.906505 seconds (2.42 M allocations: 1.769 GiB, 48.55% gc time, 1.09% compilation time)
103
 18.479694 seconds (3.75 M allocations: 2.345 GiB, 56.17% gc time, 0.88% compilation time)
 15.093756 seconds (2.71 M allocations: 1.909 GiB, 47.94% gc time, 1.08% compilation time)
203
53
 18.580441 seconds (3.91 M allocations: 2.422 GiB, 55.87% gc time, 0.87% compilation time)
753
 18.644689 seconds (3.96 M allocations: 2.447 GiB, 55.67% gc time, 0.87% compilation time)
353
 15.285811 seconds (3.04 M allocations: 2.065 GiB, 47.34% gc time, 1.06% compilation time)
603
 15.469560 seconds (3.30 M allocations: 2.188 GiB, 46.78% gc time, 1.05% compilation time)
903
 15.685196 seconds (3.64 M allocations: 2.347 GiB, 46.14% gc time, 1.04% compilation time)
253
 15.706495 seconds (3.59 M allocations: 2.331 GiB, 46.07% gc time, 1.03% compilation time)
453
 16.135487 seconds (4.07 M allocations: 2.567 GiB, 44.85% gc time, 1.01% compilation time)
653
  6.404665 seconds (3.21 M allocations: 1.962 GiB)
804
 17.412518 seconds (1.56 M allocations: 1.189 GiB, 68.25% gc time)
204
 17.945998 seconds (2.39 M allocations: 1.587 GiB, 66.22% gc time)
954
 18.723553 seconds (3.78 M allocations: 2.236 GiB, 63.47% gc time)
854
 18.688552 seconds (3.55 M allocations: 2.137 GiB, 63.59% gc time)
304
 18.583724 seconds (3.23 M allocations: 1.998 GiB, 63.95% gc time)
554
 19.532062 seconds (4.13 M allocations: 2.464 GiB, 60.85% gc time)
404
 18.029386 seconds (1.93 M allocations: 1.410 GiB, 65.92% gc time)
254
 19.147075 seconds (3.35 M allocations: 2.108 GiB, 62.07% gc time)
704
 19.436434 seconds (3.67 M allocations: 2.269 GiB, 61.15% gc time)
504
 19.732129 seconds (3.68 M allocations: 2.303 GiB, 60.23% gc time)
104
 18.742702 seconds (2.50 M allocations: 1.726 GiB, 63.41% gc time)
654
 19.833599 seconds (3.22 M allocations: 2.124 GiB, 59.92% gc time)
604
 19.899448 seconds (3.17 M allocations: 2.114 GiB, 59.72% gc time)
904
 20.664975 seconds (3.87 M allocations: 2.478 GiB, 57.51% gc time)
754
 20.522524 seconds (3.69 M allocations: 2.389 GiB, 57.91% gc time)
354
 21.754255 seconds (4.64 M allocations: 2.907 GiB, 54.63% gc time)
3
 21.931327 seconds (4.58 M allocations: 2.898 GiB, 54.19% gc time)
  3.848581 seconds (2.13 M allocations: 1.275 GiB)
54
555
  5.571955 seconds (2.16 M allocations: 1.273 GiB, 32.45% gc time)
405
 24.114567 seconds (4.33 M allocations: 2.841 GiB, 56.78% gc time)
454
  7.842451 seconds (3.30 M allocations: 1.982 GiB, 23.06% gc time)
205
 26.240469 seconds (6.27 M allocations: 3.852 GiB, 52.18% gc time)
154
  5.337835 seconds (1.47 M allocations: 991.894 MiB, 33.87% gc time)
755
  3.064046 seconds (1.20 M allocations: 829.240 MiB)
556
  3.186344 seconds (1.16 M allocations: 822.200 MiB)
  8.677151 seconds (3.23 M allocations: 2.035 GiB, 20.84% gc time)
406
705
 10.301645 seconds (4.45 M allocations: 2.705 GiB, 17.55% gc time)
805
 11.045062 seconds (4.36 M allocations: 2.743 GiB, 16.37% gc time)
 11.218569 seconds (4.50 M allocations: 2.818 GiB, 16.12% gc time)
305
855
  3.895001 seconds (1.66 M allocations: 1.081 GiB)
206
  9.681874 seconds (3.62 M allocations: 2.299 GiB, 18.68% gc time)
655
 12.170768 seconds (5.41 M allocations: 3.295 GiB, 14.86% gc time)
955
  4.093349 seconds (1.96 M allocations: 1.226 GiB)
155
 10.842774 seconds (4.36 M allocations: 2.720 GiB, 16.68% gc time)
105
  6.889231 seconds (3.11 M allocations: 1.986 GiB)
55
 11.605533 seconds (4.83 M allocations: 2.992 GiB, 15.58% gc time)
505
 10.551411 seconds (4.16 M allocations: 2.605 GiB, 17.14% gc time)
355
 10.412702 seconds (4.12 M allocations: 2.575 GiB, 17.37% gc time)
4
  4.030014 seconds (1.96 M allocations: 1.220 GiB)
806
 13.258769 seconds (5.81 M allocations: 3.564 GiB, 13.64% gc time)
255
 12.208140 seconds (5.12 M allocations: 3.172 GiB, 14.81% gc time)
905
 13.645842 seconds (5.68 M allocations: 3.548 GiB, 13.25% gc time)
605
  8.628527 seconds (4.15 M allocations: 2.587 GiB)
455
  5.097832 seconds (2.63 M allocations: 1.599 GiB)
856
  8.318179 seconds (4.07 M allocations: 2.517 GiB)
756
  5.506899 seconds (2.54 M allocations: 1.601 GiB)
956
  7.047634 seconds (3.35 M allocations: 2.092 GiB)
306
  6.407653 seconds (2.51 M allocations: 1.684 GiB)
56
 10.379158 seconds (4.67 M allocations: 2.978 GiB)
557
  6.493776 seconds (2.56 M allocations: 1.712 GiB)
356
 10.043448 seconds (4.52 M allocations: 2.879 GiB)
407
  5.895656 seconds (2.37 M allocations: 1.572 GiB)
807
  8.351173 seconds (3.86 M allocations: 2.435 GiB)
656
  8.846311 seconds (4.21 M allocations: 2.624 GiB)
207
  8.154340 seconds (3.89 M allocations: 2.422 GiB)
  6.848615 seconds (3.06 M allocations: 1.948 GiB)
5
156
 12.051518 seconds (5.85 M allocations: 3.623 GiB)
706
  9.066057 seconds (4.33 M allocations: 2.692 GiB)
106
  7.755394 seconds (3.55 M allocations: 2.234 GiB)
256
  9.211167 seconds (4.31 M allocations: 2.695 GiB)
506
  6.683469 seconds (3.24 M allocations: 1.998 GiB)
606
  6.683939 seconds (3.40 M allocations: 2.059 GiB)
456
  8.875881 seconds (4.12 M allocations: 2.580 GiB)
906
  6.809947 seconds (3.31 M allocations: 2.036 GiB)
757
  7.814287 seconds (3.72 M allocations: 2.308 GiB)
857
  7.049976 seconds (3.52 M allocations: 2.146 GiB)
957
  6.808707 seconds (3.07 M allocations: 1.930 GiB)
357
  7.510190 seconds (3.49 M allocations: 2.170 GiB)
558
  9.280768 seconds (4.17 M allocations: 2.627 GiB)
307
  7.533992 seconds (3.25 M allocations: 2.074 GiB)
408
  6.778842 seconds (2.75 M allocations: 1.794 GiB)
6
  8.655066 seconds (4.21 M allocations: 2.575 GiB)
57
  8.008300 seconds (3.57 M allocations: 2.251 GiB)
657
  8.072244 seconds (3.63 M allocations: 2.282 GiB)
208
  8.545527 seconds (3.99 M allocations: 2.477 GiB)
808
  7.940578 seconds (3.69 M allocations: 2.290 GiB)
157
  8.671339 seconds (3.65 M allocations: 2.349 GiB)
  7.472510 seconds (3.35 M allocations: 2.106 GiB)
107
707
  8.224866 seconds (3.39 M allocations: 2.202 GiB)
257
  8.412387 seconds (3.63 M allocations: 2.319 GiB)
507
  7.999864 seconds (3.45 M allocations: 2.203 GiB)
457
  8.474071 seconds (3.70 M allocations: 2.352 GiB)
607
  7.576636 seconds (3.48 M allocations: 2.170 GiB)
907
  7.055894 seconds (3.35 M allocations: 2.061 GiB)
858
  7.344765 seconds (3.53 M allocations: 2.165 GiB)
758
  6.063765 seconds (3.28 M allocations: 1.936 GiB)
358
  8.366955 seconds (3.78 M allocations: 2.369 GiB)
958
 20.553450 seconds (3.07 M allocations: 1.884 GiB, 68.78% gc time)
7
 21.131461 seconds (3.11 M allocations: 1.963 GiB, 66.90% gc time)
58
 21.955334 seconds (3.71 M allocations: 2.292 GiB, 64.39% gc time)
308
 22.412821 seconds (4.05 M allocations: 2.477 GiB, 63.07% gc time)
559
 22.716528 seconds (3.42 M allocations: 2.257 GiB, 62.23% gc time)
 22.910307 seconds (3.61 M allocations: 2.356 GiB, 61.70% gc time)
209
658
 19.656985 seconds (1.87 M allocations: 1.329 GiB, 71.92% gc time)
759
 18.536125 seconds (1.56 M allocations: 1.089 GiB, 76.27% gc time)
 19.995265 seconds (2.13 M allocations: 1.468 GiB, 70.70% gc time)
959
859
 24.316613 seconds (4.79 M allocations: 2.980 GiB, 58.14% gc time)
 20.691400 seconds (2.69 M allocations: 1.765 GiB, 68.32% gc time)
409
458
 23.628121 seconds (4.48 M allocations: 2.790 GiB, 59.83% gc time)
809
 22.191087 seconds (3.87 M allocations: 2.397 GiB, 63.70% gc time)
258
 22.905228 seconds (4.23 M allocations: 2.617 GiB, 61.72% gc time)
108
 22.615054 seconds (3.72 M allocations: 2.387 GiB, 62.51% gc time)
608
 23.321831 seconds (4.37 M allocations: 2.722 GiB, 60.62% gc time)
158
  4.198585 seconds (2.15 M allocations: 1.317 GiB)
560
 23.287306 seconds (4.35 M allocations: 2.712 GiB, 60.71% gc time)
508
 23.974704 seconds (4.97 M allocations: 3.032 GiB, 58.97% gc time)
708
  6.432752 seconds (3.39 M allocations: 2.056 GiB)
8
  3.849397 seconds (1.96 M allocations: 1.202 GiB)
960
  4.183322 seconds (2.02 M allocations: 1.262 GiB)
459
 25.129287 seconds (5.11 M allocations: 3.216 GiB, 56.26% gc time)
908
 23.404191 seconds (4.38 M allocations: 2.746 GiB, 60.40% gc time)
359
  4.856811 seconds (2.62 M allocations: 1.577 GiB)
860
  8.676179 seconds (4.40 M allocations: 2.701 GiB)
59
  6.541419 seconds (3.46 M allocations: 2.095 GiB)
760
  7.153173 seconds (3.90 M allocations: 2.336 GiB)
210
  4.451602 seconds (2.10 M allocations: 1.318 GiB)
561
  4.518978 seconds (1.89 M allocations: 1.241 GiB)
9
  9.999760 seconds (5.00 M allocations: 3.085 GiB)
309
  8.826787 seconds (4.02 M allocations: 2.560 GiB)
410
  9.808428 seconds (4.83 M allocations: 2.992 GiB)  7.198574 seconds (2.77 M allocations: 1.876 GiB)  7.474171 seconds (2.96 M allocations: 1.984 GiB)


  5.299832 seconds (2.15 M allocations: 1.426 GiB)
509
159
659
  9.376140 seconds (3.97 M allocations: 2.596 GiB)
810
961
  3.331803 seconds (1.10 M allocations: 814.575 MiB)
211
  3.829309 seconds (1.71 M allocations: 1.096 GiB)
60
  6.570507 seconds (2.88 M allocations: 1.858 GiB)
861
  7.123905 seconds (3.18 M allocations: 2.040 GiB)
909
  4.909766 seconds (2.20 M allocations: 1.412 GiB)
10
  8.946804 seconds (4.02 M allocations: 2.573 GiB)
460
  3.183428 seconds (1.41 M allocations: 928.139 MiB)
160
 11.564028 seconds (5.51 M allocations: 3.455 GiB)
 11.816702 seconds (5.74 M allocations: 3.575 GiB)
609
109
  3.255121 seconds (1.32 M allocations: 901.010 MiB)
61
  7.245350 seconds (3.46 M allocations: 2.170 GiB)
761
  6.138088 seconds (3.22 M allocations: 1.956 GiB)
310
  9.720230 seconds (4.79 M allocations: 2.972 GiB)
360
  7.492952 seconds (3.88 M allocations: 2.370 GiB)
562
  4.833390 seconds (2.59 M allocations: 1.563 GiB)
411
 14.040912 seconds (7.21 M allocations: 4.411 GiB)
259
  5.299442 seconds (2.97 M allocations: 1.767 GiB)
660
  8.600760 seconds (3.31 M allocations: 1.946 GiB, 33.82% gc time)
962
  7.432237 seconds (2.63 M allocations: 1.545 GiB, 39.14% gc time)
862
  6.314815 seconds (2.29 M allocations: 1.290 GiB, 46.06% gc time)
11
  7.701909 seconds (2.67 M allocations: 1.591 GiB, 37.77% gc time)
910
  6.919750 seconds (1.98 M allocations: 1.225 GiB, 42.03% gc time)
110
 10.758685 seconds (3.82 M allocations: 2.381 GiB, 27.04% gc time)
 18.680544 seconds (7.71 M allocations: 4.791 GiB, 15.57% gc time)
709
212
  3.132871 seconds (881.59 k allocations: 703.008 MiB)
  3.195003 seconds (926.98 k allocations: 729.224 MiB)
911
12
  8.968336 seconds (2.72 M allocations: 1.743 GiB, 32.43% gc time)
311
 13.717168 seconds (5.02 M allocations: 3.176 GiB, 21.20% gc time)
510
  6.050179 seconds (2.49 M allocations: 1.649 GiB)
661
  6.046594 seconds (2.40 M allocations: 1.612 GiB)
963
 11.598105 seconds (4.23 M allocations: 2.636 GiB, 25.08% gc time)
461
 11.256783 seconds (3.66 M allocations: 2.364 GiB, 25.84% gc time)
361
 11.811406 seconds (4.08 M allocations: 2.598 GiB, 24.63% gc time)
762
 12.798930 seconds (4.98 M allocations: 3.069 GiB, 22.73% gc time)
161
  3.325189 seconds (1.53 M allocations: 996.945 MiB)
13
  7.968365 seconds (3.42 M allocations: 2.231 GiB)
412
 13.235667 seconds (5.11 M allocations: 3.164 GiB, 21.98% gc time)
62
  6.058539 seconds (2.64 M allocations: 1.712 GiB)
213
  3.614239 seconds (1.90 M allocations: 1.154 GiB)
511
  5.134915 seconds (2.61 M allocations: 1.604 GiB)
912
  6.058604 seconds (2.67 M allocations: 1.728 GiB)
312
  3.059450 seconds (1.15 M allocations: 811.318 MiB)
14
 11.784409 seconds (4.99 M allocations: 3.273 GiB)
 10.925238 seconds (4.49 M allocations: 2.979 GiB)
863
260
  3.081249 seconds (1.21 M allocations: 837.052 MiB)
63
  6.051818 seconds (2.86 M allocations: 1.805 GiB)
662
  5.918044 seconds (2.92 M allocations: 1.816 GiB)
462
 17.485276 seconds (7.01 M allocations: 4.390 GiB, 16.63% gc time)
610
  6.505979 seconds (3.32 M allocations: 2.041 GiB)
964
  3.819817 seconds (1.92 M allocations: 1.187 GiB)
512
 10.751018 seconds (5.20 M allocations: 3.250 GiB)
710
 17.673928 seconds (7.11 M allocations: 4.451 GiB, 16.46% gc time)
563
  7.243734 seconds (3.76 M allocations: 2.298 GiB)
362
  5.239354 seconds (2.49 M allocations: 1.565 GiB)
913
 23.263141 seconds (10.02 M allocations: 6.223 GiB, 12.50% gc time)
811
  7.603488 seconds (3.71 M allocations: 2.312 GiB)
413
  7.778946 seconds (3.60 M allocations: 2.280 GiB)
214
  9.681312 seconds (4.55 M allocations: 2.869 GiB)
162
  7.423354 seconds (3.40 M allocations: 2.159 GiB)
313
 15.880384 seconds (7.12 M allocations: 4.561 GiB)
111
 11.314865 seconds (5.13 M allocations: 3.273 GiB)
763
  6.597398 seconds (2.85 M allocations: 1.848 GiB)
64
  7.046424 seconds (3.21 M allocations: 2.043 GiB)
663
  7.626874 seconds (3.53 M allocations: 2.233 GiB)
261
  6.739089 seconds (2.97 M allocations: 1.909 GiB)
965
  8.305094 seconds (3.96 M allocations: 2.480 GiB)
864
  7.529807 seconds (3.39 M allocations: 2.165 GiB)
611
  6.971628 seconds (3.18 M allocations: 2.024 GiB)
711
  7.878591 seconds (3.83 M allocations: 2.382 GiB)
463
  5.919051 seconds (2.78 M allocations: 1.751 GiB)
914
  9.430515 seconds (3.90 M allocations: 2.572 GiB)  3.223824 seconds (1.42 M allocations: 940.527 MiB)
65
  7.241916 seconds (2.85 M allocations: 1.919 GiB)
  4.453834 seconds (1.74 M allocations: 1.177 GiB)  4.637439 seconds (1.31 M allocations: 1003.050 MiB)

  7.034091 seconds (2.96 M allocations: 1.942 GiB)  9.305843 seconds (4.90 M allocations: 2.972 GiB)


  7.853454 seconds (3.23 M allocations: 2.135 GiB)
  7.307916 seconds (3.39 M allocations: 2.144 GiB)
  3.128824 seconds (524.55 k allocations: 536.884 MiB)
664
812
414
764
564
363
15
712
 17.705196 seconds (1.49 M allocations: 1.050 GiB, 73.65% gc time)
513
966
 21.142315 seconds (4.25 M allocations: 2.536 GiB, 61.67% gc time)
163
 21.562366 seconds (4.53 M allocations: 2.695 GiB, 60.47% gc time)
215
 18.480008 seconds (2.86 M allocations: 1.688 GiB, 70.56% gc time)
865
 18.466032 seconds (2.86 M allocations: 1.687 GiB, 70.61% gc time)
612
 21.332709 seconds (4.69 M allocations: 2.737 GiB, 61.12% gc time)
314
 20.804320 seconds (4.26 M allocations: 2.507 GiB, 62.68% gc time)
112
  3.203754 seconds (2.07 M allocations: 1.180 GiB)
415
  3.210069 seconds (1.80 M allocations: 1.074 GiB)
565
 21.641385 seconds (4.54 M allocations: 2.708 GiB, 60.25% gc time)
262
  3.576500 seconds (1.26 M allocations: 908.880 MiB)
613
 22.351131 seconds (4.30 M allocations: 2.678 GiB, 58.34% gc time)
464
  3.503594 seconds (1.23 M allocations: 885.015 MiB)
113
  5.061766 seconds (2.23 M allocations: 1.437 GiB)
164
  3.432310 seconds (1.05 M allocations: 802.562 MiB)
566
  3.953071 seconds (1.40 M allocations: 1001.044 MiB)
416
  7.764623 seconds (3.29 M allocations: 2.153 GiB)
967
  6.966358 seconds (2.63 M allocations: 1.795 GiB)
866
  9.013991 seconds (3.65 M allocations: 2.428 GiB)
  9.338001 seconds (3.98 M allocations: 2.597 GiB)
713
  9.313301 seconds (3.91 M allocations: 2.568 GiB)
665
16
  3.810420 seconds (1.52 M allocations: 1.013 GiB)
165
 10.238586 seconds (4.73 M allocations: 2.993 GiB)
66
  4.858013 seconds (2.05 M allocations: 1.339 GiB)
114
  3.813628 seconds (1.76 M allocations: 1.111 GiB)
567
  9.138069 seconds (3.70 M allocations: 2.454 GiB)
315
 11.707168 seconds (5.18 M allocations: 3.328 GiB)
514
 12.031266 seconds (5.33 M allocations: 3.427 GiB)
813
  4.900937 seconds (2.35 M allocations: 1.464 GiB)
417
  4.675957 seconds (2.24 M allocations: 1.395 GiB)
867
 13.006380 seconds (6.42 M allocations: 3.974 GiB)
364
 11.845082 seconds (5.28 M allocations: 3.383 GiB)
216
 13.961683 seconds (6.37 M allocations: 4.050 GiB)
915
  3.771995 seconds (1.74 M allocations: 1.101 GiB)
115
  9.003168 seconds (4.18 M allocations: 2.639 GiB)
465
 14.594573 seconds (6.79 M allocations: 4.287 GiB)
765
  4.995967 seconds (2.63 M allocations: 1.593 GiB)
166
 11.391994 seconds (5.22 M allocations: 3.309 GiB)
263
 10.442569 seconds (5.20 M allocations: 3.206 GiB)
614
  4.296491 seconds (1.99 M allocations: 1.259 GiB)
  4.912374 seconds (2.35 M allocations: 1.471 GiB)
515
418
 14.058500 seconds (3.93 M allocations: 2.455 GiB, 41.37% gc time)
17
 11.232367 seconds (2.32 M allocations: 1.508 GiB, 51.78% gc time)
868
 14.020895 seconds (3.88 M allocations: 2.433 GiB, 41.48% gc time)
67
 10.150996 seconds (1.89 M allocations: 1.222 GiB, 57.30% gc time)
116
 16.611363 seconds (5.23 M allocations: 3.255 GiB, 35.01% gc time)
968
 15.919700 seconds (4.91 M allocations: 3.054 GiB, 36.54% gc time)
714
 16.069685 seconds (4.99 M allocations: 3.101 GiB, 36.19% gc time)
666
  3.082484 seconds (1.43 M allocations: 929.306 MiB)
419
 15.035637 seconds (4.57 M allocations: 2.822 GiB, 38.68% gc time)
568
  3.102214 seconds (1.55 M allocations: 982.561 MiB)
18
 13.590513 seconds (3.63 M allocations: 2.291 GiB, 42.80% gc time)
217
 15.859021 seconds (4.93 M allocations: 3.059 GiB, 36.67% gc time)
316
  3.339763 seconds (1.72 M allocations: 1.053 GiB)
68
 14.949414 seconds (4.44 M allocations: 2.766 GiB, 38.91% gc time)
365
  3.715389 seconds (1.90 M allocations: 1.167 GiB)
117
  3.410469 seconds (1.39 M allocations: 947.104 MiB)
420
  7.422841 seconds (2.58 M allocations: 1.620 GiB, 27.16% gc time)
869
 17.681488 seconds (4.70 M allocations: 2.942 GiB, 44.30% gc time)
916
 17.331513 seconds (4.13 M allocations: 2.673 GiB, 45.19% gc time)
615
  9.831275 seconds (3.63 M allocations: 2.301 GiB, 20.50% gc time)
  5.236192 seconds (1.32 M allocations: 895.096 MiB, 38.50% gc time)
516
 17.841356 seconds (4.45 M allocations: 2.860 GiB, 43.90% gc time)
167
218
 18.524031 seconds (5.15 M allocations: 3.217 GiB, 42.28% gc time)
766
  7.280425 seconds (2.57 M allocations: 1.598 GiB, 27.69% gc time)
569
 19.223727 seconds (5.35 M allocations: 3.372 GiB, 40.74% gc time)
264
  9.367920 seconds (3.62 M allocations: 2.247 GiB, 21.52% gc time)
715
  7.318031 seconds (2.43 M allocations: 1.542 GiB, 27.55% gc time)
69
 21.036295 seconds (6.35 M allocations: 3.971 GiB, 37.23% gc time)
466
 23.371694 seconds (7.74 M allocations: 4.779 GiB, 33.51% gc time)
814
  3.025826 seconds (1.53 M allocations: 963.175 MiB)
517
 10.459762 seconds (4.28 M allocations: 2.630 GiB, 19.27% gc time)
667
  9.657250 seconds (3.96 M allocations: 2.414 GiB, 20.87% gc time)
19
  3.162323 seconds (1.70 M allocations: 1.026 GiB)
168
 11.677808 seconds (5.15 M allocations: 3.111 GiB, 17.26% gc time)
969
  3.282857 seconds (1.83 M allocations: 1.091 GiB)
767
  9.918869 seconds (4.26 M allocations: 2.566 GiB, 20.32% gc time)
317
  6.077681 seconds (3.37 M allocations: 2.015 GiB)
870
 11.238626 seconds (4.49 M allocations: 2.793 GiB, 17.94% gc time)
366
  3.547067 seconds (1.61 M allocations: 1.029 GiB)
518
  8.229604 seconds (4.24 M allocations: 2.593 GiB)
421
  3.436372 seconds (1.36 M allocations: 935.112 MiB)
169
 11.314344 seconds (4.79 M allocations: 2.926 GiB, 17.82% gc time)
118
  8.757825 seconds (4.19 M allocations: 2.628 GiB)
616
  6.641398 seconds (3.21 M allocations: 2.006 GiB)
716
  8.236320 seconds (3.94 M allocations: 2.472 GiB)
570
  6.622988 seconds (3.07 M allocations: 1.946 GiB)
815
  3.758372 seconds (1.71 M allocations: 1.091 GiB)
871
  7.136021 seconds (3.24 M allocations: 2.066 GiB)
668
 10.227863 seconds (4.84 M allocations: 3.047 GiB)
219
  3.400429 seconds (1.38 M allocations: 940.960 MiB)
170
  6.632085 seconds (2.89 M allocations: 1.871 GiB)
768
  9.791919 seconds (4.98 M allocations: 3.057 GiB)
265
  7.934539 seconds (3.71 M allocations: 2.343 GiB)
20
  8.043981 seconds (3.52 M allocations: 2.276 GiB)
318
 13.404668 seconds (6.87 M allocations: 4.209 GiB)
917
  9.729986 seconds (4.25 M allocations: 2.749 GiB)
970
  4.002682 seconds (1.72 M allocations: 1.118 GiB)
872
 15.256395 seconds (5.80 M allocations: 3.618 GiB, 21.62% gc time)
70
 15.422526 seconds (5.69 M allocations: 3.590 GiB, 21.39% gc time)
467
 11.405667 seconds (3.60 M allocations: 2.315 GiB, 28.92% gc time)
519
 10.607573 seconds (3.36 M allocations: 2.132 GiB, 31.10% gc time)
617
 12.478025 seconds (3.90 M allocations: 2.547 GiB, 26.44% gc time)
119
 11.000447 seconds (3.44 M allocations: 2.210 GiB, 29.99% gc time)
717
  9.284416 seconds (2.64 M allocations: 1.703 GiB, 35.53% gc time)
669
  7.000318 seconds (1.64 M allocations: 1.056 GiB, 47.13% gc time)
918
  9.515010 seconds (2.74 M allocations: 1.769 GiB, 34.67% gc time)
769
  9.446617 seconds (2.77 M allocations: 1.772 GiB, 34.92% gc time)
266
 10.498105 seconds (3.30 M allocations: 2.098 GiB, 31.42% gc time)
220
 11.601359 seconds (3.98 M allocations: 2.494 GiB, 28.44% gc time)
816
  4.253976 seconds (2.16 M allocations: 1.329 GiB)
971
  3.200764 seconds (1.76 M allocations: 1.054 GiB)
520
 16.252000 seconds (6.28 M allocations: 3.918 GiB, 20.30% gc time)
367
  3.028524 seconds (1.58 M allocations: 984.203 MiB)
618
  5.180919 seconds (2.67 M allocations: 1.633 GiB)
468
 11.995410 seconds (4.04 M allocations: 2.560 GiB, 27.50% gc time)
21
 11.444670 seconds (3.90 M allocations: 2.447 GiB, 28.82% gc time)
319
  3.085809 seconds (1.68 M allocations: 1.010 GiB)
670
 17.534316 seconds (7.08 M allocations: 4.378 GiB, 18.81% gc time)
422
  3.063928 seconds (1.57 M allocations: 985.921 MiB)
817
  6.049172 seconds (3.14 M allocations: 1.916 GiB)
120
  6.037467 seconds (3.11 M allocations: 1.902 GiB)
718
 15.416064 seconds (5.88 M allocations: 3.669 GiB, 21.40% gc time)
171
  3.194710 seconds (1.69 M allocations: 1.025 GiB)
619
 17.462836 seconds (7.26 M allocations: 4.445 GiB, 18.89% gc time)
571
  6.036312 seconds (3.26 M allocations: 1.966 GiB)
770
  4.432244 seconds (2.54 M allocations: 1.504 GiB)
972
  6.682972 seconds (3.49 M allocations: 2.124 GiB)
221
  6.587502 seconds (3.43 M allocations: 2.089 GiB)
267
  3.552117 seconds (1.76 M allocations: 1.089 GiB)
818
  3.043555 seconds (1.27 M allocations: 854.280 MiB)
620
  6.118823 seconds (2.97 M allocations: 1.851 GiB)
22
 12.598411 seconds (6.28 M allocations: 3.884 GiB)
  6.160031 seconds (2.89 M allocations: 1.822 GiB)
71
320
  6.131631 seconds (2.96 M allocations: 1.850 GiB)
671
  4.294310 seconds (1.82 M allocations: 1.189 GiB)
572
  5.800562 seconds (2.50 M allocations: 1.626 GiB)
172
  4.716214 seconds (2.00 M allocations: 1.311 GiB)
973
  3.272106 seconds (1.13 M allocations: 820.247 MiB)
72
 10.633621 seconds (5.13 M allocations: 3.206 GiB)
521
  5.580259 seconds (2.33 M allocations: 1.535 GiB)
268
  8.204182 seconds (3.70 M allocations: 2.367 GiB)
719
  7.516801 seconds (3.23 M allocations: 2.102 GiB)
771
  5.750214 seconds (2.50 M allocations: 1.625 GiB)
819
  9.482342 seconds (4.44 M allocations: 2.808 GiB)
423
 14.728020 seconds (7.33 M allocations: 4.537 GiB)
919
 11.250411 seconds (5.42 M allocations: 3.389 GiB)
469
  5.834029 seconds (2.93 M allocations: 1.812 GiB)
621
 22.403367 seconds (5.05 M allocations: 3.118 GiB, 54.94% gc time)
121
 35.025074 seconds (9.79 M allocations: 6.029 GiB, 44.56% gc time)
873
 25.458682 seconds (6.70 M allocations: 4.112 GiB, 48.35% gc time)
368
 21.102036 seconds (4.43 M allocations: 2.727 GiB, 58.33% gc time)
222
 19.795304 seconds (3.49 M allocations: 2.206 GiB, 62.18% gc time)
321
 20.451436 seconds (3.83 M allocations: 2.412 GiB, 60.19% gc time)
23
 15.390143 seconds (1.46 M allocations: 938.226 MiB, 79.98% gc time)
920
 18.172491 seconds (3.03 M allocations: 1.850 GiB, 67.73% gc time)
73
  3.020826 seconds (1.06 M allocations: 767.206 MiB)
369
  3.020767 seconds (1.13 M allocations: 798.721 MiB)
 20.097576 seconds (3.87 M allocations: 2.394 GiB, 61.25% gc time)
223
173
 20.022158 seconds (3.99 M allocations: 2.438 GiB, 61.48% gc time)
 21.423918 seconds (4.48 M allocations: 2.780 GiB, 57.45% gc time)
573
974
  5.322166 seconds (2.56 M allocations: 1.599 GiB)
622
 21.079861 seconds (4.29 M allocations: 2.666 GiB, 58.39% gc time)
522
  6.154267 seconds (2.51 M allocations: 1.665 GiB)
122
 20.717983 seconds (4.18 M allocations: 2.584 GiB, 59.41% gc time)
720
 24.818866 seconds (5.84 M allocations: 3.690 GiB, 49.60% gc time)
672
 20.959291 seconds (4.35 M allocations: 2.677 GiB, 58.73% gc time)
269
  3.219808 seconds (1.56 M allocations: 997.353 MiB)
174
  6.062413 seconds (2.83 M allocations: 1.787 GiB)
322
  3.948363 seconds (1.92 M allocations: 1.196 GiB)
224
 21.810770 seconds (4.72 M allocations: 2.919 GiB, 56.44% gc time)
820
 22.054955 seconds (4.86 M allocations: 3.001 GiB, 55.81% gc time)
 22.576912 seconds (5.11 M allocations: 3.158 GiB, 54.52% gc time)
772
424
  9.235764 seconds (4.64 M allocations: 2.859 GiB)
470
  3.025477 seconds (1.89 M allocations: 1.090 GiB)
123
  3.469597 seconds (2.00 M allocations: 1.178 GiB)
523
  3.042583 seconds (1.66 M allocations: 1019.808 MiB)
721
  6.068668 seconds (2.98 M allocations: 1.848 GiB)
975
  3.200644 seconds (1.48 M allocations: 954.912 MiB)
225
  9.570387 seconds (4.66 M allocations: 2.899 GiB)
24
  4.077596 seconds (1.94 M allocations: 1.214 GiB)
175
  3.332037 seconds (1.30 M allocations: 895.049 MiB)
124
 11.067725 seconds (5.30 M allocations: 3.313 GiB)
921
  6.204465 seconds (2.79 M allocations: 1.781 GiB)
323
 11.770640 seconds (5.47 M allocations: 3.452 GiB)
74
  6.471218 seconds (2.61 M allocations: 1.733 GiB)
821
 12.122787 seconds (5.67 M allocations: 3.573 GiB)
370
  6.599563 seconds (2.65 M allocations: 1.763 GiB)
471
  7.355751 seconds (3.19 M allocations: 2.058 GiB)
425
  9.173745 seconds (4.36 M allocations: 2.728 GiB)
673
 16.120070 seconds (7.56 M allocations: 4.763 GiB)
874
  9.187355 seconds (4.51 M allocations: 2.791 GiB)
270
 12.328040 seconds (6.03 M allocations: 3.739 GiB)
574
 12.398544 seconds (6.03 M allocations: 3.750 GiB)
623
  5.303805 seconds (2.55 M allocations: 1.589 GiB)
176
  9.797021 seconds (4.29 M allocations: 2.765 GiB)
773
  6.731127 seconds (3.08 M allocations: 1.956 GiB)
25
  8.836883 seconds (3.90 M allocations: 2.507 GiB)
976
  8.995457 seconds (4.06 M allocations: 2.587 GiB)
524
  3.941079 seconds (1.69 M allocations: 1.099 GiB)
875
  5.303038 seconds (2.77 M allocations: 1.683 GiB)
75
  9.625675 seconds (4.49 M allocations: 2.830 GiB)
722
  4.708306 seconds (1.93 M allocations: 1.277 GiB)
575
 21.857884 seconds (4.15 M allocations: 2.609 GiB, 59.70% gc time)
125
 20.468938 seconds (3.08 M allocations: 2.027 GiB, 63.75% gc time)
426
 16.364519 seconds (1.03 M allocations: 780.503 MiB, 79.74% gc time)
876
 22.732482 seconds (4.36 M allocations: 2.786 GiB, 57.40% gc time)
 16.374569 seconds (1.05 M allocations: 789.986 MiB, 79.69% gc time)
76
922
 22.981966 seconds (4.71 M allocations: 2.955 GiB, 56.78% gc time)
324
 20.985958 seconds (3.48 M allocations: 2.247 GiB, 62.18% gc time)
674
 21.870154 seconds (4.11 M allocations: 2.595 GiB, 59.67% gc time)
472
  3.100481 seconds (1.49 M allocations: 953.854 MiB)
576
 22.681358 seconds (4.69 M allocations: 2.919 GiB, 57.53% gc time)
371
 22.829923 seconds (4.86 M allocations: 3.002 GiB, 57.16% gc time)
822
 25.927451 seconds (6.43 M allocations: 3.963 GiB, 50.33% gc time)
226
 20.156043 seconds (3.65 M allocations: 2.232 GiB, 64.74% gc time)
177
 18.926046 seconds (3.17 M allocations: 1.908 GiB, 68.95% gc time)
525
 22.498477 seconds (4.68 M allocations: 2.896 GiB, 58.00% gc time)
271
 21.832794 seconds (4.55 M allocations: 2.774 GiB, 59.77% gc time)
624
 20.888124 seconds (4.13 M allocations: 2.501 GiB, 62.47% gc time)
26
  3.558290 seconds (2.34 M allocations: 1.327 GiB)
877
  3.630538 seconds (2.37 M allocations: 1.346 GiB)
77
 23.511706 seconds (5.08 M allocations: 3.165 GiB, 55.50% gc time)
774
  3.677815 seconds (1.20 M allocations: 892.992 MiB)
526
  5.783709 seconds (2.64 M allocations: 1.683 GiB)
325
  3.154598 seconds (990.66 k allocations: 751.392 MiB)
27
 24.252403 seconds (5.44 M allocations: 3.390 GiB, 53.81% gc time)
977
  3.179584 seconds (1.13 M allocations: 812.540 MiB)
78
  6.026961 seconds (2.66 M allocations: 1.719 GiB)
372
  6.041686 seconds (2.67 M allocations: 1.720 GiB)
178
  4.331432 seconds (1.87 M allocations: 1.219 GiB)
878
 24.427707 seconds (5.62 M allocations: 3.483 GiB, 53.42% gc time)
723
  6.033301 seconds (2.86 M allocations: 1.798 GiB)
272
  3.275039 seconds (1.70 M allocations: 1.039 GiB)
527
  6.981594 seconds (2.97 M allocations: 1.943 GiB)
625
  3.709527 seconds (1.81 M allocations: 1.127 GiB)
28
  3.144662 seconds (1.41 M allocations: 923.058 MiB)
79
 10.904259 seconds (5.61 M allocations: 3.433 GiB)
427
  3.548957 seconds (1.48 M allocations: 995.924 MiB)
879
 11.199923 seconds (5.57 M allocations: 3.443 GiB)
675
 10.679694 seconds (4.91 M allocations: 3.117 GiB)
227
 11.699498 seconds (5.56 M allocations: 3.491 GiB)
577
 12.068303 seconds (3.85 M allocations: 2.465 GiB, 28.91% gc time)
775
 17.115455 seconds (6.35 M allocations: 4.013 GiB, 20.39% gc time)
473
  8.146828 seconds (1.98 M allocations: 1.288 GiB, 42.83% gc time)
528
 19.508610 seconds (7.83 M allocations: 4.867 GiB, 17.89% gc time)
126
  7.352994 seconds (1.60 M allocations: 1.052 GiB, 47.45% gc time)
428
 18.471892 seconds (7.39 M allocations: 4.578 GiB, 18.89% gc time)
923
 11.523591 seconds (3.63 M allocations: 2.316 GiB, 30.28% gc time)
179
 18.154483 seconds (6.83 M allocations: 4.315 GiB, 19.22% gc time)
823
  9.297127 seconds (2.62 M allocations: 1.671 GiB, 37.53% gc time)
80
  8.288449 seconds (2.14 M allocations: 1.370 GiB, 42.10% gc time)
880
 11.989401 seconds (3.83 M allocations: 2.447 GiB, 29.10% gc time)
273
 13.622695 seconds (5.01 M allocations: 3.099 GiB, 25.61% gc time)
326
 13.869884 seconds (4.93 M allocations: 3.091 GiB, 25.16% gc time)
373
 14.580373 seconds (5.42 M allocations: 3.367 GiB, 23.93% gc time)
  9.233120 seconds (2.75 M allocations: 1.719 GiB, 37.79% gc time)
228
978
  3.826087 seconds (2.09 M allocations: 1.258 GiB)
474
  3.491043 seconds (1.93 M allocations: 1.154 GiB)
429
 11.959909 seconds (4.25 M allocations: 2.617 GiB, 29.17% gc time)
  4.299423 seconds (2.49 M allocations: 1.471 GiB)
29
529
 11.785060 seconds (4.12 M allocations: 2.545 GiB, 29.61% gc time)
676
  3.231518 seconds (1.74 M allocations: 1.052 GiB)
881
 15.989514 seconds (6.02 M allocations: 3.759 GiB, 21.82% gc time)
724
 14.515104 seconds (5.53 M allocations: 3.408 GiB, 24.04% gc time)
626
  3.020982 seconds (1.52 M allocations: 955.051 MiB)
475
  3.094764 seconds (1.41 M allocations: 917.946 MiB)
430
  5.653767 seconds (2.67 M allocations: 1.681 GiB)
274
 13.617220 seconds (5.03 M allocations: 3.107 GiB, 25.62% gc time)
578
  9.022343 seconds (4.85 M allocations: 2.922 GiB)
776
  6.398557 seconds (3.12 M allocations: 1.943 GiB)
327
  4.001207 seconds (1.76 M allocations: 1.136 GiB)
  5.488098 seconds (2.57 M allocations: 1.620 GiB)
882
979
  9.246444 seconds (4.54 M allocations: 2.821 GiB)
180
  7.167312 seconds (2.74 M allocations: 1.864 GiB)  3.293749 seconds (1.17 M allocations: 842.523 MiB)

  3.511983 seconds (1.34 M allocations: 935.116 MiB)
30
 10.512686 seconds (4.69 M allocations: 3.014 GiB)
  8.897251 seconds (4.17 M allocations: 2.633 GiB)
  8.029575 seconds (3.27 M allocations: 2.175 GiB)
275
431
824
81
229
  5.262570 seconds (2.50 M allocations: 1.570 GiB)
476
  7.813522 seconds (3.87 M allocations: 2.397 GiB)
530
 12.593825 seconds (6.47 M allocations: 3.960 GiB)
924
  4.948161 seconds (2.50 M allocations: 1.541 GiB)
777
  4.866801 seconds (2.46 M allocations: 1.515 GiB)
328
  5.663921 seconds (1.48 M allocations: 967.464 MiB, 42.29% gc time)
  5.730764 seconds (1.70 M allocations: 1.041 GiB, 41.79% gc time)
432
31
 11.558238 seconds (4.21 M allocations: 2.675 GiB, 20.72% gc time)
627
  8.708530 seconds (2.90 M allocations: 1.844 GiB, 27.50% gc time)
883
 12.268963 seconds (4.82 M allocations: 2.997 GiB, 19.52% gc time)
725
  5.569510 seconds (1.42 M allocations: 929.754 MiB, 43.00% gc time)
925
  6.136059 seconds (1.76 M allocations: 1.109 GiB, 39.03% gc time)
531
 11.080361 seconds (4.30 M allocations: 2.665 GiB, 21.61% gc time)
579
 14.232530 seconds (5.77 M allocations: 3.592 GiB, 16.83% gc time)
677
  8.298836 seconds (3.13 M allocations: 1.892 GiB, 28.86% gc time)
276
  3.046686 seconds (1.65 M allocations: 1016.188 MiB)
433
 17.754982 seconds (7.75 M allocations: 4.772 GiB, 13.49% gc time)
  8.704806 seconds (2.91 M allocations: 1.846 GiB, 27.51% gc time)
82
374
 21.079668 seconds (9.59 M allocations: 5.869 GiB, 11.36% gc time)
127
  9.531965 seconds (3.49 M allocations: 2.167 GiB, 25.13% gc time)
230
  3.058393 seconds (1.67 M allocations: 1023.569 MiB)
926
 10.913179 seconds (4.21 M allocations: 2.604 GiB, 21.95% gc time)
825
  3.061541 seconds (1.47 M allocations: 936.563 MiB)
678
  4.348202 seconds (2.05 M allocations: 1.285 GiB)
 11.756617 seconds (4.37 M allocations: 2.755 GiB, 20.37% gc time)
580
477
  6.757609 seconds (3.16 M allocations: 1.987 GiB)
884
 11.642181 seconds (4.28 M allocations: 2.698 GiB, 20.57% gc time)
778
  5.609725 seconds (2.19 M allocations: 1.468 GiB)
83
 17.142598 seconds (6.83 M allocations: 4.316 GiB, 13.97% gc time)
980
  8.578325 seconds (3.90 M allocations: 2.475 GiB)
628
  3.455143 seconds (1.23 M allocations: 875.463 MiB)
478
  9.599296 seconds (4.26 M allocations: 2.729 GiB)
726
  7.394701 seconds (3.03 M allocations: 1.996 GiB)
434
  6.587855 seconds (2.60 M allocations: 1.738 GiB)
927
 10.734595 seconds (5.01 M allocations: 3.155 GiB)
32
  7.414847 seconds (3.18 M allocations: 2.061 GiB)
375
  9.091364 seconds (4.13 M allocations: 2.623 GiB)
277
  6.871420 seconds (2.97 M allocations: 1.920 GiB)
679
 15.644327 seconds (6.40 M allocations: 3.980 GiB, 15.31% gc time)
329
  5.975227 seconds (2.73 M allocations: 1.732 GiB)
581
  7.531774 seconds (3.42 M allocations: 2.172 GiB)
826
  3.113547 seconds (1.82 M allocations: 1.067 GiB)
479
  9.335540 seconds (4.36 M allocations: 2.744 GiB)
231
  6.529043 seconds (3.27 M allocations: 2.015 GiB)
885
  3.029703 seconds (1.55 M allocations: 971.895 MiB)
33
 12.189504 seconds (5.80 M allocations: 3.629 GiB)
532
 20.682334 seconds (8.96 M allocations: 5.557 GiB, 11.58% gc time)
181
  3.044410 seconds (1.40 M allocations: 913.051 MiB)
582
  7.619482 seconds (3.87 M allocations: 2.375 GiB)
779
  4.469075 seconds (2.29 M allocations: 1.402 GiB)
  5.167963 seconds (2.80 M allocations: 1.684 GiB)
  6.895513 seconds (3.60 M allocations: 2.192 GiB)
376
928
629
  4.568325 seconds (2.04 M allocations: 1.306 GiB)
480
  3.412499 seconds (1.33 M allocations: 914.912 MiB)
182
  7.910785 seconds (3.94 M allocations: 2.432 GiB)
435
  7.618742 seconds (3.58 M allocations: 2.251 GiB)
278
 20.519227 seconds (1.05 M allocations: 772.839 MiB, 84.21% gc time)
929
 24.026681 seconds (3.03 M allocations: 1.932 GiB, 71.92% gc time)
827
 24.844448 seconds (3.67 M allocations: 2.279 GiB, 69.55% gc time)
680
 24.772670 seconds (3.60 M allocations: 2.242 GiB, 69.75% gc time)
330
 29.737390 seconds (6.05 M allocations: 3.759 GiB, 58.11% gc time)
84
 25.351461 seconds (3.57 M allocations: 2.289 GiB, 68.16% gc time)
232
 24.032055 seconds (2.86 M allocations: 1.863 GiB, 71.90% gc time)
533
 20.920274 seconds (1.72 M allocations: 1.076 GiB, 82.59% gc time)
481
 20.673572 seconds (1.70 M allocations: 1.045 GiB, 83.58% gc time)
183
 25.769488 seconds (3.94 M allocations: 2.483 GiB, 67.05% gc time)
886
 26.266105 seconds (4.22 M allocations: 2.653 GiB, 65.78% gc time)
34
 37.109121 seconds (9.36 M allocations: 5.870 GiB, 46.56% gc time)
128
  4.358059 seconds (2.14 M allocations: 1.328 GiB)
279
  3.096329 seconds (1.27 M allocations: 861.480 MiB)
534
 33.356091 seconds (7.85 M allocations: 4.876 GiB, 51.80% gc time)
981
  5.692992 seconds (2.36 M allocations: 1.559 GiB)
930
  6.032729 seconds (2.77 M allocations: 1.764 GiB)
828
 27.691111 seconds (4.77 M allocations: 3.027 GiB, 62.40% gc time)
583
  3.826365 seconds (1.88 M allocations: 1.167 GiB)
 27.926827 seconds (4.96 M allocations: 3.129 GiB, 61.87% gc time)
482
780
 27.403484 seconds (4.70 M allocations: 2.971 GiB, 63.05% gc time)
377
  6.653446 seconds (3.17 M allocations: 1.993 GiB)
331
  5.316536 seconds (2.78 M allocations: 1.693 GiB)
233
  7.875256 seconds (3.84 M allocations: 2.391 GiB)
681
 26.277348 seconds (4.60 M allocations: 2.817 GiB, 65.76% gc time)
  6.100661 seconds (3.25 M allocations: 1.969 GiB)
85
436
  3.021005 seconds (1.84 M allocations: 1.070 GiB)
931
  3.043644 seconds (1.68 M allocations: 1.004 GiB)
584
  6.220090 seconds (3.28 M allocations: 1.992 GiB)
887
  6.638848 seconds (3.43 M allocations: 2.095 GiB)
35
  4.330050 seconds (2.10 M allocations: 1.311 GiB)
  3.562068 seconds (1.63 M allocations: 1.040 GiB)
483
781
  5.810868 seconds (3.30 M allocations: 1.956 GiB)
535
  3.035452 seconds (1.50 M allocations: 953.277 MiB)
682
  3.049601 seconds (1.40 M allocations: 911.877 MiB)
932
 39.134974 seconds (11.11 M allocations: 6.813 GiB, 44.15% gc time)
727
  6.060372 seconds (2.85 M allocations: 1.796 GiB)
332
  7.713225 seconds (3.82 M allocations: 2.365 GiB)
829
  3.905637 seconds (1.71 M allocations: 1.104 GiB)
585
  3.061326 seconds (1.32 M allocations: 875.861 MiB)
484
  3.077372 seconds (1.35 M allocations: 892.387 MiB)
782
  6.073828 seconds (2.99 M allocations: 1.854 GiB)
86
  8.303341 seconds (4.48 M allocations: 2.695 GiB)
982
  6.084364 seconds (2.66 M allocations: 1.718 GiB)
36
 10.575635 seconds (2.41 M allocations: 1.635 GiB, 39.81% gc time)
536
  9.952205 seconds (2.23 M allocations: 1.500 GiB, 42.31% gc time)
683
  7.959631 seconds (1.33 M allocations: 946.952 MiB, 52.90% gc time)
586
 13.459889 seconds (4.19 M allocations: 2.667 GiB, 31.28% gc time)
437
  8.404239 seconds (1.61 M allocations: 1.089 GiB, 50.10% gc time)
485
 19.639670 seconds (7.58 M allocations: 4.701 GiB, 21.44% gc time)
184
 13.514780 seconds (4.27 M allocations: 2.704 GiB, 31.15% gc time)
888
  8.999390 seconds (1.88 M allocations: 1.260 GiB, 46.79% gc time)
783
 44.269758 seconds (10.96 M allocations: 6.839 GiB, 48.54% gc time)
630
 10.036841 seconds (2.35 M allocations: 1.562 GiB, 41.95% gc time)
 20.043085 seconds (7.80 M allocations: 4.829 GiB, 21.01% gc time)
87
280
  9.971489 seconds (2.48 M allocations: 1.607 GiB, 42.23% gc time)
983
 17.062466 seconds (6.05 M allocations: 3.799 GiB, 24.68% gc time)
234
 12.058663 seconds (3.74 M allocations: 2.340 GiB, 34.92% gc time)
333
 18.570647 seconds (7.00 M allocations: 4.347 GiB, 22.67% gc time)
378
  3.879031 seconds (2.14 M allocations: 1.278 GiB)
587
  4.007820 seconds (1.98 M allocations: 1.227 GiB)
185
 13.051042 seconds (4.11 M allocations: 2.593 GiB, 32.26% gc time)
830
  3.278219 seconds (1.30 M allocations: 892.072 MiB)
984
 24.408486 seconds (9.71 M allocations: 6.065 GiB, 17.25% gc time)
129
  6.666116 seconds (2.87 M allocations: 1.863 GiB)
486
  3.091202 seconds (1.03 M allocations: 759.537 MiB)
588
  3.809002 seconds (1.48 M allocations: 1022.104 MiB)
334
 13.134102 seconds (4.44 M allocations: 2.740 GiB, 32.06% gc time)
37
  8.248163 seconds (3.98 M allocations: 2.485 GiB)  7.608410 seconds (3.22 M allocations: 2.105 GiB)
  6.348841 seconds (2.58 M allocations: 1.712 GiB)

 17.430772 seconds (6.20 M allocations: 3.903 GiB, 24.16% gc time)
537
88
933
784
  5.157755 seconds (2.40 M allocations: 1.517 GiB)
379
  7.652304 seconds (3.76 M allocations: 2.335 GiB)
631
  8.591394 seconds (4.23 M allocations: 2.625 GiB)
889
  3.050889 seconds (1.94 M allocations: 1.115 GiB)
130
 19.457439 seconds (7.47 M allocations: 4.637 GiB, 21.64% gc time)
728
  7.097125 seconds (3.14 M allocations: 2.024 GiB)
831
  3.021051 seconds (1.21 M allocations: 830.977 MiB)
  3.103549 seconds (1.29 M allocations: 874.488 MiB)
89
  3.078406 seconds (1.26 M allocations: 858.190 MiB)
538
934
 10.397449 seconds (5.15 M allocations: 3.190 GiB)
281
  7.003282 seconds (3.57 M allocations: 2.195 GiB)
985
  6.724092 seconds (3.18 M allocations: 2.004 GiB)
589
  6.998745 seconds (3.35 M allocations: 2.102 GiB)
487
  6.075352 seconds (2.76 M allocations: 1.760 GiB)
785
  7.907196 seconds (3.66 M allocations: 2.323 GiB)
335
  3.029623 seconds (1.43 M allocations: 920.682 MiB)
832
  4.089405 seconds (2.01 M allocations: 1.251 GiB)
729
  3.071573 seconds (1.52 M allocations: 964.639 MiB)
935
  6.064370 seconds (3.13 M allocations: 1.913 GiB)
632
  3.411754 seconds (1.89 M allocations: 1.130 GiB)
90
  5.823896 seconds (3.05 M allocations: 1.856 GiB)
380
  6.059199 seconds (3.14 M allocations: 1.918 GiB)
890
 18.370160 seconds (9.15 M allocations: 5.657 GiB)
684
  3.030262 seconds (1.34 M allocations: 885.461 MiB)
833
  3.033658 seconds (1.27 M allocations: 854.283 MiB)
936
  3.328118 seconds (1.65 M allocations: 1.022 GiB)
336
 19.520010 seconds (9.59 M allocations: 5.955 GiB)
438
 16.035461 seconds (7.41 M allocations: 4.697 GiB)
186
  7.003081 seconds (3.13 M allocations: 2.004 GiB)
590
 10.053955 seconds (1.57 M allocations: 1.118 GiB, 53.44% gc time)
381
 23.719098 seconds (8.69 M allocations: 5.456 GiB, 22.65% gc time)
235
 12.964626 seconds (3.64 M allocations: 2.270 GiB, 41.44% gc time)
986
 13.711584 seconds (3.81 M allocations: 2.415 GiB, 39.19% gc time)
488
 13.104485 seconds (3.26 M allocations: 2.127 GiB, 41.00% gc time)
730
 12.905849 seconds (3.03 M allocations: 2.009 GiB, 41.63% gc time)
 11.912431 seconds (2.47 M allocations: 1.680 GiB, 45.11% gc time)
633
91
 17.886336 seconds (5.94 M allocations: 3.722 GiB, 30.04% gc time)
131
 16.987723 seconds (5.52 M allocations: 3.454 GiB, 31.63% gc time)
539
 14.319535 seconds (4.34 M allocations: 2.696 GiB, 37.52% gc time)
786
  3.024400 seconds (1.78 M allocations: 1.042 GiB)
591
 14.097482 seconds (3.88 M allocations: 2.481 GiB, 38.11% gc time)
891
 21.652170 seconds (7.98 M allocations: 4.950 GiB, 24.82% gc time)
38
  3.227145 seconds (1.23 M allocations: 856.047 MiB)
92
 13.606916 seconds (3.45 M allocations: 2.255 GiB, 39.49% gc time)
337
  3.050701 seconds (1.11 M allocations: 786.230 MiB)
540
 14.041146 seconds (3.75 M allocations: 2.421 GiB, 38.27% gc time)
937
 14.302119 seconds (4.18 M allocations: 2.626 GiB, 37.57% gc time)
  5.705514 seconds (2.71 M allocations: 1.703 GiB)
685
987
  3.039811 seconds (1.42 M allocations: 919.406 MiB)
592
  3.181117 seconds (1.66 M allocations: 1.008 GiB)
787
 20.448267 seconds (7.60 M allocations: 4.669 GiB, 26.28% gc time)
282
 15.409682 seconds (5.15 M allocations: 3.140 GiB, 34.87% gc time)
834
 14.334081 seconds (4.69 M allocations: 2.842 GiB, 37.49% gc time)
439
  9.078929 seconds (4.47 M allocations: 2.771 GiB)
382
  3.174961 seconds (1.53 M allocations: 979.297 MiB)
541
  3.120038 seconds (1.15 M allocations: 814.715 MiB)
788
  4.096278 seconds (1.79 M allocations: 1.161 GiB)
988
  6.699977 seconds (3.04 M allocations: 1.940 GiB)
39
  7.574353 seconds (3.41 M allocations: 2.184 GiB)
892
  6.094908 seconds (2.60 M allocations: 1.697 GiB)
338
  6.055077 seconds (2.33 M allocations: 1.584 GiB)
686
  3.507422 seconds (1.32 M allocations: 927.060 MiB)
542
 13.313990 seconds (6.40 M allocations: 4.002 GiB)
187
 12.825543 seconds (6.03 M allocations: 3.799 GiB)
236
  4.077803 seconds (1.72 M allocations: 1.127 GiB)
383
  7.062143 seconds (3.03 M allocations: 1.974 GiB)
593
  8.330252 seconds (4.16 M allocations: 2.570 GiB)
93
  7.165187 seconds (3.07 M allocations: 2.001 GiB)
283
  4.208857 seconds (2.07 M allocations: 1.285 GiB)
989
  6.937714 seconds (3.09 M allocations: 1.986 GiB)
440
 13.331249 seconds (6.97 M allocations: 4.240 GiB)
  8.868285 seconds (4.22 M allocations: 2.650 GiB)
489
938
 13.514388 seconds (6.93 M allocations: 4.241 GiB)
731
 13.234136 seconds (6.72 M allocations: 4.127 GiB)
132
  4.621286 seconds (2.47 M allocations: 1.488 GiB)
339
  9.606012 seconds (4.39 M allocations: 2.793 GiB)
835
 15.070173 seconds (7.44 M allocations: 4.612 GiB)
634
  3.022158 seconds (1.18 M allocations: 814.867 MiB)
490
  4.334625 seconds (2.07 M allocations: 1.300 GiB)
284
  3.713888 seconds (1.64 M allocations: 1.058 GiB)
441
  9.268681 seconds (4.63 M allocations: 2.858 GiB)
789
  6.050077 seconds (3.14 M allocations: 1.914 GiB)
237
  6.051120 seconds (3.12 M allocations: 1.908 GiB)
384
  3.021736 seconds (1.28 M allocations: 855.950 MiB)
635
 10.317043 seconds (5.04 M allocations: 3.132 GiB)
40
  3.153734 seconds (1.33 M allocations: 890.768 MiB)
491
  9.422453 seconds (4.74 M allocations: 2.918 GiB)
687
  8.085529 seconds (3.95 M allocations: 2.459 GiB)
594
  3.106151 seconds (1.45 M allocations: 939.074 MiB)
285
 30.201135 seconds (4.03 M allocations: 2.510 GiB, 72.51% gc time)
94
 28.705142 seconds (2.78 M allocations: 1.840 GiB, 76.29% gc time)
836
 31.729236 seconds (4.29 M allocations: 2.774 GiB, 69.02% gc time)
990
 32.993074 seconds (5.21 M allocations: 3.283 GiB, 66.37% gc time)
188
 34.888777 seconds (6.35 M allocations: 3.948 GiB, 62.77% gc time)
893
 27.379746 seconds (2.29 M allocations: 1.504 GiB, 79.98% gc time)
790
 29.282982 seconds (3.33 M allocations: 2.131 GiB, 74.78% gc time)
340
 30.978820 seconds (4.21 M allocations: 2.666 GiB, 70.69% gc time)
133
  3.041826 seconds (1.54 M allocations: 968.468 MiB)
286
 34.311097 seconds (6.67 M allocations: 4.016 GiB, 63.82% gc time)
543
 26.959315 seconds (2.78 M allocations: 1.658 GiB, 81.23% gc time)
636
  3.084298 seconds (1.72 M allocations: 1.024 GiB)
 32.202846 seconds (5.00 M allocations: 3.113 GiB, 68.00% gc time)
95
732
 33.525366 seconds (5.79 M allocations: 3.573 GiB, 65.32% gc time)
939
  3.722789 seconds (2.08 M allocations: 1.231 GiB)
991
  3.490784 seconds (1.67 M allocations: 1.041 GiB)
791
 32.063567 seconds (4.87 M allocations: 3.045 GiB, 68.30% gc time)
442
 31.204011 seconds (4.38 M allocations: 2.755 GiB, 70.18% gc time)
385
  3.052195 seconds (1.05 M allocations: 765.059 MiB)
  3.043565 seconds (1.04 M allocations: 758.916 MiB)
96
733
  8.296935 seconds (3.94 M allocations: 2.472 GiB)
595
 31.165253 seconds (4.60 M allocations: 2.841 GiB, 70.27% gc time)
41
  5.155702 seconds (2.18 M allocations: 1.428 GiB)
637
  6.797797 seconds (3.42 M allocations: 2.102 GiB)
837
  6.413352 seconds (2.98 M allocations: 1.885 GiB)
341
  3.024217 seconds (1.30 M allocations: 868.161 MiB)
443
  3.021809 seconds (1.25 M allocations: 846.914 MiB)
734
  7.558574 seconds (3.78 M allocations: 2.329 GiB)
189
 33.089610 seconds (5.77 M allocations: 3.522 GiB, 66.18% gc time)
492
  8.059970 seconds (4.03 M allocations: 2.483 GiB)
894
  3.538596 seconds (1.84 M allocations: 1.121 GiB)
97
  8.552352 seconds (4.40 M allocations: 2.687 GiB)
134
  8.323506 seconds (4.22 M allocations: 2.593 GiB)
544
  3.664216 seconds (1.90 M allocations: 1.158 GiB)
638
  9.636181 seconds (4.69 M allocations: 2.918 GiB)
287
  5.596265 seconds (2.65 M allocations: 1.665 GiB)
42
  3.047836 seconds (1.02 M allocations: 753.169 MiB)
98
 39.025218 seconds (8.21 M allocations: 5.135 GiB, 56.11% gc time)
238
 16.847194 seconds (4.69 M allocations: 2.923 GiB, 42.54% gc time)
940
 11.855729 seconds (1.75 M allocations: 1.195 GiB, 60.45% gc time)
493
 12.985477 seconds (2.42 M allocations: 1.588 GiB, 55.19% gc time)
735
 46.706624 seconds (8.36 M allocations: 5.243 GiB, 62.23% gc time)
688
 13.833517 seconds (2.78 M allocations: 1.823 GiB, 51.81% gc time)
444
 15.481184 seconds (3.73 M allocations: 2.383 GiB, 46.30% gc time)
838
  3.338305 seconds (1.41 M allocations: 941.803 MiB)
99
 14.036519 seconds (3.02 M allocations: 1.942 GiB, 51.06% gc time)
895
 15.714112 seconds (4.04 M allocations: 2.530 GiB, 45.61% gc time)
342
 15.740112 seconds (3.88 M allocations: 2.467 GiB, 45.54% gc time)
190
 13.226112 seconds (2.70 M allocations: 1.723 GiB, 54.19% gc time)
639
 20.453379 seconds (6.42 M allocations: 3.999 GiB, 35.04% gc time)
792
 15.915538 seconds (3.60 M allocations: 2.370 GiB, 45.03% gc time)
  5.650648 seconds (2.33 M allocations: 1.533 GiB)
941
545
  3.874279 seconds (1.79 M allocations: 1.134 GiB)
689
 19.553973 seconds (5.81 M allocations: 3.656 GiB, 36.65% gc time)
596
 21.946573 seconds (6.89 M allocations: 4.346 GiB, 32.66% gc time)
  3.760290 seconds (1.70 M allocations: 1.085 GiB)
386
100
 22.642800 seconds (7.63 M allocations: 4.721 GiB, 31.65% gc time)
992
 17.829471 seconds (4.86 M allocations: 3.090 GiB, 40.20% gc time)
  4.240181 seconds (2.17 M allocations: 1.331 GiB)
839
135
  5.654440 seconds (3.04 M allocations: 1.830 GiB)
445
 17.133531 seconds (4.86 M allocations: 3.013 GiB, 41.83% gc time)
288
  8.190919 seconds (3.87 M allocations: 2.428 GiB)  3.417902 seconds (1.86 M allocations: 1.117 GiB)
  3.072826 seconds (1.34 M allocations: 886.397 MiB)

  8.852174 seconds (4.27 M allocations: 2.659 GiB)
597
640
  6.830275 seconds (3.58 M allocations: 2.171 GiB)
239
494
736
  8.401869 seconds (3.90 M allocations: 2.466 GiB)
896
  4.992183 seconds (2.20 M allocations: 1.414 GiB)
387
  3.031579 seconds (768.34 k allocations: 642.458 MiB)
  3.029717 seconds (760.50 k allocations: 639.583 MiB)
641
289
  6.370572 seconds (2.76 M allocations: 1.789 GiB)
690
  9.671367 seconds (4.51 M allocations: 2.849 GiB)
191
  3.779581 seconds (1.42 M allocations: 994.507 MiB)
  6.477505 seconds (2.77 M allocations: 1.801 GiB)
737
840
  9.504426 seconds (4.61 M allocations: 2.872 GiB)
793
 15.113862 seconds (7.27 M allocations: 4.539 GiB)
43
  7.306599 seconds (3.28 M allocations: 2.100 GiB)
  4.729562 seconds (1.96 M allocations: 1.294 GiB)
136
495
  3.104352 seconds (1.82 M allocations: 1.068 GiB)
388
  9.684128 seconds (5.10 M allocations: 3.093 GiB)
546
  9.655369 seconds (5.10 M allocations: 3.089 GiB)
942
  9.340794 seconds (4.48 M allocations: 2.802 GiB)
993
  6.122205 seconds (2.95 M allocations: 1.847 GiB)
897
 10.110227 seconds (4.52 M allocations: 2.901 GiB)
  3.023801 seconds (1.08 M allocations: 775.104 MiB)
496
446
  3.322719 seconds (1.35 M allocations: 921.610 MiB)
44
  3.643254 seconds (1.43 M allocations: 987.346 MiB)
389
  6.037229 seconds (3.08 M allocations: 1.892 GiB)
691
 16.801495 seconds (8.00 M allocations: 5.022 GiB)
343
  3.182935 seconds (1.38 M allocations: 918.656 MiB)
994
  6.110699 seconds (3.04 M allocations: 1.881 GiB)
841
 10.817868 seconds (5.06 M allocations: 3.199 GiB)
240
  5.819545 seconds (2.65 M allocations: 1.691 GiB)
137
  6.349926 seconds (2.61 M allocations: 1.728 GiB)
547
  6.340755 seconds (2.61 M allocations: 1.729 GiB)
943
  8.887218 seconds (4.41 M allocations: 2.730 GiB)
192
  9.458286 seconds (4.84 M allocations: 2.966 GiB)
642
  9.077892 seconds (4.30 M allocations: 2.704 GiB)
794
  3.218807 seconds (1.54 M allocations: 987.031 MiB)
344
  4.990820 seconds (2.49 M allocations: 1.536 GiB)
45
 17.318464 seconds (8.52 M allocations: 5.285 GiB)
101
  4.413783 seconds (2.01 M allocations: 1.278 GiB)
995
 26.415432 seconds (5.44 M allocations: 3.416 GiB, 56.56% gc time)
738
 18.844048 seconds (1.83 M allocations: 1.152 GiB, 79.29% gc time)
241
 26.832009 seconds (5.97 M allocations: 3.681 GiB, 55.68% gc time)
290
 22.619571 seconds (3.72 M allocations: 2.320 GiB, 66.05% gc time)
447
 21.495582 seconds (3.08 M allocations: 1.939 GiB, 69.51% gc time)
842
 23.752237 seconds (4.32 M allocations: 2.681 GiB, 62.90% gc time)
497
 23.194397 seconds (3.90 M allocations: 2.455 GiB, 64.42% gc time)
390
  3.020829 seconds (1.38 M allocations: 902.208 MiB)
996
 20.097083 seconds (2.37 M allocations: 1.507 GiB, 74.34% gc time)
643
 22.506800 seconds (3.46 M allocations: 2.202 GiB, 66.38% gc time)
138
  3.024246 seconds (1.39 M allocations: 907.791 MiB)
739
 20.425963 seconds (2.61 M allocations: 1.637 GiB, 73.15% gc time)
46
 25.645162 seconds (5.30 M allocations: 3.281 GiB, 58.26% gc time)
898
 21.826300 seconds (3.59 M allocations: 2.183 GiB, 68.45% gc time)
193
  3.025030 seconds (1.67 M allocations: 1021.603 MiB)
448
 35.079308 seconds (9.93 M allocations: 6.161 GiB, 42.59% gc time)
598
  3.036291 seconds (1.65 M allocations: 1014.756 MiB)
391
 27.022510 seconds (5.99 M allocations: 3.708 GiB, 55.29% gc time)
692
  3.224025 seconds (1.22 M allocations: 853.851 MiB)
899
  7.263755 seconds (3.28 M allocations: 2.097 GiB)
291
 24.701648 seconds (4.45 M allocations: 2.836 GiB, 60.49% gc time)
795
  3.332428 seconds (1.27 M allocations: 885.520 MiB)
449
 26.145874 seconds (5.55 M allocations: 3.434 GiB, 57.14% gc time)
548
 26.752452 seconds (5.82 M allocations: 3.608 GiB, 55.85% gc time)
944
  5.491233 seconds (2.50 M allocations: 1.592 GiB)
644
  7.190335 seconds (3.48 M allocations: 2.170 GiB)
498
  6.014193 seconds (3.01 M allocations: 1.856 GiB)
139
  3.797427 seconds (1.82 M allocations: 1.134 GiB)
392
  6.127348 seconds (2.83 M allocations: 1.790 GiB)
47
  3.349830 seconds (1.84 M allocations: 1.097 GiB)
900
  3.244499 seconds (1.74 M allocations: 1.045 GiB)
796
  8.053015 seconds (4.03 M allocations: 2.482 GiB)
740
 10.675329 seconds (5.21 M allocations: 3.238 GiB)
843
  3.062610 seconds (1.22 M allocations: 836.569 MiB)
140
  4.322140 seconds (2.13 M allocations: 1.319 GiB)
450
  8.762644 seconds (4.01 M allocations: 2.545 GiB)
194
  7.454772 seconds (1.26 M allocations: 841.253 MiB, 59.12% gc time)
901
 18.173240 seconds (6.64 M allocations: 4.139 GiB, 24.25% gc time)
242
 35.042494 seconds (7.61 M allocations: 4.732 GiB, 55.21% gc time)
  7.641027 seconds (1.31 M allocations: 883.766 MiB, 57.68% gc time)
741
 36.641840 seconds (8.12 M allocations: 5.110 GiB, 52.80% gc time)
345
 13.938150 seconds (4.39 M allocations: 2.775 GiB, 31.62% gc time)
693
 11.636948 seconds (3.07 M allocations: 2.001 GiB, 37.88% gc time)
 12.668772 seconds (3.69 M allocations: 2.358 GiB, 34.79% gc time)
499
549
 12.271180 seconds (3.57 M allocations: 2.271 GiB, 35.92% gc time)
945
 16.458778 seconds (5.49 M allocations: 3.491 GiB, 26.78% gc time)
599
 18.037705 seconds (6.41 M allocations: 4.030 GiB, 24.44% gc time)
997
 14.062284 seconds (4.79 M allocations: 2.955 GiB, 31.34% gc time)
292
 13.350902 seconds (4.25 M allocations: 2.660 GiB, 33.01% gc time)
645
  3.965828 seconds (1.78 M allocations: 1.143 GiB)
742
 12.514572 seconds (3.51 M allocations: 2.271 GiB, 35.22% gc time)
797
  3.130224 seconds (1.45 M allocations: 941.369 MiB)
500
  3.143089 seconds (1.44 M allocations: 938.677 MiB)
550
 13.984744 seconds (4.52 M allocations: 2.840 GiB, 31.52% gc time)
48
  3.025440 seconds (1.36 M allocations: 892.825 MiB)
998
 14.003903 seconds (4.67 M allocations: 2.903 GiB, 31.47% gc time)
393
 11.714581 seconds (3.67 M allocations: 2.263 GiB, 37.62% gc time)
195
  7.137420 seconds (3.63 M allocations: 2.230 GiB)
  3.030723 seconds (1.40 M allocations: 912.967 MiB)
743
 13.641469 seconds (4.38 M allocations: 2.748 GiB, 32.31% gc time)
141
 13.732576 seconds (4.44 M allocations: 2.785 GiB, 32.10% gc time)
844
 14.616627 seconds (4.77 M allocations: 3.011 GiB, 30.15% gc time)
451
  3.932041 seconds (1.76 M allocations: 1.131 GiB)
551
  6.855573 seconds (3.06 M allocations: 1.970 GiB)
946
  5.903607 seconds (2.71 M allocations: 1.727 GiB)
  3.415635 seconds (1.33 M allocations: 922.616 MiB)
646
196
  6.617513 seconds (2.89 M allocations: 1.875 GiB)
798
  9.059048 seconds (3.95 M allocations: 2.560 GiB)
600
  6.350266 seconds (2.56 M allocations: 1.710 GiB)
999
  9.056028 seconds (4.04 M allocations: 2.599 GiB)
293
  6.536850 seconds (2.77 M allocations: 1.817 GiB)
501
  3.645397 seconds (1.77 M allocations: 1.104 GiB)
 11.809148 seconds (5.70 M allocations: 3.569 GiB)
346
 14.043851 seconds (6.45 M allocations: 4.106 GiB)
243
 11.975776 seconds (5.65 M allocations: 3.561 GiB)
694
  4.030595 seconds (1.73 M allocations: 1.130 GiB)
  8.025878 seconds (3.45 M allocations: 2.252 GiB)
394
647
  4.785805 seconds (2.35 M allocations: 1.461 GiB)
  4.607300 seconds (2.26 M allocations: 1.408 GiB)
947
  7.254437 seconds (3.27 M allocations: 2.096 GiB)
744
  7.463787 seconds (3.43 M allocations: 2.183 GiB)
142
  8.320432 seconds (3.69 M allocations: 2.377 GiB)
845
  3.642672 seconds (1.89 M allocations: 1.152 GiB)
1000
 10.177884 seconds (4.74 M allocations: 3.001 GiB)
49
  3.541620 seconds (1.69 M allocations: 1.059 GiB)
  3.363423 seconds (1.46 M allocations: 969.317 MiB)
395
695
  7.469484 seconds (3.51 M allocations: 2.216 GiB)
197
  5.949240 seconds (3.19 M allocations: 1.925 GiB)
601
 10.365886 seconds (3.69 M allocations: 2.290 GiB, 27.44% gc time)
799
  6.288583 seconds (1.18 M allocations: 856.409 MiB, 45.23% gc time)
1001
  9.747221 seconds (3.26 M allocations: 2.049 GiB, 29.18% gc time)
294
  7.321726 seconds (1.96 M allocations: 1.263 GiB, 38.85% gc time)
143
 10.482265 seconds (3.77 M allocations: 2.332 GiB, 27.14% gc time)
  8.634875 seconds (2.82 M allocations: 1.749 GiB, 32.94% gc time)
244
  7.937983 seconds (2.31 M allocations: 1.471 GiB, 35.83% gc time)
745
  5.927116 seconds (1.50 M allocations: 948.184 MiB, 47.99% gc time)
696
  9.253997 seconds (2.50 M allocations: 1.681 GiB, 30.74% gc time)
846
  3.048993 seconds (1.21 M allocations: 826.208 MiB)
 10.969466 seconds (3.47 M allocations: 2.254 GiB, 25.93% gc time)
948
  3.046042 seconds (1.11 M allocations: 782.324 MiB)
144
  3.043008 seconds (1.07 M allocations: 763.346 MiB)
746
 13.323342 seconds (4.92 M allocations: 3.084 GiB, 21.35% gc time)
347
  3.027521 seconds (1.01 M allocations: 731.544 MiB)
697
  9.346459 seconds (3.02 M allocations: 1.894 GiB, 30.43% gc time)
396
 12.996109 seconds (4.62 M allocations: 2.926 GiB, 21.89% gc time)
648
 11.647468 seconds (3.81 M allocations: 2.457 GiB, 24.42% gc time)
50
  3.026475 seconds (1.26 M allocations: 843.362 MiB)
145
  3.025642 seconds (1.26 M allocations: 850.798 MiB)
747
 11.366725 seconds (3.78 M allocations: 2.415 GiB, 25.02% gc time)
198
  3.774400 seconds (1.82 M allocations: 1.132 GiB)
949
 11.509256 seconds (3.91 M allocations: 2.483 GiB, 24.71% gc time)
  3.089723 seconds (1.46 M allocations: 940.411 MiB)
698
  7.496282 seconds (3.41 M allocations: 2.164 GiB)
295
  7.890002 seconds (3.85 M allocations: 2.386 GiB)
800
  7.453671 seconds (3.40 M allocations: 2.159 GiB)
245
  3.037788 seconds (1.41 M allocations: 915.501 MiB)
146
  3.023665 seconds (1.39 M allocations: 907.194 MiB)
748
  6.864836 seconds (3.42 M allocations: 2.107 GiB)
847
  3.025233 seconds (1.40 M allocations: 912.176 MiB)
950
  3.033999 seconds (1.40 M allocations: 911.807 MiB)
699
  7.023454 seconds (3.21 M allocations: 2.044 GiB)
348
  7.064703 seconds (3.23 M allocations: 2.058 GiB)
397
  6.688429 seconds (3.04 M allocations: 1.942 GiB)
51
  6.962483 seconds (3.25 M allocations: 2.060 GiB)
649
  5.439647 seconds (2.66 M allocations: 1.659 GiB)
199
  3.031888 seconds (1.67 M allocations: 1022.300 MiB)
147
  4.800548 seconds (1.66 M allocations: 1015.973 MiB, 36.59% gc time)
749
  7.292477 seconds (2.57 M allocations: 1.614 GiB, 24.09% gc time)
801
  7.852859 seconds (2.83 M allocations: 1.771 GiB, 22.37% gc time)
296
  6.835114 seconds (2.08 M allocations: 1.360 GiB, 25.70% gc time)
951
  6.265489 seconds (1.93 M allocations: 1.240 GiB, 28.03% gc time)
700
  3.021596 seconds (1.10 M allocations: 763.692 MiB)
148
  9.349855 seconds (3.40 M allocations: 2.160 GiB, 18.79% gc time)
246
  3.020496 seconds (1.19 M allocations: 804.810 MiB)
750
  3.019986 seconds (1.26 M allocations: 840.752 MiB)
  7.340572 seconds (2.56 M allocations: 1.604 GiB, 23.93% gc time)
349
  8.287529 seconds (2.70 M allocations: 1.760 GiB, 21.19% gc time)
398
 10.115813 seconds (3.56 M allocations: 2.302 GiB, 17.36% gc time)
848
  7.807362 seconds (2.41 M allocations: 1.591 GiB, 22.50% gc time)
650
  3.024600 seconds (1.25 M allocations: 842.680 MiB)
701
  3.025210 seconds (1.39 M allocations: 902.654 MiB)
149
  3.028820 seconds (1.26 M allocations: 844.281 MiB)
751
  3.722256 seconds (1.89 M allocations: 1.156 GiB)
  9.008585 seconds (3.45 M allocations: 2.135 GiB, 19.50% gc time)
  8.866379 seconds (3.19 M allocations: 2.014 GiB, 19.81% gc time)
200
  6.046049 seconds (2.64 M allocations: 1.694 GiB)
297
  3.018316 seconds (973.34 k allocations: 698.554 MiB)
  3.019296 seconds (810.41 k allocations: 623.524 MiB)
150
  3.556810 seconds (1.39 M allocations: 918.422 MiB)
399
  6.062659 seconds (2.25 M allocations: 1.503 GiB)
247
  3.016824 seconds (960.25 k allocations: 678.390 MiB)
  5.898400 seconds (1.53 M allocations: 1.033 GiB, 19.45% gc time)
651
  7.223051 seconds (2.39 M allocations: 1.513 GiB, 15.88% gc time)
350
  6.573291 seconds (1.93 M allocations: 1.239 GiB, 17.45% gc time)
849
  6.281401 seconds (1.52 M allocations: 1.018 GiB, 18.26% gc time)
201
  4.181293 seconds (1.05 M allocations: 653.925 MiB, 27.43% gc time)
151
  6.301134 seconds (1.64 M allocations: 1.061 GiB, 18.20% gc time)
298
  5.466366 seconds (1.30 M allocations: 858.881 MiB, 20.98% gc time)
400
  3.692946 seconds (1.21 M allocations: 789.651 MiB)
  3.654395 seconds (948.22 k allocations: 684.247 MiB)
850
  5.782917 seconds (1.69 M allocations: 1.116 GiB)
248
  3.019886 seconds (773.72 k allocations: 567.676 MiB)
  4.776500 seconds (1.47 M allocations: 981.833 MiB)
351
  4.087207 seconds (1.15 M allocations: 798.194 MiB)
  3.017654 seconds (721.79 k allocations: 524.937 MiB)
401
  4.445721 seconds (1.15 M allocations: 811.319 MiB)
299
  3.058650 seconds (831.49 k allocations: 554.281 MiB)
851
  4.240882 seconds (864.59 k allocations: 591.341 MiB, 18.51% gc time)
249
  4.059718 seconds (847.19 k allocations: 571.954 MiB, 19.33% gc time)
  3.807207 seconds (674.05 k allocations: 472.012 MiB, 20.61% gc time)
  3.821309 seconds (525.67 k allocations: 399.572 MiB, 20.54% gc time)
300
  3.041373 seconds (488.60 k allocations: 358.280 MiB)
  3.040538 seconds (317.58 k allocations: 260.633 MiB)
250
  3.269884 seconds (266.68 k allocations: 204.075 MiB, 7.31% gc time)
301
  3.249805 seconds (248.70 k allocations: 184.111 MiB, 7.35% gc time)
251
  3.007546 seconds (250.37 k allocations: 185.843 MiB)
  3.068048 seconds (84.97 k allocations: 94.578 MiB, 3.80% gc time)
