Graph 1 is connected.
Graph 2 is connected.
Graph 3 is connected.
Graph 4 is connected.
Graph 5 is connected.
Graph 6 is connected.
Graph 7 is connected.
Graph 8 is connected.
Graph 9 is connected.
Graph 10 is connected.
Graph 11 is connected.
Matrix 1 normalized.
Matrix 2 normalized.
Matrix 3 normalized.
Matrix 4 normalized.
Matrix 5 normalized.
Matrix 6 normalized.
Matrix 7 normalized.
Matrix 8 normalized.
Matrix 9 normalized.
Matrix 10 normalized.
Matrix 11 normalized.
Number of threads: 20
1
952552802

902
52602
352


252302
452
402
102

502152852


752
202
652
702
  8.870791 seconds (688.91 k allocations: 753.692 MiB, 49.56% gc time)
553
  9.352900 seconds (792.99 k allocations: 846.206 MiB, 47.01% gc time, 1.20% compilation time)
453
 12.060656 seconds (1.39 M allocations: 1.224 GiB, 46.32% gc time, 0.93% compilation time)
153
 12.768923 seconds (1.68 M allocations: 1.358 GiB, 47.67% gc time, 0.88% compilation time)
603
 12.779216 seconds (1.47 M allocations: 1.277 GiB, 47.63% gc time, 0.88% compilation time)
303
 12.818523 seconds (1.51 M allocations: 1.298 GiB, 47.48% gc time, 0.87% compilation time)
853
 13.353203 seconds (2.14 M allocations: 1.608 GiB, 45.58% gc time, 0.84% compilation time)
803
 13.362955 seconds (1.93 M allocations: 1.524 GiB, 45.55% gc time, 0.84% compilation time)
353
 13.786434 seconds (2.46 M allocations: 1.782 GiB, 44.15% gc time, 0.81% compilation time)
2
 13.811115 seconds (2.47 M allocations: 1.790 GiB, 44.07% gc time, 0.81% compilation time)
953
 13.928493 seconds (2.65 M allocations: 1.873 GiB, 43.70% gc time, 0.80% compilation time)
403
 14.044826 seconds (2.73 M allocations: 1.920 GiB, 43.34% gc time, 0.80% compilation time)
253
 14.152172 seconds (2.78 M allocations: 1.952 GiB, 43.01% gc time, 0.79% compilation time)
203
 14.479087 seconds (3.01 M allocations: 2.079 GiB, 42.04% gc time, 0.77% compilation time)
653
 14.721352 seconds (3.12 M allocations: 2.145 GiB, 41.35% gc time, 0.76% compilation time)
53
 15.051461 seconds (3.31 M allocations: 2.255 GiB, 40.44% gc time, 0.74% compilation time)
503
 16.192254 seconds (4.30 M allocations: 2.697 GiB, 41.88% gc time, 0.69% compilation time)
103
 15.449566 seconds (3.63 M allocations: 2.423 GiB, 39.40% gc time, 0.72% compilation time)
753
 15.697152 seconds (3.87 M allocations: 2.549 GiB, 38.78% gc time, 0.71% compilation time)
703
 16.366914 seconds (4.21 M allocations: 2.750 GiB, 37.19% gc time, 0.68% compilation time)
903
  7.997663 seconds (3.54 M allocations: 2.194 GiB, 6.26% gc time)
454
  8.363048 seconds (3.70 M allocations: 2.299 GiB, 5.98% gc time)
554
  7.231022 seconds (3.60 M allocations: 2.194 GiB)
154
  6.930809 seconds (3.19 M allocations: 1.996 GiB)
304
  7.581717 seconds (3.53 M allocations: 2.198 GiB)
854
  7.467558 seconds (3.10 M allocations: 2.009 GiB)
3
  7.234620 seconds (2.87 M allocations: 1.895 GiB)
404
  8.730110 seconds (4.05 M allocations: 2.528 GiB)
604
  8.268073 seconds (3.81 M allocations: 2.379 GiB)
354
  8.550285 seconds (3.96 M allocations: 2.473 GiB)
804
  8.302786 seconds (3.70 M allocations: 2.337 GiB)
954
  7.960514 seconds (3.47 M allocations: 2.212 GiB)
204
  7.784543 seconds (3.41 M allocations: 2.170 GiB)
654
  7.555960 seconds (3.31 M allocations: 2.105 GiB)
54
  7.252611 seconds (3.14 M allocations: 2.006 GiB)
104
  8.738440 seconds (4.22 M allocations: 2.593 GiB)
254
  7.831691 seconds (3.63 M allocations: 2.265 GiB)
504
  7.802980 seconds (3.59 M allocations: 2.245 GiB)
754
  8.116413 seconds (3.73 M allocations: 2.336 GiB)
704
  7.954324 seconds (3.71 M allocations: 2.310 GiB)
904
  8.496962 seconds (3.79 M allocations: 2.398 GiB)
455
  8.257811 seconds (3.71 M allocations: 2.340 GiB)
555
  7.667100 seconds (3.45 M allocations: 2.174 GiB)
  7.682398 seconds (3.47 M allocations: 2.183 GiB)
305
  6.565795 seconds (2.47 M allocations: 1.670 GiB)  6.636416 seconds (1.33 M allocations: 1.171 GiB)

  6.878877 seconds (1.66 M allocations: 1.353 GiB)
  7.278802 seconds (1.96 M allocations: 1.510 GiB)
  3.851793 seconds (422.85 k allocations: 470.645 MiB)
155
  6.928649 seconds (1.51 M allocations: 1.278 GiB)
  7.139553 seconds (3.32 M allocations: 2.071 GiB)
  7.266122 seconds (2.51 M allocations: 1.756 GiB)  7.434410 seconds (2.24 M allocations: 1.650 GiB)  6.324659 seconds (1.63 M allocations: 1.307 GiB)  6.149359 seconds (1.12 M allocations: 1.033 GiB)  3.925619 seconds (504.45 k allocations: 516.954 MiB)



  7.314796 seconds (3.15 M allocations: 2.020 GiB)
  6.890786 seconds (2.02 M allocations: 1.517 GiB)

  6.472541 seconds (2.76 M allocations: 1.774 GiB)105
855

  6.997208 seconds (2.11 M allocations: 1.567 GiB)  7.127949 seconds (2.99 M allocations: 1.936 GiB)  6.746363 seconds (2.63 M allocations: 1.753 GiB)


505
255
705
205
605
4
805
755
556
955
55
355
405
905
655
456
  6.236179 seconds (1.16 M allocations: 1.097 GiB)
5
  6.572763 seconds (1.25 M allocations: 1.170 GiB)
557
  6.650123 seconds (1.30 M allocations: 1.199 GiB)
206
  7.167005 seconds (1.55 M allocations: 1.352 GiB)
256
  7.362939 seconds (1.62 M allocations: 1.402 GiB)
856
  7.607213 seconds (1.90 M allocations: 1.537 GiB)
306
  7.660299 seconds (1.99 M allocations: 1.580 GiB)
406
  7.830208 seconds (2.04 M allocations: 1.621 GiB)
356
  7.980649 seconds (2.22 M allocations: 1.705 GiB)
  8.063917 seconds (2.48 M allocations: 1.819 GiB)
  7.926770 seconds (2.11 M allocations: 1.659 GiB)
506
756
656
  8.036672 seconds (2.28 M allocations: 1.738 GiB)
56
  8.102541 seconds (2.37 M allocations: 1.779 GiB)
956
  8.316943 seconds (2.88 M allocations: 2.002 GiB)
806
  8.257264 seconds (2.72 M allocations: 1.934 GiB)
106
  8.532219 seconds (3.24 M allocations: 2.169 GiB)
  8.419858 seconds (3.01 M allocations: 2.067 GiB)
156
  8.517185 seconds (3.17 M allocations: 2.142 GiB)
706
906
  9.223733 seconds (3.82 M allocations: 2.470 GiB)
606
  9.166301 seconds (3.75 M allocations: 2.438 GiB)
457
  9.084933 seconds (3.12 M allocations: 1.807 GiB, 39.64% gc time)
558
  8.289711 seconds (1.10 M allocations: 944.549 MiB, 43.45% gc time)
707
  9.569701 seconds (2.84 M allocations: 1.750 GiB, 37.64% gc time)
857
  7.794703 seconds (849.91 k allocations: 794.439 MiB, 46.21% gc time)
  7.773937 seconds (863.51 k allocations: 798.825 MiB, 46.33% gc time)
607
458
 11.231790 seconds (4.06 M allocations: 2.417 GiB, 32.07% gc time)
6
 10.563522 seconds (2.64 M allocations: 1.784 GiB, 34.09% gc time)
57
 10.195370 seconds (2.13 M allocations: 1.544 GiB, 35.33% gc time)
157
 12.311567 seconds (4.11 M allocations: 2.553 GiB, 29.25% gc time)
307
 13.391195 seconds (4.87 M allocations: 2.974 GiB, 26.90% gc time)
207
  3.050211 seconds (1.23 M allocations: 839.014 MiB)
 13.179086 seconds (4.80 M allocations: 2.925 GiB, 27.33% gc time)
858
257
  3.103252 seconds (1.30 M allocations: 872.840 MiB)
708
 12.504088 seconds (3.94 M allocations: 2.514 GiB, 28.80% gc time)
507
 12.523418 seconds (3.90 M allocations: 2.502 GiB, 28.76% gc time)
757
 12.419279 seconds (3.64 M allocations: 2.388 GiB, 29.00% gc time)
807
  4.080721 seconds (2.16 M allocations: 1.305 GiB)
 13.304485 seconds (4.60 M allocations: 2.867 GiB, 27.07% gc time)
459
357
 13.677768 seconds (5.27 M allocations: 3.171 GiB, 26.33% gc time)
407
 13.580219 seconds (4.55 M allocations: 2.880 GiB, 26.52% gc time)
957
  3.055371 seconds (2.01 M allocations: 1.137 GiB)
58
 14.572754 seconds (4.77 M allocations: 3.077 GiB, 24.71% gc time)
907
 16.059015 seconds (5.79 M allocations: 3.638 GiB, 22.43% gc time)
657
  3.788962 seconds (1.79 M allocations: 1.123 GiB)
709
  4.340959 seconds (2.37 M allocations: 1.418 GiB)
859
  7.450767 seconds (3.68 M allocations: 2.275 GiB)
608
 17.091132 seconds (5.99 M allocations: 3.833 GiB, 21.07% gc time)
107
  4.044343 seconds (1.77 M allocations: 1.140 GiB)
460
  5.624453 seconds (2.48 M allocations: 1.592 GiB)
758
 10.920378 seconds (5.41 M allocations: 3.342 GiB)
  5.062409 seconds (1.93 M allocations: 1.311 GiB)
559
59
  9.635457 seconds (4.60 M allocations: 2.879 GiB)
7
  6.152184 seconds (2.83 M allocations: 1.791 GiB)
808
  9.017368 seconds (4.20 M allocations: 2.645 GiB)
208
 11.072273 seconds (5.02 M allocations: 3.194 GiB)  9.298154 seconds (3.36 M allocations: 2.332 GiB)
358
  9.164798 seconds (3.80 M allocations: 2.496 GiB)
  5.254649 seconds (1.86 M allocations: 1.300 GiB)
  8.876906 seconds (2.95 M allocations: 2.115 GiB)
  4.327806 seconds (1.36 M allocations: 1022.098 MiB)
  9.425670 seconds (3.84 M allocations: 2.539 GiB)
  6.308774 seconds (2.29 M allocations: 1.584 GiB)

  9.316843 seconds (4.59 M allocations: 2.834 GiB)
  4.268370 seconds (802.13 k allocations: 774.958 MiB)
  4.129915 seconds (1.16 M allocations: 917.171 MiB)
508
860
408
461
308
658
258
8
158
759
  9.677469 seconds (3.36 M allocations: 2.364 GiB)
  4.261855 seconds (952.68 k allocations: 840.793 MiB)
958
809
  7.493059 seconds (4.15 M allocations: 2.454 GiB)
710
  7.273382 seconds (4.02 M allocations: 2.379 GiB)
609
  9.373261 seconds (5.01 M allocations: 3.003 GiB)
908
  6.304741 seconds (3.24 M allocations: 1.962 GiB)
60
  7.361474 seconds (3.58 M allocations: 2.209 GiB)
560
  9.124673 seconds (4.49 M allocations: 2.765 GiB)
108
  7.712771 seconds (1.60 M allocations: 1.128 GiB, 39.88% gc time)
810
  7.960320 seconds (1.98 M allocations: 1.308 GiB, 38.64% gc time)
209
  8.207836 seconds (1.67 M allocations: 1.210 GiB, 37.48% gc time)
711
  9.029485 seconds (2.25 M allocations: 1.531 GiB, 34.07% gc time)
259
  9.186292 seconds (2.27 M allocations: 1.555 GiB, 33.48% gc time)
409
  9.272718 seconds (2.39 M allocations: 1.614 GiB, 33.17% gc time)
861
  7.018501 seconds (1.40 M allocations: 1000.345 MiB, 43.83% gc time)
109
  9.739626 seconds (2.48 M allocations: 1.701 GiB, 31.58% gc time)
610
 10.387510 seconds (2.97 M allocations: 1.965 GiB, 29.61% gc time)
509
  3.018874 seconds (1.26 M allocations: 850.672 MiB)
712
 11.087959 seconds (2.95 M allocations: 2.034 GiB, 27.74% gc time)
909
  3.031091 seconds (1.30 M allocations: 867.385 MiB)
260
 12.436000 seconds (3.87 M allocations: 2.547 GiB, 24.73% gc time)
462
 13.362981 seconds (4.41 M allocations: 2.863 GiB, 23.02% gc time)
 13.295287 seconds (4.15 M allocations: 2.752 GiB, 23.14% gc time)
659
  3.029949 seconds (1.27 M allocations: 855.641 MiB)
760
110
 13.690106 seconds (4.81 M allocations: 3.060 GiB, 22.47% gc time)
9
 13.817061 seconds (4.85 M allocations: 3.093 GiB, 22.26% gc time)
309
  3.414185 seconds (1.60 M allocations: 1.009 GiB)
713
  6.044604 seconds (2.57 M allocations: 1.680 GiB)
862
  7.277541 seconds (3.40 M allocations: 2.149 GiB)
811
 13.679630 seconds (4.42 M allocations: 2.906 GiB, 22.49% gc time)
 15.590044 seconds (5.26 M allocations: 3.445 GiB, 19.73% gc time)
61
959
  6.759003 seconds (3.44 M allocations: 2.107 GiB)
410
 16.267643 seconds (6.18 M allocations: 3.891 GiB, 18.91% gc time)
359
  6.038728 seconds (3.06 M allocations: 1.881 GiB)
611
  3.686961 seconds (2.16 M allocations: 1.271 GiB)
463
 16.640569 seconds (6.38 M allocations: 4.012 GiB, 18.48% gc time)
159
  3.167500 seconds (1.96 M allocations: 1.135 GiB)
660
  8.095526 seconds (4.73 M allocations: 2.780 GiB)
210
 16.713499 seconds (6.10 M allocations: 3.912 GiB, 18.40% gc time)
561
  3.069659 seconds (675.08 k allocations: 608.669 MiB)
661
  3.313263 seconds (1.00 M allocations: 771.038 MiB)
464
  4.130277 seconds (1.58 M allocations: 1.077 GiB)
411
  3.691254 seconds (1.10 M allocations: 850.754 MiB)
211
  8.652138 seconds (4.32 M allocations: 2.669 GiB)
261
  6.035527 seconds (2.82 M allocations: 1.783 GiB)
863
 12.138275 seconds (5.61 M allocations: 3.560 GiB)
510
  6.037083 seconds (2.20 M allocations: 1.529 GiB)
612
  3.191788 seconds (1.29 M allocations: 880.721 MiB)
465
  7.930419 seconds (3.74 M allocations: 2.356 GiB)
714
 11.238231 seconds (5.50 M allocations: 3.419 GiB)
910
  3.100486 seconds (1.42 M allocations: 923.919 MiB)
412
  8.505348 seconds (4.07 M allocations: 2.550 GiB)
812
 10.666430 seconds (5.20 M allocations: 3.239 GiB)
761
  3.377895 seconds (1.73 M allocations: 1.058 GiB)
212
 10.662421 seconds (5.36 M allocations: 3.302 GiB)
10
  4.959492 seconds (2.72 M allocations: 1.628 GiB)
662
 10.169144 seconds (4.90 M allocations: 3.065 GiB)
960
  9.635613 seconds (4.51 M allocations: 2.846 GiB)
360
 12.034070 seconds (6.00 M allocations: 3.705 GiB)
310
 13.833615 seconds (6.77 M allocations: 4.206 GiB)
111
  3.232440 seconds (1.57 M allocations: 999.409 MiB)
911
 10.853210 seconds (4.81 M allocations: 3.090 GiB)
160
  3.822700 seconds (2.06 M allocations: 1.238 GiB)
715
 13.216193 seconds (6.32 M allocations: 3.956 GiB)
62
  5.006373 seconds (2.37 M allocations: 1.486 GiB)
413
  8.042044 seconds (3.90 M allocations: 2.426 GiB)
864
  8.203448 seconds (3.93 M allocations: 2.458 GiB)
262
  7.713022 seconds (3.65 M allocations: 2.290 GiB)
511
  8.326335 seconds (4.12 M allocations: 2.546 GiB)
613
  5.080909 seconds (2.11 M allocations: 1.390 GiB)
311
  8.533797 seconds (4.24 M allocations: 2.619 GiB)
466
 12.117130 seconds (5.86 M allocations: 3.650 GiB)
562
  7.397580 seconds (3.35 M allocations: 2.136 GiB)
762
  6.104062 seconds (2.72 M allocations: 1.742 GiB)
961
  7.829901 seconds (3.68 M allocations: 2.314 GiB)
813
  5.031313 seconds (2.45 M allocations: 1.523 GiB)
112
  6.796461 seconds (3.30 M allocations: 2.052 GiB)
361
  8.344615 seconds (4.15 M allocations: 2.557 GiB)
11
  8.932817 seconds (4.65 M allocations: 2.822 GiB)
213
  5.555377 seconds (2.85 M allocations: 1.735 GiB)
63
  7.363096 seconds (3.60 M allocations: 2.228 GiB)
912
 10.024669 seconds (4.86 M allocations: 3.021 GiB)
663
  8.374249 seconds (3.81 M allocations: 2.420 GiB)
716
  9.276696 seconds (4.08 M allocations: 2.618 GiB)
161
  8.645086 seconds (3.84 M allocations: 2.455 GiB)
414
  7.738025 seconds (3.47 M allocations: 2.205 GiB)
263
  6.977733 seconds (3.08 M allocations: 1.968 GiB)
312
  8.052227 seconds (3.68 M allocations: 2.321 GiB)
512
  8.128868 seconds (3.81 M allocations: 2.380 GiB)
865
  6.833828 seconds (2.91 M allocations: 1.878 GiB)
962
  7.111324 seconds (3.01 M allocations: 1.948 GiB)
  7.529940 seconds (3.54 M allocations: 2.206 GiB)
563
763
  8.575653 seconds (4.14 M allocations: 2.562 GiB)
614
  6.882587 seconds (3.02 M allocations: 1.927 GiB)
362
  7.130427 seconds (3.18 M allocations: 2.017 GiB)
12
  7.880432 seconds (3.71 M allocations: 2.313 GiB)
113
  8.219556 seconds (3.87 M allocations: 2.410 GiB)
814
  7.343276 seconds (3.32 M allocations: 2.097 GiB)
214
  9.165232 seconds (4.84 M allocations: 2.899 GiB)
467
  7.397334 seconds (3.54 M allocations: 2.187 GiB)
64
  7.913050 seconds (3.71 M allocations: 2.306 GiB)
913
  7.485357 seconds (3.57 M allocations: 2.204 GiB)
664
  7.261024 seconds (3.61 M allocations: 2.203 GiB)
717
  7.216659 seconds (3.60 M allocations: 2.193 GiB)
162
  7.617052 seconds (3.67 M allocations: 2.263 GiB)
415
  7.571569 seconds (3.51 M allocations: 2.194 GiB)
264
  7.853706 seconds (3.63 M allocations: 2.271 GiB)
313
  7.171389 seconds (2.94 M allocations: 1.921 GiB)
564
  6.465372 seconds (2.29 M allocations: 1.587 GiB)
215
  8.333872 seconds (3.69 M allocations: 2.345 GiB)
963
  8.017735 seconds (3.36 M allocations: 2.173 GiB)
764
  7.069503 seconds (2.67 M allocations: 1.800 GiB)
815
  7.352085 seconds (3.02 M allocations: 1.968 GiB)
  8.424995 seconds (3.78 M allocations: 2.387 GiB)
615
114
  7.990731 seconds (3.56 M allocations: 2.255 GiB)
13
  9.536446 seconds (4.66 M allocations: 2.862 GiB)
513
  9.594743 seconds (4.77 M allocations: 2.910 GiB)
866
  7.259603 seconds (3.38 M allocations: 2.108 GiB)
468
  9.234321 seconds (4.55 M allocations: 2.783 GiB)
363
  6.942433 seconds (3.29 M allocations: 2.039 GiB)
665
  6.713502 seconds (3.26 M allocations: 2.000 GiB)
718
  8.047827 seconds (3.81 M allocations: 2.362 GiB)
914
  6.813280 seconds (3.40 M allocations: 2.069 GiB)
163
  9.280928 seconds (4.41 M allocations: 2.732 GiB)
65
 13.415279 seconds (3.70 M allocations: 2.302 GiB, 40.90% gc time)
416
 11.438183 seconds (2.51 M allocations: 1.623 GiB, 47.96% gc time)
816
 13.414994 seconds (3.83 M allocations: 2.358 GiB, 40.90% gc time)
265
 11.308326 seconds (2.07 M allocations: 1.436 GiB, 48.52% gc time)
469
 11.980282 seconds (2.52 M allocations: 1.687 GiB, 45.79% gc time)
115
 13.320885 seconds (3.75 M allocations: 2.326 GiB, 41.19% gc time)
216
 14.164316 seconds (4.15 M allocations: 2.573 GiB, 38.73% gc time)
 14.388635 seconds (4.33 M allocations: 2.666 GiB, 38.13% gc time)
565
314
 13.537020 seconds (3.87 M allocations: 2.399 GiB, 40.53% gc time)
765
 10.954961 seconds (2.33 M allocations: 1.515 GiB, 50.08% gc time)
 13.817327 seconds (4.14 M allocations: 2.536 GiB, 39.71% gc time)
719
964
 11.072557 seconds (2.59 M allocations: 1.632 GiB, 49.55% gc time)
915
 13.966223 seconds (3.95 M allocations: 2.477 GiB, 39.28% gc time)
616
 13.046524 seconds (3.42 M allocations: 2.171 GiB, 42.05% gc time)
666
 14.843756 seconds (4.30 M allocations: 2.712 GiB, 36.96% gc time)
 14.522468 seconds (4.08 M allocations: 2.590 GiB, 37.78% gc time)
867
14
 13.954078 seconds (3.86 M allocations: 2.448 GiB, 39.32% gc time)
364
 15.507883 seconds (4.77 M allocations: 2.971 GiB, 35.38% gc time)
514
  4.570835 seconds (2.74 M allocations: 1.594 GiB)
417
  5.676596 seconds (3.14 M allocations: 1.874 GiB)
817
  4.687386 seconds (2.33 M allocations: 1.437 GiB)
315
 14.596241 seconds (4.22 M allocations: 2.666 GiB, 37.59% gc time)
164
 14.300496 seconds (4.11 M allocations: 2.593 GiB, 38.36% gc time)
66
  5.301231 seconds (2.28 M allocations: 1.480 GiB)
916
  4.958930 seconds (1.78 M allocations: 1.239 GiB)
365
  8.090392 seconds (3.87 M allocations: 2.418 GiB)
116
  4.578300 seconds (1.54 M allocations: 1.103 GiB)
418
  9.523512 seconds (4.66 M allocations: 2.892 GiB)
266
  7.952689 seconds (3.52 M allocations: 2.259 GiB)
720
  9.280649 seconds (4.60 M allocations: 2.843 GiB)
470
  4.670483 seconds (2.05 M allocations: 1.321 GiB)
818
  6.424220 seconds (2.59 M allocations: 1.722 GiB)
515
  7.221276 seconds (3.08 M allocations: 2.007 GiB)
868
  5.379251 seconds (2.16 M allocations: 1.442 GiB)
67
 10.124999 seconds (4.58 M allocations: 2.921 GiB)
965
 10.992878 seconds (5.39 M allocations: 3.345 GiB)
217
  8.512162 seconds (3.75 M allocations: 2.418 GiB)
15
 10.689684 seconds (5.15 M allocations: 3.215 GiB)
766
 11.293490 seconds (5.69 M allocations: 3.501 GiB)
566
  9.361894 seconds (4.63 M allocations: 2.866 GiB)
  6.464177 seconds (3.19 M allocations: 1.977 GiB)
667
316
 10.671509 seconds (5.38 M allocations: 3.310 GiB)
617
  5.001510 seconds (2.78 M allocations: 1.658 GiB)
419
  3.241705 seconds (1.80 M allocations: 1.074 GiB)
869
  4.855544 seconds (2.49 M allocations: 1.525 GiB)
819
  7.665662 seconds (3.97 M allocations: 2.422 GiB)
917
  3.684801 seconds (2.03 M allocations: 1.215 GiB)
966
  6.768633 seconds (3.36 M allocations: 2.077 GiB)
471
  4.916504 seconds (2.53 M allocations: 1.546 GiB)
68
  3.187062 seconds (1.26 M allocations: 863.342 MiB)
618
  7.140408 seconds (3.70 M allocations: 2.253 GiB)
721
 10.762135 seconds (5.28 M allocations: 3.278 GiB)
165
  9.234268 seconds (5.00 M allocations: 3.007 GiB)
366
  5.705645 seconds (2.66 M allocations: 1.679 GiB)
567
  6.379722 seconds (3.21 M allocations: 1.973 GiB)
218
  6.293574 seconds (3.10 M allocations: 1.918 GiB)
767
  9.418593 seconds (5.12 M allocations: 3.076 GiB)
267
  6.196324 seconds (3.02 M allocations: 1.876 GiB)
668
 10.769606 seconds (5.80 M allocations: 3.492 GiB)
117
  4.539895 seconds (2.48 M allocations: 1.483 GiB)
820
  3.119830 seconds (1.99 M allocations: 1.137 GiB)
472
  3.167840 seconds (1.71 M allocations: 1.030 GiB)
166
  9.092496 seconds (4.19 M allocations: 2.654 GiB)
317
  3.345000 seconds (1.60 M allocations: 1022.322 MiB)
568
  8.051770 seconds (3.99 M allocations: 2.464 GiB)
420
  3.523940 seconds (1.47 M allocations: 987.234 MiB)
669
  7.739485 seconds (3.85 M allocations: 2.375 GiB)
918
  3.040398 seconds (1.10 M allocations: 782.746 MiB)
167
  6.089722 seconds (2.94 M allocations: 1.832 GiB)
367
  6.068243 seconds (2.76 M allocations: 1.759 GiB)
219
  6.067527 seconds (2.71 M allocations: 1.739 GiB)
768
  6.057721 seconds (2.63 M allocations: 1.703 GiB)
268
  3.047288 seconds (1.41 M allocations: 914.110 MiB)
421
  5.510058 seconds (2.38 M allocations: 1.546 GiB)
473
  3.774965 seconds (1.65 M allocations: 1.068 GiB)
670
  3.391313 seconds (1.36 M allocations: 930.268 MiB)
168
 14.996873 seconds (7.40 M allocations: 4.580 GiB)
16
  6.567898 seconds (2.75 M allocations: 1.808 GiB)
569
  6.811257 seconds (2.89 M allocations: 1.891 GiB)
318
  3.848359 seconds (1.26 M allocations: 939.701 MiB)
474
 14.118588 seconds (6.57 M allocations: 4.155 GiB)
967
 19.025514 seconds (9.21 M allocations: 5.743 GiB)
516
 13.126065 seconds (6.02 M allocations: 3.828 GiB)
722
  6.764337 seconds (2.90 M allocations: 1.890 GiB)
368
 11.429507 seconds (4.99 M allocations: 3.230 GiB)
118
  4.074496 seconds (1.69 M allocations: 1.115 GiB)
17
  8.011873 seconds (3.66 M allocations: 2.333 GiB)
919
 16.910915 seconds (8.26 M allocations: 5.136 GiB)
870
  6.615791 seconds (3.27 M allocations: 2.027 GiB)
220
  6.875663 seconds (3.30 M allocations: 2.068 GiB)
269
 16.048431 seconds (7.89 M allocations: 4.894 GiB)
619
  7.746100 seconds (3.75 M allocations: 2.340 GiB)
769
 13.598125 seconds (6.30 M allocations: 3.991 GiB)
821
  3.814830 seconds (2.26 M allocations: 1.320 GiB)
475
  6.694734 seconds (3.30 M allocations: 2.046 GiB)
671
  5.567568 seconds (3.00 M allocations: 1.806 GiB)
319
  3.901110 seconds (1.91 M allocations: 1.186 GiB)
18
 10.080889 seconds (4.73 M allocations: 2.983 GiB)
422
  8.493335 seconds (4.11 M allocations: 2.567 GiB)
169
 19.560683 seconds (9.45 M allocations: 5.899 GiB)
69
  6.392170 seconds (3.24 M allocations: 1.993 GiB)
723
  7.388696 seconds (3.55 M allocations: 2.223 GiB)
517
  7.734458 seconds (3.90 M allocations: 2.399 GiB)
968
  9.543167 seconds (4.67 M allocations: 2.902 GiB)
570
  7.202181 seconds (3.38 M allocations: 2.131 GiB)
119
  7.558209 seconds (3.38 M allocations: 2.166 GiB)
871
  6.004172 seconds (2.52 M allocations: 1.656 GiB)
476
  8.497542 seconds (3.95 M allocations: 2.495 GiB)
920
  6.585467 seconds (2.88 M allocations: 1.861 GiB)
770
  6.089024 seconds (2.71 M allocations: 1.740 GiB)
672
  9.637782 seconds (4.95 M allocations: 3.023 GiB)
  8.412387 seconds (3.96 M allocations: 2.491 GiB)
270
369
 27.665452 seconds (2.90 M allocations: 1.792 GiB, 78.69% gc time)
19
 29.766907 seconds (3.86 M allocations: 2.401 GiB, 73.13% gc time)
822
 31.057974 seconds (4.57 M allocations: 2.829 GiB, 70.09% gc time)
221
 31.395691 seconds (4.65 M allocations: 2.895 GiB, 69.34% gc time)
620
 29.408875 seconds (3.54 M allocations: 2.234 GiB, 74.02% gc time)
423
 29.380954 seconds (3.54 M allocations: 2.231 GiB, 74.09% gc time)
 27.632387 seconds (2.75 M allocations: 1.728 GiB, 78.78% gc time)
170
969
 30.496163 seconds (4.35 M allocations: 2.680 GiB, 71.38% gc time)
320
 30.291309 seconds (3.96 M allocations: 2.495 GiB, 71.86% gc time)
70
  3.742445 seconds (1.33 M allocations: 950.395 MiB)
823
 27.658046 seconds (2.90 M allocations: 1.788 GiB, 78.71% gc time)
477
 27.011427 seconds (2.26 M allocations: 1.464 GiB, 80.59% gc time)
370
  4.096855 seconds (1.69 M allocations: 1.111 GiB)
621
 28.341957 seconds (2.98 M allocations: 1.893 GiB, 76.81% gc time)
673
 31.648017 seconds (4.74 M allocations: 2.951 GiB, 68.78% gc time)
518
 32.021095 seconds (4.89 M allocations: 3.055 GiB, 67.98% gc time)
724
 31.524939 seconds (4.59 M allocations: 2.879 GiB, 69.05% gc time)
 31.390995 seconds (4.53 M allocations: 2.841 GiB, 69.35% gc time)
  3.092571 seconds (1.27 M allocations: 859.101 MiB)
571
120
  7.181000 seconds (3.03 M allocations: 1.978 GiB)824

20
  7.987459 seconds (3.48 M allocations: 2.246 GiB)
222
 31.577156 seconds (4.74 M allocations: 2.944 GiB, 68.94% gc time)
921
  3.021383 seconds (1.46 M allocations: 931.904 MiB)
674
 31.745835 seconds (4.87 M allocations: 3.019 GiB, 68.57% gc time)
771
  5.519986 seconds (2.58 M allocations: 1.624 GiB)
478
 34.010227 seconds (5.90 M allocations: 3.674 GiB, 64.01% gc time)
872
  3.327631 seconds (1.41 M allocations: 944.175 MiB)
21
  3.497480 seconds (1.49 M allocations: 996.889 MiB)
825
  8.819509 seconds (4.38 M allocations: 2.700 GiB)
424
  8.923690 seconds (4.28 M allocations: 2.672 GiB)
171
  9.291742 seconds (4.48 M allocations: 2.791 GiB)
970
 34.059300 seconds (6.00 M allocations: 3.721 GiB, 63.91% gc time)
271
  7.682245 seconds (3.85 M allocations: 2.371 GiB)
371
 10.051178 seconds (4.75 M allocations: 2.981 GiB)
321
  6.608862 seconds (2.89 M allocations: 1.871 GiB)
121
 10.687858 seconds (5.08 M allocations: 3.183 GiB)
71
  3.557823 seconds (1.52 M allocations: 1014.410 MiB)
826
  8.988418 seconds (4.37 M allocations: 2.722 GiB)
622
  3.105999 seconds (1.32 M allocations: 882.499 MiB)
971
  3.179191 seconds (1.31 M allocations: 885.869 MiB)
272
  3.395379 seconds (1.49 M allocations: 986.438 MiB)
172
  5.179698 seconds (2.80 M allocations: 1.686 GiB)
873
  8.834756 seconds (4.35 M allocations: 2.698 GiB)
572
  7.845100 seconds (3.90 M allocations: 2.413 GiB)
675
  6.042782 seconds (2.90 M allocations: 1.813 GiB)
425
 11.087397 seconds (5.58 M allocations: 3.434 GiB)
  3.021733 seconds (1.60 M allocations: 988.751 MiB)
827
  7.042068 seconds (3.60 M allocations: 2.207 GiB)
479
725
  5.235077 seconds (2.74 M allocations: 1.664 GiB)
322
  3.038221 seconds (1.61 M allocations: 995.829 MiB)
173
  3.313323 seconds (1.75 M allocations: 1.062 GiB)
972
 10.961467 seconds (5.29 M allocations: 3.306 GiB)
772
  6.046495 seconds (3.11 M allocations: 1.900 GiB)
122
 11.558346 seconds (5.63 M allocations: 3.507 GiB)
922
  4.799535 seconds (2.32 M allocations: 1.450 GiB)
874
  3.021546 seconds (1.46 M allocations: 933.106 MiB)
828
  3.020478 seconds (1.33 M allocations: 878.211 MiB)
174
  8.599437 seconds (4.39 M allocations: 2.690 GiB)
372
  3.273583 seconds (1.51 M allocations: 982.438 MiB)
323
 12.224623 seconds (6.02 M allocations: 3.731 GiB)
22
 17.162532 seconds (8.55 M allocations: 5.280 GiB)
519
  6.028964 seconds (2.91 M allocations: 1.816 GiB)
426
  3.199485 seconds (1.30 M allocations: 882.009 MiB)
829
  3.333638 seconds (1.31 M allocations: 901.796 MiB)
175
  3.878874 seconds (1.58 M allocations: 1.046 GiB)
875
  3.364685 seconds (1.37 M allocations: 928.752 MiB)
373
 14.176073 seconds (4.94 M allocations: 3.121 GiB, 24.94% gc time)
273
 22.243860 seconds (8.86 M allocations: 5.565 GiB, 15.89% gc time)
  6.596454 seconds (865.16 k allocations: 684.649 MiB, 53.59% gc time) 12.968176 seconds (3.84 M allocations: 2.547 GiB, 27.26% gc time)

  9.595428 seconds (2.67 M allocations: 1.718 GiB, 36.84% gc time)
 12.964252 seconds (3.86 M allocations: 2.553 GiB, 27.27% gc time)
223
 15.734851 seconds (5.68 M allocations: 3.587 GiB, 22.47% gc time)
726
480
123
830
72
  6.588909 seconds (1.57 M allocations: 974.005 MiB, 53.65% gc time)
176
 15.138194 seconds (5.69 M allocations: 3.526 GiB, 23.35% gc time)
676
 16.175305 seconds (6.10 M allocations: 3.802 GiB, 21.85% gc time)
573
 11.850780 seconds (4.01 M allocations: 2.498 GiB, 29.83% gc time)
773
  9.109392 seconds (2.79 M allocations: 1.714 GiB, 38.81% gc time)
427
 13.437691 seconds (4.69 M allocations: 2.939 GiB, 26.31% gc time)
923
  3.019350 seconds (1.43 M allocations: 919.886 MiB)
124
  3.061589 seconds (1.47 M allocations: 940.196 MiB)
727
 12.039737 seconds (3.96 M allocations: 2.495 GiB, 29.36% gc time)
23
  3.038884 seconds (1.10 M allocations: 780.911 MiB)
677
  4.872015 seconds (2.18 M allocations: 1.396 GiB)
481
 12.357748 seconds (4.21 M allocations: 2.628 GiB, 28.61% gc time)
520
  5.298211 seconds (2.27 M allocations: 1.478 GiB)
177
  5.791320 seconds (3.07 M allocations: 1.855 GiB)
274
  6.075024 seconds (2.83 M allocations: 1.787 GiB)
224
  3.026016 seconds (1.27 M allocations: 853.781 MiB)
125
  3.038106 seconds (1.31 M allocations: 870.878 MiB)
728
  6.207855 seconds (2.73 M allocations: 1.760 GiB)
  6.059286 seconds (2.58 M allocations: 1.682 GiB)
774
428
  3.043185 seconds (1.28 M allocations: 860.384 MiB)
178
  3.040774 seconds (1.28 M allocations: 858.036 MiB)
521
  7.111018 seconds (3.23 M allocations: 2.058 GiB)
574
  6.059497 seconds (2.94 M allocations: 1.832 GiB)
924
  3.038269 seconds (1.45 M allocations: 931.319 MiB)
275
  3.032424 seconds (1.33 M allocations: 879.807 MiB)
729
 26.665711 seconds (11.35 M allocations: 7.035 GiB, 13.26% gc time)
623
  6.317490 seconds (3.15 M allocations: 1.942 GiB)
24
 16.612066 seconds (6.53 M allocations: 4.020 GiB, 21.28% gc time)
374
  3.043894 seconds (1.42 M allocations: 914.564 MiB)
179
  6.441619 seconds (3.32 M allocations: 2.022 GiB)
482
  3.041056 seconds (1.20 M allocations: 822.367 MiB)
730
  7.281051 seconds (3.07 M allocations: 2.005 GiB)
225
 26.094123 seconds (10.60 M allocations: 6.666 GiB, 13.55% gc time)
973
 20.242947 seconds (8.00 M allocations: 4.994 GiB, 17.46% gc time)
876
 24.218047 seconds (9.57 M allocations: 6.047 GiB, 14.60% gc time)
324
  3.592238 seconds (1.36 M allocations: 951.088 MiB)
375
  7.384852 seconds (3.22 M allocations: 2.077 GiB)
775
  7.798972 seconds (3.59 M allocations: 2.273 GiB)
429
  3.827532 seconds (1.70 M allocations: 1.090 GiB)
180
  4.164314 seconds (1.84 M allocations: 1.181 GiB)
483
  7.623315 seconds (3.70 M allocations: 2.296 GiB)
522
  6.007423 seconds (2.81 M allocations: 1.769 GiB)
25
 12.739324 seconds (6.18 M allocations: 3.847 GiB)
678
  8.346502 seconds (3.95 M allocations: 2.475 GiB)
575
  8.905857 seconds (4.15 M allocations: 2.615 GiB)
925
 18.363494 seconds (8.84 M allocations: 5.514 GiB)
831
 18.183253 seconds (8.74 M allocations: 5.457 GiB)
73
  9.574166 seconds (4.40 M allocations: 2.784 GiB)
276
  5.182251 seconds (2.57 M allocations: 1.587 GiB)
  4.417197 seconds (2.15 M allocations: 1.335 GiB)
325
877
  7.193972 seconds (3.29 M allocations: 2.091 GiB)
731
  3.846923 seconds (1.92 M allocations: 1.184 GiB)
181
  8.895164 seconds (4.61 M allocations: 2.805 GiB)
624
  3.827256 seconds (2.28 M allocations: 1.330 GiB)
484
  6.274422 seconds (3.26 M allocations: 1.980 GiB)
376
 15.770898 seconds (7.48 M allocations: 4.687 GiB)
126
  9.051914 seconds (4.43 M allocations: 2.746 GiB)
974
  3.352222 seconds (912.56 k allocations: 737.511 MiB)
485
 10.114754 seconds (5.00 M allocations: 3.088 GiB)
226
  4.007635 seconds (1.43 M allocations: 1022.385 MiB)
182
  4.757703 seconds (2.05 M allocations: 1.330 GiB)
732
  8.157655 seconds (3.88 M allocations: 2.429 GiB)
523
  9.502202 seconds (4.73 M allocations: 2.918 GiB)
776
  7.443945 seconds (3.64 M allocations: 2.260 GiB)
679
 10.029186 seconds (4.88 M allocations: 3.033 GiB)
430
  4.831715 seconds (2.07 M allocations: 1.348 GiB)
377
  6.954616 seconds (3.05 M allocations: 1.967 GiB)
  6.623983 seconds (2.69 M allocations: 1.788 GiB)
326
625
  7.079579 seconds (3.22 M allocations: 2.049 GiB)
  7.174884 seconds (3.32 M allocations: 2.102 GiB)
277
878
  3.966054 seconds (2.31 M allocations: 1.356 GiB)
975
  9.035038 seconds (4.69 M allocations: 2.852 GiB)
926
 10.240906 seconds (5.42 M allocations: 3.277 GiB)
26
  9.300590 seconds (4.97 M allocations: 2.996 GiB)
832
  5.305909 seconds (2.73 M allocations: 1.666 GiB)
227
  5.716366 seconds (3.04 M allocations: 1.835 GiB)
486
 10.430699 seconds (5.27 M allocations: 3.235 GiB)
74
  3.485245 seconds (1.74 M allocations: 1.072 GiB)
327
  7.441333 seconds (3.41 M allocations: 2.165 GiB)  7.914777 seconds (4.02 M allocations: 2.463 GiB)

  4.703883 seconds (1.73 M allocations: 1.195 GiB)  3.200415 seconds (1.25 M allocations: 862.223 MiB)

  5.562527 seconds (2.32 M allocations: 1.527 GiB)
  3.368671 seconds (610.39 k allocations: 610.211 MiB)
 13.098468 seconds (6.41 M allocations: 3.978 GiB)
  5.001621 seconds (1.30 M allocations: 1.046 GiB)
183
976
378
576
127
27
278
487
  5.915334 seconds (2.80 M allocations: 1.757 GiB)
879
  9.342516 seconds (4.86 M allocations: 2.955 GiB)
733
  8.950643 seconds (4.47 M allocations: 2.755 GiB)
680
  8.988081 seconds (4.53 M allocations: 2.784 GiB)
777
 14.997131 seconds (5.15 M allocations: 3.140 GiB, 33.27% gc time)
524
 14.381576 seconds (4.84 M allocations: 2.952 GiB, 34.70% gc time)
431
 13.156116 seconds (3.84 M allocations: 2.416 GiB, 37.93% gc time)
927
 14.240891 seconds (4.69 M allocations: 2.878 GiB, 35.04% gc time)
626
  8.286085 seconds (1.69 M allocations: 1.031 GiB, 60.22% gc time)
488
 13.736654 seconds (4.14 M allocations: 2.598 GiB, 36.33% gc time)
  8.658073 seconds (1.81 M allocations: 1.119 GiB, 57.64% gc time)
379
833
  3.299874 seconds (1.52 M allocations: 987.326 MiB)
734
 10.441106 seconds (2.47 M allocations: 1.573 GiB, 47.79% gc time)
577
  3.525060 seconds (1.45 M allocations: 980.045 MiB)
525
  3.020536 seconds (1.13 M allocations: 794.493 MiB)
489
  3.018284 seconds (1.06 M allocations: 762.712 MiB)
380
  6.068502 seconds (2.58 M allocations: 1.683 GiB)
681
  3.017343 seconds (1.13 M allocations: 795.739 MiB)
735
 13.462600 seconds (3.80 M allocations: 2.433 GiB, 37.07% gc time)
 16.994354 seconds (5.45 M allocations: 3.472 GiB, 29.36% gc time)
 13.405210 seconds (3.73 M allocations: 2.401 GiB, 37.23% gc time)
184
75
279
  6.403475 seconds (2.77 M allocations: 1.798 GiB)
627
 14.620061 seconds (4.50 M allocations: 2.840 GiB, 34.13% gc time)
 13.801482 seconds (4.01 M allocations: 2.552 GiB, 36.16% gc time)
28
880
 15.324890 seconds (5.08 M allocations: 3.149 GiB, 32.56% gc time)
328
  3.089187 seconds (1.50 M allocations: 957.574 MiB)
381
 19.608644 seconds (6.93 M allocations: 4.350 GiB, 25.45% gc time)
  3.342416 seconds (1.58 M allocations: 1019.051 MiB)
736
228
 16.114834 seconds (5.28 M allocations: 3.318 GiB, 30.97% gc time)
977
  6.032641 seconds (3.07 M allocations: 1.884 GiB)
578
  3.458993 seconds (1.78 M allocations: 1.089 GiB)
76
 10.695581 seconds (5.02 M allocations: 3.166 GiB)
432
 18.052091 seconds (6.22 M allocations: 3.902 GiB, 27.64% gc time)
  6.044662 seconds (2.91 M allocations: 1.820 GiB)
128
682
  3.672608 seconds (1.90 M allocations: 1.162 GiB)
881
  4.257540 seconds (2.18 M allocations: 1.337 GiB)
29
  3.514407 seconds (1.67 M allocations: 1.047 GiB)
737
 10.849137 seconds (5.07 M allocations: 3.204 GiB)
834
  3.015887 seconds (1.40 M allocations: 905.960 MiB)
77
  9.546666 seconds (4.81 M allocations: 2.963 GiB)
526
  3.015857 seconds (1.13 M allocations: 794.318 MiB)
882
  3.080474 seconds (1.14 M allocations: 805.344 MiB)
30
  9.040506 seconds (4.20 M allocations: 2.658 GiB)
  9.061842 seconds (4.21 M allocations: 2.666 GiB)
280
185
  6.019620 seconds (2.64 M allocations: 1.705 GiB)
579
  3.017220 seconds (1.26 M allocations: 849.904 MiB)
78
  3.046709 seconds (1.21 M allocations: 832.213 MiB)
527
 17.564448 seconds (8.43 M allocations: 5.275 GiB)
778
  6.034442 seconds (2.74 M allocations: 1.750 GiB)
683
  9.060387 seconds (4.06 M allocations: 2.604 GiB)
978
 11.084661 seconds (5.27 M allocations: 3.312 GiB)
  3.860716 seconds (1.80 M allocations: 1.137 GiB)
628
883
  6.217255 seconds (2.80 M allocations: 1.793 GiB)
738
 15.029977 seconds (7.29 M allocations: 4.550 GiB)
490
  9.079665 seconds (4.28 M allocations: 2.695 GiB)
433
  9.055408 seconds (4.16 M allocations: 2.646 GiB)
129
  3.583329 seconds (1.72 M allocations: 1.077 GiB)
79
 12.915859 seconds (6.24 M allocations: 3.900 GiB)
329
  5.616288 seconds (2.88 M allocations: 1.763 GiB)
31
 20.854321 seconds (10.02 M allocations: 6.273 GiB)
928
  6.034010 seconds (2.82 M allocations: 1.786 GiB)
580
  3.146081 seconds (1.56 M allocations: 990.672 MiB)
629
  9.089823 seconds (4.36 M allocations: 2.734 GiB)
835
  3.310807 seconds (1.85 M allocations: 1.107 GiB)
884
 14.894852 seconds (7.37 M allocations: 4.571 GiB)
382
  3.021863 seconds (755.56 k allocations: 605.976 MiB)  9.179646 seconds (3.93 M allocations: 2.535 GiB)
  7.063688 seconds (3.13 M allocations: 1.997 GiB)
  3.015402 seconds (1.21 M allocations: 818.742 MiB)
  3.246669 seconds (1.87 M allocations: 1.104 GiB)
  3.173263 seconds (424.27 k allocations: 472.370 MiB)
684
  9.047348 seconds (3.91 M allocations: 2.519 GiB) 15.959087 seconds (7.12 M allocations: 4.548 GiB)

32

885
491
186
229
630
  7.493002 seconds (2.95 M allocations: 1.939 GiB)
281
979
  6.181219 seconds (2.87 M allocations: 1.757 GiB)
330
  6.258669 seconds (2.43 M allocations: 1.582 GiB)
929
  8.205878 seconds (3.84 M allocations: 2.364 GiB)
434
  8.153171 seconds (3.82 M allocations: 2.352 GiB)
130
  7.455544 seconds (3.23 M allocations: 2.035 GiB)
  9.542299 seconds (4.59 M allocations: 2.811 GiB)
581
739
  3.174510 seconds (1.26 M allocations: 865.940 MiB)
980
  3.106611 seconds (1.30 M allocations: 873.991 MiB)
685
  8.099655 seconds (3.61 M allocations: 2.258 GiB)
836
 12.869990 seconds (6.37 M allocations: 3.890 GiB)
779
  4.716110 seconds (2.06 M allocations: 1.333 GiB)
282
 11.432951 seconds (5.37 M allocations: 3.327 GiB)
80
 15.307335 seconds (7.47 M allocations: 4.589 GiB)
528
  6.103972 seconds (2.70 M allocations: 1.737 GiB)
383
  6.251290 seconds (2.91 M allocations: 1.840 GiB)
492
  3.988279 seconds (1.71 M allocations: 1.111 GiB)
  3.982574 seconds (1.66 M allocations: 1.091 GiB)
582
981
  3.410406 seconds (1.27 M allocations: 890.838 MiB)
283
  9.295898 seconds (3.86 M allocations: 2.544 GiB)
230
  7.088337 seconds (3.04 M allocations: 1.980 GiB)
131
  3.490081 seconds (1.20 M allocations: 874.258 MiB)
493
  8.721189 seconds (4.01 M allocations: 2.546 GiB)
331
  6.673517 seconds (2.62 M allocations: 1.763 GiB)
780
 11.145218 seconds (5.11 M allocations: 3.244 GiB)
187
  8.520075 seconds (3.60 M allocations: 2.356 GiB)
740
 11.921586 seconds (5.36 M allocations: 3.428 GiB)
 11.893807 seconds (5.24 M allocations: 3.378 GiB)
886
631
 12.048180 seconds (5.55 M allocations: 3.516 GiB)
33
  7.862876 seconds (3.48 M allocations: 2.238 GiB)
837
  9.960228 seconds (4.82 M allocations: 3.003 GiB)
930
  9.969337 seconds (4.83 M allocations: 3.011 GiB)
435
  9.107074 seconds (4.47 M allocations: 2.771 GiB)
686
  5.709610 seconds (2.88 M allocations: 1.770 GiB)
982
  7.738486 seconds (3.75 M allocations: 2.337 GiB)
529
  8.274157 seconds (3.82 M allocations: 2.422 GiB)
384
  9.105716 seconds (4.44 M allocations: 2.759 GiB)
81
  5.757467 seconds (3.16 M allocations: 1.890 GiB)
284
  4.817161 seconds (1.54 M allocations: 1.130 GiB)
  7.548849 seconds (3.43 M allocations: 2.187 GiB)
931
231
  6.795697 seconds (3.13 M allocations: 1.987 GiB)
332
  7.358195 seconds (3.38 M allocations: 2.149 GiB)
494
  7.903674 seconds (3.85 M allocations: 2.397 GiB)
132
  6.792328 seconds (3.49 M allocations: 2.132 GiB)
188
  6.520568 seconds (3.10 M allocations: 1.944 GiB)
632
 11.669804 seconds (5.41 M allocations: 3.425 GiB)
583
  7.072412 seconds (3.26 M allocations: 2.066 GiB)
887
  6.938447 seconds (2.95 M allocations: 1.926 GiB)
838
 26.921667 seconds (3.86 M allocations: 2.420 GiB, 69.66% gc time)
741
 27.002696 seconds (3.53 M allocations: 2.292 GiB, 69.45% gc time)
436
 25.498131 seconds (3.03 M allocations: 1.934 GiB, 73.55% gc time)
530
 28.619183 seconds (4.88 M allocations: 3.016 GiB, 65.53% gc time)
781
 25.151391 seconds (2.99 M allocations: 1.880 GiB, 74.57% gc time)
385
 25.565160 seconds (3.04 M allocations: 1.943 GiB, 73.36% gc time)
285
 28.094269 seconds (4.12 M allocations: 2.649 GiB, 66.76% gc time)
687
 28.906599 seconds (4.85 M allocations: 3.032 GiB, 64.88% gc time)
34
 26.081830 seconds (3.48 M allocations: 2.177 GiB, 71.91% gc time)
82
  3.764846 seconds (1.85 M allocations: 1.150 GiB)
888
 28.600312 seconds (4.64 M allocations: 2.915 GiB, 65.57% gc time)
983
 24.739710 seconds (3.00 M allocations: 1.842 GiB, 75.81% gc time)
495
  4.333849 seconds (2.25 M allocations: 1.370 GiB)
839
 25.639610 seconds (3.68 M allocations: 2.215 GiB, 73.15% gc time)
232
 25.842062 seconds (3.63 M allocations: 2.217 GiB, 72.57% gc time)
333
 26.410257 seconds (3.85 M allocations: 2.367 GiB, 71.01% gc time)
932
 25.690656 seconds (3.60 M allocations: 2.189 GiB, 73.00% gc time)
633
 27.515870 seconds (4.14 M allocations: 2.598 GiB, 68.16% gc time)
189
  6.052125 seconds (2.94 M allocations: 1.835 GiB)
437
  4.276881 seconds (1.80 M allocations: 1.181 GiB)
83
 26.335633 seconds (3.78 M allocations: 2.332 GiB, 71.21% gc time)
584
  6.423129 seconds (2.89 M allocations: 1.851 GiB)
286
  4.881229 seconds (2.03 M allocations: 1.337 GiB)
984
  6.300320 seconds (2.74 M allocations: 1.777 GiB)
35
 30.240708 seconds (5.63 M allocations: 3.491 GiB, 62.02% gc time)
133
  3.019609 seconds (1.41 M allocations: 915.404 MiB)
634
  3.852914 seconds (1.70 M allocations: 1.099 GiB)
933
  3.028679 seconds (1.48 M allocations: 944.737 MiB)
84
  9.059944 seconds (4.50 M allocations: 2.785 GiB)
782
  6.040973 seconds (2.81 M allocations: 1.781 GiB)
334
  9.928002 seconds (4.88 M allocations: 3.033 GiB)
386
 11.566461 seconds (5.79 M allocations: 3.576 GiB)
742
  3.370275 seconds (1.65 M allocations: 1.028 GiB)
985
  5.215177 seconds (2.31 M allocations: 1.488 GiB)
585
  3.373569 seconds (1.52 M allocations: 996.725 MiB)
934
  8.923730 seconds (4.41 M allocations: 2.735 GiB)
496
 11.479163 seconds (5.81 M allocations: 3.577 GiB)
531
  6.343146 seconds (3.12 M allocations: 1.936 GiB)
438
  5.333058 seconds (2.69 M allocations: 1.653 GiB)
36
  4.030568 seconds (1.96 M allocations: 1.220 GiB)
783
  4.410321 seconds (2.12 M allocations: 1.326 GiB)
85
  3.020946 seconds (1.24 M allocations: 837.623 MiB)
586
 13.833669 seconds (6.78 M allocations: 4.214 GiB)
688
  3.022993 seconds (1.13 M allocations: 793.995 MiB)
439
  8.111567 seconds (4.12 M allocations: 2.527 GiB)
287
 13.917964 seconds (6.74 M allocations: 4.204 GiB)
889
  8.983213 seconds (3.97 M allocations: 2.556 GiB)
635
  4.033163 seconds (1.55 M allocations: 1.053 GiB)
 11.726824 seconds (5.37 M allocations: 3.417 GiB)
784
190
  7.607830 seconds (3.57 M allocations: 2.247 GiB)
387
  3.899149 seconds (1.72 M allocations: 1.106 GiB)
86
  7.591887 seconds (3.54 M allocations: 2.234 GiB)
986
 15.887017 seconds (7.64 M allocations: 4.778 GiB)
840
  7.398453 seconds (3.27 M allocations: 2.103 GiB)
497
 15.568356 seconds (7.45 M allocations: 4.665 GiB)
233
  9.689597 seconds (4.79 M allocations: 2.967 GiB)
335
  4.810148 seconds (2.34 M allocations: 1.456 GiB)
440
  6.134788 seconds (2.94 M allocations: 1.839 GiB)
587
  9.457757 seconds (4.25 M allocations: 2.717 GiB)
532
 10.320798 seconds (4.99 M allocations: 3.107 GiB)
743
  4.367239 seconds (2.40 M allocations: 1.434 GiB)
636
  3.989636 seconds (1.95 M allocations: 1.209 GiB)
87
 14.265105 seconds (6.86 M allocations: 4.285 GiB)
134
  6.547746 seconds (3.22 M allocations: 1.995 GiB)
890
 10.425012 seconds (4.80 M allocations: 3.042 GiB)
  4.431036 seconds (1.93 M allocations: 1.249 GiB)
37
498
  4.947706 seconds (2.19 M allocations: 1.409 GiB)
234
 13.320183 seconds (6.33 M allocations: 3.970 GiB)
935
 10.250754 seconds (4.91 M allocations: 3.072 GiB)
689
  6.821679 seconds (3.32 M allocations: 2.065 GiB)
987
  7.681186 seconds (3.67 M allocations: 2.297 GiB)
  3.801444 seconds (1.69 M allocations: 1.087 GiB)
388
637
 10.260883 seconds (5.18 M allocations: 3.183 GiB)
288
  4.869990 seconds (2.22 M allocations: 1.414 GiB)
88
 10.350597 seconds (4.94 M allocations: 3.095 GiB)
 10.343880 seconds (4.93 M allocations: 3.090 GiB)
785
191
  5.092721 seconds (2.21 M allocations: 1.431 GiB)
499
 10.175899 seconds (4.65 M allocations: 2.956 GiB)
841
  5.118102 seconds (2.25 M allocations: 1.452 GiB)
235
  9.362817 seconds (4.37 M allocations: 2.761 GiB)
441
 10.188797 seconds (4.67 M allocations: 2.969 GiB)
336
  6.999319 seconds (3.28 M allocations: 2.072 GiB)
891
  4.938113 seconds (2.49 M allocations: 1.533 GiB)
690
  5.522032 seconds (2.75 M allocations: 1.699 GiB)
936
 10.006070 seconds (5.01 M allocations: 3.090 GiB)
588
  5.306881 seconds (2.45 M allocations: 1.556 GiB)
389
  5.396396 seconds (2.61 M allocations: 1.629 GiB)
638
  5.593105 seconds (2.86 M allocations: 1.752 GiB)
988
 10.156865 seconds (5.27 M allocations: 3.211 GiB)
744
 10.549265 seconds (5.52 M allocations: 3.356 GiB)
533
  9.022381 seconds (4.80 M allocations: 2.901 GiB)
135
  3.789600 seconds (1.97 M allocations: 1.201 GiB)
442
  3.454464 seconds (1.52 M allocations: 1002.943 MiB)
937
  3.303396 seconds (1.48 M allocations: 972.284 MiB)
390
 10.689185 seconds (5.38 M allocations: 3.314 GiB)
38
  7.249638 seconds (3.65 M allocations: 2.249 GiB)
192
  3.879121 seconds (1.61 M allocations: 1.061 GiB)
989
  8.938206 seconds (4.44 M allocations: 2.743 GiB)
89
 26.208749 seconds (3.64 M allocations: 2.232 GiB, 72.45% gc time)
236
 25.453980 seconds (2.48 M allocations: 1.676 GiB, 74.59% gc time)
639
 23.163877 seconds (1.63 M allocations: 1.090 GiB, 81.97% gc time)
938
 31.397022 seconds (5.63 M allocations: 3.582 GiB, 60.47% gc time)
289
 22.279642 seconds (1.16 M allocations: 824.969 MiB, 85.22% gc time)
990
 29.503208 seconds (5.07 M allocations: 3.155 GiB, 64.36% gc time)
500
 29.511591 seconds (5.07 M allocations: 3.154 GiB, 64.34% gc time)
 30.961141 seconds (5.57 M allocations: 3.512 GiB, 61.33% gc time)
842
 28.052786 seconds (3.36 M allocations: 2.303 GiB, 67.68% gc time) 29.452806 seconds (4.53 M allocations: 2.926 GiB, 64.47% gc time)  3.169492 seconds (1.15 M allocations: 813.995 MiB) 29.007448 seconds (4.49 M allocations: 2.866 GiB, 65.46% gc time)



  3.043090 seconds (860.56 k allocations: 679.522 MiB)
  3.174274 seconds (1.01 M allocations: 754.786 MiB)
786
 27.256123 seconds (3.05 M allocations: 2.093 GiB, 69.66% gc time)
 28.630553 seconds (3.83 M allocations: 2.555 GiB, 66.32% gc time)
237
136
745
589
640
939
892
337
 28.581845 seconds (4.38 M allocations: 2.769 GiB, 66.43% gc time)
534
 30.768494 seconds (5.92 M allocations: 3.626 GiB, 61.71% gc time)
691
 26.073236 seconds (3.73 M allocations: 2.242 GiB, 72.82% gc time)
193
 27.674643 seconds (4.51 M allocations: 2.727 GiB, 68.61% gc time)
443
  3.757206 seconds (2.51 M allocations: 1.410 GiB)
991
 29.084133 seconds (4.86 M allocations: 3.016 GiB, 65.28% gc time)
391
 29.069037 seconds (4.83 M allocations: 3.001 GiB, 65.32% gc time)
39
  4.321003 seconds (1.60 M allocations: 1.103 GiB)
238
  6.616041 seconds (3.41 M allocations: 2.076 GiB)
  4.756184 seconds (2.22 M allocations: 1.401 GiB)
501
843
  3.878098 seconds (1.39 M allocations: 995.858 MiB)
194
  4.894661 seconds (2.24 M allocations: 1.425 GiB)
787
 10.304405 seconds (5.24 M allocations: 3.202 GiB)
90
  3.900304 seconds (1.66 M allocations: 1.086 GiB)
992
  6.821852 seconds (2.91 M allocations: 1.898 GiB)
893
  5.881338 seconds (2.28 M allocations: 1.544 GiB)
444
 10.165558 seconds (5.17 M allocations: 3.165 GiB)
290
  7.417216 seconds (3.27 M allocations: 2.110 GiB)
746
  3.255047 seconds (1.38 M allocations: 926.173 MiB)
195
  3.019899 seconds (1.06 M allocations: 766.246 MiB)
993
  8.599830 seconds (3.86 M allocations: 2.473 GiB)
535
  9.282927 seconds (4.16 M allocations: 2.666 GiB)
338
  9.665114 seconds (4.48 M allocations: 2.838 GiB)
137
  4.861452 seconds (2.36 M allocations: 1.473 GiB)
 10.009481 seconds (4.60 M allocations: 2.923 GiB)
641
  5.962583 seconds (3.05 M allocations: 1.870 GiB)
239
  9.852274 seconds (4.52 M allocations: 2.876 GiB)
692
  7.937533 seconds (3.76 M allocations: 2.363 GiB)
40
 12.458883 seconds (5.61 M allocations: 3.589 GiB)
590
  4.290376 seconds (1.70 M allocations: 1.142 GiB)
  7.713129 seconds (3.20 M allocations: 2.111 GiB)
788
994
  3.500224 seconds (1.44 M allocations: 973.812 MiB)
138
  3.277644 seconds (1.29 M allocations: 890.395 MiB)
642
 10.536358 seconds (5.04 M allocations: 3.160 GiB)
392
  6.360193 seconds (3.00 M allocations: 1.887 GiB)
291
 14.476767 seconds (6.81 M allocations: 4.292 GiB)
940
 10.301197 seconds (4.82 M allocations: 3.044 GiB)
844
  8.098962 seconds (3.62 M allocations: 2.321 GiB)
747
  3.019047 seconds (1.55 M allocations: 970.972 MiB)
591
  6.036265 seconds (2.53 M allocations: 1.665 GiB)
  9.280789 seconds (4.30 M allocations: 2.722 GiB)
693
445
  3.107843 seconds (1.38 M allocations: 909.231 MiB)
643
  3.069644 seconds (1.45 M allocations: 933.504 MiB)
139
  8.814300 seconds (4.27 M allocations: 2.667 GiB)
196
  6.019090 seconds (3.06 M allocations: 1.881 GiB)
41
  3.019532 seconds (1.67 M allocations: 1020.819 MiB)
941
  7.861672 seconds (3.82 M allocations: 2.382 GiB)
240
  9.047365 seconds (4.51 M allocations: 2.786 GiB)
339
  9.039067 seconds (4.51 M allocations: 2.786 GiB)
536
  5.705424 seconds (2.88 M allocations: 1.771 GiB)
393
  3.383604 seconds (1.86 M allocations: 1.113 GiB)
592
  6.019537 seconds (3.06 M allocations: 1.875 GiB)
292
  7.240884 seconds (3.96 M allocations: 2.375 GiB)
789
 15.478973 seconds (7.59 M allocations: 4.715 GiB)
91
  3.036894 seconds (1.51 M allocations: 953.271 MiB)
942
  5.073540 seconds (2.53 M allocations: 1.560 GiB)
644
  8.741284 seconds (4.45 M allocations: 2.727 GiB)
995
  6.340844 seconds (2.97 M allocations: 1.873 GiB)
694
 16.497111 seconds (8.13 M allocations: 5.040 GiB)
894
  5.843418 seconds (2.81 M allocations: 1.757 GiB)
197
  4.636419 seconds (2.18 M allocations: 1.374 GiB)
241
  3.253516 seconds (1.30 M allocations: 891.641 MiB)
943
  9.538337 seconds (4.65 M allocations: 2.893 GiB)
748
  7.776972 seconds (3.48 M allocations: 2.231 GiB)
42
  6.024304 seconds (2.63 M allocations: 1.700 GiB)
593
  9.687178 seconds (4.52 M allocations: 2.853 GiB)
  3.290605 seconds (1.43 M allocations: 947.293 MiB)
695
446
  4.018195 seconds (1.81 M allocations: 1.155 GiB)
996
  8.211979 seconds (3.73 M allocations: 2.377 GiB)
537
  7.356929 seconds (3.26 M allocations: 2.089 GiB)
790
  7.672139 seconds (3.42 M allocations: 2.191 GiB)
293
 11.117757 seconds (5.34 M allocations: 3.329 GiB)
140
 12.917446 seconds (6.57 M allocations: 4.020 GiB)
845
  6.537793 seconds (3.17 M allocations: 1.969 GiB)
645
  3.265796 seconds (1.42 M allocations: 936.986 MiB)
447
 11.575220 seconds (5.24 M allocations: 3.334 GiB)
  6.434881 seconds (2.76 M allocations: 1.787 GiB)
340
242
  5.563941 seconds (2.60 M allocations: 1.635 GiB)
944
  7.022412 seconds (3.37 M allocations: 2.097 GiB)
198
 11.537739 seconds (5.48 M allocations: 3.425 GiB)
394
 10.601256 seconds (4.94 M allocations: 3.108 GiB)
92
  8.991975 seconds (4.16 M allocations: 2.623 GiB)
895
  4.606851 seconds (2.03 M allocations: 1.302 GiB)
141
  5.521639 seconds (2.56 M allocations: 1.610 GiB)
791
  5.358038 seconds (2.16 M allocations: 1.433 GiB)
846
  8.725624 seconds (3.99 M allocations: 2.524 GiB)
749
  8.585124 seconds (3.92 M allocations: 2.483 GiB)
594
  8.298071 seconds (3.72 M allocations: 2.372 GiB)
696
  9.623412 seconds (4.50 M allocations: 2.828 GiB)
43
  8.469765 seconds (3.90 M allocations: 2.464 GiB)
538
  4.011437 seconds (1.95 M allocations: 1.217 GiB)
395
  7.526471 seconds (3.42 M allocations: 2.172 GiB)
646
  8.210249 seconds (3.94 M allocations: 2.457 GiB)
294
  6.017836 seconds (2.69 M allocations: 1.722 GiB)
945
 31.511324 seconds (4.89 M allocations: 3.054 GiB, 67.47% gc time)
997
 25.057303 seconds (1.79 M allocations: 1.122 GiB, 84.85% gc time)
847
 27.002519 seconds (2.65 M allocations: 1.677 GiB, 78.73% gc time)
896
 29.456251 seconds (3.85 M allocations: 2.418 GiB, 72.18% gc time)
 26.331226 seconds (2.51 M allocations: 1.552 GiB, 80.74% gc time)
341
792
 27.101291 seconds (3.03 M allocations: 1.846 GiB, 78.45% gc time)
142
 28.814553 seconds (3.56 M allocations: 2.240 GiB, 73.78% gc time)
93
  3.022399 seconds (1.33 M allocations: 880.753 MiB)
295
  3.042747 seconds (1.49 M allocations: 949.110 MiB)
946
 31.013164 seconds (4.80 M allocations: 2.967 GiB, 68.55% gc time)
243
 26.163130 seconds (2.68 M allocations: 1.601 GiB, 81.26% gc time)
697
 31.407549 seconds (5.19 M allocations: 3.170 GiB, 67.69% gc time)
448
  3.048614 seconds (1.50 M allocations: 952.320 MiB)
793
 32.301521 seconds (5.31 M allocations: 3.313 GiB, 65.82% gc time)
199
  3.035940 seconds (1.29 M allocations: 859.674 MiB)
296
  3.182020 seconds (1.36 M allocations: 906.309 MiB)
94
  3.230923 seconds (1.40 M allocations: 931.143 MiB)
 28.734397 seconds (3.68 M allocations: 2.277 GiB, 73.99% gc time)
143
539
  6.286851 seconds (2.97 M allocations: 1.865 GiB)
897
  3.028567 seconds (1.18 M allocations: 815.648 MiB)
794
  5.199232 seconds (1.86 M allocations: 1.298 GiB)
244
  3.050134 seconds (960.35 k allocations: 722.529 MiB)
144
  3.035103 seconds (891.52 k allocations: 692.616 MiB)
540
 33.194878 seconds (5.66 M allocations: 3.550 GiB, 64.05% gc time)
750
  6.038953 seconds (2.46 M allocations: 1.631 GiB)
698
  6.079274 seconds (2.55 M allocations: 1.671 GiB)
449
 33.095593 seconds (5.83 M allocations: 3.609 GiB, 64.24% gc time)
44
  3.073429 seconds (1.40 M allocations: 912.821 MiB)
795
 34.943819 seconds (6.65 M allocations: 4.135 GiB, 60.84% gc time)
595
  7.993704 seconds (3.73 M allocations: 2.349 GiB)
947
 34.076435 seconds (6.36 M allocations: 3.925 GiB, 62.39% gc time)
396
 12.713838 seconds (6.16 M allocations: 3.836 GiB)
647
  7.460662 seconds (3.32 M allocations: 2.124 GiB)
297
  4.091039 seconds (1.75 M allocations: 1.134 GiB)
541
 13.226632 seconds (6.43 M allocations: 3.997 GiB)
998
  4.573884 seconds (2.26 M allocations: 1.394 GiB)
145
 12.735253 seconds (6.08 M allocations: 3.802 GiB)
342
 13.718288 seconds (6.66 M allocations: 4.143 GiB)
848
  9.025290 seconds (3.99 M allocations: 2.563 GiB)
95
  4.145850 seconds (1.91 M allocations: 1.209 GiB)
796
  5.903401 seconds (2.80 M allocations: 1.754 GiB)
751
  3.583524 seconds (1.75 M allocations: 1.086 GiB)
648
  8.697742 seconds (4.31 M allocations: 2.659 GiB)
898
  3.689414 seconds (1.82 M allocations: 1.125 GiB)
542
 12.301587 seconds (5.82 M allocations: 3.649 GiB)
200
  3.812785 seconds (1.79 M allocations: 1.126 GiB)
146
  7.074351 seconds (3.22 M allocations: 2.047 GiB)
948
  3.416069 seconds (1.46 M allocations: 972.342 MiB)
797
  3.275993 seconds (1.44 M allocations: 948.740 MiB)
 10.349608 seconds (4.63 M allocations: 2.962 GiB)
699
 10.535184 seconds (4.68 M allocations: 3.002 GiB)
450
 11.477463 seconds (5.58 M allocations: 3.469 GiB)
245
  3.083432 seconds (1.24 M allocations: 848.700 MiB)
543
  4.546087 seconds (1.95 M allocations: 1.270 GiB)
649
  9.626919 seconds (4.56 M allocations: 2.860 GiB)
596
 10.416785 seconds (5.13 M allocations: 3.175 GiB)
45
  3.100292 seconds (1.48 M allocations: 953.101 MiB)
147
  8.987703 seconds (4.51 M allocations: 2.778 GiB)
397
  9.263901 seconds (4.50 M allocations: 2.802 GiB)
298
  8.234039 seconds (3.89 M allocations: 2.447 GiB)
849
  3.109354 seconds (1.43 M allocations: 929.734 MiB)
544
  3.018805 seconds (1.26 M allocations: 850.738 MiB)
597
  3.020220 seconds (993.96 k allocations: 738.072 MiB)
398
  3.084834 seconds (1.05 M allocations: 769.914 MiB)
148
  7.701682 seconds (3.79 M allocations: 2.356 GiB)
899
  7.056856 seconds (3.61 M allocations: 2.213 GiB)
201
  5.011001 seconds (1.89 M allocations: 1.296 GiB)
46
 12.225100 seconds (5.76 M allocations: 3.628 GiB)
999
 10.865236 seconds (5.08 M allocations: 3.212 GiB)
96
  7.663471 seconds (3.73 M allocations: 2.326 GiB)
949
  5.891419 seconds (3.17 M allocations: 1.913 GiB)
246
 11.908062 seconds (6.17 M allocations: 3.763 GiB)
343
  3.883572 seconds (2.20 M allocations: 1.308 GiB)
850
  4.451571 seconds (1.78 M allocations: 1.193 GiB)
900
  3.021795 seconds (730.34 k allocations: 626.883 MiB)
344
  3.148509 seconds (883.70 k allocations: 705.363 MiB)
247
  9.297530 seconds (4.09 M allocations: 2.642 GiB)
650
 11.666952 seconds (5.53 M allocations: 3.479 GiB)
798
  4.164854 seconds (1.60 M allocations: 1.087 GiB)
950
  7.278114 seconds (3.42 M allocations: 2.158 GiB)
545
  8.456113 seconds (4.05 M allocations: 2.539 GiB)
299
  7.062502 seconds (3.17 M allocations: 2.032 GiB)
399
 11.907915 seconds (6.07 M allocations: 3.728 GiB)
700
 11.648582 seconds (5.92 M allocations: 3.638 GiB)
451
  3.302425 seconds (1.80 M allocations: 1.079 GiB)
901
  7.462492 seconds (3.05 M allocations: 2.024 GiB)  9.924491 seconds (4.47 M allocations: 2.861 GiB)

  4.181413 seconds (1.61 M allocations: 1.090 GiB)
  3.458026 seconds (1.29 M allocations: 907.606 MiB)
598
  8.004079 seconds (3.64 M allocations: 2.322 GiB)
  7.425524 seconds (3.10 M allocations: 2.042 GiB)
  7.221879 seconds (3.09 M allocations: 2.017 GiB)
  8.551016 seconds (3.86 M allocations: 2.469 GiB)
1000
97
47
149
651
951
  3.629834 seconds (1.44 M allocations: 968.776 MiB)
  5.394777 seconds (2.59 M allocations: 1.598 GiB)
345
300
  3.920509 seconds (1.90 M allocations: 1.158 GiB)
  8.693570 seconds (4.10 M allocations: 2.556 GiB)
851
  6.184856 seconds (3.24 M allocations: 1.942 GiB)
248
 21.902892 seconds (2.63 M allocations: 1.676 GiB, 72.44% gc time)
400
 18.969113 seconds (1.53 M allocations: 964.155 MiB, 83.64% gc time)
 18.948553 seconds (1.15 M allocations: 806.042 MiB, 83.74% gc time)
599
 19.301137 seconds (1.08 M allocations: 813.360 MiB, 82.21% gc time)
 23.808598 seconds (3.72 M allocations: 2.318 GiB, 66.64% gc time)
799
 23.864543 seconds (3.32 M allocations: 2.158 GiB, 66.49% gc time)
701
 20.597600 seconds (1.71 M allocations: 1.181 GiB, 77.03% gc time)
1001
 24.898738 seconds (4.08 M allocations: 2.576 GiB, 63.72% gc time)
546
  3.092060 seconds (1.14 M allocations: 800.457 MiB)
401
  3.033725 seconds (1.13 M allocations: 794.444 MiB)
600
 22.389651 seconds (2.44 M allocations: 1.671 GiB, 70.87% gc time)
 22.427979 seconds (2.52 M allocations: 1.705 GiB, 70.74% gc time)
48
  3.032068 seconds (1.27 M allocations: 852.353 MiB)
800
 23.537774 seconds (2.77 M allocations: 1.923 GiB, 67.41% gc time)
301
 24.006587 seconds (3.04 M allocations: 2.082 GiB, 66.09% gc time)
150
 23.106133 seconds (2.70 M allocations: 1.850 GiB, 68.67% gc time)
  4.069052 seconds (1.56 M allocations: 1.059 GiB)
 24.619414 seconds (3.20 M allocations: 2.214 GiB, 64.45% gc time)
346
  3.021732 seconds (1.21 M allocations: 827.189 MiB)
  3.027859 seconds (1.13 M allocations: 790.211 MiB)
601
 25.296220 seconds (3.75 M allocations: 2.504 GiB, 62.72% gc time)
98
 24.093492 seconds (3.25 M allocations: 2.173 GiB, 65.85% gc time)
  3.017864 seconds (1.25 M allocations: 839.852 MiB)
249
49
  3.035391 seconds (1.35 M allocations: 880.874 MiB)
801
  5.393139 seconds (2.59 M allocations: 1.608 GiB)
  3.332773 seconds (1.40 M allocations: 913.103 MiB)
  6.021459 seconds (2.48 M allocations: 1.612 GiB)
547
  3.682241 seconds (1.44 M allocations: 956.120 MiB)
151
  3.034309 seconds (1.21 M allocations: 789.268 MiB)
  3.036413 seconds (662.85 k allocations: 552.192 MiB)
  4.197149 seconds (1.48 M allocations: 1000.311 MiB)
347
  3.804850 seconds (1.00 M allocations: 756.908 MiB)
50
  4.723933 seconds (1.53 M allocations: 1.030 GiB)
99
  4.587476 seconds (1.34 M allocations: 961.440 MiB)
250
  3.024239 seconds (1.03 M allocations: 686.846 MiB)
548
  3.026451 seconds (1.02 M allocations: 672.428 MiB)
  3.076830 seconds (866.83 k allocations: 593.474 MiB)
348
  3.019755 seconds (855.42 k allocations: 580.762 MiB)
51
  3.019567 seconds (840.94 k allocations: 564.750 MiB)
100
  3.022351 seconds (838.59 k allocations: 562.159 MiB)
251
  3.036721 seconds (838.03 k allocations: 561.510 MiB)
549
  3.026902 seconds (824.75 k allocations: 546.781 MiB)
349
  3.026286 seconds (824.78 k allocations: 546.821 MiB)
  3.033817 seconds (678.23 k allocations: 476.544 MiB)
101
  3.034637 seconds (674.15 k allocations: 472.127 MiB)
  3.026817 seconds (536.28 k allocations: 411.404 MiB)
550
  3.051167 seconds (464.55 k allocations: 331.377 MiB)
350
  3.055476 seconds (444.55 k allocations: 309.039 MiB)
  3.034120 seconds (303.37 k allocations: 244.816 MiB)
551
  3.053757 seconds (263.06 k allocations: 200.045 MiB)
351
  3.163389 seconds (251.12 k allocations: 186.803 MiB)
  2.977334 seconds (80.81 k allocations: 89.942 MiB)
