Graph 1 is connected.
Graph 2 is connected.
Graph 3 is connected.
Graph 4 is connected.
Graph 5 is connected.
Graph 6 is connected.
Graph 7 is connected.
Graph 8 is connected.
Graph 9 is connected.
Graph 10 is connected.
Graph 11 is connected.
Matrix 1 normalized.
Matrix 2 normalized.
Matrix 3 normalized.
Matrix 4 normalized.
Matrix 5 normalized.
Matrix 6 normalized.
Matrix 7 normalized.
Matrix 8 normalized.
Matrix 9 normalized.
Matrix 10 normalized.
Matrix 11 normalized.
Number of threads: 20
702
352
52
202
452952402

802

602
902
252
552
852
502
752
302
1
652
152
102
  5.021160 seconds (942.21 k allocations: 926.711 MiB)
703
 11.875349 seconds (1.34 M allocations: 1.239 GiB, 43.26% gc time, 1.16% compilation time)
903
 12.200293 seconds (1.42 M allocations: 1.309 GiB, 42.11% gc time, 1.12% compilation time)
 12.242427 seconds (1.50 M allocations: 1.344 GiB, 41.96% gc time, 1.12% compilation time)
153
253
 12.306373 seconds (1.62 M allocations: 1.398 GiB, 41.75% gc time, 1.11% compilation time)
953
 12.369088 seconds (1.86 M allocations: 1.505 GiB, 41.53% gc time, 1.11% compilation time)
353
 12.377306 seconds (1.69 M allocations: 1.438 GiB, 41.51% gc time, 1.11% compilation time)
 12.361217 seconds (1.63 M allocations: 1.412 GiB, 41.56% gc time, 1.11% compilation time)
553
53
 12.504386 seconds (1.91 M allocations: 1.540 GiB, 41.08% gc time, 1.10% compilation time)
653
 12.703849 seconds (2.29 M allocations: 1.712 GiB, 40.44% gc time, 1.08% compilation time)
753
 12.743015 seconds (2.39 M allocations: 1.758 GiB, 40.32% gc time, 1.08% compilation time)
503
 12.678372 seconds (2.24 M allocations: 1.692 GiB, 40.52% gc time, 1.08% compilation time)
403
 12.817894 seconds (2.45 M allocations: 1.792 GiB, 40.08% gc time, 1.07% compilation time)
2
 12.815827 seconds (2.47 M allocations: 1.799 GiB, 40.09% gc time, 1.07% compilation time)
853
 12.906818 seconds (2.68 M allocations: 1.894 GiB, 39.80% gc time, 1.06% compilation time)
203
 13.334385 seconds (3.56 M allocations: 2.294 GiB, 38.53% gc time, 1.03% compilation time)
603
 13.801751 seconds (3.46 M allocations: 2.305 GiB, 37.22% gc time, 0.99% compilation time)
453
 14.056744 seconds (3.71 M allocations: 2.429 GiB, 36.55% gc time, 0.98% compilation time)
103
 14.158050 seconds (4.14 M allocations: 2.614 GiB, 36.29% gc time, 0.97% compilation time)
303
 14.216801 seconds (4.01 M allocations: 2.567 GiB, 36.14% gc time, 0.96% compilation time)
803
  4.772349 seconds (1.21 M allocations: 886.331 MiB, 24.07% gc time)
204
 10.281439 seconds (3.56 M allocations: 2.151 GiB, 33.88% gc time)
904
  8.217476 seconds (931.41 k allocations: 887.206 MiB, 42.39% gc time)
304
  8.993687 seconds (1.67 M allocations: 1.245 GiB, 38.74% gc time)
604
 12.426906 seconds (4.43 M allocations: 2.726 GiB, 28.03% gc time)
704
 10.048220 seconds (2.39 M allocations: 1.649 GiB, 34.67% gc time)
504
 11.036982 seconds (3.48 M allocations: 2.197 GiB, 31.56% gc time)
254
  9.304710 seconds (1.55 M allocations: 1.233 GiB, 37.44% gc time)
804
 11.208716 seconds (3.34 M allocations: 2.159 GiB, 31.08% gc time)
54
 11.541614 seconds (3.99 M allocations: 2.457 GiB, 30.18% gc time)
954
 11.431989 seconds (3.33 M allocations: 2.182 GiB, 30.47% gc time)
404
 11.957826 seconds (4.19 M allocations: 2.586 GiB, 29.13% gc time)
354
 12.044530 seconds (3.81 M allocations: 2.439 GiB, 28.92% gc time)
754
 10.979834 seconds (3.01 M allocations: 2.004 GiB, 31.73% gc time)
454
 12.697878 seconds (5.04 M allocations: 3.009 GiB, 27.44% gc time)
154
 12.455774 seconds (4.33 M allocations: 2.697 GiB, 27.97% gc time)
654
 12.656885 seconds (4.75 M allocations: 2.888 GiB, 27.52% gc time)
554
 12.600387 seconds (4.35 M allocations: 2.719 GiB, 27.65% gc time)
 12.810101 seconds (4.55 M allocations: 2.823 GiB, 27.20% gc time)
854
3
 12.119703 seconds (3.93 M allocations: 2.500 GiB, 28.74% gc time)
104
  6.303537 seconds (3.51 M allocations: 2.093 GiB)
205
  7.357123 seconds (3.40 M allocations: 2.158 GiB)
605
  5.636839 seconds (2.21 M allocations: 1.491 GiB)
405
  5.867934 seconds (2.51 M allocations: 1.638 GiB)
955
  7.849791 seconds (3.90 M allocations: 2.412 GiB)
305
  7.383190 seconds (3.68 M allocations: 2.276 GiB)
705
  7.143540 seconds (3.30 M allocations: 2.093 GiB)
805
  8.833979 seconds (4.45 M allocations: 2.742 GiB)
905
  6.607724 seconds (2.85 M allocations: 1.851 GiB)
755
  7.694899 seconds (3.74 M allocations: 2.329 GiB)
505
  6.730627 seconds (2.96 M allocations: 1.911 GiB)
455
  7.385876 seconds (3.67 M allocations: 2.267 GiB)
355
  7.054156 seconds (3.19 M allocations: 2.034 GiB)
155
  8.955928 seconds (4.48 M allocations: 2.761 GiB)
55
  6.250707 seconds (2.57 M allocations: 1.697 GiB)
206
  9.280916 seconds (4.78 M allocations: 2.918 GiB)
255
  8.146464 seconds (3.79 M allocations: 2.390 GiB)
655
  8.204367 seconds (3.83 M allocations: 2.416 GiB)
  7.302499 seconds (3.30 M allocations: 2.103 GiB)
555
105
  8.203076 seconds (3.90 M allocations: 2.440 GiB)
855
  8.880542 seconds (4.17 M allocations: 2.622 GiB)
4
  5.992755 seconds (3.27 M allocations: 1.953 GiB)
406
  6.776784 seconds (3.41 M allocations: 2.091 GiB)
956
  6.383033 seconds (3.02 M allocations: 1.890 GiB)
806
  7.455667 seconds (3.54 M allocations: 2.215 GiB)
306
  7.832603 seconds (3.74 M allocations: 2.334 GiB)
706
  7.170752 seconds (3.44 M allocations: 2.146 GiB)
906
  8.572801 seconds (4.30 M allocations: 2.642 GiB)
606
  7.327461 seconds (3.38 M allocations: 2.136 GiB)
456
  7.724941 seconds (3.65 M allocations: 2.285 GiB)
756
  7.640289 seconds (3.55 M allocations: 2.236 GiB)
506
  7.896940 seconds (3.67 M allocations: 2.313 GiB)
356
  7.997094 seconds (3.73 M allocations: 2.349 GiB)
156
  7.159353 seconds (3.22 M allocations: 2.057 GiB)
256
  7.931040 seconds (3.66 M allocations: 2.315 GiB)
207
  7.648090 seconds (3.04 M allocations: 2.033 GiB)  7.673159 seconds (3.17 M allocations: 2.090 GiB)

  6.308651 seconds (2.57 M allocations: 1.701 GiB)
  7.837649 seconds (3.20 M allocations: 2.118 GiB)
  8.365846 seconds (3.68 M allocations: 2.368 GiB)
  8.180359 seconds (3.41 M allocations: 2.238 GiB)
  6.833489 seconds (2.78 M allocations: 1.843 GiB)
407
656
556
56
106
5
856
  6.614567 seconds (3.55 M allocations: 2.134 GiB)
957
  5.225580 seconds (2.81 M allocations: 1.690 GiB)
607
  6.892135 seconds (3.72 M allocations: 2.236 GiB)
807
  6.123987 seconds (3.21 M allocations: 1.949 GiB)
  6.419720 seconds (3.46 M allocations: 2.078 GiB)
907
707
  7.130275 seconds (3.96 M allocations: 2.356 GiB)
307
  7.027115 seconds (3.37 M allocations: 2.108 GiB)
757
  6.431731 seconds (2.95 M allocations: 1.874 GiB)
  7.305605 seconds (3.48 M allocations: 2.184 GiB)
257
507
  8.102641 seconds (4.11 M allocations: 2.521 GiB)
457
  7.071644 seconds (3.39 M allocations: 2.121 GiB)
157
  7.563122 seconds (3.88 M allocations: 2.370 GiB)
357
  7.032858 seconds (2.68 M allocations: 1.824 GiB)
408
 21.554821 seconds (2.86 M allocations: 1.927 GiB, 65.89% gc time)
57
 21.685694 seconds (2.99 M allocations: 1.996 GiB, 65.49% gc time)
 21.671610 seconds (2.95 M allocations: 1.979 GiB, 65.53% gc time)
557
657
 21.801961 seconds (3.24 M allocations: 2.109 GiB, 65.14% gc time)
208
 21.941549 seconds (3.51 M allocations: 2.235 GiB, 64.73% gc time)
107
 22.085861 seconds (3.62 M allocations: 2.296 GiB, 64.30% gc time)
857
 22.444936 seconds (3.81 M allocations: 2.408 GiB, 63.27% gc time)
6
 21.958038 seconds (3.66 M allocations: 2.297 GiB, 64.68% gc time)
958
 21.844259 seconds (3.70 M allocations: 2.304 GiB, 65.01% gc time)
608
 21.216867 seconds (3.29 M allocations: 2.068 GiB, 66.94% gc time)
908
 20.064412 seconds (2.77 M allocations: 1.738 GiB, 70.78% gc time)
508
 22.200394 seconds (3.62 M allocations: 2.307 GiB, 63.97% gc time)
308
 22.467138 seconds (3.82 M allocations: 2.415 GiB, 63.21% gc time)
708
 22.873644 seconds (4.21 M allocations: 2.618 GiB, 62.09% gc time)
808
 21.337602 seconds (3.71 M allocations: 2.252 GiB, 66.56% gc time)
758
 21.045764 seconds (3.36 M allocations: 2.081 GiB, 67.48% gc time)
458
 21.450974 seconds (3.38 M allocations: 2.130 GiB, 66.21% gc time)
358
 22.877627 seconds (4.14 M allocations: 2.591 GiB, 62.08% gc time)
 22.277102 seconds (3.73 M allocations: 2.361 GiB, 63.75% gc time)
258
158
  6.672387 seconds (3.30 M allocations: 2.042 GiB)
58
  4.979521 seconds (2.07 M allocations: 1.363 GiB)
609
  6.590087 seconds (3.01 M allocations: 1.916 GiB)
108
  3.472664 seconds (1.38 M allocations: 946.239 MiB)
759
  8.494880 seconds (4.38 M allocations: 2.673 GiB)
409
  7.630545 seconds (3.39 M allocations: 2.177 GiB)
7
  8.718318 seconds (4.18 M allocations: 2.615 GiB)
658
  6.974552 seconds (3.09 M allocations: 1.990 GiB)
909
  9.045042 seconds (4.43 M allocations: 2.753 GiB)
558
  9.144437 seconds (4.51 M allocations: 2.795 GiB)
209
  8.138314 seconds (3.83 M allocations: 2.412 GiB)
959
  9.165028 seconds (4.64 M allocations: 2.850 GiB)
858
  6.967167 seconds (3.40 M allocations: 2.113 GiB)
709
  7.563126 seconds (3.93 M allocations: 2.395 GiB)
509
  6.645213 seconds (2.77 M allocations: 1.824 GiB)  7.239012 seconds (3.25 M allocations: 2.083 GiB)

  6.731916 seconds (2.28 M allocations: 1.632 GiB)
  6.364226 seconds (2.45 M allocations: 1.662 GiB)
  5.994679 seconds (2.41 M allocations: 1.608 GiB)
  6.028742 seconds (2.93 M allocations: 1.828 GiB)
  6.932091 seconds (2.26 M allocations: 1.643 GiB)  4.746186 seconds (1.42 M allocations: 1.071 GiB)

  4.345934 seconds (948.26 k allocations: 857.014 MiB)
  9.358773 seconds (3.84 M allocations: 2.542 GiB)
  5.861457 seconds (1.52 M allocations: 1.199 GiB)
  7.801604 seconds (2.93 M allocations: 2.011 GiB)  5.029891 seconds (859.99 k allocations: 864.612 MiB)

  5.313480 seconds (1.18 M allocations: 1.014 GiB)
  7.450042 seconds (3.68 M allocations: 2.279 GiB)
  5.705451 seconds (1.79 M allocations: 1.317 GiB)
  4.958495 seconds (665.06 k allocations: 740.403 MiB)
  5.555252 seconds (1.05 M allocations: 983.236 MiB)
459
109
  5.655114 seconds (1.93 M allocations: 1.377 GiB)
910
159
359
59
610
760
210
259
659
809
859
309
710
559
8
960
410
  6.061305 seconds (1.29 M allocations: 1.150 GiB)
  6.078171 seconds (1.27 M allocations: 1.145 GiB)
  6.091450 seconds (1.36 M allocations: 1.182 GiB)
510
  6.072180 seconds (1.18 M allocations: 1.109 GiB)
560
310
60
  6.072161 seconds (1.08 M allocations: 1.066 GiB)
  6.067888 seconds (1.05 M allocations: 1.057 GiB)
711
211
  6.155561 seconds (1.28 M allocations: 1.158 GiB)
  6.147322 seconds (1.21 M allocations: 1.132 GiB)
761
460
  7.362492 seconds (2.40 M allocations: 1.741 GiB)
660
  7.957103 seconds (2.67 M allocations: 1.911 GiB)
  7.852077 seconds (2.40 M allocations: 1.789 GiB)
  7.939156 seconds (2.52 M allocations: 1.848 GiB)
160
411
961
  8.317412 seconds (2.93 M allocations: 2.055 GiB)
260
  8.384278 seconds (3.14 M allocations: 2.148 GiB)
911
  8.587997 seconds (3.34 M allocations: 2.250 GiB)
860
  8.711899 seconds (3.24 M allocations: 2.225 GiB)
810
  8.867225 seconds (3.39 M allocations: 2.299 GiB)
611
  8.880769 seconds (3.37 M allocations: 2.294 GiB)
  8.963611 seconds (3.50 M allocations: 2.354 GiB)
110
9
  9.217081 seconds (3.85 M allocations: 2.523 GiB)
360
  5.574019 seconds (2.53 M allocations: 1.607 GiB)
311
  6.725642 seconds (2.80 M allocations: 1.836 GiB)
461
  5.783947 seconds (2.29 M allocations: 1.532 GiB)
962
  7.576069 seconds (3.40 M allocations: 2.166 GiB)
511
 23.773590 seconds (2.45 M allocations: 1.612 GiB, 74.67% gc time)
161
 25.612485 seconds (3.46 M allocations: 2.214 GiB, 69.31% gc time)
 25.825110 seconds (3.60 M allocations: 2.295 GiB, 68.74% gc time)
762
61
 26.631720 seconds (3.94 M allocations: 2.516 GiB, 66.66% gc time)
212
 25.603736 seconds (3.61 M allocations: 2.277 GiB, 69.34% gc time)
661
 24.919749 seconds (3.00 M allocations: 1.957 GiB, 71.24% gc time)
261
 25.317040 seconds (3.36 M allocations: 2.146 GiB, 70.12% gc time)
412
 26.941478 seconds (4.42 M allocations: 2.747 GiB, 65.89% gc time)
712
 27.347690 seconds (4.68 M allocations: 2.894 GiB, 64.91% gc time)
 25.209291 seconds (3.43 M allocations: 2.163 GiB, 70.42% gc time)
 24.676694 seconds (2.81 M allocations: 1.857 GiB, 71.94% gc time)
912
612
561
 25.165614 seconds (3.22 M allocations: 2.076 GiB, 70.54% gc time)
811
 26.010721 seconds (3.82 M allocations: 2.405 GiB, 68.25% gc time)
861
 26.017543 seconds (3.65 M allocations: 2.336 GiB, 68.23% gc time)
10
 26.226225 seconds (3.80 M allocations: 2.420 GiB, 67.69% gc time)
111
 26.173850 seconds (3.80 M allocations: 2.418 GiB, 67.83% gc time)
361
 24.377155 seconds (3.54 M allocations: 2.131 GiB, 72.82% gc time)
312
 24.473221 seconds (3.56 M allocations: 2.146 GiB, 72.54% gc time)
462
  6.052481 seconds (2.24 M allocations: 1.543 GiB)  7.607027 seconds (3.41 M allocations: 2.185 GiB)

  6.046321 seconds (1.79 M allocations: 1.355 GiB)
413
  7.588314 seconds (3.03 M allocations: 2.025 GiB)
  8.397181 seconds (3.54 M allocations: 2.316 GiB)
  6.867500 seconds (2.55 M allocations: 1.753 GiB)
  5.318204 seconds (1.61 M allocations: 1.208 GiB)
  6.830560 seconds (2.42 M allocations: 1.694 GiB)
  6.049563 seconds (3.07 M allocations: 1.884 GiB)
62
  4.581227 seconds (826.02 k allocations: 826.916 MiB)
262
963
913
213
562
512
162
362
  8.298270 seconds (4.28 M allocations: 2.609 GiB)
763
  6.659740 seconds (3.29 M allocations: 2.032 GiB)
812
  7.276484 seconds (3.60 M allocations: 2.226 GiB)
613
  7.889583 seconds (4.40 M allocations: 2.616 GiB)
662
  6.908101 seconds (3.56 M allocations: 2.168 GiB)
862
  8.339187 seconds (4.27 M allocations: 2.607 GiB)
713
  7.818812 seconds (3.82 M allocations: 2.373 GiB)
11
  6.767331 seconds (3.44 M allocations: 2.107 GiB)
313
  8.123004 seconds (4.03 M allocations: 2.488 GiB)
112
  6.044781 seconds (2.32 M allocations: 1.576 GiB)
63
  6.046285 seconds (2.21 M allocations: 1.532 GiB)
163
  6.163436 seconds (2.37 M allocations: 1.610 GiB)
914
  6.074375 seconds (2.20 M allocations: 1.530 GiB)
813
  6.110789 seconds (1.87 M allocations: 1.400 GiB)
714
  8.255126 seconds (3.17 M allocations: 2.156 GiB)
  6.781561 seconds (2.21 M allocations: 1.610 GiB)
414
863
  8.331726 seconds (3.24 M allocations: 2.191 GiB)
563
  8.247484 seconds (3.32 M allocations: 2.218 GiB)
764
  7.966110 seconds (3.14 M allocations: 2.115 GiB)
614
  8.032909 seconds (3.24 M allocations: 2.163 GiB)
663
  6.054407 seconds (2.42 M allocations: 1.619 GiB)
314
  9.260401 seconds (4.38 M allocations: 2.755 GiB)
363
  9.303815 seconds (4.36 M allocations: 2.752 GiB)
463
  9.433037 seconds (4.41 M allocations: 2.787 GiB)
  9.431081 seconds (4.40 M allocations: 2.784 GiB)
513
263
  9.550257 seconds (4.60 M allocations: 2.880 GiB)
964
  9.725181 seconds (4.85 M allocations: 3.000 GiB)
214
  7.144027 seconds (3.51 M allocations: 2.179 GiB)
113
  7.836238 seconds (3.93 M allocations: 2.424 GiB)
12
  6.051398 seconds (3.29 M allocations: 1.978 GiB)
164
  5.552889 seconds (2.99 M allocations: 1.801 GiB)
715
  7.487974 seconds (3.69 M allocations: 2.290 GiB)
915
  7.883905 seconds (3.98 M allocations: 2.448 GiB)
64
  6.059243 seconds (2.80 M allocations: 1.776 GiB)
615
  6.461745 seconds (3.16 M allocations: 1.965 GiB)
864
  6.060815 seconds (2.79 M allocations: 1.771 GiB)
315
  8.528111 seconds (4.38 M allocations: 2.682 GiB)
814
  6.146930 seconds (2.78 M allocations: 1.775 GiB)
364
  6.052382 seconds (2.53 M allocations: 1.664 GiB)
264
  6.191015 seconds (2.37 M allocations: 1.612 GiB)
114
  8.804427 seconds (4.37 M allocations: 2.702 GiB)
564
  9.019960 seconds (4.61 M allocations: 2.822 GiB)
415
  9.023581 seconds (4.51 M allocations: 2.781 GiB)
765
  8.862726 seconds (4.30 M allocations: 2.677 GiB)
664
  8.793701 seconds (4.06 M allocations: 2.570 GiB)
  8.612521 seconds (3.80 M allocations: 2.445 GiB)
464
514
  8.556129 seconds (3.77 M allocations: 2.431 GiB)
215
  8.715036 seconds (3.87 M allocations: 2.488 GiB)
965
  6.664493 seconds (3.43 M allocations: 2.095 GiB)
165
 26.670850 seconds (4.07 M allocations: 2.611 GiB, 65.67% gc time)
13
 23.500397 seconds (3.05 M allocations: 1.864 GiB, 74.53% gc time)
65
 23.874932 seconds (3.06 M allocations: 1.905 GiB, 73.36% gc time)
616
 25.941656 seconds (4.09 M allocations: 2.540 GiB, 67.52% gc time)
716
 20.963374 seconds (1.13 M allocations: 833.976 MiB, 83.55% gc time)
216
 24.208532 seconds (3.15 M allocations: 1.977 GiB, 72.35% gc time)
815
 25.878706 seconds (4.26 M allocations: 2.602 GiB, 67.68% gc time)
916
 24.915036 seconds (3.51 M allocations: 2.196 GiB, 70.30% gc time)
365
 25.788263 seconds (4.11 M allocations: 2.534 GiB, 67.92% gc time)
865
 26.542264 seconds (4.31 M allocations: 2.693 GiB, 65.99% gc time)
 24.166479 seconds (3.13 M allocations: 1.967 GiB, 72.47% gc time)
316
416
 23.350664 seconds (2.58 M allocations: 1.656 GiB, 75.01% gc time)
465
 26.062561 seconds (4.12 M allocations: 2.569 GiB, 67.20% gc time)
265
 25.399378 seconds (4.14 M allocations: 2.508 GiB, 68.96% gc time)
115
 23.976041 seconds (3.05 M allocations: 1.912 GiB, 73.05% gc time)
515
 25.369068 seconds (4.01 M allocations: 2.450 GiB, 69.04% gc time)
766
 25.372490 seconds (4.01 M allocations: 2.451 GiB, 69.03% gc time)
665
 27.043993 seconds (4.59 M allocations: 2.864 GiB, 64.76% gc time)
565
  6.055102 seconds (3.06 M allocations: 1.883 GiB)
66
  6.040631 seconds (3.02 M allocations: 1.864 GiB)
617
  6.385440 seconds (3.26 M allocations: 1.997 GiB)
14
 27.114336 seconds (4.43 M allocations: 2.806 GiB, 64.60% gc time)
966
  6.046919 seconds (3.03 M allocations: 1.873 GiB)
217
  6.052158 seconds (3.03 M allocations: 1.871 GiB)
816
  9.589024 seconds (4.68 M allocations: 2.912 GiB)
166
  6.057610 seconds (2.71 M allocations: 1.740 GiB)
417
  6.059235 seconds (2.69 M allocations: 1.732 GiB)
466
  6.061139 seconds (2.54 M allocations: 1.669 GiB)
516
  9.077523 seconds (4.39 M allocations: 2.745 GiB)
717
  9.084426 seconds (4.34 M allocations: 2.725 GiB)
917
  9.079735 seconds (4.29 M allocations: 2.704 GiB)
366
  9.090833 seconds (4.30 M allocations: 2.710 GiB)
866
  9.098720 seconds (4.04 M allocations: 2.603 GiB)
317
  6.048738 seconds (2.64 M allocations: 1.713 GiB)
67
  9.038847 seconds (4.07 M allocations: 2.612 GiB)
266
  6.081457 seconds (2.73 M allocations: 1.753 GiB)
618
  8.967257 seconds (4.27 M allocations: 2.684 GiB)
116
  6.050730 seconds (3.00 M allocations: 1.860 GiB)
15
  6.055783 seconds (2.86 M allocations: 1.803 GiB)
218
  6.057745 seconds (2.84 M allocations: 1.797 GiB)
817
  9.081951 seconds (4.61 M allocations: 2.837 GiB)
767
  8.187063 seconds (4.31 M allocations: 2.620 GiB)
566
  9.442997 seconds (4.68 M allocations: 2.904 GiB)
666
  6.035894 seconds (3.09 M allocations: 1.897 GiB)
418
  6.056363 seconds (3.09 M allocations: 1.901 GiB)
467
  6.064800 seconds (3.14 M allocations: 1.917 GiB)
517
  9.073457 seconds (4.35 M allocations: 2.728 GiB)
967
  9.089700 seconds (4.34 M allocations: 2.724 GiB)
167
  7.646512 seconds (3.58 M allocations: 2.263 GiB)
918
  5.972278 seconds (2.71 M allocations: 1.729 GiB)
267
  6.257451 seconds (2.98 M allocations: 1.872 GiB)
318
  9.081426 seconds (4.34 M allocations: 2.723 GiB)
718
  6.423667 seconds (2.74 M allocations: 1.788 GiB)
16
  8.310747 seconds (4.15 M allocations: 2.565 GiB)
367
  8.237861 seconds (4.17 M allocations: 2.564 GiB)
867
  7.067256 seconds (3.33 M allocations: 2.098 GiB)
117
  6.646293 seconds (3.14 M allocations: 1.979 GiB)
219
  6.667073 seconds (3.16 M allocations: 1.990 GiB)
818
  6.501041 seconds (3.06 M allocations: 1.929 GiB)
567
  3.019344 seconds (1.67 M allocations: 1021.210 MiB)
268
  9.198609 seconds (4.59 M allocations: 2.835 GiB)
619
  8.826344 seconds (4.03 M allocations: 2.567 GiB)
768
 10.481532 seconds (5.19 M allocations: 3.213 GiB)
68
  7.088127 seconds (3.23 M allocations: 2.059 GiB)
968
 14.372808 seconds (3.55 M allocations: 2.251 GiB, 46.42% gc time)
518
 12.758190 seconds (3.07 M allocations: 1.889 GiB, 52.29% gc time)
919
 15.966204 seconds (4.26 M allocations: 2.708 GiB, 41.79% gc time)
419
 15.974488 seconds (4.27 M allocations: 2.712 GiB, 41.77% gc time)
468
 14.283954 seconds (3.67 M allocations: 2.294 GiB, 46.71% gc time)
168
 14.116406 seconds (3.55 M allocations: 2.225 GiB, 47.26% gc time)
319
 12.713805 seconds (2.42 M allocations: 1.616 GiB, 52.48% gc time)
819
 18.561750 seconds (5.36 M allocations: 3.429 GiB, 35.94% gc time)
667
 14.408680 seconds (3.65 M allocations: 2.297 GiB, 46.30% gc time)
719
 13.984848 seconds (3.11 M allocations: 2.031 GiB, 47.71% gc time)
220
 15.250298 seconds (4.16 M allocations: 2.592 GiB, 43.75% gc time)
17
 15.093803 seconds (3.95 M allocations: 2.491 GiB, 44.20% gc time)
368
 15.129775 seconds (3.97 M allocations: 2.503 GiB, 44.10% gc time)
868
 14.074128 seconds (3.41 M allocations: 2.163 GiB, 47.40% gc time)
269
 15.743750 seconds (4.13 M allocations: 2.630 GiB, 42.38% gc time)
118
 14.994023 seconds (3.84 M allocations: 2.438 GiB, 44.50% gc time)
568
 13.041629 seconds (3.17 M allocations: 1.956 GiB, 51.16% gc time)
69
 14.621486 seconds (3.89 M allocations: 2.417 GiB, 45.63% gc time)
620
  6.065700 seconds (3.20 M allocations: 1.941 GiB)
519
 13.297028 seconds (3.48 M allocations: 2.111 GiB, 50.18% gc time)
969
  6.249028 seconds (3.37 M allocations: 2.030 GiB)
920
  6.703436 seconds (3.24 M allocations: 2.023 GiB)
469
  6.972848 seconds (3.47 M allocations: 2.147 GiB)
420
 16.178059 seconds (4.77 M allocations: 2.938 GiB, 41.24% gc time)
769
  7.787208 seconds (3.74 M allocations: 2.341 GiB)
169
  3.508052 seconds (1.67 M allocations: 1.050 GiB)
569
  6.851283 seconds (3.51 M allocations: 2.150 GiB)
320
  7.816142 seconds (3.84 M allocations: 2.388 GiB)
  6.702704 seconds (3.43 M allocations: 2.105 GiB)
820
720
  6.243770 seconds (3.25 M allocations: 1.983 GiB)
18
  8.288562 seconds (4.22 M allocations: 2.591 GiB)
668
  7.820142 seconds (3.61 M allocations: 2.290 GiB)
869
  7.269663 seconds (3.28 M allocations: 2.098 GiB)
270
  9.194785 seconds (4.49 M allocations: 2.795 GiB)
221
  9.245041 seconds (4.32 M allocations: 2.730 GiB)
369
  6.043115 seconds (2.60 M allocations: 1.693 GiB)
470
  8.798399 seconds (3.89 M allocations: 2.508 GiB)
70
  9.218842 seconds (4.24 M allocations: 2.695 GiB)
119
  8.888428 seconds (4.04 M allocations: 2.579 GiB)
621
  6.048316 seconds (2.73 M allocations: 1.746 GiB)
170
  6.052853 seconds (2.80 M allocations: 1.771 GiB)
570
  6.040837 seconds (2.79 M allocations: 1.769 GiB)
321
  9.203633 seconds (4.30 M allocations: 2.718 GiB)
520
  9.083055 seconds (4.26 M allocations: 2.690 GiB)
970
  8.897201 seconds (4.43 M allocations: 2.737 GiB)
921
  8.175295 seconds (4.19 M allocations: 2.564 GiB)
421
  6.065133 seconds (3.24 M allocations: 1.951 GiB)
721
  5.792575 seconds (3.01 M allocations: 1.831 GiB)
669
  9.216207 seconds (4.62 M allocations: 2.845 GiB)
770
  7.176548 seconds (3.53 M allocations: 2.187 GiB)
19
  9.280514 seconds (4.22 M allocations: 2.689 GiB)
821
  5.089118 seconds (2.43 M allocations: 1.522 GiB)
71
  7.497461 seconds (3.69 M allocations: 2.284 GiB)
271
  5.211624 seconds (2.48 M allocations: 1.554 GiB)
622
  7.413206 seconds (3.81 M allocations: 2.328 GiB)
222
  5.858081 seconds (2.77 M allocations: 1.741 GiB)
571
  8.869337 seconds (4.47 M allocations: 2.750 GiB)
870
  6.395320 seconds (3.14 M allocations: 1.948 GiB)
171
  8.568047 seconds (4.25 M allocations: 2.631 GiB)
471
  6.050270 seconds (2.40 M allocations: 1.610 GiB)
670
  4.952298 seconds (2.06 M allocations: 1.358 GiB)
771
  9.385093 seconds (4.81 M allocations: 2.944 GiB)
370
  7.608568 seconds (3.53 M allocations: 2.236 GiB)
322
  8.896808 seconds (4.71 M allocations: 2.851 GiB)
120
  8.254563 seconds (4.03 M allocations: 2.505 GiB)
521
  7.906219 seconds (3.77 M allocations: 2.367 GiB)
922
  7.320247 seconds (3.53 M allocations: 2.206 GiB)
722
  9.474735 seconds (4.51 M allocations: 2.832 GiB)
971
  9.032998 seconds (4.21 M allocations: 2.665 GiB)
422
  7.668688 seconds (3.72 M allocations: 2.322 GiB)
20
  7.909449 seconds (3.64 M allocations: 2.313 GiB)
72
  7.777346 seconds (3.47 M allocations: 2.227 GiB)
623
  8.380469 seconds (3.56 M allocations: 2.327 GiB)
  8.680118 seconds (3.74 M allocations: 2.434 GiB)
223
272
  7.530531 seconds (3.10 M allocations: 2.051 GiB)
172
  6.069274 seconds (2.51 M allocations: 1.659 GiB)
772
  9.390652 seconds (4.39 M allocations: 2.776 GiB)
822
  7.741116 seconds (3.55 M allocations: 2.261 GiB)
 17.362430 seconds (2.63 M allocations: 1.700 GiB, 65.43% gc time)
871
371
 17.772045 seconds (3.12 M allocations: 1.940 GiB, 63.92% gc time)
323
 18.645922 seconds (3.86 M allocations: 2.337 GiB, 60.92% gc time)
472
 17.890033 seconds (3.27 M allocations: 2.015 GiB, 63.50% gc time)
121
 20.690439 seconds (4.89 M allocations: 2.969 GiB, 54.90% gc time)
572
 18.211131 seconds (3.27 M allocations: 2.047 GiB, 62.38% gc time)
522
 19.376078 seconds (4.33 M allocations: 2.605 GiB, 58.63% gc time)
671
 18.665849 seconds (3.59 M allocations: 2.229 GiB, 60.86% gc time)
923
 17.218577 seconds (3.09 M allocations: 1.872 GiB, 65.97% gc time)
423
 20.312744 seconds (4.05 M allocations: 2.585 GiB, 55.93% gc time)
723
 19.073265 seconds (3.64 M allocations: 2.290 GiB, 59.56% gc time)
972
 20.247798 seconds (3.90 M allocations: 2.520 GiB, 56.10% gc time)
21
 18.552787 seconds (3.56 M allocations: 2.205 GiB, 61.23% gc time)
73
 17.402077 seconds (2.99 M allocations: 1.848 GiB, 65.28% gc time)
224
  4.956469 seconds (2.04 M allocations: 1.350 GiB)
122
  7.374431 seconds (3.42 M allocations: 2.164 GiB)
273
  7.277785 seconds (3.15 M allocations: 2.045 GiB)
823
  6.733231 seconds (2.79 M allocations: 1.843 GiB)
  7.247614 seconds (3.15 M allocations: 2.044 GiB)
372
473
  6.075430 seconds (2.61 M allocations: 1.700 GiB)
523
 20.689648 seconds (4.91 M allocations: 2.981 GiB, 54.91% gc time)
624
  8.026751 seconds (3.67 M allocations: 2.340 GiB)
324
  6.727679 seconds (2.78 M allocations: 1.836 GiB)
924
  9.071780 seconds (4.56 M allocations: 2.811 GiB)
773
  9.124244 seconds (4.61 M allocations: 2.840 GiB)
173
  7.816432 seconds (3.69 M allocations: 2.327 GiB)
573
  7.805059 seconds (3.47 M allocations: 2.232 GiB)
424
  6.780733 seconds (3.18 M allocations: 2.007 GiB)
973
  5.705239 seconds (2.90 M allocations: 1.784 GiB)
74
 11.597444 seconds (5.53 M allocations: 3.474 GiB)
872
  6.024930 seconds (2.97 M allocations: 1.843 GiB)
225
  6.030644 seconds (3.00 M allocations: 1.859 GiB)
123
  9.312514 seconds (4.25 M allocations: 2.709 GiB)
724
  6.038039 seconds (2.92 M allocations: 1.826 GiB)
824
  6.017792 seconds (2.85 M allocations: 1.794 GiB)
  6.033812 seconds (2.86 M allocations: 1.799 GiB)
373
474
 12.062514 seconds (5.70 M allocations: 3.590 GiB)
672
  6.020413 seconds (3.14 M allocations: 1.914 GiB)
524
  6.034305 seconds (2.94 M allocations: 1.831 GiB)
925
  6.142892 seconds (2.68 M allocations: 1.738 GiB)
574
  8.501105 seconds (4.41 M allocations: 2.689 GiB)
274
  6.426061 seconds (2.86 M allocations: 1.840 GiB)
425
 11.378575 seconds (5.62 M allocations: 3.484 GiB)
22
  8.046041 seconds (3.53 M allocations: 2.283 GiB)
774
  6.055359 seconds (2.94 M allocations: 1.832 GiB)
75
  9.106135 seconds (4.42 M allocations: 2.757 GiB)
325
  6.000459 seconds (2.87 M allocations: 1.797 GiB)
226
  9.110418 seconds (4.20 M allocations: 2.667 GiB)
174
  7.525665 seconds (3.74 M allocations: 2.317 GiB)
974
 10.688802 seconds (5.29 M allocations: 3.279 GiB)
625
  7.396309 seconds (3.54 M allocations: 2.220 GiB)
124
  5.962115 seconds (2.84 M allocations: 1.782 GiB)
475
  7.026455 seconds (3.61 M allocations: 2.208 GiB)
725
  6.387187 seconds (2.92 M allocations: 1.861 GiB)
525
  8.809212 seconds (4.50 M allocations: 2.759 GiB)
873
  7.441480 seconds (3.69 M allocations: 2.284 GiB)
374
  7.926306 seconds (4.03 M allocations: 2.476 GiB)
825
  7.553228 seconds (3.67 M allocations: 2.291 GiB)
673
  8.101402 seconds (3.79 M allocations: 2.395 GiB)
926
  8.189259 seconds (3.80 M allocations: 2.410 GiB)
575
  6.587653 seconds (3.01 M allocations: 1.920 GiB)
76
  6.326511 seconds (2.82 M allocations: 1.816 GiB)
227
  7.376709 seconds (3.46 M allocations: 2.187 GiB)
23
  8.726470 seconds (4.11 M allocations: 2.595 GiB)
275
  7.582058 seconds (3.79 M allocations: 2.344 GiB)
775
  7.244100 seconds (3.63 M allocations: 2.241 GiB)
326
  8.916637 seconds (4.56 M allocations: 2.796 GiB)
426
  7.001195 seconds (3.44 M allocations: 2.141 GiB)
175
  6.407911 seconds (3.21 M allocations: 1.982 GiB)
125
 14.467034 seconds (3.87 M allocations: 2.401 GiB, 45.79% gc time)
975
 14.138873 seconds (3.56 M allocations: 2.238 GiB, 46.85% gc time)
476
 13.602219 seconds (3.34 M allocations: 2.091 GiB, 48.70% gc time)
526
 13.168178 seconds (2.87 M allocations: 1.852 GiB, 50.30% gc time)
674
 14.419545 seconds (3.60 M allocations: 2.281 GiB, 45.94% gc time)
874
 16.573831 seconds (4.74 M allocations: 2.974 GiB, 39.97% gc time)
626
 11.414117 seconds (2.22 M allocations: 1.404 GiB, 58.03% gc time)
24
 16.032854 seconds (4.46 M allocations: 2.804 GiB, 41.31% gc time)
726
 13.739039 seconds (3.50 M allocations: 2.169 GiB, 48.21% gc time)
927
 15.729062 seconds (4.24 M allocations: 2.680 GiB, 42.11% gc time)
375
 15.388717 seconds (4.02 M allocations: 2.553 GiB, 43.04% gc time)
826
 12.093164 seconds (2.69 M allocations: 1.668 GiB, 54.77% gc time)
276
 13.914817 seconds (3.92 M allocations: 2.361 GiB, 47.60% gc time)
576
 14.714374 seconds (4.05 M allocations: 2.494 GiB, 45.02% gc time)
77
 13.821505 seconds (3.10 M allocations: 2.014 GiB, 47.92% gc time)
427
 14.039453 seconds (3.39 M allocations: 2.158 GiB, 47.18% gc time)
327
 14.836407 seconds (4.10 M allocations: 2.528 GiB, 44.65% gc time)
228
  6.667990 seconds (3.17 M allocations: 1.992 GiB)
126
 14.694915 seconds (4.14 M allocations: 2.533 GiB, 45.08% gc time)
776
  6.052973 seconds (3.07 M allocations: 1.887 GiB)
527
  8.180199 seconds (3.79 M allocations: 2.403 GiB)
976
  5.945103 seconds (2.99 M allocations: 1.842 GiB)
875
 16.214393 seconds (4.55 M allocations: 2.857 GiB, 40.85% gc time)
176
  7.934172 seconds (4.01 M allocations: 2.468 GiB)
477
  7.967352 seconds (3.90 M allocations: 2.427 GiB)
675
  7.057636 seconds (3.48 M allocations: 2.160 GiB)
25
  6.579377 seconds (2.96 M allocations: 1.895 GiB)
827
  4.210735 seconds (1.72 M allocations: 1.144 GiB)
777
  8.297734 seconds (3.95 M allocations: 2.481 GiB)
727
  8.336258 seconds (3.56 M allocations: 2.324 GiB)
277
  6.041854 seconds (2.53 M allocations: 1.664 GiB)
127
  6.227119 seconds (2.77 M allocations: 1.784 GiB)
328
  9.590013 seconds (4.65 M allocations: 2.904 GiB)
627
  6.325435 seconds (2.95 M allocations: 1.865 GiB)
229
  7.987155 seconds (3.97 M allocations: 2.459 GiB)
577
  9.683031 seconds (4.72 M allocations: 2.938 GiB)
  9.591585 seconds (4.60 M allocations: 2.882 GiB)
376
928
  6.229500 seconds (3.02 M allocations: 1.885 GiB)
528
  7.806155 seconds (4.19 M allocations: 2.525 GiB)
428
  8.029812 seconds (4.36 M allocations: 2.621 GiB)
78
  6.057270 seconds (3.29 M allocations: 1.976 GiB)
977
  7.711174 seconds (3.45 M allocations: 2.215 GiB)
478
  8.895157 seconds (4.04 M allocations: 2.577 GiB)
876
  6.228069 seconds (2.91 M allocations: 1.836 GiB)
778
  7.124721 seconds (3.45 M allocations: 2.149 GiB)
26
  9.725928 seconds (4.41 M allocations: 2.814 GiB)
177
  6.352122 seconds (3.13 M allocations: 1.941 GiB)
728
  8.827420 seconds (4.29 M allocations: 2.674 GiB)
676
  6.033267 seconds (2.71 M allocations: 1.737 GiB)
230
  6.035951 seconds (2.73 M allocations: 1.745 GiB)
578
  6.670760 seconds (3.49 M allocations: 2.119 GiB)
278
  7.062625 seconds (3.56 M allocations: 2.189 GiB)
329
  6.040059 seconds (2.48 M allocations: 1.643 GiB)
79
 10.018545 seconds (5.01 M allocations: 3.088 GiB)
828
  7.361427 seconds (3.29 M allocations: 2.112 GiB)
377
  7.315218 seconds (2.99 M allocations: 1.983 GiB)
978
  9.025008 seconds (4.36 M allocations: 2.719 GiB)
628
  5.317532 seconds (2.82 M allocations: 1.705 GiB)
479
  8.043858 seconds (3.47 M allocations: 2.256 GiB)
429
  8.852820 seconds (4.15 M allocations: 2.615 GiB)
529
  4.496893 seconds (2.45 M allocations: 1.469 GiB)
729
 10.776428 seconds (5.48 M allocations: 3.363 GiB)
128
  9.764875 seconds (4.62 M allocations: 2.908 GiB)
929
  6.747248 seconds (3.17 M allocations: 2.000 GiB)
178
  8.391735 seconds (4.02 M allocations: 2.516 GiB)
877
  6.696759 seconds (2.98 M allocations: 1.917 GiB)
231
  8.388073 seconds (4.04 M allocations: 2.525 GiB)
779
  6.195236 seconds (2.92 M allocations: 1.841 GiB)
330
  5.976973 seconds (2.92 M allocations: 1.818 GiB)
80
  4.752377 seconds (2.07 M allocations: 1.340 GiB)
430
  8.358395 seconds (4.09 M allocations: 2.542 GiB)
677
 19.125966 seconds (4.03 M allocations: 2.519 GiB, 56.15% gc time)
579
 16.802731 seconds (2.94 M allocations: 1.832 GiB, 63.92% gc time)
629
 21.417084 seconds (5.38 M allocations: 3.313 GiB, 50.15% gc time)
 17.287343 seconds (3.20 M allocations: 1.991 GiB, 62.12% gc time)
27
979
 16.822076 seconds (2.94 M allocations: 1.835 GiB, 63.84% gc time)
530
 20.666636 seconds (4.87 M allocations: 3.023 GiB, 51.97% gc time)
279
 17.741279 seconds (3.21 M allocations: 2.040 GiB, 60.53% gc time)
730
 18.514363 seconds (3.65 M allocations: 2.303 GiB, 58.01% gc time)
480
 18.103104 seconds (3.31 M allocations: 2.119 GiB, 59.33% gc time)
129
 21.000124 seconds (4.93 M allocations: 3.084 GiB, 51.14% gc time)
829
 17.017109 seconds (2.91 M allocations: 1.842 GiB, 63.11% gc time)
232
 17.736233 seconds (3.47 M allocations: 2.148 GiB, 60.55% gc time)
179
 22.145772 seconds (5.38 M allocations: 3.390 GiB, 48.50% gc time)
378
 17.444091 seconds (3.17 M allocations: 1.994 GiB, 61.57% gc time)
331
 18.190968 seconds (3.65 M allocations: 2.266 GiB, 59.04% gc time)
878
 17.738671 seconds (3.33 M allocations: 2.091 GiB, 60.54% gc time)
81
  6.318487 seconds (2.98 M allocations: 1.877 GiB)
580
  6.763652 seconds (3.31 M allocations: 2.059 GiB)
431
  6.781727 seconds (3.39 M allocations: 2.095 GiB)
678
 19.087133 seconds (4.26 M allocations: 2.611 GiB, 56.27% gc time)
780
 21.774546 seconds (5.40 M allocations: 3.359 GiB, 49.32% gc time)
930
  6.329834 seconds (3.22 M allocations: 1.977 GiB)
980
  6.060038 seconds (3.07 M allocations: 1.890 GiB)
280
  8.060710 seconds (4.05 M allocations: 2.498 GiB)
630
  8.030481 seconds (3.78 M allocations: 2.384 GiB)
531
  6.043837 seconds (2.80 M allocations: 1.778 GiB)
233
  9.809707 seconds (4.34 M allocations: 2.798 GiB)
28
  6.045244 seconds (2.67 M allocations: 1.721 GiB)
332
  6.051868 seconds (2.67 M allocations: 1.722 GiB)
879
  6.034193 seconds (2.66 M allocations: 1.717 GiB)
  9.348638 seconds (4.24 M allocations: 2.710 GiB)
82
731
  9.496171 seconds (4.37 M allocations: 2.778 GiB)
481
  6.059292 seconds (2.90 M allocations: 1.821 GiB)
  9.064351 seconds (4.35 M allocations: 2.727 GiB)
581
830
  9.074014 seconds (4.37 M allocations: 2.738 GiB)
130
  6.041035 seconds (2.94 M allocations: 1.834 GiB)
432
  5.870310 seconds (2.78 M allocations: 1.750 GiB)
981
  8.266618 seconds (4.44 M allocations: 2.683 GiB)
379
  9.067529 seconds (4.77 M allocations: 2.898 GiB)
180
  6.152381 seconds (3.00 M allocations: 1.869 GiB)
281
  3.354758 seconds (1.68 M allocations: 1.036 GiB)
83
  3.403900 seconds (1.67 M allocations: 1.036 GiB)
732
  9.331918 seconds (4.11 M allocations: 2.655 GiB)
931
  9.765828 seconds (4.53 M allocations: 2.871 GiB)
679
  9.747759 seconds (4.60 M allocations: 2.898 GiB)
781
  7.407184 seconds (3.72 M allocations: 2.292 GiB)
532
  9.751344 seconds (4.44 M allocations: 2.827 GiB)
631
  8.182917 seconds (3.99 M allocations: 2.484 GiB)
234
  7.483241 seconds (3.74 M allocations: 2.308 GiB)
333
  6.054137 seconds (2.49 M allocations: 1.646 GiB)
982
  6.028386 seconds (2.47 M allocations: 1.633 GiB)
380
  6.046385 seconds (2.39 M allocations: 1.605 GiB)
282
  9.794112 seconds (4.84 M allocations: 2.999 GiB)
29
  9.376820 seconds (4.63 M allocations: 2.867 GiB)
880
  9.168565 seconds (4.26 M allocations: 2.695 GiB)
482
  8.995818 seconds (4.08 M allocations: 2.600 GiB)
582
  6.033927 seconds (2.77 M allocations: 1.760 GiB)
84
  6.050390 seconds (2.82 M allocations: 1.782 GiB)
  9.092896 seconds (4.09 M allocations: 2.617 GiB)
733
433
  9.184401 seconds (4.27 M allocations: 2.700 GiB)
831
  9.773989 seconds (4.70 M allocations: 2.939 GiB)
131
  6.037546 seconds (3.19 M allocations: 1.932 GiB)
932
  6.158038 seconds (3.09 M allocations: 1.904 GiB)
533
  9.272613 seconds (4.51 M allocations: 2.808 GiB)
181
  9.094170 seconds (4.00 M allocations: 2.578 GiB)
680
  9.089403 seconds (3.87 M allocations: 2.530 GiB)
782
  7.229113 seconds (3.39 M allocations: 2.137 GiB)
235
  7.526700 seconds (3.56 M allocations: 2.240 GiB)
334
 18.122839 seconds (3.52 M allocations: 2.233 GiB, 57.84% gc time)
983
 15.732454 seconds (2.18 M allocations: 1.433 GiB, 66.63% gc time)
85
 18.121569 seconds (3.53 M allocations: 2.236 GiB, 57.85% gc time)
381
 16.075008 seconds (2.74 M allocations: 1.701 GiB, 65.21% gc time)
483
 19.474765 seconds (4.72 M allocations: 2.863 GiB, 53.83% gc time)
632
 16.551106 seconds (2.79 M allocations: 1.771 GiB, 63.33% gc time)
734
 18.584460 seconds (4.18 M allocations: 2.553 GiB, 56.40% gc time)
283
 17.583289 seconds (3.73 M allocations: 2.265 GiB, 59.62% gc time)
881
 16.892047 seconds (2.91 M allocations: 1.853 GiB, 62.06% gc time)
132
 17.599481 seconds (3.09 M allocations: 2.001 GiB, 59.56% gc time)
 19.599964 seconds (4.61 M allocations: 2.832 GiB, 53.48% gc time)
933
30
 17.719734 seconds (3.24 M allocations: 2.075 GiB, 59.16% gc time)
534
 19.570442 seconds (4.43 M allocations: 2.753 GiB, 53.56% gc time)
583
 17.926803 seconds (3.37 M allocations: 2.151 GiB, 58.47% gc time)
 19.527427 seconds (4.18 M allocations: 2.646 GiB, 53.68% gc time)
182
832
 19.724092 seconds (4.38 M allocations: 2.748 GiB, 53.15% gc time)
434
 16.816774 seconds (3.46 M allocations: 2.072 GiB, 62.33% gc time)
681
 16.538093 seconds (3.33 M allocations: 1.992 GiB, 63.38% gc time)
236
  6.037160 seconds (3.11 M allocations: 1.898 GiB)
984
  6.034264 seconds (2.92 M allocations: 1.823 GiB)
484
  6.013595 seconds (2.93 M allocations: 1.821 GiB)
633
  6.031664 seconds (2.93 M allocations: 1.824 GiB)
735
 19.566763 seconds (4.60 M allocations: 2.822 GiB, 53.57% gc time)
783
  6.046113 seconds (2.69 M allocations: 1.729 GiB)
133
  9.067883 seconds (4.60 M allocations: 2.823 GiB)
335
  9.034320 seconds (4.22 M allocations: 2.666 GiB)
86
  9.053171 seconds (4.21 M allocations: 2.665 GiB)
382
  6.020924 seconds (2.92 M allocations: 1.822 GiB)
535
  9.056319 seconds (4.11 M allocations: 2.622 GiB)
284
  9.043328 seconds (4.10 M allocations: 2.617 GiB)
882
  6.041206 seconds (2.66 M allocations: 1.717 GiB)
682
  6.021361 seconds (2.66 M allocations: 1.716 GiB)
237
  9.031839 seconds (4.20 M allocations: 2.659 GiB)
  9.049342 seconds (4.20 M allocations: 2.662 GiB)
934
31
  6.030469 seconds (2.80 M allocations: 1.773 GiB)
985
  6.055243 seconds (2.93 M allocations: 1.830 GiB)
485
  6.041163 seconds (2.93 M allocations: 1.831 GiB)
634
  9.047703 seconds (4.54 M allocations: 2.800 GiB)
584
  9.045829 seconds (4.40 M allocations: 2.742 GiB)
183
  9.080299 seconds (4.42 M allocations: 2.756 GiB)
  6.096616 seconds (3.10 M allocations: 1.907 GiB)
833
  8.931921 seconds (4.35 M allocations: 2.710 GiB)
736
435
  6.044189 seconds (3.36 M allocations: 2.007 GiB)
134
  6.048932 seconds (2.94 M allocations: 1.837 GiB)
536
  9.132149 seconds (4.08 M allocations: 2.625 GiB)
784
  6.036245 seconds (2.70 M allocations: 1.734 GiB)
683
  8.428478 seconds (3.84 M allocations: 2.452 GiB)
383
  8.580512 seconds (3.95 M allocations: 2.513 GiB)
87
  9.038318 seconds (4.36 M allocations: 2.728 GiB)
336
  6.795756 seconds (2.92 M allocations: 1.904 GiB)
986
  6.933143 seconds (3.04 M allocations: 1.968 GiB)
  6.933204 seconds (3.03 M allocations: 1.964 GiB)
32
935
  7.799290 seconds (3.88 M allocations: 2.401 GiB)
238
  6.880688 seconds (3.14 M allocations: 2.004 GiB)
635
  6.197034 seconds (2.38 M allocations: 1.621 GiB)
737
  9.036688 seconds (4.67 M allocations: 2.857 GiB)
285
  9.020836 seconds (4.72 M allocations: 2.876 GiB)
883
  7.544472 seconds (3.90 M allocations: 2.385 GiB)
486
  7.226014 seconds (3.29 M allocations: 2.100 GiB)
184
  8.404201 seconds (4.08 M allocations: 2.548 GiB)
585
  6.027629 seconds (3.07 M allocations: 1.883 GiB)
537
  9.043680 seconds (3.94 M allocations: 2.554 GiB)
834
  9.259501 seconds (4.11 M allocations: 2.649 GiB)
436
  9.198216 seconds (4.09 M allocations: 2.631 GiB)
135
  6.020815 seconds (3.26 M allocations: 1.965 GiB)
684
  6.033986 seconds (3.28 M allocations: 1.973 GiB)
384
  6.752183 seconds (3.38 M allocations: 2.087 GiB)
88
  5.686154 seconds (2.82 M allocations: 1.748 GiB)
33
  6.038841 seconds (3.07 M allocations: 1.884 GiB)
936
  6.332902 seconds (3.37 M allocations: 2.036 GiB)
987
 16.081824 seconds (2.89 M allocations: 1.809 GiB, 62.38% gc time)
738
 16.691091 seconds (3.15 M allocations: 1.982 GiB, 60.10% gc time)
636
 18.322644 seconds (4.26 M allocations: 2.605 GiB, 54.75% gc time)
337
 19.215730 seconds (5.02 M allocations: 3.012 GiB, 52.20% gc time)
785
 17.734835 seconds (3.46 M allocations: 2.219 GiB, 56.56% gc time)
286
 17.725878 seconds (3.44 M allocations: 2.210 GiB, 56.59% gc time)
884
 17.831828 seconds (3.47 M allocations: 2.232 GiB, 56.26% gc time)
185
 19.256637 seconds (4.47 M allocations: 2.792 GiB, 52.09% gc time)
239
 18.985827 seconds (4.05 M allocations: 2.590 GiB, 52.84% gc time)
487
 17.779808 seconds (3.60 M allocations: 2.278 GiB, 56.42% gc time)
538
 18.219296 seconds (3.90 M allocations: 2.447 GiB, 55.06% gc time)
586
 16.349568 seconds (3.11 M allocations: 1.931 GiB, 61.36% gc time)
136
 17.775834 seconds (3.73 M allocations: 2.333 GiB, 56.43% gc time)
437
 16.080926 seconds (2.94 M allocations: 1.832 GiB, 62.38% gc time)
34
 19.117603 seconds (4.27 M allocations: 2.694 GiB, 52.47% gc time)
835
 18.683053 seconds (4.03 M allocations: 2.547 GiB, 53.69% gc time)
685
  6.737640 seconds (3.08 M allocations: 1.964 GiB)
988
  6.034664 seconds (2.77 M allocations: 1.763 GiB)
338
 17.940260 seconds (3.93 M allocations: 2.431 GiB, 55.92% gc time)
89
 19.510931 seconds (4.53 M allocations: 2.843 GiB, 51.41% gc time)
385
 18.531687 seconds (4.11 M allocations: 2.569 GiB, 54.13% gc time)
937
  3.987528 seconds (1.81 M allocations: 1.157 GiB)
137
  7.728060 seconds (3.65 M allocations: 2.298 GiB)
637
  8.920906 seconds (4.31 M allocations: 2.694 GiB)
739
  8.053179 seconds (3.88 M allocations: 2.423 GiB)
786
  7.354075 seconds (3.59 M allocations: 2.235 GiB)
287
  6.039817 seconds (3.18 M allocations: 1.930 GiB)
488
  8.703271 seconds (4.14 M allocations: 2.601 GiB)
885
  6.948964 seconds (3.42 M allocations: 2.124 GiB)
539
  5.694806 seconds (2.85 M allocations: 1.761 GiB)
35
  8.930532 seconds (4.45 M allocations: 2.749 GiB)
186
  8.420545 seconds (4.25 M allocations: 2.616 GiB)
240
  8.025175 seconds (4.04 M allocations: 2.488 GiB)
587
  6.039151 seconds (3.03 M allocations: 1.867 GiB)
989
  5.731178 seconds (2.82 M allocations: 1.749 GiB)
  6.903921 seconds (3.55 M allocations: 2.171 GiB)
90
836
  9.800775 seconds (4.58 M allocations: 2.892 GiB)
438
  6.526767 seconds (2.87 M allocations: 1.854 GiB)
  8.638601 seconds (4.04 M allocations: 2.548 GiB)
638
686
  6.054624 seconds (2.53 M allocations: 1.663 GiB)
489
  7.723934 seconds (3.54 M allocations: 2.252 GiB)
138
  6.064750 seconds (2.67 M allocations: 1.722 GiB)
886
  6.042627 seconds (2.65 M allocations: 1.711 GiB)
540
  6.059521 seconds (2.64 M allocations: 1.711 GiB)
36
  9.584876 seconds (4.64 M allocations: 2.897 GiB)
386
 10.827537 seconds (5.25 M allocations: 3.273 GiB)
339
  6.065342 seconds (2.76 M allocations: 1.761 GiB)
241
  6.051822 seconds (2.80 M allocations: 1.777 GiB)
588
  9.064924 seconds (4.32 M allocations: 2.711 GiB)
288
 10.485028 seconds (5.32 M allocations: 3.267 GiB)
938
  6.257089 seconds (3.00 M allocations: 1.876 GiB)
990
  6.304274 seconds (2.92 M allocations: 1.853 GiB)
91
  6.318109 seconds (2.94 M allocations: 1.860 GiB)
837
  4.673770 seconds (2.63 M allocations: 1.565 GiB)
639
 11.142346 seconds (5.60 M allocations: 3.452 GiB)
740
  9.630706 seconds (4.55 M allocations: 2.866 GiB)
187
 12.110292 seconds (5.76 M allocations: 3.618 GiB)
787
  6.518412 seconds (3.27 M allocations: 2.018 GiB)
490
  7.510163 seconds (3.70 M allocations: 2.295 GiB)
687
  6.025184 seconds (3.05 M allocations: 1.871 GiB)
541
  8.441913 seconds (4.30 M allocations: 2.640 GiB)
439
  6.053434 seconds (2.80 M allocations: 1.777 GiB)
242
  7.263592 seconds (3.74 M allocations: 2.289 GiB)
887
  6.220889 seconds (2.96 M allocations: 1.860 GiB)
589
  8.341962 seconds (4.26 M allocations: 2.616 GiB)
139
  7.869721 seconds (4.00 M allocations: 2.455 GiB)
37
  6.561714 seconds (2.75 M allocations: 1.810 GiB)
838
  8.549621 seconds (3.99 M allocations: 2.523 GiB)
340
  6.294162 seconds (2.68 M allocations: 1.752 GiB)
640
  7.356275 seconds (3.25 M allocations: 2.097 GiB)
92
 18.400704 seconds (3.94 M allocations: 2.480 GiB, 54.69% gc time)
289
 19.892888 seconds (4.97 M allocations: 3.056 GiB, 50.59% gc time)
387
 18.578416 seconds (4.01 M allocations: 2.528 GiB, 54.16% gc time)
991
 19.070408 seconds (4.33 M allocations: 2.711 GiB, 52.77% gc time)
939
 14.565854 seconds (2.16 M allocations: 1.351 GiB, 69.09% gc time)
888
 14.087466 seconds (1.90 M allocations: 1.196 GiB, 71.43% gc time)
590
 17.820828 seconds (3.60 M allocations: 2.281 GiB, 56.47% gc time)
491
 18.611615 seconds (3.87 M allocations: 2.473 GiB, 54.07% gc time)
 18.655362 seconds (3.90 M allocations: 2.490 GiB, 53.94% gc time)
188
788
 20.102850 seconds (4.57 M allocations: 2.918 GiB, 50.06% gc time)
741
 17.988456 seconds (3.82 M allocations: 2.389 GiB, 55.94% gc time)
542
 18.524466 seconds (4.24 M allocations: 2.618 GiB, 54.32% gc time)
688
 18.373970 seconds (4.03 M allocations: 2.516 GiB, 54.77% gc time)
440
 15.625866 seconds (2.88 M allocations: 1.757 GiB, 64.40% gc time)
839
 17.902406 seconds (4.00 M allocations: 2.450 GiB, 56.21% gc time)
243
  6.260252 seconds (2.86 M allocations: 1.822 GiB)
93
  5.997705 seconds (2.79 M allocations: 1.765 GiB)
388
 17.141947 seconds (3.44 M allocations: 2.141 GiB, 58.70% gc time)
341
 18.601276 seconds (4.24 M allocations: 2.623 GiB, 54.10% gc time)
38
  6.149078 seconds (3.00 M allocations: 1.865 GiB)
992
 19.496591 seconds (4.70 M allocations: 2.905 GiB, 51.61% gc time)
140
  6.428493 seconds (3.26 M allocations: 2.006 GiB)
940
  6.028034 seconds (3.13 M allocations: 1.910 GiB)
889
  8.441529 seconds (4.24 M allocations: 2.616 GiB)
290
  9.303463 seconds (4.70 M allocations: 2.893 GiB)
641
  6.034186 seconds (3.11 M allocations: 1.903 GiB)
492
  6.028572 seconds (2.94 M allocations: 1.832 GiB)
543
  9.032626 seconds (4.20 M allocations: 2.659 GiB)
591
  8.643006 seconds (3.79 M allocations: 2.453 GiB)
  8.656888 seconds (3.80 M allocations: 2.456 GiB)
189
789
  4.985357 seconds (2.04 M allocations: 1.357 GiB)
993
  9.313925 seconds (4.24 M allocations: 2.708 GiB)
742
  6.052848 seconds (2.71 M allocations: 1.740 GiB)
342
  6.315012 seconds (3.00 M allocations: 1.887 GiB)
389
  7.004531 seconds (3.49 M allocations: 2.164 GiB)
94
  8.843374 seconds (4.31 M allocations: 2.689 GiB)
689
  9.305633 seconds (4.38 M allocations: 2.765 GiB)
441
  9.511568 seconds (4.46 M allocations: 2.822 GiB)
840
  9.480554 seconds (4.47 M allocations: 2.822 GiB)
244
  7.270247 seconds (3.46 M allocations: 2.180 GiB)
141
  4.298083 seconds (2.24 M allocations: 1.369 GiB)
544
  7.161799 seconds (3.60 M allocations: 2.227 GiB)
  6.902004 seconds (3.44 M allocations: 2.135 GiB)
941
890
  8.008704 seconds (4.37 M allocations: 2.628 GiB)
39
  6.247193 seconds (3.11 M allocations: 1.927 GiB)
592
  9.313720 seconds (4.25 M allocations: 2.711 GiB)
291
  8.639209 seconds (3.91 M allocations: 2.504 GiB)
493
  9.053413 seconds (4.25 M allocations: 2.687 GiB)
642
  6.049161 seconds (3.12 M allocations: 1.912 GiB)
994
  6.027861 seconds (3.08 M allocations: 1.891 GiB)
343
  6.040480 seconds (3.07 M allocations: 1.888 GiB)
390
  6.029570 seconds (2.28 M allocations: 1.559 GiB)
142
  6.023647 seconds (2.22 M allocations: 1.533 GiB)
545
  6.033526 seconds (2.24 M allocations: 1.542 GiB)
891
  9.073116 seconds (4.54 M allocations: 2.806 GiB)
  9.059693 seconds (4.53 M allocations: 2.799 GiB)
790
190
  6.149100 seconds (2.34 M allocations: 1.599 GiB)
40
  9.082902 seconds (4.61 M allocations: 2.834 GiB)
743
  8.484089 seconds (4.17 M allocations: 2.593 GiB)
690
  8.960106 seconds (4.53 M allocations: 2.788 GiB)
95
  8.118956 seconds (3.88 M allocations: 2.432 GiB)
245
  8.509304 seconds (4.31 M allocations: 2.649 GiB)
  8.012254 seconds (3.55 M allocations: 2.287 GiB)
841
942
  9.232504 seconds (4.88 M allocations: 2.962 GiB)
442
  6.078840 seconds (2.94 M allocations: 1.839 GiB)
995
 13.980315 seconds (3.81 M allocations: 2.325 GiB, 47.26% gc time)
593
 13.594572 seconds (3.59 M allocations: 2.194 GiB, 48.60% gc time)
 12.675353 seconds (3.04 M allocations: 1.876 GiB, 52.12% gc time)
494
344
 13.517491 seconds (3.60 M allocations: 2.190 GiB, 48.88% gc time)
643
 12.647844 seconds (3.04 M allocations: 1.869 GiB, 52.24% gc time)
546
 15.699940 seconds (4.44 M allocations: 2.761 GiB, 42.08% gc time)
292
 12.942010 seconds (3.31 M allocations: 2.014 GiB, 51.05% gc time)
143
 15.973194 seconds (4.24 M allocations: 2.708 GiB, 41.36% gc time)
391
 13.956312 seconds (3.23 M allocations: 2.084 GiB, 47.34% gc time)
41
 12.894527 seconds (2.43 M allocations: 1.646 GiB, 51.24% gc time)
 12.923253 seconds (2.44 M allocations: 1.655 GiB, 51.12% gc time)
943
842
 14.176525 seconds (3.43 M allocations: 2.190 GiB, 46.60% gc time)
691
 15.142638 seconds (3.94 M allocations: 2.498 GiB, 43.63% gc time)
791
 15.210821 seconds (4.04 M allocations: 2.546 GiB, 43.44% gc time)
191
 14.089107 seconds (3.55 M allocations: 2.232 GiB, 46.89% gc time)
246
 15.789242 seconds (4.54 M allocations: 2.812 GiB, 41.84% gc time)
892
 15.239202 seconds (4.31 M allocations: 2.659 GiB, 43.35% gc time)
744
  6.060795 seconds (2.81 M allocations: 1.781 GiB)
495
 15.375301 seconds (4.39 M allocations: 2.708 GiB, 42.97% gc time)
96
  6.062769 seconds (2.88 M allocations: 1.810 GiB)
644
 14.939591 seconds (4.08 M allocations: 2.534 GiB, 44.22% gc time)
443
  7.373714 seconds (3.54 M allocations: 2.215 GiB)
345
  7.990608 seconds (3.94 M allocations: 2.441 GiB)
594
  8.768531 seconds (4.42 M allocations: 2.723 GiB)
  6.044505 seconds (3.07 M allocations: 1.887 GiB)
144
996
  7.512740 seconds (3.78 M allocations: 2.327 GiB)
547
  7.645096 seconds (3.78 M allocations: 2.341 GiB)
293
  4.872637 seconds (2.25 M allocations: 1.428 GiB)
247
  3.502759 seconds (1.20 M allocations: 875.996 MiB)
595
  6.927715 seconds (3.10 M allocations: 1.988 GiB)
792
  8.137191 seconds (3.99 M allocations: 2.480 GiB)
392
  7.517472 seconds (3.82 M allocations: 2.344 GiB)
843
  9.330998 seconds (4.51 M allocations: 2.815 GiB)
42
  8.384625 seconds (3.78 M allocations: 2.420 GiB)
692
  8.888787 seconds (4.34 M allocations: 2.702 GiB)
944
  7.341357 seconds (3.38 M allocations: 2.149 GiB)
496
  8.289646 seconds (3.88 M allocations: 2.453 GiB)
893
  8.999352 seconds (4.43 M allocations: 2.753 GiB)
192
  6.826895 seconds (3.19 M allocations: 2.022 GiB)
444
  7.679529 seconds (3.64 M allocations: 2.292 GiB)
97
  8.300128 seconds (3.96 M allocations: 2.486 GiB)
645
  9.551260 seconds (4.68 M allocations: 2.911 GiB)
745
  6.036201 seconds (3.06 M allocations: 1.883 GiB)
548
  6.036580 seconds (2.94 M allocations: 1.831 GiB)
248
  9.386235 seconds (4.38 M allocations: 2.772 GiB)
346
  8.894863 seconds (4.08 M allocations: 2.594 GiB)
145
  9.252178 seconds (4.23 M allocations: 2.694 GiB)
997
  6.058563 seconds (3.07 M allocations: 1.888 GiB)
393
  6.125518 seconds (3.08 M allocations: 1.900 GiB)
844
  6.639688 seconds (3.41 M allocations: 2.088 GiB)
793
  9.131409 seconds (4.48 M allocations: 2.786 GiB)
294
  6.354734 seconds (2.81 M allocations: 1.810 GiB)
894
  6.870315 seconds (3.22 M allocations: 2.031 GiB)
945
  6.958744 seconds (3.29 M allocations: 2.068 GiB)
497
  7.655477 seconds (3.73 M allocations: 2.323 GiB)
693
  7.845066 seconds (3.91 M allocations: 2.417 GiB)
43
  7.182522 seconds (3.24 M allocations: 2.074 GiB)
445
  9.586500 seconds (4.94 M allocations: 3.025 GiB)
596
  6.028856 seconds (2.93 M allocations: 1.830 GiB)
549
  7.369934 seconds (3.54 M allocations: 2.218 GiB)
646
  6.061398 seconds (3.08 M allocations: 1.893 GiB)
249
  7.168464 seconds (3.59 M allocations: 2.215 GiB)
746
  9.086820 seconds (4.38 M allocations: 2.738 GiB)
193
  9.178210 seconds (4.44 M allocations: 2.773 GiB)
98
  6.376559 seconds (3.20 M allocations: 1.977 GiB)
998
  6.085287 seconds (2.81 M allocations: 1.785 GiB)
295
  8.489408 seconds (3.98 M allocations: 2.513 GiB)
146
  8.683406 seconds (3.88 M allocations: 2.492 GiB)
394
  9.611363 seconds (4.46 M allocations: 2.826 GiB)
347
  8.865537 seconds (4.04 M allocations: 2.576 GiB)
845
  6.054960 seconds (2.77 M allocations: 1.766 GiB)
694
  6.058145 seconds (2.74 M allocations: 1.750 GiB)
44
 16.169967 seconds (4.34 M allocations: 2.728 GiB, 43.51% gc time)
794
 13.084517 seconds (2.49 M allocations: 1.648 GiB, 53.77% gc time)
250
 13.126005 seconds (2.51 M allocations: 1.659 GiB, 53.60% gc time)
747
 16.106239 seconds (4.38 M allocations: 2.735 GiB, 43.68% gc time)
895
 16.121553 seconds (4.37 M allocations: 2.737 GiB, 43.64% gc time)
946
 14.786888 seconds (3.38 M allocations: 2.187 GiB, 47.58% gc time)
550
 16.080711 seconds (4.56 M allocations: 2.810 GiB, 43.75% gc time)
498
 13.396207 seconds (2.92 M allocations: 1.855 GiB, 52.51% gc time)
99
 16.064274 seconds (4.36 M allocations: 2.721 GiB, 43.79% gc time)
 13.082567 seconds (2.93 M allocations: 1.827 GiB, 53.77% gc time)
446
999
 15.112824 seconds (3.96 M allocations: 2.457 GiB, 46.55% gc time)
647
 16.143313 seconds (4.54 M allocations: 2.806 GiB, 43.58% gc time)
597
 13.093043 seconds (3.34 M allocations: 1.995 GiB, 53.73% gc time)
296
 15.264790 seconds (4.13 M allocations: 2.543 GiB, 46.09% gc time)
194
 13.673733 seconds (3.56 M allocations: 2.145 GiB, 51.45% gc time)
147
 14.679330 seconds (3.61 M allocations: 2.269 GiB, 47.92% gc time)
395
 14.551799 seconds (3.35 M allocations: 2.148 GiB, 48.34% gc time)
846
 14.650508 seconds (3.45 M allocations: 2.202 GiB, 48.02% gc time)
695
  6.035070 seconds (2.76 M allocations: 1.757 GiB)
748
  6.707118 seconds (3.28 M allocations: 2.035 GiB)
251
  6.102775 seconds (2.80 M allocations: 1.779 GiB)
947
  6.061533 seconds (2.67 M allocations: 1.721 GiB)
100
  5.723057 seconds (2.26 M allocations: 1.521 GiB)
648
  6.652480 seconds (3.14 M allocations: 1.977 GiB)
551
  6.044008 seconds (2.71 M allocations: 1.738 GiB)
1000
 16.269778 seconds (4.66 M allocations: 2.868 GiB, 43.24% gc time)
45
  7.016126 seconds (3.51 M allocations: 2.169 GiB)
499
  6.309224 seconds (2.87 M allocations: 1.832 GiB)
598
 17.458290 seconds (5.55 M allocations: 3.350 GiB, 40.30% gc time)
348
  6.387454 seconds (2.98 M allocations: 1.857 GiB)
297
  9.065596 seconds (4.64 M allocations: 2.808 GiB)
896
 11.291010 seconds (5.70 M allocations: 3.474 GiB)
795
  4.897607 seconds (2.85 M allocations: 1.645 GiB)
396
  5.719416 seconds (2.86 M allocations: 1.737 GiB)
847
  9.223693 seconds (4.04 M allocations: 2.584 GiB)
195
  4.646726 seconds (2.04 M allocations: 1.286 GiB)
649
  9.975511 seconds (4.29 M allocations: 2.763 GiB)
148
  7.487565 seconds (3.37 M allocations: 2.130 GiB)
 12.539134 seconds (5.30 M allocations: 3.442 GiB)
447
  8.036744 seconds (3.71 M allocations: 2.325 GiB)
696
  8.330035 seconds (3.90 M allocations: 2.435 GiB)
749
  7.458301 seconds (3.22 M allocations: 2.060 GiB)
  8.034512 seconds (3.73 M allocations: 2.334 GiB)
948
  6.524340 seconds (2.56 M allocations: 1.728 GiB)
349
  5.373077 seconds (2.03 M allocations: 1.391 GiB)
397
  6.242391 seconds (2.45 M allocations: 1.654 GiB)
897
  6.088042 seconds (2.53 M allocations: 1.672 GiB)
796
  9.796125 seconds (4.54 M allocations: 2.849 GiB)
101
  4.843182 seconds (2.09 M allocations: 1.361 GiB)
  9.605686 seconds (4.19 M allocations: 2.687 GiB)
196
1001
  8.540645 seconds (3.84 M allocations: 2.462 GiB)
  9.499075 seconds (4.28 M allocations: 2.714 GiB)
599
46
  8.983624 seconds (4.19 M allocations: 2.652 GiB)
500
  6.553236 seconds (3.24 M allocations: 2.010 GiB)
848
  9.029188 seconds (4.31 M allocations: 2.709 GiB)
298
  5.451755 seconds (2.83 M allocations: 1.729 GiB)
448
  8.276067 seconds (3.68 M allocations: 2.371 GiB)
650
  6.460188 seconds (3.09 M allocations: 1.937 GiB)
697
  6.347784 seconds (3.02 M allocations: 1.899 GiB)
750
  6.045246 seconds (2.93 M allocations: 1.830 GiB)
350
  8.032167 seconds (4.04 M allocations: 2.491 GiB)
149
  6.054687 seconds (2.92 M allocations: 1.822 GiB)
398
  7.707735 seconds (3.72 M allocations: 2.326 GiB)
949
  6.472429 seconds (3.10 M allocations: 1.938 GiB)
797
  6.288977 seconds (3.04 M allocations: 1.896 GiB)
  6.165226 seconds (2.71 M allocations: 1.748 GiB)
  6.394297 seconds (2.90 M allocations: 1.850 GiB)
197
  7.942150 seconds (3.76 M allocations: 2.362 GiB)
898
  5.869552 seconds (2.48 M allocations: 1.621 GiB)
849
  6.971117 seconds (3.08 M allocations: 1.986 GiB)
600
  7.806662 seconds (3.33 M allocations: 2.175 GiB)
47
  6.907969 seconds (2.81 M allocations: 1.866 GiB)
299
  4.881735 seconds (2.48 M allocations: 1.521 GiB)
651
 16.070848 seconds (2.48 M allocations: 1.572 GiB, 66.21% gc time)
698
 19.224297 seconds (3.77 M allocations: 2.427 GiB, 55.35% gc time)
501
 15.453993 seconds (2.19 M allocations: 1.393 GiB, 68.85% gc time)
150
 15.014103 seconds (2.12 M allocations: 1.318 GiB, 70.87% gc time)
950
 15.288778 seconds (2.18 M allocations: 1.371 GiB, 69.60% gc time)
798
 18.842720 seconds (3.82 M allocations: 2.410 GiB, 56.47% gc time)
449
 17.240859 seconds (3.28 M allocations: 2.026 GiB, 61.72% gc time)
351
 17.049865 seconds (3.09 M allocations: 1.927 GiB, 62.41% gc time)
399
 18.606859 seconds (3.89 M allocations: 2.418 GiB, 57.19% gc time)
751
 16.991822 seconds (2.98 M allocations: 1.877 GiB, 62.62% gc time)
198
  3.686184 seconds (1.61 M allocations: 1.045 GiB)
 16.821266 seconds (2.68 M allocations: 1.740 GiB, 63.26% gc time)
601
 16.080527 seconds (2.35 M allocations: 1.526 GiB, 66.17% gc time)
300
 17.560466 seconds (3.20 M allocations: 2.031 GiB, 60.59% gc time)
899
 17.370778 seconds (3.09 M allocations: 1.966 GiB, 61.26% gc time)
850
 16.715351 seconds (2.94 M allocations: 1.834 GiB, 63.66% gc time)
48
  6.102564 seconds (2.91 M allocations: 1.830 GiB)
  5.814799 seconds (2.77 M allocations: 1.741 GiB)
699
  4.863773 seconds (2.25 M allocations: 1.430 GiB)
951
  4.877078 seconds (2.22 M allocations: 1.420 GiB)
450
  5.208851 seconds (2.44 M allocations: 1.543 GiB)
799
  6.601865 seconds (3.16 M allocations: 1.983 GiB)
151
  3.023255 seconds (1.13 M allocations: 796.891 MiB)
49
  6.531885 seconds (2.74 M allocations: 1.804 GiB)
400
  4.382869 seconds (1.93 M allocations: 1.248 GiB)
  4.303729 seconds (1.77 M allocations: 1.172 GiB)
900
  7.012655 seconds (3.09 M allocations: 1.997 GiB)
  5.336838 seconds (2.56 M allocations: 1.607 GiB)
199
  6.874534 seconds (3.06 M allocations: 1.972 GiB)
  5.337545 seconds (2.16 M allocations: 1.441 GiB)
851
  4.488285 seconds (1.80 M allocations: 1.203 GiB)
700
  4.455529 seconds (1.77 M allocations: 1.191 GiB)
  6.140131 seconds (2.68 M allocations: 1.739 GiB)
301
  4.372320 seconds (1.88 M allocations: 1.225 GiB)
451
  4.725296 seconds (1.93 M allocations: 1.283 GiB)
800
  4.666716 seconds (1.89 M allocations: 1.263 GiB)
  3.338182 seconds (1.45 M allocations: 967.107 MiB)
401
  4.612535 seconds (1.92 M allocations: 1.267 GiB)
  4.033029 seconds (1.56 M allocations: 1.059 GiB)
50
901
  4.313371 seconds (1.73 M allocations: 1.161 GiB)
200
  3.015703 seconds (1.28 M allocations: 857.784 MiB)
701
  3.285714 seconds (1.44 M allocations: 955.295 MiB)
  4.149395 seconds (1.84 M allocations: 1.189 GiB)
  3.329383 seconds (1.31 M allocations: 903.435 MiB)
  3.016546 seconds (1.12 M allocations: 778.619 MiB)
801
  3.638577 seconds (1.17 M allocations: 837.382 MiB)
  3.017880 seconds (855.59 k allocations: 629.355 MiB)
51
  3.075801 seconds (722.47 k allocations: 560.258 MiB)
201
  3.394237 seconds (959.82 k allocations: 694.453 MiB)
  3.108031 seconds (767.05 k allocations: 575.342 MiB)
  2.976868 seconds (527.94 k allocations: 402.047 MiB)
  4.828540 seconds (306.68 k allocations: 248.495 MiB, 34.50% gc time)
  4.501609 seconds (132.90 k allocations: 147.829 MiB, 37.01% gc time)
