Graph 1 is connected.
Graph 2 is connected.
Graph 3 is connected.
Graph 4 is connected.
Graph 5 is connected.
Graph 6 is connected.
Graph 7 is connected.
Graph 8 is connected.
Graph 9 is connected.
Graph 10 is connected.
Graph 11 is connected.
Matrix 1 normalized.
Matrix 2 normalized.
Matrix 3 normalized.
Matrix 4 normalized.
Matrix 5 normalized.
Matrix 6 normalized.
Matrix 7 normalized.
Matrix 8 normalized.
Matrix 9 normalized.
Matrix 10 normalized.
Matrix 11 normalized.
Number of threads: 16
190
442
568
127
816
940
754
1
253692

878379

64
505
630316

  6.546306 seconds (532.56 k allocations: 580.489 MiB, 25.14% gc time)
569
  7.497466 seconds (812.83 k allocations: 764.519 MiB, 21.95% gc time, 1.86% compilation time)
380
  8.465605 seconds (1.16 M allocations: 982.335 MiB, 19.44% gc time, 1.64% compilation time)
631
  9.405565 seconds (1.29 M allocations: 1.080 GiB, 17.50% gc time, 1.48% compilation time)
817
  9.526326 seconds (1.59 M allocations: 1.208 GiB, 17.28% gc time, 1.46% compilation time)
191
 10.263450 seconds (1.76 M allocations: 1.334 GiB, 16.04% gc time, 1.36% compilation time)
254
 10.664562 seconds (1.96 M allocations: 1.443 GiB, 15.43% gc time, 1.31% compilation time)
443
 10.601893 seconds (1.80 M allocations: 1.375 GiB, 15.52% gc time, 1.31% compilation time)
 10.516477 seconds (1.75 M allocations: 1.350 GiB, 15.65% gc time, 1.32% compilation time)
755
879
 10.953351 seconds (2.10 M allocations: 1.522 GiB, 15.03% gc time, 1.27% compilation time)
65
 11.105066 seconds (2.38 M allocations: 1.649 GiB, 14.82% gc time, 1.25% compilation time)
941
 11.284067 seconds (2.59 M allocations: 1.747 GiB, 14.59% gc time, 1.23% compilation time)
2
 11.465094 seconds (2.60 M allocations: 1.764 GiB, 14.36% gc time, 1.21% compilation time)
506
 12.346283 seconds (2.96 M allocations: 1.975 GiB, 13.33% gc time, 1.13% compilation time)
 12.239198 seconds (2.86 M allocations: 1.927 GiB, 13.45% gc time, 1.14% compilation time)
317
693
 13.844266 seconds (3.92 M allocations: 2.469 GiB, 11.89% gc time, 1.01% compilation time)
128
  6.946466 seconds (2.47 M allocations: 1.505 GiB)
632
  8.863931 seconds (2.29 M allocations: 1.406 GiB, 25.49% gc time)
192
 10.820147 seconds (2.92 M allocations: 1.803 GiB, 20.88% gc time)
381
  9.769996 seconds (1.98 M allocations: 1.341 GiB, 23.13% gc time)
880
 14.160178 seconds (3.80 M allocations: 2.404 GiB, 15.96% gc time)
570
 11.755765 seconds (3.15 M allocations: 1.965 GiB, 19.22% gc time)
818
  7.886879 seconds (1.40 M allocations: 998.076 MiB, 28.65% gc time)
129
 10.483183 seconds (2.20 M allocations: 1.485 GiB, 21.55% gc time)
942
 11.019121 seconds (2.67 M allocations: 1.717 GiB, 20.50% gc time)
66
 10.950532 seconds (2.60 M allocations: 1.684 GiB, 20.63% gc time)
3
 12.144522 seconds (3.64 M allocations: 2.196 GiB, 18.60% gc time)
255
 11.527956 seconds (2.85 M allocations: 1.831 GiB, 19.60% gc time)
507
  4.942362 seconds (1.76 M allocations: 1.079 GiB)
193
 12.888018 seconds (3.72 M allocations: 2.285 GiB, 17.53% gc time)
444
 13.374111 seconds (3.07 M allocations: 1.960 GiB, 26.73% gc time)
318
  7.309393 seconds (2.14 M allocations: 1.313 GiB, 18.01% gc time)
382
 16.475155 seconds (4.31 M allocations: 2.688 GiB, 21.70% gc time)
756
  6.794747 seconds (2.17 M allocations: 1.286 GiB, 19.37% gc time)
571
  4.426070 seconds (1.08 M allocations: 775.323 MiB)
194
 17.045433 seconds (3.99 M allocations: 2.602 GiB, 20.98% gc time)
694
 13.104487 seconds (3.79 M allocations: 2.401 GiB, 10.04% gc time)
  8.136686 seconds (1.92 M allocations: 1.276 GiB, 16.17% gc time)
633
256
  9.762861 seconds (2.84 M allocations: 1.769 GiB, 13.48% gc time)
130
 11.124149 seconds (3.57 M allocations: 2.167 GiB, 11.83% gc time)
881
  9.546113 seconds (2.56 M allocations: 1.639 GiB, 13.79% gc time)
4
  6.394580 seconds (1.87 M allocations: 1.221 GiB)
383
  5.036302 seconds (1.60 M allocations: 1.015 GiB)
572
  7.403207 seconds (2.27 M allocations: 1.458 GiB)
319
 10.480678 seconds (3.08 M allocations: 1.917 GiB, 12.56% gc time)
508
 12.774602 seconds (4.25 M allocations: 2.564 GiB, 10.30% gc time)
819
 12.200306 seconds (3.95 M allocations: 2.398 GiB, 10.79% gc time)
67
 13.249098 seconds (4.31 M allocations: 2.620 GiB, 9.93% gc time)
943
  5.812084 seconds (2.26 M allocations: 1.341 GiB)
195
 11.710945 seconds (3.78 M allocations: 2.389 GiB)
445
  7.530211 seconds (2.67 M allocations: 1.639 GiB)
695
  8.563490 seconds (2.68 M allocations: 1.713 GiB)
634
  7.852324 seconds (2.17 M allocations: 1.455 GiB)
384
  8.268993 seconds (2.35 M allocations: 1.559 GiB)
5
  7.300243 seconds (2.09 M allocations: 1.380 GiB)
320
  7.106671 seconds (1.91 M allocations: 1.294 GiB)
509
 13.632181 seconds (4.43 M allocations: 2.792 GiB)
 10.291299 seconds (3.44 M allocations: 2.152 GiB)
257
757
 10.651967 seconds (3.67 M allocations: 2.269 GiB)
131
  8.246179 seconds (2.50 M allocations: 1.616 GiB)
820
  9.155125 seconds (3.06 M allocations: 1.913 GiB)
573
  7.662220 seconds (2.41 M allocations: 1.537 GiB)
196
 11.227690 seconds (3.99 M allocations: 2.441 GiB)
  8.870165 seconds (2.87 M allocations: 1.814 GiB)
882
68
  8.950585 seconds (3.06 M allocations: 1.893 GiB)
944
  7.811137 seconds (2.83 M allocations: 1.720 GiB)
446
 32.578540 seconds (3.04 M allocations: 1.947 GiB, 69.91% gc time)
696
 28.918514 seconds (2.17 M allocations: 1.325 GiB, 78.76% gc time)
321
 28.077611 seconds (1.56 M allocations: 1.022 GiB, 81.12% gc time)
821
 29.990967 seconds (2.71 M allocations: 1.627 GiB, 75.94% gc time)
385
 27.543633 seconds (1.31 M allocations: 901.265 MiB, 82.69% gc time)
69
 27.451558 seconds (1.27 M allocations: 876.659 MiB, 82.97% gc time)
945
 31.712855 seconds (2.82 M allocations: 1.800 GiB, 71.82% gc time)
758
 32.262517 seconds (3.19 M allocations: 1.988 GiB, 70.60% gc time)
510
 30.571614 seconds (2.25 M allocations: 1.486 GiB, 74.50% gc time)
197
 31.539184 seconds (2.84 M allocations: 1.798 GiB, 72.21% gc time)
132
 34.587179 seconds (4.38 M allocations: 2.647 GiB, 65.85% gc time)
635
 32.698054 seconds (3.43 M allocations: 2.123 GiB, 69.65% gc time)
258
  4.341962 seconds (1.65 M allocations: 1013.994 MiB)
822
  8.701722 seconds (2.67 M allocations: 1.726 GiB)
447
  7.138141 seconds (2.37 M allocations: 1.490 GiB)
322
  5.986292 seconds (1.84 M allocations: 1.188 GiB)
946
 37.474796 seconds (5.21 M allocations: 3.192 GiB, 60.78% gc time)
6
  4.391828 seconds (1.44 M allocations: 929.350 MiB)
198
  8.686341 seconds (3.11 M allocations: 1.903 GiB)
697
  5.244823 seconds (1.59 M allocations: 1.030 GiB)
259
  4.523628 seconds (1.35 M allocations: 897.888 MiB)
823
  8.921283 seconds (3.14 M allocations: 1.934 GiB)
386
 38.034416 seconds (4.85 M allocations: 3.090 GiB, 59.88% gc time)
883
 39.761569 seconds (5.55 M allocations: 3.500 GiB, 57.28% gc time)
574
  4.688257 seconds (1.52 M allocations: 982.217 MiB)
7
 11.261301 seconds (3.68 M allocations: 2.318 GiB)
70
 10.742324 seconds (3.55 M allocations: 2.230 GiB)
511
 12.946649 seconds (3.08 M allocations: 1.988 GiB, 21.92% gc time)
636
 13.851265 seconds (3.44 M allocations: 2.202 GiB, 20.49% gc time)
133
 15.035129 seconds (4.22 M allocations: 2.606 GiB, 18.87% gc time)
759
  7.225006 seconds (1.30 M allocations: 868.120 MiB, 39.27% gc time)
884
 10.026954 seconds (2.30 M allocations: 1.457 GiB, 28.30% gc time)
698
 10.471543 seconds (2.61 M allocations: 1.616 GiB, 27.10% gc time)
  8.850271 seconds (1.94 M allocations: 1.224 GiB, 32.06% gc time)
199
824
 12.758026 seconds (3.46 M allocations: 2.131 GiB, 22.24% gc time)
448
 11.936886 seconds (3.60 M allocations: 2.127 GiB, 23.77% gc time)
323
 11.936598 seconds (3.28 M allocations: 1.995 GiB, 23.77% gc time)
947
  4.348790 seconds (1.80 M allocations: 1.048 GiB)
512
  4.337730 seconds (1.47 M allocations: 935.702 MiB)
885
  4.341227 seconds (1.43 M allocations: 919.729 MiB)
699
 13.417312 seconds (3.47 M allocations: 2.182 GiB, 21.15% gc time)
387
  4.343472 seconds (1.33 M allocations: 880.405 MiB)
825
 11.552155 seconds (3.34 M allocations: 1.994 GiB, 24.56% gc time)
575
  6.747348 seconds (1.71 M allocations: 1.187 GiB)
449
  8.664569 seconds (2.95 M allocations: 1.833 GiB)
637
  8.684087 seconds (3.04 M allocations: 1.873 GiB)
134
  4.345702 seconds (1.40 M allocations: 908.029 MiB)
886
  5.609951 seconds (1.80 M allocations: 1.143 GiB)
513
  5.208471 seconds (1.51 M allocations: 1019.536 MiB)
700
  9.151996 seconds (2.72 M allocations: 1.775 GiB)
324
  9.020490 seconds (2.70 M allocations: 1.759 GiB)
948
  6.636909 seconds (1.91 M allocations: 1.260 GiB)
826
 17.711256 seconds (5.00 M allocations: 3.116 GiB, 16.02% gc time)
8
  4.584600 seconds (1.60 M allocations: 1008.206 MiB)
450
 22.888017 seconds (6.63 M allocations: 4.157 GiB, 12.40% gc time)
260
  9.398804 seconds (2.80 M allocations: 1.822 GiB)
388
 13.991873 seconds (4.39 M allocations: 2.805 GiB)
760
 14.463741 seconds (4.45 M allocations: 2.866 GiB)
200
  4.584057 seconds (1.22 M allocations: 849.271 MiB)
827
 12.969912 seconds (2.23 M allocations: 1.451 GiB, 42.20% gc time)
514
 14.510146 seconds (2.83 M allocations: 1.806 GiB, 37.72% gc time)
 14.308087 seconds (2.72 M allocations: 1.748 GiB, 38.25% gc time)
638
135
 11.196477 seconds (1.81 M allocations: 1.153 GiB, 48.88% gc time)
9
 12.667378 seconds (2.25 M allocations: 1.440 GiB, 43.21% gc time)
949
 29.829935 seconds (7.32 M allocations: 4.546 GiB, 27.86% gc time)
71
 15.361606 seconds (3.35 M allocations: 2.083 GiB, 35.63% gc time)
887
 12.778154 seconds (2.38 M allocations: 1.501 GiB, 42.83% gc time)
451
  4.473614 seconds (1.14 M allocations: 809.803 MiB)
515
 21.772525 seconds (4.95 M allocations: 3.202 GiB, 25.14% gc time)
576
 17.158130 seconds (3.78 M allocations: 2.388 GiB, 31.90% gc time)
325
 13.763419 seconds (2.62 M allocations: 1.669 GiB, 39.77% gc time)
761
  4.370849 seconds (1.16 M allocations: 809.289 MiB)
888
  6.380917 seconds (2.36 M allocations: 1.429 GiB)
828
 14.138593 seconds (2.93 M allocations: 1.825 GiB, 38.71% gc time)
201
  5.966802 seconds (1.76 M allocations: 1.150 GiB)
10
 21.020437 seconds (5.13 M allocations: 3.219 GiB, 26.04% gc time)
701
  8.667778 seconds (2.72 M allocations: 1.741 GiB)
136
  4.423897 seconds (1.54 M allocations: 973.879 MiB)
516
  4.633749 seconds (1.70 M allocations: 1.029 GiB)
577
 18.134469 seconds (4.25 M allocations: 2.651 GiB, 30.18% gc time)
389
  9.086560 seconds (3.18 M allocations: 1.957 GiB)
950
  9.298314 seconds (3.00 M allocations: 1.899 GiB)
72
  8.181535 seconds (2.79 M allocations: 1.734 GiB)
452
  5.154211 seconds (1.89 M allocations: 1.144 GiB)
829
 20.826516 seconds (5.43 M allocations: 3.333 GiB, 26.28% gc time)
261
  8.817591 seconds (2.95 M allocations: 1.844 GiB)
326
 14.420355 seconds (4.76 M allocations: 2.990 GiB)
639
  5.371249 seconds (1.77 M allocations: 1.114 GiB)
702
  8.994473 seconds (3.23 M allocations: 1.973 GiB)
762
  9.250244 seconds (3.25 M allocations: 2.000 GiB)
889
  7.635735 seconds (2.82 M allocations: 1.707 GiB)
11
  6.534014 seconds (2.38 M allocations: 1.449 GiB)
517
  6.202259 seconds (2.21 M allocations: 1.353 GiB)
390
 14.722251 seconds (3.51 M allocations: 2.114 GiB, 36.05% gc time)
202
 10.942225 seconds (1.86 M allocations: 1.165 GiB, 48.51% gc time)
830
 14.074675 seconds (3.00 M allocations: 1.859 GiB, 37.71% gc time)
578
 10.147499 seconds (1.58 M allocations: 1020.597 MiB, 52.31% gc time)
703
 15.942353 seconds (3.73 M allocations: 2.294 GiB, 33.29% gc time)
137
 10.881140 seconds (2.07 M allocations: 1.250 GiB, 48.78% gc time)
327
 14.338298 seconds (3.16 M allocations: 1.944 GiB, 37.02% gc time)
73
 13.794934 seconds (2.86 M allocations: 1.783 GiB, 38.48% gc time)
262
 16.652056 seconds (3.88 M allocations: 2.406 GiB, 31.88% gc time)
951
  4.361974 seconds (1.32 M allocations: 873.686 MiB)
831
  4.344601 seconds (1.40 M allocations: 905.737 MiB)
579
  4.403983 seconds (1.15 M allocations: 806.101 MiB)
328
  7.553882 seconds (2.19 M allocations: 1.439 GiB)
203
  8.722483 seconds (2.74 M allocations: 1.747 GiB)
518
  8.681687 seconds (2.69 M allocations: 1.727 GiB)
391
 20.017396 seconds (4.91 M allocations: 3.068 GiB, 26.52% gc time)
453
  4.393442 seconds (1.28 M allocations: 860.110 MiB)
832
  6.767652 seconds (2.32 M allocations: 1.437 GiB)
704
  4.370375 seconds (1.40 M allocations: 907.090 MiB)
580
 18.564847 seconds (4.48 M allocations: 2.786 GiB, 28.59% gc time)
763
 18.561239 seconds (4.48 M allocations: 2.784 GiB, 28.60% gc time)
890
  8.754972 seconds (2.67 M allocations: 1.719 GiB)
263
 10.706842 seconds (3.27 M allocations: 2.105 GiB)
138
  4.569681 seconds (1.34 M allocations: 895.873 MiB)
454
  8.758398 seconds (2.70 M allocations: 1.731 GiB)
952
  4.391366 seconds (1.41 M allocations: 912.603 MiB)
833
  9.809004 seconds (2.49 M allocations: 1.533 GiB, 26.80% gc time)
329
 26.651449 seconds (6.26 M allocations: 3.904 GiB, 29.78% gc time)
640
 15.744168 seconds (4.06 M allocations: 2.600 GiB, 16.69% gc time)
74
 11.381490 seconds (2.84 M allocations: 1.788 GiB, 23.09% gc time)
519
 11.363162 seconds (2.83 M allocations: 1.782 GiB, 23.13% gc time)
392
  7.524228 seconds (1.55 M allocations: 1011.053 MiB, 34.93% gc time)
  4.631814 seconds (1.17 M allocations: 832.734 MiB)
139
834
  5.071685 seconds (1.59 M allocations: 1.015 GiB)
455
  4.633620 seconds (1.43 M allocations: 943.918 MiB)
330
 29.302140 seconds (7.16 M allocations: 4.464 GiB, 27.08% gc time)
12
 11.354987 seconds (2.80 M allocations: 1.772 GiB, 23.15% gc time)
264
  4.683022 seconds (1.57 M allocations: 1003.569 MiB)
75
 13.090293 seconds (3.52 M allocations: 2.191 GiB, 20.08% gc time)
764
 12.888364 seconds (3.49 M allocations: 2.167 GiB, 20.39% gc time)
891
  8.704242 seconds (2.80 M allocations: 1.775 GiB)
953
 18.673302 seconds (5.49 M allocations: 3.401 GiB, 14.08% gc time)
204
  4.359137 seconds (1.39 M allocations: 904.350 MiB)
331
  6.077188 seconds (1.98 M allocations: 1.250 GiB)
140
 18.451479 seconds (5.15 M allocations: 3.245 GiB, 14.25% gc time)
705
  8.687074 seconds (2.84 M allocations: 1.789 GiB)
520
  8.693386 seconds (2.84 M allocations: 1.789 GiB)
393
  4.351346 seconds (1.53 M allocations: 962.025 MiB)
76
  7.844294 seconds (2.70 M allocations: 1.671 GiB)
456
  5.288519 seconds (1.08 M allocations: 832.223 MiB)
  6.397276 seconds (2.28 M allocations: 1.395 GiB)
  5.341564 seconds (925.54 k allocations: 757.543 MiB)
  4.892852 seconds (479.94 k allocations: 534.351 MiB)
  6.791558 seconds (1.35 M allocations: 1.014 GiB)
  9.091341 seconds (3.03 M allocations: 1.897 GiB)
 14.927567 seconds (4.09 M allocations: 2.712 GiB)
  8.470495 seconds (2.08 M allocations: 1.449 GiB)
  8.627893 seconds (1.79 M allocations: 1.317 GiB)
 21.577348 seconds (5.89 M allocations: 3.769 GiB, 12.18% gc time)
  7.849149 seconds (2.29 M allocations: 1.502 GiB)  6.306369 seconds (1.74 M allocations: 1.165 GiB)

835
954
13
765
706
581
77
641
332
265
892
141
  7.827949 seconds (1.72 M allocations: 1.211 GiB)
205
 10.035804 seconds (2.64 M allocations: 1.551 GiB, 26.23% gc time)
394
 11.551120 seconds (3.02 M allocations: 1.817 GiB, 22.79% gc time)
521
  4.349520 seconds (1.41 M allocations: 910.729 MiB)
707
  4.361922 seconds (1.37 M allocations: 897.857 MiB)
78
  4.355480 seconds (1.33 M allocations: 880.492 MiB)
142
  4.344720 seconds (1.26 M allocations: 848.301 MiB)
582
  7.990047 seconds (1.83 M allocations: 1.324 GiB)
14
  8.709074 seconds (2.60 M allocations: 1.694 GiB)
457
  8.759789 seconds (2.23 M allocations: 1.546 GiB)
266
  8.733345 seconds (2.17 M allocations: 1.516 GiB)
333
  4.571860 seconds (1.06 M allocations: 781.718 MiB)
708
  4.621925 seconds (1.08 M allocations: 794.006 MiB)
583
  4.896274 seconds (1.38 M allocations: 935.662 MiB)
143
  8.711057 seconds (2.53 M allocations: 1.663 GiB)
395
 10.504970 seconds (3.18 M allocations: 2.060 GiB)
642
 10.750410 seconds (3.17 M allocations: 2.072 GiB)
766
  9.543417 seconds (2.89 M allocations: 1.871 GiB)
522
  4.402229 seconds (1.76 M allocations: 1.040 GiB)
15
  4.626358 seconds (1.30 M allocations: 885.851 MiB)
584
  6.805810 seconds (1.29 M allocations: 883.019 MiB, 31.82% gc time)
144
  7.523513 seconds (1.71 M allocations: 1.084 GiB, 28.79% gc time)
709
 10.886545 seconds (2.58 M allocations: 1.682 GiB, 19.89% gc time)
458
 10.905479 seconds (2.46 M allocations: 1.636 GiB, 19.86% gc time)
267
 10.904405 seconds (2.46 M allocations: 1.638 GiB, 19.86% gc time)
334
 20.215761 seconds (5.52 M allocations: 3.559 GiB, 10.71% gc time)
893
 20.513556 seconds (5.29 M allocations: 3.488 GiB, 10.56% gc time)
206
 20.765079 seconds (5.41 M allocations: 3.553 GiB, 10.43% gc time)
836
  4.578134 seconds (1.21 M allocations: 845.062 MiB)
145
 14.729111 seconds (2.82 M allocations: 1.799 GiB, 39.05% gc time)
396
  8.574602 seconds (1.60 M allocations: 1.013 GiB, 41.81% gc time)
710
 14.945097 seconds (2.98 M allocations: 1.880 GiB, 38.48% gc time)
643
 13.762398 seconds (2.59 M allocations: 1.635 GiB, 41.79% gc time)
16
 11.116421 seconds (2.54 M allocations: 1.584 GiB, 32.25% gc time)
585
 27.695485 seconds (6.77 M allocations: 4.352 GiB, 20.77% gc time)
955
 23.674557 seconds (5.61 M allocations: 3.586 GiB, 24.29% gc time)
79
  8.053356 seconds (1.71 M allocations: 1.022 GiB, 44.52% gc time)
894
 15.855784 seconds (3.58 M allocations: 2.192 GiB, 36.27% gc time)
523
  7.972055 seconds (1.82 M allocations: 1.064 GiB, 44.97% gc time)
207
  4.348513 seconds (1.71 M allocations: 1.016 GiB)
837
  4.419188 seconds (1.68 M allocations: 1.010 GiB)
711
 12.354482 seconds (3.29 M allocations: 1.981 GiB, 29.02% gc time)
459
 12.288265 seconds (3.08 M allocations: 1.892 GiB, 29.18% gc time)
335
  4.416960 seconds (1.31 M allocations: 878.172 MiB)
895
 21.094043 seconds (5.12 M allocations: 3.204 GiB, 27.26% gc time)
767
  4.347047 seconds (1.21 M allocations: 827.390 MiB)
838
  4.898165 seconds (1.32 M allocations: 917.318 MiB)
208
  4.518268 seconds (1.25 M allocations: 857.736 MiB)
712
 11.228770 seconds (3.75 M allocations: 2.349 GiB)
146
 16.427628 seconds (4.54 M allocations: 2.791 GiB, 21.82% gc time)
268
 10.203756 seconds (3.37 M allocations: 2.119 GiB)
17
  8.818031 seconds (2.66 M allocations: 1.727 GiB)
80
  4.997818 seconds (1.56 M allocations: 1.001 GiB)
896
 13.009098 seconds (4.47 M allocations: 2.776 GiB)
397
 13.016902 seconds (4.34 M allocations: 2.723 GiB)
644
  4.388498 seconds (1.39 M allocations: 911.127 MiB)
713
 24.872311 seconds (4.34 M allocations: 2.720 GiB, 47.65% gc time)
586
 20.405045 seconds (2.85 M allocations: 1.785 GiB, 58.09% gc time)
460
 18.206095 seconds (2.02 M allocations: 1.284 GiB, 65.10% gc time)
209
 17.484010 seconds (1.94 M allocations: 1.199 GiB, 67.79% gc time)
147
 24.902359 seconds (4.24 M allocations: 2.680 GiB, 47.60% gc time)
524
 16.388480 seconds (1.55 M allocations: 984.465 MiB, 72.32% gc time)
897
 22.155194 seconds (3.64 M allocations: 2.236 GiB, 53.50% gc time)
336
 17.486704 seconds (2.07 M allocations: 1.255 GiB, 67.78% gc time)
18
 27.743594 seconds (5.34 M allocations: 3.337 GiB, 42.72% gc time)
956
 22.473476 seconds (3.60 M allocations: 2.240 GiB, 52.74% gc time)
839
 24.087431 seconds (4.11 M allocations: 2.569 GiB, 49.21% gc time)
768
 20.133156 seconds (2.89 M allocations: 1.781 GiB, 58.87% gc time)
81
  4.603294 seconds (1.68 M allocations: 1.019 GiB)
461
  4.347596 seconds (1.61 M allocations: 1000.499 MiB)
148
  4.344698 seconds (1.54 M allocations: 967.393 MiB)
898
  7.751119 seconds (2.46 M allocations: 1.570 GiB)
210
 24.147368 seconds (4.14 M allocations: 2.584 GiB, 49.08% gc time)
269
  7.612818 seconds (2.02 M allocations: 1.375 GiB)
19
  4.565504 seconds (998.06 k allocations: 754.267 MiB)
149
 11.888625 seconds (3.81 M allocations: 2.418 GiB)
  8.730551 seconds (2.50 M allocations: 1.653 GiB)
337
714
 24.883689 seconds (4.31 M allocations: 2.703 GiB, 47.63% gc time)
645
  5.384868 seconds (1.46 M allocations: 1011.724 MiB)
899
  6.915550 seconds (2.07 M allocations: 1.348 GiB)
462
  8.715482 seconds (2.78 M allocations: 1.767 GiB)
840
 13.049410 seconds (4.59 M allocations: 2.822 GiB)
587
 27.821408 seconds (5.45 M allocations: 3.382 GiB, 42.60% gc time)
398
  5.252529 seconds (1.84 M allocations: 1.130 GiB)
270
 13.036985 seconds (4.47 M allocations: 2.772 GiB)
525
  5.759160 seconds (2.10 M allocations: 1.277 GiB)
211
  9.839317 seconds (3.53 M allocations: 2.157 GiB)
769
  9.870357 seconds (3.57 M allocations: 2.173 GiB)
82
  6.047159 seconds (2.39 M allocations: 1.414 GiB)
150
 26.354903 seconds (4.50 M allocations: 2.811 GiB, 48.91% gc time)
957
 18.730297 seconds (1.93 M allocations: 1.210 GiB, 68.82% gc time)
463
 21.751972 seconds (3.18 M allocations: 1.941 GiB, 59.26% gc time)
20
 18.925736 seconds (1.71 M allocations: 1.132 GiB, 68.11% gc time)
 19.998907 seconds (2.23 M allocations: 1.422 GiB, 64.46% gc time)
399
841
 18.237376 seconds (1.35 M allocations: 957.846 MiB, 70.68% gc time)
212
 17.846393 seconds (1.28 M allocations: 897.178 MiB, 72.23% gc time)
83
 22.925149 seconds (3.60 M allocations: 2.195 GiB, 56.23% gc time)
338
 22.785370 seconds (3.45 M allocations: 2.124 GiB, 56.57% gc time)
900
 23.733746 seconds (3.77 M allocations: 2.321 GiB, 54.31% gc time)
646
 24.767287 seconds (4.20 M allocations: 2.573 GiB, 52.05% gc time)
715
 22.370668 seconds (3.11 M allocations: 1.952 GiB, 57.62% gc time)
271
  6.516322 seconds (2.20 M allocations: 1.370 GiB)
151
  4.376432 seconds (1.27 M allocations: 851.491 MiB)
84
  4.499135 seconds (1.37 M allocations: 903.172 MiB)
213
 24.179346 seconds (3.62 M allocations: 2.292 GiB, 53.31% gc time)
526
  5.710884 seconds (1.89 M allocations: 1.183 GiB)
400
 24.267565 seconds (3.75 M allocations: 2.350 GiB, 53.12% gc time)
770
 26.643386 seconds (4.80 M allocations: 2.956 GiB, 48.38% gc time)
588
  7.954524 seconds (2.99 M allocations: 1.796 GiB)
21
 11.943931 seconds (3.81 M allocations: 2.419 GiB)
958
  5.953795 seconds (1.77 M allocations: 1.157 GiB)
716
  9.982805 seconds (3.25 M allocations: 2.048 GiB)
842
  4.665223 seconds (1.32 M allocations: 895.282 MiB)
401
  6.268342 seconds (1.98 M allocations: 1.262 GiB)
85
  8.716939 seconds (2.94 M allocations: 1.831 GiB)
647
  8.682919 seconds (2.80 M allocations: 1.774 GiB)
272
 11.569983 seconds (3.77 M allocations: 2.378 GiB)
339
 11.734658 seconds (3.79 M allocations: 2.398 GiB)
901
 15.953759 seconds (5.30 M allocations: 3.319 GiB)
464
  4.524461 seconds (1.44 M allocations: 937.113 MiB)
717
  8.718210 seconds (2.79 M allocations: 1.768 GiB)
527
  8.694526 seconds (2.79 M allocations: 1.769 GiB)
771
 11.417059 seconds (3.86 M allocations: 2.404 GiB)
152
  5.738310 seconds (2.08 M allocations: 1.266 GiB)
  5.136829 seconds (1.88 M allocations: 1.140 GiB)
843
402
  8.926173 seconds (2.03 M allocations: 1.211 GiB, 40.81% gc time)
86
 14.362714 seconds (3.54 M allocations: 2.222 GiB, 25.36% gc time)
589
  8.023771 seconds (1.00 M allocations: 742.375 MiB, 45.40% gc time)
153
 12.260770 seconds (2.66 M allocations: 1.708 GiB, 29.71% gc time)
648
  4.337687 seconds (1.01 M allocations: 746.181 MiB)
844
  4.490544 seconds (1.09 M allocations: 791.816 MiB)
403
 12.244831 seconds (2.92 M allocations: 1.819 GiB, 29.75% gc time)
273
 15.414597 seconds (4.06 M allocations: 2.513 GiB, 23.63% gc time)
959
 12.056619 seconds (2.92 M allocations: 1.806 GiB, 30.21% gc time)
340
 10.691295 seconds (2.64 M allocations: 1.594 GiB, 34.07% gc time)
465
 12.580323 seconds (3.23 M allocations: 1.973 GiB, 28.95% gc time)
902
  6.213039 seconds (1.91 M allocations: 1.236 GiB)
87
  4.458766 seconds (1.68 M allocations: 1.015 GiB)
154
  4.348765 seconds (1.51 M allocations: 959.553 MiB)
845
  4.383805 seconds (1.47 M allocations: 943.370 MiB)
404
 15.380308 seconds (3.80 M allocations: 2.410 GiB, 23.68% gc time)
528
 25.559859 seconds (7.29 M allocations: 4.574 GiB, 14.25% gc time)
214
  5.234031 seconds (1.25 M allocations: 911.335 MiB)
88
  7.164589 seconds (1.96 M allocations: 1.320 GiB)
274
  8.644864 seconds (2.94 M allocations: 1.832 GiB)
649
 10.974339 seconds (3.57 M allocations: 2.260 GiB)
590
  4.494879 seconds (1.28 M allocations: 871.174 MiB)
405
  8.678757 seconds (2.72 M allocations: 1.746 GiB)
960
 18.519023 seconds (4.85 M allocations: 3.067 GiB, 19.67% gc time)
772
  5.516032 seconds (1.84 M allocations: 1.156 GiB)
155
  8.687387 seconds (2.84 M allocations: 1.794 GiB)
341
 25.938401 seconds (7.79 M allocations: 4.808 GiB, 14.04% gc time)
22
  8.693474 seconds (2.94 M allocations: 1.839 GiB)
903
  7.169117 seconds (1.98 M allocations: 1.156 GiB, 34.14% gc time)
215
  7.557250 seconds (2.02 M allocations: 1.202 GiB, 32.38% gc time)
89
  7.256028 seconds (1.88 M allocations: 1.122 GiB, 33.73% gc time)
275
  7.255624 seconds (1.58 M allocations: 1021.758 MiB, 33.73% gc time)
406
 12.490916 seconds (3.37 M allocations: 2.112 GiB, 19.59% gc time)
846
 26.879002 seconds (7.15 M allocations: 4.440 GiB, 22.66% gc time)
718
 11.129357 seconds (3.19 M allocations: 1.938 GiB, 21.99% gc time)
529
  4.371192 seconds (1.27 M allocations: 857.773 MiB)
216
  9.078761 seconds (1.91 M allocations: 1.264 GiB, 26.96% gc time)
23
 11.135980 seconds (3.08 M allocations: 1.892 GiB, 21.98% gc time)
591
 11.151735 seconds (2.63 M allocations: 1.707 GiB, 21.95% gc time)
342
  5.326932 seconds (1.64 M allocations: 1.055 GiB)
276
  6.153159 seconds (1.90 M allocations: 1.222 GiB)
90
  4.788705 seconds (1.49 M allocations: 977.292 MiB)
847
  8.705702 seconds (2.80 M allocations: 1.780 GiB)
904
 15.062595 seconds (4.41 M allocations: 2.719 GiB, 16.25% gc time)
650
  4.359927 seconds (1.34 M allocations: 884.505 MiB)
24
 22.745561 seconds (6.86 M allocations: 4.283 GiB, 10.76% gc time)
466
  7.456949 seconds (2.27 M allocations: 1.465 GiB)
719
 15.856933 seconds (4.47 M allocations: 2.800 GiB, 15.43% gc time)
961
  8.681586 seconds (2.71 M allocations: 1.735 GiB)
530
 16.301493 seconds (4.40 M allocations: 2.805 GiB, 15.01% gc time)
156
  5.134130 seconds (1.85 M allocations: 1.129 GiB)
277
 18.707394 seconds (5.09 M allocations: 3.262 GiB, 13.08% gc time)
  8.206770 seconds (2.62 M allocations: 1.664 GiB)
773
592
  7.337612 seconds (2.38 M allocations: 1.506 GiB)
91
  8.522665 seconds (2.91 M allocations: 1.810 GiB)
343
  6.073210 seconds (1.99 M allocations: 1.252 GiB)
651
  4.525856 seconds (1.38 M allocations: 911.015 MiB)
531
  8.856885 seconds (2.84 M allocations: 1.803 GiB)
848
 14.178235 seconds (4.72 M allocations: 2.956 GiB)
407
 12.360528 seconds (4.26 M allocations: 2.639 GiB)
217
  5.912970 seconds (2.10 M allocations: 1.289 GiB)
962
  7.753098 seconds (2.69 M allocations: 1.663 GiB)
720
  4.347052 seconds (1.53 M allocations: 963.046 MiB)
92
 19.272486 seconds (1.40 M allocations: 908.927 MiB, 77.31% gc time)
652
 25.973198 seconds (3.72 M allocations: 2.320 GiB, 57.37% gc time)
25
 28.035520 seconds (4.34 M allocations: 2.725 GiB, 53.15% gc time)
905
 19.341795 seconds (1.17 M allocations: 817.971 MiB, 77.03% gc time)
218
 24.535264 seconds (3.16 M allocations: 1.987 GiB, 60.73% gc time)
157
 23.751327 seconds (2.95 M allocations: 1.845 GiB, 62.73% gc time)
774
 23.559280 seconds (2.79 M allocations: 1.769 GiB, 63.24% gc time)
344
  4.375341 seconds (1.35 M allocations: 889.302 MiB)
93
 22.236878 seconds (2.37 M allocations: 1.499 GiB, 67.00% gc time)
408
  4.334712 seconds (1.53 M allocations: 962.361 MiB)
653
 24.677786 seconds (2.86 M allocations: 1.872 GiB, 60.38% gc time)
849
  6.478703 seconds (1.85 M allocations: 1.225 GiB)
26
 24.973918 seconds (2.92 M allocations: 1.919 GiB, 59.66% gc time)
963
  4.730228 seconds (1.44 M allocations: 949.381 MiB)
775
 29.322924 seconds (4.71 M allocations: 2.967 GiB, 50.81% gc time)
593
 31.285995 seconds (5.26 M allocations: 3.335 GiB, 47.62% gc time)
  4.631101 seconds (1.34 M allocations: 903.015 MiB)
94
278
  4.545542 seconds (1.42 M allocations: 928.782 MiB)
654
 34.724170 seconds (6.79 M allocations: 4.211 GiB, 42.91% gc time)
467
  8.712910 seconds (2.99 M allocations: 1.854 GiB)
906
  8.739553 seconds (2.96 M allocations: 1.839 GiB)
219
  8.721457 seconds (2.95 M allocations: 1.837 GiB)
158
  8.705712 seconds (2.85 M allocations: 1.789 GiB)
345
  8.474709 seconds (2.76 M allocations: 1.736 GiB)
409
 31.253842 seconds (5.35 M allocations: 3.366 GiB, 47.67% gc time)
532
  4.384957 seconds (1.42 M allocations: 916.598 MiB)
279
  4.568429 seconds (1.57 M allocations: 994.473 MiB)
594
  4.361912 seconds (1.64 M allocations: 1007.109 MiB)
655
  7.747204 seconds (1.56 M allocations: 989.209 MiB, 40.48% gc time)
468
 11.064161 seconds (2.74 M allocations: 1.690 GiB, 28.35% gc time)
776
 12.760871 seconds (3.27 M allocations: 2.032 GiB, 24.58% gc time)
27
 36.295741 seconds (5.95 M allocations: 3.749 GiB, 49.69% gc time)
721
  7.915411 seconds (1.28 M allocations: 886.551 MiB, 39.62% gc time)
280
 12.819200 seconds (3.24 M allocations: 2.022 GiB, 24.47% gc time)
95
  4.379880 seconds (1.27 M allocations: 854.151 MiB)
656
 15.218893 seconds (4.41 M allocations: 2.676 GiB, 20.61% gc time)
850
 11.885931 seconds (2.75 M allocations: 1.753 GiB, 26.39% gc time)
220
 11.870345 seconds (2.74 M allocations: 1.748 GiB, 26.42% gc time)
159
 10.267578 seconds (2.62 M allocations: 1.585 GiB, 30.55% gc time)
410
 13.779570 seconds (3.69 M allocations: 2.275 GiB, 22.76% gc time)
907
  4.368310 seconds (1.69 M allocations: 1.006 GiB)
777
  4.606059 seconds (1.51 M allocations: 971.823 MiB)
281
 19.440039 seconds (5.61 M allocations: 3.469 GiB, 16.13% gc time)
964
 13.965586 seconds (3.37 M allocations: 2.159 GiB, 22.46% gc time)
533
 15.033415 seconds (4.07 M allocations: 2.523 GiB, 20.86% gc time)
346
  6.248134 seconds (2.06 M allocations: 1.293 GiB)
96
  5.975247 seconds (1.71 M allocations: 1.130 GiB)
851
  6.700105 seconds (2.23 M allocations: 1.395 GiB)
657
  4.518505 seconds (1.42 M allocations: 926.101 MiB)
778
  4.784342 seconds (1.44 M allocations: 955.846 MiB)
282
 10.658401 seconds (3.43 M allocations: 2.171 GiB)
28
  8.711531 seconds (2.53 M allocations: 1.663 GiB)
221
  8.720293 seconds (2.56 M allocations: 1.676 GiB)
160
 13.135743 seconds (4.56 M allocations: 2.811 GiB)
469
 17.978622 seconds (5.10 M allocations: 3.155 GiB, 17.44% gc time)
595
 11.800055 seconds (4.30 M allocations: 2.610 GiB)
722
  5.281365 seconds (2.17 M allocations: 1.270 GiB)
965
  6.435525 seconds (1.95 M allocations: 1.259 GiB)
852
  6.379361 seconds (1.93 M allocations: 1.248 GiB)
  4.396500 seconds (1.27 M allocations: 855.253 MiB)
658
29
  7.841676 seconds (2.66 M allocations: 1.654 GiB)
97
  4.356910 seconds (1.04 M allocations: 756.213 MiB)
966
  9.461734 seconds (3.41 M allocations: 2.077 GiB)
534
 12.996506 seconds (4.40 M allocations: 2.738 GiB)
908
 14.594644 seconds (4.90 M allocations: 3.057 GiB)
411
  7.600577 seconds (2.40 M allocations: 1.534 GiB)
161
  7.273323 seconds (2.16 M allocations: 1.409 GiB)
596
  8.831550 seconds (2.83 M allocations: 1.798 GiB)
222
 12.878754 seconds (4.39 M allocations: 2.729 GiB)
347
 11.482160 seconds (3.90 M allocations: 2.428 GiB)
779
 15.118774 seconds (2.04 M allocations: 1.277 GiB, 59.46% gc time)
853
 15.377634 seconds (2.15 M allocations: 1.341 GiB, 58.46% gc time)
659
 19.990704 seconds (3.17 M allocations: 2.091 GiB, 44.97% gc time)
723
 21.795849 seconds (4.09 M allocations: 2.599 GiB, 41.24% gc time)
283
 21.733424 seconds (4.01 M allocations: 2.562 GiB, 41.36% gc time)
470
 17.362350 seconds (2.63 M allocations: 1.679 GiB, 51.78% gc time)
967
 18.223303 seconds (2.89 M allocations: 1.849 GiB, 49.33% gc time)
98
 14.715327 seconds (1.74 M allocations: 1.124 GiB, 61.09% gc time)
597
 16.636250 seconds (2.42 M allocations: 1.540 GiB, 54.04% gc time)
162
 18.508415 seconds (3.02 M allocations: 1.923 GiB, 48.57% gc time)
909
  5.644446 seconds (1.74 M allocations: 1.119 GiB)
660
 21.243347 seconds (4.07 M allocations: 2.548 GiB, 42.32% gc time)
30
 20.187524 seconds (3.57 M allocations: 2.267 GiB, 44.53% gc time)
535
 17.329003 seconds (2.80 M allocations: 1.745 GiB, 51.88% gc time)
223
  4.895157 seconds (1.79 M allocations: 1.087 GiB)
284
  5.660377 seconds (2.21 M allocations: 1.312 GiB)
724
 17.759602 seconds (3.10 M allocations: 1.898 GiB, 50.62% gc time)
348
  4.377381 seconds (1.71 M allocations: 1.013 GiB)
968
 20.943695 seconds (4.32 M allocations: 2.629 GiB, 42.92% gc time)
  8.732715 seconds (3.32 M allocations: 1.991 GiB)
412
780
  7.820632 seconds (2.81 M allocations: 1.698 GiB)
471
  7.206601 seconds (2.43 M allocations: 1.498 GiB)
598
  6.156726 seconds (2.10 M allocations: 1.285 GiB)
661
  5.492495 seconds (1.32 M allocations: 941.792 MiB)
725
  6.348823 seconds (1.79 M allocations: 1.174 GiB)
285
 13.696564 seconds (4.51 M allocations: 2.814 GiB)
854
  9.522711 seconds (3.24 M allocations: 1.992 GiB)
163
 11.552545 seconds (3.74 M allocations: 2.344 GiB)
99
  8.570671 seconds (2.69 M allocations: 1.703 GiB)
224
  7.786706 seconds (2.17 M allocations: 1.430 GiB)
969
  8.295414 seconds (2.52 M allocations: 1.612 GiB)
349
 11.253176 seconds (3.98 M allocations: 2.420 GiB)
910
  9.831041 seconds (3.43 M allocations: 2.095 GiB)
536
  4.987652 seconds (2.03 M allocations: 1.189 GiB)
599
  4.673280 seconds (1.70 M allocations: 1.035 GiB)
286
  6.432208 seconds (2.27 M allocations: 1.394 GiB)
662
 20.724039 seconds (2.28 M allocations: 1.408 GiB, 68.07% gc time)
726
 26.285190 seconds (3.59 M allocations: 2.339 GiB, 53.67% gc time)
781
 21.295555 seconds (2.23 M allocations: 1.432 GiB, 66.24% gc time)
164
 24.111583 seconds (3.27 M allocations: 2.059 GiB, 58.50% gc time)
472
 27.483956 seconds (4.09 M allocations: 2.638 GiB, 51.33% gc time)
413
 30.603573 seconds (5.45 M allocations: 3.401 GiB, 46.09% gc time)
31
  5.093439 seconds (1.48 M allocations: 995.553 MiB)
287
 21.330596 seconds (1.88 M allocations: 1.289 GiB, 66.13% gc time)
600
  4.350383 seconds (1.37 M allocations: 897.578 MiB)
727
 22.682124 seconds (2.74 M allocations: 1.742 GiB, 62.19% gc time)
225
  5.245158 seconds (1.72 M allocations: 1.085 GiB)
663
 22.681737 seconds (2.91 M allocations: 1.811 GiB, 62.19% gc time)
 24.809624 seconds (3.79 M allocations: 2.323 GiB, 56.86% gc time)
855
970
 23.051345 seconds (3.28 M allocations: 1.988 GiB, 61.20% gc time)
350
 23.934720 seconds (3.30 M allocations: 2.060 GiB, 58.94% gc time)
537
  4.998784 seconds (1.74 M allocations: 1.072 GiB)
32
  4.362546 seconds (1.43 M allocations: 924.391 MiB)
601
  4.348851 seconds (1.34 M allocations: 881.807 MiB)
728
  4.341510 seconds (1.34 M allocations: 880.672 MiB)
226
  8.700842 seconds (3.20 M allocations: 1.939 GiB)
782
  8.691263 seconds (3.07 M allocations: 1.885 GiB)
473
 29.788488 seconds (5.49 M allocations: 3.380 GiB, 47.36% gc time)
100
  7.360034 seconds (1.85 M allocations: 1.289 GiB)
664
  4.334187 seconds (1.26 M allocations: 848.173 MiB)
602
  4.413025 seconds (1.17 M allocations: 816.152 MiB)
729
  8.662713 seconds (2.43 M allocations: 1.618 GiB)
856
  8.718347 seconds (2.50 M allocations: 1.654 GiB)
971
  8.791993 seconds (2.62 M allocations: 1.708 GiB)
351
 17.774215 seconds (1.76 M allocations: 1.099 GiB, 70.51% gc time)
227
 46.533692 seconds (6.46 M allocations: 4.077 GiB, 57.25% gc time)
911
 20.411451 seconds (2.52 M allocations: 1.597 GiB, 61.40% gc time)
 17.889413 seconds (1.64 M allocations: 1.056 GiB, 70.05% gc time)
33
101
 23.165727 seconds (3.33 M allocations: 2.129 GiB, 54.10% gc time)
538
 17.317121 seconds (1.78 M allocations: 1.071 GiB, 72.37% gc time)
665
 28.890579 seconds (5.75 M allocations: 3.536 GiB, 43.38% gc time)
165
  4.348248 seconds (1.22 M allocations: 833.143 MiB)
228
 26.939412 seconds (4.92 M allocations: 3.053 GiB, 46.52% gc time)
288
  6.313699 seconds (1.97 M allocations: 1.261 GiB)
857
 19.587416 seconds (2.35 M allocations: 1.473 GiB, 63.98% gc time)
730
  4.337035 seconds (1.50 M allocations: 949.300 MiB)
102
  8.760586 seconds (2.63 M allocations: 1.710 GiB)
972
  4.695620 seconds (1.37 M allocations: 923.581 MiB)
666
  8.673697 seconds (2.72 M allocations: 1.742 GiB)
352
 22.285986 seconds (3.50 M allocations: 2.136 GiB, 56.23% gc time)
603
 27.510094 seconds (4.81 M allocations: 3.050 GiB, 45.55% gc time)
783
  4.544880 seconds (1.29 M allocations: 875.766 MiB)
731
 36.434228 seconds (8.03 M allocations: 5.015 GiB, 34.40% gc time)
  8.535317 seconds (2.61 M allocations: 1.687 GiB)
539
  8.189476 seconds (2.07 M allocations: 1.439 GiB)
  4.444365 seconds (825.20 k allocations: 670.173 MiB)
  9.170776 seconds (2.33 M allocations: 1.603 GiB)
  7.932600 seconds (1.89 M allocations: 1.334 GiB)
  5.226280 seconds (1.36 M allocations: 957.033 MiB)414

  9.468205 seconds (2.80 M allocations: 1.831 GiB)
  8.432453 seconds (2.16 M allocations: 1.490 GiB)
229
 29.096793 seconds (5.09 M allocations: 3.279 GiB, 43.07% gc time)
289
667
103
34
166
858
474
  5.221849 seconds (1.47 M allocations: 988.543 MiB)
604
 13.550454 seconds (5.03 M allocations: 3.023 GiB)
912
  5.477259 seconds (2.17 M allocations: 1.269 GiB)
732
  8.560843 seconds (3.24 M allocations: 1.927 GiB)
973
  8.570516 seconds (3.18 M allocations: 1.904 GiB)
353
  4.340420 seconds (1.37 M allocations: 894.036 MiB)
35
  4.346171 seconds (1.35 M allocations: 888.515 MiB)
540
  4.628779 seconds (1.55 M allocations: 991.611 MiB)
668
 19.287606 seconds (1.14 M allocations: 802.558 MiB, 77.04% gc time)
733
 22.689913 seconds (1.96 M allocations: 1.366 GiB, 65.49% gc time)
415
 22.871794 seconds (2.11 M allocations: 1.441 GiB, 64.97% gc time)
475
 23.583697 seconds (2.54 M allocations: 1.670 GiB, 63.01% gc time)
104
 23.592928 seconds (2.51 M allocations: 1.657 GiB, 62.98% gc time)
290
 19.318235 seconds (1.25 M allocations: 854.097 MiB, 76.92% gc time)
541
 23.595331 seconds (2.54 M allocations: 1.671 GiB, 62.98% gc time)
913
 25.689347 seconds (3.30 M allocations: 2.133 GiB, 57.84% gc time)
230
  4.391963 seconds (1.41 M allocations: 918.518 MiB)
734
 23.581687 seconds (2.55 M allocations: 1.674 GiB, 63.01% gc time)
974
  4.364964 seconds (1.54 M allocations: 971.004 MiB)
416
  4.350634 seconds (1.52 M allocations: 961.248 MiB)
476
  4.674435 seconds (1.30 M allocations: 892.114 MiB)
542
 28.754148 seconds (4.37 M allocations: 2.794 GiB, 51.68% gc time)
167
 10.388549 seconds (3.10 M allocations: 2.022 GiB)
36
 27.348647 seconds (3.74 M allocations: 2.434 GiB, 54.33% gc time)
354
 34.145289 seconds (6.66 M allocations: 4.107 GiB, 43.52% gc time)
784
  4.563498 seconds (1.45 M allocations: 943.560 MiB)
735
  8.705028 seconds (2.62 M allocations: 1.701 GiB)
105
  8.705835 seconds (2.55 M allocations: 1.674 GiB)
291
  4.814041 seconds (1.58 M allocations: 1019.265 MiB)
477
  4.464685 seconds (1.45 M allocations: 934.953 MiB)
168
  8.073984 seconds (2.73 M allocations: 1.701 GiB)
231
 33.699601 seconds (6.02 M allocations: 3.827 GiB, 44.09% gc time)
605
  8.721000 seconds (3.17 M allocations: 1.927 GiB)
914
  8.738938 seconds (2.93 M allocations: 1.831 GiB)
975
  5.618261 seconds (1.97 M allocations: 1.211 GiB)
37
  8.759783 seconds (3.06 M allocations: 1.884 GiB)
417
 37.242165 seconds (7.16 M allocations: 4.547 GiB, 39.90% gc time)
859
  4.372596 seconds (1.27 M allocations: 854.998 MiB)
232
  4.991825 seconds (1.51 M allocations: 1003.049 MiB)
169
  4.567713 seconds (1.35 M allocations: 902.917 MiB)
606
  9.057718 seconds (3.07 M allocations: 1.911 GiB)
355
 20.079843 seconds (6.45 M allocations: 4.094 GiB)
669
  7.206223 seconds (2.33 M allocations: 1.474 GiB)
478
 22.486482 seconds (1.48 M allocations: 961.852 MiB, 79.28% gc time)
38
 26.563234 seconds (3.07 M allocations: 1.883 GiB, 67.11% gc time)
292
 27.420997 seconds (3.31 M allocations: 2.046 GiB, 65.01% gc time)
106
 24.686952 seconds (2.23 M allocations: 1.408 GiB, 72.21% gc time)
976
 24.198094 seconds (2.15 M allocations: 1.338 GiB, 73.67% gc time)
418
 27.439723 seconds (3.03 M allocations: 1.933 GiB, 64.97% gc time)
915
 23.126748 seconds (1.76 M allocations: 1.100 GiB, 77.09% gc time)
170
 30.832910 seconds (4.52 M allocations: 2.786 GiB, 57.82% gc time)
736
  4.534481 seconds (1.42 M allocations: 931.009 MiB)
39
 32.868710 seconds (5.16 M allocations: 3.195 GiB, 54.24% gc time)
785
 26.112721 seconds (2.86 M allocations: 1.767 GiB, 68.27% gc time)
233
  4.347075 seconds (1.40 M allocations: 905.816 MiB)
977
  4.503404 seconds (1.41 M allocations: 924.679 MiB)
419
 27.359261 seconds (3.15 M allocations: 1.975 GiB, 65.16% gc time)
607
  9.367557 seconds (2.98 M allocations: 1.899 GiB)
356
  4.822791 seconds (1.33 M allocations: 912.986 MiB)
171
  4.346901 seconds (1.30 M allocations: 863.916 MiB)
40
  8.956274 seconds (2.96 M allocations: 1.858 GiB)
293
 39.699540 seconds (7.51 M allocations: 4.651 GiB, 44.91% gc time)
543
  7.713520 seconds (2.54 M allocations: 1.595 GiB)
916
  5.432554 seconds (1.65 M allocations: 1.070 GiB)
978
  5.599126 seconds (1.67 M allocations: 1.089 GiB)
420
  8.982901 seconds (2.86 M allocations: 1.821 GiB)
737
  6.114732 seconds (1.86 M allocations: 1.203 GiB)
608
  8.602312 seconds (2.66 M allocations: 1.711 GiB)
234
 15.623704 seconds (5.03 M allocations: 3.190 GiB)
  5.892407 seconds (1.70 M allocations: 1.123 GiB)
670
41
 13.666168 seconds (4.49 M allocations: 2.826 GiB)
107
 38.601309 seconds (6.47 M allocations: 3.984 GiB, 52.08% gc time)
860
  6.998934 seconds (1.66 M allocations: 1.021 GiB, 32.51% gc time)
917
 19.071404 seconds (5.73 M allocations: 3.559 GiB, 11.93% gc time)
479
 13.397573 seconds (3.90 M allocations: 2.403 GiB, 16.99% gc time)
786
 10.956146 seconds (2.77 M allocations: 1.762 GiB, 20.77% gc time)
294
 11.457888 seconds (2.85 M allocations: 1.832 GiB, 19.86% gc time)
544
  4.454225 seconds (1.49 M allocations: 953.378 MiB)
42
  4.535320 seconds (1.24 M allocations: 854.388 MiB)
861
 10.984650 seconds (2.93 M allocations: 1.830 GiB, 20.72% gc time)
979
 14.436151 seconds (4.11 M allocations: 2.560 GiB, 15.76% gc time)
172
  4.938364 seconds (1.55 M allocations: 1017.382 MiB)
918
 11.068851 seconds (3.08 M allocations: 1.897 GiB, 20.56% gc time)
738
  9.219160 seconds (2.66 M allocations: 1.594 GiB, 24.68% gc time)
235
 15.667500 seconds (4.70 M allocations: 2.894 GiB, 14.52% gc time)
357
 12.457294 seconds (3.66 M allocations: 2.236 GiB, 18.27% gc time)
421
  4.340302 seconds (1.67 M allocations: 1022.406 MiB)
545
  8.782233 seconds (3.13 M allocations: 1.916 GiB)
108
 12.957993 seconds (3.95 M allocations: 2.390 GiB, 17.56% gc time)
609
  6.273978 seconds (2.14 M allocations: 1.329 GiB)
43
  5.110374 seconds (1.61 M allocations: 1.028 GiB)
919
  8.676728 seconds (2.93 M allocations: 1.825 GiB)
295
  6.259569 seconds (1.98 M allocations: 1.263 GiB)
173
 11.889523 seconds (3.71 M allocations: 2.375 GiB)
480
 11.907259 seconds (3.74 M allocations: 2.388 GiB)
787
  7.971300 seconds (2.08 M allocations: 1.423 GiB)
422
 15.205687 seconds (4.82 M allocations: 3.069 GiB)
671
  6.515142 seconds (1.74 M allocations: 1.181 GiB)
109
  4.964152 seconds (1.59 M allocations: 1.008 GiB)
44
 10.912089 seconds (3.70 M allocations: 2.302 GiB)
980
 10.558200 seconds (3.31 M allocations: 2.117 GiB)
739
 12.748553 seconds (3.03 M allocations: 1.953 GiB, 21.81% gc time)
358
 10.940320 seconds (2.60 M allocations: 1.649 GiB, 25.41% gc time)
610
  9.711073 seconds (2.09 M allocations: 1.355 GiB, 28.63% gc time)
174
 14.264609 seconds (3.49 M allocations: 2.252 GiB, 19.49% gc time)
546
  7.401445 seconds (1.38 M allocations: 917.700 MiB, 37.56% gc time)
423
  7.546429 seconds (1.44 M allocations: 952.730 MiB, 36.84% gc time)
45
  7.822977 seconds (1.61 M allocations: 1.022 GiB, 35.54% gc time)
110
  7.157389 seconds (1.42 M allocations: 916.609 MiB, 38.84% gc time)
981
 12.693688 seconds (3.45 M allocations: 2.125 GiB, 21.90% gc time)
920
 17.829422 seconds (5.07 M allocations: 3.160 GiB, 15.59% gc time)
236
 19.588299 seconds (5.98 M allocations: 3.659 GiB, 14.19% gc time)
862
 11.509699 seconds (3.30 M allocations: 1.980 GiB, 24.15% gc time)
481
 13.048132 seconds (3.50 M allocations: 2.174 GiB, 21.31% gc time)
788
 11.504047 seconds (3.07 M allocations: 1.886 GiB, 24.17% gc time)
672
  4.360762 seconds (1.71 M allocations: 1.016 GiB)
424
 15.429925 seconds (4.33 M allocations: 2.686 GiB, 18.02% gc time)
296
  8.657639 seconds (3.05 M allocations: 1.875 GiB)
  4.982202 seconds (1.69 M allocations: 1.056 GiB)
740
46
  6.729376 seconds (2.73 M allocations: 1.607 GiB)
175
  4.895619 seconds (1.55 M allocations: 1013.859 MiB)
237
  6.582940 seconds (2.31 M allocations: 1.428 GiB)
982
  4.417856 seconds (1.24 M allocations: 848.684 MiB)
425
  8.653112 seconds (2.67 M allocations: 1.723 GiB)
921
  4.489169 seconds (1.20 M allocations: 836.866 MiB)
47
 13.556196 seconds (4.53 M allocations: 2.839 GiB)
  8.688364 seconds (2.53 M allocations: 1.670 GiB)
359
482
 13.359673 seconds (4.64 M allocations: 2.871 GiB)
611
 11.048013 seconds (3.84 M allocations: 2.375 GiB)
111
  4.829151 seconds (1.59 M allocations: 1.001 GiB)
238
  5.193810 seconds (1.75 M allocations: 1.095 GiB)
176
 14.306171 seconds (3.80 M allocations: 2.407 GiB, 17.95% gc time)
863
  7.122410 seconds (1.67 M allocations: 1.014 GiB, 36.06% gc time)
426
 12.240017 seconds (3.33 M allocations: 2.067 GiB, 20.99% gc time)
673
 11.282082 seconds (2.94 M allocations: 1.836 GiB, 22.77% gc time)
741
  7.394343 seconds (1.45 M allocations: 960.074 MiB, 34.74% gc time)
612
 14.275896 seconds (3.76 M allocations: 2.386 GiB, 17.99% gc time)
297
 15.715701 seconds (4.39 M allocations: 2.749 GiB, 16.34% gc time)
789
  8.204700 seconds (1.51 M allocations: 1.021 GiB, 31.31% gc time)
177
 20.632324 seconds (6.22 M allocations: 3.855 GiB, 12.45% gc time) 10.351226 seconds (1.84 M allocations: 1.310 GiB, 24.81% gc time)

  4.414808 seconds (1.27 M allocations: 857.777 MiB)
 11.327750 seconds (2.80 M allocations: 1.779 GiB, 22.68% gc time)
547
864
922
239
 11.861568 seconds (3.13 M allocations: 1.948 GiB, 21.65% gc time)
360
  6.805776 seconds (2.10 M allocations: 1.346 GiB)
674
  4.451562 seconds (1.58 M allocations: 991.332 MiB)
613
  7.375494 seconds (2.39 M allocations: 1.507 GiB)
427
 13.617592 seconds (3.99 M allocations: 2.428 GiB, 18.86% gc time)
48
 13.516889 seconds (3.95 M allocations: 2.408 GiB, 19.00% gc time)
483
  4.353977 seconds (1.83 M allocations: 1.062 GiB)
790
 17.387119 seconds (5.33 M allocations: 3.252 GiB, 14.77% gc time)
983
 10.687821 seconds (3.28 M allocations: 2.115 GiB)
742
  4.339676 seconds (1.27 M allocations: 855.260 MiB)
675
  8.686080 seconds (2.86 M allocations: 1.800 GiB)
298
 16.799668 seconds (4.86 M allocations: 3.017 GiB, 15.29% gc time)
112
  5.746704 seconds (2.11 M allocations: 1.283 GiB)
178
  4.399009 seconds (1.14 M allocations: 803.022 MiB)
984
  5.344018 seconds (1.75 M allocations: 1.105 GiB)
428
  9.301026 seconds (3.27 M allocations: 2.013 GiB)
548
  9.107518 seconds (3.03 M allocations: 1.904 GiB)
240
  8.672433 seconds (2.85 M allocations: 1.797 GiB)
361
  4.886208 seconds (1.60 M allocations: 1.007 GiB)
743
  4.530214 seconds (1.32 M allocations: 887.784 MiB)
179
  8.693108 seconds (2.79 M allocations: 1.774 GiB)
49
  8.684839 seconds (2.73 M allocations: 1.750 GiB)
484
 11.180254 seconds (4.22 M allocations: 2.544 GiB)
865
 12.562056 seconds (4.44 M allocations: 2.735 GiB)
923
  7.733743 seconds (2.57 M allocations: 1.616 GiB)
676
  4.487621 seconds (1.58 M allocations: 997.843 MiB)
549
 12.158073 seconds (2.98 M allocations: 1.849 GiB, 28.62% gc time)
299
 13.075702 seconds (2.90 M allocations: 1.882 GiB, 26.61% gc time)
113
  8.094138 seconds (1.17 M allocations: 829.842 MiB, 42.98% gc time)
180
  9.246879 seconds (1.96 M allocations: 1.219 GiB, 37.62% gc time)
744
 11.138253 seconds (2.43 M allocations: 1.548 GiB, 31.24% gc time)
241
 18.610490 seconds (4.71 M allocations: 3.025 GiB, 18.69% gc time)
791
 12.221324 seconds (2.87 M allocations: 1.806 GiB, 28.47% gc time)
362
 11.218296 seconds (2.16 M allocations: 1.441 GiB, 31.01% gc time)
866
 12.224317 seconds (2.71 M allocations: 1.741 GiB, 28.46% gc time)
50
 12.210058 seconds (2.65 M allocations: 1.712 GiB, 28.49% gc time)
485
 16.567471 seconds (4.25 M allocations: 2.685 GiB, 21.00% gc time)
  4.524475 seconds (1.45 M allocations: 941.980 MiB)
429
114
 16.509296 seconds (4.24 M allocations: 2.681 GiB, 21.07% gc time)
985
  6.974306 seconds (2.48 M allocations: 1.517 GiB)
550
 23.836910 seconds (7.13 M allocations: 4.395 GiB, 14.60% gc time)
614
  4.890994 seconds (1.78 M allocations: 1.081 GiB)
792
  8.756256 seconds (2.94 M allocations: 1.833 GiB)
300
 14.739097 seconds (3.74 M allocations: 2.339 GiB, 23.60% gc time)
924
  5.610023 seconds (1.93 M allocations: 1.195 GiB)
867
  9.403512 seconds (3.00 M allocations: 1.905 GiB)
745
 16.307753 seconds (4.04 M allocations: 2.575 GiB, 21.33% gc time)
  6.903051 seconds (1.55 M allocations: 1.131 GiB)
  4.970238 seconds (1.20 M allocations: 867.420 MiB)
  8.733181 seconds (2.53 M allocations: 1.664 GiB)
  5.792495 seconds (1.49 M allocations: 1.025 GiB)
677
551
115
363
430
  8.731697 seconds (2.55 M allocations: 1.666 GiB)
51
  8.694527 seconds (2.85 M allocations: 1.787 GiB)
486
  8.684553 seconds (2.78 M allocations: 1.757 GiB)
986
 11.663088 seconds (4.06 M allocations: 2.496 GiB)
242
  7.007299 seconds (2.28 M allocations: 1.429 GiB)
793
  4.768170 seconds (1.91 M allocations: 1.117 GiB)
868
  8.004128 seconds (2.71 M allocations: 1.682 GiB)
301
  7.871682 seconds (2.70 M allocations: 1.668 GiB)
925
  4.686615 seconds (1.76 M allocations: 1.059 GiB)
364
  4.927120 seconds (1.60 M allocations: 1.009 GiB)
746
 18.597159 seconds (6.25 M allocations: 3.890 GiB)
181
  5.437593 seconds (1.47 M allocations: 1021.197 MiB)
243
  5.238169 seconds (1.40 M allocations: 975.507 MiB)
794
 10.172319 seconds (2.45 M allocations: 1.513 GiB, 30.67% gc time)
116
 11.814018 seconds (2.76 M allocations: 1.757 GiB, 26.41% gc time)
678
 11.822893 seconds (2.67 M allocations: 1.721 GiB, 26.39% gc time)
52
 11.830175 seconds (2.70 M allocations: 1.737 GiB, 26.37% gc time)
487
 10.884146 seconds (2.30 M allocations: 1.504 GiB, 28.66% gc time)
869
 18.925985 seconds (5.30 M allocations: 3.303 GiB, 16.48% gc time)
615
 11.815561 seconds (2.76 M allocations: 1.760 GiB, 26.40% gc time)
987
  7.484208 seconds (1.67 M allocations: 1.000 GiB, 41.68% gc time)
182
  7.769704 seconds (1.67 M allocations: 1.018 GiB, 40.15% gc time)
244
  4.495759 seconds (1.56 M allocations: 987.602 MiB)
795
 11.837685 seconds (3.07 M allocations: 1.888 GiB, 26.35% gc time)
302
 11.810527 seconds (3.07 M allocations: 1.886 GiB, 26.41% gc time)
926
  5.186026 seconds (2.03 M allocations: 1.210 GiB)
117
 16.784979 seconds (4.67 M allocations: 2.905 GiB, 18.59% gc time)
552
  4.439681 seconds (1.04 M allocations: 767.428 MiB)
245
  5.559360 seconds (1.26 M allocations: 943.528 MiB)
796
  8.688951 seconds (2.73 M allocations: 1.748 GiB)
679
  8.692734 seconds (2.66 M allocations: 1.720 GiB)
53
  8.667092 seconds (2.68 M allocations: 1.727 GiB)
488
  4.759337 seconds (1.31 M allocations: 902.353 MiB)
118
  8.686842 seconds (2.74 M allocations: 1.753 GiB)
988
  8.369929 seconds (2.49 M allocations: 1.626 GiB)
183
  6.414109 seconds (1.75 M allocations: 1.180 GiB)
553
  8.677167 seconds (2.53 M allocations: 1.666 GiB)
303
 24.533889 seconds (7.40 M allocations: 4.582 GiB, 12.72% gc time)
431
  5.111140 seconds (1.79 M allocations: 1.101 GiB)
246
  8.683756 seconds (2.65 M allocations: 1.716 GiB)
927
  4.977710 seconds (2.00 M allocations: 1.180 GiB)
 12.319521 seconds (4.01 M allocations: 2.538 GiB)
797
870
  4.405609 seconds (1.68 M allocations: 1.006 GiB)
119
 20.968256 seconds (6.24 M allocations: 3.848 GiB, 14.88% gc time)
747
  5.146153 seconds (1.62 M allocations: 1.035 GiB)
554
  4.743125 seconds (1.19 M allocations: 847.615 MiB)
247
 26.216626 seconds (2.88 M allocations: 1.805 GiB, 66.68% gc time)
680
 26.228117 seconds (2.84 M allocations: 1.790 GiB, 66.65% gc time)
54
 26.207986 seconds (2.88 M allocations: 1.804 GiB, 66.70% gc time)
489
 34.381933 seconds (5.65 M allocations: 3.533 GiB, 50.84% gc time)
616
 21.877210 seconds (1.49 M allocations: 944.192 MiB, 79.91% gc time)
798
 22.030954 seconds (1.59 M allocations: 998.557 MiB, 79.35% gc time)
871
 26.197905 seconds (3.24 M allocations: 1.955 GiB, 66.73% gc time)
989
 44.898240 seconds (8.46 M allocations: 5.221 GiB, 45.88% gc time)
365
 26.196848 seconds (3.13 M allocations: 1.909 GiB, 66.73% gc time)
304
 23.575127 seconds (2.00 M allocations: 1.256 GiB, 74.15% gc time)
748
 26.189372 seconds (3.06 M allocations: 1.879 GiB, 66.75% gc time)
928
  4.368633 seconds (1.44 M allocations: 926.057 MiB)
248
  4.507618 seconds (1.53 M allocations: 976.080 MiB)
617
  4.344540 seconds (1.38 M allocations: 901.813 MiB)
799
 25.284706 seconds (2.83 M allocations: 1.717 GiB, 69.14% gc time)
555
  8.679954 seconds (2.76 M allocations: 1.754 GiB)
681
  5.566882 seconds (1.28 M allocations: 948.109 MiB)
749
  8.725912 seconds (2.77 M allocations: 1.766 GiB)
55
  8.693512 seconds (2.82 M allocations: 1.783 GiB)
490
  4.581769 seconds (1.23 M allocations: 851.603 MiB)
800
  5.681475 seconds (1.68 M allocations: 1.096 GiB)
249
  8.761363 seconds (2.53 M allocations: 1.665 GiB)
366
 11.163084 seconds (3.21 M allocations: 2.122 GiB)
990
 36.736297 seconds (6.52 M allocations: 4.059 GiB, 47.59% gc time)
184
  8.703104 seconds (2.55 M allocations: 1.671 GiB)
929
  4.352042 seconds (1.53 M allocations: 961.917 MiB)
750
 36.334702 seconds (6.38 M allocations: 3.970 GiB, 48.11% gc time)
432
  8.651790 seconds (2.66 M allocations: 1.711 GiB)
618
  4.380118 seconds (1.44 M allocations: 926.423 MiB)
801
 12.245201 seconds (3.91 M allocations: 2.481 GiB)
305
 14.536334 seconds (4.62 M allocations: 2.937 GiB)
872
  5.312062 seconds (1.90 M allocations: 1.156 GiB)
250
  8.734363 seconds (3.11 M allocations: 1.900 GiB)
556
  8.720871 seconds (2.99 M allocations: 1.849 GiB)
682
 38.700776 seconds (7.09 M allocations: 4.426 GiB, 45.17% gc time)
120
 21.993338 seconds (1.76 M allocations: 1.084 GiB, 76.79% gc time)
185
 21.622283 seconds (1.72 M allocations: 1.041 GiB, 78.11% gc time)
751
 27.090897 seconds (3.51 M allocations: 2.171 GiB, 62.34% gc time)
56
 27.073427 seconds (3.50 M allocations: 2.166 GiB, 62.38% gc time)
491
 21.901095 seconds (1.74 M allocations: 1.072 GiB, 77.12% gc time)
306
 26.449359 seconds (3.39 M allocations: 2.072 GiB, 63.85% gc time)
367
 26.553258 seconds (3.36 M allocations: 2.070 GiB, 63.60% gc time)
991
 25.084927 seconds (2.72 M allocations: 1.705 GiB, 67.33% gc time)
619
  4.631927 seconds (1.37 M allocations: 917.855 MiB)
186
  4.619760 seconds (1.37 M allocations: 916.560 MiB)
752
 27.449737 seconds (3.85 M allocations: 2.335 GiB, 61.53% gc time)
930
 26.909858 seconds (3.59 M allocations: 2.194 GiB, 62.76% gc time)
433
 25.604136 seconds (3.07 M allocations: 1.891 GiB, 65.96% gc time)
873
  5.368148 seconds (1.65 M allocations: 1.063 GiB)
307
  4.381699 seconds (1.52 M allocations: 964.945 MiB)
368
 25.398051 seconds (2.96 M allocations: 1.832 GiB, 66.50% gc time)
683
  4.476276 seconds (1.36 M allocations: 903.037 MiB)
187
  4.409574 seconds (1.29 M allocations: 866.208 MiB)
753
 10.363106 seconds (3.41 M allocations: 2.146 GiB)
121
  9.639974 seconds (3.06 M allocations: 1.947 GiB)
57
 29.720274 seconds (4.31 M allocations: 2.693 GiB, 56.83% gc time)
557
  7.833034 seconds (2.57 M allocations: 1.619 GiB)
620
  8.702696 seconds (2.93 M allocations: 1.829 GiB)
992
  7.451149 seconds (2.35 M allocations: 1.499 GiB)
931
 33.639309 seconds (5.67 M allocations: 3.529 GiB, 50.21% gc time)
802
  4.864152 seconds (1.46 M allocations: 967.327 MiB)
188
  8.744706 seconds (2.69 M allocations: 1.731 GiB)
434
  5.083790 seconds (1.55 M allocations: 1022.238 MiB)
 16.160697 seconds (2.80 M allocations: 1.779 GiB, 45.34% gc time)
874
 21.671281 seconds (4.66 M allocations: 2.941 GiB, 33.81% gc time)
492
 42.703541 seconds (6.17 M allocations: 3.858 GiB, 56.71% gc time)
251
 13.677808 seconds (2.01 M allocations: 1.277 GiB, 53.57% gc time)
 12.088745 seconds (1.57 M allocations: 1007.239 MiB, 60.61% gc time)
58
621
 11.958340 seconds (1.45 M allocations: 948.020 MiB, 61.27% gc time)
932
 14.600247 seconds (2.37 M allocations: 1.493 GiB, 50.18% gc time)
558
  4.373950 seconds (1.14 M allocations: 799.781 MiB)
493
 19.846967 seconds (3.87 M allocations: 2.481 GiB, 36.92% gc time)
684
 18.329632 seconds (3.44 M allocations: 2.199 GiB, 39.97% gc time)
122
 16.083007 seconds (2.53 M allocations: 1.666 GiB, 45.55% gc time)
803
  4.873914 seconds (1.48 M allocations: 980.865 MiB)
252
  4.467509 seconds (1.28 M allocations: 866.460 MiB)
933
  5.038392 seconds (1.57 M allocations: 1.009 GiB)
622
 22.073473 seconds (4.96 M allocations: 3.087 GiB, 33.19% gc time)
369
 17.436500 seconds (3.57 M allocations: 2.190 GiB, 42.02% gc time)
993
  8.676420 seconds (2.80 M allocations: 1.776 GiB)
875
  4.382982 seconds (1.67 M allocations: 1.002 GiB)
494
  7.688928 seconds (2.52 M allocations: 1.587 GiB)
59
 25.852811 seconds (6.19 M allocations: 3.863 GiB, 28.34% gc time)
308
  4.348299 seconds (1.45 M allocations: 931.101 MiB)
  4.336884 seconds (1.33 M allocations: 879.542 MiB)
623
 12.495860 seconds (4.08 M allocations: 2.573 GiB)
189
  8.675466 seconds (2.92 M allocations: 1.823 GiB)
559
  5.276274 seconds (1.50 M allocations: 1020.559 MiB)
994
  4.903921 seconds (1.33 M allocations: 922.360 MiB)
495
  8.668057 seconds (2.99 M allocations: 1.853 GiB)
685
 29.936425 seconds (5.18 M allocations: 3.256 GiB, 47.48% gc time)
435
 16.014860 seconds (2.98 M allocations: 1.880 GiB, 43.00% gc time)
804
 15.280730 seconds (2.52 M allocations: 1.636 GiB, 45.07% gc time)
370
 15.797932 seconds (2.83 M allocations: 1.802 GiB, 43.59% gc time)
934
 11.597259 seconds (1.63 M allocations: 1.007 GiB, 59.38% gc time)
624
 17.249475 seconds (3.79 M allocations: 2.299 GiB, 39.92% gc time)
123
 15.599935 seconds (2.93 M allocations: 1.829 GiB, 44.14% gc time)
876
 14.201838 seconds (2.56 M allocations: 1.578 GiB, 48.49% gc time)
60
 14.609148 seconds (2.69 M allocations: 1.660 GiB, 47.14% gc time)
309
  4.347906 seconds (1.34 M allocations: 883.347 MiB)
805
  4.343752 seconds (1.26 M allocations: 846.537 MiB)
935
 16.281983 seconds (2.87 M allocations: 1.848 GiB, 42.30% gc time)
560
  5.463774 seconds (1.69 M allocations: 1.084 GiB)
371
 17.128883 seconds (3.35 M allocations: 2.106 GiB, 40.20% gc time)
  4.579339 seconds (1.15 M allocations: 821.275 MiB)
61
  8.616594 seconds (2.77 M allocations: 1.752 GiB)
686
  9.143361 seconds (2.84 M allocations: 1.822 GiB)
436
  7.639303 seconds (2.15 M allocations: 1.431 GiB)
625
 10.352083 seconds (3.44 M allocations: 2.151 GiB)
496
 18.370227 seconds (3.77 M allocations: 2.369 GiB, 37.49% gc time)
995
  8.715333 seconds (2.70 M allocations: 1.734 GiB)
124
  6.277111 seconds (2.02 M allocations: 1.280 GiB)
310
  8.736402 seconds (2.68 M allocations: 1.727 GiB)
877
  5.565219 seconds (1.80 M allocations: 1.139 GiB)
372
  6.861575 seconds (2.34 M allocations: 1.454 GiB)
936
  4.466755 seconds (1.16 M allocations: 817.326 MiB)
497
  4.470595 seconds (1.15 M allocations: 814.276 MiB)
996
  4.779694 seconds (1.50 M allocations: 981.697 MiB)
626
  9.779199 seconds (3.32 M allocations: 2.066 GiB)
806
  8.653063 seconds (2.95 M allocations: 1.832 GiB)
561
  4.821976 seconds (1.42 M allocations: 951.949 MiB)
311
  8.711009 seconds (3.07 M allocations: 1.885 GiB)
62
  8.691211 seconds (3.07 M allocations: 1.883 GiB)
687
  8.705493 seconds (3.07 M allocations: 1.885 GiB)
437
  8.538781 seconds (2.52 M allocations: 1.646 GiB)
  6.359321 seconds (2.01 M allocations: 1.284 GiB)
125
373
  4.560948 seconds (1.46 M allocations: 948.357 MiB)
627
  7.605650 seconds (1.50 M allocations: 976.313 MiB, 37.86% gc time)
 11.524645 seconds (2.80 M allocations: 1.769 GiB, 24.99% gc time)
807
  9.649570 seconds (2.11 M allocations: 1.352 GiB, 29.84% gc time)
498
  8.882050 seconds (1.69 M allocations: 1.129 GiB, 32.42% gc time)
312
 11.410478 seconds (2.87 M allocations: 1.794 GiB, 25.24% gc time)
937
  9.139081 seconds (1.87 M allocations: 1.220 GiB, 31.51% gc time)
63
  8.289135 seconds (1.67 M allocations: 1.074 GiB, 34.74% gc time)
688
 11.895432 seconds (3.02 M allocations: 1.887 GiB, 24.21% gc time)
997
  4.362712 seconds (1.43 M allocations: 922.656 MiB)
374
  4.348434 seconds (1.40 M allocations: 908.243 MiB)
808
  4.356456 seconds (1.25 M allocations: 844.663 MiB)
313
 13.502699 seconds (3.25 M allocations: 2.100 GiB, 21.33% gc time)
562
  4.348300 seconds (1.15 M allocations: 804.610 MiB)
  4.337928 seconds (1.13 M allocations: 795.067 MiB)
689
 11.520885 seconds (2.75 M allocations: 1.742 GiB, 25.00% gc time)
126
  4.342022 seconds (1.12 M allocations: 778.765 MiB)
375
  4.341976 seconds (1.10 M allocations: 761.500 MiB)
809
 14.441189 seconds (3.61 M allocations: 2.290 GiB, 19.94% gc time)
438
  8.691509 seconds (2.72 M allocations: 1.712 GiB)
499
  4.348411 seconds (1.33 M allocations: 848.127 MiB)
314
  8.717437 seconds (2.73 M allocations: 1.716 GiB)
938
  4.334030 seconds (1.34 M allocations: 843.678 MiB)
690
 12.570775 seconds (3.95 M allocations: 2.485 GiB)
628
  8.688491 seconds (2.64 M allocations: 1.660 GiB)
998
  4.336012 seconds (1.42 M allocations: 876.498 MiB)
376
  6.229270 seconds (1.48 M allocations: 900.993 MiB, 29.99% gc time)
810
  6.216370 seconds (1.19 M allocations: 779.248 MiB, 30.05% gc time)
315
  6.221649 seconds (1.07 M allocations: 731.864 MiB, 30.03% gc time)
691
 10.547460 seconds (2.56 M allocations: 1.605 GiB, 17.71% gc time)
  4.343136 seconds (824.11 k allocations: 638.908 MiB)
377
  8.752707 seconds (1.74 M allocations: 1.163 GiB, 21.34% gc time)
939
  9.323842 seconds (2.14 M allocations: 1.365 GiB, 20.04% gc time)
500
  4.334062 seconds (1.11 M allocations: 770.029 MiB)
811
  5.929187 seconds (1.56 M allocations: 1.041 GiB)
999
 14.326148 seconds (3.89 M allocations: 2.417 GiB, 13.04% gc time)
563
  4.337218 seconds (1.39 M allocations: 899.813 MiB)
  4.343643 seconds (1.25 M allocations: 838.540 MiB)
 10.290776 seconds (2.31 M allocations: 1.510 GiB, 18.15% gc time)
629
 12.730492 seconds (3.32 M allocations: 2.080 GiB, 14.68% gc time)
439
  4.353627 seconds (1.38 M allocations: 881.549 MiB)
378
  4.353698 seconds (1.09 M allocations: 751.012 MiB)
812
  5.786090 seconds (1.57 M allocations: 1.023 GiB)
  5.804048 seconds (1.50 M allocations: 1020.659 MiB)
501
  5.000675 seconds (1.14 M allocations: 807.541 MiB)
564
  5.904897 seconds (1.06 M allocations: 725.764 MiB, 26.46% gc time)
  5.895562 seconds (942.01 k allocations: 677.147 MiB, 26.50% gc time)
440
  8.334274 seconds (1.71 M allocations: 1.132 GiB, 18.75% gc time)
1000
  5.844677 seconds (1.06 M allocations: 718.274 MiB, 26.74% gc time)
  5.730225 seconds (892.14 k allocations: 621.647 MiB, 27.27% gc time)
813
  5.907093 seconds (875.95 k allocations: 603.670 MiB, 26.45% gc time)
502
  5.906634 seconds (866.98 k allocations: 593.677 MiB, 26.45% gc time)
565
  4.333920 seconds (840.22 k allocations: 563.818 MiB)
441
  4.349177 seconds (838.68 k allocations: 561.985 MiB)
1001
  3.903962 seconds (803.76 k allocations: 523.283 MiB)
814
  4.334270 seconds (833.11 k allocations: 555.972 MiB)
503
  4.333209 seconds (831.57 k allocations: 554.380 MiB)
566
  4.332914 seconds (831.51 k allocations: 554.311 MiB)
  4.324374 seconds (694.31 k allocations: 494.332 MiB)
  3.982960 seconds (521.11 k allocations: 394.381 MiB)
815
  5.163815 seconds (486.15 k allocations: 355.439 MiB, 16.49% gc time)
504
  5.166750 seconds (476.50 k allocations: 344.689 MiB, 16.48% gc time)
567
  4.312253 seconds (442.77 k allocations: 307.123 MiB)
  4.173510 seconds (281.17 k allocations: 220.083 MiB)
  4.144759 seconds (137.56 k allocations: 153.094 MiB)
