Graph 1 is connected.
Graph 2 is connected.
Graph 3 is connected.
Graph 4 is connected.
Graph 5 is connected.
Graph 6 is connected.
Graph 7 is connected.
Graph 8 is connected.
Graph 9 is connected.
Graph 10 is connected.
Graph 11 is connected.
Matrix 1 normalized.
Matrix 2 normalized.
Matrix 3 normalized.
Matrix 4 normalized.
Matrix 5 normalized.
Matrix 6 normalized.
Matrix 7 normalized.
Matrix 8 normalized.
Matrix 9 normalized.
Matrix 10 normalized.
Matrix 11 normalized.
Number of threads: 20
52
452
602
202
352
402
152652952


1
102
502
552
852
252
302
902
752
702
802
  6.646584 seconds (1.47 M allocations: 1.132 GiB, 21.74% gc time)
203
  7.116400 seconds (1.34 M allocations: 1.126 GiB, 20.30% gc time, 1.80% compilation time)
503
  7.118524 seconds (1.13 M allocations: 1.044 GiB, 20.30% gc time, 1.80% compilation time)
2
  7.582794 seconds (1.57 M allocations: 1.268 GiB, 19.06% gc time, 1.69% compilation time)
653
  7.773697 seconds (1.50 M allocations: 1.261 GiB, 18.59% gc time, 1.65% compilation time)
803
  8.747910 seconds (1.93 M allocations: 1.538 GiB, 16.52% gc time, 1.47% compilation time)
403
  8.883777 seconds (2.18 M allocations: 1.651 GiB, 16.27% gc time, 1.45% compilation time)
953
  8.802593 seconds (1.91 M allocations: 1.534 GiB, 16.42% gc time, 1.46% compilation time)
553
  9.048066 seconds (2.26 M allocations: 1.704 GiB, 15.97% gc time, 1.42% compilation time)
53
  9.066234 seconds (2.26 M allocations: 1.704 GiB, 15.94% gc time, 1.42% compilation time)
853
  9.396129 seconds (2.87 M allocations: 1.985 GiB, 15.38% gc time, 1.37% compilation time)
153
  9.416173 seconds (2.72 M allocations: 1.930 GiB, 15.35% gc time, 1.36% compilation time)
753
  9.776914 seconds (2.96 M allocations: 2.062 GiB, 14.78% gc time, 1.31% compilation time)
903
  9.798638 seconds (2.95 M allocations: 2.063 GiB, 14.75% gc time, 1.31% compilation time)
603
  9.752967 seconds (2.90 M allocations: 2.039 GiB, 14.82% gc time, 1.32% compilation time)
253
  9.928592 seconds (3.19 M allocations: 2.172 GiB, 14.55% gc time, 1.29% compilation time)
103
 10.342514 seconds (3.56 M allocations: 2.361 GiB, 13.97% gc time, 1.24% compilation time)
303
 10.696404 seconds (4.19 M allocations: 2.653 GiB, 13.51% gc time, 1.20% compilation time)
453
 10.999390 seconds (4.33 M allocations: 2.739 GiB, 13.14% gc time, 1.17% compilation time)
703
 11.132579 seconds (4.05 M allocations: 2.641 GiB, 12.98% gc time, 1.15% compilation time)
353
  7.120318 seconds (3.45 M allocations: 2.136 GiB)
204
  7.364878 seconds (3.61 M allocations: 2.227 GiB)
504
  9.601280 seconds (2.42 M allocations: 1.596 GiB, 37.57% gc time)
854
 10.448379 seconds (3.05 M allocations: 1.943 GiB, 34.52% gc time)
554
 12.143566 seconds (4.05 M allocations: 2.527 GiB, 29.70% gc time)
3
  9.984392 seconds (2.56 M allocations: 1.696 GiB, 36.13% gc time)
754
 12.452202 seconds (4.27 M allocations: 2.646 GiB, 28.97% gc time)
654
 10.972702 seconds (3.31 M allocations: 2.100 GiB, 32.87% gc time)
54
 10.651000 seconds (3.03 M allocations: 1.956 GiB, 33.87% gc time)
154
 12.219712 seconds (4.26 M allocations: 2.619 GiB, 29.52% gc time)
804
 10.285057 seconds (2.77 M allocations: 1.820 GiB, 35.07% gc time)
254
 10.100764 seconds (2.72 M allocations: 1.780 GiB, 35.71% gc time)
454
 10.939681 seconds (3.30 M allocations: 2.102 GiB, 32.97% gc time)
104
 11.031906 seconds (3.38 M allocations: 2.143 GiB, 32.70% gc time)
604
 11.424589 seconds (3.45 M allocations: 2.213 GiB, 31.57% gc time)
304
 13.420939 seconds (5.12 M allocations: 3.099 GiB, 26.88% gc time)
404
 13.697903 seconds (5.16 M allocations: 3.143 GiB, 26.33% gc time)
954
  4.410972 seconds (2.55 M allocations: 1.502 GiB)
855
  9.538836 seconds (3.02 M allocations: 1.835 GiB, 39.15% gc time)
505
 16.826129 seconds (3.98 M allocations: 2.602 GiB, 43.63% gc time)
354
 18.362078 seconds (4.92 M allocations: 3.142 GiB, 39.98% gc time)
904
  9.181509 seconds (3.05 M allocations: 1.807 GiB, 40.68% gc time)
555
  9.584718 seconds (3.05 M allocations: 1.850 GiB, 38.97% gc time)
755
 11.538831 seconds (4.10 M allocations: 2.482 GiB, 32.37% gc time)
205
  9.204444 seconds (2.43 M allocations: 1.559 GiB, 40.58% gc time)
455
  9.923136 seconds (3.07 M allocations: 1.895 GiB, 37.64% gc time)
155
 19.448728 seconds (5.39 M allocations: 3.448 GiB, 37.75% gc time)
704
  9.255192 seconds (2.44 M allocations: 1.567 GiB, 40.35% gc time)
 10.735252 seconds (3.76 M allocations: 2.260 GiB, 34.79% gc time)
605
4
 11.336808 seconds (3.56 M allocations: 2.242 GiB, 32.94% gc time)
255
  4.753406 seconds (2.20 M allocations: 1.392 GiB)
506
 11.631270 seconds (3.46 M allocations: 2.233 GiB, 32.11% gc time)
105
 13.036190 seconds (4.28 M allocations: 2.711 GiB, 28.65% gc time)
805
 12.371890 seconds (3.72 M allocations: 2.414 GiB, 30.19% gc time)
305
  6.069266 seconds (2.57 M allocations: 1.680 GiB)
905
  5.405904 seconds (2.32 M allocations: 1.511 GiB)
756
 14.929259 seconds (5.21 M allocations: 3.287 GiB, 25.02% gc time)
55
  5.336835 seconds (2.36 M allocations: 1.518 GiB)
456
 15.253680 seconds (5.36 M allocations: 3.383 GiB, 24.48% gc time)
655
 12.920704 seconds (4.21 M allocations: 2.667 GiB, 28.91% gc time)
405
  8.660359 seconds (4.26 M allocations: 2.639 GiB)
856
  7.816565 seconds (3.92 M allocations: 2.415 GiB)
355
  7.655179 seconds (3.79 M allocations: 2.341 GiB)
  5.762029 seconds (2.63 M allocations: 1.670 GiB)
556
606
 13.619742 seconds (5.07 M allocations: 3.093 GiB, 27.42% gc time)
955
  7.658830 seconds (3.98 M allocations: 2.418 GiB)
206
  7.378095 seconds (3.74 M allocations: 2.290 GiB)
156
  5.473313 seconds (2.84 M allocations: 1.724 GiB)
106
  7.978758 seconds (3.81 M allocations: 2.382 GiB)
705
  9.154422 seconds (4.07 M allocations: 2.607 GiB)
5
  8.436293 seconds (3.95 M allocations: 2.482 GiB)
256
  8.046119 seconds (3.85 M allocations: 2.397 GiB)
507
  6.688920 seconds (3.01 M allocations: 1.914 GiB)
  8.401322 seconds (3.81 M allocations: 2.416 GiB)
56
806
  7.795447 seconds (3.76 M allocations: 2.333 GiB)
306
  7.591815 seconds (3.65 M allocations: 2.268 GiB)
757
  6.746927 seconds (2.91 M allocations: 1.875 GiB)
857
  7.943959 seconds (3.92 M allocations: 2.413 GiB)
906
  7.422173 seconds (3.50 M allocations: 2.185 GiB)
656
  7.170808 seconds (3.21 M allocations: 2.037 GiB)
356
  7.841419 seconds (3.72 M allocations: 2.317 GiB)
457
  7.503822 seconds (3.42 M allocations: 2.156 GiB)
557
  6.504235 seconds (2.97 M allocations: 1.866 GiB)
157
  8.167792 seconds (3.72 M allocations: 2.344 GiB)
  7.151075 seconds (3.31 M allocations: 2.071 GiB)
207
607
  7.944706 seconds (3.64 M allocations: 2.292 GiB)
956
  9.934459 seconds (4.97 M allocations: 3.033 GiB)
406
  7.353961 seconds (3.51 M allocations: 2.174 GiB)
107
  8.429777 seconds (3.79 M allocations: 2.395 GiB)
706
  7.607973 seconds (3.67 M allocations: 2.263 GiB)
6
  7.283066 seconds (3.49 M allocations: 2.158 GiB)
508
  8.192507 seconds (3.89 M allocations: 2.414 GiB)
257
  6.480523 seconds (2.99 M allocations: 1.874 GiB)
758
  7.367509 seconds (3.48 M allocations: 2.161 GiB)
307
  7.563614 seconds (3.59 M allocations: 2.227 GiB)
57
  7.987508 seconds (3.94 M allocations: 2.410 GiB)
807
  7.811573 seconds (3.55 M allocations: 2.237 GiB)
907
  7.195387 seconds (3.16 M allocations: 2.017 GiB)
357
  7.429717 seconds (3.36 M allocations: 2.120 GiB)
  7.751193 seconds (3.60 M allocations: 2.251 GiB)
458
657
  8.486887 seconds (4.07 M allocations: 2.515 GiB)
858
  7.793111 seconds (3.56 M allocations: 2.236 GiB)
158
  8.155911 seconds (3.76 M allocations: 2.357 GiB)
558
  7.489231 seconds (3.22 M allocations: 2.069 GiB)
957
  7.604045 seconds (3.34 M allocations: 2.128 GiB)
208
  8.093879 seconds (3.74 M allocations: 2.339 GiB)
608
  7.479899 seconds (3.51 M allocations: 2.183 GiB)
108
  8.321947 seconds (3.82 M allocations: 2.392 GiB)
407
  7.653386 seconds (3.53 M allocations: 2.203 GiB)
7
  8.448319 seconds (3.87 M allocations: 2.421 GiB)
707
 16.285960 seconds (3.76 M allocations: 2.369 GiB, 48.57% gc time)
509
 15.200862 seconds (3.26 M allocations: 2.058 GiB, 52.04% gc time)
58
 16.660225 seconds (3.96 M allocations: 2.490 GiB, 47.48% gc time)
258
 15.289596 seconds (3.28 M allocations: 2.077 GiB, 51.74% gc time)
808
 15.771887 seconds (3.58 M allocations: 2.248 GiB, 50.16% gc time)
308
 14.680352 seconds (2.87 M allocations: 1.856 GiB, 53.88% gc time)
859
 17.061486 seconds (4.40 M allocations: 2.715 GiB, 46.36% gc time)
759
 15.104741 seconds (3.20 M allocations: 2.032 GiB, 52.37% gc time)
459
 15.113946 seconds (3.22 M allocations: 2.044 GiB, 52.34% gc time)
658
 15.990627 seconds (4.05 M allocations: 2.471 GiB, 49.47% gc time)
908
 14.430656 seconds (2.88 M allocations: 1.840 GiB, 54.82% gc time)
958
 16.112321 seconds (4.21 M allocations: 2.549 GiB, 49.10% gc time)
358
 15.264081 seconds (3.42 M allocations: 2.145 GiB, 51.82% gc time)
559
 14.792690 seconds (3.25 M allocations: 2.032 GiB, 53.48% gc time)
609
 15.761874 seconds (3.95 M allocations: 2.415 GiB, 50.19% gc time)
159
 14.857237 seconds (3.33 M allocations: 2.078 GiB, 53.24% gc time)
408
 16.703143 seconds (4.08 M allocations: 2.568 GiB, 47.36% gc time)
209
 15.221682 seconds (3.47 M allocations: 2.179 GiB, 51.97% gc time)
8
  6.352888 seconds (3.15 M allocations: 1.949 GiB)
510
 17.382584 seconds (4.20 M allocations: 2.696 GiB, 45.51% gc time)
109
  6.169210 seconds (2.95 M allocations: 1.850 GiB)
309
  6.607862 seconds (3.28 M allocations: 2.030 GiB)
259
  6.444789 seconds (2.77 M allocations: 1.800 GiB)
760
  7.981722 seconds (3.93 M allocations: 2.438 GiB)
59
  6.977265 seconds (3.35 M allocations: 2.094 GiB)
860
  6.912099 seconds (3.28 M allocations: 2.057 GiB)
460
 17.739352 seconds (4.90 M allocations: 3.023 GiB, 44.59% gc time)
708
  8.008047 seconds (4.17 M allocations: 2.536 GiB)
809
  6.798290 seconds (3.29 M allocations: 2.051 GiB)
959
  6.990730 seconds (3.07 M allocations: 1.977 GiB)
610
  7.571301 seconds (3.38 M allocations: 2.163 GiB)
560
  9.096957 seconds (4.33 M allocations: 2.712 GiB)
659
  8.856340 seconds (4.02 M allocations: 2.561 GiB)
359
  9.093578 seconds (4.16 M allocations: 2.641 GiB)
909
  7.064432 seconds (3.30 M allocations: 2.080 GiB)
409
  6.083240 seconds (3.05 M allocations: 1.873 GiB)
9
  9.085842 seconds (4.19 M allocations: 2.649 GiB)
160
  8.343714 seconds (3.94 M allocations: 2.473 GiB)
210
  6.949913 seconds (3.53 M allocations: 2.158 GiB)
511
  6.418864 seconds (3.25 M allocations: 1.989 GiB)
260
  8.116043 seconds (3.90 M allocations: 2.432 GiB)
110
  8.134266 seconds (3.91 M allocations: 2.436 GiB)
310
  6.612299 seconds (2.87 M allocations: 1.854 GiB)
709
  6.909286 seconds (2.92 M allocations: 1.907 GiB)
960
  7.416326 seconds (3.37 M allocations: 2.144 GiB)
461
  7.828741 seconds (3.78 M allocations: 2.352 GiB)
761
  8.322394 seconds (4.14 M allocations: 2.550 GiB)
60
  6.366437 seconds (3.06 M allocations: 1.908 GiB)
561
  5.854744 seconds (2.73 M allocations: 1.719 GiB)
360
  9.399754 seconds (4.60 M allocations: 2.852 GiB)
861
  6.303258 seconds (2.83 M allocations: 1.810 GiB)
410
  9.610486 seconds (4.51 M allocations: 2.835 GiB)
810
  8.690347 seconds (4.23 M allocations: 2.628 GiB)
611
  7.384763 seconds (3.44 M allocations: 2.172 GiB)
910
  7.213462 seconds (3.51 M allocations: 2.182 GiB)
10
  7.176395 seconds (3.23 M allocations: 2.066 GiB)
512
  8.529941 seconds (3.84 M allocations: 2.454 GiB)
161
  8.342913 seconds (3.72 M allocations: 2.387 GiB)
211
 10.384473 seconds (4.93 M allocations: 3.093 GiB)
660
  6.318996 seconds (3.21 M allocations: 1.969 GiB)
311
  6.214566 seconds (3.13 M allocations: 1.927 GiB)
710
  5.453966 seconds (2.70 M allocations: 1.672 GiB)
462
  5.126529 seconds (2.67 M allocations: 1.625 GiB)
562
  6.892937 seconds (3.49 M allocations: 2.142 GiB)
961
  6.965571 seconds (3.47 M allocations: 2.145 GiB)
762
  9.312171 seconds (4.64 M allocations: 2.864 GiB)
111
  5.718248 seconds (2.76 M allocations: 1.724 GiB)
862
  6.480492 seconds (3.13 M allocations: 1.954 GiB)
411
  7.767474 seconds (3.73 M allocations: 2.332 GiB)
361
 11.087514 seconds (5.45 M allocations: 3.380 GiB)
261
  7.390418 seconds (3.27 M allocations: 2.105 GiB)
612
  7.020195 seconds (3.20 M allocations: 2.036 GiB)
11
  9.640411 seconds (4.66 M allocations: 2.906 GiB)
61
  8.643114 seconds (3.98 M allocations: 2.523 GiB)
811
  8.645104 seconds (3.91 M allocations: 2.493 GiB)
911
  5.991889 seconds (2.74 M allocations: 1.737 GiB)
711
  6.733351 seconds (3.30 M allocations: 2.041 GiB)
661
  6.989304 seconds (3.51 M allocations: 2.157 GiB)
162
  8.018671 seconds (3.94 M allocations: 2.439 GiB)
513
 13.629400 seconds (3.88 M allocations: 2.366 GiB, 44.16% gc time)
212
 12.933600 seconds (3.26 M allocations: 2.041 GiB, 46.53% gc time)
563
 13.914605 seconds (3.73 M allocations: 2.336 GiB, 43.25% gc time)
463
 13.200914 seconds (3.49 M allocations: 2.163 GiB, 45.59% gc time)
962
 13.055613 seconds (3.47 M allocations: 2.137 GiB, 46.10% gc time)
763
 12.908107 seconds (3.29 M allocations: 2.051 GiB, 46.63% gc time)
112
 14.766393 seconds (4.25 M allocations: 2.636 GiB, 40.76% gc time)
312
 13.407350 seconds (3.66 M allocations: 2.252 GiB, 44.89% gc time)
863
 12.656491 seconds (3.44 M allocations: 2.087 GiB, 47.55% gc time)
412
  5.272526 seconds (2.07 M allocations: 1.390 GiB)
514
 13.730848 seconds (3.54 M allocations: 2.237 GiB, 43.83% gc time)
613
 15.611266 seconds (4.16 M allocations: 2.685 GiB, 38.55% gc time)
362
  6.600500 seconds (2.61 M allocations: 1.750 GiB)
163
 13.895567 seconds (3.51 M allocations: 2.245 GiB, 43.31% gc time)
812
  5.639386 seconds (2.24 M allocations: 1.503 GiB)
464
 15.045661 seconds (4.06 M allocations: 2.589 GiB, 40.00% gc time)
12
  5.491190 seconds (2.37 M allocations: 1.539 GiB)
963
 16.703626 seconds (4.98 M allocations: 3.137 GiB, 36.03% gc time)
262
  5.105467 seconds (2.00 M allocations: 1.351 GiB)
413
 14.988801 seconds (4.40 M allocations: 2.725 GiB, 40.15% gc time)
912
  7.833221 seconds (3.63 M allocations: 2.297 GiB)
213
 16.185669 seconds (4.98 M allocations: 3.086 GiB, 37.18% gc time)
  8.501361 seconds (4.00 M allocations: 2.518 GiB)
662
62
  5.695157 seconds (2.59 M allocations: 1.653 GiB)
864
  8.133160 seconds (4.19 M allocations: 2.561 GiB)
564
 16.476843 seconds (5.34 M allocations: 3.269 GiB, 36.53% gc time)
712
  8.456741 seconds (3.84 M allocations: 2.452 GiB)
313
  9.117979 seconds (4.31 M allocations: 2.711 GiB)
764
  5.674603 seconds (3.07 M allocations: 1.848 GiB)
614
  6.381533 seconds (3.52 M allocations: 2.107 GiB)
515
  4.947618 seconds (2.69 M allocations: 1.615 GiB)
465
 10.349204 seconds (4.81 M allocations: 3.044 GiB)
113
  5.754680 seconds (2.80 M allocations: 1.745 GiB)
964
  5.811709 seconds (2.76 M allocations: 1.734 GiB)
414
  5.077413 seconds (1.98 M allocations: 1.335 GiB)
565
  8.054382 seconds (4.31 M allocations: 2.604 GiB)
363
  6.773797 seconds (2.64 M allocations: 1.782 GiB)
865
  9.105608 seconds (4.60 M allocations: 2.829 GiB)
164
  8.800073 seconds (4.12 M allocations: 2.599 GiB)
13
  9.061491 seconds (4.43 M allocations: 2.752 GiB)
813
  4.619019 seconds (2.03 M allocations: 1.308 GiB)
516
  5.116834 seconds (2.33 M allocations: 1.482 GiB)
615
  8.211284 seconds (3.91 M allocations: 2.453 GiB)
913
  9.102759 seconds (4.49 M allocations: 2.782 GiB)
263
  8.371092 seconds (4.01 M allocations: 2.509 GiB)
663
  9.063354 seconds (4.29 M allocations: 2.697 GiB)
214
  9.077276 seconds (4.27 M allocations: 2.690 GiB)
63
  5.589101 seconds (2.73 M allocations: 1.699 GiB)
965
  9.121105 seconds (4.34 M allocations: 2.721 GiB)
713
  7.309468 seconds (3.53 M allocations: 2.201 GiB)
466
  5.728438 seconds (2.88 M allocations: 1.775 GiB)
566
  6.002092 seconds (3.09 M allocations: 1.887 GiB)
415
  4.766842 seconds (2.73 M allocations: 1.612 GiB)
866
  6.232013 seconds (3.23 M allocations: 1.965 GiB)
364
  9.042011 seconds (4.32 M allocations: 2.705 GiB)
114
  5.923776 seconds (2.61 M allocations: 1.678 GiB)
517
 18.458884 seconds (5.38 M allocations: 3.399 GiB, 37.16% gc time)
765
 11.018635 seconds (1.56 M allocations: 1.066 GiB, 62.25% gc time)
467
 20.190894 seconds (6.18 M allocations: 3.905 GiB, 33.97% gc time)
314
 14.975655 seconds (3.78 M allocations: 2.383 GiB, 45.80% gc time)
 15.057801 seconds (3.86 M allocations: 2.427 GiB, 45.55% gc time)
14
165
 12.939929 seconds (2.66 M allocations: 1.716 GiB, 53.01% gc time)
966
 15.486640 seconds (3.72 M allocations: 2.414 GiB, 44.29% gc time)
616
 15.877141 seconds (4.36 M allocations: 2.717 GiB, 43.20% gc time)
814
 12.235473 seconds (2.34 M allocations: 1.510 GiB, 56.06% gc time)
 15.333665 seconds (3.76 M allocations: 2.414 GiB, 44.73% gc time)
416
664
 11.791204 seconds (2.19 M allocations: 1.408 GiB, 58.17% gc time)
867
 15.905603 seconds (4.41 M allocations: 2.736 GiB, 43.13% gc time)
914
 14.910977 seconds (3.99 M allocations: 2.462 GiB, 46.00% gc time)
215
 15.940488 seconds (4.57 M allocations: 2.808 GiB, 43.03% gc time)
264
 15.969423 seconds (4.46 M allocations: 2.765 GiB, 42.95% gc time)
64
 15.942683 seconds (4.32 M allocations: 2.705 GiB, 43.03% gc time)
714
 15.658263 seconds (4.04 M allocations: 2.563 GiB, 43.81% gc time)
567
  6.446946 seconds (3.26 M allocations: 2.003 GiB)
518
  6.113897 seconds (3.16 M allocations: 1.930 GiB)
766
  5.693361 seconds (3.15 M allocations: 1.881 GiB)
468
  4.980627 seconds (2.57 M allocations: 1.567 GiB)
967
  6.264701 seconds (3.11 M allocations: 1.925 GiB)
15
 16.811238 seconds (4.73 M allocations: 2.968 GiB, 40.80% gc time)
365
 16.364979 seconds (4.66 M allocations: 2.893 GiB, 41.92% gc time)
115
  6.029378 seconds (2.67 M allocations: 1.718 GiB)
665
  6.827667 seconds (3.42 M allocations: 2.108 GiB)
617
  6.742219 seconds (3.00 M allocations: 1.927 GiB)
868
  6.744727 seconds (2.77 M allocations: 1.835 GiB)
265
  7.739411 seconds (3.58 M allocations: 2.270 GiB)
815
  7.897228 seconds (3.57 M allocations: 2.281 GiB)
417
  9.106304 seconds (4.59 M allocations: 2.824 GiB)
166
  5.098296 seconds (2.50 M allocations: 1.551 GiB)
519
  4.194881 seconds (2.11 M allocations: 1.296 GiB)
968
  5.490889 seconds (2.69 M allocations: 1.668 GiB)
767
  9.106809 seconds (4.14 M allocations: 2.638 GiB)
915
  6.211532 seconds (2.95 M allocations: 1.851 GiB)
469
  9.071799 seconds (4.16 M allocations: 2.645 GiB)
65
  7.672842 seconds (3.85 M allocations: 2.370 GiB)
568
 12.502805 seconds (6.33 M allocations: 3.886 GiB)
315
  6.326337 seconds (3.10 M allocations: 1.922 GiB)
366
  9.032843 seconds (4.58 M allocations: 2.812 GiB)
715
  5.785897 seconds (2.75 M allocations: 1.723 GiB)
 12.382073 seconds (5.51 M allocations: 3.539 GiB)
869
216
  7.644197 seconds (3.70 M allocations: 2.304 GiB)
116
  9.015713 seconds (4.31 M allocations: 2.696 GiB)
16
  5.093934 seconds (2.25 M allocations: 1.449 GiB)
969
  8.582333 seconds (4.12 M allocations: 2.570 GiB)
666
  5.661753 seconds (2.56 M allocations: 1.632 GiB)
768
  8.898957 seconds (4.30 M allocations: 2.679 GiB)
618
  8.084050 seconds (3.88 M allocations: 2.424 GiB)
816
 12.173480 seconds (3.51 M allocations: 2.201 GiB, 38.89% gc time)
520
 13.559689 seconds (4.34 M allocations: 2.686 GiB, 34.92% gc time)
266
 10.565358 seconds (2.90 M allocations: 1.787 GiB, 44.81% gc time)
470
 13.314002 seconds (4.21 M allocations: 2.607 GiB, 35.56% gc time)
167
 11.122878 seconds (3.11 M allocations: 1.931 GiB, 42.57% gc time)
569
 10.404228 seconds (2.79 M allocations: 1.725 GiB, 45.51% gc time)
367
 14.373250 seconds (4.81 M allocations: 2.962 GiB, 32.94% gc time)
418
 13.060944 seconds (4.09 M allocations: 2.531 GiB, 36.25% gc time)
916
 12.434888 seconds (3.98 M allocations: 2.423 GiB, 38.08% gc time)
66
 10.775351 seconds (3.09 M allocations: 1.888 GiB, 43.94% gc time)
870
 11.174346 seconds (3.12 M allocations: 1.942 GiB, 42.37% gc time)
117
  9.870872 seconds (2.52 M allocations: 1.560 GiB, 47.97% gc time)
769
 10.750505 seconds (2.65 M allocations: 1.707 GiB, 44.04% gc time)
619
 15.205018 seconds (4.79 M allocations: 3.043 GiB, 31.14% gc time)
316
  5.551465 seconds (2.22 M allocations: 1.487 GiB)
471
 15.298804 seconds (4.82 M allocations: 3.064 GiB, 30.95% gc time)
716
  5.279623 seconds (2.15 M allocations: 1.429 GiB)
570
  5.250470 seconds (2.15 M allocations: 1.427 GiB)
368
 13.850752 seconds (4.35 M allocations: 2.724 GiB, 34.18% gc time)
17
  7.274365 seconds (3.20 M allocations: 2.067 GiB)
  4.765184 seconds (1.80 M allocations: 1.232 GiB)
871
267
 14.366168 seconds (4.41 M allocations: 2.803 GiB, 32.96% gc time)
 16.138581 seconds (5.09 M allocations: 3.261 GiB, 29.34% gc time)
 13.687134 seconds (4.17 M allocations: 2.634 GiB, 34.59% gc time)
  7.916401 seconds (3.44 M allocations: 2.229 GiB)
970
667
217
521
  8.758539 seconds (4.28 M allocations: 2.660 GiB)
817
  8.017059 seconds (3.76 M allocations: 2.370 GiB)
168
  7.021268 seconds (3.36 M allocations: 2.104 GiB)
917
  5.356276 seconds (2.96 M allocations: 1.765 GiB)
770
  8.122636 seconds (4.05 M allocations: 2.501 GiB)
419
  8.341022 seconds (3.96 M allocations: 2.485 GiB)
67
  4.584243 seconds (2.51 M allocations: 1.499 GiB)
571
  5.314699 seconds (2.68 M allocations: 1.644 GiB)
369
  7.743290 seconds (3.83 M allocations: 2.366 GiB)
620
  6.934446 seconds (3.26 M allocations: 2.049 GiB)
717
  5.607994 seconds (2.25 M allocations: 1.495 GiB)
522
  6.120590 seconds (2.67 M allocations: 1.719 GiB)
872
  6.337454 seconds (2.88 M allocations: 1.830 GiB)
268
  8.989540 seconds (4.45 M allocations: 2.746 GiB)
317
 11.561124 seconds (5.51 M allocations: 3.449 GiB)
118
  5.896299 seconds (2.37 M allocations: 1.577 GiB)
  6.681522 seconds (2.66 M allocations: 1.778 GiB)
771
918
  7.464736 seconds (3.16 M allocations: 2.066 GiB)
818
 10.088756 seconds (5.23 M allocations: 3.182 GiB)
472
  5.109828 seconds (2.24 M allocations: 1.444 GiB)
572
  8.900279 seconds (3.86 M allocations: 2.500 GiB)
218
  9.092297 seconds (3.93 M allocations: 2.549 GiB)
971
  5.601172 seconds (2.66 M allocations: 1.667 GiB)
370
  4.604339 seconds (2.55 M allocations: 1.524 GiB)
621
  9.348994 seconds (4.14 M allocations: 2.663 GiB)
18
  8.546653 seconds (3.97 M allocations: 2.509 GiB)
420
  3.989029 seconds (2.48 M allocations: 1.431 GiB)
873
 10.693743 seconds (5.23 M allocations: 3.246 GiB)
668
 11.135873 seconds (5.04 M allocations: 3.217 GiB)
169
  5.632363 seconds (2.74 M allocations: 1.705 GiB)
119
  5.464067 seconds (2.57 M allocations: 1.621 GiB)
772
  8.076314 seconds (4.05 M allocations: 2.500 GiB)
718
  4.443648 seconds (2.15 M allocations: 1.345 GiB)
219
 10.952468 seconds (5.09 M allocations: 3.220 GiB)
68
  8.277669 seconds (4.35 M allocations: 2.643 GiB)
523
  7.610483 seconds (3.92 M allocations: 2.397 GiB)
318
  8.594995 seconds (4.32 M allocations: 2.664 GiB)
269
 10.583241 seconds (2.76 M allocations: 1.751 GiB, 43.16% gc time)
371
 13.380015 seconds (4.16 M allocations: 2.614 GiB, 34.14% gc time)
919
 12.728420 seconds (3.80 M allocations: 2.401 GiB, 35.89% gc time)
573
 10.575811 seconds (2.61 M allocations: 1.692 GiB, 43.19% gc time)
874
 11.358507 seconds (3.19 M allocations: 2.010 GiB, 40.21% gc time)
622
 14.204988 seconds (4.58 M allocations: 2.876 GiB, 32.16% gc time)
819
 11.245711 seconds (2.93 M allocations: 1.893 GiB, 40.62% gc time)
669
 13.041984 seconds (4.16 M allocations: 2.582 GiB, 35.02% gc time)
972
  9.860937 seconds (2.58 M allocations: 1.602 GiB, 46.32% gc time)
773
 13.023128 seconds (4.10 M allocations: 2.557 GiB, 35.07% gc time)
19
 15.273655 seconds (5.25 M allocations: 3.259 GiB, 29.91% gc time)
473
 13.849698 seconds (4.36 M allocations: 2.745 GiB, 32.98% gc time)
421
 11.889060 seconds (3.61 M allocations: 2.233 GiB, 38.42% gc time)
120
 13.071020 seconds (4.11 M allocations: 2.560 GiB, 34.95% gc time)
170
 10.723633 seconds (2.94 M allocations: 1.839 GiB, 42.60% gc time)
524
  4.926204 seconds (2.63 M allocations: 1.585 GiB)
372
 12.272261 seconds (3.72 M allocations: 2.317 GiB, 37.22% gc time)
  5.236636 seconds (2.50 M allocations: 1.567 GiB)
69
574
  5.300378 seconds (2.54 M allocations: 1.586 GiB)
875
 13.720975 seconds (4.34 M allocations: 2.721 GiB, 33.29% gc time)
220
 14.217590 seconds (4.71 M allocations: 2.925 GiB, 32.13% gc time)
719
  7.750337 seconds (3.69 M allocations: 2.311 GiB)
920
 14.723681 seconds (4.62 M allocations: 2.939 GiB, 31.02% gc time)
319
  4.414104 seconds (1.88 M allocations: 1.227 GiB)
121
  6.382424 seconds (2.77 M allocations: 1.792 GiB)
774
 14.661213 seconds (4.88 M allocations: 3.038 GiB, 31.16% gc time)
  7.349178 seconds (3.53 M allocations: 2.201 GiB)
270
  7.829952 seconds (2.93 M allocations: 2.007 GiB)
  6.043241 seconds (1.78 M allocations: 1.353 GiB)  9.238188 seconds (3.54 M allocations: 2.404 GiB)
  5.188896 seconds (1.72 M allocations: 1.237 GiB)
  4.849916 seconds (2.08 M allocations: 1.349 GiB)
  5.133890 seconds (1.98 M allocations: 1.340 GiB)
  5.140042 seconds (1.34 M allocations: 1.071 GiB)
  9.235775 seconds (3.85 M allocations: 2.528 GiB)
973
  8.700490 seconds (4.00 M allocations: 2.534 GiB)820  8.299134 seconds (3.27 M allocations: 2.194 GiB)  3.945981 seconds (655.86 k allocations: 679.389 MiB)


  8.838774 seconds (3.22 M allocations: 2.229 GiB)
  3.832516 seconds (561.49 k allocations: 624.961 MiB)
525
  7.913144 seconds (2.61 M allocations: 1.882 GiB)

  5.573168 seconds (1.32 M allocations: 1.072 GiB)
  5.120906 seconds (1.08 M allocations: 918.365 MiB)
  6.085848 seconds (1.73 M allocations: 1.334 GiB)

221
670
422
373
  3.695904 seconds (604.04 k allocations: 641.088 MiB)
122
474
575
20
320
921
171
70
876
623
720
775
  4.880464 seconds (1.51 M allocations: 1.115 GiB)
123
  5.073496 seconds (1.61 M allocations: 1.175 GiB)
671
  5.312841 seconds (1.32 M allocations: 1.083 GiB)
877
  6.021538 seconds (1.49 M allocations: 1.228 GiB)
374
  6.207951 seconds (2.32 M allocations: 1.580 GiB)
576
  6.568804 seconds (1.93 M allocations: 1.463 GiB)
71
  6.712675 seconds (2.00 M allocations: 1.506 GiB)
271
  7.204503 seconds (2.91 M allocations: 1.928 GiB)
222
  8.047295 seconds (2.44 M allocations: 1.826 GiB)
922
  8.320312 seconds (2.60 M allocations: 1.922 GiB)
776
  8.412983 seconds (2.78 M allocations: 2.005 GiB)
974
  8.425984 seconds (2.63 M allocations: 1.945 GiB)
624
  8.640140 seconds (3.03 M allocations: 2.132 GiB)
526
  8.973490 seconds (3.33 M allocations: 2.289 GiB)
21
 18.553758 seconds (3.31 M allocations: 2.321 GiB, 49.54% gc time)
 18.578367 seconds (3.33 M allocations: 2.331 GiB, 49.48% gc time)
 18.579470 seconds (3.32 M allocations: 2.328 GiB, 49.48% gc time)
721
172
821
 18.821801 seconds (3.71 M allocations: 2.513 GiB, 48.84% gc time)
475
 19.193749 seconds (3.95 M allocations: 2.647 GiB, 47.89% gc time)
321
 19.280938 seconds (3.99 M allocations: 2.673 GiB, 47.68% gc time)
423
 15.421557 seconds (3.50 M allocations: 2.077 GiB, 59.61% gc time)
124
 14.316101 seconds (2.68 M allocations: 1.627 GiB, 64.21% gc time)
72
 14.971517 seconds (3.11 M allocations: 1.870 GiB, 61.40% gc time)
375
 15.212134 seconds (3.33 M allocations: 1.985 GiB, 60.43% gc time)
577
 16.183553 seconds (3.78 M allocations: 2.270 GiB, 56.80% gc time)
878
 16.806656 seconds (4.24 M allocations: 2.522 GiB, 54.69% gc time)
672
 14.703575 seconds (3.11 M allocations: 1.842 GiB, 62.52% gc time)
923
 16.214565 seconds (3.68 M allocations: 2.232 GiB, 56.69% gc time)
272
 16.037784 seconds (3.72 M allocations: 2.229 GiB, 57.32% gc time)
223
 16.933341 seconds (3.58 M allocations: 2.261 GiB, 54.29% gc time)
777
 17.443873 seconds (3.63 M allocations: 2.333 GiB, 52.70% gc time)
975
 17.679039 seconds (3.70 M allocations: 2.387 GiB, 52.00% gc time)
527
  8.172248 seconds (3.28 M allocations: 2.187 GiB)
  5.173804 seconds (1.72 M allocations: 1.240 GiB)
  5.246784 seconds (1.78 M allocations: 1.270 GiB)
879
578
822
  5.110794 seconds (1.87 M allocations: 1.294 GiB)
673
  5.881803 seconds (2.52 M allocations: 1.638 GiB)
73
  8.631506 seconds (4.07 M allocations: 2.559 GiB)
173
  9.098266 seconds (4.18 M allocations: 2.650 GiB)
722
 19.626092 seconds (5.16 M allocations: 3.189 GiB, 46.84% gc time)
625
  5.251883 seconds (2.43 M allocations: 1.537 GiB)
924
 19.799638 seconds (5.23 M allocations: 3.233 GiB, 46.43% gc time)
  8.561255 seconds (3.98 M allocations: 2.514 GiB)
22
125
  6.231314 seconds (2.96 M allocations: 1.856 GiB)
273
  5.954585 seconds (2.80 M allocations: 1.762 GiB)
224
 10.687501 seconds (5.24 M allocations: 3.249 GiB)
476
 10.673246 seconds (5.18 M allocations: 3.223 GiB)
322
 11.300776 seconds (5.33 M allocations: 3.349 GiB)
424
  4.812821 seconds (2.21 M allocations: 1.403 GiB)
674
  5.185928 seconds (2.74 M allocations: 1.656 GiB)
579
  6.756665 seconds (3.60 M allocations: 2.173 GiB)
778
  5.743252 seconds (2.75 M allocations: 1.718 GiB)
74
  6.016177 seconds (3.16 M allocations: 1.914 GiB)
880
  4.824658 seconds (2.34 M allocations: 1.455 GiB)
925
 12.596333 seconds (6.07 M allocations: 3.785 GiB)
376
  9.108098 seconds (4.60 M allocations: 2.825 GiB)
976
  9.203844 seconds (4.61 M allocations: 2.840 GiB)
528
  9.082213 seconds (4.16 M allocations: 2.641 GiB)
823
  6.914632 seconds (2.76 M allocations: 1.844 GiB)
225
  8.661523 seconds (3.78 M allocations: 2.439 GiB)
626
  4.867748 seconds (2.07 M allocations: 1.348 GiB)
675
  4.761411 seconds (1.92 M allocations: 1.277 GiB)
580
  9.067853 seconds (4.19 M allocations: 2.654 GiB)
723
  8.236401 seconds (3.88 M allocations: 2.439 GiB)
23
  8.369343 seconds (3.85 M allocations: 2.440 GiB)
274
  5.899198 seconds (2.77 M allocations: 1.746 GiB)
779
  9.350650 seconds (4.50 M allocations: 2.809 GiB)
126
  5.384523 seconds (2.58 M allocations: 1.612 GiB)
881
 11.285959 seconds (5.66 M allocations: 3.486 GiB)
174
  9.094425 seconds (4.43 M allocations: 2.756 GiB)
477
  8.973645 seconds (4.37 M allocations: 2.721 GiB)
323
  5.907222 seconds (3.03 M allocations: 1.855 GiB)
926
  6.454463 seconds (3.61 M allocations: 2.150 GiB)
75
  8.602467 seconds (4.66 M allocations: 2.801 GiB)
425
  7.706514 seconds (3.72 M allocations: 2.324 GiB)
377
  6.468106 seconds (3.53 M allocations: 2.119 GiB)
977
 12.211039 seconds (2.79 M allocations: 1.732 GiB, 53.34% gc time)
676
 12.372451 seconds (2.83 M allocations: 1.765 GiB, 52.64% gc time)
581
 13.531523 seconds (3.61 M allocations: 2.206 GiB, 48.13% gc time)
226
 12.264084 seconds (2.61 M allocations: 1.664 GiB, 53.11% gc time)
780
 14.362897 seconds (4.05 M allocations: 2.471 GiB, 45.35% gc time)
824
 12.886884 seconds (2.67 M allocations: 1.751 GiB, 50.54% gc time)
 15.635990 seconds (4.60 M allocations: 2.830 GiB, 41.66% gc time)
882
529
 14.342344 seconds (3.60 M allocations: 2.284 GiB, 45.41% gc time)
275
 15.240877 seconds (4.00 M allocations: 2.538 GiB, 42.74% gc time)
724
 13.298558 seconds (2.63 M allocations: 1.775 GiB, 48.98% gc time)
927
 13.221012 seconds (2.74 M allocations: 1.813 GiB, 49.27% gc time)
76
 14.378252 seconds (3.72 M allocations: 2.337 GiB, 45.30% gc time)
127
 16.482215 seconds (4.94 M allocations: 3.052 GiB, 39.52% gc time)
627
 14.532888 seconds (3.46 M allocations: 2.244 GiB, 44.82% gc time)
478
 16.588839 seconds (4.97 M allocations: 3.080 GiB, 39.26% gc time)
24
 15.665026 seconds (4.30 M allocations: 2.708 GiB, 41.58% gc time)
175
  5.367599 seconds (2.80 M allocations: 1.705 GiB)
677
 15.799834 seconds (4.25 M allocations: 2.699 GiB, 41.22% gc time)
324
 15.252910 seconds (3.91 M allocations: 2.502 GiB, 42.70% gc time)
426
  5.409032 seconds (2.97 M allocations: 1.778 GiB)
227
 14.782398 seconds (4.07 M allocations: 2.521 GiB, 44.06% gc time)
378
  5.975354 seconds (3.10 M allocations: 1.892 GiB)
781
 15.445901 seconds (4.31 M allocations: 2.688 GiB, 42.17% gc time)
978
  7.928258 seconds (3.97 M allocations: 2.449 GiB)
582
  5.695103 seconds (2.55 M allocations: 1.634 GiB)
77
  6.443888 seconds (3.02 M allocations: 1.902 GiB)
928
  5.339632 seconds (2.29 M allocations: 1.490 GiB)
479
  7.883388 seconds (3.86 M allocations: 2.399 GiB)
883
  9.107348 seconds (4.47 M allocations: 2.772 GiB)
825
  8.768422 seconds (4.08 M allocations: 2.575 GiB)
  7.270945 seconds (2.98 M allocations: 1.969 GiB)
276
25
  5.041917 seconds (2.07 M allocations: 1.362 GiB)
379
  6.717907 seconds (2.88 M allocations: 1.870 GiB)
678
  6.138997 seconds (2.55 M allocations: 1.676 GiB)
228
  9.123113 seconds (4.47 M allocations: 2.770 GiB)
725
  9.068571 seconds (4.46 M allocations: 2.759 GiB)
128
 10.710116 seconds (5.51 M allocations: 3.362 GiB)
530
  8.818293 seconds (4.37 M allocations: 2.697 GiB)
628
  8.532348 seconds (4.21 M allocations: 2.604 GiB)
176
  7.135351 seconds (3.36 M allocations: 2.107 GiB)
782
  8.744579 seconds (4.06 M allocations: 2.564 GiB)
325
  9.335013 seconds (4.36 M allocations: 2.749 GiB)
427
  5.614778 seconds (2.97 M allocations: 1.793 GiB)
929
  5.758456 seconds (2.91 M allocations: 1.785 GiB)
884
  6.828244 seconds (3.57 M allocations: 2.166 GiB)
78
  8.542250 seconds (4.17 M allocations: 2.590 GiB)
979
  5.597856 seconds (2.61 M allocations: 1.652 GiB)
380
  5.481463 seconds (2.43 M allocations: 1.564 GiB)
229
  7.561408 seconds (3.70 M allocations: 2.298 GiB)
826
  6.028608 seconds (2.66 M allocations: 1.718 GiB)
129
  4.711898 seconds (1.99 M allocations: 1.304 GiB)
  7.229485 seconds (3.66 M allocations: 2.250 GiB)
26
783
  6.021956 seconds (2.56 M allocations: 1.676 GiB)
629
 11.801764 seconds (5.68 M allocations: 3.544 GiB)
583
  9.908415 seconds (4.93 M allocations: 3.044 GiB)
480
  7.822184 seconds (3.89 M allocations: 2.405 GiB)
  8.184804 seconds (4.40 M allocations: 2.654 GiB)
679
277
  8.946818 seconds (4.32 M allocations: 2.698 GiB)
726
  5.487020 seconds (2.55 M allocations: 1.615 GiB)
79
  7.181270 seconds (3.24 M allocations: 2.071 GiB)
930
  9.055805 seconds (4.20 M allocations: 2.660 GiB)
177
  9.056390 seconds (4.06 M allocations: 2.604 GiB)
326
  6.039473 seconds (2.80 M allocations: 1.773 GiB)
230
  8.122269 seconds (3.68 M allocations: 2.350 GiB)
885
 14.911577 seconds (4.27 M allocations: 2.686 GiB, 39.27% gc time)
428
 12.829630 seconds (3.36 M allocations: 2.097 GiB, 45.64% gc time)
 17.411960 seconds (5.38 M allocations: 3.401 GiB, 33.63% gc time)
531
381
 11.972218 seconds (3.08 M allocations: 1.895 GiB, 48.91% gc time)
130
 14.802677 seconds (4.31 M allocations: 2.691 GiB, 39.56% gc time)
980
 12.553223 seconds (3.14 M allocations: 1.979 GiB, 46.65% gc time)
27
 14.145969 seconds (4.08 M allocations: 2.529 GiB, 41.40% gc time)
827
 12.895597 seconds (3.32 M allocations: 2.086 GiB, 45.41% gc time)
584
 13.602885 seconds (3.62 M allocations: 2.284 GiB, 43.05% gc time)
784
 13.601686 seconds (3.63 M allocations: 2.290 GiB, 43.05% gc time)
630
 10.730188 seconds (2.62 M allocations: 1.578 GiB, 54.57% gc time)
931
 13.689264 seconds (3.74 M allocations: 2.341 GiB, 42.78% gc time)
481
 13.665844 seconds (3.67 M allocations: 2.312 GiB, 42.85% gc time)
680
  4.484254 seconds (1.89 M allocations: 1.240 GiB)
131
 14.867727 seconds (3.98 M allocations: 2.564 GiB, 39.39% gc time)
727
  5.901173 seconds (2.38 M allocations: 1.588 GiB)
 16.412331 seconds (4.53 M allocations: 2.948 GiB, 35.68% gc time)
382
278
 15.286134 seconds (4.37 M allocations: 2.766 GiB, 38.31% gc time)
80
  6.992779 seconds (3.26 M allocations: 2.062 GiB)
429
 13.590688 seconds (3.90 M allocations: 2.399 GiB, 43.09% gc time)
327
  4.771736 seconds (2.17 M allocations: 1.383 GiB)
  5.716532 seconds (2.75 M allocations: 1.717 GiB)
28
585
  7.271740 seconds (3.61 M allocations: 2.231 GiB)
532
  5.462575 seconds (2.65 M allocations: 1.651 GiB)
785
 15.722054 seconds (5.12 M allocations: 3.119 GiB, 37.25% gc time)
178
  5.823825 seconds (2.76 M allocations: 1.735 GiB)
932
  7.941281 seconds (4.00 M allocations: 2.461 GiB)
981
 10.281642 seconds (5.13 M allocations: 3.171 GiB)  9.943864 seconds (4.90 M allocations: 3.039 GiB)  7.016635 seconds (2.81 M allocations: 1.880 GiB)

  8.131197 seconds (3.79 M allocations: 2.396 GiB)

  4.250644 seconds (1.65 M allocations: 1.116 GiB)
  8.402272 seconds (3.43 M allocations: 2.274 GiB)
81
482
828
886
  6.173133 seconds (2.69 M allocations: 1.741 GiB)
631
231
681
  4.340940 seconds (2.00 M allocations: 1.269 GiB)
786
  6.612916 seconds (3.63 M allocations: 2.173 GiB)
728
  6.525844 seconds (3.50 M allocations: 2.109 GiB)
279
  5.872165 seconds (2.97 M allocations: 1.823 GiB)
29
  4.421280 seconds (2.20 M allocations: 1.357 GiB)
933
  8.912904 seconds (4.71 M allocations: 2.853 GiB)
132
  8.002944 seconds (4.33 M allocations: 2.606 GiB)
383
  8.108887 seconds (4.10 M allocations: 2.521 GiB)
430
  7.908197 seconds (3.76 M allocations: 2.360 GiB)
533
  8.258076 seconds (3.96 M allocations: 2.482 GiB)
586
  9.717717 seconds (4.70 M allocations: 2.936 GiB)
328
  8.095666 seconds (3.81 M allocations: 2.403 GiB)
179
  5.536673 seconds (2.52 M allocations: 1.609 GiB)
483
  5.619811 seconds (2.61 M allocations: 1.654 GiB)
82
  5.710799 seconds (2.61 M allocations: 1.663 GiB)
787
  7.032264 seconds (3.18 M allocations: 2.033 GiB)
682
  7.873484 seconds (3.67 M allocations: 2.318 GiB)
887
  8.067374 seconds (3.61 M allocations: 2.316 GiB)
982
  6.061517 seconds (2.67 M allocations: 1.720 GiB)
934
  5.889788 seconds (2.51 M allocations: 1.638 GiB)
384
  6.433841 seconds (2.79 M allocations: 1.811 GiB)
133
  7.930056 seconds (3.74 M allocations: 2.356 GiB)
  7.239938 seconds (3.25 M allocations: 2.083 GiB)
30
729
  9.906482 seconds (4.60 M allocations: 2.914 GiB)
232
  9.922576 seconds (4.62 M allocations: 2.923 GiB)
632
  8.735142 seconds (4.29 M allocations: 2.664 GiB)
280
 11.224030 seconds (5.21 M allocations: 3.301 GiB)
829
  4.356783 seconds (2.14 M allocations: 1.329 GiB)
788
 12.579902 seconds (3.56 M allocations: 2.239 GiB, 40.10% gc time)
534
 13.425398 seconds (4.04 M allocations: 2.523 GiB, 37.57% gc time)
431
 13.533280 seconds (3.97 M allocations: 2.506 GiB, 37.27% gc time)
587
 10.943141 seconds (2.81 M allocations: 1.763 GiB, 46.09% gc time)
683
 12.931449 seconds (3.70 M allocations: 2.330 GiB, 39.01% gc time)
484
 13.059716 seconds (3.77 M allocations: 2.373 GiB, 38.62% gc time)
83
 11.090261 seconds (2.93 M allocations: 1.826 GiB, 45.48% gc time)
935
 10.502971 seconds (2.71 M allocations: 1.674 GiB, 48.02% gc time)
134
 14.856536 seconds (4.55 M allocations: 2.879 GiB, 33.95% gc time)
329
 14.933386 seconds (4.57 M allocations: 2.895 GiB, 33.78% gc time)
180
 11.479883 seconds (3.17 M allocations: 1.963 GiB, 43.94% gc time)
385
 11.374812 seconds (3.16 M allocations: 1.946 GiB, 44.34% gc time)
31
 13.300452 seconds (4.17 M allocations: 2.562 GiB, 37.92% gc time)
983
  4.856716 seconds (2.21 M allocations: 1.408 GiB)
432
 13.171907 seconds (3.78 M allocations: 2.386 GiB, 38.29% gc time)
 12.706752 seconds (3.44 M allocations: 2.200 GiB, 39.70% gc time)
730
633
 15.775472 seconds (5.25 M allocations: 3.262 GiB, 31.97% gc time)
888
  5.280928 seconds (2.28 M allocations: 1.479 GiB)
84
  7.854728 seconds (3.60 M allocations: 2.287 GiB)
789
 13.824272 seconds (4.04 M allocations: 2.560 GiB, 36.49% gc time)
281
  6.672217 seconds (3.25 M allocations: 2.023 GiB)
588
 14.845931 seconds (4.70 M allocations: 2.938 GiB, 33.98% gc time)
233
  4.891010 seconds (2.25 M allocations: 1.430 GiB)
  9.087699 seconds (4.36 M allocations: 2.726 GiB)
386
830
  5.870454 seconds (2.92 M allocations: 1.803 GiB)
135
  7.769068 seconds (4.00 M allocations: 2.442 GiB)
684
  5.551040 seconds (2.72 M allocations: 1.691 GiB)
32
  9.557117 seconds (4.85 M allocations: 2.976 GiB)
535
  7.811236 seconds (4.00 M allocations: 2.447 GiB)
936
  8.745157 seconds (4.48 M allocations: 2.742 GiB)
485
  5.317259 seconds (2.72 M allocations: 1.665 GiB)
634
  9.087445 seconds (4.15 M allocations: 2.639 GiB)
330
  9.092806 seconds (4.11 M allocations: 2.625 GiB)
181
  4.903589 seconds (2.10 M allocations: 1.370 GiB)
589
  4.824470 seconds (2.09 M allocations: 1.357 GiB)
387
  9.091327 seconds (4.28 M allocations: 2.697 GiB)
984
  7.355776 seconds (3.53 M allocations: 2.210 GiB)
85
  9.071843 seconds (4.20 M allocations: 2.662 GiB)
731
  6.737950 seconds (2.77 M allocations: 1.835 GiB)
136
  5.692294 seconds (2.17 M allocations: 1.477 GiB)
937
  6.593787 seconds (2.68 M allocations: 1.782 GiB)
33
  8.916049 seconds (4.12 M allocations: 2.610 GiB)
790
  7.298697 seconds (3.10 M allocations: 2.027 GiB)
685
  9.015413 seconds (4.37 M allocations: 2.725 GiB)
282
  7.909241 seconds (3.63 M allocations: 2.308 GiB)
831
 10.682156 seconds (5.38 M allocations: 3.312 GiB)
889
 12.316042 seconds (6.16 M allocations: 3.799 GiB)
433
  6.224240 seconds (2.97 M allocations: 1.864 GiB)
635
  5.080384 seconds (2.80 M allocations: 1.673 GiB)
331
  4.403951 seconds (2.48 M allocations: 1.473 GiB)
388
  5.262620 seconds (2.88 M allocations: 1.728 GiB)
590
  8.860852 seconds (4.17 M allocations: 2.626 GiB)
486
 11.665828 seconds (5.75 M allocations: 3.564 GiB)
234
  9.743968 seconds (4.79 M allocations: 2.972 GiB)
536
 11.167062 seconds (2.77 M allocations: 1.646 GiB, 55.36% gc time)
137
 12.142399 seconds (3.20 M allocations: 1.925 GiB, 50.92% gc time)
86
 15.544618 seconds (4.42 M allocations: 2.778 GiB, 39.77% gc time)
182
 12.408182 seconds (3.03 M allocations: 1.881 GiB, 49.83% gc time)
938
 15.389816 seconds (4.35 M allocations: 2.731 GiB, 40.17% gc time)
985
 12.995261 seconds (3.31 M allocations: 2.058 GiB, 47.57% gc time)
34
 11.570301 seconds (2.09 M allocations: 1.408 GiB, 53.43% gc time)
389
 14.762102 seconds (4.37 M allocations: 2.676 GiB, 41.88% gc time)
 11.658579 seconds (2.16 M allocations: 1.448 GiB, 53.03% gc time)
732
591
 13.680682 seconds (3.59 M allocations: 2.243 GiB, 45.19% gc time)
832
 12.646916 seconds (3.02 M allocations: 1.906 GiB, 48.89% gc time)
636
 14.849917 seconds (4.29 M allocations: 2.651 GiB, 41.63% gc time)
 14.593840 seconds (3.96 M allocations: 2.489 GiB, 42.36% gc time)
791
283
 13.968260 seconds (3.56 M allocations: 2.258 GiB, 44.26% gc time)
332
  5.388908 seconds (2.44 M allocations: 1.556 GiB)
138
 15.837357 seconds (4.75 M allocations: 2.942 GiB, 39.04% gc time)
686
 15.146308 seconds (4.57 M allocations: 2.797 GiB, 40.82% gc time)
890
  7.569079 seconds (3.16 M allocations: 2.075 GiB)
87
 17.017271 seconds (4.86 M allocations: 3.106 GiB, 36.33% gc time)
434
  4.937353 seconds (2.09 M allocations: 1.363 GiB)
592
 15.842218 seconds (4.23 M allocations: 2.724 GiB, 39.03% gc time)
235
 15.964642 seconds (4.26 M allocations: 2.749 GiB, 38.73% gc time)
537
  5.371807 seconds (2.19 M allocations: 1.450 GiB)
637
  6.892577 seconds (3.33 M allocations: 2.073 GiB)
35
 17.043452 seconds (5.01 M allocations: 3.166 GiB, 36.27% gc time)
487
  8.208011 seconds (4.06 M allocations: 2.508 GiB)
939
  7.432098 seconds (3.63 M allocations: 2.253 GiB)
  4.830973 seconds (2.04 M allocations: 1.334 GiB)
390
139
  5.142946 seconds (2.44 M allocations: 1.529 GiB)
687
  7.710616 seconds (3.85 M allocations: 2.374 GiB)
733
  7.206893 seconds (3.38 M allocations: 2.128 GiB)
284
  7.491573 seconds (3.58 M allocations: 2.241 GiB)
792
  6.672759 seconds (3.03 M allocations: 1.931 GiB)
891
  8.996472 seconds (4.25 M allocations: 2.671 GiB)
833
 11.246590 seconds (5.86 M allocations: 3.564 GiB)
183
 10.424328 seconds (5.39 M allocations: 3.287 GiB)
986
  5.988059 seconds (3.06 M allocations: 1.872 GiB)
  5.015034 seconds (2.51 M allocations: 1.548 GiB)
593
638
  8.371477 seconds (3.96 M allocations: 2.486 GiB)
88
  5.577958 seconds (2.27 M allocations: 1.507 GiB)
140
 11.041140 seconds (5.11 M allocations: 3.235 GiB)
333
  8.599741 seconds (4.18 M allocations: 2.603 GiB)
435
  6.004388 seconds (2.54 M allocations: 1.662 GiB)
  7.120139 seconds (3.32 M allocations: 2.101 GiB)
688
36
  6.569844 seconds (3.20 M allocations: 1.993 GiB)
391
  8.425986 seconds (4.46 M allocations: 2.703 GiB)
236
  5.610010 seconds (2.83 M allocations: 1.741 GiB)
285
  8.122096 seconds (4.18 M allocations: 2.555 GiB)
488
  8.936005 seconds (4.65 M allocations: 2.834 GiB)
538
  6.151133 seconds (3.16 M allocations: 1.936 GiB)
793
  8.169743 seconds (3.93 M allocations: 2.460 GiB)
734
  4.948429 seconds (2.41 M allocations: 1.505 GiB)
639
  6.761145 seconds (3.18 M allocations: 2.006 GiB)
987
  5.832122 seconds (2.90 M allocations: 1.796 GiB)
594
  9.928505 seconds (5.10 M allocations: 3.120 GiB)
940
 10.753138 seconds (2.77 M allocations: 1.677 GiB, 51.41% gc time)
141
 11.806405 seconds (3.19 M allocations: 1.959 GiB, 46.83% gc time)
89
 15.453223 seconds (4.60 M allocations: 2.916 GiB, 35.78% gc time)
892
 15.453471 seconds (4.62 M allocations: 2.923 GiB, 35.78% gc time)
834
 11.730248 seconds (2.82 M allocations: 1.796 GiB, 47.13% gc time)
392
 16.089485 seconds (4.86 M allocations: 3.086 GiB, 34.36% gc time)
184
 12.714638 seconds (3.37 M allocations: 2.124 GiB, 43.48% gc time)
436
 12.741717 seconds (3.40 M allocations: 2.137 GiB, 43.39% gc time)
689
 13.298143 seconds (3.76 M allocations: 2.345 GiB, 41.57% gc time)
37
 10.086541 seconds (1.97 M allocations: 1.277 GiB, 54.81% gc time)
595
 10.946889 seconds (2.46 M allocations: 1.569 GiB, 50.50% gc time)
640
 12.571592 seconds (3.21 M allocations: 2.041 GiB, 43.98% gc time)
794
 13.643165 seconds (3.59 M allocations: 2.309 GiB, 40.52% gc time)
 14.562855 seconds (4.17 M allocations: 2.642 GiB, 37.96% gc time)
539
237
 16.015822 seconds (5.35 M allocations: 3.280 GiB, 34.52% gc time)
334
 14.984525 seconds (4.50 M allocations: 2.824 GiB, 36.90% gc time)
286
 14.883179 seconds (4.38 M allocations: 2.760 GiB, 37.15% gc time)
489
  5.263919 seconds (2.81 M allocations: 1.695 GiB)
90
  4.369767 seconds (2.11 M allocations: 1.316 GiB)
437
 14.156843 seconds (4.05 M allocations: 2.552 GiB, 39.05% gc time)
988
 15.193022 seconds (4.59 M allocations: 2.880 GiB, 36.39% gc time)
735
  7.632077 seconds (3.76 M allocations: 2.334 GiB)
142
 14.622567 seconds (4.33 M allocations: 2.715 GiB, 37.81% gc time)
941
  5.697658 seconds (2.49 M allocations: 1.612 GiB)
596
  6.353152 seconds (3.03 M allocations: 1.900 GiB)
690
  6.253299 seconds (3.09 M allocations: 1.912 GiB)
38
  7.306957 seconds (3.69 M allocations: 2.269 GiB)
185
  8.953443 seconds (4.48 M allocations: 2.760 GiB)
893
  8.955054 seconds (4.48 M allocations: 2.761 GiB)
835
  6.175167 seconds (3.08 M allocations: 1.900 GiB)
795
  7.892227 seconds (3.75 M allocations: 2.351 GiB)
641
  6.084666 seconds (2.91 M allocations: 1.816 GiB)
287
  6.104248 seconds (2.80 M allocations: 1.775 GiB)
91
  7.762799 seconds (3.73 M allocations: 2.329 GiB)
238
  7.806189 seconds (3.75 M allocations: 2.341 GiB)
540
  4.514693 seconds (1.79 M allocations: 1.200 GiB)
39
  5.091072 seconds (2.25 M allocations: 1.445 GiB)
691
  7.332731 seconds (3.36 M allocations: 2.131 GiB)
989
 12.961962 seconds (6.32 M allocations: 3.926 GiB)
393
  5.583963 seconds (2.66 M allocations: 1.665 GiB)
597
  9.019298 seconds (4.42 M allocations: 2.739 GiB)
490
  5.334366 seconds (2.29 M allocations: 1.489 GiB)
796
  7.871906 seconds (3.74 M allocations: 2.342 GiB)
942
 10.793107 seconds (5.33 M allocations: 3.295 GiB)
335
  6.927844 seconds (3.29 M allocations: 2.062 GiB)
186
  5.571502 seconds (2.72 M allocations: 1.688 GiB)
642
  9.421982 seconds (4.64 M allocations: 2.868 GiB)
143
 10.963952 seconds (5.36 M allocations: 3.322 GiB)
438
  6.731396 seconds (3.17 M allocations: 1.991 GiB)
288
  6.723548 seconds (3.06 M allocations: 1.949 GiB)
92
  9.062604 seconds (4.08 M allocations: 2.606 GiB)
894
  9.066884 seconds (4.09 M allocations: 2.613 GiB)
836
  6.099999 seconds (3.07 M allocations: 1.887 GiB)
40
  7.726618 seconds (3.59 M allocations: 2.266 GiB)
541
  6.904150 seconds (3.31 M allocations: 2.067 GiB)
692
  8.641914 seconds (4.00 M allocations: 2.529 GiB)
239
  5.361041 seconds (2.40 M allocations: 1.539 GiB)
943
  6.908800 seconds (3.24 M allocations: 2.040 GiB)
394
 14.243342 seconds (6.86 M allocations: 4.277 GiB)
736
  5.314131 seconds (2.55 M allocations: 1.595 GiB)
643
  6.219733 seconds (3.05 M allocations: 1.893 GiB)
336
  7.056537 seconds (3.49 M allocations: 2.161 GiB)
797
  7.924996 seconds (3.92 M allocations: 2.426 GiB)
598
  8.155881 seconds (4.26 M allocations: 2.587 GiB)
990
  7.407611 seconds (3.68 M allocations: 2.274 GiB)
187
  6.246077 seconds (3.16 M allocations: 1.941 GiB)
439
  8.404236 seconds (3.83 M allocations: 2.440 GiB)
144
 10.925602 seconds (5.12 M allocations: 3.228 GiB)
491
 13.975655 seconds (3.52 M allocations: 2.221 GiB, 46.12% gc time)
93
 11.853908 seconds (2.42 M allocations: 1.552 GiB, 54.37% gc time)
944
 11.646175 seconds (2.13 M allocations: 1.412 GiB, 55.34% gc time)
644
 12.893564 seconds (3.13 M allocations: 1.948 GiB, 49.99% gc time)
 14.164624 seconds (3.59 M allocations: 2.271 GiB, 45.50% gc time)
693
41
 15.199618 seconds (3.98 M allocations: 2.536 GiB, 42.40% gc time)
895
 15.193038 seconds (4.06 M allocations: 2.569 GiB, 42.42% gc time)
837
 15.644290 seconds (4.52 M allocations: 2.807 GiB, 41.20% gc time)
289
 12.363232 seconds (2.63 M allocations: 1.693 GiB, 52.13% gc time)
599
 12.659201 seconds (2.85 M allocations: 1.811 GiB, 50.91% gc time)
798
 14.090535 seconds (3.93 M allocations: 2.403 GiB, 45.74% gc time)
240
 12.016107 seconds (2.61 M allocations: 1.647 GiB, 53.64% gc time)
440
 13.621380 seconds (3.30 M allocations: 2.096 GiB, 47.32% gc time)
337
 16.057037 seconds (5.08 M allocations: 3.078 GiB, 40.14% gc time)
542
 14.980246 seconds (4.32 M allocations: 2.658 GiB, 43.03% gc time)
395
 15.984398 seconds (4.67 M allocations: 2.905 GiB, 40.32% gc time)
737
  5.028738 seconds (2.78 M allocations: 1.663 GiB)
94
  5.137909 seconds (2.66 M allocations: 1.626 GiB)
645
 13.417184 seconds (3.36 M allocations: 2.099 GiB, 48.04% gc time)
492
 15.854339 seconds (4.25 M allocations: 2.717 GiB, 40.65% gc time)
188
  5.387183 seconds (2.36 M allocations: 1.525 GiB)
896
 17.608261 seconds (5.05 M allocations: 3.227 GiB, 36.60% gc time)
991
  5.419015 seconds (2.44 M allocations: 1.561 GiB)
600
  5.525002 seconds (2.58 M allocations: 1.630 GiB)
799
  7.587425 seconds (4.11 M allocations: 2.471 GiB)
945
 15.601242 seconds (4.74 M allocations: 2.888 GiB, 41.31% gc time)
145
  5.888544 seconds (2.77 M allocations: 1.746 GiB)
441
  7.787855 seconds (3.86 M allocations: 2.388 GiB)
42
  8.922852 seconds (4.26 M allocations: 2.670 GiB)
694
  8.845710 seconds (4.10 M allocations: 2.595 GiB)
838
  5.457384 seconds (2.57 M allocations: 1.618 GiB)
95
  9.501482 seconds (4.50 M allocations: 2.828 GiB)
290
  9.034501 seconds (4.19 M allocations: 2.653 GiB)
241
  4.217905 seconds (1.91 M allocations: 1.220 GiB)
601
  9.006685 seconds (4.18 M allocations: 2.642 GiB)
338
  7.657846 seconds (3.62 M allocations: 2.276 GiB)
738
  9.117977 seconds (4.20 M allocations: 2.664 GiB)
396
  7.100729 seconds (3.55 M allocations: 2.186 GiB)
646
  5.745895 seconds (2.75 M allocations: 1.722 GiB)
800
  7.595704 seconds (3.78 M allocations: 2.334 GiB)
493
  6.929062 seconds (3.50 M allocations: 2.151 GiB)
189
 10.963932 seconds (5.22 M allocations: 3.271 GiB)
543
  6.134304 seconds (2.94 M allocations: 1.836 GiB)
442
  6.003729 seconds (2.80 M allocations: 1.767 GiB)
43
  7.843008 seconds (4.01 M allocations: 2.450 GiB)
992
 11.314841 seconds (4.81 M allocations: 3.140 GiB)  5.385854 seconds (2.74 M allocations: 1.679 GiB)  4.647789 seconds (2.06 M allocations: 1.324 GiB)


695
  4.333856 seconds (1.25 M allocations: 979.548 MiB)
897
  8.132677 seconds (3.68 M allocations: 2.348 GiB)
  6.546421 seconds (2.70 M allocations: 1.779 GiB)
  7.134049 seconds (2.96 M allocations: 1.948 GiB)
801
146
839
96
  3.789773 seconds (820.48 k allocations: 747.925 MiB)
44
  4.376455 seconds (1.32 M allocations: 1019.233 MiB)
 10.854999 seconds (4.46 M allocations: 2.949 GiB)
544
946
  5.410561 seconds (2.53 M allocations: 1.595 GiB)
494
  7.665094 seconds (3.90 M allocations: 2.388 GiB)
242
  8.401443 seconds (4.48 M allocations: 2.704 GiB)
291
  7.309948 seconds (3.84 M allocations: 2.330 GiB)
739
  4.666258 seconds (2.44 M allocations: 1.482 GiB)
443
  7.400134 seconds (3.95 M allocations: 2.384 GiB)
339
  7.556175 seconds (4.23 M allocations: 2.512 GiB)
397
  7.295277 seconds (3.79 M allocations: 2.306 GiB)
190
 10.511677 seconds (4.81 M allocations: 3.055 GiB)
647
 10.700854 seconds (2.19 M allocations: 1.452 GiB, 49.14% gc time)
898
 10.644769 seconds (1.94 M allocations: 1.346 GiB, 49.40% gc time)
495
 11.117236 seconds (2.51 M allocations: 1.626 GiB, 47.30% gc time)
 11.142683 seconds (2.53 M allocations: 1.639 GiB, 47.19% gc time)
97
 11.375850 seconds (3.01 M allocations: 1.860 GiB, 46.22% gc time)
696
 10.687185 seconds (1.78 M allocations: 1.284 GiB, 49.20% gc time)
444
 11.344050 seconds (2.51 M allocations: 1.650 GiB, 46.35% gc time)
243
 11.352444 seconds (2.13 M allocations: 1.495 GiB, 46.32% gc time)
340
 12.543386 seconds (3.23 M allocations: 2.071 GiB, 41.92% gc time)
545
 12.654042 seconds (3.27 M allocations: 2.097 GiB, 41.55% gc time)
947
 12.591420 seconds (2.86 M allocations: 1.925 GiB, 41.76% gc time)
740
 13.506257 seconds (3.80 M allocations: 2.401 GiB, 38.93% gc time)
45
 13.287920 seconds (3.09 M allocations: 2.089 GiB, 39.57% gc time)
292
 12.972450 seconds (2.99 M allocations: 2.018 GiB, 40.53% gc time)
398
 15.030216 seconds (4.53 M allocations: 2.859 GiB, 34.98% gc time)
840
 13.292715 seconds (3.23 M allocations: 2.149 GiB, 39.56% gc time)
191
  4.718323 seconds (2.46 M allocations: 1.495 GiB)
496
 15.911560 seconds (5.10 M allocations: 3.186 GiB, 33.05% gc time)
 11.145622 seconds (2.92 M allocations: 1.802 GiB, 47.18% gc time)
147
648
  5.020223 seconds (2.75 M allocations: 1.648 GiB)
899
  4.849923 seconds (2.75 M allocations: 1.632 GiB)
697
 16.378739 seconds (5.73 M allocations: 3.492 GiB, 32.10% gc time)
993
  6.370766 seconds (3.10 M allocations: 1.931 GiB)
445
  7.276280 seconds (3.54 M allocations: 2.205 GiB)
98
  4.971405 seconds (2.25 M allocations: 1.440 GiB)
46
  6.586476 seconds (3.07 M allocations: 1.942 GiB)
546
  7.810037 seconds (3.72 M allocations: 2.336 GiB)
244
  6.808706 seconds (3.16 M allocations: 1.999 GiB)
741
  8.065918 seconds (3.79 M allocations: 2.391 GiB)
341
  4.802743 seconds (1.98 M allocations: 1.306 GiB)
148
  5.038404 seconds (2.11 M allocations: 1.385 GiB)
900
  5.670356 seconds (2.42 M allocations: 1.578 GiB)
497
  9.083109 seconds (4.34 M allocations: 2.720 GiB)
948
  6.835932 seconds (2.81 M allocations: 1.860 GiB)
649
  7.197813 seconds (3.41 M allocations: 2.145 GiB)
192
  4.155143 seconds (1.82 M allocations: 1.175 GiB)
47
  8.785392 seconds (4.29 M allocations: 2.671 GiB)
399
  9.085446 seconds (4.50 M allocations: 2.788 GiB)
293
  7.193217 seconds (3.17 M allocations: 2.045 GiB)
698
  6.161185 seconds (3.08 M allocations: 1.903 GiB)
446
  5.825389 seconds (2.88 M allocations: 1.785 GiB)
99
  8.161483 seconds (3.70 M allocations: 2.362 GiB)
994
  9.559093 seconds (4.97 M allocations: 3.028 GiB)
841
  4.929080 seconds (2.36 M allocations: 1.479 GiB)
901
  7.020967 seconds (3.48 M allocations: 2.153 GiB)
547
  5.923028 seconds (2.87 M allocations: 1.792 GiB)
149
  5.137953 seconds (2.63 M allocations: 1.611 GiB)
498
  6.780539 seconds (3.51 M allocations: 2.141 GiB)
742
  5.075404 seconds (2.39 M allocations: 1.505 GiB)
48
  5.610591 seconds (2.73 M allocations: 1.696 GiB)
650
  9.094058 seconds (4.47 M allocations: 2.773 GiB)
245
  5.584464 seconds (2.48 M allocations: 1.593 GiB)
699
  6.047518 seconds (2.89 M allocations: 1.807 GiB)
400
  9.094080 seconds (4.54 M allocations: 2.801 GiB)
342
  3.843983 seconds (1.92 M allocations: 1.185 GiB)
  7.063541 seconds (3.49 M allocations: 2.159 GiB)
193
  6.057024 seconds (2.63 M allocations: 1.704 GiB)
995
  4.525266 seconds (1.90 M allocations: 1.246 GiB)
499
 13.782041 seconds (4.69 M allocations: 2.919 GiB, 29.66% gc time)
949
  9.056551 seconds (2.21 M allocations: 1.416 GiB, 45.13% gc time)
150
 11.826269 seconds (3.69 M allocations: 2.308 GiB, 34.56% gc time)
447
  8.474239 seconds (2.00 M allocations: 1.268 GiB, 48.24% gc time)
651
  9.061513 seconds (2.36 M allocations: 1.475 GiB, 45.11% gc time)
 13.638554 seconds (4.39 M allocations: 2.783 GiB, 29.97% gc time)
49
294
 10.170919 seconds (2.87 M allocations: 1.802 GiB, 40.19% gc time)
743
 13.241795 seconds (4.29 M allocations: 2.701 GiB, 30.87% gc time)
100
  9.070187 seconds (2.50 M allocations: 1.535 GiB, 45.07% gc time)
700
 12.949836 seconds (4.08 M allocations: 2.585 GiB, 31.56% gc time)
548
 10.217721 seconds (2.67 M allocations: 1.724 GiB, 40.00% gc time)
401
 10.199529 seconds (2.67 M allocations: 1.722 GiB, 40.08% gc time)
194
 10.714376 seconds (3.00 M allocations: 1.911 GiB, 38.15% gc time)
343
  4.708925 seconds (2.21 M allocations: 1.395 GiB)
151
 16.910976 seconds (5.70 M allocations: 3.656 GiB, 24.17% gc time)
  4.765013 seconds (2.07 M allocations: 1.342 GiB)
842
  4.389869 seconds (1.72 M allocations: 1.160 GiB)
50
 13.184089 seconds (4.33 M allocations: 2.711 GiB, 31.00% gc time)
246
  4.900644 seconds (2.12 M allocations: 1.375 GiB)
295
  3.807775 seconds (1.60 M allocations: 1.050 GiB)
701
  6.529335 seconds (3.14 M allocations: 1.967 GiB)
448
  7.552719 seconds (3.83 M allocations: 2.354 GiB)
500
  6.024808 seconds (2.79 M allocations: 1.768 GiB)
744
  6.343283 seconds (2.84 M allocations: 1.823 GiB)
101
  9.046556 seconds (4.20 M allocations: 2.659 GiB)
950
 14.502085 seconds (4.86 M allocations: 3.065 GiB, 28.19% gc time)
996
  4.830601 seconds (2.21 M allocations: 1.408 GiB)
  6.040834 seconds (2.81 M allocations: 1.777 GiB)
  4.493664 seconds (1.93 M allocations: 1.259 GiB)
  4.437186 seconds (1.89 M allocations: 1.234 GiB)
843
51
  4.248696 seconds (1.72 M allocations: 1.146 GiB)
  3.892060 seconds (1.53 M allocations: 1.033 GiB)
449
  6.911645 seconds (3.07 M allocations: 1.977 GiB)
344
  4.350416 seconds (1.74 M allocations: 1.165 GiB)
501
  7.469807 seconds (3.43 M allocations: 2.183 GiB)
195
  8.263341 seconds (3.94 M allocations: 2.474 GiB)
549
  5.856256 seconds (2.63 M allocations: 1.685 GiB)
296
  3.421355 seconds (1.60 M allocations: 1.013 GiB)
997
  5.490171 seconds (2.45 M allocations: 1.577 GiB)
745
  7.393597 seconds (3.31 M allocations: 2.125 GiB)
247
  3.302423 seconds (1.72 M allocations: 1.049 GiB)
  3.149963 seconds (1.56 M allocations: 991.294 MiB)
450
  3.031980 seconds (1.30 M allocations: 869.227 MiB)
  6.796319 seconds (2.92 M allocations: 1.905 GiB)
  6.121128 seconds (2.61 M allocations: 1.707 GiB)
951
  3.386261 seconds (1.19 M allocations: 857.392 MiB)
297
  5.508176 seconds (2.50 M allocations: 1.599 GiB)
844
  4.225261 seconds (1.85 M allocations: 1.196 GiB)
196
  4.501564 seconds (1.81 M allocations: 1.207 GiB)
550
  3.016450 seconds (1.13 M allocations: 792.325 MiB)
451
  9.062638 seconds (2.79 M allocations: 1.763 GiB, 33.68% gc time)
345
  6.823221 seconds (1.54 M allocations: 1.015 GiB, 44.73% gc time)
248
  7.740590 seconds (2.05 M allocations: 1.318 GiB, 39.43% gc time)
746
  6.200768 seconds (1.41 M allocations: 918.774 MiB, 49.22% gc time)
298
  9.234620 seconds (2.68 M allocations: 1.732 GiB, 33.05% gc time)
998
  7.095111 seconds (1.95 M allocations: 1.212 GiB, 43.02% gc time)
  6.666903 seconds (1.62 M allocations: 1.031 GiB, 45.78% gc time)
845
  6.084391 seconds (1.33 M allocations: 872.936 MiB, 50.16% gc time)
551
  3.016711 seconds (1.40 M allocations: 904.926 MiB)
  7.308548 seconds (1.85 M allocations: 1.193 GiB, 41.76% gc time)
197
  3.020151 seconds (1.16 M allocations: 806.537 MiB)
249
  3.045786 seconds (1.09 M allocations: 748.221 MiB)
299
  4.016700 seconds (1.42 M allocations: 990.223 MiB)
747
  4.460746 seconds (1.73 M allocations: 1.139 GiB)
346
  3.153472 seconds (1.37 M allocations: 869.637 MiB)
999
  3.033083 seconds (1.20 M allocations: 782.225 MiB)
  3.741347 seconds (1.29 M allocations: 883.891 MiB)
846
  3.103981 seconds (1.11 M allocations: 749.160 MiB)
198
  3.297192 seconds (1.24 M allocations: 824.397 MiB)
250
  3.028065 seconds (1.15 M allocations: 761.121 MiB)
300
  3.019466 seconds (1.07 M allocations: 727.457 MiB)
347
  3.018144 seconds (1.07 M allocations: 725.509 MiB)
1000
  3.404872 seconds (1.40 M allocations: 899.247 MiB)
748
  3.019456 seconds (1.21 M allocations: 786.313 MiB)
847
  3.022522 seconds (1.21 M allocations: 785.282 MiB)
199
  3.019518 seconds (1.21 M allocations: 784.961 MiB)
251
  4.696677 seconds (1.21 M allocations: 787.106 MiB, 35.62% gc time)
301
  4.693448 seconds (1.21 M allocations: 786.458 MiB, 35.64% gc time)
348
  4.694293 seconds (1.17 M allocations: 771.830 MiB, 35.64% gc time)
1001
  4.692129 seconds (1.16 M allocations: 767.020 MiB, 35.65% gc time)
749
  4.691312 seconds (1.21 M allocations: 787.199 MiB, 35.66% gc time)
848
  4.693846 seconds (1.21 M allocations: 788.843 MiB, 35.64% gc time)
200
  4.696439 seconds (1.21 M allocations: 789.057 MiB, 35.62% gc time)
  3.030673 seconds (1.07 M allocations: 729.508 MiB)
  3.071856 seconds (934.56 k allocations: 668.835 MiB)
349
  3.032141 seconds (873.58 k allocations: 633.401 MiB)
  3.021515 seconds (783.34 k allocations: 593.249 MiB)
750
  3.017016 seconds (717.58 k allocations: 520.004 MiB)
849
  3.017161 seconds (661.01 k allocations: 456.988 MiB)
201
  3.699586 seconds (640.26 k allocations: 434.003 MiB, 17.14% gc time)
350
  3.670169 seconds (635.95 k allocations: 429.268 MiB, 17.28% gc time)
751
  3.649539 seconds (634.69 k allocations: 427.865 MiB, 17.38% gc time)
850
  3.666594 seconds (635.72 k allocations: 429.010 MiB, 17.30% gc time)
  3.024707 seconds (486.24 k allocations: 355.476 MiB)
351
  3.290818 seconds (482.13 k allocations: 350.898 MiB, 8.04% gc time)
  3.280097 seconds (305.41 k allocations: 247.021 MiB, 8.06% gc time)
851
  3.114341 seconds (251.59 k allocations: 187.260 MiB, 3.14% gc time)
  3.089211 seconds (90.82 k allocations: 101.092 MiB, 3.16% gc time)
