Graph 1 is connected.
Graph 2 is connected.
Graph 3 is connected.
Graph 4 is connected.
Graph 5 is connected.
Graph 6 is connected.
Graph 7 is connected.
Graph 8 is connected.
Graph 9 is connected.
Graph 10 is connected.
Graph 11 is connected.
Matrix 1 normalized.
Matrix 2 normalized.
Matrix 3 normalized.
Matrix 4 normalized.
Matrix 5 normalized.
Matrix 6 normalized.
Matrix 7 normalized.
Matrix 8 normalized.
Matrix 9 normalized.
Matrix 10 normalized.
Matrix 11 normalized.
Number of threads: 20
752
502
602
952
352
152
1
902252

202802

402
852
52
452652

102
552
302
702
  5.252421 seconds (676.11 k allocations: 733.443 MiB, 18.24% gc time)
303
  6.117439 seconds (1.06 M allocations: 981.074 MiB, 15.66% gc time, 2.74% compilation time)
753
  6.313570 seconds (1.26 M allocations: 1.059 GiB, 15.17% gc time, 2.65% compilation time)
503
  7.843027 seconds (1.55 M allocations: 1.244 GiB, 22.97% gc time, 2.13% compilation time)
353
  7.911171 seconds (1.58 M allocations: 1.266 GiB, 22.77% gc time, 2.12% compilation time)
453
  8.342927 seconds (1.68 M allocations: 1.352 GiB, 21.59% gc time, 2.01% compilation time)
803
  8.787500 seconds (2.33 M allocations: 1.661 GiB, 20.50% gc time, 1.91% compilation time)
2
  9.406198 seconds (2.17 M allocations: 1.663 GiB, 19.15% gc time, 1.78% compilation time)
203
  9.526059 seconds (2.26 M allocations: 1.712 GiB, 18.91% gc time, 1.76% compilation time)
  9.525602 seconds (2.25 M allocations: 1.711 GiB, 18.91% gc time, 1.76% compilation time)
903
603
  9.717776 seconds (2.56 M allocations: 1.855 GiB, 18.54% gc time, 1.72% compilation time)
953
  9.730427 seconds (2.55 M allocations: 1.853 GiB, 18.51% gc time, 1.72% compilation time)
853
  9.865550 seconds (2.70 M allocations: 1.928 GiB, 18.26% gc time, 1.70% compilation time)
703
 17.265065 seconds (3.21 M allocations: 2.262 GiB, 45.86% gc time, 0.97% compilation time)
103
 17.392059 seconds (3.41 M allocations: 2.354 GiB, 45.53% gc time, 0.96% compilation time)
653
 17.473113 seconds (3.62 M allocations: 2.446 GiB, 45.32% gc time, 0.96% compilation time)
253
 17.435526 seconds (3.34 M allocations: 2.332 GiB, 45.42% gc time, 0.96% compilation time)
153
 17.868186 seconds (3.78 M allocations: 2.555 GiB, 44.32% gc time, 0.94% compilation time)
553
 18.415455 seconds (4.16 M allocations: 2.766 GiB, 43.00% gc time, 0.91% compilation time)
403
 12.866318 seconds (3.29 M allocations: 1.945 GiB, 54.10% gc time)
304
 19.308006 seconds (4.34 M allocations: 2.930 GiB, 41.01% gc time, 0.87% compilation time)
53
 11.620879 seconds (2.87 M allocations: 1.734 GiB, 52.64% gc time)
454
 12.182047 seconds (3.32 M allocations: 1.973 GiB, 50.21% gc time)
354
 12.151947 seconds (3.04 M allocations: 1.851 GiB, 50.34% gc time)
3
 12.702945 seconds (3.35 M allocations: 2.039 GiB, 48.15% gc time)
804
 14.374077 seconds (3.91 M allocations: 2.439 GiB, 42.56% gc time)
504
 12.413576 seconds (2.68 M allocations: 1.734 GiB, 49.28% gc time)
704
 13.692030 seconds (3.55 M allocations: 2.217 GiB, 44.68% gc time)
204
  5.576527 seconds (2.25 M allocations: 1.487 GiB)
654
 13.723235 seconds (3.37 M allocations: 2.147 GiB, 44.57% gc time)
604
 13.759676 seconds (3.40 M allocations: 2.165 GiB, 44.46% gc time)
904
 17.664435 seconds (5.45 M allocations: 3.315 GiB, 39.40% gc time)
754
 14.505998 seconds (4.05 M allocations: 2.506 GiB, 42.17% gc time)
954
 14.464660 seconds (3.96 M allocations: 2.465 GiB, 42.29% gc time)
854
  6.406865 seconds (2.97 M allocations: 1.864 GiB)
404
  7.684132 seconds (3.69 M allocations: 2.289 GiB)
104
  8.257257 seconds (3.86 M allocations: 2.417 GiB)
254
  8.414010 seconds (3.80 M allocations: 2.409 GiB)
554
  6.684318 seconds (2.99 M allocations: 1.900 GiB)
355
  9.196467 seconds (4.18 M allocations: 2.641 GiB)
154
  8.022860 seconds (3.81 M allocations: 2.370 GiB)
305
  8.128621 seconds (3.76 M allocations: 2.359 GiB)
455
  9.018291 seconds (4.02 M allocations: 2.555 GiB)
54
  8.430985 seconds (3.53 M allocations: 2.294 GiB)
  7.751310 seconds (3.52 M allocations: 2.221 GiB)
  6.785306 seconds (3.15 M allocations: 1.969 GiB)
805
505
4
  6.882762 seconds (3.29 M allocations: 2.033 GiB)
205
  7.480524 seconds (3.72 M allocations: 2.271 GiB)
705
  7.054458 seconds (3.24 M allocations: 2.033 GiB)
605
  7.650455 seconds (3.54 M allocations: 2.217 GiB)
655
  8.100063 seconds (3.74 M allocations: 2.340 GiB)
905
  6.942462 seconds (3.03 M allocations: 1.931 GiB)
105
  8.400365 seconds (3.81 M allocations: 2.398 GiB)
755
  7.919632 seconds (3.55 M allocations: 2.243 GiB)
855
  8.091839 seconds (3.69 M allocations: 2.312 GiB)
405
  6.602007 seconds (3.00 M allocations: 1.880 GiB)
356
  7.840204 seconds (3.61 M allocations: 2.255 GiB)
255
  9.675931 seconds (4.56 M allocations: 2.830 GiB)
955
  7.097765 seconds (3.32 M allocations: 2.064 GiB)
306
  8.019409 seconds (3.93 M allocations: 2.403 GiB)
555
  7.965680 seconds (3.78 M allocations: 2.336 GiB)
155
  7.599236 seconds (3.65 M allocations: 2.249 GiB)
456
  8.137386 seconds (3.45 M allocations: 2.224 GiB)
806
  8.048829 seconds (3.37 M allocations: 2.183 GiB)
506
  8.260557 seconds (3.53 M allocations: 2.271 GiB)
5
  7.848007 seconds (3.34 M allocations: 2.149 GiB)
706
  8.642026 seconds (3.55 M allocations: 2.318 GiB)
606
  9.682205 seconds (4.12 M allocations: 2.657 GiB)
55
  7.160301 seconds (2.93 M allocations: 1.923 GiB)
756
  9.427997 seconds (4.12 M allocations: 2.629 GiB)
206
  8.582197 seconds (3.78 M allocations: 2.403 GiB)
  5.421410 seconds (2.09 M allocations: 1.402 GiB)
656
307
  6.778704 seconds (3.03 M allocations: 1.919 GiB)
  8.312174 seconds (3.79 M allocations: 2.382 GiB)
406
906
  6.491918 seconds (2.93 M allocations: 1.845 GiB)
256
  6.621339 seconds (3.13 M allocations: 1.938 GiB)
357
  5.620686 seconds (2.72 M allocations: 1.676 GiB)
556
  6.893130 seconds (3.55 M allocations: 2.135 GiB)
956
  8.682588 seconds (4.49 M allocations: 2.702 GiB)
856
  9.022467 seconds (4.68 M allocations: 2.813 GiB)
106
  7.350734 seconds (3.49 M allocations: 2.159 GiB)
457
  7.973251 seconds (3.73 M allocations: 2.321 GiB)
156
  6.708922 seconds (3.38 M allocations: 2.047 GiB)
807
  6.919694 seconds (3.29 M allocations: 2.036 GiB)
707
 12.166915 seconds (3.73 M allocations: 2.331 GiB, 33.43% gc time)
507
 10.194554 seconds (2.18 M allocations: 1.508 GiB, 39.90% gc time)
407
 11.205844 seconds (3.41 M allocations: 2.106 GiB, 36.30% gc time)
56
  9.588529 seconds (1.77 M allocations: 1.285 GiB, 42.43% gc time)
107
 13.476879 seconds (4.50 M allocations: 2.780 GiB, 30.19% gc time)
6
 11.957894 seconds (3.15 M allocations: 2.088 GiB, 34.02% gc time)
907
  8.883088 seconds (1.68 M allocations: 1.179 GiB, 45.79% gc time)
157
 12.001467 seconds (3.13 M allocations: 2.083 GiB, 33.90% gc time)
308
 13.301128 seconds (4.57 M allocations: 2.795 GiB, 30.58% gc time)
607
 12.929786 seconds (3.99 M allocations: 2.528 GiB, 31.46% gc time)
657
 13.211490 seconds (4.27 M allocations: 2.673 GiB, 30.79% gc time)
757
 12.800345 seconds (3.64 M allocations: 2.378 GiB, 31.78% gc time)
257
 13.720248 seconds (4.70 M allocations: 2.901 GiB, 29.65% gc time)
207
 13.294664 seconds (4.01 M allocations: 2.581 GiB, 30.60% gc time)
358
  3.471050 seconds (2.12 M allocations: 1.227 GiB)
408
  3.041626 seconds (1.84 M allocations: 1.069 GiB)
108
 13.776931 seconds (4.51 M allocations: 2.839 GiB, 29.53% gc time)
  3.502502 seconds (2.26 M allocations: 1.291 GiB)
57
557
 13.051622 seconds (4.20 M allocations: 2.641 GiB, 31.17% gc time)
857
 13.765823 seconds (4.80 M allocations: 2.958 GiB, 29.55% gc time)
957
 10.976039 seconds (3.86 M allocations: 2.291 GiB, 37.06% gc time)
808
  4.576658 seconds (2.84 M allocations: 1.639 GiB)
7
 13.914038 seconds (4.72 M allocations: 2.944 GiB, 29.24% gc time)
458
  3.377774 seconds (1.46 M allocations: 968.334 MiB)
409
  3.582098 seconds (1.61 M allocations: 1.026 GiB)
109
  3.032676 seconds (995.42 k allocations: 737.019 MiB)
809
  3.033978 seconds (997.74 k allocations: 739.474 MiB)
8
  3.027156 seconds (594.04 k allocations: 568.552 MiB)  8.349082 seconds (3.75 M allocations: 2.399 GiB)
  3.314803 seconds (771.59 k allocations: 673.382 MiB)

  9.446110 seconds (4.75 M allocations: 2.921 GiB)
110
410
908
508
 15.672556 seconds (5.74 M allocations: 3.546 GiB, 25.96% gc time)
708
  6.703323 seconds (2.58 M allocations: 1.748 GiB)
958
  3.228865 seconds (1.31 M allocations: 888.238 MiB)
810
  9.854763 seconds (4.99 M allocations: 3.060 GiB)
158
  9.531399 seconds (4.69 M allocations: 2.904 GiB)
658
  5.835337 seconds (2.63 M allocations: 1.678 GiB)
  9.949683 seconds (4.76 M allocations: 2.979 GiB)
459
758
  9.942704 seconds (4.81 M allocations: 3.000 GiB)
258
  8.807743 seconds (3.81 M allocations: 2.469 GiB)
558
  9.293946 seconds (4.21 M allocations: 2.682 GiB)
858
  3.024666 seconds (1.74 M allocations: 1.028 GiB)
509
  3.100503 seconds (1.57 M allocations: 986.216 MiB)
 11.265764 seconds (5.45 M allocations: 3.395 GiB)
959
359
 12.249861 seconds (5.95 M allocations: 3.700 GiB)
208
 13.648804 seconds (6.94 M allocations: 4.254 GiB)
309
  3.920954 seconds (1.87 M allocations: 1.172 GiB)
159
 13.268250 seconds (6.79 M allocations: 4.151 GiB)
608
  4.526818 seconds (2.47 M allocations: 1.483 GiB)
811
 13.248419 seconds (6.23 M allocations: 3.920 GiB)
58
  6.299370 seconds (3.25 M allocations: 1.984 GiB)
709
  7.473857 seconds (3.96 M allocations: 2.399 GiB)
909
  5.911126 seconds (2.75 M allocations: 1.739 GiB)
460
  7.133442 seconds (3.37 M allocations: 2.122 GiB)
659
  9.337582 seconds (4.58 M allocations: 2.847 GiB)
411
 20.810948 seconds (1.56 M allocations: 1.091 GiB, 79.01% gc time)
160
 24.297082 seconds (3.25 M allocations: 2.133 GiB, 67.67% gc time)
559
 24.477326 seconds (3.29 M allocations: 2.163 GiB, 67.17% gc time)
259
 22.871518 seconds (2.74 M allocations: 1.762 GiB, 71.89% gc time)
360
 24.909392 seconds (3.70 M allocations: 2.369 GiB, 66.01% gc time)
759
 20.841057 seconds (1.97 M allocations: 1.234 GiB, 78.89% gc time)
59
 22.292349 seconds (2.35 M allocations: 1.541 GiB, 73.76% gc time)
812
 27.763863 seconds (5.71 M allocations: 3.485 GiB, 59.22% gc time)
9
 28.450760 seconds (6.10 M allocations: 3.715 GiB, 57.79% gc time)
111
 25.826756 seconds (4.35 M allocations: 2.726 GiB, 63.66% gc time)
859
 22.518832 seconds (2.76 M allocations: 1.729 GiB, 73.02% gc time)
710
 22.925623 seconds (2.82 M allocations: 1.797 GiB, 71.72% gc time)
910
  3.149307 seconds (902.38 k allocations: 711.200 MiB)
  3.046231 seconds (593.99 k allocations: 568.460 MiB)
  3.635976 seconds (955.13 k allocations: 784.933 MiB)
  3.250643 seconds (624.07 k allocations: 599.362 MiB)
 28.160835 seconds (4.96 M allocations: 3.219 GiB, 58.39% gc time)
10
112
60
860
510
 24.463660 seconds (3.47 M allocations: 2.212 GiB, 67.21% gc time)
461
  6.171121 seconds (3.10 M allocations: 1.893 GiB)
161
 28.778124 seconds (5.74 M allocations: 3.587 GiB, 57.14% gc time)
960
  6.651202 seconds (3.44 M allocations: 2.082 GiB)
 28.405621 seconds (5.42 M allocations: 3.416 GiB, 57.88% gc time)
310
412
  6.258882 seconds (2.97 M allocations: 1.852 GiB)
260
  6.595887 seconds (3.22 M allocations: 1.987 GiB)
560
 29.726663 seconds (6.36 M allocations: 3.940 GiB, 55.31% gc time)
209
  5.422075 seconds (2.68 M allocations: 1.642 GiB)
711
  8.416273 seconds (4.13 M allocations: 2.546 GiB)
760
 30.316409 seconds (6.40 M allocations: 4.016 GiB, 54.24% gc time)
609
  4.035178 seconds (2.46 M allocations: 1.422 GiB)
911
  3.815152 seconds (2.07 M allocations: 1.240 GiB)
462
  9.751467 seconds (4.83 M allocations: 2.972 GiB)
361
  4.634556 seconds (2.74 M allocations: 1.600 GiB)
11
 28.518636 seconds (6.17 M allocations: 3.733 GiB, 57.65% gc time)
660
  3.857198 seconds (1.75 M allocations: 1.114 GiB)
561
 10.774888 seconds (5.25 M allocations: 3.244 GiB)
813
  6.230868 seconds (3.61 M allocations: 2.115 GiB)
861
  5.810135 seconds (2.48 M allocations: 1.612 GiB)
413
  3.436387 seconds (1.56 M allocations: 1011.338 MiB)
912
  8.199546 seconds (4.05 M allocations: 2.497 GiB)
61
  8.598081 seconds (4.07 M allocations: 2.547 GiB)
113
  9.130654 seconds (4.36 M allocations: 2.721 GiB)
511
  6.474783 seconds (2.72 M allocations: 1.776 GiB)
610
  8.683154 seconds (3.82 M allocations: 2.455 GiB)
261
  9.904676 seconds (4.65 M allocations: 2.920 GiB)
162
  3.045259 seconds (1.18 M allocations: 815.106 MiB)
913
  6.026303 seconds (2.52 M allocations: 1.649 GiB)
12
  8.632022 seconds (3.71 M allocations: 2.400 GiB)
761
  6.640889 seconds (2.65 M allocations: 1.764 GiB)
661
  9.527809 seconds (4.45 M allocations: 2.798 GiB)
210
  7.430714 seconds (3.38 M allocations: 2.147 GiB)
463
 11.344397 seconds (5.19 M allocations: 3.289 GiB)
311
 10.478000 seconds (4.93 M allocations: 3.090 GiB)
712
  8.136021 seconds (3.64 M allocations: 2.323 GiB)
562
  9.233611 seconds (4.22 M allocations: 2.674 GiB)
362
 13.712593 seconds (6.62 M allocations: 4.118 GiB)
961
  5.791539 seconds (2.96 M allocations: 1.804 GiB)
  8.482801 seconds (3.80 M allocations: 2.423 GiB)
862
62
  9.128297 seconds (4.32 M allocations: 2.704 GiB)
814
  8.916168 seconds (4.11 M allocations: 2.596 GiB)
414
  5.624902 seconds (2.66 M allocations: 1.668 GiB)
163
  7.604453 seconds (3.56 M allocations: 2.235 GiB)
611
  7.937943 seconds (3.78 M allocations: 2.362 GiB)
512
  5.475551 seconds (2.47 M allocations: 1.574 GiB)
662
  7.863136 seconds (3.87 M allocations: 2.391 GiB)
262
  9.232977 seconds (4.61 M allocations: 2.838 GiB)
114
  6.371372 seconds (3.02 M allocations: 1.894 GiB)
211
  6.941505 seconds (3.45 M allocations: 2.128 GiB)
762
  8.691955 seconds (4.13 M allocations: 2.591 GiB)
13
  4.954215 seconds (2.04 M allocations: 1.349 GiB)
815
  7.335947 seconds (3.41 M allocations: 2.157 GiB)
312
  9.388977 seconds (4.67 M allocations: 2.881 GiB)
914
  7.968856 seconds (3.76 M allocations: 2.363 GiB)
713
  7.256144 seconds (3.35 M allocations: 2.122 GiB)
962
  9.765355 seconds (4.57 M allocations: 2.878 GiB)
464
  5.333747 seconds (2.57 M allocations: 1.607 GiB)
415
  7.404952 seconds (3.54 M allocations: 2.216 GiB)
63
  9.462002 seconds (4.52 M allocations: 2.826 GiB)
563
  5.444685 seconds (2.60 M allocations: 1.625 GiB)
663
  9.769735 seconds (4.32 M allocations: 2.774 GiB)
863
  7.228342 seconds (3.16 M allocations: 2.038 GiB)
513
  7.441678 seconds (3.36 M allocations: 2.140 GiB)
612
 10.984882 seconds (5.09 M allocations: 3.213 GiB)
363
  6.841285 seconds (3.04 M allocations: 1.940 GiB)
763
  9.254272 seconds (4.41 M allocations: 2.754 GiB)
164
  8.278012 seconds (3.73 M allocations: 2.368 GiB)
115
  9.000043 seconds (4.10 M allocations: 2.595 GiB)
263
  6.884922 seconds (3.14 M allocations: 1.979 GiB)
14
  7.736815 seconds (3.42 M allocations: 2.181 GiB)
313
  7.919522 seconds (3.54 M allocations: 2.247 GiB)
816
  7.006255 seconds (3.18 M allocations: 2.009 GiB)
714
 10.191099 seconds (4.73 M allocations: 2.970 GiB)
212
  8.618820 seconds (3.95 M allocations: 2.483 GiB)
915
 12.023167 seconds (3.38 M allocations: 2.112 GiB, 39.16% gc time)
465
 11.659164 seconds (3.22 M allocations: 2.013 GiB, 40.38% gc time)
64
 12.018099 seconds (3.43 M allocations: 2.134 GiB, 39.17% gc time)
416
 12.856847 seconds (4.15 M allocations: 2.515 GiB, 36.62% gc time)
963
 11.457983 seconds (3.29 M allocations: 2.025 GiB, 41.09% gc time)
564
 12.296601 seconds (3.67 M allocations: 2.265 GiB, 38.28% gc time)
664
 11.305412 seconds (3.21 M allocations: 1.977 GiB, 41.64% gc time)
514
  9.718886 seconds (2.36 M allocations: 1.476 GiB, 48.44% gc time)
15
  3.133067 seconds (1.15 M allocations: 810.981 MiB)
  3.549147 seconds (1.61 M allocations: 1.026 GiB)
65
916
  3.192055 seconds (1.19 M allocations: 836.344 MiB)
417
 13.793847 seconds (4.17 M allocations: 2.632 GiB, 34.13% gc time)
613
 12.289922 seconds (3.49 M allocations: 2.203 GiB, 38.31% gc time)
264
  5.275637 seconds (2.17 M allocations: 1.435 GiB)
466
 14.408869 seconds (4.45 M allocations: 2.808 GiB, 32.67% gc time)
364
 11.218422 seconds (3.07 M allocations: 1.926 GiB, 41.96% gc time)
715
 14.067107 seconds (4.62 M allocations: 2.847 GiB, 33.47% gc time)
165
 16.023651 seconds (5.64 M allocations: 3.461 GiB, 29.38% gc time)
864
  3.837885 seconds (1.89 M allocations: 1.172 GiB)
16
  6.504991 seconds (2.92 M allocations: 1.868 GiB)
565
  4.327182 seconds (1.91 M allocations: 1.227 GiB)
 16.194130 seconds (5.55 M allocations: 3.447 GiB, 29.07% gc time)
66
764
  3.955745 seconds (1.94 M allocations: 1.202 GiB)
614
 15.342208 seconds (5.00 M allocations: 3.141 GiB, 30.68% gc time)
817
  3.908655 seconds (1.58 M allocations: 1.051 GiB)
716
 17.154521 seconds (6.09 M allocations: 3.770 GiB, 27.44% gc time)
116
 16.645764 seconds (5.77 M allocations: 3.587 GiB, 28.28% gc time)
314
  9.948746 seconds (4.37 M allocations: 2.818 GiB)
964
  7.251110 seconds (3.31 M allocations: 2.103 GiB)
418
 16.371065 seconds (5.79 M allocations: 3.573 GiB, 28.76% gc time)
213
  8.249867 seconds (3.80 M allocations: 2.405 GiB)
917
  9.760861 seconds (4.62 M allocations: 2.900 GiB)
515
  5.722713 seconds (2.48 M allocations: 1.605 GiB)
566
 11.256345 seconds (5.23 M allocations: 3.303 GiB)
665
  6.945301 seconds (3.22 M allocations: 2.036 GiB)
166
  7.668523 seconds (3.63 M allocations: 2.280 GiB)
365
  6.467866 seconds (3.27 M allocations: 2.008 GiB)
865
  5.504801 seconds (2.85 M allocations: 1.736 GiB)
765
  8.485748 seconds (4.38 M allocations: 2.670 GiB)
467
  6.173068 seconds (3.22 M allocations: 1.957 GiB)
67
  7.367087 seconds (3.90 M allocations: 2.360 GiB)
17
  6.009664 seconds (3.33 M allocations: 1.986 GiB)
615
  9.934906 seconds (5.11 M allocations: 3.123 GiB)
265
  5.339616 seconds (2.32 M allocations: 1.507 GiB)
918
  4.777417 seconds (1.94 M allocations: 1.288 GiB)
167
  5.010427 seconds (2.21 M allocations: 1.428 GiB)
567
  4.425099 seconds (1.68 M allocations: 1.148 GiB)
766
  8.967997 seconds (4.32 M allocations: 2.699 GiB)
717
  4.841039 seconds (1.68 M allocations: 1.187 GiB)
18
  9.321404 seconds (4.20 M allocations: 2.687 GiB)
315
  9.348094 seconds (4.19 M allocations: 2.688 GiB)
419
  9.559288 seconds (4.37 M allocations: 2.785 GiB)
965
  3.026071 seconds (1.51 M allocations: 956.927 MiB)
919
  9.408402 seconds (4.43 M allocations: 2.793 GiB)
214
 11.595670 seconds (5.65 M allocations: 3.518 GiB)
818
  3.132085 seconds (1.54 M allocations: 980.897 MiB)
568
  3.109828 seconds (1.61 M allocations: 1007.915 MiB)
767
  9.417349 seconds (4.79 M allocations: 2.946 GiB)
516
  3.865813 seconds (2.24 M allocations: 1.321 GiB)
168
 12.100751 seconds (6.27 M allocations: 3.825 GiB)
117
  9.334227 seconds (4.66 M allocations: 2.880 GiB)
666
  3.498147 seconds (2.11 M allocations: 1.228 GiB)
19
  9.052668 seconds (4.06 M allocations: 2.604 GiB)
616
  8.912118 seconds (3.95 M allocations: 2.544 GiB)
266
  3.042149 seconds (1.25 M allocations: 844.974 MiB)
768
 11.423163 seconds (5.55 M allocations: 3.457 GiB)
366
 11.537744 seconds (5.57 M allocations: 3.477 GiB)
866
  4.050016 seconds (2.16 M allocations: 1.304 GiB)
569
  4.440669 seconds (2.47 M allocations: 1.470 GiB)
215
 19.328477 seconds (2.04 M allocations: 1.306 GiB, 76.17% gc time)
169
 27.353769 seconds (5.90 M allocations: 3.724 GiB, 53.82% gc time)
468
 21.245732 seconds (3.47 M allocations: 2.094 GiB, 69.29% gc time)
966
 20.421577 seconds (2.85 M allocations: 1.753 GiB, 72.09% gc time)
819
 23.741218 seconds (4.72 M allocations: 2.869 GiB, 62.01% gc time)
718
 21.730011 seconds (3.74 M allocations: 2.255 GiB, 67.75% gc time)
920
 29.259604 seconds (6.87 M allocations: 4.322 GiB, 50.31% gc time)
68
 19.042932 seconds (1.86 M allocations: 1.210 GiB, 77.31% gc time)
867
 23.831051 seconds (4.72 M allocations: 2.875 GiB, 61.78% gc time)
420
 24.115352 seconds (4.96 M allocations: 3.005 GiB, 61.05% gc time)
316
 22.642836 seconds (3.89 M allocations: 2.413 GiB, 65.02% gc time)
517
  3.521253 seconds (1.84 M allocations: 1.117 GiB)
170
  3.576210 seconds (1.76 M allocations: 1.092 GiB)
967
 23.246858 seconds (4.08 M allocations: 2.551 GiB, 63.33% gc time)
667
  3.055552 seconds (1.40 M allocations: 910.814 MiB)
69
  3.036259 seconds (1.00 M allocations: 742.050 MiB)
518
  3.240560 seconds (1.23 M allocations: 858.396 MiB)
868
  3.097861 seconds (1.14 M allocations: 806.647 MiB)
171
 25.893155 seconds (5.19 M allocations: 3.281 GiB, 56.86% gc time)
118
 24.536374 seconds (4.62 M allocations: 2.907 GiB, 60.00% gc time)
267
 24.464790 seconds (4.56 M allocations: 2.877 GiB, 60.18% gc time)
617
  9.382690 seconds (4.25 M allocations: 2.717 GiB)
570
  6.067885 seconds (2.50 M allocations: 1.653 GiB)
317
  3.333592 seconds (1.50 M allocations: 985.920 MiB)
70
 27.186362 seconds (5.98 M allocations: 3.743 GiB, 54.15% gc time)
20
  3.243850 seconds (1.63 M allocations: 1.007 GiB)
519
 26.543497 seconds (5.75 M allocations: 3.584 GiB, 55.46% gc time)
769
  8.700357 seconds (4.25 M allocations: 2.645 GiB)
719
 27.048284 seconds (5.90 M allocations: 3.697 GiB, 54.43% gc time)
367
 10.329661 seconds (4.95 M allocations: 3.100 GiB)
469
  6.073335 seconds (2.86 M allocations: 1.805 GiB)
668
  9.132407 seconds (4.20 M allocations: 2.668 GiB)
421
 28.152027 seconds (6.30 M allocations: 3.974 GiB, 52.29% gc time)
216
  3.048975 seconds (1.29 M allocations: 863.794 MiB)
770
  3.863467 seconds (1.70 M allocations: 1.094 GiB)
71
 13.172083 seconds (6.17 M allocations: 3.894 GiB)
820
  7.645371 seconds (3.71 M allocations: 2.313 GiB)
869
 10.150226 seconds (4.58 M allocations: 2.929 GiB)
968
  4.733527 seconds (1.74 M allocations: 1.198 GiB)
470
  8.652892 seconds (4.02 M allocations: 2.541 GiB)
172
  7.562917 seconds (3.56 M allocations: 2.235 GiB)
571
  5.040794 seconds (2.00 M allocations: 1.336 GiB)
368
  6.947552 seconds (3.21 M allocations: 2.030 GiB)
21
  7.317699 seconds (3.59 M allocations: 2.222 GiB)
318
  9.225256 seconds (4.57 M allocations: 2.826 GiB)
119
  3.762453 seconds (1.93 M allocations: 1.177 GiB)
771
  9.213706 seconds (4.78 M allocations: 2.909 GiB)
268
  4.124351 seconds (2.23 M allocations: 1.338 GiB)
72
  8.291414 seconds (3.94 M allocations: 2.470 GiB)
720
  5.688847 seconds (2.84 M allocations: 1.747 GiB)
217
  4.738289 seconds (2.40 M allocations: 1.470 GiB)
870
  3.878639 seconds (1.96 M allocations: 1.205 GiB)
173
 18.083252 seconds (8.88 M allocations: 5.508 GiB)
921
  3.354720 seconds (1.53 M allocations: 997.694 MiB)
22
  9.494996 seconds (4.59 M allocations: 2.857 GiB)
669
 13.539209 seconds (6.61 M allocations: 4.108 GiB)
618
  9.868476 seconds (4.68 M allocations: 2.932 GiB)
422
  5.664959 seconds (2.33 M allocations: 1.540 GiB)
772
  3.915829 seconds (1.68 M allocations: 1.091 GiB)
721
 13.203104 seconds (6.16 M allocations: 3.883 GiB)
520
  5.915734 seconds (2.51 M allocations: 1.636 GiB)
73
  4.343048 seconds (1.88 M allocations: 1.216 GiB)
174
 10.341857 seconds (4.95 M allocations: 3.094 GiB)
821
  8.177590 seconds (3.57 M allocations: 2.306 GiB)
319
  4.783098 seconds (1.98 M allocations: 1.304 GiB)
  5.008591 seconds (2.25 M allocations: 1.438 GiB)
23
871
  7.961316 seconds (3.73 M allocations: 2.348 GiB)
269
  8.686604 seconds (4.22 M allocations: 2.624 GiB)
120
 10.310438 seconds (5.52 M allocations: 3.327 GiB)
969
  9.848875 seconds (5.31 M allocations: 3.196 GiB)
471
  9.873093 seconds (5.20 M allocations: 3.151 GiB)
572
 34.193361 seconds (4.02 M allocations: 2.465 GiB, 76.76% gc time)
218
 36.685431 seconds (5.34 M allocations: 3.266 GiB, 71.55% gc time)
369
 30.846822 seconds (2.62 M allocations: 1.549 GiB, 85.09% gc time)
773
 32.318488 seconds (2.93 M allocations: 1.829 GiB, 81.22% gc time)
722
 32.229402 seconds (2.92 M allocations: 1.815 GiB, 81.44% gc time)
521
 35.686897 seconds (4.38 M allocations: 2.770 GiB, 73.55% gc time)
922
 35.437150 seconds (4.33 M allocations: 2.724 GiB, 74.07% gc time)
670
 30.910549 seconds (2.10 M allocations: 1.342 GiB, 84.92% gc time)
270
 34.621895 seconds (4.30 M allocations: 2.627 GiB, 75.81% gc time)
619
  3.635985 seconds (1.56 M allocations: 1.018 GiB)
370
 33.418642 seconds (3.51 M allocations: 2.180 GiB, 78.54% gc time)
175
 35.839935 seconds (4.76 M allocations: 2.945 GiB, 73.24% gc time)
423
 33.735271 seconds (3.77 M allocations: 2.320 GiB, 77.81% gc time)
822
 34.041230 seconds (3.06 M allocations: 2.061 GiB, 77.11% gc time)
472
  6.568085 seconds (2.40 M allocations: 1.664 GiB)
774
 35.182416 seconds (3.88 M allocations: 2.512 GiB, 74.61% gc time)
320
 35.316278 seconds (3.87 M allocations: 2.522 GiB, 74.32% gc time)
121
  4.753698 seconds (1.78 M allocations: 1.222 GiB)
271
  4.101361 seconds (1.50 M allocations: 1.039 GiB)
371
 36.401075 seconds (4.76 M allocations: 3.003 GiB, 72.11% gc time)
24
  3.273546 seconds (1.55 M allocations: 994.123 MiB)
176
  6.385014 seconds (3.12 M allocations: 1.937 GiB)
522
 38.062157 seconds (5.96 M allocations: 3.666 GiB, 68.96% gc time)
74
  9.454472 seconds (4.30 M allocations: 2.741 GiB)
573
 37.509110 seconds (5.64 M allocations: 3.477 GiB, 69.98% gc time)
872
 37.237496 seconds (5.16 M allocations: 3.249 GiB, 70.49% gc time)
970
  6.595916 seconds (3.16 M allocations: 1.978 GiB)
620
  3.077927 seconds (2.05 M allocations: 1.158 GiB)
775
  7.762021 seconds (4.11 M allocations: 2.487 GiB)
923
  3.108634 seconds (2.00 M allocations: 1.137 GiB)
122
  3.142445 seconds (1.77 M allocations: 1.045 GiB)
25
  4.362131 seconds (1.99 M allocations: 1.259 GiB)
177
  4.034052 seconds (1.59 M allocations: 1.060 GiB)
523
  8.237821 seconds (3.82 M allocations: 2.409 GiB)
424
 14.147461 seconds (6.32 M allocations: 4.047 GiB)
  9.165580 seconds (4.21 M allocations: 2.665 GiB)
823
219
 11.632141 seconds (5.45 M allocations: 3.427 GiB)
671
  3.065107 seconds (1.17 M allocations: 810.252 MiB)
26
 13.548953 seconds (6.61 M allocations: 4.100 GiB)
723
  8.959672 seconds (4.62 M allocations: 2.809 GiB)
473
  7.928737 seconds (3.98 M allocations: 2.440 GiB)
272
  9.280588 seconds (4.75 M allocations: 2.894 GiB)
321
  3.050055 seconds (1.47 M allocations: 937.244 MiB)
425
  3.734609 seconds (2.03 M allocations: 1.216 GiB)
178
  7.509377 seconds (3.27 M allocations: 2.105 GiB)
776
  9.204243 seconds (4.24 M allocations: 2.679 GiB)
75
  9.847549 seconds (4.58 M allocations: 2.884 GiB)
574
  4.071987 seconds (1.70 M allocations: 1.116 GiB)
27
  9.014587 seconds (3.98 M allocations: 2.553 GiB)
971
  6.427549 seconds (2.98 M allocations: 1.884 GiB)
524
 12.308088 seconds (6.10 M allocations: 3.761 GiB)
372
  3.763834 seconds (1.63 M allocations: 1.056 GiB)
426
  3.072852 seconds (1.41 M allocations: 917.088 MiB)
777
  9.738665 seconds (4.51 M allocations: 2.848 GiB)
123
  4.157329 seconds (1.85 M allocations: 1.189 GiB)
179
 11.535438 seconds (5.49 M allocations: 3.430 GiB)
873
 11.040291 seconds (5.29 M allocations: 3.299 GiB)
924
  3.756711 seconds (1.51 M allocations: 1.008 GiB)
525
 14.175966 seconds (6.21 M allocations: 4.000 GiB)
621
  5.181693 seconds (2.18 M allocations: 1.430 GiB)
28
 10.222787 seconds (4.80 M allocations: 3.024 GiB)
824
  3.427279 seconds (1.21 M allocations: 869.864 MiB)
180
 28.751528 seconds (4.67 M allocations: 2.967 GiB, 64.43% gc time)
672
 27.518486 seconds (4.26 M allocations: 2.671 GiB, 67.32% gc time)
273
 28.193292 seconds (4.73 M allocations: 2.932 GiB, 65.70% gc time)
724
 28.278247 seconds (4.83 M allocations: 2.984 GiB, 65.51% gc time)
474
 25.619439 seconds (3.39 M allocations: 2.120 GiB, 72.30% gc time)
575
 24.262152 seconds (2.76 M allocations: 1.722 GiB, 76.35% gc time)
 30.163231 seconds (5.56 M allocations: 3.479 GiB, 61.41% gc time)
373
220
 28.554268 seconds (5.00 M allocations: 3.082 GiB, 64.87% gc time)
322
 21.593726 seconds (1.90 M allocations: 1.092 GiB, 85.78% gc time)
29
 21.622569 seconds (1.96 M allocations: 1.122 GiB, 85.67% gc time)
622
 27.130902 seconds (4.39 M allocations: 2.686 GiB, 68.28% gc time)
972
 26.099376 seconds (3.82 M allocations: 2.347 GiB, 70.98% gc time)
778
  3.021596 seconds (1.55 M allocations: 971.352 MiB)
725
  3.021618 seconds (1.48 M allocations: 940.433 MiB)
576
  3.020794 seconds (1.13 M allocations: 794.009 MiB)
30
  3.021645 seconds (1.13 M allocations: 794.482 MiB)
623
 29.014417 seconds (5.08 M allocations: 3.165 GiB, 63.84% gc time)
427
 28.374690 seconds (4.44 M allocations: 2.835 GiB, 65.28% gc time)
925
 32.056038 seconds (6.51 M allocations: 4.064 GiB, 57.79% gc time)
76
  3.320419 seconds (1.31 M allocations: 900.803 MiB)
779
 30.072232 seconds (5.24 M allocations: 3.338 GiB, 61.60% gc time)
874
 30.701871 seconds (5.53 M allocations: 3.523 GiB, 60.34% gc time)
124
  8.289928 seconds (3.85 M allocations: 2.439 GiB)
  3.215736 seconds (1.34 M allocations: 902.685 MiB)
31
274
  5.196188 seconds (2.35 M allocations: 1.499 GiB)
726
  3.309905 seconds (1.60 M allocations: 1.001 GiB)
624
  9.079859 seconds (4.62 M allocations: 2.833 GiB)
825
 28.823820 seconds (5.45 M allocations: 3.295 GiB, 64.27% gc time)
526
  9.787426 seconds (5.06 M allocations: 3.086 GiB)
673
  9.076856 seconds (4.62 M allocations: 2.834 GiB)
475
  9.121114 seconds (4.47 M allocations: 2.774 GiB)
374
  3.165263 seconds (1.82 M allocations: 1.074 GiB)
875
  3.838802 seconds (2.07 M allocations: 1.247 GiB)
780
  3.029042 seconds (1.71 M allocations: 1.014 GiB)
32
  9.076347 seconds (4.46 M allocations: 2.766 GiB)
973
  3.254952 seconds (1.73 M allocations: 1.042 GiB)
 10.388960 seconds (5.17 M allocations: 3.194 GiB)
625
323
  8.458849 seconds (4.37 M allocations: 2.664 GiB)
577
 12.126745 seconds (5.94 M allocations: 3.686 GiB)
221
  3.044231 seconds (1.38 M allocations: 899.747 MiB)
876
  3.259836 seconds (1.34 M allocations: 902.554 MiB)
33
  3.298520 seconds (1.37 M allocations: 920.799 MiB)
781
  9.005662 seconds (4.72 M allocations: 2.865 GiB)
428
  6.089339 seconds (2.94 M allocations: 1.832 GiB)
527
  6.090228 seconds (2.67 M allocations: 1.720 GiB)
375
  8.536863 seconds (4.15 M allocations: 2.580 GiB)
275
 18.262626 seconds (8.87 M allocations: 5.520 GiB)
181
  9.540302 seconds (4.43 M allocations: 2.796 GiB)
125
  9.144405 seconds (4.04 M allocations: 2.597 GiB)
826
  3.920867 seconds (1.60 M allocations: 1.060 GiB)
877
  3.590387 seconds (1.62 M allocations: 1.032 GiB)
782
  8.764964 seconds (4.11 M allocations: 2.589 GiB)
476
 12.716217 seconds (6.37 M allocations: 3.922 GiB)
77
  4.871441 seconds (2.21 M allocations: 1.409 GiB)
34
 26.587627 seconds (1.73 M allocations: 1.073 GiB, 86.57% gc time)
376
 33.563336 seconds (4.85 M allocations: 3.071 GiB, 68.58% gc time)
674
 31.293740 seconds (3.73 M allocations: 2.378 GiB, 73.55% gc time)
324
 28.803888 seconds (2.68 M allocations: 1.692 GiB, 79.91% gc time)
 32.075003 seconds (4.22 M allocations: 2.661 GiB, 71.76% gc time)
429
974
 26.656119 seconds (1.76 M allocations: 1.093 GiB, 86.35% gc time)
878
 29.702361 seconds (3.09 M allocations: 1.953 GiB, 77.49% gc time)
528
 26.443311 seconds (1.72 M allocations: 1.057 GiB, 87.04% gc time)
477
 32.611414 seconds (4.54 M allocations: 2.847 GiB, 70.58% gc time)
222
  3.029301 seconds (1.06 M allocations: 765.637 MiB)
430
 33.782963 seconds (4.94 M allocations: 3.134 GiB, 68.13% gc time)
578
 29.145952 seconds (2.87 M allocations: 1.809 GiB, 78.97% gc time)
126
 34.939926 seconds (5.55 M allocations: 3.504 GiB, 65.87% gc time)
626
 29.214211 seconds (2.99 M allocations: 1.864 GiB, 78.79% gc time)
182
 30.246426 seconds (3.54 M allocations: 2.194 GiB, 76.10% gc time)
827
 29.173309 seconds (3.03 M allocations: 1.874 GiB, 78.90% gc time)
  3.031151 seconds (1.35 M allocations: 887.116 MiB)
78
478
 43.788971 seconds (10.12 M allocations: 6.290 GiB, 52.56% gc time)
 41.497986 seconds (8.70 M allocations: 5.472 GiB, 55.46% gc time)
926
727
  5.172064 seconds (2.24 M allocations: 1.455 GiB)
879
  3.487697 seconds (1.45 M allocations: 977.906 MiB)
127
  6.107613 seconds (2.75 M allocations: 1.756 GiB)
529
  3.670768 seconds (1.61 M allocations: 1.037 GiB)
183
  7.838733 seconds (3.61 M allocations: 2.289 GiB)
975
  5.105165 seconds (2.61 M allocations: 1.594 GiB)
431
  9.137131 seconds (4.42 M allocations: 2.754 GiB)
675
  8.555563 seconds (3.95 M allocations: 2.502 GiB)
325
  5.298208 seconds (2.47 M allocations: 1.557 GiB)
579
  3.039536 seconds (1.68 M allocations: 1022.341 MiB)
728
 35.366626 seconds (6.05 M allocations: 3.749 GiB, 65.08% gc time)
783
  7.915497 seconds (3.41 M allocations: 2.213 GiB)
  9.116658 seconds (4.20 M allocations: 2.661 GiB)
627
223
  3.135369 seconds (1.22 M allocations: 847.069 MiB)
 12.865228 seconds (6.25 M allocations: 3.892 GiB)
432
35
 39.724122 seconds (8.17 M allocations: 5.075 GiB, 57.94% gc time)
276
  8.149421 seconds (3.70 M allocations: 2.360 GiB)
  5.685848 seconds (2.80 M allocations: 1.737 GiB)
  6.087303 seconds (2.98 M allocations: 1.852 GiB)
79
880
927
  3.022999 seconds (1.25 M allocations: 849.642 MiB)
784
  9.105474 seconds (4.51 M allocations: 2.793 GiB)
828
  4.308997 seconds (2.04 M allocations: 1.287 GiB)
729
  3.318323 seconds (1.53 M allocations: 995.203 MiB)
36
  7.364892 seconds (3.44 M allocations: 2.180 GiB)
976
  7.447096 seconds (3.15 M allocations: 2.069 GiB)
326
  8.751997 seconds (4.07 M allocations: 2.578 GiB)
184
  3.182052 seconds (1.21 M allocations: 845.974 MiB)
785
  3.829439 seconds (1.67 M allocations: 1.084 GiB)
881
  3.879334 seconds (1.72 M allocations: 1.109 GiB)
928
  3.099279 seconds (1.37 M allocations: 903.977 MiB)
730
  6.169975 seconds (3.21 M allocations: 1.960 GiB)
628
  9.067387 seconds (4.24 M allocations: 2.684 GiB)
676
  5.614115 seconds (2.98 M allocations: 1.806 GiB)
277
  6.899721 seconds (3.34 M allocations: 2.088 GiB)
433
  3.169188 seconds (1.26 M allocations: 863.055 MiB)
882
  3.631654 seconds (1.59 M allocations: 1.027 GiB)
786
  9.075263 seconds (4.38 M allocations: 2.741 GiB)
224
  3.037743 seconds (1.29 M allocations: 864.488 MiB)
731
  6.062868 seconds (2.83 M allocations: 1.790 GiB)
977
  5.825343 seconds (2.59 M allocations: 1.665 GiB)
185
  6.020090 seconds (2.84 M allocations: 1.786 GiB)
327
 14.000772 seconds (6.43 M allocations: 4.092 GiB)
580
  9.118952 seconds (4.20 M allocations: 2.666 GiB)
829
 24.205331 seconds (11.67 M allocations: 7.290 GiB)
377
  6.091837 seconds (2.52 M allocations: 1.657 GiB)
629
  3.849204 seconds (1.86 M allocations: 1.158 GiB)
434
  4.185654 seconds (2.23 M allocations: 1.343 GiB)
278
 35.562096 seconds (2.02 M allocations: 1.240 GiB, 88.65% gc time)
787
 49.016684 seconds (8.60 M allocations: 5.336 GiB, 64.32% gc time)
530
 36.407659 seconds (2.62 M allocations: 1.574 GiB, 86.59% gc time)
883
 39.426215 seconds (3.61 M allocations: 2.290 GiB, 79.96% gc time)
677
 36.942868 seconds (2.57 M allocations: 1.610 GiB, 85.34% gc time)
732
 35.476064 seconds (1.94 M allocations: 1.204 GiB, 88.87% gc time)
581
 36.396588 seconds (2.46 M allocations: 1.512 GiB, 86.62% gc time)
186
 45.910732 seconds (6.69 M allocations: 4.229 GiB, 68.67% gc time)
80
 51.957306 seconds (9.86 M allocations: 6.160 GiB, 60.68% gc time)
128
 37.606952 seconds (2.95 M allocations: 1.840 GiB, 83.83% gc time)
978
 38.740300 seconds (3.61 M allocations: 2.226 GiB, 81.38% gc time)
225
  4.120169 seconds (1.84 M allocations: 1.184 GiB)
788
 55.982086 seconds (11.83 M allocations: 7.385 GiB, 56.31% gc time)
479
  3.439712 seconds (1.52 M allocations: 1006.812 MiB)
733
  4.750779 seconds (2.14 M allocations: 1.373 GiB)
884
 37.761462 seconds (3.10 M allocations: 1.918 GiB, 83.49% gc time)
435
  6.464367 seconds (3.17 M allocations: 1.974 GiB)
279
  3.019708 seconds (1.40 M allocations: 908.076 MiB)
129
 38.681655 seconds (3.77 M allocations: 2.288 GiB, 81.50% gc time)
630
 45.207888 seconds (6.73 M allocations: 4.173 GiB, 69.74% gc time)
929
  6.615823 seconds (3.35 M allocations: 2.065 GiB)
531
 48.582633 seconds (8.50 M allocations: 5.253 GiB, 64.89% gc time)
37
  3.041607 seconds (1.56 M allocations: 976.264 MiB)
734
  3.392862 seconds (1.59 M allocations: 1.001 GiB)
885
  5.663023 seconds (2.68 M allocations: 1.686 GiB)
187
 44.237197 seconds (6.09 M allocations: 3.815 GiB, 71.27% gc time)
328
 43.610092 seconds (5.74 M allocations: 3.607 GiB, 72.29% gc time)
830
  7.093309 seconds (3.11 M allocations: 2.010 GiB)
226
  9.379553 seconds (4.55 M allocations: 2.840 GiB)
678
  7.770074 seconds (3.90 M allocations: 2.404 GiB)
81
  4.566302 seconds (2.23 M allocations: 1.385 GiB)
130
  9.455892 seconds (4.80 M allocations: 2.949 GiB)
582
  9.091562 seconds (4.39 M allocations: 2.742 GiB)
979
 13.046364 seconds (6.42 M allocations: 3.985 GiB)
378
  8.512700 seconds (3.84 M allocations: 2.451 GiB)
480
  7.211465 seconds (3.04 M allocations: 1.986 GiB)
930
  8.325506 seconds (3.84 M allocations: 2.431 GiB)
436
  9.098605 seconds (4.42 M allocations: 2.752 GiB)
789
  6.083267 seconds (2.92 M allocations: 1.821 GiB)
735
  5.989847 seconds (2.81 M allocations: 1.768 GiB)
886
  5.910651 seconds (2.81 M allocations: 1.758 GiB)
188
  9.080626 seconds (4.30 M allocations: 2.699 GiB)
631
  5.367673 seconds (2.75 M allocations: 1.680 GiB)
831
  9.085725 seconds (4.33 M allocations: 2.710 GiB)
532
  9.062785 seconds (4.32 M allocations: 2.706 GiB)
38
  3.355184 seconds (1.47 M allocations: 972.770 MiB)
790
  4.014156 seconds (1.74 M allocations: 1.124 GiB)
931
 12.262483 seconds (5.76 M allocations: 3.625 GiB)
280
  6.748289 seconds (2.97 M allocations: 1.912 GiB)
583
  8.313277 seconds (3.99 M allocations: 2.488 GiB)
227
  4.147996 seconds (1.93 M allocations: 1.215 GiB)
887
  6.558767 seconds (3.20 M allocations: 1.986 GiB)
379
  9.127534 seconds (4.66 M allocations: 2.845 GiB)
329
  9.002248 seconds (4.33 M allocations: 2.700 GiB)
82
  3.315925 seconds (1.57 M allocations: 1010.461 MiB)
791
 10.270872 seconds (4.69 M allocations: 2.978 GiB)
131
  9.037080 seconds (4.31 M allocations: 2.697 GiB)
980
  3.335678 seconds (1.66 M allocations: 1.024 GiB)
932
  3.030812 seconds (1.13 M allocations: 796.514 MiB)
330
  6.305811 seconds (2.86 M allocations: 1.820 GiB)
533
  9.684602 seconds (4.78 M allocations: 2.957 GiB)
481
 12.897452 seconds (6.07 M allocations: 3.814 GiB)
679
  7.864611 seconds (3.69 M allocations: 2.321 GiB)
632
  8.659893 seconds (3.99 M allocations: 2.526 GiB)
  7.244293 seconds (3.51 M allocations: 2.182 GiB)
832
39
  3.169960 seconds (1.52 M allocations: 968.880 MiB)
792
  6.322215 seconds (3.10 M allocations: 1.921 GiB)
228
 10.931425 seconds (3.03 M allocations: 1.947 GiB, 37.04% gc time)
380
 16.714774 seconds (5.80 M allocations: 3.676 GiB, 24.23% gc time)
 15.754517 seconds (5.25 M allocations: 3.352 GiB, 25.70% gc time)
  9.015973 seconds (2.18 M allocations: 1.397 GiB, 44.91% gc time)
437
189
981
 10.931429 seconds (2.78 M allocations: 1.844 GiB, 37.04% gc time)
83
 12.132327 seconds (3.34 M allocations: 2.196 GiB, 33.38% gc time)
888
  9.990562 seconds (2.88 M allocations: 1.789 GiB, 40.53% gc time)
933
  7.363051 seconds (1.68 M allocations: 1.026 GiB, 55.00% gc time)
833
 10.517658 seconds (3.33 M allocations: 2.028 GiB, 38.50% gc time)
132
  7.158330 seconds (1.73 M allocations: 1.028 GiB, 56.57% gc time)
793
 14.192365 seconds (5.30 M allocations: 3.216 GiB, 28.53% gc time)
584
 17.869340 seconds (7.24 M allocations: 4.389 GiB, 22.66% gc time)
736
 10.163869 seconds (3.18 M allocations: 1.931 GiB, 39.84% gc time)
680
  4.618616 seconds (2.45 M allocations: 1.481 GiB)
229
 11.529247 seconds (3.54 M allocations: 2.218 GiB, 35.12% gc time)
633
 16.773815 seconds (6.23 M allocations: 3.862 GiB, 24.14% gc time)
281
  3.053536 seconds (1.19 M allocations: 817.926 MiB)
794
 12.573317 seconds (4.20 M allocations: 2.596 GiB, 32.21% gc time)
482
  5.053704 seconds (2.62 M allocations: 1.594 GiB)
889
  5.197510 seconds (2.26 M allocations: 1.459 GiB)
834
  7.116471 seconds (3.16 M allocations: 2.027 GiB)
381
  7.478998 seconds (3.25 M allocations: 2.102 GiB)
438
  3.351198 seconds (1.05 M allocations: 793.985 MiB)
795
 14.682314 seconds (4.89 M allocations: 3.096 GiB, 27.58% gc time)
40
  7.128964 seconds (2.71 M allocations: 1.841 GiB)
585
  3.598682 seconds (1.49 M allocations: 1003.500 MiB)
483
  5.770201 seconds (2.49 M allocations: 1.614 GiB)
681
 18.084171 seconds (6.74 M allocations: 4.203 GiB, 22.39% gc time)
534
  3.866716 seconds (1.58 M allocations: 1.047 GiB)
835
  4.666868 seconds (1.91 M allocations: 1.267 GiB)
890
  9.402483 seconds (4.26 M allocations: 2.718 GiB)
934
  6.058064 seconds (2.83 M allocations: 1.787 GiB)
282
 19.168354 seconds (7.52 M allocations: 4.636 GiB, 21.13% gc time)
331
  3.020908 seconds (1.38 M allocations: 897.599 MiB)
484
  3.021065 seconds (1.32 M allocations: 872.657 MiB)
682
  8.066640 seconds (3.86 M allocations: 2.416 GiB)
634
 11.738692 seconds (5.19 M allocations: 3.337 GiB)
133
  3.020696 seconds (1.53 M allocations: 959.464 MiB)
535
  3.032665 seconds (1.53 M allocations: 960.654 MiB)
891
 12.759722 seconds (6.24 M allocations: 3.877 GiB)
982
 11.728565 seconds (5.31 M allocations: 3.386 GiB)
737
  6.039596 seconds (3.29 M allocations: 1.975 GiB)
439
  6.060234 seconds (3.23 M allocations: 1.953 GiB)
586
  3.022066 seconds (1.60 M allocations: 990.595 MiB)
485
  3.021303 seconds (1.54 M allocations: 968.780 MiB)
683
  4.519814 seconds (2.30 M allocations: 1.409 GiB)
332
  3.023021 seconds (1.44 M allocations: 923.657 MiB)
536
  6.043574 seconds (2.89 M allocations: 1.809 GiB)
935
  6.074425 seconds (3.01 M allocations: 1.861 GiB)
283
 16.527046 seconds (8.39 M allocations: 5.146 GiB)
84
  4.292993 seconds (1.79 M allocations: 1.176 GiB)
892
  3.292729 seconds (1.33 M allocations: 903.111 MiB)
684
 10.332238 seconds (5.18 M allocations: 3.191 GiB)
41
 11.548886 seconds (5.82 M allocations: 3.579 GiB)
796
 19.083226 seconds (9.14 M allocations: 5.716 GiB)
190
 16.198220 seconds (7.82 M allocations: 4.880 GiB)
230
  7.370918 seconds (3.76 M allocations: 2.304 GiB)
635
  6.714761 seconds (3.15 M allocations: 1.981 GiB)
738
  7.736393 seconds (3.32 M allocations: 2.157 GiB)
440
  7.344320 seconds (3.26 M allocations: 2.092 GiB)
587
  3.060188 seconds (1.33 M allocations: 880.388 MiB)
42
  8.842070 seconds (3.91 M allocations: 2.514 GiB)
983
 12.611615 seconds (5.94 M allocations: 3.736 GiB)
836
  6.947496 seconds (3.13 M allocations: 2.001 GiB)
936
 15.892308 seconds (7.88 M allocations: 4.874 GiB)
382
  7.063971 seconds (3.03 M allocations: 1.974 GiB)
85
  8.513613 seconds (3.56 M allocations: 2.339 GiB)
284
 12.155033 seconds (5.63 M allocations: 3.560 GiB)
134
  6.577279 seconds (3.05 M allocations: 1.931 GiB)
  3.023880 seconds (1.32 M allocations: 875.907 MiB)
43
685
  9.881005 seconds (2.87 M allocations: 1.824 GiB, 36.49% gc time)
191
  7.502573 seconds (1.86 M allocations: 1.165 GiB, 48.06% gc time)
588
  8.911011 seconds (2.54 M allocations: 1.588 GiB, 40.46% gc time)
441
 15.228791 seconds (5.42 M allocations: 3.419 GiB, 23.68% gc time)
486
 11.192320 seconds (3.58 M allocations: 2.248 GiB, 32.21% gc time)
797
 11.134060 seconds (3.49 M allocations: 2.209 GiB, 32.38% gc time)
636
 11.345337 seconds (3.59 M allocations: 2.272 GiB, 31.78% gc time)
739
  3.034110 seconds (1.39 M allocations: 907.382 MiB)
686
  9.534488 seconds (2.90 M allocations: 1.804 GiB, 37.82% gc time)
984
 14.172191 seconds (5.19 M allocations: 3.219 GiB, 25.44% gc time)
893
  9.583251 seconds (2.93 M allocations: 1.820 GiB, 37.62% gc time)
 12.611413 seconds (4.33 M allocations: 2.707 GiB, 28.59% gc time)
837
231
  3.027958 seconds (1.84 M allocations: 1.069 GiB)
589
 17.206916 seconds (6.76 M allocations: 4.176 GiB, 20.95% gc time)
  4.249736 seconds (2.44 M allocations: 1.440 GiB)
135
333
 17.225525 seconds (6.72 M allocations: 4.162 GiB, 20.93% gc time)
537
 10.281294 seconds (3.69 M allocations: 2.204 GiB, 35.07% gc time)
86
  9.801712 seconds (3.52 M allocations: 2.080 GiB, 36.78% gc time)
285
  4.366466 seconds (2.46 M allocations: 1.459 GiB)
442
  3.408625 seconds (1.56 M allocations: 1012.635 MiB)
838
  5.082972 seconds (2.64 M allocations: 1.606 GiB)
798
  6.070938 seconds (3.08 M allocations: 1.889 GiB)
487
  3.258668 seconds (1.37 M allocations: 915.853 MiB)
538
  3.110438 seconds (1.35 M allocations: 894.669 MiB)
334
  6.094212 seconds (3.32 M allocations: 1.987 GiB)
637
  6.093102 seconds (3.24 M allocations: 1.955 GiB)
740
  6.103812 seconds (2.88 M allocations: 1.807 GiB)
232
  5.601905 seconds (2.70 M allocations: 1.681 GiB)
590
  9.858599 seconds (5.23 M allocations: 3.157 GiB)
44
  6.173361 seconds (2.54 M allocations: 1.672 GiB)
  4.692876 seconds (1.96 M allocations: 1.283 GiB)
87
443
  6.083535 seconds (2.62 M allocations: 1.696 GiB)
286
  4.479387 seconds (1.85 M allocations: 1.221 GiB)
  4.846803 seconds (2.08 M allocations: 1.352 GiB)
539
799
  3.316196 seconds (1.18 M allocations: 846.205 MiB)
45
 19.284949 seconds (7.69 M allocations: 4.766 GiB, 18.70% gc time)
383
  6.132357 seconds (2.71 M allocations: 1.743 GiB)
488
 10.865809 seconds (5.08 M allocations: 3.198 GiB)
894
  7.643489 seconds (3.57 M allocations: 2.249 GiB)
839
  6.052772 seconds (2.75 M allocations: 1.750 GiB)
638
  5.150676 seconds (2.39 M allocations: 1.514 GiB)
591
  6.045684 seconds (2.93 M allocations: 1.825 GiB)
741
  6.040175 seconds (2.93 M allocations: 1.825 GiB)
233
  3.116432 seconds (1.75 M allocations: 1.038 GiB)
540
  3.340936 seconds (1.71 M allocations: 1.047 GiB)
46
  6.067639 seconds (2.86 M allocations: 1.796 GiB)
88
  3.185265 seconds (1.28 M allocations: 872.270 MiB)
840
 23.982563 seconds (10.16 M allocations: 6.261 GiB, 15.03% gc time)
937
  6.047840 seconds (2.97 M allocations: 1.841 GiB)
287
  3.393703 seconds (1.59 M allocations: 1.001 GiB)
592
 14.588231 seconds (6.91 M allocations: 4.335 GiB)
136
  6.039302 seconds (2.39 M allocations: 1.606 GiB)
639
  3.714070 seconds (1.47 M allocations: 1008.261 MiB)
47
  6.027580 seconds (2.29 M allocations: 1.562 GiB)
742
 18.337455 seconds (8.43 M allocations: 5.347 GiB)
687
  3.648717 seconds (1.46 M allocations: 1000.550 MiB)
841
  6.045725 seconds (2.67 M allocations: 1.720 GiB)
234
  8.321277 seconds (3.82 M allocations: 2.428 GiB)
895
  4.060396 seconds (1.65 M allocations: 1.099 GiB)
593
 14.866379 seconds (6.84 M allocations: 4.342 GiB)
335
  9.335729 seconds (4.39 M allocations: 2.770 GiB)
489
 10.194794 seconds (5.04 M allocations: 3.126 GiB)
800
 23.122813 seconds (11.56 M allocations: 7.130 GiB)
192
 26.824719 seconds (5.22 M allocations: 3.292 GiB, 58.64% gc time)
384
 21.693514 seconds (2.57 M allocations: 1.671 GiB, 72.52% gc time)
 19.106316 seconds (1.51 M allocations: 993.618 MiB, 82.34% gc time)
842
137
 37.502218 seconds (10.45 M allocations: 6.531 GiB, 41.95% gc time)
985
 29.324735 seconds (6.70 M allocations: 4.154 GiB, 53.65% gc time)
444
 19.324692 seconds (1.88 M allocations: 1.140 GiB, 81.41% gc time)
896
 23.777345 seconds (3.80 M allocations: 2.393 GiB, 66.16% gc time)
288
 24.831766 seconds (4.48 M allocations: 2.779 GiB, 63.35% gc time)
89
 19.552959 seconds (2.07 M allocations: 1.244 GiB, 80.45% gc time)
594
 19.289615 seconds (1.78 M allocations: 1.097 GiB, 81.55% gc time)
490
  3.203170 seconds (1.51 M allocations: 974.588 MiB)
843
 22.786668 seconds (3.69 M allocations: 2.244 GiB, 69.04% gc time)
48
  4.200777 seconds (1.95 M allocations: 1.236 GiB)
385
 29.639305 seconds (6.42 M allocations: 4.075 GiB, 53.08% gc time)
541
 24.179820 seconds (3.91 M allocations: 2.479 GiB, 65.06% gc time)
235
  3.040841 seconds (1.08 M allocations: 776.447 MiB)
595
  3.040399 seconds (1.26 M allocations: 855.448 MiB)
491
 24.875359 seconds (4.51 M allocations: 2.801 GiB, 63.24% gc time)
688
 23.271780 seconds (3.78 M allocations: 2.333 GiB, 67.60% gc time)
336
 29.018175 seconds (6.48 M allocations: 4.038 GiB, 54.21% gc time)
938
  3.019879 seconds (1.49 M allocations: 947.767 MiB)
49
  3.375546 seconds (1.59 M allocations: 1.003 GiB)
386
  7.099024 seconds (3.10 M allocations: 2.011 GiB)
897
 29.228865 seconds (6.63 M allocations: 4.120 GiB, 53.82% gc time)
640
  9.059361 seconds (4.09 M allocations: 2.621 GiB)
  8.561199 seconds (3.75 M allocations: 2.428 GiB)
138
445
 26.597549 seconds (5.07 M allocations: 3.208 GiB, 59.15% gc time)
801
  4.127607 seconds (2.07 M allocations: 1.276 GiB)
  3.058465 seconds (1.34 M allocations: 886.938 MiB)
596
939
  9.035612 seconds (4.42 M allocations: 2.753 GiB)
986
 29.307872 seconds (7.01 M allocations: 4.286 GiB, 53.68% gc time)
743
  3.867550 seconds (1.96 M allocations: 1.206 GiB)
337
  9.057915 seconds (4.58 M allocations: 2.817 GiB)
90
  3.403438 seconds (1.99 M allocations: 1.170 GiB)
387
  8.207483 seconds (4.10 M allocations: 2.534 GiB)
844
  3.243887 seconds (1.22 M allocations: 854.629 MiB)
597
  3.028249 seconds (1.02 M allocations: 747.867 MiB)
338
  7.800586 seconds (3.72 M allocations: 2.336 GiB)
689
  8.673427 seconds (4.42 M allocations: 2.710 GiB)
542
  4.245384 seconds (1.91 M allocations: 1.222 GiB)
940
  8.686821 seconds (4.49 M allocations: 2.740 GiB)
236
 13.938448 seconds (6.71 M allocations: 4.201 GiB)
289
  6.533459 seconds (3.24 M allocations: 2.004 GiB)
446
  6.539510 seconds (3.13 M allocations: 1.960 GiB)
  4.173081 seconds (1.77 M allocations: 1.156 GiB)
845
  6.932741 seconds (3.31 M allocations: 2.076 GiB)
139
  3.205642 seconds (1.66 M allocations: 1.012 GiB)
598
  3.728762 seconds (1.72 M allocations: 1.092 GiB)
339
  4.912369 seconds (2.25 M allocations: 1.432 GiB)
388
 11.828126 seconds (5.72 M allocations: 3.569 GiB)
492
  8.466567 seconds (4.20 M allocations: 2.599 GiB)
641
  9.536449 seconds (5.07 M allocations: 3.068 GiB)
898
 35.218044 seconds (9.69 M allocations: 5.992 GiB, 44.67% gc time)
193
  5.815187 seconds (2.76 M allocations: 1.733 GiB)
690
  9.148037 seconds (4.08 M allocations: 2.619 GiB)
744
  5.877819 seconds (2.75 M allocations: 1.733 GiB)
941
 13.020532 seconds (6.41 M allocations: 3.976 GiB)
50
  3.874667 seconds (2.08 M allocations: 1.252 GiB)
846
 10.837948 seconds (5.15 M allocations: 3.231 GiB)
987
  4.683521 seconds (2.31 M allocations: 1.431 GiB)
140
  5.484579 seconds (2.58 M allocations: 1.622 GiB)
599
 22.642239 seconds (3.23 M allocations: 1.988 GiB, 71.48% gc time)
447
 21.631238 seconds (2.44 M allocations: 1.562 GiB, 74.82% gc time)
493
 21.199533 seconds (2.10 M allocations: 1.376 GiB, 76.35% gc time)
899
 29.285024 seconds (6.01 M allocations: 3.818 GiB, 55.27% gc time)
91
 19.609262 seconds (1.23 M allocations: 877.532 MiB, 82.54% gc time)
988
 21.428365 seconds (2.00 M allocations: 1.359 GiB, 75.53% gc time)
51
  3.024912 seconds (1.20 M allocations: 825.165 MiB)
600
 28.043710 seconds (5.35 M allocations: 3.417 GiB, 57.71% gc time)
543
 22.154622 seconds (2.49 M allocations: 1.636 GiB, 73.06% gc time)
942
 26.630346 seconds (4.99 M allocations: 3.126 GiB, 60.78% gc time)
290
 25.568487 seconds (4.46 M allocations: 2.795 GiB, 63.30% gc time)
340
  3.235300 seconds (1.56 M allocations: 998.803 MiB)
900
 29.379270 seconds (6.11 M allocations: 3.865 GiB, 55.09% gc time)
237
 26.182581 seconds (4.67 M allocations: 2.944 GiB, 61.82% gc time)
389
 24.457806 seconds (4.02 M allocations: 2.501 GiB, 66.18% gc time)
745
 25.568746 seconds (4.44 M allocations: 2.790 GiB, 63.30% gc time)
194
  3.099893 seconds (1.71 M allocations: 1.024 GiB)
 23.522708 seconds (3.40 M allocations: 2.151 GiB, 68.81% gc time)
601
141
 25.038282 seconds (4.11 M allocations: 2.601 GiB, 64.64% gc time)
691
  7.542658 seconds (3.56 M allocations: 2.244 GiB)
448
  3.182310 seconds (1.54 M allocations: 983.727 MiB)
901
  4.692098 seconds (2.35 M allocations: 1.452 GiB)
  5.934543 seconds (3.05 M allocations: 1.869 GiB)
943
989
 27.204160 seconds (5.17 M allocations: 3.258 GiB, 59.50% gc time)
847
 29.509124 seconds (6.49 M allocations: 4.041 GiB, 54.85% gc time)
642
  5.830731 seconds (3.19 M allocations: 1.917 GiB)
  7.533241 seconds (3.92 M allocations: 2.390 GiB)
92
  3.288457 seconds (1.46 M allocations: 964.000 MiB)
142
  6.898166 seconds (3.34 M allocations: 2.085 GiB)
291
  6.140993 seconds (3.12 M allocations: 1.917 GiB)
341
 10.497212 seconds (5.22 M allocations: 3.230 GiB)
494
  6.050119 seconds (3.01 M allocations: 1.862 GiB)
390
  3.205413 seconds (1.54 M allocations: 984.281 MiB)
944
  3.235177 seconds (1.54 M allocations: 986.315 MiB)
848
  9.674892 seconds (4.56 M allocations: 2.869 GiB)
544
  5.542319 seconds (2.58 M allocations: 1.629 GiB)
  3.503994 seconds (1.20 M allocations: 870.637 MiB)
342
  9.530764 seconds (4.36 M allocations: 2.773 GiB)
238
  4.176345 seconds (1.74 M allocations: 1.141 GiB)
143
  7.319846 seconds (3.39 M allocations: 2.140 GiB)
449
  4.161033 seconds (1.66 M allocations: 1.105 GiB)
495
  7.333967 seconds (3.19 M allocations: 2.059 GiB)
990
 10.290654 seconds (4.83 M allocations: 3.041 GiB)
195
  6.967843 seconds (3.07 M allocations: 1.972 GiB)
93
 10.796661 seconds (4.72 M allocations: 3.045 GiB)
 11.294267 seconds (4.90 M allocations: 3.172 GiB)
692
  6.411016 seconds (2.44 M allocations: 1.660 GiB)
945
 12.238703 seconds (5.57 M allocations: 3.547 GiB)
746
  4.850047 seconds (2.12 M allocations: 1.371 GiB)
545
  6.191930 seconds (2.56 M allocations: 1.689 GiB)
849
  8.182563 seconds (3.73 M allocations: 2.368 GiB)
  4.385873 seconds (2.27 M allocations: 1.385 GiB)
292
343
  9.703992 seconds (4.55 M allocations: 2.864 GiB)
643
  4.419983 seconds (2.37 M allocations: 1.430 GiB)
144
  4.088129 seconds (2.19 M allocations: 1.321 GiB)
496
  8.638560 seconds (4.03 M allocations: 2.544 GiB)
391
  6.777704 seconds (3.05 M allocations: 1.952 GiB)
450
  3.352878 seconds (1.16 M allocations: 842.814 MiB)
344
  3.879286 seconds (1.63 M allocations: 1.071 GiB)
850
  6.385976 seconds (2.85 M allocations: 1.832 GiB)
94
  3.381071 seconds (1.18 M allocations: 852.783 MiB)
497
  5.032361 seconds (2.33 M allocations: 1.477 GiB)
546
  4.065801 seconds (1.56 M allocations: 1.061 GiB)
145
  5.558235 seconds (2.91 M allocations: 1.768 GiB)
946
  8.159295 seconds (4.03 M allocations: 2.498 GiB)
991
  9.323348 seconds (4.77 M allocations: 2.922 GiB)
239
  8.324951 seconds (4.20 M allocations: 2.584 GiB)
196
  7.176628 seconds (3.91 M allocations: 2.343 GiB)
693
  6.557630 seconds (3.14 M allocations: 1.964 GiB)
293
  6.330855 seconds (2.70 M allocations: 1.759 GiB)
392
  8.507361 seconds (3.97 M allocations: 2.507 GiB)
747
  4.299467 seconds (2.18 M allocations: 1.334 GiB)
851
  5.117978 seconds (2.60 M allocations: 1.591 GiB)
345
  8.871308 seconds (3.99 M allocations: 2.547 GiB)
644
 25.753019 seconds (3.23 M allocations: 2.008 GiB, 73.95% gc time)
451
 23.098287 seconds (1.46 M allocations: 1.010 GiB, 82.45% gc time)
694
 24.722435 seconds (2.60 M allocations: 1.643 GiB, 77.03% gc time)
498
 25.725936 seconds (3.29 M allocations: 2.031 GiB, 74.03% gc time)
95
 24.748976 seconds (2.34 M allocations: 1.542 GiB, 76.95% gc time)
197
 25.549936 seconds (2.70 M allocations: 1.773 GiB, 74.54% gc time)
240
 26.307030 seconds (3.24 M allocations: 2.075 GiB, 72.39% gc time)
547
 26.228264 seconds (3.05 M allocations: 1.988 GiB, 72.61% gc time)
992
 26.553167 seconds (3.41 M allocations: 2.169 GiB, 71.72% gc time)
146
 26.910391 seconds (3.72 M allocations: 2.330 GiB, 70.77% gc time)
947
 23.927326 seconds (2.49 M allocations: 1.521 GiB, 79.59% gc time)
393
  3.553670 seconds (1.87 M allocations: 1.135 GiB)
645
 25.917236 seconds (3.32 M allocations: 2.068 GiB, 73.48% gc time)
294
 23.906170 seconds (2.62 M allocations: 1.574 GiB, 79.66% gc time)
346
  3.113980 seconds (1.82 M allocations: 1.067 GiB)
96
 25.105943 seconds (3.09 M allocations: 1.891 GiB, 75.85% gc time)
748
 26.022150 seconds (3.50 M allocations: 2.153 GiB, 73.18% gc time)
  4.848779 seconds (2.51 M allocations: 1.533 GiB)
499
  3.160395 seconds (1.23 M allocations: 851.347 MiB)
646
  6.068763 seconds (2.87 M allocations: 1.806 GiB)
695
  3.045087 seconds (1.13 M allocations: 798.750 MiB)
347
  3.039197 seconds (965.53 k allocations: 726.892 MiB)
97
  4.722146 seconds (1.96 M allocations: 1.293 GiB)
948
  7.937467 seconds (3.89 M allocations: 2.416 GiB)
  5.951264 seconds (2.65 M allocations: 1.705 GiB)
147
  8.015386 seconds (3.64 M allocations: 2.321 GiB)
198
  4.487302 seconds (1.62 M allocations: 1.128 GiB)
500
  3.615143 seconds (1.34 M allocations: 943.787 MiB)
647
  6.090983 seconds (2.23 M allocations: 1.546 GiB)
749
  3.057677 seconds (1.23 M allocations: 839.475 MiB)
348
  7.820891 seconds (3.34 M allocations: 2.180 GiB)
394
  3.653279 seconds (1.63 M allocations: 1.051 GiB)
98
  3.501168 seconds (1.61 M allocations: 1.026 GiB)
949
  3.174327 seconds (1.56 M allocations: 994.877 MiB)
148
  9.544129 seconds (4.61 M allocations: 2.881 GiB)
993
  6.083652 seconds (2.82 M allocations: 1.789 GiB)
696
  8.974768 seconds (4.12 M allocations: 2.624 GiB)
295
 10.475597 seconds (5.13 M allocations: 3.191 GiB)
241
  3.038277 seconds (1.59 M allocations: 992.675 MiB)
349
 11.613752 seconds (5.53 M allocations: 3.474 GiB)
548
  3.039104 seconds (1.48 M allocations: 943.342 MiB)
99
  3.035242 seconds (1.54 M allocations: 966.397 MiB)
950
  3.028226 seconds (1.54 M allocations: 967.071 MiB)
149
  6.064542 seconds (3.21 M allocations: 1.949 GiB)
199
  6.158260 seconds (3.20 M allocations: 1.953 GiB)
501
  6.062115 seconds (2.94 M allocations: 1.836 GiB)
  3.024998 seconds (1.27 M allocations: 856.611 MiB)
750
350
  6.061368 seconds (3.07 M allocations: 1.889 GiB)
395
  3.021183 seconds (1.43 M allocations: 923.586 MiB)
100
  7.739247 seconds (1.40 M allocations: 910.727 MiB, 60.71% gc time)
951
  7.747229 seconds (1.40 M allocations: 912.090 MiB, 60.64% gc time)
150
 11.311257 seconds (2.83 M allocations: 1.847 GiB, 41.54% gc time)
 11.436232 seconds (2.97 M allocations: 1.916 GiB, 41.08% gc time)
296
697
  7.741614 seconds (1.30 M allocations: 868.597 MiB, 60.69% gc time)
351
 14.444778 seconds (4.76 M allocations: 2.964 GiB, 32.52% gc time)
648
  3.018490 seconds (1.27 M allocations: 853.371 MiB)
101
  3.025110 seconds (1.27 M allocations: 852.930 MiB)
  3.019395 seconds (1.13 M allocations: 788.781 MiB)
151
 13.998255 seconds (4.36 M allocations: 2.741 GiB, 33.56% gc time)
994
 11.035564 seconds (2.82 M allocations: 1.796 GiB, 42.57% gc time)
200
 14.306415 seconds (4.25 M allocations: 2.718 GiB, 32.84% gc time)
242
  3.073258 seconds (1.26 M allocations: 834.434 MiB)
698
 13.566487 seconds (4.00 M allocations: 2.540 GiB, 34.63% gc time)
549
 10.936461 seconds (2.80 M allocations: 1.770 GiB, 42.96% gc time)
 11.847542 seconds (3.34 M allocations: 2.089 GiB, 39.65% gc time)
396
  3.025236 seconds (1.25 M allocations: 826.495 MiB)
 12.152472 seconds (3.24 M allocations: 2.073 GiB, 38.66% gc time)
751
  3.021099 seconds (1.27 M allocations: 830.110 MiB)
  3.951642 seconds (1.34 M allocations: 931.656 MiB)
995
  3.018278 seconds (897.82 k allocations: 654.394 MiB)
699
  6.411064 seconds (2.68 M allocations: 1.699 GiB)
297
  5.659141 seconds (2.33 M allocations: 1.474 GiB)
649
  7.063334 seconds (2.84 M allocations: 1.822 GiB)
  5.359953 seconds (1.93 M allocations: 1.282 GiB)
201
  5.192265 seconds (1.76 M allocations: 1.191 GiB)
243
  4.366319 seconds (1.37 M allocations: 971.031 MiB)
  5.337259 seconds (1.77 M allocations: 1.202 GiB)
550
  3.023688 seconds (1.08 M allocations: 734.425 MiB)
700
  3.021513 seconds (1.03 M allocations: 713.633 MiB)
298
  3.020630 seconds (1.03 M allocations: 713.155 MiB)
650
  5.788845 seconds (2.23 M allocations: 1.424 GiB)
397
  3.609076 seconds (1.59 M allocations: 1002.870 MiB)
996
  3.016949 seconds (1.03 M allocations: 677.309 MiB)
551
  3.028539 seconds (1.02 M allocations: 671.094 MiB)
701
  3.019372 seconds (886.83 k allocations: 615.932 MiB)
651
  3.157652 seconds (1.09 M allocations: 711.416 MiB)
299
  5.051151 seconds (2.10 M allocations: 1.282 GiB)
  6.934740 seconds (1.95 M allocations: 1.210 GiB, 28.60% gc time)
244
  6.582282 seconds (1.25 M allocations: 917.480 MiB, 30.13% gc time)
398
  6.578656 seconds (1.26 M allocations: 922.273 MiB, 30.15% gc time)
997
  5.011147 seconds (1.20 M allocations: 784.228 MiB, 39.58% gc time)
  5.065714 seconds (1.07 M allocations: 732.137 MiB, 39.15% gc time)
  5.015147 seconds (899.15 k allocations: 651.583 MiB, 39.55% gc time)
  5.050893 seconds (797.23 k allocations: 608.772 MiB, 39.27% gc time)
300
  3.017922 seconds (746.78 k allocations: 552.641 MiB)
245
  3.017206 seconds (563.73 k allocations: 428.348 MiB)
399
  3.032957 seconds (583.19 k allocations: 437.573 MiB)
998
  3.137402 seconds (639.47 k allocations: 433.435 MiB)
301
  3.017867 seconds (631.05 k allocations: 424.058 MiB)
246
  3.022616 seconds (535.18 k allocations: 383.795 MiB)
400
  3.037191 seconds (554.85 k allocations: 393.346 MiB)
999
  3.019009 seconds (631.13 k allocations: 424.268 MiB)
  3.012993 seconds (485.91 k allocations: 355.356 MiB)
247
  3.014545 seconds (388.27 k allocations: 298.825 MiB)
401
  3.029703 seconds (405.45 k allocations: 306.594 MiB)
1000
  3.033790 seconds (440.07 k allocations: 304.361 MiB)
248
  3.740985 seconds (383.61 k allocations: 281.094 MiB, 18.74% gc time)
  3.750821 seconds (308.03 k allocations: 250.009 MiB, 18.69% gc time)
1001
  3.019654 seconds (271.65 k allocations: 209.482 MiB)
249
  2.997306 seconds (250.68 k allocations: 186.192 MiB)
  2.955373 seconds (80.06 k allocations: 89.111 MiB)
250
  2.960629 seconds (57.60 k allocations: 64.160 MiB)
251
  2.896694 seconds (57.60 k allocations: 64.160 MiB)
