Graph 1 is connected.
Graph 2 is connected.
Graph 3 is connected.
Graph 4 is connected.
Graph 5 is connected.
Graph 6 is connected.
Graph 7 is connected.
Graph 8 is connected.
Graph 9 is connected.
Graph 10 is connected.
Graph 11 is connected.
Matrix 1 normalized.
Matrix 2 normalized.
Matrix 3 normalized.
Matrix 4 normalized.
Matrix 5 normalized.
Matrix 6 normalized.
Matrix 7 normalized.
Matrix 8 normalized.
Matrix 9 normalized.
Matrix 10 normalized.
Matrix 11 normalized.
Number of threads: 20
452
402
102
852
952
52
602902

1
502
302
652
552
202
152
352
752
252
702
802
  5.116803 seconds (786.31 k allocations: 864.497 MiB)
453
 10.216522 seconds (1.13 M allocations: 1.068 GiB, 41.06% gc time, 1.67% compilation time)
703
 10.511466 seconds (1.48 M allocations: 1.239 GiB, 39.90% gc time, 1.62% compilation time)
203
 10.537222 seconds (1.37 M allocations: 1.197 GiB, 39.81% gc time, 1.62% compilation time)
753
 10.787613 seconds (1.47 M allocations: 1.266 GiB, 38.88% gc time, 1.58% compilation time)
153
 11.201433 seconds (1.85 M allocations: 1.460 GiB, 37.45% gc time, 1.52% compilation time)
853
 11.628766 seconds (2.29 M allocations: 1.681 GiB, 36.07% gc time, 1.47% compilation time)
653
 11.691367 seconds (2.08 M allocations: 1.606 GiB, 35.88% gc time, 1.46% compilation time)
253
 11.825361 seconds (2.30 M allocations: 1.708 GiB, 35.47% gc time, 1.44% compilation time)
603
 12.035651 seconds (2.69 M allocations: 1.887 GiB, 34.85% gc time, 1.42% compilation time)
53
 15.119550 seconds (2.60 M allocations: 1.881 GiB, 46.27% gc time, 1.13% compilation time)
 15.114712 seconds (2.56 M allocations: 1.866 GiB, 46.29% gc time, 1.13% compilation time)
553
903
 15.302293 seconds (2.79 M allocations: 1.978 GiB, 45.72% gc time, 1.11% compilation time)
2
 15.557779 seconds (3.42 M allocations: 2.257 GiB, 44.97% gc time, 1.10% compilation time)
 15.472773 seconds (2.96 M allocations: 2.063 GiB, 45.22% gc time, 1.10% compilation time)
503
803
 15.512985 seconds (3.01 M allocations: 2.088 GiB, 45.10% gc time, 1.10% compilation time)
353
 16.069989 seconds (3.72 M allocations: 2.434 GiB, 43.54% gc time, 1.06% compilation time)
953
 16.376401 seconds (4.00 M allocations: 2.580 GiB, 42.72% gc time, 1.04% compilation time)
103
 16.860064 seconds (4.09 M allocations: 2.668 GiB, 41.50% gc time, 1.01% compilation time)
403
  8.046178 seconds (2.48 M allocations: 1.462 GiB, 45.17% gc time)
154
  4.209807 seconds (1.47 M allocations: 966.880 MiB, 19.78% gc time)
554
 19.735077 seconds (4.47 M allocations: 3.033 GiB, 39.67% gc time, 0.86% compilation time)
303
  9.180339 seconds (3.15 M allocations: 1.851 GiB, 39.59% gc time)
754
  5.580363 seconds (2.45 M allocations: 1.488 GiB, 14.92% gc time)
54
 10.936078 seconds (4.17 M allocations: 2.446 GiB, 33.23% gc time)
454
 11.501276 seconds (4.26 M allocations: 2.541 GiB, 31.60% gc time)
704
 10.212406 seconds (3.39 M allocations: 2.057 GiB, 35.59% gc time)
654
 11.683485 seconds (4.28 M allocations: 2.569 GiB, 31.11% gc time)
204
 11.275012 seconds (3.74 M allocations: 2.307 GiB, 32.23% gc time)
254
 11.957246 seconds (4.29 M allocations: 2.605 GiB, 30.39% gc time)
854
  7.900227 seconds (2.95 M allocations: 1.930 GiB, 10.54% gc time)
804
  7.688273 seconds (2.81 M allocations: 1.851 GiB, 10.83% gc time)
954
  9.109352 seconds (4.23 M allocations: 2.577 GiB, 9.14% gc time)
604
  9.292593 seconds (3.62 M allocations: 2.346 GiB, 8.96% gc time)
3
  9.376513 seconds (3.67 M allocations: 2.377 GiB, 8.88% gc time)
354
  8.511521 seconds (3.30 M allocations: 2.136 GiB, 9.78% gc time)
404
 10.151975 seconds (4.00 M allocations: 2.594 GiB, 8.20% gc time)
504
 11.125279 seconds (4.88 M allocations: 3.053 GiB, 7.48% gc time)
904
  6.441255 seconds (3.03 M allocations: 1.904 GiB)
555
 10.848267 seconds (4.32 M allocations: 2.792 GiB, 7.67% gc time)
104
  5.571957 seconds (2.58 M allocations: 1.631 GiB)
705
  8.515221 seconds (4.10 M allocations: 2.550 GiB)
155
  8.013950 seconds (3.74 M allocations: 2.350 GiB)
755
  8.003642 seconds (3.75 M allocations: 2.357 GiB)
55
  9.167958 seconds (4.32 M allocations: 2.707 GiB)
304
  8.529331 seconds (3.96 M allocations: 2.492 GiB)
455
  6.384637 seconds (2.83 M allocations: 1.809 GiB)
955
  7.626523 seconds (3.52 M allocations: 2.218 GiB)
255
  8.937181 seconds (4.08 M allocations: 2.584 GiB)
655
  7.637490 seconds (3.52 M allocations: 2.219 GiB)
855
  7.946951 seconds (3.60 M allocations: 2.280 GiB)
805
  6.982935 seconds (3.27 M allocations: 2.047 GiB)
  9.463750 seconds (4.50 M allocations: 2.805 GiB)
4
205
  8.237868 seconds (3.88 M allocations: 2.423 GiB)
  6.304450 seconds (3.05 M allocations: 1.885 GiB)
605
505
  8.033536 seconds (3.87 M allocations: 2.395 GiB)
355
  7.408872 seconds (3.43 M allocations: 2.148 GiB)
905
  6.278596 seconds (2.97 M allocations: 1.847 GiB)
706
  8.512343 seconds (4.13 M allocations: 2.546 GiB)
405
  8.495729 seconds (3.94 M allocations: 2.470 GiB)
556
  6.780403 seconds (3.23 M allocations: 2.004 GiB)
756
  7.844713 seconds (3.70 M allocations: 2.303 GiB)
  8.502057 seconds (4.07 M allocations: 2.519 GiB)
156
105
  7.114103 seconds (3.46 M allocations: 2.130 GiB)
56
  7.578772 seconds (3.66 M allocations: 2.257 GiB)
305
  8.024248 seconds (3.59 M allocations: 2.275 GiB)
956
  7.318405 seconds (3.11 M allocations: 2.005 GiB)
856
  8.243923 seconds (3.61 M allocations: 2.303 GiB)
256
  9.445984 seconds (4.24 M allocations: 2.681 GiB)
456
  7.141727 seconds (2.97 M allocations: 1.930 GiB)
5
  6.862071 seconds (2.75 M allocations: 1.812 GiB)
606
  8.718668 seconds (4.09 M allocations: 2.545 GiB)
656
  7.985294 seconds (3.85 M allocations: 2.371 GiB)
806
  6.341217 seconds (2.94 M allocations: 1.834 GiB)
906
  8.345234 seconds (3.93 M allocations: 2.437 GiB)
206
  6.665234 seconds (3.19 M allocations: 1.968 GiB)
707
  8.485184 seconds (3.92 M allocations: 2.450 GiB)
356
  9.543203 seconds (4.24 M allocations: 2.687 GiB)
506
  7.564303 seconds (3.48 M allocations: 2.170 GiB)
557
  7.212034 seconds (3.10 M allocations: 1.985 GiB)
106
  8.129586 seconds (3.61 M allocations: 2.284 GiB)
757
  7.197879 seconds (3.11 M allocations: 1.986 GiB)
57
  6.877393 seconds (3.27 M allocations: 2.018 GiB)
306
  6.141933 seconds (3.07 M allocations: 1.859 GiB)
957
 10.928462 seconds (3.26 M allocations: 2.000 GiB, 37.83% gc time)
857
 14.997513 seconds (5.06 M allocations: 3.145 GiB, 27.56% gc time)
406
 13.880015 seconds (4.44 M allocations: 2.782 GiB, 29.78% gc time)
157
  9.473063 seconds (2.25 M allocations: 1.452 GiB, 43.64% gc time)
708
  8.236417 seconds (1.82 M allocations: 1.157 GiB, 50.19% gc time)
558
 12.220790 seconds (3.56 M allocations: 2.263 GiB, 33.83% gc time)
607
 12.791804 seconds (3.93 M allocations: 2.472 GiB, 32.32% gc time)
257
  3.140798 seconds (1.32 M allocations: 888.545 MiB)
958
 13.012948 seconds (4.14 M allocations: 2.585 GiB, 31.77% gc time)
6
 13.202124 seconds (4.02 M allocations: 2.558 GiB, 31.31% gc time)
657
  3.714489 seconds (1.76 M allocations: 1.106 GiB)
858
  3.199719 seconds (1.35 M allocations: 906.676 MiB)
709
 10.571764 seconds (2.86 M allocations: 1.835 GiB, 39.10% gc time)
107
 12.410052 seconds (3.79 M allocations: 2.394 GiB, 33.31% gc time)
357
  3.925652 seconds (1.73 M allocations: 1.118 GiB)
559
  6.061930 seconds (2.50 M allocations: 1.654 GiB)
158
  3.039788 seconds (1.26 M allocations: 851.131 MiB)
658
  4.018208 seconds (1.74 M allocations: 1.129 GiB)
959
 17.359284 seconds (6.23 M allocations: 3.890 GiB, 23.81% gc time)
457
 12.978847 seconds (4.04 M allocations: 2.570 GiB, 31.85% gc time)
758
 16.909202 seconds (5.64 M allocations: 3.612 GiB, 24.45% gc time)
907
 13.542295 seconds (4.27 M allocations: 2.720 GiB, 30.53% gc time)
307
  4.224871 seconds (1.92 M allocations: 1.224 GiB)
710
 17.341018 seconds (6.00 M allocations: 3.805 GiB, 23.84% gc time)
 18.159899 seconds (6.47 M allocations: 4.077 GiB, 22.76% gc time)
207
807
  4.561114 seconds (2.38 M allocations: 1.451 GiB)
859
  6.068750 seconds (3.23 M allocations: 1.956 GiB)
258
  6.035571 seconds (3.25 M allocations: 1.960 GiB)
7
  9.001650 seconds (4.76 M allocations: 2.885 GiB)
407
  3.025766 seconds (1.94 M allocations: 1.110 GiB)
960
  3.604262 seconds (2.49 M allocations: 1.396 GiB)
560
  3.150612 seconds (2.12 M allocations: 1.198 GiB)
659
 16.025092 seconds (6.17 M allocations: 3.761 GiB, 25.80% gc time)
58
  3.676879 seconds (1.65 M allocations: 1.054 GiB)
808
  7.564326 seconds (3.85 M allocations: 2.365 GiB)
108
  3.259190 seconds (1.16 M allocations: 830.036 MiB)
961
  8.231093 seconds (4.13 M allocations: 2.545 GiB)
358
  4.922221 seconds (2.29 M allocations: 1.445 GiB)
308
  7.604737 seconds (4.10 M allocations: 2.466 GiB)
159
 11.932241 seconds (6.23 M allocations: 3.792 GiB)
608
  6.721166 seconds (3.80 M allocations: 2.253 GiB)
458
  6.079025 seconds (2.87 M allocations: 1.802 GiB)
259
  6.940614 seconds (3.79 M allocations: 2.269 GiB)
  6.753614 seconds (3.51 M allocations: 2.136 GiB)
711
759
  6.103041 seconds (2.90 M allocations: 1.819 GiB)
8
  6.011778 seconds (2.95 M allocations: 1.832 GiB)
860
 23.109671 seconds (9.76 M allocations: 5.950 GiB, 17.89% gc time)
507
  7.684479 seconds (4.57 M allocations: 2.669 GiB)
908
 15.665930 seconds (1.86 M allocations: 1.148 GiB, 75.78% gc time)
309
 15.565992 seconds (1.63 M allocations: 1.044 GiB, 76.26% gc time)
459
 22.057479 seconds (4.80 M allocations: 3.013 GiB, 53.82% gc time)
208
 15.922772 seconds (1.36 M allocations: 993.926 MiB, 74.55% gc time)
760
 17.410587 seconds (2.40 M allocations: 1.550 GiB, 68.18% gc time)
609
 22.792919 seconds (4.49 M allocations: 2.962 GiB, 52.08% gc time)
660
 23.453950 seconds (5.01 M allocations: 3.244 GiB, 50.61% gc time)
408
 22.669918 seconds (4.46 M allocations: 2.938 GiB, 52.37% gc time)
561
 17.784632 seconds (2.11 M allocations: 1.473 GiB, 66.75% gc time)
861
 23.804597 seconds (5.10 M allocations: 3.316 GiB, 49.87% gc time)
59
 20.570662 seconds (4.05 M allocations: 2.554 GiB, 57.71% gc time)
359
 20.692869 seconds (4.01 M allocations: 2.552 GiB, 57.37% gc time)
160
 19.746326 seconds (3.25 M allocations: 2.140 GiB, 60.12% gc time)
712
  3.407365 seconds (1.68 M allocations: 1.040 GiB)
761
 23.314293 seconds (5.41 M allocations: 3.396 GiB, 50.92% gc time)
809
  3.925592 seconds (1.94 M allocations: 1.204 GiB)
610
  6.284192 seconds (2.96 M allocations: 1.867 GiB)
310
 23.881898 seconds (5.84 M allocations: 3.634 GiB, 49.71% gc time)
109
 21.007204 seconds (3.80 M allocations: 2.500 GiB, 56.51% gc time)
909
 21.615174 seconds (4.09 M allocations: 2.682 GiB, 54.92% gc time)
508
  3.417156 seconds (1.46 M allocations: 979.656 MiB)
713
  3.177273 seconds (1.02 M allocations: 769.141 MiB)  3.340837 seconds (1.32 M allocations: 910.816 MiB)

  5.905254 seconds (2.72 M allocations: 1.727 GiB)
661
762
611
  5.333912 seconds (2.10 M allocations: 1.417 GiB)
  8.981356 seconds (3.79 M allocations: 2.487 GiB)
60
460
  6.228402 seconds (3.01 M allocations: 1.882 GiB)
862
  4.491130 seconds (2.03 M allocations: 1.301 GiB)
311
  5.077540 seconds (2.52 M allocations: 1.561 GiB)
810
  8.130261 seconds (4.16 M allocations: 2.553 GiB)
409
 26.039496 seconds (6.55 M allocations: 4.153 GiB, 45.59% gc time)
9
  7.111231 seconds (3.66 M allocations: 2.241 GiB)
360
 10.801662 seconds (5.44 M allocations: 3.354 GiB)
209
  8.575403 seconds (4.58 M allocations: 2.770 GiB)
562
  7.244777 seconds (3.84 M allocations: 2.327 GiB)
161
 28.767915 seconds (8.48 M allocations: 5.225 GiB, 41.27% gc time)
962
  3.292539 seconds (1.77 M allocations: 1.066 GiB)
461
 28.479965 seconds (8.21 M allocations: 5.082 GiB, 41.68% gc time)
260
  3.122072 seconds (1.55 M allocations: 982.467 MiB)
410
  7.550086 seconds (3.70 M allocations: 2.301 GiB)
509
  8.694739 seconds (4.28 M allocations: 2.659 GiB)
110
  4.987105 seconds (2.38 M allocations: 1.492 GiB)
312
  4.162232 seconds (1.53 M allocations: 1.061 GiB)
563
 10.004805 seconds (4.73 M allocations: 2.976 GiB)
910
  6.606906 seconds (3.01 M allocations: 1.919 GiB)
811
  8.082963 seconds (3.87 M allocations: 2.428 GiB)
662
  5.994925 seconds (2.38 M allocations: 1.599 GiB)
162
  8.682594 seconds (3.98 M allocations: 2.533 GiB)
714
  7.556117 seconds (3.17 M allocations: 2.086 GiB)
10
  4.324984 seconds (1.75 M allocations: 1.167 GiB)
  9.548573 seconds (4.29 M allocations: 2.751 GiB)
863
510
  8.213121 seconds (3.70 M allocations: 2.372 GiB)
361
  5.666561 seconds (2.59 M allocations: 1.653 GiB)
411
 11.060106 seconds (5.25 M allocations: 3.303 GiB)
61
  3.572679 seconds (1.80 M allocations: 1.112 GiB)
911
  9.594496 seconds (4.46 M allocations: 2.827 GiB)
210
 11.713067 seconds (5.97 M allocations: 3.667 GiB)
763
  3.763370 seconds (2.05 M allocations: 1.234 GiB)
812
  8.910704 seconds (4.11 M allocations: 2.615 GiB)
963
  9.039277 seconds (4.30 M allocations: 2.705 GiB)
462
  8.976860 seconds (4.26 M allocations: 2.681 GiB)
261
 13.075049 seconds (6.86 M allocations: 4.173 GiB)
612
  7.071558 seconds (3.76 M allocations: 2.277 GiB)
111
  8.210696 seconds (4.07 M allocations: 2.524 GiB)
313
 29.326263 seconds (3.19 M allocations: 1.994 GiB, 77.28% gc time)
715
 30.643339 seconds (3.76 M allocations: 2.364 GiB, 73.96% gc time)
663
 27.329248 seconds (1.70 M allocations: 1.175 GiB, 82.93% gc time)
764
 26.403861 seconds (1.15 M allocations: 874.106 MiB, 85.84% gc time)
613
 30.028938 seconds (3.56 M allocations: 2.220 GiB, 75.48% gc time)
864
 27.742334 seconds (1.97 M allocations: 1.331 GiB, 81.70% gc time)
813
 29.738592 seconds (3.39 M allocations: 2.120 GiB, 76.21% gc time)
362
  3.043564 seconds (1.27 M allocations: 855.690 MiB)
716
 32.445439 seconds (4.60 M allocations: 2.896 GiB, 69.85% gc time)
163
 30.152311 seconds (3.34 M allocations: 2.142 GiB, 75.17% gc time)
62
 31.503012 seconds (4.13 M allocations: 2.607 GiB, 71.94% gc time)
11
 34.753372 seconds (5.88 M allocations: 3.664 GiB, 65.21% gc time)
564
 30.960294 seconds (3.74 M allocations: 2.385 GiB, 73.20% gc time)
211
  3.041811 seconds (1.62 M allocations: 1003.934 MiB)
614
  3.218098 seconds (1.64 M allocations: 1.005 GiB)
814
 28.958299 seconds (2.97 M allocations: 1.863 GiB, 78.27% gc time)
314
 34.224630 seconds (5.57 M allocations: 3.477 GiB, 66.22% gc time)
511
  3.055138 seconds (1.28 M allocations: 858.751 MiB)
63
 34.621811 seconds (5.71 M allocations: 3.575 GiB, 65.46% gc time)
412
  3.025668 seconds (1.20 M allocations: 827.966 MiB)
212
  3.022914 seconds (1.21 M allocations: 832.138 MiB)
615
  6.068246 seconds (2.81 M allocations: 1.781 GiB)
363
  3.145024 seconds (1.38 M allocations: 914.775 MiB)
815
  6.582069 seconds (3.21 M allocations: 1.999 GiB)
865
 33.684793 seconds (5.03 M allocations: 3.205 GiB, 67.28% gc time)
112
 34.587322 seconds (5.66 M allocations: 3.555 GiB, 65.53% gc time)
463
 34.616777 seconds (5.59 M allocations: 3.529 GiB, 65.47% gc time)
262
  6.035723 seconds (2.93 M allocations: 1.830 GiB)
12
 36.612729 seconds (6.92 M allocations: 4.283 GiB, 61.90% gc time)
  3.021515 seconds (1.67 M allocations: 1.002 GiB)
912
64
  8.625172 seconds (4.83 M allocations: 2.880 GiB)
765
  3.026645 seconds (1.90 M allocations: 1.094 GiB)
213
  3.023381 seconds (1.89 M allocations: 1.092 GiB)
616
  3.024168 seconds (1.81 M allocations: 1.058 GiB)
816
  6.043000 seconds (3.34 M allocations: 2.004 GiB)
315
 38.668327 seconds (7.83 M allocations: 4.868 GiB, 58.61% gc time)
964
  5.133506 seconds (2.79 M allocations: 1.680 GiB)
413
 10.695682 seconds (5.08 M allocations: 3.197 GiB)
717
  6.440686 seconds (3.03 M allocations: 1.912 GiB)
364
 14.294274 seconds (7.15 M allocations: 4.418 GiB)
664
  6.494365 seconds (3.12 M allocations: 1.953 GiB)
866
  5.766249 seconds (2.46 M allocations: 1.606 GiB)
263
  4.546322 seconds (1.88 M allocations: 1.241 GiB)
617
 12.058418 seconds (5.89 M allocations: 3.669 GiB)
565
  9.526838 seconds (3.06 M allocations: 1.935 GiB, 30.80% gc time)
13
  8.307148 seconds (2.15 M allocations: 1.436 GiB, 35.32% gc time)
316
 10.588389 seconds (3.17 M allocations: 2.089 GiB, 27.71% gc time)
  8.248790 seconds (2.06 M allocations: 1.389 GiB, 35.57% gc time)
414
766
 18.130207 seconds (7.37 M allocations: 4.596 GiB, 16.19% gc time)
164
  8.376921 seconds (2.24 M allocations: 1.480 GiB, 35.03% gc time)
965
 12.463172 seconds (4.63 M allocations: 2.885 GiB, 23.54% gc time)
113
  3.039891 seconds (1.38 M allocations: 902.405 MiB)
618
  8.348016 seconds (2.70 M allocations: 1.667 GiB, 35.15% gc time)
718
  8.518784 seconds (2.73 M allocations: 1.694 GiB, 34.45% gc time)
365
  3.194955 seconds (1.56 M allocations: 995.986 MiB)
317
  8.501470 seconds (2.72 M allocations: 1.691 GiB, 34.52% gc time)
665
 12.875620 seconds (4.50 M allocations: 2.873 GiB, 22.79% gc time)
214
  3.102455 seconds (1.76 M allocations: 1.046 GiB)
415
  6.056364 seconds (2.83 M allocations: 1.793 GiB)
566
  6.031867 seconds (2.80 M allocations: 1.776 GiB)
14
  3.023930 seconds (1.27 M allocations: 854.506 MiB)
366
  4.211540 seconds (1.85 M allocations: 1.197 GiB)
619
 17.832705 seconds (7.06 M allocations: 4.438 GiB, 16.46% gc time)
464
  3.626398 seconds (1.38 M allocations: 967.076 MiB)
318
  6.029889 seconds (2.86 M allocations: 1.798 GiB)
  5.876398 seconds (2.70 M allocations: 1.719 GiB)
165
966
  3.104352 seconds (1.40 M allocations: 919.566 MiB)
  6.047498 seconds (2.86 M allocations: 1.803 GiB)
416
114
 22.383717 seconds (9.82 M allocations: 6.047 GiB, 13.11% gc time)
512
  6.043757 seconds (2.96 M allocations: 1.845 GiB)
719
  3.023598 seconds (1.67 M allocations: 1023.652 MiB)
367
  6.141072 seconds (2.83 M allocations: 1.800 GiB)
666
  3.175260 seconds (1.60 M allocations: 1010.993 MiB)
620
 19.040380 seconds (7.69 M allocations: 4.822 GiB, 15.41% gc time)
817
  3.153014 seconds (1.74 M allocations: 1.044 GiB)
465
  3.250770 seconds (1.48 M allocations: 967.533 MiB)
417
  6.046162 seconds (3.06 M allocations: 1.887 GiB)
567
  6.028984 seconds (3.21 M allocations: 1.943 GiB)
15
 22.006678 seconds (9.36 M allocations: 5.816 GiB, 13.33% gc time)
65
  5.869034 seconds (2.91 M allocations: 1.801 GiB)
319
  6.186440 seconds (2.55 M allocations: 1.687 GiB)
967
  7.001146 seconds (2.87 M allocations: 1.900 GiB)
166
  4.090871 seconds (1.51 M allocations: 1.043 GiB)
818
  5.652018 seconds (2.42 M allocations: 1.577 GiB)
513
  7.101218 seconds (3.02 M allocations: 1.973 GiB)
115
  4.168154 seconds (1.71 M allocations: 1.131 GiB)
466
  5.955095 seconds (2.66 M allocations: 1.704 GiB)
667
  7.126071 seconds (3.34 M allocations: 2.107 GiB)
720
 15.172727 seconds (7.19 M allocations: 4.521 GiB)
767
  5.457885 seconds (2.16 M allocations: 1.450 GiB)
16
  3.301656 seconds (1.71 M allocations: 1.041 GiB)
968
  4.800743 seconds (2.21 M allocations: 1.402 GiB)
320
  9.787599 seconds (3.11 M allocations: 2.016 GiB, 26.20% gc time)
568
  6.073636 seconds (1.66 M allocations: 1.040 GiB, 42.23% gc time)
819
  5.631101 seconds (1.39 M allocations: 907.566 MiB, 45.54% gc time)
467
 31.240384 seconds (12.54 M allocations: 7.807 GiB, 17.60% gc time)
913
  5.779592 seconds (1.15 M allocations: 820.984 MiB, 44.37% gc time)
969
  8.653792 seconds (2.54 M allocations: 1.666 GiB, 29.64% gc time)
116
  8.684682 seconds (2.56 M allocations: 1.680 GiB, 29.53% gc time)
514
  3.036649 seconds (1.36 M allocations: 892.795 MiB)
321
  3.030375 seconds (1.13 M allocations: 794.834 MiB)
468
  3.296596 seconds (1.40 M allocations: 937.918 MiB)
820
  8.672854 seconds (2.83 M allocations: 1.790 GiB, 29.57% gc time)
668
  8.657839 seconds (2.82 M allocations: 1.782 GiB, 29.62% gc time)
721
 15.750841 seconds (6.16 M allocations: 3.886 GiB, 16.28% gc time)
621
  8.667463 seconds (2.84 M allocations: 1.794 GiB, 29.59% gc time)
768
 31.604548 seconds (12.69 M allocations: 7.905 GiB, 17.40% gc time)
867
  4.632786 seconds (2.10 M allocations: 1.340 GiB)
914
  6.062611 seconds (2.72 M allocations: 1.744 GiB)
569
  3.548450 seconds (1.75 M allocations: 1.086 GiB)
322
 32.306383 seconds (13.10 M allocations: 8.147 GiB, 17.02% gc time)
264
  3.525130 seconds (1.78 M allocations: 1.096 GiB)
 16.062322 seconds (6.24 M allocations: 3.955 GiB, 15.97% gc time)
469
66
  3.832020 seconds (1.97 M allocations: 1.205 GiB)
821
  6.162133 seconds (3.22 M allocations: 1.962 GiB)
970
  6.059780 seconds (3.00 M allocations: 1.858 GiB)
117
  6.061925 seconds (2.98 M allocations: 1.851 GiB)
515
  3.256043 seconds (1.70 M allocations: 1.034 GiB)
868
  3.636833 seconds (1.90 M allocations: 1.157 GiB)
915
  6.065192 seconds (2.95 M allocations: 1.840 GiB)
669
  6.096006 seconds (2.97 M allocations: 1.850 GiB)
722
  3.528290 seconds (1.99 M allocations: 1.184 GiB)
323
  6.070951 seconds (3.15 M allocations: 1.921 GiB)
769
  4.763420 seconds (2.25 M allocations: 1.416 GiB)
470
  4.455784 seconds (2.00 M allocations: 1.283 GiB)
 28.765597 seconds (12.82 M allocations: 7.969 GiB, 8.92% gc time)
822
215
  6.073168 seconds (3.15 M allocations: 1.922 GiB)
570
 17.012785 seconds (7.16 M allocations: 4.431 GiB, 15.08% gc time)
17
  6.949236 seconds (2.93 M allocations: 1.920 GiB)
67
  4.926464 seconds (1.97 M allocations: 1.318 GiB)
916
 25.120620 seconds (10.56 M allocations: 6.659 GiB, 10.21% gc time)
418
  6.135604 seconds (2.83 M allocations: 1.793 GiB)
  6.084156 seconds (2.78 M allocations: 1.769 GiB)
118
516
  5.657468 seconds (2.45 M allocations: 1.589 GiB)
723
 27.319670 seconds (12.10 M allocations: 7.521 GiB, 9.39% gc time)
368
  6.693516 seconds (3.21 M allocations: 2.009 GiB)
869
  6.153811 seconds (2.88 M allocations: 1.817 GiB)
670
 22.797117 seconds (10.16 M allocations: 6.257 GiB, 11.25% gc time)
167
  4.568124 seconds (2.37 M allocations: 1.442 GiB)
823
  7.376748 seconds (3.94 M allocations: 2.379 GiB)
971
  6.568774 seconds (3.28 M allocations: 2.025 GiB)
324
  9.712540 seconds (5.01 M allocations: 3.058 GiB)
265
 11.728917 seconds (6.41 M allocations: 3.846 GiB)
622
 40.110263 seconds (2.36 M allocations: 1.349 GiB, 90.62% gc time)
68
 39.905115 seconds (1.47 M allocations: 984.195 MiB, 91.09% gc time)
369
 41.955652 seconds (2.82 M allocations: 1.724 GiB, 86.64% gc time)
917
 44.451434 seconds (3.76 M allocations: 2.370 GiB, 81.77% gc time)
216
 39.850668 seconds (1.03 M allocations: 792.443 MiB, 91.22% gc time)
266
 46.606677 seconds (4.90 M allocations: 3.056 GiB, 77.99% gc time)
770
  3.064918 seconds (1.06 M allocations: 765.310 MiB)
69
 43.362468 seconds (3.52 M allocations: 2.156 GiB, 83.83% gc time)
119
 42.483596 seconds (2.79 M allocations: 1.768 GiB, 85.56% gc time)
671
 42.973795 seconds (3.29 M allocations: 2.020 GiB, 84.59% gc time)
724
 42.840085 seconds (3.19 M allocations: 1.969 GiB, 84.85% gc time)
870
 42.744010 seconds (3.08 M allocations: 1.914 GiB, 85.04% gc time)
168
  3.435056 seconds (1.86 M allocations: 1.117 GiB)
370
  3.361603 seconds (1.85 M allocations: 1.107 GiB)
918
 44.183699 seconds (3.39 M allocations: 2.187 GiB, 82.27% gc time)
325
  3.313222 seconds (1.64 M allocations: 1.012 GiB)
771
 45.710973 seconds (4.09 M allocations: 2.633 GiB, 79.52% gc time)
824
  3.026875 seconds (996.56 k allocations: 738.155 MiB)
371
  6.067636 seconds (2.72 M allocations: 1.740 GiB)
217
  4.126371 seconds (1.56 M allocations: 1.066 GiB)
169
 51.309893 seconds (6.95 M allocations: 4.384 GiB, 70.84% gc time)
18
  3.248404 seconds (1.19 M allocations: 841.129 MiB)
326
  6.083190 seconds (2.75 M allocations: 1.755 GiB)
120
  3.746436 seconds (1.78 M allocations: 1.115 GiB)
919
  6.088602 seconds (2.79 M allocations: 1.773 GiB)
672
  6.082923 seconds (2.76 M allocations: 1.760 GiB)
725
  6.079466 seconds (2.85 M allocations: 1.797 GiB)
871
  8.120195 seconds (4.11 M allocations: 2.524 GiB)
267
  3.252363 seconds (1.57 M allocations: 1003.529 MiB)
170
 55.416877 seconds (8.94 M allocations: 5.625 GiB, 65.59% gc time)
571
  3.164806 seconds (1.47 M allocations: 953.300 MiB)
19
  3.270707 seconds (1.62 M allocations: 1023.674 MiB)
327
  6.090313 seconds (2.94 M allocations: 1.831 GiB)
825
  3.397755 seconds (1.19 M allocations: 856.369 MiB)
268
 12.305097 seconds (5.49 M allocations: 3.521 GiB)
70
  7.186057 seconds (3.24 M allocations: 2.069 GiB)
218
  6.069190 seconds (2.65 M allocations: 1.715 GiB)
121
  8.284765 seconds (3.80 M allocations: 2.413 GiB)
372
  3.340369 seconds (1.33 M allocations: 911.070 MiB)
20
  6.088963 seconds (2.43 M allocations: 1.626 GiB)
726
  6.155600 seconds (2.47 M allocations: 1.648 GiB)
872
 54.675650 seconds (8.36 M allocations: 5.307 GiB, 66.48% gc time)
623
 60.042234 seconds (11.54 M allocations: 7.167 GiB, 60.54% gc time)
471
 54.318480 seconds (8.25 M allocations: 5.226 GiB, 66.92% gc time)
972
  3.497072 seconds (2.01 M allocations: 1.186 GiB)
328
 10.805317 seconds (5.53 M allocations: 3.379 GiB)
772
 57.344754 seconds (10.72 M allocations: 6.549 GiB, 63.39% gc time)
419
  3.971341 seconds (2.28 M allocations: 1.344 GiB)
269
  8.109892 seconds (4.16 M allocations: 2.541 GiB)
673
 57.885448 seconds (11.02 M allocations: 6.730 GiB, 62.80% gc time)
517
  9.129383 seconds (4.48 M allocations: 2.778 GiB)
920
  7.158889 seconds (3.50 M allocations: 2.173 GiB)
826
  8.656968 seconds (4.08 M allocations: 2.567 GiB)
572
  4.564636 seconds (1.70 M allocations: 1.170 GiB)
329
  9.802017 seconds (2.61 M allocations: 1.655 GiB, 41.76% gc time)
873
  9.999139 seconds (2.75 M allocations: 1.735 GiB, 40.93% gc time)
373
 14.129268 seconds (5.07 M allocations: 3.113 GiB, 28.97% gc time)
171
 11.583212 seconds (4.08 M allocations: 2.444 GiB, 35.34% gc time)
71
 10.249835 seconds (2.69 M allocations: 1.738 GiB, 39.93% gc time)
624
 11.935661 seconds (3.67 M allocations: 2.311 GiB, 34.29% gc time)
727
 12.677709 seconds (4.30 M allocations: 2.648 GiB, 32.28% gc time)
122
 10.027881 seconds (2.31 M allocations: 1.559 GiB, 40.82% gc time)
518
 12.136307 seconds (3.64 M allocations: 2.322 GiB, 33.72% gc time)
472
  3.257221 seconds (1.61 M allocations: 1021.983 MiB)
330
 11.880488 seconds (3.46 M allocations: 2.225 GiB, 34.45% gc time)
 13.521184 seconds (5.06 M allocations: 3.048 GiB, 30.27% gc time)
773
219
 13.137961 seconds (4.71 M allocations: 2.867 GiB, 31.15% gc time)
  8.080753 seconds (2.27 M allocations: 1.343 GiB, 50.65% gc time)
573
 12.922359 seconds (3.70 M allocations: 2.429 GiB, 31.67% gc time)
 14.322959 seconds (4.42 M allocations: 2.868 GiB, 28.58% gc time)
 12.665013 seconds (3.51 M allocations: 2.326 GiB, 32.32% gc time)
  3.702536 seconds (1.56 M allocations: 1.025 GiB)
21
674
625
973
270
  4.006220 seconds (2.01 M allocations: 1.243 GiB)
72
 13.657674 seconds (4.68 M allocations: 2.910 GiB, 29.97% gc time)
420
  5.878772 seconds (3.29 M allocations: 1.959 GiB)
374
  3.199946 seconds (1.76 M allocations: 1.055 GiB)
331
  5.258016 seconds (2.33 M allocations: 1.500 GiB)
473
  7.962989 seconds (3.90 M allocations: 2.427 GiB)
172
  3.285945 seconds (1.33 M allocations: 908.761 MiB)
73
  8.547838 seconds (4.36 M allocations: 2.676 GiB)
874
  3.601815 seconds (1.84 M allocations: 1.127 GiB)
675
  3.363295 seconds (1.51 M allocations: 992.805 MiB)
626
  7.287255 seconds (4.00 M allocations: 2.402 GiB)
728
  4.531558 seconds (1.66 M allocations: 1.153 GiB)
332
  6.047386 seconds (2.80 M allocations: 1.778 GiB)
271
  3.179705 seconds (1.56 M allocations: 997.713 MiB)
474
  3.029905 seconds (1.17 M allocations: 813.621 MiB)
74
  9.001646 seconds (4.13 M allocations: 2.630 GiB)
774
  7.327331 seconds (2.74 M allocations: 1.885 GiB)
375
 20.919272 seconds (7.67 M allocations: 4.893 GiB, 19.57% gc time)
921
  3.261195 seconds (1.30 M allocations: 894.441 MiB)
333
  9.066011 seconds (3.94 M allocations: 2.561 GiB)
974
  8.909008 seconds (3.85 M allocations: 2.508 GiB)
22
  6.038868 seconds (2.92 M allocations: 1.826 GiB)
173
  5.365363 seconds (2.35 M allocations: 1.520 GiB)
  8.918575 seconds (3.98 M allocations: 2.562 GiB)
627
421
  6.028106 seconds (2.95 M allocations: 1.839 GiB)
875
  6.041403 seconds (2.80 M allocations: 1.777 GiB)
729
  6.845192 seconds (3.18 M allocations: 2.016 GiB)
676
 14.590576 seconds (7.20 M allocations: 4.470 GiB)
519
  6.044680 seconds (2.91 M allocations: 1.824 GiB)
272
  3.700074 seconds (2.05 M allocations: 1.225 GiB)
376
  7.935045 seconds (2.71 M allocations: 1.679 GiB, 31.10% gc time)
75
  6.803309 seconds (2.19 M allocations: 1.349 GiB, 36.27% gc time)
334
  6.396406 seconds (1.59 M allocations: 1.058 GiB, 38.58% gc time)
628
  9.234374 seconds (3.35 M allocations: 2.077 GiB, 26.72% gc time)
775
  5.662839 seconds (1.02 M allocations: 764.184 MiB, 43.57% gc time)
377
  8.542282 seconds (2.41 M allocations: 1.617 GiB, 28.89% gc time)
174
  8.522804 seconds (2.40 M allocations: 1.610 GiB, 28.95% gc time)
422
  8.535893 seconds (2.52 M allocations: 1.660 GiB, 28.91% gc time)
876
  6.416896 seconds (1.89 M allocations: 1.182 GiB, 38.45% gc time)
520
  3.104559 seconds (1.28 M allocations: 867.400 MiB)
  8.544522 seconds (2.54 M allocations: 1.669 GiB, 28.88% gc time)
629
730
 29.871077 seconds (11.62 M allocations: 7.187 GiB, 21.96% gc time)
827
  3.676185 seconds (1.75 M allocations: 1.100 GiB)
335
  5.118667 seconds (2.39 M allocations: 1.508 GiB)
76
  8.533265 seconds (2.81 M allocations: 1.776 GiB, 28.92% gc time)
273
  3.088904 seconds (1.73 M allocations: 1.028 GiB)
378
  6.036499 seconds (2.53 M allocations: 1.660 GiB)
776
 13.364058 seconds (5.06 M allocations: 3.203 GiB, 18.46% gc time)
975
  3.812286 seconds (1.30 M allocations: 948.647 MiB)
336
 26.658943 seconds (11.52 M allocations: 7.236 GiB, 9.26% gc time)
123
  3.383194 seconds (1.22 M allocations: 872.368 MiB)
77
  6.051582 seconds (2.79 M allocations: 1.771 GiB)
175
  6.041451 seconds (2.78 M allocations: 1.765 GiB)
423
  6.043974 seconds (2.91 M allocations: 1.819 GiB)
877
  3.782516 seconds (1.65 M allocations: 1.066 GiB)
379
 27.189652 seconds (11.84 M allocations: 7.418 GiB, 9.08% gc time)
220
 14.821326 seconds (5.69 M allocations: 3.610 GiB, 16.65% gc time)
677
 16.386834 seconds (6.76 M allocations: 4.216 GiB, 15.06% gc time)
23
  6.498555 seconds (3.24 M allocations: 1.997 GiB)
731
  7.147968 seconds (3.77 M allocations: 2.281 GiB)
521
  6.040603 seconds (2.93 M allocations: 1.823 GiB)
274
  8.255331 seconds (3.95 M allocations: 2.470 GiB)
630
  5.104725 seconds (2.55 M allocations: 1.573 GiB)
777
 27.907724 seconds (12.08 M allocations: 7.593 GiB, 8.84% gc time)
574
  3.954243 seconds (2.08 M allocations: 1.260 GiB)
124
  3.955483 seconds (2.05 M allocations: 1.250 GiB)
424
  5.521825 seconds (3.10 M allocations: 1.840 GiB)
  6.775171 seconds (3.46 M allocations: 2.120 GiB)
337
976
  4.432276 seconds (2.38 M allocations: 1.434 GiB)
380
  3.044843 seconds (464.72 k allocations: 517.417 MiB)  8.151355 seconds (2.59 M allocations: 1.861 GiB)

  3.085438 seconds (477.88 k allocations: 526.834 MiB)
  5.210805 seconds (981.42 k allocations: 906.986 MiB)
  3.384343 seconds (1.25 M allocations: 884.055 MiB)
  4.299749 seconds (1.02 M allocations: 878.005 MiB)
  7.884860 seconds (3.08 M allocations: 2.077 GiB)
 21.508122 seconds (9.60 M allocations: 5.908 GiB, 11.47% gc time)
  5.484833 seconds (2.04 M allocations: 1.405 GiB)
  6.712729 seconds (1.89 M allocations: 1.419 GiB)
  6.433631 seconds (3.00 M allocations: 1.895 GiB)
977
922  3.132715 seconds (794.85 k allocations: 664.495 MiB)  9.865819 seconds (3.79 M allocations: 2.526 GiB)


  5.910601 seconds (1.45 M allocations: 1.142 GiB)
575
  9.002560 seconds (2.59 M allocations: 1.889 GiB)
 12.698164 seconds (5.27 M allocations: 3.468 GiB)
275
338
  8.554460 seconds (2.50 M allocations: 1.832 GiB)
778
 25.507703 seconds (10.56 M allocations: 6.713 GiB, 9.67% gc time)
24
878
425
176
732
  8.044801 seconds (2.17 M allocations: 1.635 GiB)
78
631
125
221
828
475
678
522
  5.925807 seconds (698.86 k allocations: 619.992 MiB, 46.53% gc time)
25
  5.909147 seconds (544.75 k allocations: 555.159 MiB, 46.66% gc time)
177
  7.274077 seconds (1.52 M allocations: 1.077 GiB, 37.90% gc time)
576
  8.890407 seconds (2.11 M allocations: 1.486 GiB, 31.01% gc time)
381
  8.896328 seconds (1.92 M allocations: 1.411 GiB, 30.99% gc time)
  8.883227 seconds (1.71 M allocations: 1.325 GiB, 31.04% gc time)
  8.880035 seconds (1.66 M allocations: 1.306 GiB, 31.05% gc time)
923
829
632
  9.108231 seconds (1.94 M allocations: 1.448 GiB, 30.27% gc time)
978
  9.213736 seconds (2.00 M allocations: 1.483 GiB, 29.92% gc time)
276
  9.356932 seconds (2.47 M allocations: 1.689 GiB, 29.47% gc time)
733
  9.301741 seconds (2.20 M allocations: 1.576 GiB, 29.64% gc time)
679
  3.466505 seconds (1.75 M allocations: 1.078 GiB)
26
  3.960795 seconds (1.95 M allocations: 1.210 GiB)
178
  3.248497 seconds (1.84 M allocations: 1.093 GiB)
577
 10.856907 seconds (3.22 M allocations: 2.152 GiB, 25.40% gc time)
879
 12.161701 seconds (3.48 M allocations: 2.397 GiB, 22.67% gc time)
339
  3.024965 seconds (940.92 k allocations: 716.396 MiB)
27
  3.472827 seconds (1.48 M allocations: 987.901 MiB)
  3.584955 seconds (1.69 M allocations: 1.067 GiB)
277
979
  3.062479 seconds (1.27 M allocations: 856.935 MiB)
179
  6.058164 seconds (2.89 M allocations: 1.811 GiB)
382
  6.032120 seconds (2.77 M allocations: 1.761 GiB)
633
  6.031675 seconds (2.41 M allocations: 1.609 GiB)
734
  6.042012 seconds (2.38 M allocations: 1.600 GiB)
680
  3.049332 seconds (1.51 M allocations: 953.868 MiB)
340
  3.197908 seconds (1.50 M allocations: 964.487 MiB)
28
  3.106503 seconds (1.29 M allocations: 871.341 MiB)
980
  3.199979 seconds (1.43 M allocations: 937.450 MiB)
278
 17.560203 seconds (6.04 M allocations: 4.002 GiB, 15.70% gc time)
426
 10.035026 seconds (4.49 M allocations: 2.876 GiB)
924
 10.031320 seconds (4.46 M allocations: 2.866 GiB)
830
 19.385468 seconds (6.57 M allocations: 4.408 GiB, 14.22% gc time)
126
  3.913291 seconds (1.53 M allocations: 1.033 GiB)
341
  4.025558 seconds (1.40 M allocations: 1011.040 MiB)
981
  4.336866 seconds (1.52 M allocations: 1.072 GiB)
29
  7.683429 seconds (1.62 M allocations: 1.124 GiB, 41.83% gc time)
279
  9.316874 seconds (2.87 M allocations: 1.804 GiB, 34.49% gc time)
383
  9.285230 seconds (2.83 M allocations: 1.788 GiB, 34.61% gc time)
634
  9.297504 seconds (2.85 M allocations: 1.796 GiB, 34.57% gc time)
735
  9.272280 seconds (2.81 M allocations: 1.779 GiB, 34.66% gc time)
 13.939025 seconds (4.76 M allocations: 3.060 GiB, 23.06% gc time)
681
880
  7.790257 seconds (2.31 M allocations: 1.420 GiB, 41.25% gc time)
427
  7.799611 seconds (2.04 M allocations: 1.312 GiB, 41.20% gc time)
127
 16.670911 seconds (5.80 M allocations: 3.767 GiB, 19.28% gc time)
578
  4.002454 seconds (1.68 M allocations: 1.106 GiB)
280
  8.236819 seconds (2.26 M allocations: 1.447 GiB, 39.02% gc time)
342
  7.911365 seconds (2.18 M allocations: 1.383 GiB, 40.62% gc time)
982
 28.589243 seconds (10.05 M allocations: 6.452 GiB, 20.89% gc time)
 28.625736 seconds (10.18 M allocations: 6.510 GiB, 20.86% gc time)
523
779
 28.594646 seconds (9.84 M allocations: 6.369 GiB, 20.88% gc time)
476
 28.648070 seconds (9.90 M allocations: 6.403 GiB, 20.84% gc time)
79
  4.713822 seconds (2.45 M allocations: 1.499 GiB)
30
 28.735725 seconds (9.95 M allocations: 6.432 GiB, 20.78% gc time)
222
  4.821168 seconds (2.21 M allocations: 1.410 GiB)
428
 12.883614 seconds (4.35 M allocations: 2.786 GiB, 24.94% gc time)
  3.470356 seconds (843.63 k allocations: 720.721 MiB)
 12.854408 seconds (4.29 M allocations: 2.760 GiB, 25.00% gc time)
  4.019635 seconds (1.48 M allocations: 1.025 GiB)
  4.237118 seconds (1.44 M allocations: 1.025 GiB)
925
31
983
  5.301030 seconds (2.15 M allocations: 1.425 GiB)
  6.034453 seconds (2.97 M allocations: 1.847 GiB)
  6.015245 seconds (2.93 M allocations: 1.830 GiB)
  4.357686 seconds (1.53 M allocations: 1.074 GiB)
281
128
384
831
635
343
  4.839660 seconds (1.34 M allocations: 1.010 GiB)
780
 20.135281 seconds (8.26 M allocations: 5.093 GiB, 15.96% gc time)
180
  9.000136 seconds (4.43 M allocations: 2.705 GiB)
  9.077270 seconds (4.51 M allocations: 2.748 GiB)
736
682
  6.209311 seconds (3.61 M allocations: 2.083 GiB)
579
  9.076580 seconds (4.63 M allocations: 2.796 GiB)
881
  7.899115 seconds (3.38 M allocations: 2.157 GiB)
524
  3.122348 seconds (1.61 M allocations: 1005.861 MiB)
984
  3.167615 seconds (1.63 M allocations: 1021.327 MiB)
129
  8.188866 seconds (3.65 M allocations: 2.301 GiB)
80
  3.040232 seconds (1.34 M allocations: 885.200 MiB)
636
  8.491319 seconds (3.98 M allocations: 2.469 GiB)
223
  4.879711 seconds (1.70 M allocations: 1.204 GiB)
737
 10.345710 seconds (4.52 M allocations: 2.882 GiB)
477
  6.027800 seconds (3.19 M allocations: 1.931 GiB)
429
  3.301138 seconds (1.42 M allocations: 948.198 MiB)
985
  6.812792 seconds (2.40 M allocations: 1.692 GiB)
882
  7.460834 seconds (2.83 M allocations: 1.937 GiB)
580
  7.999464 seconds (3.46 M allocations: 2.250 GiB)
32
  3.310476 seconds (1.18 M allocations: 847.697 MiB)
738
  9.273247 seconds (3.98 M allocations: 2.595 GiB)
344
  3.514773 seconds (1.31 M allocations: 922.960 MiB)
  9.253437 seconds (3.68 M allocations: 2.470 GiB)
430
181
  9.695548 seconds (4.44 M allocations: 2.828 GiB)
926
  9.252554 seconds (3.74 M allocations: 2.496 GiB)
  6.035853 seconds (2.48 M allocations: 1.645 GiB)
683
224
  6.586775 seconds (2.98 M allocations: 1.909 GiB)
81
 10.263279 seconds (5.22 M allocations: 3.207 GiB)
781
  3.715878 seconds (2.06 M allocations: 1.233 GiB)
986
  6.492504 seconds (1.81 M allocations: 1.065 GiB, 51.97% gc time)
33
 11.526785 seconds (3.87 M allocations: 2.433 GiB, 29.27% gc time)
130
  6.440927 seconds (1.63 M allocations: 1006.799 MiB, 52.38% gc time)
431
  6.547102 seconds (1.24 M allocations: 856.984 MiB, 51.53% gc time)
225
  3.226666 seconds (1.07 M allocations: 789.069 MiB)
987
 14.095616 seconds (5.16 M allocations: 3.227 GiB, 23.94% gc time)
525
  8.289599 seconds (2.66 M allocations: 1.599 GiB, 40.70% gc time)
739
  8.637606 seconds (2.06 M allocations: 1.387 GiB, 39.06% gc time)
684
  4.175097 seconds (1.53 M allocations: 1.059 GiB)
34
  9.491129 seconds (2.61 M allocations: 1.703 GiB, 35.55% gc time)
927
  9.407610 seconds (2.44 M allocations: 1.626 GiB, 35.86% gc time)
82
  6.035695 seconds (2.37 M allocations: 1.598 GiB)
782
  3.632013 seconds (1.66 M allocations: 1.059 GiB)
432
 10.668386 seconds (3.84 M allocations: 2.331 GiB, 31.63% gc time)
345
 10.567051 seconds (3.60 M allocations: 2.219 GiB, 31.93% gc time)
182
  3.399633 seconds (1.82 M allocations: 1.102 GiB)
988
  4.006374 seconds (2.23 M allocations: 1.331 GiB)
226
  6.033056 seconds (2.84 M allocations: 1.793 GiB)
131
  3.184330 seconds (1.83 M allocations: 1.084 GiB)
685
  3.172944 seconds (1.47 M allocations: 956.325 MiB)
35
  5.397186 seconds (2.61 M allocations: 1.631 GiB)
526
  3.023203 seconds (1.13 M allocations: 796.054 MiB)
989
  3.215701 seconds (892.61 k allocations: 715.408 MiB)
686
  6.048540 seconds (2.64 M allocations: 1.713 GiB)
928
  6.046722 seconds (2.64 M allocations: 1.712 GiB)
83
  6.050394 seconds (2.54 M allocations: 1.671 GiB)
783
  4.519859 seconds (1.76 M allocations: 1.190 GiB)
227
  6.037277 seconds (2.60 M allocations: 1.692 GiB)
346
  6.031168 seconds (2.60 M allocations: 1.690 GiB)
183
  3.455580 seconds (1.60 M allocations: 1.012 GiB)
527
  3.890123 seconds (1.88 M allocations: 1.174 GiB)
36
 27.490935 seconds (11.89 M allocations: 7.378 GiB, 12.27% gc time)
  6.046618 seconds (2.72 M allocations: 1.742 GiB)
132
282
  3.289385 seconds (1.89 M allocations: 1.115 GiB)
990
 28.120057 seconds (12.11 M allocations: 7.538 GiB, 12.00% gc time)
832
 28.540115 seconds (12.35 M allocations: 7.677 GiB, 11.82% gc time)
385
 28.245843 seconds (10.58 M allocations: 6.696 GiB, 19.45% gc time)
637
 12.223127 seconds (4.64 M allocations: 2.950 GiB, 17.34% gc time)
433
 27.682576 seconds (10.50 M allocations: 6.603 GiB, 19.84% gc time)
478
  5.447302 seconds (1.07 M allocations: 798.498 MiB, 38.91% gc time)
991
  5.770390 seconds (1.42 M allocations: 979.501 MiB, 36.73% gc time)
283
  5.252185 seconds (1.15 M allocations: 810.272 MiB, 40.36% gc time)
833
  8.187819 seconds (3.25 M allocations: 1.958 GiB, 25.89% gc time)
929
  3.278984 seconds (1.26 M allocations: 872.337 MiB)
638
  9.642339 seconds (3.54 M allocations: 2.225 GiB, 21.98% gc time)
687
  8.449700 seconds (2.52 M allocations: 1.684 GiB, 25.08% gc time)
133
  9.376455 seconds (3.29 M allocations: 2.098 GiB, 22.61% gc time)
347
 10.289858 seconds (4.20 M allocations: 2.566 GiB, 20.60% gc time)
84
 28.277444 seconds (11.17 M allocations: 6.939 GiB, 19.43% gc time)
581
 10.322969 seconds (4.15 M allocations: 2.548 GiB, 20.53% gc time)
784
  3.828154 seconds (2.02 M allocations: 1.223 GiB)
434
 10.297890 seconds (4.18 M allocations: 2.558 GiB, 20.58% gc time)
228
  8.718517 seconds (3.12 M allocations: 1.958 GiB, 24.31% gc time)
386
 30.317417 seconds (12.50 M allocations: 7.692 GiB, 18.12% gc time)
 10.442357 seconds (4.23 M allocations: 2.589 GiB, 20.30% gc time)
883
37
  4.780887 seconds (2.72 M allocations: 1.606 GiB)
479
 20.231266 seconds (9.33 M allocations: 5.696 GiB, 10.48% gc time)
740
 11.107573 seconds (4.64 M allocations: 2.825 GiB, 19.08% gc time)
  5.026412 seconds (2.96 M allocations: 1.733 GiB)
528
992
  3.122540 seconds (1.53 M allocations: 970.680 MiB)
435
  3.745661 seconds (1.37 M allocations: 971.095 MiB)  3.113760 seconds (1.01 M allocations: 750.555 MiB)

38
  3.165346 seconds (1.07 M allocations: 782.405 MiB)
387
884
  6.150910 seconds (3.21 M allocations: 1.950 GiB)
688
  9.017674 seconds (4.45 M allocations: 2.754 GiB)
  8.571255 seconds (4.12 M allocations: 2.570 GiB)
284
930
  6.064021 seconds (2.97 M allocations: 1.842 GiB)
785
  4.297212 seconds (1.73 M allocations: 1.152 GiB)
993
  5.222089 seconds (2.40 M allocations: 1.523 GiB)
480
  9.952839 seconds (4.99 M allocations: 3.072 GiB)
834
  6.050118 seconds (2.49 M allocations: 1.646 GiB)
741
  6.043031 seconds (2.47 M allocations: 1.637 GiB)
529
  3.575610 seconds (1.85 M allocations: 1.127 GiB)
436
  3.035561 seconds (1.45 M allocations: 931.124 MiB)
285
  3.813270 seconds (1.95 M allocations: 1.193 GiB)
885
  9.422556 seconds (4.50 M allocations: 2.817 GiB)
229
 10.825820 seconds (5.53 M allocations: 3.384 GiB)
639
 10.352885 seconds (4.97 M allocations: 3.104 GiB)
582
  3.146682 seconds (1.15 M allocations: 815.654 MiB)
437
 22.346952 seconds (9.73 M allocations: 6.075 GiB, 9.48% gc time)
184
 20.104858 seconds (3.40 M allocations: 2.160 GiB, 62.92% gc time)
388
 20.772715 seconds (3.59 M allocations: 2.304 GiB, 60.90% gc time) 26.539759 seconds (6.59 M allocations: 4.131 GiB, 47.67% gc time) 26.136941 seconds (6.47 M allocations: 4.038 GiB, 48.40% gc time)


 18.470356 seconds (2.25 M allocations: 1.516 GiB, 68.49% gc time)
 17.363464 seconds (1.49 M allocations: 1.088 GiB, 72.86% gc time)
 19.973722 seconds (2.85 M allocations: 1.918 GiB, 63.34% gc time)
 19.702734 seconds (2.67 M allocations: 1.818 GiB, 64.21% gc time)
 19.820292 seconds (3.23 M allocations: 2.058 GiB, 63.83% gc time)
134
835
348
 20.145530 seconds (2.88 M allocations: 1.948 GiB, 62.80% gc time)
286
689
931
39
786
994
 17.374779 seconds (2.30 M allocations: 1.415 GiB, 72.81% gc time)
583
 18.640466 seconds (3.03 M allocations: 1.846 GiB, 67.87% gc time)
886
 20.238951 seconds (3.71 M allocations: 2.289 GiB, 62.51% gc time)
530
 20.458869 seconds (3.98 M allocations: 2.423 GiB, 61.83% gc time)
742
  3.162458 seconds (1.28 M allocations: 869.323 MiB)
40
  3.115855 seconds (1.05 M allocations: 770.248 MiB)
  3.126788 seconds (1.06 M allocations: 778.150 MiB)
389
287
 20.230117 seconds (3.68 M allocations: 2.275 GiB, 62.53% gc time)
640
  3.087954 seconds (1.41 M allocations: 919.756 MiB)
584
  6.340900 seconds (3.55 M allocations: 2.099 GiB)
438
  5.673083 seconds (2.23 M allocations: 1.500 GiB)
349
  5.810415 seconds (2.43 M allocations: 1.596 GiB)
787
  3.485850 seconds (1.42 M allocations: 964.983 MiB)
41
  8.895494 seconds (4.43 M allocations: 2.725 GiB)
185
 34.162713 seconds (10.22 M allocations: 6.398 GiB, 37.03% gc time)
85
  6.053390 seconds (2.48 M allocations: 1.642 GiB)
887
  3.025653 seconds (1.18 M allocations: 816.140 MiB)
585
  6.042002 seconds (2.45 M allocations: 1.632 GiB)
531
  6.045895 seconds (2.68 M allocations: 1.727 GiB)
743
  3.075226 seconds (1.41 M allocations: 915.920 MiB)
788
  9.106462 seconds (4.08 M allocations: 2.616 GiB)
135
  3.512429 seconds (1.61 M allocations: 1.020 GiB)
42
  3.075226 seconds (1.12 M allocations: 795.084 MiB)
586
 27.797526 seconds (7.13 M allocations: 4.473 GiB, 45.51% gc time)
230
  7.134296 seconds (3.27 M allocations: 2.080 GiB)
390
  3.777819 seconds (1.51 M allocations: 1.007 GiB)
888
  7.622039 seconds (3.60 M allocations: 2.264 GiB)
288
  8.107201 seconds (3.51 M allocations: 2.277 GiB)
439
 13.232448 seconds (6.35 M allocations: 3.969 GiB)
836
  6.066040 seconds (2.41 M allocations: 1.614 GiB)
532
  3.173569 seconds (1.44 M allocations: 940.903 MiB)
43
  6.050109 seconds (2.42 M allocations: 1.616 GiB)
744
  4.699801 seconds (2.08 M allocations: 1.340 GiB)
  9.930018 seconds (4.63 M allocations: 2.924 GiB)
136
641
  5.387439 seconds (1.47 M allocations: 943.517 MiB, 42.08% gc time)
889
  9.598239 seconds (3.75 M allocations: 2.294 GiB, 23.62% gc time)
186
  5.396584 seconds (1.50 M allocations: 961.394 MiB, 42.01% gc time)
289
 37.286257 seconds (11.02 M allocations: 6.814 GiB, 40.01% gc time)
481
 12.209190 seconds (4.93 M allocations: 3.049 GiB, 18.57% gc time)
350
  5.333060 seconds (1.44 M allocations: 926.022 MiB, 42.51% gc time)
44
  8.347263 seconds (3.03 M allocations: 1.866 GiB, 27.16% gc time)
231
 10.618621 seconds (3.96 M allocations: 2.485 GiB, 21.35% gc time)
789
  3.035408 seconds (1.23 M allocations: 834.909 MiB)
290
  6.761030 seconds (2.02 M allocations: 1.287 GiB, 33.53% gc time)
137
  8.361803 seconds (2.93 M allocations: 1.830 GiB, 27.11% gc time)
837
  3.838654 seconds (1.54 M allocations: 1.025 GiB)
890
  8.360727 seconds (2.89 M allocations: 1.810 GiB, 27.11% gc time)
533
  8.344055 seconds (2.69 M allocations: 1.729 GiB, 27.17% gc time)
745
  3.024510 seconds (1.27 M allocations: 854.171 MiB)
790
  3.578793 seconds (1.51 M allocations: 1014.260 MiB)
45
  3.161966 seconds (1.42 M allocations: 934.655 MiB)
291
 10.704018 seconds (4.22 M allocations: 2.603 GiB, 21.18% gc time)
440
  3.022981 seconds (1.49 M allocations: 949.776 MiB)
138
 13.082115 seconds (5.34 M allocations: 3.307 GiB, 17.33% gc time)
391
 25.178309 seconds (10.77 M allocations: 6.786 GiB, 9.00% gc time)
932
  6.034297 seconds (2.87 M allocations: 1.803 GiB)
232
  9.069479 seconds (3.99 M allocations: 2.576 GiB)
187
  3.083915 seconds (1.45 M allocations: 936.063 MiB)
791
 27.301760 seconds (11.65 M allocations: 7.363 GiB, 8.30% gc time)
690
  3.616220 seconds (1.64 M allocations: 1.049 GiB)
46
  9.127720 seconds (4.20 M allocations: 2.671 GiB)
351
  6.026771 seconds (3.05 M allocations: 1.878 GiB)
838
  3.430202 seconds (1.60 M allocations: 1.011 GiB)
392
  4.423523 seconds (2.13 M allocations: 1.335 GiB)
292
 28.399283 seconds (12.37 M allocations: 7.776 GiB, 7.98% gc time)
995
  6.044065 seconds (3.12 M allocations: 1.908 GiB)
534
  3.929299 seconds (2.08 M allocations: 1.261 GiB)
933
  6.844353 seconds (3.60 M allocations: 2.189 GiB)
746
  4.033049 seconds (1.66 M allocations: 1.099 GiB)
47
  4.065909 seconds (1.70 M allocations: 1.119 GiB)
691
  7.724257 seconds (3.51 M allocations: 2.243 GiB)
441
  3.659697 seconds (1.58 M allocations: 1.028 GiB)
393
  4.378218 seconds (2.03 M allocations: 1.289 GiB)
  4.137524 seconds (1.48 M allocations: 1.036 GiB)
293
 27.846150 seconds (10.77 M allocations: 6.814 GiB, 16.67% gc time)
86
 24.752603 seconds (9.50 M allocations: 5.974 GiB, 18.76% gc time)
587
  8.808170 seconds (2.69 M allocations: 1.764 GiB, 26.97% gc time)
839
 10.203675 seconds (3.65 M allocations: 2.305 GiB, 23.28% gc time)
188
 10.291100 seconds (3.75 M allocations: 2.356 GiB, 23.08% gc time)
792
 15.245907 seconds (6.17 M allocations: 3.863 GiB, 15.58% gc time)
  5.526561 seconds (1.28 M allocations: 865.749 MiB, 42.98% gc time)
891
394
  6.469729 seconds (1.99 M allocations: 1.235 GiB, 36.72% gc time)
48
 12.440353 seconds (4.81 M allocations: 3.014 GiB, 19.09% gc time)
233
  3.030978 seconds (1.60 M allocations: 995.337 MiB)
294
 21.862602 seconds (9.51 M allocations: 5.917 GiB, 10.87% gc time)
642
  9.485911 seconds (3.17 M allocations: 2.034 GiB, 25.04% gc time)
747
 10.320131 seconds (3.59 M allocations: 2.290 GiB, 23.02% gc time)
996
 10.762988 seconds (3.84 M allocations: 2.440 GiB, 22.07% gc time)
535
 10.518904 seconds (3.85 M allocations: 2.417 GiB, 22.58% gc time)
934
  3.022241 seconds (1.60 M allocations: 990.930 MiB)
395
  3.175414 seconds (1.37 M allocations: 911.652 MiB)
234
 23.419387 seconds (9.95 M allocations: 6.259 GiB, 10.14% gc time)
  3.727109 seconds (1.67 M allocations: 1.073 GiB)
49
482
  6.048813 seconds (3.13 M allocations: 1.913 GiB)
87
  4.686974 seconds (2.58 M allocations: 1.546 GiB)
793
  3.628625 seconds (1.98 M allocations: 1.192 GiB)
295
 19.131476 seconds (8.19 M allocations: 5.093 GiB, 12.42% gc time)
139
 12.110735 seconds (4.96 M allocations: 3.041 GiB, 19.61% gc time)
692
  6.046551 seconds (3.12 M allocations: 1.909 GiB)
892
  3.668491 seconds (1.77 M allocations: 1.110 GiB)
396
  3.329682 seconds (1.31 M allocations: 904.430 MiB)
50
  3.418824 seconds (1.33 M allocations: 923.045 MiB)
794
  9.072592 seconds (4.69 M allocations: 2.866 GiB)
840
  3.553742 seconds (1.42 M allocations: 974.795 MiB)
  9.049377 seconds (4.67 M allocations: 2.858 GiB)
296
189
  3.037988 seconds (1.13 M allocations: 798.522 MiB)
397
  6.066567 seconds (2.89 M allocations: 1.814 GiB)
  8.829274 seconds (4.17 M allocations: 2.627 GiB)
235
643
  6.036386 seconds (2.74 M allocations: 1.749 GiB)
88
  8.932510 seconds (4.28 M allocations: 2.682 GiB)
  8.934360 seconds (4.27 M allocations: 2.682 GiB)
997
748
  3.026626 seconds (1.68 M allocations: 1.005 GiB)
51
  6.039772 seconds (2.66 M allocations: 1.717 GiB)
893
  6.636942 seconds (3.16 M allocations: 1.982 GiB)
140
  3.022850 seconds (1.51 M allocations: 952.225 MiB)
398
 23.925912 seconds (2.13 M allocations: 1.392 GiB, 78.95% gc time)
297
 24.750654 seconds (2.77 M allocations: 1.739 GiB, 76.31% gc time)
 26.706904 seconds (3.48 M allocations: 2.234 GiB, 70.72% gc time)
795
693
 30.945010 seconds (5.73 M allocations: 3.597 GiB, 61.04% gc time)
935
 29.083028 seconds (4.68 M allocations: 2.975 GiB, 64.95% gc time)
483
 34.856119 seconds (8.13 M allocations: 4.986 GiB, 54.19% gc time)
588
 39.994413 seconds (9.42 M allocations: 5.797 GiB, 53.17% gc time)
442
 23.751263 seconds (2.41 M allocations: 1.488 GiB, 79.53% gc time)
236
 24.917745 seconds (2.79 M allocations: 1.766 GiB, 75.80% gc time)
89
  3.321069 seconds (1.59 M allocations: 1020.380 MiB)
399
 34.039225 seconds (7.13 M allocations: 4.493 GiB, 55.49% gc time)
536
 25.939452 seconds (3.42 M allocations: 2.131 GiB, 72.82% gc time)
644
 25.793811 seconds (3.11 M allocations: 1.989 GiB, 73.23% gc time)
998
  3.602967 seconds (1.82 M allocations: 1.120 GiB)
796
 24.849192 seconds (3.02 M allocations: 1.856 GiB, 76.01% gc time)
894
  3.381483 seconds (1.47 M allocations: 977.463 MiB)
237
  4.075734 seconds (1.93 M allocations: 1.214 GiB)
484
 27.364899 seconds (3.95 M allocations: 2.496 GiB, 69.02% gc time)
 27.644425 seconds (4.07 M allocations: 2.576 GiB, 68.33% gc time)
749
  5.661541 seconds (2.87 M allocations: 1.765 GiB)
694
 30.639185 seconds (5.68 M allocations: 3.544 GiB, 61.65% gc time)
190
 31.062963 seconds (5.93 M allocations: 3.692 GiB, 60.81% gc time)
841
  6.432416 seconds (3.26 M allocations: 2.003 GiB)
936
  3.165666 seconds (1.42 M allocations: 929.968 MiB)
895
  3.603389 seconds (1.69 M allocations: 1.066 GiB)
797
 28.299657 seconds (4.76 M allocations: 2.927 GiB, 66.74% gc time)
141
  7.914343 seconds (3.76 M allocations: 2.363 GiB)
589
  9.301495 seconds (4.66 M allocations: 2.876 GiB)
298
  3.023574 seconds (1.50 M allocations: 949.889 MiB)
695
  8.068799 seconds (3.92 M allocations: 2.443 GiB)
443
  3.038649 seconds (1.54 M allocations: 969.054 MiB)
842
  4.448759 seconds (2.20 M allocations: 1.365 GiB)
750
  6.479149 seconds (3.28 M allocations: 2.019 GiB)
999
  3.218082 seconds (1.56 M allocations: 997.221 MiB)
798
  8.778787 seconds (4.56 M allocations: 2.780 GiB)
90
  7.924716 seconds (4.07 M allocations: 2.488 GiB)
645
  9.405422 seconds (4.66 M allocations: 2.885 GiB)
537
  3.077140 seconds (1.24 M allocations: 846.248 MiB)
843
  4.362709 seconds (1.87 M allocations: 1.218 GiB)
696
  3.050475 seconds (1.14 M allocations: 800.168 MiB)
799
  8.134171 seconds (3.73 M allocations: 2.370 GiB)
191
 25.098683 seconds (5.68 M allocations: 3.555 GiB, 52.65% gc time)
400
 19.822459 seconds (2.80 M allocations: 1.826 GiB, 66.66% gc time)
299
 16.471147 seconds (1.16 M allocations: 831.325 MiB, 80.23% gc time)
844
 18.342082 seconds (1.77 M allocations: 1.253 GiB, 72.04% gc time)
91
 21.719167 seconds (3.84 M allocations: 2.453 GiB, 60.84% gc time)
142
 21.334559 seconds (3.61 M allocations: 2.320 GiB, 61.94% gc time)
590
 25.120542 seconds (5.63 M allocations: 3.540 GiB, 52.60% gc time)
485
 16.753023 seconds (1.73 M allocations: 1.077 GiB, 78.88% gc time)
697
 20.611300 seconds (3.28 M allocations: 2.110 GiB, 64.11% gc time)
751
  3.021167 seconds (1.54 M allocations: 973.521 MiB)
 20.921962 seconds (3.46 M allocations: 2.219 GiB, 63.16% gc time)
401
1000
 24.253060 seconds (5.48 M allocations: 3.394 GiB, 54.48% gc time)
937
 26.636256 seconds (6.68 M allocations: 4.133 GiB, 49.61% gc time)
238
 24.346193 seconds (5.71 M allocations: 3.495 GiB, 54.28% gc time)
896
 22.631321 seconds (4.78 M allocations: 2.937 GiB, 58.39% gc time)
444
  3.537680 seconds (2.12 M allocations: 1.240 GiB)
845
  3.144457 seconds (1.55 M allocations: 986.931 MiB)
698
 23.011228 seconds (4.47 M allocations: 2.849 GiB, 57.43% gc time)
646
  3.243647 seconds (1.60 M allocations: 1015.428 MiB)
  3.022991 seconds (1.38 M allocations: 901.413 MiB)
  4.651844 seconds (2.24 M allocations: 1.403 GiB)
591
  6.035350 seconds (2.78 M allocations: 1.770 GiB)
143
  6.028699 seconds (2.65 M allocations: 1.715 GiB)
486
  3.106173 seconds (1.15 M allocations: 814.934 MiB)
846
  3.144730 seconds (1.15 M allocations: 820.385 MiB)
699
  3.029487 seconds (1.05 M allocations: 766.118 MiB)
647
  6.046606 seconds (2.49 M allocations: 1.648 GiB)
938
  5.104214 seconds (2.10 M allocations: 1.392 GiB)
445
  6.036572 seconds (2.45 M allocations: 1.633 GiB)
897
  9.066658 seconds (4.47 M allocations: 2.776 GiB)
92
 26.522987 seconds (6.33 M allocations: 3.977 GiB, 49.82% gc time)
538
  3.022596 seconds (1.40 M allocations: 906.216 MiB)
847
  4.698369 seconds (2.19 M allocations: 1.386 GiB)
592
  3.022331 seconds (1.45 M allocations: 930.751 MiB)
700
  9.071401 seconds (3.98 M allocations: 2.574 GiB)
1001
  9.117773 seconds (4.07 M allocations: 2.617 GiB)
239
 12.509489 seconds (6.21 M allocations: 3.852 GiB)
300
 13.609151 seconds (6.71 M allocations: 4.170 GiB)
192
  5.490177 seconds (2.85 M allocations: 1.739 GiB)
487
  6.658669 seconds (3.30 M allocations: 2.045 GiB)
144
  5.444121 seconds (2.59 M allocations: 1.628 GiB)
648
  5.077402 seconds (2.37 M allocations: 1.501 GiB)
446
  3.785233 seconds (2.01 M allocations: 1.220 GiB)
539
 16.061725 seconds (7.94 M allocations: 4.933 GiB)
800
  3.199327 seconds (1.67 M allocations: 1.017 GiB)
  6.704712 seconds (3.31 M allocations: 2.054 GiB)
939
  3.061151 seconds (1.39 M allocations: 909.351 MiB)
193
 15.572952 seconds (2.79 M allocations: 1.766 GiB, 61.47% gc time)
848
 12.622205 seconds (1.30 M allocations: 865.889 MiB, 75.84% gc time)
145
 12.625056 seconds (1.12 M allocations: 789.603 MiB, 75.83% gc time)
540
 12.628573 seconds (1.13 M allocations: 795.584 MiB, 75.81% gc time)
801
 17.776811 seconds (3.94 M allocations: 2.466 GiB, 53.85% gc time)
93
 19.137918 seconds (4.44 M allocations: 2.812 GiB, 50.02% gc time)
898
 12.638134 seconds (1.16 M allocations: 812.289 MiB, 75.75% gc time)
194
 17.041634 seconds (3.55 M allocations: 2.232 GiB, 56.17% gc time)
701
 15.614878 seconds (2.83 M allocations: 1.785 GiB, 61.31% gc time)
488
 15.539100 seconds (2.75 M allocations: 1.747 GiB, 61.61% gc time)
649
  3.019479 seconds (1.45 M allocations: 933.810 MiB)
146
 15.639920 seconds (2.81 M allocations: 1.782 GiB, 61.21% gc time)
447
  3.024352 seconds (1.63 M allocations: 1010.661 MiB)
541
 18.539403 seconds (4.46 M allocations: 2.761 GiB, 51.64% gc time)
240
 18.493830 seconds (4.20 M allocations: 2.651 GiB, 51.76% gc time)
301
 15.631281 seconds (2.96 M allocations: 1.840 GiB, 61.24% gc time)
940
 20.338930 seconds (5.54 M allocations: 3.388 GiB, 47.07% gc time)
593
  3.198147 seconds (1.78 M allocations: 1.065 GiB)
899
  3.673290 seconds (1.77 M allocations: 1.105 GiB)
  6.048814 seconds (3.21 M allocations: 1.945 GiB)
849
  3.020539 seconds (1.58 M allocations: 984.845 MiB)
147
  3.023949 seconds (1.40 M allocations: 908.804 MiB)
542
  3.021628 seconds (866.04 k allocations: 685.621 MiB)
900
  6.053417 seconds (2.71 M allocations: 1.741 GiB)
489
  6.857429 seconds (3.35 M allocations: 2.088 GiB)
94
  4.159157 seconds (1.80 M allocations: 1.168 GiB)
  3.021098 seconds (985.06 k allocations: 725.282 MiB)
148
  6.042151 seconds (2.57 M allocations: 1.669 GiB)
448
  3.095915 seconds (1.13 M allocations: 792.619 MiB)
543
  5.668857 seconds (2.42 M allocations: 1.567 GiB)
241
  5.613072 seconds (2.38 M allocations: 1.549 GiB)
941
  8.944691 seconds (4.30 M allocations: 2.684 GiB)
195
  4.720552 seconds (2.18 M allocations: 1.374 GiB)
850
  7.857911 seconds (3.81 M allocations: 2.365 GiB)
650
  3.773801 seconds (1.66 M allocations: 1.061 GiB)
490
  3.965604 seconds (1.80 M allocations: 1.136 GiB)
95
 11.897479 seconds (5.83 M allocations: 3.618 GiB)
  3.022454 seconds (1.13 M allocations: 798.778 MiB)
942
  3.075202 seconds (1.14 M allocations: 807.786 MiB)
196
  4.512966 seconds (1.90 M allocations: 1.248 GiB)
544
  5.516581 seconds (1.34 M allocations: 939.757 MiB, 35.88% gc time)
851
  6.348279 seconds (1.81 M allocations: 1.195 GiB, 31.18% gc time)
242
  8.820162 seconds (3.31 M allocations: 2.055 GiB, 22.44% gc time)
901
 12.215084 seconds (4.56 M allocations: 2.921 GiB, 16.21% gc time)
594
  5.011271 seconds (1.40 M allocations: 908.118 MiB, 39.50% gc time)
96
  5.017885 seconds (1.40 M allocations: 908.152 MiB, 39.45% gc time)
943
  8.909733 seconds (3.34 M allocations: 2.088 GiB, 22.22% gc time)
149
  5.018806 seconds (1.53 M allocations: 965.554 MiB, 39.44% gc time)
197
  3.025472 seconds (1.54 M allocations: 966.983 MiB)
545
  3.022388 seconds (1.40 M allocations: 909.406 MiB)
243
 10.108689 seconds (4.01 M allocations: 2.488 GiB, 19.58% gc time)
449
  7.966627 seconds (2.93 M allocations: 1.821 GiB, 24.85% gc time)
491
  9.054812 seconds (3.31 M allocations: 2.094 GiB, 21.86% gc time)
651
  3.023004 seconds (1.34 M allocations: 882.993 MiB)
944
  3.023617 seconds (1.27 M allocations: 853.090 MiB)
198
  3.028324 seconds (1.27 M allocations: 853.609 MiB)
546
  6.048679 seconds (2.80 M allocations: 1.776 GiB)
  3.030768 seconds (1.25 M allocations: 845.966 MiB)
244
  5.752724 seconds (2.62 M allocations: 1.674 GiB)
595
  6.038326 seconds (2.91 M allocations: 1.820 GiB)
  6.066434 seconds (2.67 M allocations: 1.719 GiB)
97
  3.037826 seconds (1.11 M allocations: 770.835 MiB)
  6.063238 seconds (2.51 M allocations: 1.643 GiB)
945
150
  5.785974 seconds (2.18 M allocations: 1.461 GiB)
  3.040861 seconds (1.09 M allocations: 749.061 MiB)
450
547
  3.035400 seconds (1.21 M allocations: 794.813 MiB)
245
  3.022465 seconds (1.21 M allocations: 789.472 MiB)
596
  5.776073 seconds (2.43 M allocations: 1.559 GiB)
  5.993020 seconds (2.57 M allocations: 1.637 GiB)
492
  4.524433 seconds (2.11 M allocations: 1.299 GiB)
199
  5.969226 seconds (1.65 M allocations: 1.069 GiB, 28.80% gc time)
98
  5.522027 seconds (1.46 M allocations: 971.797 MiB, 31.14% gc time)
151
  4.790617 seconds (956.06 k allocations: 692.865 MiB, 35.89% gc time)
597
  4.954789 seconds (1.19 M allocations: 807.455 MiB, 34.70% gc time)
246
  4.806006 seconds (1.09 M allocations: 747.420 MiB, 35.78% gc time)
493
  6.558793 seconds (2.11 M allocations: 1.315 GiB, 26.22% gc time)
946
  4.792979 seconds (1.19 M allocations: 787.324 MiB, 35.87% gc time)
200
  7.207718 seconds (2.26 M allocations: 1.432 GiB, 23.86% gc time)
548
  3.029914 seconds (1.21 M allocations: 791.350 MiB)
  7.579729 seconds (2.41 M allocations: 1.529 GiB, 22.68% gc time)
451
  3.029603 seconds (1.14 M allocations: 754.082 MiB)
598
  3.106522 seconds (650.72 k allocations: 538.581 MiB)
  3.030250 seconds (889.93 k allocations: 641.565 MiB)
  3.035821 seconds (1.07 M allocations: 721.297 MiB)
201
494
247
  5.217851 seconds (2.26 M allocations: 1.364 GiB)
99
  4.472031 seconds (1.58 M allocations: 1.016 GiB)
947
  3.560011 seconds (1.36 M allocations: 860.268 MiB)
549
  4.190341 seconds (1.44 M allocations: 958.224 MiB)
  3.018077 seconds (952.34 k allocations: 676.733 MiB)
495
  5.034385 seconds (985.88 k allocations: 698.716 MiB, 38.15% gc time)
  5.034071 seconds (982.07 k allocations: 697.739 MiB, 38.16% gc time)
248
  5.008043 seconds (957.30 k allocations: 685.645 MiB, 38.35% gc time)
599
  5.048802 seconds (935.04 k allocations: 669.254 MiB, 38.04% gc time)
948
  6.192962 seconds (1.34 M allocations: 939.262 MiB, 31.02% gc time)
100
  5.423446 seconds (1.09 M allocations: 751.904 MiB, 35.42% gc time)
550
  3.037747 seconds (1.02 M allocations: 668.555 MiB)
496
  3.028166 seconds (879.26 k allocations: 607.738 MiB)
  3.040987 seconds (896.51 k allocations: 616.288 MiB)
600
249
  3.030471 seconds (1.01 M allocations: 664.898 MiB)
949
  3.024914 seconds (1.01 M allocations: 664.291 MiB)
101
  3.033275 seconds (1.01 M allocations: 665.316 MiB)
551
  3.016091 seconds (1.01 M allocations: 663.190 MiB)
497
  3.020147 seconds (885.12 k allocations: 611.190 MiB)
601
  3.026475 seconds (892.76 k allocations: 615.513 MiB)
250
  3.682365 seconds (1.02 M allocations: 668.257 MiB, 17.41% gc time)
950
  3.668409 seconds (1.02 M allocations: 666.375 MiB, 17.48% gc time)
  3.680844 seconds (867.49 k allocations: 594.315 MiB, 17.42% gc time)
  3.679447 seconds (706.87 k allocations: 508.369 MiB, 17.42% gc time)
498
  3.022823 seconds (587.95 k allocations: 455.085 MiB)
  3.028971 seconds (568.90 k allocations: 447.535 MiB)
251
  2.964568 seconds (513.96 k allocations: 386.225 MiB)
951
  3.184064 seconds (441.33 k allocations: 305.452 MiB, 10.79% gc time)
499
  3.365267 seconds (448.83 k allocations: 314.000 MiB, 10.21% gc time)
  3.184829 seconds (290.25 k allocations: 230.323 MiB, 10.79% gc time)
  2.822136 seconds (83.39 k allocations: 92.749 MiB)
500
  2.927465 seconds (57.60 k allocations: 64.160 MiB, 3.65% gc time)
501
  2.867560 seconds (57.60 k allocations: 64.160 MiB, 1.70% gc time)
