Graph 1 is connected.
Graph 2 is connected.
Graph 3 is connected.
Graph 4 is connected.
Graph 5 is connected.
Graph 6 is connected.
Graph 7 is connected.
Graph 8 is connected.
Graph 9 is connected.
Graph 10 is connected.
Graph 11 is connected.
Matrix 1 normalized.
Matrix 2 normalized.
Matrix 3 normalized.
Matrix 4 normalized.
Matrix 5 normalized.
Matrix 6 normalized.
Matrix 7 normalized.
Matrix 8 normalized.
Matrix 9 normalized.
Matrix 10 normalized.
Matrix 11 normalized.
Number of threads: 16
64
316190
878

253
127
692
940
816
630
568
505
442
1
754
379
  8.297732 seconds (733.23 k allocations: 796.594 MiB, 18.19% gc time)
191
  8.813316 seconds (1.09 M allocations: 978.078 MiB, 17.13% gc time, 2.81% compilation time)
941
 10.458985 seconds (1.31 M allocations: 1.065 GiB, 27.65% gc time, 2.37% compilation time)
506
 10.867788 seconds (1.25 M allocations: 1.071 GiB, 26.61% gc time, 2.28% compilation time)
817
 12.092638 seconds (1.90 M allocations: 1.366 GiB, 30.09% gc time, 2.05% compilation time)
254
 12.173510 seconds (1.49 M allocations: 1.208 GiB, 29.89% gc time, 2.04% compilation time)
65
 12.496293 seconds (2.16 M allocations: 1.500 GiB, 29.12% gc time, 1.98% compilation time)
755
 12.519563 seconds (1.84 M allocations: 1.374 GiB, 29.07% gc time, 1.98% compilation time)
631
 12.930107 seconds (2.05 M allocations: 1.491 GiB, 28.14% gc time, 1.92% compilation time)
2
 13.124390 seconds (2.27 M allocations: 1.596 GiB, 27.73% gc time, 1.89% compilation time)
879
 13.184390 seconds (2.29 M allocations: 1.610 GiB, 27.60% gc time, 1.88% compilation time)
 13.183774 seconds (2.26 M allocations: 1.596 GiB, 27.60% gc time, 1.88% compilation time)
 13.300091 seconds (2.57 M allocations: 1.733 GiB, 27.36% gc time, 1.86% compilation time)
693
569
317
 13.547679 seconds (2.73 M allocations: 1.817 GiB, 26.86% gc time, 1.83% compilation time)
443
 13.754372 seconds (2.90 M allocations: 1.902 GiB, 26.46% gc time, 1.80% compilation time)
128
 13.823326 seconds (2.96 M allocations: 1.932 GiB, 26.33% gc time, 1.79% compilation time)
380
  5.269976 seconds (1.39 M allocations: 961.361 MiB)
3
  6.338532 seconds (2.08 M allocations: 1.302 GiB)
66
  7.522883 seconds (2.66 M allocations: 1.624 GiB)
818
 10.299469 seconds (3.25 M allocations: 2.007 GiB, 7.25% gc time)
942
 10.767074 seconds (3.50 M allocations: 2.144 GiB, 6.94% gc time)
 10.376744 seconds (3.29 M allocations: 2.030 GiB, 7.20% gc time)
192
507
  8.695050 seconds (2.79 M allocations: 1.759 GiB)
632
  8.534069 seconds (2.11 M allocations: 1.468 GiB)
318
  9.694631 seconds (3.14 M allocations: 1.977 GiB)
756
 10.454793 seconds (3.68 M allocations: 2.252 GiB)
255
  8.929302 seconds (2.32 M allocations: 1.581 GiB)
444
  8.809213 seconds (2.26 M allocations: 1.550 GiB)
129
  9.573492 seconds (2.84 M allocations: 1.843 GiB)
694
  9.620453 seconds (2.75 M allocations: 1.809 GiB)
381
 10.436207 seconds (3.33 M allocations: 2.104 GiB)
570
  5.819863 seconds (2.49 M allocations: 1.439 GiB)
4
 11.932010 seconds (4.20 M allocations: 2.567 GiB)
880
  7.850401 seconds (2.84 M allocations: 1.725 GiB)
67
  8.129937 seconds (2.87 M allocations: 1.755 GiB)
819
  7.221237 seconds (2.37 M allocations: 1.484 GiB)
633
  9.299034 seconds (3.12 M allocations: 1.942 GiB)
943
  8.981822 seconds (2.86 M allocations: 1.811 GiB)
508
  9.921659 seconds (3.18 M allocations: 2.011 GiB)
193
  8.771950 seconds (2.64 M allocations: 1.705 GiB)
757
  9.098795 seconds (2.84 M allocations: 1.810 GiB)
319
  7.790592 seconds (2.17 M allocations: 1.442 GiB)
382
  9.146617 seconds (2.84 M allocations: 1.815 GiB)
445
  8.989529 seconds (2.80 M allocations: 1.786 GiB)
695
  8.051955 seconds (2.33 M allocations: 1.526 GiB)
5
 18.236966 seconds (3.30 M allocations: 2.064 GiB, 45.06% gc time)
130
 16.734145 seconds (2.63 M allocations: 1.679 GiB, 49.11% gc time)
881
 19.320800 seconds (3.73 M allocations: 2.315 GiB, 42.53% gc time)
256
 18.369492 seconds (3.27 M allocations: 2.062 GiB, 44.74% gc time)
571
 15.903798 seconds (2.68 M allocations: 1.643 GiB, 51.67% gc time)
820
 17.269281 seconds (3.09 M allocations: 1.909 GiB, 47.59% gc time)
68
 13.041092 seconds (1.90 M allocations: 1.124 GiB, 63.02% gc time)
194
 13.121659 seconds (1.95 M allocations: 1.147 GiB, 62.63% gc time)
320
 16.826127 seconds (3.18 M allocations: 1.915 GiB, 48.84% gc time)
634
 16.490748 seconds (3.02 M allocations: 1.826 GiB, 49.83% gc time)
944
  6.578558 seconds (1.90 M allocations: 1.247 GiB)
131
 16.805287 seconds (2.91 M allocations: 1.805 GiB, 48.90% gc time)
758
 18.229302 seconds (3.59 M allocations: 2.185 GiB, 45.08% gc time)
509
 17.008924 seconds (2.98 M allocations: 1.850 GiB, 48.32% gc time)
383
 17.027385 seconds (3.02 M allocations: 1.865 GiB, 48.26% gc time)
446
  5.117772 seconds (1.61 M allocations: 1.025 GiB)
195
  8.729635 seconds (2.80 M allocations: 1.773 GiB)
882
  8.769915 seconds (2.67 M allocations: 1.723 GiB)
572
  8.776716 seconds (2.67 M allocations: 1.727 GiB)
821
 11.408260 seconds (3.63 M allocations: 2.308 GiB)
6
 10.682844 seconds (3.32 M allocations: 2.129 GiB)
257
 12.476878 seconds (4.10 M allocations: 2.579 GiB)
696
  8.338050 seconds (2.63 M allocations: 1.679 GiB)
635
  5.245098 seconds (1.50 M allocations: 1015.150 MiB)
196
  8.369144 seconds (2.66 M allocations: 1.694 GiB)
 10.935291 seconds (3.45 M allocations: 2.202 GiB)
945
69
  7.344320 seconds (2.63 M allocations: 1.609 GiB)
132
 11.444778 seconds (3.75 M allocations: 2.359 GiB)
321
  7.930318 seconds (2.58 M allocations: 1.626 GiB)
447
  8.701171 seconds (2.96 M allocations: 1.840 GiB)
510
  9.401145 seconds (3.41 M allocations: 2.074 GiB)
759
  9.068907 seconds (3.18 M allocations: 1.956 GiB)
384
  7.264221 seconds (2.40 M allocations: 1.497 GiB)
822
  6.328452 seconds (900.49 k allocations: 816.886 MiB)  7.945036 seconds (1.66 M allocations: 1.240 GiB)  9.227792 seconds (2.57 M allocations: 1.705 GiB)


  9.117657 seconds (2.29 M allocations: 1.578 GiB)
  7.015430 seconds (1.26 M allocations: 1.009 GiB)
  7.689477 seconds (1.69 M allocations: 1.233 GiB)
 10.126561 seconds (3.07 M allocations: 1.980 GiB)
  6.138442 seconds (899.36 k allocations: 811.921 MiB)
  7.768021 seconds (1.53 M allocations: 1.176 GiB)
  6.530618 seconds (744.13 k allocations: 735.611 MiB)  6.510930 seconds (566.92 k allocations: 631.108 MiB)  7.911418 seconds (2.03 M allocations: 1.386 GiB)
  9.868939 seconds (2.91 M allocations: 1.892 GiB)

  7.844682 seconds (1.48 M allocations: 1.155 GiB)

  7.970035 seconds (2.24 M allocations: 1.479 GiB)
258
760
573
448
133
197
511
946
883
697
385
322
70
636
7
  4.868631 seconds (706.65 k allocations: 650.072 MiB)
884
  6.097305 seconds (938.79 k allocations: 838.828 MiB)
134
  8.369517 seconds (1.22 M allocations: 1.095 GiB)
323
  8.573682 seconds (2.08 M allocations: 1.460 GiB)
947
  8.720683 seconds (1.70 M allocations: 1.317 GiB)
  8.744907 seconds (1.82 M allocations: 1.371 GiB)
  8.719522 seconds (1.67 M allocations: 1.309 GiB)
449
761
198
  8.717418 seconds (1.62 M allocations: 1.288 GiB)
  8.738516 seconds (1.70 M allocations: 1.321 GiB)
698
259
  8.752106 seconds (1.72 M allocations: 1.332 GiB)
512
  8.736902 seconds (1.75 M allocations: 1.346 GiB)
  8.729434 seconds (1.77 M allocations: 1.353 GiB)
8
823
  8.763310 seconds (1.84 M allocations: 1.384 GiB)
386
  4.652372 seconds (2.10 M allocations: 1.196 GiB)
885
 10.355426 seconds (3.07 M allocations: 2.000 GiB)
71
  6.142122 seconds (2.39 M allocations: 1.420 GiB)
135
 12.524857 seconds (3.47 M allocations: 2.318 GiB)
637
 13.939252 seconds (4.11 M allocations: 2.684 GiB)
574
  6.153918 seconds (1.57 M allocations: 1.085 GiB)
199
  4.221471 seconds (774.67 k allocations: 640.942 MiB)
136
  8.514538 seconds (2.10 M allocations: 1.474 GiB)
699
  8.987780 seconds (2.39 M allocations: 1.626 GiB)
  9.190870 seconds (3.07 M allocations: 1.922 GiB)
324
450
  9.157309 seconds (2.31 M allocations: 1.607 GiB)
387
  9.652127 seconds (3.61 M allocations: 2.176 GiB)
948
  9.487168 seconds (2.62 M allocations: 1.762 GiB)
260
  9.568884 seconds (2.65 M allocations: 1.779 GiB)
9
  9.750110 seconds (2.94 M allocations: 1.910 GiB)
  9.626657 seconds (2.76 M allocations: 1.828 GiB)
513
762
  9.871372 seconds (3.05 M allocations: 1.965 GiB)
824
  9.724903 seconds (3.18 M allocations: 2.011 GiB)
886
 10.386271 seconds (3.25 M allocations: 2.086 GiB)
72
  5.858861 seconds (2.24 M allocations: 1.343 GiB)
200
 11.162619 seconds (3.33 M allocations: 2.174 GiB)
638
 10.250040 seconds (3.23 M allocations: 2.066 GiB)
575
  8.491978 seconds (2.91 M allocations: 1.801 GiB)
137
  7.819070 seconds (2.54 M allocations: 1.603 GiB)
451
  7.305051 seconds (1.96 M allocations: 1.326 GiB)
949
  7.074211 seconds (1.61 M allocations: 1.164 GiB)
825
  8.179055 seconds (2.79 M allocations: 1.732 GiB)
388
  7.791728 seconds (2.25 M allocations: 1.480 GiB)
10
  8.117834 seconds (2.36 M allocations: 1.549 GiB)
514
  9.480767 seconds (3.63 M allocations: 2.168 GiB)
700
  9.793165 seconds (3.78 M allocations: 2.253 GiB)
325
  9.605151 seconds (2.89 M allocations: 1.870 GiB)
763
  9.367496 seconds (2.86 M allocations: 1.843 GiB)
887
 10.976891 seconds (3.64 M allocations: 2.276 GiB)
261
  8.422532 seconds (2.66 M allocations: 1.693 GiB)
201
  9.006612 seconds (2.97 M allocations: 1.861 GiB)
73
  6.613700 seconds (2.44 M allocations: 1.470 GiB)
138
  9.221189 seconds (3.11 M allocations: 1.935 GiB)
639
  9.252271 seconds (3.12 M allocations: 1.940 GiB)
576
  7.160546 seconds (2.14 M allocations: 1.387 GiB)
11
  7.779136 seconds (2.66 M allocations: 1.644 GiB)
826
  8.105565 seconds (2.91 M allocations: 1.773 GiB)
452
  7.904508 seconds (2.76 M allocations: 1.698 GiB)
389
 23.700647 seconds (3.30 M allocations: 2.056 GiB, 58.28% gc time)
950
 22.982348 seconds (2.87 M allocations: 1.830 GiB, 60.10% gc time)
515
 23.259096 seconds (2.95 M allocations: 1.882 GiB, 59.38% gc time)
701
 23.880136 seconds (3.07 M allocations: 1.979 GiB, 57.84% gc time)
326
 22.670245 seconds (2.69 M allocations: 1.738 GiB, 60.93% gc time)
888
 18.640779 seconds (1.38 M allocations: 933.384 MiB, 74.10% gc time)
827
 23.465858 seconds (2.94 M allocations: 1.897 GiB, 58.86% gc time)
262
 23.379710 seconds (2.89 M allocations: 1.871 GiB, 59.08% gc time)
74
 25.250049 seconds (3.62 M allocations: 2.302 GiB, 54.70% gc time)
764
 20.962854 seconds (2.43 M allocations: 1.509 GiB, 65.89% gc time)
640
 19.834950 seconds (1.80 M allocations: 1.171 GiB, 69.64% gc time)
453
 25.382792 seconds (3.76 M allocations: 2.372 GiB, 54.42% gc time)
202
 23.408018 seconds (3.43 M allocations: 2.092 GiB, 59.01% gc time)
139
 22.420453 seconds (3.09 M allocations: 1.882 GiB, 61.61% gc time)
577
 22.595762 seconds (2.80 M allocations: 1.776 GiB, 61.13% gc time)
390
  5.026460 seconds (1.60 M allocations: 1.014 GiB)
263
 24.766995 seconds (3.62 M allocations: 2.266 GiB, 55.77% gc time)
12
  8.675647 seconds (2.94 M allocations: 1.825 GiB)
951
  4.635373 seconds (1.39 M allocations: 922.545 MiB)
765
  8.895149 seconds (3.22 M allocations: 1.954 GiB)
516
  8.481323 seconds (3.09 M allocations: 1.871 GiB)
702
 10.500509 seconds (3.38 M allocations: 2.132 GiB)
327
  6.830896 seconds (1.98 M allocations: 1.294 GiB)
203
  8.823403 seconds (2.57 M allocations: 1.679 GiB)
454
  8.820399 seconds (2.60 M allocations: 1.690 GiB)
641
 10.740046 seconds (3.64 M allocations: 2.257 GiB)
828
  4.646830 seconds (1.30 M allocations: 883.905 MiB)
766
  9.090387 seconds (2.82 M allocations: 1.800 GiB)
140
 10.872161 seconds (3.36 M allocations: 2.147 GiB)
75
 13.228771 seconds (4.54 M allocations: 2.799 GiB)
889
  9.100649 seconds (2.93 M allocations: 1.845 GiB)
578
  8.761849 seconds (3.06 M allocations: 1.877 GiB)
391
  8.716121 seconds (3.06 M allocations: 1.873 GiB)
264
  9.098211 seconds (2.87 M allocations: 1.825 GiB)
952
  9.508221 seconds (3.03 M allocations: 1.919 GiB)
  9.075204 seconds (2.75 M allocations: 1.770 GiB)
13
517
  9.069254 seconds (2.77 M allocations: 1.782 GiB)
703
  6.025894 seconds (2.46 M allocations: 1.437 GiB)
204
  8.753139 seconds (3.01 M allocations: 1.856 GiB)
328
  8.235600 seconds (2.80 M allocations: 1.732 GiB)
455
  8.264003 seconds (2.81 M allocations: 1.741 GiB)
642
  4.906631 seconds (1.59 M allocations: 1023.482 MiB)
265
 16.443766 seconds (3.18 M allocations: 2.054 GiB, 36.05% gc time)
829
 15.841604 seconds (3.01 M allocations: 1.942 GiB, 37.42% gc time)
141
 14.686197 seconds (2.41 M allocations: 1.614 GiB, 40.37% gc time)
392
 16.999793 seconds (3.34 M allocations: 2.158 GiB, 34.87% gc time)
767
 15.449370 seconds (2.73 M allocations: 1.798 GiB, 38.37% gc time)
579
 15.422692 seconds (2.76 M allocations: 1.811 GiB, 38.44% gc time)
890
 12.886082 seconds (2.18 M allocations: 1.392 GiB, 46.01% gc time)
704
 14.658186 seconds (2.58 M allocations: 1.681 GiB, 40.44% gc time)
 14.664994 seconds (2.58 M allocations: 1.683 GiB, 40.43% gc time)
518
14
 15.371673 seconds (3.18 M allocations: 1.980 GiB, 38.57% gc time)
953
 15.710808 seconds (2.91 M allocations: 1.892 GiB, 37.73% gc time)
205
 19.968747 seconds (4.42 M allocations: 2.817 GiB, 29.69% gc time)
76
 14.505066 seconds (2.68 M allocations: 1.718 GiB, 40.87% gc time)
329
  4.773485 seconds (1.43 M allocations: 952.736 MiB)
768
 14.653064 seconds (2.99 M allocations: 1.853 GiB, 40.46% gc time)
456
  7.996024 seconds (2.75 M allocations: 1.702 GiB)
266
 14.637283 seconds (3.01 M allocations: 1.862 GiB, 40.50% gc time)
643
  5.096962 seconds (1.48 M allocations: 997.457 MiB)
954
  8.949328 seconds (2.72 M allocations: 1.760 GiB)
142
  9.011606 seconds (2.63 M allocations: 1.729 GiB)
580
  9.022344 seconds (2.64 M allocations: 1.731 GiB)
891
  9.062200 seconds (2.84 M allocations: 1.816 GiB)
705
  9.894169 seconds (3.21 M allocations: 2.028 GiB)
393
  6.134156 seconds (2.00 M allocations: 1.261 GiB)
206
  8.729296 seconds (2.79 M allocations: 1.774 GiB)
15
  9.168451 seconds (3.11 M allocations: 1.935 GiB)
519
  6.131019 seconds (1.79 M allocations: 1.176 GiB)
267
 13.034590 seconds (4.87 M allocations: 2.937 GiB)
  4.522036 seconds (1.68 M allocations: 1.015 GiB)
830
955
  8.750801 seconds (2.53 M allocations: 1.664 GiB)
644
  9.245553 seconds (2.79 M allocations: 1.805 GiB)
457
  9.769247 seconds (3.33 M allocations: 2.067 GiB)
330
 11.177264 seconds (3.73 M allocations: 2.330 GiB)
77
  5.002996 seconds (1.33 M allocations: 922.346 MiB)
268
 12.020793 seconds (3.95 M allocations: 2.481 GiB)
769
  4.499598 seconds (1.26 M allocations: 857.285 MiB)
956
  8.756869 seconds (2.67 M allocations: 1.719 GiB)
394
  9.209100 seconds (2.88 M allocations: 1.840 GiB)
706
  8.894939 seconds (2.69 M allocations: 1.737 GiB)
207
  8.724245 seconds (2.58 M allocations: 1.681 GiB)
520
 11.183238 seconds (3.76 M allocations: 2.344 GiB)
143
 11.130648 seconds (3.77 M allocations: 2.344 GiB)
892
 11.279627 seconds (3.93 M allocations: 2.418 GiB)
581
  9.571080 seconds (3.26 M allocations: 2.023 GiB)
16
  6.857275 seconds (2.60 M allocations: 1.558 GiB)
645
  8.743358 seconds (3.01 M allocations: 1.859 GiB)
831
  8.432717 seconds (2.82 M allocations: 1.760 GiB)
458
  8.714289 seconds (2.93 M allocations: 1.825 GiB)
331
  6.507516 seconds (2.29 M allocations: 1.405 GiB)
957
  9.787111 seconds (3.18 M allocations: 2.003 GiB)
78
  5.649254 seconds (1.79 M allocations: 1.137 GiB)
521
  9.439092 seconds (3.19 M allocations: 1.985 GiB)
269
  9.780719 seconds (3.30 M allocations: 2.053 GiB)
770
  8.646753 seconds (3.06 M allocations: 1.875 GiB)
395
  8.598183 seconds (3.05 M allocations: 1.869 GiB)
707
  7.624837 seconds (2.56 M allocations: 1.596 GiB)
144
  7.963686 seconds (2.49 M allocations: 1.594 GiB)
582
  7.907958 seconds (2.46 M allocations: 1.577 GiB)
17
  8.763880 seconds (2.54 M allocations: 1.667 GiB)
832
 10.152401 seconds (3.20 M allocations: 2.038 GiB)
893
  7.747747 seconds (2.52 M allocations: 1.589 GiB)
 10.878600 seconds (3.91 M allocations: 2.385 GiB)
459
208
  8.946497 seconds (2.82 M allocations: 1.801 GiB)
332
 11.100104 seconds (3.33 M allocations: 2.162 GiB)
646
  5.307041 seconds (1.90 M allocations: 1.160 GiB)
396
  9.230111 seconds (3.04 M allocations: 1.910 GiB)
958
  8.540758 seconds (2.78 M allocations: 1.751 GiB)
270
  9.830809 seconds (3.28 M allocations: 2.050 GiB)
79
  8.921949 seconds (2.89 M allocations: 1.823 GiB)
771
  9.904035 seconds (3.35 M allocations: 2.084 GiB)
522
  7.917928 seconds (2.44 M allocations: 1.567 GiB)
18
  6.846445 seconds (2.11 M allocations: 1.353 GiB)
894
  9.668704 seconds (3.08 M allocations: 1.955 GiB)
708
  9.725318 seconds (3.12 M allocations: 1.977 GiB)
145
  7.770284 seconds (2.69 M allocations: 1.661 GiB)
833
 20.276505 seconds (3.34 M allocations: 2.078 GiB, 51.10% gc time)
583
 19.522840 seconds (2.86 M allocations: 1.828 GiB, 53.07% gc time)
460
 19.549200 seconds (2.88 M allocations: 1.837 GiB, 53.00% gc time)
209
 17.844659 seconds (2.43 M allocations: 1.531 GiB, 58.07% gc time)
397
 19.147464 seconds (2.93 M allocations: 1.830 GiB, 54.11% gc time)
333
 19.374427 seconds (3.06 M allocations: 1.900 GiB, 53.48% gc time)
647
 14.911939 seconds (1.28 M allocations: 867.899 MiB, 69.48% gc time)
834
 20.771009 seconds (3.24 M allocations: 2.069 GiB, 49.88% gc time)
959
 19.590945 seconds (3.11 M allocations: 1.933 GiB, 52.89% gc time)
271
 19.712449 seconds (2.99 M allocations: 1.894 GiB, 52.56% gc time)
772
 19.237813 seconds (2.81 M allocations: 1.783 GiB, 53.86% gc time)
19
 18.918708 seconds (2.41 M allocations: 1.595 GiB, 54.77% gc time)
895
  6.026205 seconds (1.60 M allocations: 1.085 GiB)
398
 21.912378 seconds (3.86 M allocations: 2.405 GiB, 47.29% gc time)
80
  8.778273 seconds (2.56 M allocations: 1.674 GiB)
584
  4.619356 seconds (1.44 M allocations: 943.628 MiB)
835
 20.646627 seconds (3.26 M allocations: 2.068 GiB, 50.19% gc time)
709
  7.958553 seconds (2.56 M allocations: 1.619 GiB)
210
 22.868805 seconds (4.40 M allocations: 2.695 GiB, 45.31% gc time)
523
  8.766953 seconds (3.03 M allocations: 1.867 GiB)
461
  8.789694 seconds (2.88 M allocations: 1.806 GiB)
334
  8.769109 seconds (2.87 M allocations: 1.803 GiB)
648
  6.950723 seconds (2.61 M allocations: 1.567 GiB)
960
 23.369656 seconds (4.43 M allocations: 2.744 GiB, 44.34% gc time)
146
  4.523324 seconds (1.37 M allocations: 907.492 MiB)
710
  8.769823 seconds (3.07 M allocations: 1.885 GiB)
272
  8.755131 seconds (2.93 M allocations: 1.828 GiB)
20
  7.725981 seconds (2.29 M allocations: 1.489 GiB)
836
  8.858584 seconds (2.90 M allocations: 1.822 GiB)
896
 10.365005 seconds (3.61 M allocations: 2.222 GiB)
773
  9.312352 seconds (3.22 M allocations: 1.987 GiB)
399
  9.003937 seconds (3.05 M allocations: 1.895 GiB)
585
  9.926248 seconds (3.24 M allocations: 2.039 GiB)
81
  6.529278 seconds (1.86 M allocations: 1.227 GiB)
961
  9.636104 seconds (2.89 M allocations: 1.876 GiB)
524
  8.713216 seconds (2.74 M allocations: 1.748 GiB)
335
  8.714637 seconds (2.74 M allocations: 1.746 GiB)
649
  8.672451 seconds (2.66 M allocations: 1.708 GiB)
147
 10.828360 seconds (3.45 M allocations: 2.191 GiB)
462
  4.562246 seconds (1.55 M allocations: 986.783 MiB)
400
 12.354032 seconds (4.13 M allocations: 2.580 GiB)
211
  4.507141 seconds (1.42 M allocations: 926.039 MiB)
962
  8.689441 seconds (2.93 M allocations: 1.826 GiB)
21
 11.280942 seconds (3.61 M allocations: 2.289 GiB)
711
  8.667594 seconds (2.83 M allocations: 1.784 GiB)
897
  8.674814 seconds (2.66 M allocations: 1.714 GiB)
586
  4.517717 seconds (1.18 M allocations: 826.716 MiB)
212
 12.953334 seconds (4.19 M allocations: 2.648 GiB)
273
  8.668812 seconds (2.72 M allocations: 1.742 GiB)
82
  4.525765 seconds (1.42 M allocations: 929.191 MiB)
963
  8.700008 seconds (2.94 M allocations: 1.832 GiB)
525
  8.697778 seconds (2.88 M allocations: 1.810 GiB)
336
  8.702907 seconds (2.89 M allocations: 1.816 GiB)
650
 12.666917 seconds (4.56 M allocations: 2.781 GiB)
837
  8.668471 seconds (2.96 M allocations: 1.839 GiB)
148
 13.008245 seconds (4.67 M allocations: 2.853 GiB)
774
  4.505560 seconds (1.68 M allocations: 1.015 GiB)
213
  5.964711 seconds (2.23 M allocations: 1.347 GiB)
712
 12.239812 seconds (3.85 M allocations: 2.461 GiB)
463
  6.843293 seconds (2.34 M allocations: 1.455 GiB)
587
  9.248094 seconds (3.24 M allocations: 1.996 GiB)
22
 12.143964 seconds (3.97 M allocations: 2.505 GiB)
401
  9.493686 seconds (3.29 M allocations: 2.033 GiB)
898
  9.019735 seconds (2.86 M allocations: 1.822 GiB)
83
  7.136551 seconds (2.05 M allocations: 1.354 GiB)
838
  8.141522 seconds (2.45 M allocations: 1.591 GiB)
651
 10.029063 seconds (3.26 M allocations: 2.061 GiB)
  8.840881 seconds (2.87 M allocations: 1.814 GiB)
526
274
 10.053769 seconds (3.48 M allocations: 2.152 GiB)
964
  8.731573 seconds (2.79 M allocations: 1.772 GiB)
149
  9.871799 seconds (3.41 M allocations: 2.109 GiB)
337
  6.168757 seconds (2.00 M allocations: 1.263 GiB)
23
  9.955641 seconds (3.13 M allocations: 2.001 GiB)
775
  8.778372 seconds (2.91 M allocations: 1.825 GiB)
214
  9.166199 seconds (3.11 M allocations: 1.935 GiB)
713
 21.760931 seconds (2.93 M allocations: 1.815 GiB, 60.60% gc time)
588
 22.624212 seconds (3.11 M allocations: 1.950 GiB, 58.29% gc time)
464
 21.362932 seconds (2.72 M allocations: 1.699 GiB, 61.73% gc time)
899
 22.431522 seconds (3.12 M allocations: 1.940 GiB, 58.79% gc time)
402
 20.424642 seconds (2.73 M allocations: 1.635 GiB, 64.57% gc time)
84
 21.805296 seconds (2.92 M allocations: 1.811 GiB, 60.48% gc time)
839
 22.025365 seconds (2.81 M allocations: 1.781 GiB, 59.88% gc time)
652
 22.018730 seconds (2.78 M allocations: 1.770 GiB, 59.89% gc time)
527
 21.459850 seconds (2.61 M allocations: 1.655 GiB, 61.45% gc time)
150
  5.071613 seconds (1.46 M allocations: 980.622 MiB)
465
  4.477181 seconds (1.06 M allocations: 769.862 MiB)
85
 21.633225 seconds (2.60 M allocations: 1.664 GiB, 60.96% gc time)
24
 21.868282 seconds (2.71 M allocations: 1.729 GiB, 60.31% gc time)
776
 24.137940 seconds (3.65 M allocations: 2.277 GiB, 54.64% gc time)
965
 21.948248 seconds (2.79 M allocations: 1.769 GiB, 60.09% gc time)
714
 24.472315 seconds (3.73 M allocations: 2.333 GiB, 53.89% gc time)
338
  8.567480 seconds (2.91 M allocations: 1.805 GiB)
589
 23.704298 seconds (3.52 M allocations: 2.192 GiB, 55.63% gc time)
215
 27.695245 seconds (4.91 M allocations: 3.047 GiB, 47.62% gc time)
  8.728193 seconds (2.93 M allocations: 1.825 GiB)
275
900
  8.760576 seconds (2.98 M allocations: 1.846 GiB)
403
  4.460321 seconds (1.54 M allocations: 970.443 MiB)
777
  8.233931 seconds (2.95 M allocations: 1.798 GiB)
840
  4.475295 seconds (1.41 M allocations: 918.372 MiB)
339
  8.720572 seconds (3.11 M allocations: 1.900 GiB)
653
  8.748661 seconds (3.18 M allocations: 1.933 GiB)
528
  9.012946 seconds (3.23 M allocations: 1.973 GiB)
151
  8.701383 seconds (3.14 M allocations: 1.912 GiB)
466
  8.695033 seconds (3.07 M allocations: 1.883 GiB)
25
  4.408621 seconds (1.35 M allocations: 892.020 MiB)
778
  8.718261 seconds (2.93 M allocations: 1.829 GiB)
715
  7.310786 seconds (2.44 M allocations: 1.525 GiB)
216
  8.798886 seconds (2.94 M allocations: 1.838 GiB)
590
 10.872650 seconds (3.70 M allocations: 2.297 GiB)
966
  8.795367 seconds (2.67 M allocations: 1.728 GiB)
404
  6.679903 seconds (2.08 M allocations: 1.331 GiB)
  9.814023 seconds (3.11 M allocations: 1.981 GiB)
340
901
 14.781172 seconds (4.95 M allocations: 3.090 GiB)
86
 10.078627 seconds (3.08 M allocations: 1.986 GiB)
841
  8.699435 seconds (2.70 M allocations: 1.729 GiB)
654
  9.089254 seconds (2.84 M allocations: 1.814 GiB)
529
  4.757955 seconds (1.44 M allocations: 952.377 MiB)
967
  8.491609 seconds (2.77 M allocations: 1.741 GiB)
467
  7.332119 seconds (2.46 M allocations: 1.532 GiB)
779
 13.652133 seconds (4.51 M allocations: 2.829 GiB)
276
 10.103233 seconds (3.34 M allocations: 2.093 GiB)
152
  8.961738 seconds (3.22 M allocations: 1.964 GiB)
26
  9.295729 seconds (2.99 M allocations: 1.893 GiB)
217
  8.969056 seconds (2.96 M allocations: 1.855 GiB)
591
  6.693698 seconds (2.21 M allocations: 1.386 GiB)
341
  4.602952 seconds (1.56 M allocations: 992.480 MiB)
968
  8.750637 seconds (2.97 M allocations: 1.843 GiB)
405
 12.274639 seconds (4.03 M allocations: 2.533 GiB)
716
  8.775468 seconds (2.94 M allocations: 1.838 GiB)
87
  8.751339 seconds (2.86 M allocations: 1.804 GiB)
842
  6.417446 seconds (1.75 M allocations: 1.182 GiB)
27
  8.745120 seconds (2.94 M allocations: 1.836 GiB)
530
  4.760420 seconds (1.45 M allocations: 961.608 MiB)
342
  8.745499 seconds (2.91 M allocations: 1.824 GiB)
468
  8.741599 seconds (2.69 M allocations: 1.735 GiB)
153
  8.907115 seconds (2.78 M allocations: 1.785 GiB)
277
  9.279343 seconds (3.08 M allocations: 1.934 GiB)
780
 13.613151 seconds (4.75 M allocations: 2.932 GiB)
902
 12.042056 seconds (4.37 M allocations: 2.664 GiB)
655
  5.980242 seconds (2.12 M allocations: 1.307 GiB)
717
  4.116938 seconds (1.60 M allocations: 981.912 MiB)
28
  8.733129 seconds (3.00 M allocations: 1.868 GiB)
592
 10.600058 seconds (3.69 M allocations: 2.286 GiB)
218
  9.369340 seconds (3.16 M allocations: 1.981 GiB)
406
 10.147253 seconds (3.41 M allocations: 2.143 GiB)
969
  5.007259 seconds (1.48 M allocations: 997.468 MiB)
903
  9.214613 seconds (3.27 M allocations: 2.017 GiB)
88
  9.166260 seconds (3.27 M allocations: 2.011 GiB)
843
  9.464768 seconds (3.17 M allocations: 1.992 GiB)
531
  4.194437 seconds (1.26 M allocations: 840.899 MiB)
219
  8.596591 seconds (2.59 M allocations: 1.692 GiB)
781
  8.998715 seconds (2.84 M allocations: 1.825 GiB)
278
 10.286969 seconds (3.45 M allocations: 2.170 GiB)
343
  9.567455 seconds (3.35 M allocations: 2.074 GiB)
154
  8.648736 seconds (2.89 M allocations: 1.817 GiB)
656
 10.447706 seconds (3.79 M allocations: 2.319 GiB)
469
 20.022648 seconds (2.80 M allocations: 1.772 GiB, 56.95% gc time)
29
 20.443945 seconds (3.00 M allocations: 1.883 GiB, 55.78% gc time)
593
 19.075824 seconds (2.69 M allocations: 1.656 GiB, 59.78% gc time)
407
 16.663537 seconds (1.76 M allocations: 1.095 GiB, 68.43% gc time)
220
 23.650475 seconds (3.91 M allocations: 2.485 GiB, 48.21% gc time)
718
 20.512628 seconds (2.93 M allocations: 1.855 GiB, 55.59% gc time)
904
 19.423578 seconds (2.70 M allocations: 1.679 GiB, 58.71% gc time)
844
 19.168229 seconds (2.69 M allocations: 1.658 GiB, 59.49% gc time)
532
  4.520245 seconds (1.30 M allocations: 876.249 MiB)
30
 20.999036 seconds (3.42 M allocations: 2.091 GiB, 54.30% gc time)
89
 23.141112 seconds (4.05 M allocations: 2.503 GiB, 49.27% gc time)
970
 20.387643 seconds (2.85 M allocations: 1.803 GiB, 55.93% gc time)
279
 20.266114 seconds (2.55 M allocations: 1.674 GiB, 56.26% gc time)
470
 21.115283 seconds (3.16 M allocations: 1.984 GiB, 54.00% gc time)
782
  4.508664 seconds (1.21 M allocations: 835.062 MiB)
533
  4.508733 seconds (1.17 M allocations: 819.999 MiB)
31
 22.104991 seconds (3.20 M allocations: 2.072 GiB, 51.58% gc time)
657
  8.726177 seconds (2.80 M allocations: 1.770 GiB)
408
  9.634213 seconds (3.12 M allocations: 1.969 GiB)
594
 23.877283 seconds (4.03 M allocations: 2.538 GiB, 47.76% gc time)
155
 24.350921 seconds (4.33 M allocations: 2.696 GiB, 46.83% gc time)
344
  8.273156 seconds (2.86 M allocations: 1.763 GiB)
905
  8.667594 seconds (2.92 M allocations: 1.819 GiB)
845
  9.956965 seconds (3.50 M allocations: 2.146 GiB)
221
  4.584229 seconds (1.64 M allocations: 1023.179 MiB)
534
 11.806961 seconds (3.87 M allocations: 2.429 GiB)
719
 10.241257 seconds (3.10 M allocations: 2.004 GiB)
90
  9.511992 seconds (2.99 M allocations: 1.909 GiB)
971
  6.420058 seconds (2.15 M allocations: 1.341 GiB)
658
  9.275483 seconds (3.26 M allocations: 2.001 GiB)
280
  9.136045 seconds (3.19 M allocations: 1.962 GiB)
471
  9.282608 seconds (3.26 M allocations: 2.000 GiB)
783
  5.170164 seconds (1.62 M allocations: 1.032 GiB)
222
  8.752239 seconds (2.90 M allocations: 1.813 GiB)
409
  8.752691 seconds (2.90 M allocations: 1.816 GiB)
595
  8.757845 seconds (2.80 M allocations: 1.774 GiB)
345
  8.735057 seconds (2.80 M allocations: 1.772 GiB)
906
  8.744480 seconds (2.70 M allocations: 1.733 GiB)
846
  4.529773 seconds (1.28 M allocations: 871.187 MiB)
784
  5.605752 seconds (1.84 M allocations: 1.158 GiB)
659
 12.696649 seconds (4.46 M allocations: 2.737 GiB)
32
 13.076927 seconds (4.11 M allocations: 2.619 GiB)
156
  8.710760 seconds (2.71 M allocations: 1.732 GiB)
972
 10.675668 seconds (3.54 M allocations: 2.215 GiB)
535
  6.874377 seconds (2.20 M allocations: 1.396 GiB)
223
  8.840482 seconds (2.94 M allocations: 1.840 GiB)
281
  8.679358 seconds (2.85 M allocations: 1.793 GiB)
472
  4.631037 seconds (1.29 M allocations: 883.620 MiB)
33
  8.691584 seconds (2.77 M allocations: 1.757 GiB)
410
  8.685176 seconds (2.74 M allocations: 1.746 GiB)
596
 12.722259 seconds (4.30 M allocations: 2.671 GiB)
91
 13.067513 seconds (4.50 M allocations: 2.781 GiB)
720
  8.793409 seconds (3.07 M allocations: 1.890 GiB)
346
  8.284028 seconds (2.62 M allocations: 1.671 GiB)
660
  8.677132 seconds (2.94 M allocations: 1.829 GiB)
847
  8.408017 seconds (2.73 M allocations: 1.727 GiB)
785
  9.720418 seconds (3.58 M allocations: 2.169 GiB)
907
  6.614128 seconds (2.45 M allocations: 1.484 GiB)
536
  8.659392 seconds (2.94 M allocations: 1.836 GiB)
973
  8.416032 seconds (2.57 M allocations: 1.666 GiB)
282
  9.853919 seconds (3.31 M allocations: 2.074 GiB)
157
  4.950082 seconds (935.59 k allocations: 763.143 MiB)  8.127054 seconds (2.22 M allocations: 1.506 GiB)
  9.104922 seconds (2.72 M allocations: 1.779 GiB)

 10.772808 seconds (3.16 M allocations: 2.079 GiB)  4.297449 seconds (1.02 M allocations: 751.698 MiB)
597
  7.973759 seconds (1.93 M allocations: 1.369 GiB)
786
  7.312367 seconds (2.40 M allocations: 1.517 GiB)
  7.766710 seconds (2.05 M allocations: 1.411 GiB)

34
473
92
908
  8.022765 seconds (1.79 M allocations: 1.314 GiB)
  7.108435 seconds (1.29 M allocations: 1.030 GiB)
  9.446491 seconds (2.40 M allocations: 1.665 GiB)
224
721
347
  7.497110 seconds (1.29 M allocations: 1.041 GiB)
411
848
661
  7.304603 seconds (2.72 M allocations: 1.596 GiB)
537
  5.521348 seconds (2.39 M allocations: 1.331 GiB)
283
  6.593359 seconds (2.69 M allocations: 1.534 GiB)
974
 16.454063 seconds (1.16 M allocations: 891.855 MiB, 65.92% gc time)
 16.382339 seconds (992.94 k allocations: 819.340 MiB, 66.21% gc time)
348
225
 18.268737 seconds (1.66 M allocations: 1.203 GiB, 59.38% gc time)
35
 19.262120 seconds (1.80 M allocations: 1.331 GiB, 56.31% gc time)
849
 19.537101 seconds (1.87 M allocations: 1.379 GiB, 55.52% gc time)
474
 19.635228 seconds (2.02 M allocations: 1.449 GiB, 55.24% gc time)
412
 19.725708 seconds (2.12 M allocations: 1.498 GiB, 54.99% gc time)
909
 19.720130 seconds (2.07 M allocations: 1.476 GiB, 55.01% gc time)
787
 19.822610 seconds (2.28 M allocations: 1.571 GiB, 54.72% gc time)
93
 20.316965 seconds (2.59 M allocations: 1.733 GiB, 53.39% gc time)
662
 20.789084 seconds (2.79 M allocations: 1.847 GiB, 52.18% gc time)
722
  4.541944 seconds (1.68 M allocations: 1.008 GiB)
226
  5.722853 seconds (1.94 M allocations: 1.199 GiB)
349
 20.938559 seconds (2.68 M allocations: 1.812 GiB, 51.81% gc time)
975
 21.682845 seconds (3.07 M allocations: 2.026 GiB, 50.03% gc time)
538
 23.549678 seconds (4.23 M allocations: 2.632 GiB, 46.06% gc time)
598
 22.090480 seconds (3.25 M allocations: 2.124 GiB, 49.10% gc time)
284
 24.006264 seconds (4.27 M allocations: 2.681 GiB, 45.19% gc time)
158
  4.797065 seconds (1.31 M allocations: 897.335 MiB)
227
  8.701407 seconds (2.93 M allocations: 1.821 GiB)
850
  8.704293 seconds (2.65 M allocations: 1.706 GiB)
475
  8.720328 seconds (2.63 M allocations: 1.701 GiB)
413
 10.020640 seconds (3.37 M allocations: 2.098 GiB)
36
  8.713540 seconds (2.60 M allocations: 1.689 GiB)
910
  8.735856 seconds (2.66 M allocations: 1.713 GiB)
788
  8.705862 seconds (2.84 M allocations: 1.787 GiB)
94
  8.838376 seconds (3.08 M allocations: 1.893 GiB)
663
  8.734076 seconds (3.06 M allocations: 1.880 GiB)
723
  6.850290 seconds (2.40 M allocations: 1.473 GiB)
539
  4.436345 seconds (1.81 M allocations: 1.059 GiB)
228
  7.345396 seconds (2.52 M allocations: 1.558 GiB)
285
  9.368593 seconds (3.25 M allocations: 2.000 GiB)
976
  4.472596 seconds (739.95 k allocations: 638.274 MiB)
229
  4.600747 seconds (753.40 k allocations: 653.259 MiB)
286
 12.677989 seconds (3.64 M allocations: 2.399 GiB)
599
  8.244493 seconds (2.81 M allocations: 1.742 GiB)
851
 13.796024 seconds (4.12 M allocations: 2.677 GiB)
350
  8.711934 seconds (2.66 M allocations: 1.715 GiB)
414
  8.813429 seconds (2.77 M allocations: 1.767 GiB)
476
  8.680719 seconds (2.52 M allocations: 1.657 GiB)
 13.208732 seconds (4.02 M allocations: 2.598 GiB)
789
159
  8.738226 seconds (2.60 M allocations: 1.695 GiB)
911
  8.729471 seconds (2.85 M allocations: 1.795 GiB)
95
  9.747182 seconds (3.49 M allocations: 2.130 GiB)
37
 10.197418 seconds (3.36 M allocations: 2.110 GiB)
664
 10.535168 seconds (3.26 M allocations: 2.095 GiB)
540
  4.517497 seconds (1.98 M allocations: 1.138 GiB)
287
  4.511006 seconds (1.86 M allocations: 1.088 GiB)
351
 12.755675 seconds (3.97 M allocations: 2.543 GiB)
724
 11.661897 seconds (3.51 M allocations: 2.275 GiB)
977
  6.028569 seconds (1.44 M allocations: 1.022 GiB)
38
  8.716915 seconds (2.80 M allocations: 1.774 GiB)
852
  5.039760 seconds (1.20 M allocations: 876.609 MiB)
288
  8.687836 seconds (2.56 M allocations: 1.674 GiB)
415
  8.746293 seconds (2.50 M allocations: 1.652 GiB)
477
  8.719342 seconds (2.42 M allocations: 1.621 GiB)
160
  8.751594 seconds (2.47 M allocations: 1.642 GiB)
790
 10.242541 seconds (3.79 M allocations: 2.291 GiB)
600
  9.408994 seconds (3.05 M allocations: 1.927 GiB)
912
  9.504707 seconds (3.09 M allocations: 1.951 GiB)
96
 13.076327 seconds (5.01 M allocations: 2.994 GiB)
230
  9.429452 seconds (3.14 M allocations: 1.965 GiB)
665
  8.925319 seconds (2.94 M allocations: 1.846 GiB)
541
 20.461753 seconds (1.55 M allocations: 1.003 GiB, 74.85% gc time)
416
 22.955235 seconds (2.55 M allocations: 1.592 GiB, 66.72% gc time)
39
 20.547584 seconds (1.22 M allocations: 894.166 MiB, 74.54% gc time)
97
 26.914487 seconds (3.64 M allocations: 2.324 GiB, 56.90% gc time)
352
 21.752426 seconds (1.87 M allocations: 1.224 GiB, 70.41% gc time)
601
 24.975843 seconds (3.43 M allocations: 2.102 GiB, 61.32% gc time)
978
 23.006154 seconds (2.43 M allocations: 1.545 GiB, 66.57% gc time)
161
 24.031605 seconds (3.24 M allocations: 1.956 GiB, 63.73% gc time)
853
 23.804626 seconds (2.80 M allocations: 1.755 GiB, 64.34% gc time)
478
 24.232977 seconds (3.37 M allocations: 2.018 GiB, 63.20% gc time)
289
 24.253647 seconds (3.09 M allocations: 1.904 GiB, 63.15% gc time)
791
 27.930774 seconds (4.60 M allocations: 2.791 GiB, 54.83% gc time)
725
 24.782200 seconds (3.09 M allocations: 1.942 GiB, 61.80% gc time)
913
  4.506695 seconds (1.54 M allocations: 976.160 MiB)
602
  4.648116 seconds (1.38 M allocations: 918.799 MiB)
162
 26.257439 seconds (3.43 M allocations: 2.185 GiB, 58.33% gc time)
231
 25.605343 seconds (3.29 M allocations: 2.082 GiB, 59.81% gc time)
666
 10.123525 seconds (3.25 M allocations: 2.053 GiB)
542
  7.453553 seconds (2.12 M allocations: 1.399 GiB)
854
 10.360288 seconds (3.48 M allocations: 2.167 GiB)
417
  9.286924 seconds (3.11 M allocations: 1.934 GiB)
353
  8.211282 seconds (2.33 M allocations: 1.538 GiB)
290
 10.819586 seconds (3.69 M allocations: 2.283 GiB)
40
  5.566299 seconds (1.79 M allocations: 1.128 GiB)
603
 10.881777 seconds (3.83 M allocations: 2.346 GiB)
98
  8.789249 seconds (2.66 M allocations: 1.718 GiB)
726
  9.735605 seconds (3.20 M allocations: 2.005 GiB)
 10.857153 seconds (3.82 M allocations: 2.338 GiB)
479
979
  9.809870 seconds (3.22 M allocations: 2.018 GiB)
792
  9.425190 seconds (3.13 M allocations: 1.955 GiB)
914
  9.227654 seconds (2.98 M allocations: 1.878 GiB)
163
  4.517479 seconds (1.35 M allocations: 896.734 MiB)
604
  9.014687 seconds (2.82 M allocations: 1.798 GiB)
543
  9.984749 seconds (3.12 M allocations: 1.989 GiB)
667
  8.470506 seconds (2.89 M allocations: 1.789 GiB)
855
 10.698785 seconds (3.55 M allocations: 2.219 GiB)
232
  6.324986 seconds (1.80 M allocations: 1.188 GiB)
980
  8.733362 seconds (3.00 M allocations: 1.856 GiB)
354
  9.251122 seconds (2.99 M allocations: 1.890 GiB)
41
  4.475467 seconds (1.38 M allocations: 909.350 MiB)
605
 10.905093 seconds (3.70 M allocations: 2.300 GiB)
418
  8.735147 seconds (2.90 M allocations: 1.819 GiB)
727
  8.732038 seconds (2.80 M allocations: 1.775 GiB)
480
  8.719960 seconds (2.80 M allocations: 1.776 GiB)
793
 10.074930 seconds (3.50 M allocations: 2.159 GiB)
99
 12.390764 seconds (4.27 M allocations: 2.641 GiB)
291
  5.429004 seconds (1.68 M allocations: 1.082 GiB)
981
  8.695068 seconds (2.90 M allocations: 1.817 GiB)
164
  9.072636 seconds (2.98 M allocations: 1.875 GiB)
544
  5.427349 seconds (1.66 M allocations: 1.073 GiB)
42
  8.054306 seconds (2.63 M allocations: 1.661 GiB)
856
 12.801767 seconds (4.17 M allocations: 2.633 GiB)
915
  8.666240 seconds (2.95 M allocations: 1.836 GiB)
233
  8.703003 seconds (2.93 M allocations: 1.831 GiB)
355
 11.685607 seconds (3.92 M allocations: 2.448 GiB)
668
  8.967202 seconds (2.69 M allocations: 1.748 GiB)
728
  9.969599 seconds (3.03 M allocations: 1.959 GiB)
419
  8.695172 seconds (2.43 M allocations: 1.622 GiB)
100
  8.179021 seconds (2.47 M allocations: 1.600 GiB)
292
 11.187862 seconds (3.57 M allocations: 2.269 GiB)
 10.461536 seconds (3.16 M allocations: 2.047 GiB)
606
481
 10.309967 seconds (3.19 M allocations: 2.048 GiB)
794
  5.643792 seconds (1.80 M allocations: 1.145 GiB)
916
  8.219978 seconds (2.82 M allocations: 1.749 GiB)
165
  8.208410 seconds (2.72 M allocations: 1.706 GiB)
43
  8.682131 seconds (2.88 M allocations: 1.805 GiB)
545
  8.540387 seconds (2.81 M allocations: 1.764 GiB)
857
 25.354368 seconds (3.73 M allocations: 2.327 GiB, 56.19% gc time)
982
 23.414545 seconds (3.00 M allocations: 1.885 GiB, 60.84% gc time)
234
 19.509904 seconds (1.97 M allocations: 1.186 GiB, 73.02% gc time)
420
 23.023250 seconds (3.07 M allocations: 1.892 GiB, 61.88% gc time)
356
 21.259874 seconds (2.76 M allocations: 1.637 GiB, 67.01% gc time)
729
 23.546657 seconds (3.26 M allocations: 2.006 GiB, 60.50% gc time)
669
 21.175507 seconds (2.28 M allocations: 1.431 GiB, 67.28% gc time)
607
 22.663221 seconds (2.96 M allocations: 1.818 GiB, 62.86% gc time)
101
 23.201965 seconds (2.96 M allocations: 1.854 GiB, 61.40% gc time)
293
 22.976257 seconds (2.61 M allocations: 1.696 GiB, 62.00% gc time)
917
 22.995636 seconds (2.61 M allocations: 1.699 GiB, 61.95% gc time)
166
 23.718981 seconds (3.08 M allocations: 1.943 GiB, 60.06% gc time)
795
  5.695588 seconds (1.81 M allocations: 1.151 GiB)
421
 24.282608 seconds (3.41 M allocations: 2.119 GiB, 58.67% gc time)
482
 22.511631 seconds (3.02 M allocations: 1.831 GiB, 63.28% gc time)
44
 23.297369 seconds (2.99 M allocations: 1.879 GiB, 61.15% gc time)
546
  8.685462 seconds (2.94 M allocations: 1.832 GiB)
983
  5.665509 seconds (1.81 M allocations: 1.152 GiB)
102
 26.452276 seconds (3.57 M allocations: 2.341 GiB, 53.86% gc time)
  4.408018 seconds (914.30 k allocations: 708.384 MiB)
  9.367461 seconds (2.24 M allocations: 1.589 GiB)
  8.724955 seconds (2.67 M allocations: 1.721 GiB)
  7.184563 seconds (1.64 M allocations: 1.186 GiB)
422
918357

  7.046859 seconds (1.48 M allocations: 1.111 GiB)  8.786833 seconds (2.41 M allocations: 1.619 GiB)  5.754913 seconds (677.94 k allocations: 661.876 MiB)858
  9.890496 seconds (2.66 M allocations: 1.799 GiB)
730

  7.350815 seconds (1.85 M allocations: 1.287 GiB)
  7.254275 seconds (1.42 M allocations: 1.091 GiB)
 10.697246 seconds (3.08 M allocations: 2.031 GiB)
  5.592818 seconds (504.96 k allocations: 562.083 MiB)


670
  7.319342 seconds (1.14 M allocations: 986.112 MiB)608

  7.089113 seconds (958.49 k allocations: 881.361 MiB)
984
294
796
235
547
167
483
45
  4.505375 seconds (876.95 k allocations: 693.865 MiB)
46
  4.505211 seconds (685.00 k allocations: 614.515 MiB)
484
  8.511848 seconds (1.58 M allocations: 1.255 GiB)
358
  8.753190 seconds (1.49 M allocations: 1.233 GiB)
919
  8.757893 seconds (1.41 M allocations: 1.202 GiB)
  8.780549 seconds (1.43 M allocations: 1.215 GiB)
  8.741716 seconds (1.39 M allocations: 1.193 GiB)
236
671
797
  8.875509 seconds (1.59 M allocations: 1.288 GiB)
548
  8.842045 seconds (1.65 M allocations: 1.308 GiB)
168
  4.392760 seconds (1.35 M allocations: 891.743 MiB)
485
  9.510349 seconds (2.42 M allocations: 1.675 GiB)
985
  9.675336 seconds (2.52 M allocations: 1.728 GiB)
609
  9.872145 seconds (2.91 M allocations: 1.900 GiB)
731
  9.944854 seconds (2.95 M allocations: 1.924 GiB)
859
  6.570752 seconds (2.38 M allocations: 1.452 GiB)
47
 11.885864 seconds (3.27 M allocations: 2.195 GiB)
295
 12.458535 seconds (4.59 M allocations: 2.773 GiB)
423
 14.392731 seconds (4.86 M allocations: 3.022 GiB)
103
  6.276366 seconds (1.74 M allocations: 1.164 GiB)
486
  4.511429 seconds (877.62 k allocations: 698.713 MiB)
296
  8.085366 seconds (2.33 M allocations: 1.538 GiB)
169
  8.692119 seconds (2.86 M allocations: 1.799 GiB)
920
  8.704592 seconds (2.76 M allocations: 1.758 GiB)
798
  8.689052 seconds (2.71 M allocations: 1.737 GiB)
672
  8.820641 seconds (2.90 M allocations: 1.824 GiB)
237
  8.677162 seconds (2.75 M allocations: 1.751 GiB)
986
  8.682699 seconds (2.60 M allocations: 1.690 GiB)
732
  8.980371 seconds (2.69 M allocations: 1.748 GiB)
860
 10.654383 seconds (4.38 M allocations: 2.568 GiB)
359
  4.510889 seconds (1.82 M allocations: 1.070 GiB)
487
 11.672643 seconds (4.05 M allocations: 2.501 GiB)
549
 18.277944 seconds (2.80 M allocations: 1.770 GiB, 52.32% gc time)
424
 21.527003 seconds (3.77 M allocations: 2.400 GiB, 44.43% gc time)
610
 15.471397 seconds (2.36 M allocations: 1.391 GiB, 61.81% gc time)
 21.092467 seconds (3.63 M allocations: 2.311 GiB, 45.34% gc time)
297
48
 15.046094 seconds (1.78 M allocations: 1.120 GiB, 63.56% gc time)
987
 14.990742 seconds (1.51 M allocations: 1.004 GiB, 63.80% gc time)
360
 20.426542 seconds (3.67 M allocations: 2.281 GiB, 46.82% gc time)
104
 18.161409 seconds (2.76 M allocations: 1.744 GiB, 52.66% gc time)
673
 18.655313 seconds (3.24 M allocations: 1.977 GiB, 51.26% gc time)
170
 18.370640 seconds (2.95 M allocations: 1.835 GiB, 52.06% gc time)
921
 19.253171 seconds (3.16 M allocations: 1.983 GiB, 49.67% gc time)
238
 18.547899 seconds (2.75 M allocations: 1.766 GiB, 51.56% gc time)
861
 20.223373 seconds (3.61 M allocations: 2.236 GiB, 47.29% gc time)
799
 19.597151 seconds (3.33 M allocations: 2.080 GiB, 48.80% gc time)
733
  4.981255 seconds (1.46 M allocations: 977.059 MiB)
105
 19.766686 seconds (3.22 M allocations: 2.045 GiB, 48.38% gc time)
488
  9.713472 seconds (3.03 M allocations: 1.938 GiB)
  4.598028 seconds (1.46 M allocations: 952.869 MiB)
425
171
  9.309815 seconds (2.96 M allocations: 1.879 GiB)
611
  8.027710 seconds (2.72 M allocations: 1.688 GiB)
988
  9.726993 seconds (3.17 M allocations: 1.993 GiB)
49
 21.619699 seconds (3.97 M allocations: 2.489 GiB, 44.24% gc time)
550
 10.888612 seconds (3.63 M allocations: 2.264 GiB)
298
  5.864290 seconds (2.03 M allocations: 1.251 GiB)
862
  8.755109 seconds (2.86 M allocations: 1.798 GiB)
674
  4.657099 seconds (1.66 M allocations: 1.012 GiB)
489
 11.522874 seconds (3.86 M allocations: 2.400 GiB)
361
  8.120139 seconds (2.56 M allocations: 1.629 GiB)
734
 10.410539 seconds (3.48 M allocations: 2.168 GiB)
922
  9.278874 seconds (3.12 M allocations: 1.940 GiB)
800
 11.721881 seconds (3.78 M allocations: 2.386 GiB)
239
  8.637648 seconds (2.59 M allocations: 1.674 GiB)
426
  9.564793 seconds (2.79 M allocations: 1.823 GiB)
172
  8.758216 seconds (2.56 M allocations: 1.675 GiB)
989
 11.149516 seconds (3.72 M allocations: 2.319 GiB)
106
  4.457375 seconds (1.29 M allocations: 867.904 MiB)
735
  6.841760 seconds (2.06 M allocations: 1.337 GiB)
490
  8.572728 seconds (2.66 M allocations: 1.706 GiB)
299
  8.371579 seconds (2.58 M allocations: 1.658 GiB)
863
 10.445708 seconds (3.38 M allocations: 2.133 GiB)
551
 11.216443 seconds (3.63 M allocations: 2.290 GiB)
50
  8.708987 seconds (2.97 M allocations: 1.844 GiB)
675
 12.950459 seconds (4.39 M allocations: 2.729 GiB)
612
  4.472100 seconds (1.86 M allocations: 1.092 GiB)
427
  8.688108 seconds (2.94 M allocations: 1.835 GiB)
923
  4.463227 seconds (1.64 M allocations: 1023.823 MiB)
736
  9.708096 seconds (3.52 M allocations: 2.148 GiB)
362
  8.855566 seconds (3.23 M allocations: 1.967 GiB)
801
  6.376049 seconds (1.94 M allocations: 1.260 GiB)
491
 10.106165 seconds (3.50 M allocations: 2.171 GiB)
240
  8.688961 seconds (2.81 M allocations: 1.786 GiB)
107
  8.597124 seconds (2.54 M allocations: 1.668 GiB)
864
  5.102841 seconds (1.29 M allocations: 921.057 MiB)
737
  8.371253 seconds (2.55 M allocations: 1.656 GiB)
552
  4.834661 seconds (1.16 M allocations: 848.801 MiB)
802
 10.853450 seconds (3.78 M allocations: 2.344 GiB)
990
  8.699064 seconds (2.78 M allocations: 1.773 GiB)
676
 10.296482 seconds (3.40 M allocations: 2.145 GiB)
300
 12.329870 seconds (4.54 M allocations: 2.760 GiB)
173
  9.247475 seconds (3.19 M allocations: 1.982 GiB)
51
  7.743509 seconds (2.76 M allocations: 1.696 GiB)
924
  9.593009 seconds (3.25 M allocations: 2.030 GiB)
613
  9.487632 seconds (3.21 M allocations: 2.008 GiB)
428
  8.949172 seconds (3.10 M allocations: 1.924 GiB)
363
  4.379306 seconds (1.32 M allocations: 879.085 MiB)
301
  7.489693 seconds (2.71 M allocations: 1.653 GiB)
241
  9.855013 seconds (3.33 M allocations: 2.079 GiB)
492
  8.661175 seconds (2.96 M allocations: 1.842 GiB)
108
  8.439878 seconds (2.51 M allocations: 1.637 GiB)
991
  6.902794 seconds (1.58 M allocations: 1.146 GiB)
925
  9.320822 seconds (2.81 M allocations: 1.824 GiB)
553
  9.814446 seconds (3.19 M allocations: 2.018 GiB)
738
  8.693817 seconds (2.72 M allocations: 1.743 GiB)
677
 11.287946 seconds (4.02 M allocations: 2.466 GiB)
865
  9.130008 seconds (2.76 M allocations: 1.795 GiB)
52
  8.482681 seconds (2.32 M allocations: 1.566 GiB)
614
 21.457539 seconds (3.04 M allocations: 1.929 GiB, 55.97% gc time)
174
 17.624268 seconds (2.05 M allocations: 1.247 GiB, 68.15% gc time)
302
 20.432687 seconds (2.78 M allocations: 1.747 GiB, 58.78% gc time)
364
 24.984416 seconds (4.50 M allocations: 2.783 GiB, 48.07% gc time)
803
 24.332260 seconds (3.59 M allocations: 2.361 GiB, 49.36% gc time)
429
 19.485201 seconds (2.43 M allocations: 1.536 GiB, 61.64% gc time)
109
  4.514418 seconds (1.47 M allocations: 948.318 MiB)
866
 20.959856 seconds (2.99 M allocations: 1.873 GiB, 57.30% gc time)
493
  5.732716 seconds (1.46 M allocations: 1.008 GiB)
615
 20.267090 seconds (2.75 M allocations: 1.724 GiB, 59.26% gc time)
554
 24.637056 seconds (4.03 M allocations: 2.562 GiB, 48.75% gc time)
242
 20.992298 seconds (2.87 M allocations: 1.825 GiB, 57.21% gc time)
739
 20.912905 seconds (2.85 M allocations: 1.810 GiB, 57.43% gc time)
678
 22.907790 seconds (3.84 M allocations: 2.364 GiB, 52.43% gc time)
992
  8.596409 seconds (2.55 M allocations: 1.664 GiB)
  8.748692 seconds (2.72 M allocations: 1.747 GiB)
175
53
  4.347032 seconds (1.52 M allocations: 961.960 MiB)
867
  8.798045 seconds (2.87 M allocations: 1.814 GiB)
303
  8.788722 seconds (2.95 M allocations: 1.843 GiB)
365
  4.408897 seconds (1.81 M allocations: 1.064 GiB)
616
  9.434787 seconds (3.15 M allocations: 1.971 GiB)
804
  7.990312 seconds (2.86 M allocations: 1.751 GiB)
110
  8.834966 seconds (3.11 M allocations: 1.915 GiB)
430
 27.179198 seconds (5.39 M allocations: 3.305 GiB, 44.19% gc time)
926
  8.698670 seconds (3.07 M allocations: 1.889 GiB)
494
  8.720126 seconds (2.94 M allocations: 1.835 GiB)
555
  8.714729 seconds (2.70 M allocations: 1.733 GiB)
740
  8.712037 seconds (2.69 M allocations: 1.732 GiB)
679
  9.896531 seconds (3.33 M allocations: 2.077 GiB)
243
  8.715398 seconds (2.52 M allocations: 1.655 GiB)
54
  8.730762 seconds (2.53 M allocations: 1.665 GiB)
176
  5.570417 seconds (1.78 M allocations: 1.131 GiB)
  8.714538 seconds (2.65 M allocations: 1.712 GiB)
111
304
  4.943928 seconds (1.73 M allocations: 1.063 GiB)
927
  8.725271 seconds (2.89 M allocations: 1.814 GiB)
366
 10.694357 seconds (3.64 M allocations: 2.260 GiB)
993
 10.317280 seconds (3.38 M allocations: 2.128 GiB)
868
  8.704426 seconds (3.07 M allocations: 1.883 GiB)
805
  8.721023 seconds (2.93 M allocations: 1.828 GiB)
431
  4.501339 seconds (1.13 M allocations: 799.887 MiB)
928
  5.504111 seconds (1.52 M allocations: 1.015 GiB)
112
  8.753643 seconds (2.93 M allocations: 1.830 GiB)
556
 10.548103 seconds (3.35 M allocations: 2.128 GiB)
495
 14.567687 seconds (4.62 M allocations: 2.940 GiB)
617
  8.733352 seconds (3.04 M allocations: 1.873 GiB)
741
  8.750042 seconds (3.07 M allocations: 1.887 GiB)
680
  8.758331 seconds (2.99 M allocations: 1.854 GiB)
55
  8.756316 seconds (2.98 M allocations: 1.851 GiB)
177
  7.097485 seconds (2.22 M allocations: 1.417 GiB)
869
  8.781566 seconds (2.99 M allocations: 1.856 GiB)
305
  4.655212 seconds (1.83 M allocations: 1.085 GiB)
929
  9.070738 seconds (2.83 M allocations: 1.807 GiB)
994
  8.778093 seconds (2.80 M allocations: 1.775 GiB)
806
 11.825793 seconds (4.15 M allocations: 2.545 GiB)
244
  8.759863 seconds (2.94 M allocations: 1.834 GiB)
432
  5.808434 seconds (1.95 M allocations: 1.218 GiB)
618
 13.055128 seconds (4.20 M allocations: 2.659 GiB)
367
  4.146821 seconds (1.12 M allocations: 779.410 MiB)
995
  8.780688 seconds (3.03 M allocations: 1.876 GiB)
557
  8.745344 seconds (2.72 M allocations: 1.748 GiB)
742
  8.741720 seconds (2.71 M allocations: 1.743 GiB)
681
 10.159636 seconds (3.50 M allocations: 2.169 GiB)
496
  8.740248 seconds (2.80 M allocations: 1.782 GiB)
56
  8.748103 seconds (2.70 M allocations: 1.744 GiB)
 11.760080 seconds (4.21 M allocations: 2.578 GiB)
306
113
  4.098623 seconds (1.46 M allocations: 922.934 MiB)
619
 10.186883 seconds (3.24 M allocations: 2.070 GiB)
870
  8.681207 seconds (2.81 M allocations: 1.789 GiB)
807
  8.677392 seconds (2.81 M allocations: 1.787 GiB)
245
  8.675512 seconds (2.81 M allocations: 1.787 GiB)
433
 13.322742 seconds (4.38 M allocations: 2.763 GiB)
178
  4.954672 seconds (1.66 M allocations: 1.040 GiB)
497
  8.638938 seconds (2.94 M allocations: 1.833 GiB)
368
 13.176609 seconds (4.36 M allocations: 2.748 GiB)
930
  9.402979 seconds (3.13 M allocations: 1.964 GiB)
996
  7.093767 seconds (1.96 M allocations: 1.315 GiB)
620
 21.165585 seconds (3.21 M allocations: 2.023 GiB, 53.94% gc time)
558
 19.843219 seconds (2.84 M allocations: 1.774 GiB, 57.53% gc time)
682
 17.807887 seconds (2.15 M allocations: 1.341 GiB, 64.11% gc time)
871
 20.230402 seconds (3.08 M allocations: 1.899 GiB, 56.43% gc time)
57
 15.954820 seconds (1.68 M allocations: 1.015 GiB, 71.55% gc time)
179
 20.774601 seconds (3.04 M allocations: 1.921 GiB, 54.95% gc time)
307
 22.710705 seconds (4.04 M allocations: 2.473 GiB, 50.27% gc time)
743
 21.556667 seconds (3.28 M allocations: 2.074 GiB, 52.96% gc time)
114
 20.251383 seconds (3.08 M allocations: 1.896 GiB, 56.37% gc time)
808
 20.251271 seconds (3.08 M allocations: 1.894 GiB, 56.37% gc time)
246
 18.178654 seconds (2.32 M allocations: 1.437 GiB, 62.80% gc time)
931
 21.584238 seconds (3.35 M allocations: 2.102 GiB, 52.89% gc time)
434
 20.104578 seconds (2.87 M allocations: 1.797 GiB, 56.78% gc time)
369
  4.503636 seconds (1.19 M allocations: 829.853 MiB)
115
 20.068766 seconds (2.92 M allocations: 1.818 GiB, 56.89% gc time)
997
  8.389168 seconds (2.65 M allocations: 1.688 GiB)
559
  8.692890 seconds (2.80 M allocations: 1.771 GiB)
683
 23.056844 seconds (4.01 M allocations: 2.480 GiB, 49.51% gc time)
498
  8.686617 seconds (2.80 M allocations: 1.771 GiB)
58
  4.503853 seconds (1.55 M allocations: 984.754 MiB)
932
  8.678625 seconds (2.53 M allocations: 1.660 GiB)
744
 10.836179 seconds (3.45 M allocations: 2.195 GiB)
872
 11.836627 seconds (3.90 M allocations: 2.448 GiB)
621
 10.974380 seconds (3.57 M allocations: 2.253 GiB)
180
  8.671275 seconds (2.82 M allocations: 1.781 GiB)
809
  8.667903 seconds (2.93 M allocations: 1.822 GiB)
247
  6.112070 seconds (2.26 M allocations: 1.365 GiB)
116
  4.536099 seconds (1.42 M allocations: 926.253 MiB)
933
 12.907264 seconds (4.23 M allocations: 2.661 GiB)
308
  8.669312 seconds (3.03 M allocations: 1.867 GiB)
370
  8.657461 seconds (2.93 M allocations: 1.821 GiB)
998
  8.692493 seconds (2.93 M allocations: 1.823 GiB)
560
  8.691308 seconds (2.89 M allocations: 1.808 GiB)
684
  5.009397 seconds (1.60 M allocations: 1.016 GiB)
181
  8.672212 seconds (2.93 M allocations: 1.821 GiB)
59
  4.501821 seconds (1.39 M allocations: 911.930 MiB)
 13.026677 seconds (4.37 M allocations: 2.727 GiB)
934
435
  8.676713 seconds (2.96 M allocations: 1.837 GiB)
745
  7.021327 seconds (2.22 M allocations: 1.417 GiB)
117
 12.314293 seconds (4.12 M allocations: 2.576 GiB)
499
  8.674470 seconds (2.83 M allocations: 1.786 GiB)
810
  8.661939 seconds (2.93 M allocations: 1.828 GiB)
248
 11.449372 seconds (3.82 M allocations: 2.388 GiB)
873
 12.096728 seconds (3.96 M allocations: 2.495 GiB)
622
  8.690567 seconds (2.69 M allocations: 1.730 GiB)
371
  8.681086 seconds (2.80 M allocations: 1.772 GiB)
999
  8.681081 seconds (2.80 M allocations: 1.772 GiB)
561
 10.990104 seconds (3.46 M allocations: 2.208 GiB)
309
  8.665575 seconds (2.88 M allocations: 1.806 GiB)
685
  7.365861 seconds (2.44 M allocations: 1.531 GiB)
935
  8.672226 seconds (2.93 M allocations: 1.829 GiB)
60
  8.346981 seconds (2.76 M allocations: 1.733 GiB)
436
 10.079208 seconds (3.36 M allocations: 2.105 GiB)
182
  8.673761 seconds (2.93 M allocations: 1.825 GiB)
746
  8.978141 seconds (2.96 M allocations: 1.860 GiB)
118
  8.686243 seconds (2.70 M allocations: 1.731 GiB)
811
  8.668099 seconds (2.79 M allocations: 1.769 GiB)
249
  7.616436 seconds (2.69 M allocations: 1.651 GiB)
874
  9.913101 seconds (3.35 M allocations: 2.086 GiB)
500
  8.435142 seconds (2.80 M allocations: 1.758 GiB)
623
  8.434715 seconds (2.80 M allocations: 1.757 GiB)
372
  5.987443 seconds (1.71 M allocations: 1.130 GiB)
183
  8.753959 seconds (3.08 M allocations: 1.893 GiB)
1000
  8.799490 seconds (2.89 M allocations: 1.820 GiB)
310
  9.240192 seconds (2.99 M allocations: 1.891 GiB)
686
  9.559968 seconds (3.24 M allocations: 2.017 GiB)
562
  8.067724 seconds (2.61 M allocations: 1.652 GiB)
437
  8.933740 seconds (3.04 M allocations: 1.891 GiB)
61
  9.618947 seconds (3.43 M allocations: 2.102 GiB)
936
 23.079766 seconds (2.96 M allocations: 1.859 GiB, 61.05% gc time)
747
 22.384015 seconds (2.75 M allocations: 1.721 GiB, 62.95% gc time)
812
 21.578380 seconds (2.43 M allocations: 1.532 GiB, 65.30% gc time)
875
 22.553965 seconds (2.88 M allocations: 1.788 GiB, 62.48% gc time)
250
 23.791082 seconds (3.31 M allocations: 2.052 GiB, 59.23% gc time)
119
 23.971029 seconds (3.06 M allocations: 1.964 GiB, 58.78% gc time)
501
 22.791671 seconds (2.73 M allocations: 1.747 GiB, 61.82% gc time)
624
 23.322293 seconds (2.99 M allocations: 1.891 GiB, 60.42% gc time)
373
  4.302975 seconds (1.23 M allocations: 835.385 MiB)
813
 22.811454 seconds (2.94 M allocations: 1.833 GiB, 61.77% gc time)
1001
 23.502466 seconds (3.28 M allocations: 2.025 GiB, 59.95% gc time)
184
  6.682072 seconds (2.05 M allocations: 1.324 GiB)
748
 22.888947 seconds (2.61 M allocations: 1.707 GiB, 61.56% gc time)
62
 24.558573 seconds (3.53 M allocations: 2.205 GiB, 57.38% gc time)
311
 23.488330 seconds (2.99 M allocations: 1.907 GiB, 59.99% gc time)
438
  5.622957 seconds (1.76 M allocations: 1.132 GiB)
120
 24.717463 seconds (3.68 M allocations: 2.276 GiB, 57.01% gc time)
563
 24.956752 seconds (3.83 M allocations: 2.354 GiB, 56.46% gc time)
687
  5.471116 seconds (2.07 M allocations: 1.245 GiB)
502
 10.121276 seconds (3.59 M allocations: 2.207 GiB)
937
  8.798005 seconds (3.08 M allocations: 1.902 GiB)
251
  6.388886 seconds (2.29 M allocations: 1.397 GiB)
814
  8.691769 seconds (2.93 M allocations: 1.831 GiB)
625
 12.520263 seconds (3.96 M allocations: 2.529 GiB)
876
  5.633256 seconds (1.58 M allocations: 1.051 GiB)
121
  8.416947 seconds (2.90 M allocations: 1.797 GiB)
  9.364518 seconds (2.87 M allocations: 1.850 GiB)
185
 11.589170 seconds (3.65 M allocations: 2.333 GiB)
374
  8.814761 seconds (2.89 M allocations: 1.820 GiB)
749
  4.611517 seconds (1.30 M allocations: 887.747 MiB)
815
  9.367204 seconds (3.14 M allocations: 1.962 GiB)
63
  8.460622 seconds (2.57 M allocations: 1.662 GiB)
564
  9.912342 seconds (3.09 M allocations: 1.981 GiB)
439
  8.447464 seconds (2.38 M allocations: 1.585 GiB)
938
  9.445328 seconds (3.01 M allocations: 1.915 GiB)
688
  9.620356 seconds (3.01 M allocations: 1.925 GiB)
503
  8.817670 seconds (2.78 M allocations: 1.778 GiB)
252
 12.654724 seconds (4.07 M allocations: 2.582 GiB)
312
  8.294925 seconds (2.72 M allocations: 1.713 GiB)
626
  4.582257 seconds (1.69 M allocations: 1.022 GiB)
  7.790501 seconds (2.61 M allocations: 1.632 GiB)
877
  4.555007 seconds (1.16 M allocations: 824.665 MiB)
689
  7.759092 seconds (2.65 M allocations: 1.647 GiB)
186
  7.512056 seconds (2.67 M allocations: 1.641 GiB)
375
 10.675956 seconds (3.42 M allocations: 2.173 GiB)
122
  7.303772 seconds (2.26 M allocations: 1.458 GiB)
565
  8.319606 seconds (2.71 M allocations: 1.714 GiB)
  9.210757 seconds (3.13 M allocations: 1.948 GiB)
750
  7.466687 seconds (2.10 M allocations: 1.401 GiB)
504
  7.480477 seconds (2.11 M allocations: 1.406 GiB)
  6.019610 seconds (1.78 M allocations: 1.167 GiB)
313
  8.949075 seconds (2.73 M allocations: 1.768 GiB)
939
  9.055028 seconds (2.85 M allocations: 1.825 GiB)
440
  7.461928 seconds (2.27 M allocations: 1.470 GiB)
627
  4.531497 seconds (1.29 M allocations: 873.180 MiB)
566
  8.227514 seconds (2.48 M allocations: 1.611 GiB)
  7.546102 seconds (2.19 M allocations: 1.441 GiB)
690
  7.580029 seconds (2.14 M allocations: 1.421 GiB)
376
  7.958014 seconds (2.37 M allocations: 1.543 GiB)
187
  4.513623 seconds (1.29 M allocations: 873.040 MiB)
  6.893507 seconds (2.06 M allocations: 1.341 GiB)
123
  5.632475 seconds (1.80 M allocations: 1.142 GiB)
  5.852395 seconds (1.41 M allocations: 1016.726 MiB)
441
  7.470246 seconds (2.16 M allocations: 1.415 GiB)
751
  6.133558 seconds (1.61 M allocations: 1.093 GiB)
314
  5.123725 seconds (1.60 M allocations: 1.012 GiB)
628
  4.462118 seconds (1.37 M allocations: 874.388 MiB)
691
  4.400424 seconds (1.22 M allocations: 800.923 MiB)
188
  5.017969 seconds (1.27 M allocations: 861.875 MiB)
124
  7.747206 seconds (2.23 M allocations: 1.428 GiB)
567
  4.402494 seconds (1.17 M allocations: 773.223 MiB)
752
 10.401869 seconds (1.36 M allocations: 908.024 MiB, 50.46% gc time)
 12.390649 seconds (2.08 M allocations: 1.316 GiB, 42.36% gc time)
377
 10.728470 seconds (1.45 M allocations: 965.981 MiB, 48.92% gc time)
315
  9.643451 seconds (1.08 M allocations: 740.764 MiB, 54.42% gc time)
189
 11.989530 seconds (1.70 M allocations: 1.125 GiB, 43.78% gc time)
629
 10.130711 seconds (1.45 M allocations: 926.883 MiB, 51.81% gc time)
  9.951048 seconds (1.25 M allocations: 829.369 MiB, 52.74% gc time)
125
  9.894559 seconds (1.24 M allocations: 823.600 MiB, 53.04% gc time)
  4.834111 seconds (1.11 M allocations: 776.100 MiB)
753
  5.286952 seconds (1.13 M allocations: 797.862 MiB)
378
  5.038361 seconds (1.11 M allocations: 771.912 MiB)
  4.359688 seconds (897.34 k allocations: 627.442 MiB)
  4.355389 seconds (755.81 k allocations: 562.709 MiB)
  4.340119 seconds (563.00 k allocations: 440.786 MiB)
126
  4.330197 seconds (518.38 k allocations: 391.154 MiB)
  4.240700 seconds (316.65 k allocations: 259.412 MiB)
  4.031261 seconds (101.46 k allocations: 112.887 MiB)
