Graph 1 is connected.
Graph 2 is connected.
Graph 3 is connected.
Graph 4 is connected.
Graph 5 is connected.
Graph 6 is connected.
Graph 7 is connected.
Graph 8 is connected.
Graph 9 is connected.
Graph 10 is connected.
Graph 11 is connected.
Matrix 1 normalized.
Matrix 2 normalized.
Matrix 3 normalized.
Matrix 4 normalized.
Matrix 5 normalized.
Matrix 6 normalized.
Matrix 7 normalized.
Matrix 8 normalized.
Matrix 9 normalized.
Matrix 10 normalized.
Matrix 11 normalized.
Number of threads: 20
552
852
402152
902352
302102
952
252
45252

202
1
702
652
802

502

752

602
  4.548822 seconds (811.30 k allocations: 755.278 MiB, 12.76% gc time)
353
  6.990420 seconds (1.03 M allocations: 965.457 MiB, 26.39% gc time, 2.13% compilation time)
603
  7.314943 seconds (1.10 M allocations: 1.007 GiB, 25.22% gc time, 2.04% compilation time)
553
  7.455560 seconds (1.45 M allocations: 1.159 GiB, 24.74% gc time, 2.00% compilation time)
953
  7.455587 seconds (1.25 M allocations: 1.080 GiB, 24.74% gc time, 2.00% compilation time)
653
  7.665727 seconds (1.61 M allocations: 1.249 GiB, 24.06% gc time, 1.94% compilation time)
153
  8.359012 seconds (1.84 M allocations: 1.414 GiB, 22.07% gc time, 1.78% compilation time)
253
  8.711099 seconds (2.20 M allocations: 1.596 GiB, 21.18% gc time, 1.71% compilation time)
403
  9.438120 seconds (2.25 M allocations: 1.694 GiB, 19.55% gc time, 1.58% compilation time)
303
  9.862710 seconds (2.43 M allocations: 1.813 GiB, 18.70% gc time, 1.51% compilation time)
103
 10.333563 seconds (2.71 M allocations: 1.973 GiB, 17.85% gc time, 1.44% compilation time)
 10.331165 seconds (2.68 M allocations: 1.960 GiB, 17.86% gc time, 1.44% compilation time)
903
 10.376355 seconds (2.79 M allocations: 2.009 GiB, 17.78% gc time, 1.44% compilation time)
853
453
 10.471316 seconds (2.90 M allocations: 2.064 GiB, 17.62% gc time, 1.42% compilation time)
803
 20.484504 seconds (3.27 M allocations: 2.276 GiB, 54.77% gc time, 0.73% compilation time)
703
 20.659379 seconds (3.83 M allocations: 2.518 GiB, 54.31% gc time, 0.72% compilation time)
53
 21.178368 seconds (3.77 M allocations: 2.550 GiB, 52.97% gc time, 0.70% compilation time)
2
 21.089127 seconds (3.63 M allocations: 2.482 GiB, 53.20% gc time, 0.71% compilation time)
203
 21.533278 seconds (4.14 M allocations: 2.735 GiB, 52.10% gc time, 0.69% compilation time)
753
 22.304082 seconds (4.42 M allocations: 2.929 GiB, 50.30% gc time, 0.67% compilation time)
503
 17.474413 seconds (3.44 M allocations: 2.100 GiB, 60.88% gc time)
354
 15.969599 seconds (3.28 M allocations: 2.010 GiB, 58.70% gc time)
604
 14.952750 seconds (2.68 M allocations: 1.660 GiB, 62.69% gc time)
404
 15.542498 seconds (2.93 M allocations: 1.825 GiB, 60.32% gc time)
254
 16.282379 seconds (3.37 M allocations: 2.083 GiB, 57.57% gc time)
954
 17.394151 seconds (4.19 M allocations: 2.530 GiB, 53.89% gc time)
554
 17.864636 seconds (3.97 M allocations: 2.493 GiB, 52.48% gc time)
154
 16.403455 seconds (3.42 M allocations: 2.119 GiB, 57.15% gc time)
304
 18.464235 seconds (4.23 M allocations: 2.662 GiB, 50.77% gc time)
654
  5.489543 seconds (2.20 M allocations: 1.464 GiB)
754
 16.544923 seconds (3.23 M allocations: 2.055 GiB, 56.66% gc time)
804
 17.315337 seconds (3.88 M allocations: 2.400 GiB, 54.14% gc time)
104
 17.098969 seconds (3.66 M allocations: 2.287 GiB, 54.83% gc time)
854
 17.465021 seconds (3.89 M allocations: 2.419 GiB, 53.68% gc time)
454
 17.605702 seconds (3.95 M allocations: 2.460 GiB, 53.25% gc time)
904
  7.996779 seconds (3.80 M allocations: 2.377 GiB)
54
  8.244021 seconds (3.79 M allocations: 2.401 GiB)
704
  7.414003 seconds (3.26 M allocations: 2.089 GiB)
504
  6.180516 seconds (2.76 M allocations: 1.758 GiB)
255
  9.009974 seconds (4.10 M allocations: 2.599 GiB)
204
  8.223175 seconds (3.71 M allocations: 2.354 GiB)
355
  9.910418 seconds (4.43 M allocations: 2.822 GiB)
3
  8.086269 seconds (3.65 M allocations: 2.314 GiB)
405
  9.032283 seconds (4.03 M allocations: 2.563 GiB)
605
  6.237294 seconds (2.80 M allocations: 1.771 GiB)
755
  6.300903 seconds (2.54 M allocations: 1.674 GiB)
855
  9.505547 seconds (4.00 M allocations: 2.602 GiB)
555
  8.485579 seconds (3.81 M allocations: 2.414 GiB)
155
  9.978087 seconds (4.37 M allocations: 2.800 GiB)
955
  6.983728 seconds (3.02 M allocations: 1.939 GiB)
805
  6.299637 seconds (2.69 M allocations: 1.734 GiB)
905
  8.398062 seconds (3.83 M allocations: 2.413 GiB)
655
  6.720055 seconds (3.15 M allocations: 1.964 GiB)
  8.849770 seconds (4.33 M allocations: 2.664 GiB)
455
305
  7.566611 seconds (3.77 M allocations: 2.303 GiB)
105
  5.948657 seconds (2.76 M allocations: 1.729 GiB)
356
  7.334571 seconds (3.55 M allocations: 2.189 GiB)
55
  7.418182 seconds (3.63 M allocations: 2.230 GiB)
705
  7.428461 seconds (3.78 M allocations: 2.291 GiB)
505
  8.538274 seconds (3.72 M allocations: 2.382 GiB)
205
  8.997356 seconds (3.99 M allocations: 2.540 GiB)
256
  6.259849 seconds (3.06 M allocations: 1.881 GiB)
756
  7.948336 seconds (3.72 M allocations: 2.318 GiB)
406
  9.451094 seconds (4.20 M allocations: 2.660 GiB)
4
  6.634340 seconds (2.70 M allocations: 1.764 GiB)
806
  7.144715 seconds (3.09 M allocations: 1.973 GiB)
156
  7.497753 seconds (2.92 M allocations: 1.941 GiB)
906
  9.577889 seconds (4.38 M allocations: 2.749 GiB)
  5.620313 seconds (2.03 M allocations: 1.391 GiB)
606
357
  7.547263 seconds (2.98 M allocations: 1.971 GiB)
656
  5.894338 seconds (2.35 M allocations: 1.547 GiB)
56
  7.525172 seconds (3.03 M allocations: 1.988 GiB)
106
  8.673617 seconds (4.39 M allocations: 2.653 GiB)
  8.767182 seconds (4.50 M allocations: 2.706 GiB)
556
856
  8.078705 seconds (3.59 M allocations: 2.268 GiB)
456
  8.741219 seconds (4.34 M allocations: 2.638 GiB)
956
  9.295856 seconds (4.21 M allocations: 2.644 GiB)
306
  7.647815 seconds (3.57 M allocations: 2.215 GiB)
706
  7.311419 seconds (3.53 M allocations: 2.163 GiB)
506
  7.535240 seconds (3.50 M allocations: 2.170 GiB)
257
  6.902523 seconds (3.27 M allocations: 2.018 GiB)
407
  7.549049 seconds (3.59 M allocations: 2.214 GiB)
757
 32.151494 seconds (4.10 M allocations: 2.520 GiB, 73.09% gc time)
206
 30.308758 seconds (3.26 M allocations: 2.004 GiB, 77.53% gc time)
157
 29.365819 seconds (2.54 M allocations: 1.617 GiB, 80.02% gc time)
358
 31.307955 seconds (3.94 M allocations: 2.384 GiB, 75.06% gc time)
5
 31.029662 seconds (3.22 M allocations: 2.068 GiB, 75.73% gc time)
607
 30.538064 seconds (2.52 M allocations: 1.740 GiB, 76.95% gc time)
957
 32.820135 seconds (4.33 M allocations: 2.702 GiB, 71.60% gc time)
807
 31.575269 seconds (3.31 M allocations: 2.164 GiB, 74.42% gc time)
  3.052607 seconds (1.19 M allocations: 822.438 MiB)
107
207
 27.877100 seconds (2.12 M allocations: 1.312 GiB, 84.30% gc time)
258
 32.249386 seconds (4.01 M allocations: 2.520 GiB, 72.87% gc time)
657
  4.006932 seconds (2.03 M allocations: 1.246 GiB)
758
 32.489768 seconds (3.98 M allocations: 2.537 GiB, 72.33% gc time)
557
 30.899148 seconds (3.19 M allocations: 2.060 GiB, 76.05% gc time)
707
 32.820930 seconds (4.32 M allocations: 2.709 GiB, 71.60% gc time)
57
 31.490485 seconds (3.61 M allocations: 2.293 GiB, 74.62% gc time)
507
 33.274935 seconds (4.47 M allocations: 2.821 GiB, 70.62% gc time)
457
 34.320360 seconds (5.63 M allocations: 3.393 GiB, 68.47% gc time)
907
 33.098573 seconds (4.46 M allocations: 2.805 GiB, 71.00% gc time)
307
  3.057843 seconds (1.58 M allocations: 987.826 MiB)
658
  4.185481 seconds (2.17 M allocations: 1.323 GiB)
208
  3.649471 seconds (1.79 M allocations: 1.112 GiB)
259
  3.022939 seconds (1.33 M allocations: 876.904 MiB)
708
  5.598822 seconds (3.24 M allocations: 1.906 GiB)
608
 36.393284 seconds (6.06 M allocations: 3.797 GiB, 64.57% gc time)
857
  6.506025 seconds (3.43 M allocations: 2.077 GiB)
808
  6.412310 seconds (3.23 M allocations: 1.988 GiB)
108
  8.792047 seconds (4.42 M allocations: 2.719 GiB)
6
  5.908015 seconds (2.64 M allocations: 1.691 GiB)
58
  7.413862 seconds (3.82 M allocations: 2.334 GiB)
958
  3.505401 seconds (1.34 M allocations: 932.696 MiB)
609
  3.553019 seconds (1.39 M allocations: 959.484 MiB)
260
 35.890407 seconds (6.26 M allocations: 3.843 GiB, 65.48% gc time)
408
  6.830059 seconds (3.07 M allocations: 1.966 GiB)
458
  6.488120 seconds (3.00 M allocations: 1.903 GiB)
308
  3.295577 seconds (1.44 M allocations: 957.040 MiB)
7
  9.183820 seconds (4.24 M allocations: 2.687 GiB)
558
  8.875942 seconds (3.90 M allocations: 2.518 GiB)
908
  3.507417 seconds (1.61 M allocations: 1.021 GiB)
959
 10.317854 seconds (4.54 M allocations: 2.927 GiB)
508
  5.667538 seconds (2.48 M allocations: 1.602 GiB)
109
 15.054156 seconds (7.19 M allocations: 4.503 GiB)
359
  5.432235 seconds (2.45 M allocations: 1.567 GiB)
59
  4.097429 seconds (1.83 M allocations: 1.169 GiB)
459
  5.255114 seconds (2.30 M allocations: 1.483 GiB)
261
  5.654218 seconds (2.63 M allocations: 1.660 GiB)
610
  7.726150 seconds (3.74 M allocations: 2.331 GiB)
809
 10.086879 seconds (4.85 M allocations: 3.029 GiB)
209
 17.509741 seconds (8.69 M allocations: 5.369 GiB)
158
  6.621367 seconds (3.14 M allocations: 1.966 GiB)
409
 14.623275 seconds (7.20 M allocations: 4.458 GiB)
759
  4.714914 seconds (2.32 M allocations: 1.433 GiB)
960
  6.490005 seconds (3.16 M allocations: 1.958 GiB)
309
  6.084249 seconds (2.92 M allocations: 1.817 GiB)
909
  6.699480 seconds (3.23 M allocations: 2.007 GiB)
8
 36.534807 seconds (6.76 M allocations: 4.208 GiB, 61.63% gc time)
659
 35.775969 seconds (6.16 M allocations: 3.882 GiB, 62.94% gc time)
858
 26.313636 seconds (1.64 M allocations: 1.059 GiB, 85.57% gc time)
159
 37.295031 seconds (6.97 M allocations: 4.373 GiB, 60.38% gc time)
709
 29.218481 seconds (3.23 M allocations: 2.009 GiB, 77.06% gc time)
60
 27.816819 seconds (2.51 M allocations: 1.569 GiB, 80.95% gc time)
611
 29.906390 seconds (3.52 M allocations: 2.198 GiB, 75.29% gc time)
110
  3.041355 seconds (1.36 M allocations: 894.189 MiB)
910
 30.984893 seconds (4.22 M allocations: 2.596 GiB, 72.67% gc time)
360
 29.346809 seconds (3.20 M allocations: 2.011 GiB, 76.73% gc time)
810
  4.200355 seconds (1.89 M allocations: 1.213 GiB)
9
  3.214199 seconds (1.52 M allocations: 981.533 MiB)
160
 29.247064 seconds (2.97 M allocations: 1.909 GiB, 76.99% gc time)
310
  3.161607 seconds (1.42 M allocations: 931.863 MiB)
612
  3.472139 seconds (1.42 M allocations: 963.652 MiB)
911
 33.642928 seconds (5.17 M allocations: 3.260 GiB, 66.93% gc time)
460
 36.402820 seconds (6.66 M allocations: 4.154 GiB, 61.86% gc time)
559
  3.031093 seconds (1.26 M allocations: 850.593 MiB)
811
 31.964195 seconds (4.18 M allocations: 2.687 GiB, 70.44% gc time)
760
 34.043206 seconds (5.61 M allocations: 3.485 GiB, 66.14% gc time)
262
  6.038883 seconds (2.87 M allocations: 1.801 GiB)
61
 36.573324 seconds (6.55 M allocations: 4.131 GiB, 61.57% gc time)
 34.820781 seconds (5.61 M allocations: 3.565 GiB, 64.67% gc time)
509
210
  3.094659 seconds (1.32 M allocations: 883.652 MiB)
912
  3.528023 seconds (1.55 M allocations: 1023.582 MiB)
613
 33.470645 seconds (5.23 M allocations: 3.278 GiB, 67.27% gc time)
961
  9.055187 seconds (4.50 M allocations: 2.784 GiB)
859
  3.080123 seconds (1.72 M allocations: 1.022 GiB)
812
  9.051943 seconds (4.55 M allocations: 2.804 GiB)
710
 10.887368 seconds (5.35 M allocations: 3.324 GiB)
660
  3.216979 seconds (1.71 M allocations: 1.037 GiB)
263
  6.035396 seconds (3.34 M allocations: 1.995 GiB)
311
  3.111181 seconds (1.49 M allocations: 958.343 MiB)
211
  3.235710 seconds (1.64 M allocations: 1.013 GiB)
913
  3.404864 seconds (1.54 M allocations: 1011.689 MiB)
962
  6.867525 seconds (3.54 M allocations: 2.166 GiB)
461
 10.788367 seconds (5.41 M allocations: 3.340 GiB)
111
  6.042389 seconds (3.08 M allocations: 1.894 GiB)
62
 10.629689 seconds (5.44 M allocations: 3.336 GiB)
361
 10.068661 seconds (5.17 M allocations: 3.168 GiB)
161
  3.619951 seconds (1.72 M allocations: 1.084 GiB)
264
  3.030548 seconds (1.54 M allocations: 969.013 MiB)
212
  3.079026 seconds (1.50 M allocations: 961.696 MiB)
914
  9.058278 seconds (4.65 M allocations: 2.853 GiB)
761
  3.175697 seconds (1.61 M allocations: 1017.670 MiB)
963
 45.357712 seconds (9.54 M allocations: 5.940 GiB, 56.85% gc time)
410
  9.353325 seconds (2.81 M allocations: 1.786 GiB, 34.93% gc time)
312
  6.995438 seconds (1.37 M allocations: 967.287 MiB, 46.70% gc time)
162
 12.395138 seconds (4.16 M allocations: 2.654 GiB, 26.36% gc time)
  6.519973 seconds (1.21 M allocations: 847.823 MiB, 50.11% gc time)
860
213
  6.917480 seconds (1.49 M allocations: 1006.644 MiB, 47.23% gc time)
915
 12.384385 seconds (4.30 M allocations: 2.709 GiB, 26.38% gc time)
711
 12.352343 seconds (4.26 M allocations: 2.693 GiB, 26.45% gc time)
661
  8.347228 seconds (2.27 M allocations: 1.456 GiB, 39.14% gc time)
265
 10.033467 seconds (3.15 M allocations: 1.990 GiB, 32.56% gc time)
63
  3.610173 seconds (1.61 M allocations: 1.034 GiB)
313
  3.027542 seconds (1.31 M allocations: 875.770 MiB)
214
 16.500850 seconds (6.43 M allocations: 4.015 GiB, 19.80% gc time)
614
 12.373156 seconds (4.21 M allocations: 2.672 GiB, 26.40% gc time)
112
  3.248730 seconds (1.45 M allocations: 957.537 MiB)
916
 16.794172 seconds (6.64 M allocations: 4.133 GiB, 19.45% gc time)
510
  3.046773 seconds (1.31 M allocations: 875.992 MiB)
266
 22.454325 seconds (9.62 M allocations: 5.941 GiB, 14.55% gc time)
10
 12.363187 seconds (4.45 M allocations: 2.769 GiB, 26.42% gc time)
362
  8.162585 seconds (3.73 M allocations: 2.378 GiB)
964
 12.365325 seconds (4.20 M allocations: 2.666 GiB, 26.42% gc time)
762
  5.832109 seconds (2.50 M allocations: 1.633 GiB)
662
  3.880794 seconds (1.94 M allocations: 1.197 GiB)
215
  3.914725 seconds (1.81 M allocations: 1.148 GiB)
615
  9.863535 seconds (4.48 M allocations: 2.861 GiB)
411
  4.968027 seconds (2.13 M allocations: 1.388 GiB)
917
  4.462890 seconds (1.62 M allocations: 1.123 GiB)
11
  6.984559 seconds (3.21 M allocations: 2.041 GiB)
314
  9.098843 seconds (3.94 M allocations: 2.560 GiB)
712
  6.076638 seconds (2.57 M allocations: 1.683 GiB)
113
 25.318517 seconds (10.61 M allocations: 6.644 GiB, 12.90% gc time)
560
  6.035416 seconds (2.54 M allocations: 1.664 GiB)
511
  3.335447 seconds (1.65 M allocations: 1.023 GiB)
663
  6.029587 seconds (2.70 M allocations: 1.729 GiB)
363
  3.798674 seconds (1.91 M allocations: 1.175 GiB)
216
  4.097564 seconds (2.16 M allocations: 1.310 GiB)
616
 12.443866 seconds (6.22 M allocations: 3.841 GiB)
163
  3.461908 seconds (1.90 M allocations: 1.140 GiB)
918
  7.011866 seconds (3.48 M allocations: 2.154 GiB)
965
  3.804759 seconds (2.18 M allocations: 1.289 GiB)
12
 25.434791 seconds (10.86 M allocations: 6.756 GiB, 12.84% gc time)
813
 13.585683 seconds (6.79 M allocations: 4.197 GiB)
861
  4.109802 seconds (1.91 M allocations: 1.207 GiB)
664
 23.866300 seconds (10.11 M allocations: 6.285 GiB, 13.69% gc time)
462
  8.490035 seconds (4.38 M allocations: 2.677 GiB)
763
 13.548772 seconds (6.75 M allocations: 4.173 GiB)
64
  8.517718 seconds (4.12 M allocations: 2.572 GiB)
412
  6.863964 seconds (3.16 M allocations: 2.007 GiB)
114
  7.002183 seconds (2.98 M allocations: 1.949 GiB)
364
  3.285785 seconds (1.41 M allocations: 940.938 MiB)
862
  6.129065 seconds (2.81 M allocations: 1.790 GiB)
617
  3.401093 seconds (1.43 M allocations: 960.552 MiB)
463
  5.290405 seconds (2.48 M allocations: 1.566 GiB)
966
  8.434145 seconds (4.10 M allocations: 2.558 GiB)
315
  3.450546 seconds (1.60 M allocations: 1.015 GiB)
65
  7.216113 seconds (3.38 M allocations: 2.136 GiB)
164
  9.777061 seconds (4.88 M allocations: 3.014 GiB)
713
  7.558163 seconds (3.66 M allocations: 2.284 GiB)
919
  9.809051 seconds (4.73 M allocations: 2.956 GiB)
512
  6.183695 seconds (3.06 M allocations: 1.897 GiB)
814
  8.811755 seconds (4.53 M allocations: 2.774 GiB)
217
  7.036959 seconds (3.81 M allocations: 2.294 GiB)
13
 16.621878 seconds (8.41 M allocations: 5.170 GiB)
267
 10.500879 seconds (5.49 M allocations: 3.343 GiB)
561
  4.240701 seconds (2.52 M allocations: 1.475 GiB)
863
  4.408177 seconds (2.65 M allocations: 1.544 GiB)
365
 11.130541 seconds (3.94 M allocations: 2.380 GiB, 33.36% gc time)
764
  8.416227 seconds (2.32 M allocations: 1.433 GiB, 44.11% gc time)
66
 10.381778 seconds (3.59 M allocations: 2.162 GiB, 35.76% gc time)
413
  7.972097 seconds (1.88 M allocations: 1.206 GiB, 46.57% gc time)
920
  8.078977 seconds (1.97 M allocations: 1.255 GiB, 45.95% gc time)
513
  7.202596 seconds (1.45 M allocations: 975.870 MiB, 51.55% gc time)
562
 10.608095 seconds (3.84 M allocations: 2.284 GiB, 35.00% gc time)
618
 11.569351 seconds (3.81 M allocations: 2.369 GiB, 32.09% gc time)
967
  3.023213 seconds (1.14 M allocations: 799.754 MiB)
414
 10.503066 seconds (2.72 M allocations: 1.815 GiB, 35.35% gc time)
14
 10.713571 seconds (3.09 M allocations: 1.985 GiB, 34.65% gc time)
815
  3.022174 seconds (1.40 M allocations: 905.958 MiB)
921
  3.034974 seconds (1.27 M allocations: 853.794 MiB)
563
  3.205072 seconds (1.45 M allocations: 947.003 MiB)
514
  6.043850 seconds (2.66 M allocations: 1.717 GiB)
765
 14.624705 seconds (5.39 M allocations: 3.334 GiB, 25.39% gc time)
464
 12.748070 seconds (3.92 M allocations: 2.536 GiB, 29.12% gc time)
268
 19.159240 seconds (7.59 M allocations: 4.708 GiB, 19.38% gc time)
665
  6.027498 seconds (2.78 M allocations: 1.764 GiB)
67
  3.026372 seconds (1.40 M allocations: 909.166 MiB)
922
 13.671488 seconds (4.20 M allocations: 2.751 GiB, 27.16% gc time)
864
  4.270757 seconds (1.59 M allocations: 1.097 GiB)
515
  3.026013 seconds (1.19 M allocations: 820.401 MiB)
465
  6.043533 seconds (2.77 M allocations: 1.764 GiB)
968
  5.873550 seconds (2.84 M allocations: 1.776 GiB)
415
  3.029943 seconds (1.13 M allocations: 798.246 MiB)
923
 20.474369 seconds (8.43 M allocations: 5.190 GiB, 18.13% gc time)
115
  6.932452 seconds (3.25 M allocations: 2.053 GiB)
15
 18.362493 seconds (6.52 M allocations: 4.186 GiB, 20.22% gc time)
218
 19.085767 seconds (7.24 M allocations: 4.556 GiB, 19.45% gc time)
714
  3.414217 seconds (1.38 M allocations: 942.742 MiB)
466
 20.526454 seconds (8.04 M allocations: 5.034 GiB, 18.09% gc time)
165
  7.758240 seconds (3.40 M allocations: 2.201 GiB)
766
  3.604791 seconds (1.48 M allocations: 1004.359 MiB)
924
  7.477189 seconds (3.17 M allocations: 2.074 GiB)
68
 12.782214 seconds (5.60 M allocations: 3.622 GiB)
619
 10.741844 seconds (4.88 M allocations: 3.115 GiB)
816
 19.688210 seconds (7.16 M allocations: 4.590 GiB, 18.86% gc time)
  3.585554 seconds (1.53 M allocations: 1023.269 MiB)
366
16
  7.939102 seconds (3.76 M allocations: 2.366 GiB)
269
  3.271925 seconds (1.94 M allocations: 1.133 GiB)
219
 23.768153 seconds (10.16 M allocations: 6.239 GiB, 15.62% gc time)
316
  6.291803 seconds (3.28 M allocations: 1.995 GiB)
969
  6.159871 seconds (3.34 M allocations: 2.009 GiB)
416
  4.677439 seconds (2.46 M allocations: 1.491 GiB)
467
  9.149664 seconds (4.61 M allocations: 2.841 GiB)
865
 14.283926 seconds (6.50 M allocations: 4.146 GiB)
564
  4.046980 seconds (1.49 M allocations: 1.030 GiB)
17
  7.171164 seconds (3.48 M allocations: 2.168 GiB)
715
  5.780324 seconds (2.71 M allocations: 1.707 GiB)
925
  8.184679 seconds (2.23 M allocations: 1.487 GiB, 32.09% gc time)
620
 13.961666 seconds (5.40 M allocations: 3.387 GiB, 18.81% gc time)
516
  8.712719 seconds (2.84 M allocations: 1.793 GiB, 30.14% gc time)
367
 10.464272 seconds (3.89 M allocations: 2.407 GiB, 25.10% gc time)
  8.486386 seconds (2.54 M allocations: 1.646 GiB, 30.95% gc time)
166
270
  9.061863 seconds (2.86 M allocations: 1.839 GiB, 28.98% gc time)
 11.063838 seconds (4.24 M allocations: 2.613 GiB, 23.74% gc time)
  9.612773 seconds (3.17 M allocations: 2.024 GiB, 27.32% gc time)
767
220
817
  6.057049 seconds (1.94 M allocations: 1.150 GiB, 43.36% gc time)
18
  9.036336 seconds (2.99 M allocations: 1.889 GiB, 29.06% gc time)
317
 18.872833 seconds (7.98 M allocations: 4.954 GiB, 13.91% gc time)
666
  3.027705 seconds (1.80 M allocations: 1.054 GiB)
926
  3.709350 seconds (2.03 M allocations: 1.217 GiB)
621
 12.656620 seconds (5.27 M allocations: 3.200 GiB, 20.75% gc time)
69
  3.417743 seconds (1.71 M allocations: 1.055 GiB)
167
  9.584927 seconds (3.57 M allocations: 2.185 GiB, 27.40% gc time)
866
  8.688913 seconds (3.20 M allocations: 1.943 GiB, 30.22% gc time)
716
  3.600261 seconds (1.80 M allocations: 1.110 GiB)
768
  3.676068 seconds (1.74 M allocations: 1.095 GiB)
19
  3.030807 seconds (1.46 M allocations: 936.116 MiB)
927
 19.177375 seconds (8.29 M allocations: 5.119 GiB, 13.69% gc time)
116
  6.187138 seconds (3.08 M allocations: 1.906 GiB)
271
  6.040686 seconds (2.90 M allocations: 1.816 GiB)
818
 14.642585 seconds (5.73 M allocations: 3.596 GiB, 17.93% gc time)
417
  3.284920 seconds (1.31 M allocations: 900.655 MiB)
769
  5.041349 seconds (2.38 M allocations: 1.502 GiB)
622
  3.366351 seconds (1.45 M allocations: 968.710 MiB)
20
  4.817034 seconds (2.18 M allocations: 1.394 GiB)
70
  3.711406 seconds (1.64 M allocations: 1.058 GiB)
928
 17.693929 seconds (7.15 M allocations: 4.496 GiB, 14.84% gc time)
970
  6.742275 seconds (3.08 M allocations: 1.962 GiB)
  6.302920 seconds (2.81 M allocations: 1.806 GiB)
168
867
  6.043766 seconds (2.87 M allocations: 1.805 GiB)
717
 17.138408 seconds (7.31 M allocations: 4.503 GiB, 15.32% gc time)
468
  3.231935 seconds (1.56 M allocations: 999.652 MiB)
623
  3.195588 seconds (1.54 M allocations: 987.227 MiB)
21
 16.577520 seconds (7.14 M allocations: 4.377 GiB, 15.84% gc time)
565
 13.192155 seconds (6.63 M allocations: 4.092 GiB)
517
 13.054698 seconds (6.38 M allocations: 3.973 GiB)
368
  6.780590 seconds (3.31 M allocations: 2.062 GiB)
272
  4.438168 seconds (2.17 M allocations: 1.352 GiB)
71
 10.805743 seconds (5.32 M allocations: 3.307 GiB)
667
  6.670359 seconds (3.51 M allocations: 2.131 GiB)
819
  4.821337 seconds (2.60 M allocations: 1.566 GiB)
929
  3.027304 seconds (1.49 M allocations: 946.182 MiB)
22
  6.011607 seconds (2.83 M allocations: 1.785 GiB)
971
  3.109315 seconds (1.36 M allocations: 902.274 MiB)
369
 10.124799 seconds (4.50 M allocations: 2.895 GiB)
  3.600305 seconds (1.20 M allocations: 885.417 MiB)
418
  3.027509 seconds (624.71 k allocations: 583.963 MiB)
668
23
 10.929300 seconds (3.69 M allocations: 2.380 GiB, 23.21% gc time)
868
 13.720922 seconds (5.19 M allocations: 3.283 GiB, 18.49% gc time)
770
 11.057283 seconds (3.75 M allocations: 2.418 GiB, 22.94% gc time)
718
  6.460035 seconds (1.45 M allocations: 1022.513 MiB, 39.26% gc time)
930
  5.922338 seconds (1.58 M allocations: 1018.281 MiB, 42.83% gc time)
972
 11.344991 seconds (4.16 M allocations: 2.617 GiB, 22.36% gc time)
469
 21.844499 seconds (9.38 M allocations: 5.850 GiB, 11.61% gc time)
221
 10.821408 seconds (3.83 M allocations: 2.426 GiB, 23.44% gc time)
566
 10.495714 seconds (3.74 M allocations: 2.354 GiB, 24.17% gc time)
 10.192311 seconds (3.37 M allocations: 2.170 GiB, 24.89% gc time)
273
518
 21.886901 seconds (9.41 M allocations: 5.865 GiB, 11.59% gc time)
318
 10.342175 seconds (3.54 M allocations: 2.257 GiB, 24.53% gc time)
820
 18.258125 seconds (7.83 M allocations: 4.838 GiB, 13.89% gc time)
117
 14.558333 seconds (5.92 M allocations: 3.673 GiB, 17.42% gc time)
169
  3.960892 seconds (2.39 M allocations: 1.393 GiB)
669
  3.225130 seconds (1.85 M allocations: 1.095 GiB)
931
  3.130716 seconds (1.52 M allocations: 966.215 MiB)
222
  3.157881 seconds (1.39 M allocations: 919.619 MiB)
274
  6.419224 seconds (3.26 M allocations: 2.002 GiB)
869
  3.038619 seconds (1.04 M allocations: 756.514 MiB)
170
  6.430147 seconds (3.10 M allocations: 1.937 GiB)
771
  6.043546 seconds (2.93 M allocations: 1.830 GiB)
470
  3.729699 seconds (1.39 M allocations: 979.217 MiB)
932
  8.021007 seconds (4.24 M allocations: 2.572 GiB)
370
 15.328570 seconds (5.95 M allocations: 3.763 GiB, 16.55% gc time)
72
  4.512761 seconds (2.00 M allocations: 1.287 GiB)
670
  6.940552 seconds (3.56 M allocations: 2.179 GiB)
567
  5.646255 seconds (2.77 M allocations: 1.723 GiB)
319
  6.046024 seconds (3.07 M allocations: 1.886 GiB)
821
  7.230964 seconds (3.63 M allocations: 2.240 GiB)
519
  3.436955 seconds (1.86 M allocations: 1.118 GiB)
171
  3.154231 seconds (1.50 M allocations: 965.657 MiB)
933
  7.713133 seconds (3.33 M allocations: 2.164 GiB)
118
  3.026111 seconds (1.14 M allocations: 799.880 MiB)
320
  3.030063 seconds (865.77 k allocations: 685.387 MiB)
172
  6.044769 seconds (2.62 M allocations: 1.702 GiB)
471
 23.674820 seconds (10.06 M allocations: 6.317 GiB, 10.71% gc time)
624
 14.954212 seconds (7.39 M allocations: 4.584 GiB)
24
  8.735922 seconds (3.94 M allocations: 2.527 GiB)
275
  6.531798 seconds (2.74 M allocations: 1.804 GiB)
671
 14.493606 seconds (6.89 M allocations: 4.328 GiB)
  8.175612 seconds (3.79 M allocations: 2.403 GiB)
973
772
 15.122448 seconds (7.40 M allocations: 4.605 GiB)
719
  4.707922 seconds (2.11 M allocations: 1.353 GiB)
934
  7.668486 seconds (3.55 M allocations: 2.252 GiB)
371
  3.115526 seconds (1.68 M allocations: 1.010 GiB)
472
  9.120703 seconds (4.20 M allocations: 2.669 GiB)
73
  3.087607 seconds (1.79 M allocations: 1.055 GiB)
625
 12.019831 seconds (5.88 M allocations: 3.660 GiB)
223
  3.067500 seconds (1.69 M allocations: 1.012 GiB)
276
 11.826077 seconds (5.90 M allocations: 3.647 GiB)
870
  9.015654 seconds (4.12 M allocations: 2.628 GiB)
  3.645014 seconds (1.95 M allocations: 1.179 GiB)
520
672
  9.895825 seconds (4.61 M allocations: 2.917 GiB)
822
  5.433056 seconds (2.95 M allocations: 1.772 GiB)
25
  3.788402 seconds (1.85 M allocations: 1.156 GiB)
720
 20.890282 seconds (10.70 M allocations: 6.559 GiB)
419
  3.025958 seconds (1.47 M allocations: 937.094 MiB)
277
  9.215359 seconds (4.71 M allocations: 2.891 GiB)
119
  8.347060 seconds (4.51 M allocations: 2.718 GiB)
321
  6.171795 seconds (3.37 M allocations: 2.026 GiB)
974
  6.267568 seconds (3.51 M allocations: 2.092 GiB)
773
 12.969693 seconds (6.53 M allocations: 4.024 GiB)
568
 10.619796 seconds (5.36 M allocations: 3.300 GiB)
173
  3.788254 seconds (1.54 M allocations: 1.025 GiB)
26
  8.657007 seconds (4.16 M allocations: 2.606 GiB)
935
 16.318948 seconds (1.10 M allocations: 795.437 MiB, 80.46% gc time)
975
 20.865310 seconds (3.34 M allocations: 2.171 GiB, 62.93% gc time) 16.606340 seconds (1.06 M allocations: 812.775 MiB, 79.07% gc time)
 22.070818 seconds (4.18 M allocations: 2.643 GiB, 59.49% gc time)

224
372
774
 19.453905 seconds (2.70 M allocations: 1.762 GiB, 67.49% gc time)
823
 20.489750 seconds (3.68 M allocations: 2.268 GiB, 64.08% gc time)
871
 22.657261 seconds (4.90 M allocations: 2.996 GiB, 57.95% gc time)
473
 21.435749 seconds (3.94 M allocations: 2.472 GiB, 61.25% gc time)
673
 22.630709 seconds (4.53 M allocations: 2.842 GiB, 58.02% gc time)
626
 16.213169 seconds (1.63 M allocations: 1006.899 MiB, 80.99% gc time)
27
 24.657603 seconds (5.65 M allocations: 3.511 GiB, 53.25% gc time)
74
  3.276754 seconds (1.49 M allocations: 973.035 MiB)
225
 22.898505 seconds (4.52 M allocations: 2.864 GiB, 57.34% gc time)
721
 21.203698 seconds (3.37 M allocations: 2.216 GiB, 61.92% gc time)
569
 22.894910 seconds (4.55 M allocations: 2.874 GiB, 57.35% gc time)
420
  3.597675 seconds (1.50 M allocations: 1013.323 MiB)
474
 22.681759 seconds (4.39 M allocations: 2.787 GiB, 57.89% gc time)
  4.774193 seconds (2.36 M allocations: 1.464 GiB)
278
373
  3.075128 seconds (1.28 M allocations: 864.215 MiB)
627
  3.513005 seconds (1.72 M allocations: 1.070 GiB)
28
  3.037175 seconds (1.53 M allocations: 964.468 MiB)
226
 26.579818 seconds (6.46 M allocations: 4.038 GiB, 49.40% gc time)
521
  7.929316 seconds (4.10 M allocations: 2.501 GiB)
936
 24.763006 seconds (5.56 M allocations: 3.483 GiB, 53.02% gc time)
322
  3.180277 seconds (1.65 M allocations: 1.003 GiB)
421
  3.115081 seconds (1.39 M allocations: 910.831 MiB)
628
  9.059154 seconds (4.06 M allocations: 2.601 GiB)
872
  3.035164 seconds (1.14 M allocations: 800.650 MiB)
227
  4.620506 seconds (1.82 M allocations: 1.224 GiB)
374
  4.523498 seconds (1.90 M allocations: 1.245 GiB)
29
  6.069672 seconds (3.03 M allocations: 1.868 GiB)
570
 25.381350 seconds (6.14 M allocations: 3.782 GiB, 51.73% gc time)
174
  9.057349 seconds (4.25 M allocations: 2.679 GiB)
674
  3.049333 seconds (1.48 M allocations: 946.616 MiB)
422
  3.036527 seconds (1.54 M allocations: 968.019 MiB)
629
  8.045202 seconds (3.47 M allocations: 2.256 GiB)
 11.984079 seconds (5.75 M allocations: 3.603 GiB)
 29.603655 seconds (7.97 M allocations: 4.973 GiB, 44.35% gc time)
279
824
  8.973730 seconds (4.20 M allocations: 2.652 GiB)
120
722
  6.044546 seconds (2.82 M allocations: 1.782 GiB)
937
  3.025852 seconds (1.74 M allocations: 1.027 GiB)
30
  3.024258 seconds (1.36 M allocations: 892.930 MiB)
423
 11.286835 seconds (5.88 M allocations: 3.579 GiB)
75
  5.925390 seconds (2.90 M allocations: 1.802 GiB)
228
  3.024635 seconds (1.41 M allocations: 909.244 MiB)
280
  3.238411 seconds (1.47 M allocations: 959.299 MiB)
630
  3.047675 seconds (1.23 M allocations: 839.739 MiB)
121
  6.602423 seconds (3.15 M allocations: 1.977 GiB)
571
  9.883355 seconds (4.60 M allocations: 2.914 GiB)
323
  7.685979 seconds (3.93 M allocations: 2.412 GiB)
873
 17.405797 seconds (8.58 M allocations: 5.326 GiB)
976
 17.635365 seconds (8.72 M allocations: 5.407 GiB)
775
  9.259319 seconds (4.50 M allocations: 2.807 GiB)
375
  5.481451 seconds (2.36 M allocations: 1.537 GiB)
31
  5.384438 seconds (2.31 M allocations: 1.508 GiB)
424
  3.544224 seconds (1.79 M allocations: 1.103 GiB)
281
  9.123025 seconds (4.40 M allocations: 2.753 GiB)
175
 13.217236 seconds (6.46 M allocations: 4.022 GiB)
522
  7.205895 seconds (3.60 M allocations: 2.224 GiB)
938
  7.799636 seconds (2.36 M allocations: 1.473 GiB, 37.32% gc time)
631
  7.157300 seconds (1.62 M allocations: 1.104 GiB, 40.67% gc time)  9.187722 seconds (2.97 M allocations: 1.868 GiB, 31.68% gc time)
 20.343599 seconds (8.08 M allocations: 5.120 GiB, 14.31% gc time)

475
229
776
 11.790145 seconds (4.13 M allocations: 2.612 GiB, 24.69% gc time)
 13.934653 seconds (5.15 M allocations: 3.254 GiB, 20.89% gc time)
723
675
  8.405686 seconds (2.72 M allocations: 1.683 GiB, 34.63% gc time)
874
  6.061097 seconds (1.48 M allocations: 949.598 MiB, 48.02% gc time)
523
  9.667512 seconds (3.45 M allocations: 2.111 GiB, 30.11% gc time)
572
 14.751661 seconds (5.51 M allocations: 3.483 GiB, 19.73% gc time)
825
  3.186817 seconds (1.02 M allocations: 764.471 MiB)
724
 14.637749 seconds (5.41 M allocations: 3.429 GiB, 19.88% gc time)
76
  3.887669 seconds (1.63 M allocations: 1.067 GiB)
777
  3.120733 seconds (1.15 M allocations: 813.453 MiB)
524
 10.080186 seconds (3.27 M allocations: 2.080 GiB, 28.87% gc time)
282
 12.918720 seconds (4.85 M allocations: 3.025 GiB, 22.53% gc time)
324
 10.220375 seconds (3.37 M allocations: 2.136 GiB, 28.48% gc time)
176
 14.307906 seconds (5.66 M allocations: 3.503 GiB, 20.34% gc time)
122
 13.068065 seconds (4.81 M allocations: 3.026 GiB, 22.27% gc time)
977
 12.161457 seconds (4.64 M allocations: 2.859 GiB, 23.93% gc time)
376
  6.232008 seconds (2.85 M allocations: 1.816 GiB)
632
 12.542413 seconds (4.87 M allocations: 2.992 GiB, 23.21% gc time)
32
  3.140015 seconds (1.85 M allocations: 1.089 GiB)
725
 12.666779 seconds (4.92 M allocations: 3.029 GiB, 22.98% gc time)
425
  3.030051 seconds (1.70 M allocations: 1.013 GiB)
525
  3.047130 seconds (1.54 M allocations: 971.521 MiB)
177
  7.828843 seconds (3.68 M allocations: 2.323 GiB)
875
  9.084885 seconds (4.21 M allocations: 2.669 GiB)
476
  3.063245 seconds (1.39 M allocations: 908.109 MiB)
633
  3.311077 seconds (1.37 M allocations: 924.860 MiB)
726
  8.882453 seconds (4.17 M allocations: 2.634 GiB)
573
  5.046207 seconds (2.38 M allocations: 1.498 GiB)
  7.947560 seconds (4.03 M allocations: 2.481 GiB)
123
  3.051502 seconds (1.27 M allocations: 856.429 MiB)
826
526
  7.049560 seconds (3.40 M allocations: 2.126 GiB)
325
  8.135553 seconds (3.92 M allocations: 2.452 GiB)
283
  9.611014 seconds (4.69 M allocations: 2.922 GiB)
77
  7.563086 seconds (3.37 M allocations: 2.165 GiB)
377
  4.236185 seconds (1.70 M allocations: 1.136 GiB)
634
  3.032768 seconds (1.18 M allocations: 815.169 MiB)
124
  4.884124 seconds (2.35 M allocations: 1.470 GiB)
477
  8.966146 seconds (4.34 M allocations: 2.708 GiB)
978
  3.133214 seconds (1.41 M allocations: 921.189 MiB)
326
 17.255571 seconds (8.27 M allocations: 5.179 GiB)
939
 15.410338 seconds (7.32 M allocations: 4.597 GiB)
676
 15.545758 seconds (7.52 M allocations: 4.693 GiB)
230
  8.690406 seconds (4.27 M allocations: 2.651 GiB)
33
 12.396192 seconds (6.45 M allocations: 3.932 GiB)
778
  3.062872 seconds (1.27 M allocations: 860.622 MiB)
  7.868254 seconds (4.02 M allocations: 2.462 GiB)
  3.556033 seconds (1.69 M allocations: 1.062 GiB)
478
635
178
  7.873549 seconds (3.55 M allocations: 2.272 GiB)
727
  8.907912 seconds (4.38 M allocations: 2.720 GiB)
876
  8.279111 seconds (3.80 M allocations: 2.414 GiB)
527
  6.328470 seconds (3.01 M allocations: 1.889 GiB)
378
  4.826537 seconds (1.96 M allocations: 1.303 GiB)
231
  6.473376 seconds (3.10 M allocations: 1.942 GiB)
125
 14.004344 seconds (6.56 M allocations: 4.135 GiB)
426
 11.124229 seconds (5.31 M allocations: 3.329 GiB)
574
  8.973248 seconds (4.35 M allocations: 2.709 GiB)
284
 11.137126 seconds (5.22 M allocations: 3.292 GiB)
827
  4.447337 seconds (1.81 M allocations: 1.199 GiB)
728
  8.516307 seconds (2.19 M allocations: 1.440 GiB, 37.95% gc time)
636
  8.509662 seconds (2.13 M allocations: 1.417 GiB, 37.98% gc time)
779
 12.440933 seconds (4.35 M allocations: 2.731 GiB, 25.98% gc time)
979
 11.514248 seconds (3.67 M allocations: 2.354 GiB, 28.07% gc time)
940
 12.260690 seconds (4.13 M allocations: 2.621 GiB, 26.36% gc time)
 13.683256 seconds (5.07 M allocations: 3.158 GiB, 23.62% gc time)
677
78
  9.755734 seconds (2.90 M allocations: 1.861 GiB, 33.13% gc time)
877
  8.318498 seconds (2.61 M allocations: 1.594 GiB, 38.86% gc time)
528
 13.408083 seconds (4.86 M allocations: 3.042 GiB, 24.11% gc time)
327
 11.146617 seconds (3.80 M allocations: 2.373 GiB, 29.00% gc time)
479
  8.677242 seconds (2.80 M allocations: 1.709 GiB, 37.25% gc time)
379
 13.580774 seconds (4.92 M allocations: 3.082 GiB, 23.80% gc time)
34
  3.446789 seconds (1.95 M allocations: 1.154 GiB)
637
  8.436242 seconds (2.81 M allocations: 1.685 GiB, 38.31% gc time)
285
 12.504079 seconds (4.59 M allocations: 2.839 GiB, 25.85% gc time)
179
  5.237774 seconds (2.80 M allocations: 1.689 GiB)
729
  9.994161 seconds (3.59 M allocations: 2.170 GiB, 32.34% gc time)
427
  3.029735 seconds (1.51 M allocations: 953.839 MiB)
328
 10.136976 seconds (3.60 M allocations: 2.188 GiB, 31.89% gc time)
828
  3.358937 seconds (1.61 M allocations: 1.007 GiB)
380
  3.831549 seconds (1.73 M allocations: 1.105 GiB)
480
  3.284809 seconds (1.44 M allocations: 954.558 MiB)
286
  6.048958 seconds (3.10 M allocations: 1.900 GiB)
79
  6.263684 seconds (2.97 M allocations: 1.867 GiB)
529
  3.029047 seconds (1.13 M allocations: 798.892 MiB)
329
  3.729109 seconds (1.62 M allocations: 1.052 GiB)
730
  3.105429 seconds (1.21 M allocations: 840.329 MiB)
381
 14.523524 seconds (5.55 M allocations: 3.443 GiB, 22.26% gc time)
575
  3.155309 seconds (1.42 M allocations: 932.128 MiB)
481
  9.849507 seconds (4.99 M allocations: 3.070 GiB)
980
  7.276839 seconds (3.38 M allocations: 2.145 GiB)
638
  6.041885 seconds (2.89 M allocations: 1.813 GiB)
428
 10.809403 seconds (5.41 M allocations: 3.338 GiB)
941
  5.982149 seconds (2.75 M allocations: 1.748 GiB)
829
  3.806123 seconds (1.82 M allocations: 1.142 GiB)
 11.087873 seconds (5.35 M allocations: 3.343 GiB)
330
878
 11.147328 seconds (5.40 M allocations: 3.370 GiB)
678
  9.798555 seconds (4.79 M allocations: 2.985 GiB)
35
 19.625110 seconds (8.32 M allocations: 5.109 GiB, 16.47% gc time)
232
  6.033828 seconds (3.06 M allocations: 1.880 GiB)
80
 20.224874 seconds (8.62 M allocations: 5.296 GiB, 15.98% gc time)
126
  6.867142 seconds (3.04 M allocations: 1.957 GiB)
731
  3.333075 seconds (1.17 M allocations: 845.045 MiB)
331
  3.134303 seconds (879.76 k allocations: 701.097 MiB)
81
 16.946553 seconds (8.15 M allocations: 5.099 GiB)
780
  3.763933 seconds (1.42 M allocations: 995.803 MiB)
36
  9.197616 seconds (4.22 M allocations: 2.688 GiB)
530
  5.924534 seconds (2.55 M allocations: 1.660 GiB)
830
  8.027190 seconds (3.79 M allocations: 2.388 GiB)
576
  8.431676 seconds (4.12 M allocations: 2.566 GiB)
382
  7.377193 seconds (3.45 M allocations: 2.183 GiB)
429
 13.939130 seconds (6.80 M allocations: 4.236 GiB)
180
  7.827988 seconds (3.79 M allocations: 2.367 GiB)
639
 11.235947 seconds (5.64 M allocations: 3.480 GiB)
287
  8.260269 seconds (4.35 M allocations: 2.639 GiB)
981
  8.358237 seconds (4.16 M allocations: 2.571 GiB)
942
  6.905207 seconds (3.23 M allocations: 2.038 GiB)
233
 10.973899 seconds (5.43 M allocations: 3.365 GiB)
482
  3.029671 seconds (1.27 M allocations: 853.630 MiB)
181
  8.593654 seconds (4.11 M allocations: 2.575 GiB)
679
  7.680439 seconds (3.72 M allocations: 2.321 GiB)
127
  4.431110 seconds (2.31 M allocations: 1.405 GiB)
831
  4.816433 seconds (2.04 M allocations: 1.336 GiB)
430
 11.079146 seconds (5.25 M allocations: 3.302 GiB)
879
  5.952831 seconds (2.91 M allocations: 1.811 GiB)
577
  3.567162 seconds (1.48 M allocations: 1001.957 MiB)
483
  8.013698 seconds (3.72 M allocations: 2.358 GiB)
531
  7.171827 seconds (2.86 M allocations: 1.918 GiB)
288
  8.648421 seconds (4.16 M allocations: 2.603 GiB)
37
  9.387923 seconds (4.63 M allocations: 2.871 GiB)
82
  6.306879 seconds (2.61 M allocations: 1.727 GiB)
943
 10.226888 seconds (5.20 M allocations: 3.194 GiB)
332
  9.617670 seconds (2.59 M allocations: 1.678 GiB, 37.72% gc time)
182
 12.387245 seconds (3.68 M allocations: 2.415 GiB, 29.28% gc time)
982
 14.879762 seconds (5.46 M allocations: 3.404 GiB, 24.38% gc time)
781
 11.715800 seconds (3.51 M allocations: 2.277 GiB, 30.96% gc time)
234
  7.299204 seconds (1.79 M allocations: 1.111 GiB, 49.70% gc time)
484
 14.189539 seconds (4.93 M allocations: 3.115 GiB, 25.56% gc time)
383
 11.017845 seconds (3.47 M allocations: 2.190 GiB, 32.92% gc time)
680
 16.882459 seconds (6.94 M allocations: 4.221 GiB, 21.49% gc time)
732
  6.683289 seconds (1.63 M allocations: 1007.557 MiB, 54.28% gc time)
83
 10.503452 seconds (3.33 M allocations: 2.078 GiB, 34.54% gc time)
880
  3.023759 seconds (1.26 M allocations: 851.386 MiB)
782
  3.171792 seconds (1.36 M allocations: 910.277 MiB)
235
 11.203997 seconds (3.58 M allocations: 2.255 GiB, 32.38% gc time)
  3.076371 seconds (1.31 M allocations: 879.302 MiB)
578
485
  3.026120 seconds (1.17 M allocations: 810.608 MiB)
84
 17.616773 seconds (6.46 M allocations: 4.098 GiB, 20.59% gc time)
640
 13.837593 seconds (4.88 M allocations: 3.059 GiB, 26.21% gc time)
431
 15.162817 seconds (5.37 M allocations: 3.397 GiB, 23.92% gc time)
128
  6.058204 seconds (2.99 M allocations: 1.858 GiB)
983
  3.270298 seconds (1.57 M allocations: 1004.748 MiB)
783
 15.763843 seconds (5.78 M allocations: 3.628 GiB, 23.01% gc time)
832
  6.037440 seconds (2.85 M allocations: 1.793 GiB)
384
  6.053117 seconds (2.89 M allocations: 1.812 GiB)
681
  3.156352 seconds (1.56 M allocations: 990.597 MiB)
85
  4.308378 seconds (2.06 M allocations: 1.292 GiB)
236
 14.402769 seconds (5.63 M allocations: 3.421 GiB, 25.19% gc time)
532
 14.501570 seconds (5.57 M allocations: 3.407 GiB, 25.01% gc time)
38
  3.094063 seconds (1.69 M allocations: 1.011 GiB)
432
 10.879290 seconds (5.35 M allocations: 3.324 GiB)
944
 15.405108 seconds (6.04 M allocations: 3.695 GiB, 23.55% gc time)
289
  3.808271 seconds (2.05 M allocations: 1.234 GiB)
129
  7.459305 seconds (3.91 M allocations: 2.379 GiB)
881
 11.675645 seconds (5.98 M allocations: 3.667 GiB)
333
  7.085801 seconds (3.74 M allocations: 2.272 GiB)
486
  3.242874 seconds (1.84 M allocations: 1.092 GiB)
86
  3.026297 seconds (1.72 M allocations: 1.020 GiB)
237
  3.027968 seconds (1.74 M allocations: 1.028 GiB)
533
  3.025867 seconds (1.34 M allocations: 881.468 MiB)
130
  6.036719 seconds (3.03 M allocations: 1.870 GiB)
385
  6.033741 seconds (3.02 M allocations: 1.864 GiB)
682
  3.491422 seconds (1.41 M allocations: 963.446 MiB)
334
  3.022102 seconds (1.17 M allocations: 811.293 MiB)
87
 12.760779 seconds (6.32 M allocations: 3.917 GiB)
733
  3.025515 seconds (1.20 M allocations: 827.384 MiB)
238
  8.543134 seconds (4.34 M allocations: 2.668 GiB)
833
  3.112411 seconds (1.42 M allocations: 928.225 MiB)
131
 10.275583 seconds (5.19 M allocations: 3.199 GiB)
984
 12.537839 seconds (6.31 M allocations: 3.892 GiB)
579
  5.250471 seconds (2.28 M allocations: 1.483 GiB)
534
  3.028641 seconds (1.22 M allocations: 836.095 MiB)
734
  8.777153 seconds (4.18 M allocations: 2.627 GiB)
945
  9.607939 seconds (4.60 M allocations: 2.888 GiB)
  8.148743 seconds (3.67 M allocations: 2.354 GiB)
39
882
  8.948537 seconds (4.24 M allocations: 2.670 GiB)
290
  6.049773 seconds (2.84 M allocations: 1.796 GiB)
386
  6.039385 seconds (2.84 M allocations: 1.797 GiB)
683
  4.284331 seconds (2.00 M allocations: 1.268 GiB)
132
  3.526130 seconds (1.50 M allocations: 1005.988 MiB)
535
 20.928665 seconds (10.60 M allocations: 6.526 GiB)
183
 10.445263 seconds (4.90 M allocations: 3.099 GiB)
487
 12.554860 seconds (6.05 M allocations: 3.791 GiB)
433
 16.956796 seconds (8.59 M allocations: 5.288 GiB)
641
  8.462868 seconds (4.07 M allocations: 2.555 GiB)
335
  6.013790 seconds (2.82 M allocations: 1.787 GiB)
580
  6.196163 seconds (3.03 M allocations: 1.890 GiB)
985
  8.084417 seconds (3.93 M allocations: 2.454 GiB)
834
  6.204507 seconds (3.10 M allocations: 1.919 GiB)
735
  7.405160 seconds (3.28 M allocations: 2.117 GiB)
946
  5.333004 seconds (2.14 M allocations: 1.434 GiB)
536
  7.355851 seconds (3.18 M allocations: 2.071 GiB)
40
  6.942313 seconds (2.93 M allocations: 1.922 GiB)
387
  7.512289 seconds (3.33 M allocations: 2.150 GiB)
883
 13.573519 seconds (2.73 M allocations: 1.735 GiB, 55.93% gc time)
 14.799006 seconds (3.20 M allocations: 2.057 GiB, 51.29% gc time)
291
133
 19.876393 seconds (5.87 M allocations: 3.682 GiB, 38.19% gc time)
88
 11.670053 seconds (1.93 M allocations: 1.207 GiB, 65.05% gc time)
581
 13.188597 seconds (3.00 M allocations: 1.803 GiB, 57.56% gc time)
184
 28.454068 seconds (10.76 M allocations: 6.579 GiB, 26.68% gc time)
784
 13.581652 seconds (3.05 M allocations: 1.864 GiB, 55.89% gc time)
642
 16.985791 seconds (4.46 M allocations: 2.798 GiB, 44.69% gc time)
684
 13.670710 seconds (2.89 M allocations: 1.809 GiB, 55.53% gc time)
336
 21.708014 seconds (7.03 M allocations: 4.346 GiB, 34.97% gc time)
239
 10.697163 seconds (1.90 M allocations: 1.095 GiB, 70.96% gc time)
537
  3.091837 seconds (1.73 M allocations: 1.028 GiB)
292
 15.057070 seconds (3.68 M allocations: 2.274 GiB, 50.42% gc time)
986
  4.930464 seconds (2.42 M allocations: 1.499 GiB)
884
  3.897551 seconds (1.66 M allocations: 1.085 GiB)
785
  3.096858 seconds (1.01 M allocations: 751.321 MiB)
538
  6.063536 seconds (2.65 M allocations: 1.710 GiB)
89
 16.464259 seconds (4.22 M allocations: 2.644 GiB, 46.11% gc time)
736
 18.600385 seconds (5.39 M allocations: 3.344 GiB, 40.81% gc time)
434
  6.061121 seconds (2.69 M allocations: 1.729 GiB)
185
  3.363324 seconds (1.47 M allocations: 972.622 MiB)
293
 20.181452 seconds (6.28 M allocations: 3.871 GiB, 37.61% gc time)
488
  3.170611 seconds (1.51 M allocations: 970.620 MiB)
885
  6.476389 seconds (2.83 M allocations: 1.831 GiB)
685
  3.146470 seconds (1.52 M allocations: 971.419 MiB)
539
  3.143745 seconds (1.37 M allocations: 906.241 MiB)
737
 20.362408 seconds (6.11 M allocations: 3.824 GiB, 37.28% gc time)
835
  4.841169 seconds (2.31 M allocations: 1.448 GiB)
786
 11.036535 seconds (5.33 M allocations: 3.326 GiB)
388
  8.469603 seconds (3.75 M allocations: 2.414 GiB)
240
  3.028955 seconds (1.27 M allocations: 853.850 MiB)
686
  3.029259 seconds (1.26 M allocations: 850.596 MiB)
540
  9.056613 seconds (3.88 M allocations: 2.528 GiB)
987
  3.477118 seconds (1.42 M allocations: 964.725 MiB)
738
  3.224746 seconds (1.25 M allocations: 869.870 MiB)
836
  6.609202 seconds (2.84 M allocations: 1.851 GiB)
294
 11.256448 seconds (5.08 M allocations: 3.251 GiB)
337
 22.339873 seconds (7.58 M allocations: 4.633 GiB, 33.98% gc time)
947
  7.697079 seconds (3.94 M allocations: 2.414 GiB)
90
  7.696587 seconds (3.72 M allocations: 2.322 GiB)
 22.529426 seconds (7.72 M allocations: 4.711 GiB, 33.69% gc time)
186
41
 15.089001 seconds (7.21 M allocations: 4.522 GiB)
134
  4.271527 seconds (2.13 M allocations: 1.315 GiB)
687
  6.591471 seconds (2.90 M allocations: 1.873 GiB)
787
  3.368347 seconds (1.58 M allocations: 1023.056 MiB)
739
  3.373332 seconds (1.43 M allocations: 960.270 MiB)
948
  3.565634 seconds (1.62 M allocations: 1.033 GiB)
338
 17.189986 seconds (8.14 M allocations: 5.120 GiB)
582
  6.648742 seconds (3.43 M allocations: 2.097 GiB)
389
  6.606785 seconds (3.43 M allocations: 2.091 GiB)
241
 10.412936 seconds (5.29 M allocations: 3.248 GiB)
489
  4.916614 seconds (2.58 M allocations: 1.565 GiB)
295
 17.645703 seconds (8.62 M allocations: 5.364 GiB)
643
  3.093541 seconds (1.58 M allocations: 991.557 MiB)
688
 13.473001 seconds (6.46 M allocations: 4.047 GiB)
435
  3.217807 seconds (1.70 M allocations: 1.032 GiB)
949
  6.304788 seconds (3.00 M allocations: 1.883 GiB)
187
  6.680901 seconds (3.33 M allocations: 2.059 GiB)
91
  4.886850 seconds (1.87 M allocations: 1.274 GiB)
390
  9.880432 seconds (4.59 M allocations: 2.907 GiB)
837
  8.865790 seconds (3.79 M allocations: 2.475 GiB)
42
  3.116343 seconds (1.07 M allocations: 781.465 MiB)
950
  5.203871 seconds (2.11 M allocations: 1.407 GiB)
296
 36.280499 seconds (7.83 M allocations: 4.886 GiB, 55.48% gc time)
886
 27.232068 seconds (3.18 M allocations: 2.040 GiB, 73.92% gc time)
339
 25.299875 seconds (2.29 M allocations: 1.470 GiB, 79.56% gc time)
644
 25.182999 seconds (2.24 M allocations: 1.438 GiB, 79.93% gc time)
436
 26.948252 seconds (2.95 M allocations: 1.913 GiB, 74.69% gc time)
490
 29.033028 seconds (4.35 M allocations: 2.703 GiB, 69.33% gc time)
740
 28.578780 seconds (3.76 M allocations: 2.415 GiB, 70.43% gc time)
242
 31.014320 seconds (5.41 M allocations: 3.341 GiB, 64.90% gc time)
135
 25.824562 seconds (2.48 M allocations: 1.603 GiB, 77.94% gc time)
92
 34.001087 seconds (7.25 M allocations: 4.407 GiB, 59.20% gc time)
541
 26.725218 seconds (3.29 M allocations: 2.024 GiB, 75.32% gc time)
689
 29.781486 seconds (4.69 M allocations: 2.919 GiB, 67.59% gc time)
583
 35.315479 seconds (7.94 M allocations: 4.823 GiB, 57.00% gc time)
988
  3.080512 seconds (1.54 M allocations: 971.727 MiB)
437
  3.047266 seconds (1.21 M allocations: 828.156 MiB)
93
  3.093197 seconds (1.08 M allocations: 782.033 MiB)
542
 26.809965 seconds (3.39 M allocations: 2.074 GiB, 75.08% gc time)
43
  5.751568 seconds (2.75 M allocations: 1.719 GiB)
645
 27.530744 seconds (3.65 M allocations: 2.256 GiB, 73.11% gc time)
838
  6.811656 seconds (3.27 M allocations: 2.041 GiB)
340
  3.174276 seconds (1.29 M allocations: 875.849 MiB)
438
  6.070317 seconds (2.77 M allocations: 1.762 GiB)
741
  6.049638 seconds (2.80 M allocations: 1.773 GiB)
243
  5.701102 seconds (2.50 M allocations: 1.614 GiB)
136
  7.050502 seconds (3.59 M allocations: 2.202 GiB)
491
 36.679290 seconds (8.42 M allocations: 5.163 GiB, 54.88% gc time)
788
  3.504716 seconds (1.91 M allocations: 1.147 GiB)
94
  6.408043 seconds (2.93 M allocations: 1.864 GiB)
584
  3.385379 seconds (1.59 M allocations: 1.006 GiB)
341
  6.878076 seconds (3.15 M allocations: 2.004 GiB)
989
  3.101396 seconds (1.55 M allocations: 983.424 MiB)
439
 32.217335 seconds (5.99 M allocations: 3.703 GiB, 62.48% gc time)
951
  3.116199 seconds (1.37 M allocations: 909.231 MiB)
137
  3.026571 seconds (1.39 M allocations: 904.696 MiB)
789
  6.040352 seconds (3.01 M allocations: 1.865 GiB)
839
 35.963017 seconds (7.64 M allocations: 4.766 GiB, 55.97% gc time)
391
  6.068088 seconds (2.61 M allocations: 1.703 GiB)
742
  6.017635 seconds (2.57 M allocations: 1.679 GiB)
244
 38.157642 seconds (8.42 M allocations: 5.316 GiB, 52.75% gc time)
188
  7.356518 seconds (3.66 M allocations: 2.266 GiB)
646
 12.133853 seconds (5.73 M allocations: 3.607 GiB)
690
  3.288478 seconds (1.71 M allocations: 1.041 GiB)
440
  5.478856 seconds (2.72 M allocations: 1.685 GiB)
95
  9.438172 seconds (4.95 M allocations: 3.011 GiB)
44
  5.513405 seconds (2.95 M allocations: 1.780 GiB)
585
  4.527993 seconds (2.17 M allocations: 1.357 GiB)
790
  7.495645 seconds (3.29 M allocations: 2.127 GiB)
990
 18.879737 seconds (9.09 M allocations: 5.680 GiB)
297
 10.025662 seconds (4.53 M allocations: 2.901 GiB)
492
 18.663311 seconds (9.15 M allocations: 5.684 GiB)
887
  6.235293 seconds (2.96 M allocations: 1.863 GiB)
840
  4.548657 seconds (2.00 M allocations: 1.294 GiB)
691
  8.374027 seconds (3.81 M allocations: 2.431 GiB)
138
  3.333435 seconds (1.45 M allocations: 962.197 MiB)
791
  6.837411 seconds (3.33 M allocations: 2.078 GiB)
743
  6.845505 seconds (3.31 M allocations: 2.069 GiB)
245
  6.586039 seconds (3.09 M allocations: 1.952 GiB)
647
  6.975713 seconds (3.42 M allocations: 2.127 GiB)
189
  3.048034 seconds (1.40 M allocations: 909.236 MiB)
841
 11.816282 seconds (5.75 M allocations: 3.581 GiB)
342
  6.892506 seconds (3.01 M allocations: 1.948 GiB)
586
 16.737562 seconds (8.38 M allocations: 5.172 GiB)
543
  7.498267 seconds (3.50 M allocations: 2.213 GiB)
441
 30.797684 seconds (3.44 M allocations: 2.173 GiB, 75.95% gc time)
45
 28.821056 seconds (3.05 M allocations: 1.808 GiB, 81.16% gc time)
991
 27.476195 seconds (2.14 M allocations: 1.294 GiB, 85.13% gc time)
139
 34.123500 seconds (5.13 M allocations: 3.215 GiB, 68.55% gc time)
392
 33.951388 seconds (4.84 M allocations: 3.073 GiB, 68.90% gc time)
96
 30.612101 seconds (3.56 M allocations: 2.203 GiB, 76.41% gc time)
493
  3.065583 seconds (1.40 M allocations: 911.289 MiB)
587
 30.030064 seconds (3.15 M allocations: 1.973 GiB, 77.89% gc time)
792
  3.211457 seconds (1.07 M allocations: 790.199 MiB)
140
 39.670727 seconds (7.65 M allocations: 4.821 GiB, 58.96% gc time)
  3.029217 seconds (1.13 M allocations: 798.730 MiB)
393
  5.621362 seconds (2.11 M allocations: 1.447 GiB)
46
 33.669136 seconds (4.78 M allocations: 3.019 GiB, 69.48% gc time)
888
  5.895115 seconds (2.29 M allocations: 1.549 GiB)
442
  3.031325 seconds (1.11 M allocations: 786.390 MiB)
588
 33.283846 seconds (4.81 M allocations: 2.989 GiB, 70.28% gc time)
692
  6.068772 seconds (2.56 M allocations: 1.675 GiB)
992
 32.727092 seconds (4.43 M allocations: 2.776 GiB, 71.48% gc time)
744
  3.342924 seconds (1.58 M allocations: 1014.182 MiB)
141
 32.264773 seconds (4.22 M allocations: 2.643 GiB, 72.50% gc time)
842
  3.036555 seconds (1.64 M allocations: 1008.274 MiB)
394
 33.487190 seconds (4.78 M allocations: 2.998 GiB, 69.85% gc time)
190
  3.069145 seconds (1.54 M allocations: 971.060 MiB)
889
  3.078564 seconds (1.52 M allocations: 964.289 MiB)
443
 35.596760 seconds (5.74 M allocations: 3.613 GiB, 65.71% gc time)
648
 38.747801 seconds (7.41 M allocations: 4.623 GiB, 60.37% gc time)
 34.743057 seconds (5.28 M allocations: 3.335 GiB, 67.33% gc time)
298
343
  3.284793 seconds (1.60 M allocations: 1020.063 MiB)
745
  3.450943 seconds (1.73 M allocations: 1.067 GiB)
142
 37.360516 seconds (6.68 M allocations: 4.177 GiB, 62.61% gc time)
  6.069330 seconds (3.20 M allocations: 1.939 GiB)
47
246
  3.583628 seconds (1.73 M allocations: 1.080 GiB)
395
  5.762294 seconds (3.11 M allocations: 1.871 GiB)
589
  6.196482 seconds (3.23 M allocations: 1.966 GiB)
693
  6.054327 seconds (3.17 M allocations: 1.925 GiB)
993
 10.872561 seconds (5.42 M allocations: 3.349 GiB)
494
 11.194880 seconds (5.50 M allocations: 3.413 GiB)
97
  6.065391 seconds (3.18 M allocations: 1.931 GiB)
843
  3.152730 seconds (1.75 M allocations: 1.046 GiB)
746
  3.050747 seconds (1.81 M allocations: 1.059 GiB)
143
 10.757708 seconds (5.69 M allocations: 3.446 GiB)
  3.027097 seconds (1.54 M allocations: 966.856 MiB)
396
793
 16.720471 seconds (7.92 M allocations: 4.978 GiB)
544
  8.687077 seconds (4.14 M allocations: 2.596 GiB)
191
  3.988532 seconds (1.71 M allocations: 1.116 GiB)
994
  5.053800 seconds (2.31 M allocations: 1.470 GiB)
590
  3.903068 seconds (1.82 M allocations: 1.150 GiB)
98
  8.279861 seconds (3.93 M allocations: 2.470 GiB)
344
  4.664833 seconds (1.52 M allocations: 1.105 GiB)
397
 21.716314 seconds (1.72 M allocations: 1.239 GiB, 76.02% gc time)
794
 24.718872 seconds (3.39 M allocations: 2.232 GiB, 66.78% gc time)
694
 19.688814 seconds (911.87 k allocations: 712.555 MiB, 83.84% gc time)
99
 25.942148 seconds (4.12 M allocations: 2.658 GiB, 63.63% gc time)
48
 23.637633 seconds (2.86 M allocations: 1.905 GiB, 69.84% gc time)
844
 28.817253 seconds (5.89 M allocations: 3.682 GiB, 57.28% gc time)
890
 21.892398 seconds (2.42 M allocations: 1.541 GiB, 75.40% gc time)
545
 24.595902 seconds (3.64 M allocations: 2.320 GiB, 67.12% gc time)
495
 29.696084 seconds (6.31 M allocations: 3.948 GiB, 55.59% gc time)
444
 21.451378 seconds (2.16 M allocations: 1.391 GiB, 76.95% gc time)
995
 24.902128 seconds (3.82 M allocations: 2.428 GiB, 66.29% gc time)
144
  3.031501 seconds (1.93 M allocations: 1.105 GiB)
398
 28.676770 seconds (5.77 M allocations: 3.617 GiB, 57.56% gc time)
 26.259102 seconds (4.43 M allocations: 2.818 GiB, 62.86% gc time)
247
  3.471940 seconds (2.01 M allocations: 1.184 GiB)
747
795
 30.393650 seconds (7.29 M allocations: 4.423 GiB, 54.31% gc time)
649
  3.033905 seconds (1.90 M allocations: 1.094 GiB)
49
 22.705859 seconds (3.35 M allocations: 2.009 GiB, 72.70% gc time)
345
 31.195831 seconds (7.46 M allocations: 4.578 GiB, 52.92% gc time)
299
  3.040378 seconds (1.51 M allocations: 956.703 MiB)
145
 25.641082 seconds (4.54 M allocations: 2.800 GiB, 64.38% gc time)
192
 26.472951 seconds (4.73 M allocations: 2.967 GiB, 62.36% gc time)
591
  3.026529 seconds (1.13 M allocations: 794.281 MiB)
650
  3.510017 seconds (1.34 M allocations: 934.529 MiB)
50
  3.100266 seconds (1.28 M allocations: 864.561 MiB)
346
  5.874646 seconds (2.31 M allocations: 1.556 GiB)
796
  4.089531 seconds (1.47 M allocations: 1.024 GiB)
300
  9.070962 seconds (4.40 M allocations: 2.743 GiB)
695
  9.066121 seconds (4.30 M allocations: 2.704 GiB)
845
  9.043800 seconds (4.11 M allocations: 2.623 GiB)
546
  9.056481 seconds (4.06 M allocations: 2.602 GiB)
496
  4.811837 seconds (1.88 M allocations: 1.269 GiB)
146
  9.042151 seconds (4.08 M allocations: 2.612 GiB)
445
  3.466194 seconds (1.49 M allocations: 994.406 MiB)
651
  4.041822 seconds (2.03 M allocations: 1.251 GiB)
592
  3.242438 seconds (1.97 M allocations: 1.145 GiB)
51
  8.458708 seconds (4.10 M allocations: 2.558 GiB)
748
 11.116373 seconds (5.86 M allocations: 3.555 GiB)
891
  9.047616 seconds (4.37 M allocations: 2.732 GiB)
248
 12.555431 seconds (6.48 M allocations: 3.959 GiB)
100
  3.866375 seconds (2.24 M allocations: 1.318 GiB)
797
  3.106964 seconds (1.33 M allocations: 890.749 MiB)
147
  3.130509 seconds (1.37 M allocations: 908.123 MiB)
446
  3.142425 seconds (1.44 M allocations: 940.669 MiB)
  8.624614 seconds (4.27 M allocations: 2.649 GiB)
193
  3.143268 seconds (1.02 M allocations: 763.902 MiB)
101
  6.034308 seconds (2.46 M allocations: 1.636 GiB)
497
  7.476826 seconds (3.53 M allocations: 2.228 GiB)
696
  3.200040 seconds (943.59 k allocations: 736.957 MiB)
447
  3.281492 seconds (1.04 M allocations: 786.598 MiB)
148
  7.121335 seconds (3.17 M allocations: 2.044 GiB)
547
  4.042830 seconds (1.70 M allocations: 1.121 GiB)
798
  6.035941 seconds (2.67 M allocations: 1.726 GiB)
749
 16.700613 seconds (8.19 M allocations: 5.095 GiB)
996
 16.453139 seconds (8.02 M allocations: 5.000 GiB)
399
  7.697227 seconds (3.60 M allocations: 2.277 GiB)
 11.734789 seconds (5.69 M allocations: 3.556 GiB)
347
  5.821676 seconds (2.37 M allocations: 1.579 GiB)
194
  7.978160 seconds (3.55 M allocations: 2.289 GiB)
249
  3.823475 seconds (1.96 M allocations: 1.203 GiB)
498
  3.022939 seconds (1.30 M allocations: 866.700 MiB)
750
  3.135461 seconds (1.29 M allocations: 875.759 MiB)
997
  5.210403 seconds (2.81 M allocations: 1.699 GiB)
 11.360825 seconds (5.10 M allocations: 3.275 GiB)
593
  3.046601 seconds (1.27 M allocations: 859.290 MiB)
348
  5.583738 seconds (2.56 M allocations: 1.633 GiB)
448
  5.803799 seconds (2.56 M allocations: 1.653 GiB)
548
 14.451097 seconds (6.92 M allocations: 4.344 GiB)
  3.021509 seconds (1.14 M allocations: 800.508 MiB)
751
846
  6.982005 seconds (3.35 M allocations: 2.102 GiB)
149
  7.128510 seconds (1.48 M allocations: 992.746 MiB, 50.58% gc time)
998
 19.363959 seconds (7.65 M allocations: 4.775 GiB, 18.62% gc time)
301
  9.178008 seconds (2.59 M allocations: 1.640 GiB, 39.28% gc time)
195
  6.676433 seconds (1.40 M allocations: 911.658 MiB, 54.00% gc time)
349
 10.919192 seconds (3.40 M allocations: 2.153 GiB, 33.02% gc time)
400
 10.057048 seconds (2.95 M allocations: 1.878 GiB, 35.85% gc time)
499
  6.689877 seconds (1.41 M allocations: 916.675 MiB, 53.89% gc time)
847
  3.025552 seconds (1.38 M allocations: 902.573 MiB)
150
  9.691030 seconds (2.81 M allocations: 1.781 GiB, 37.20% gc time)
594
  3.023072 seconds (1.41 M allocations: 914.746 MiB)
  7.959476 seconds (2.03 M allocations: 1.283 GiB, 45.30% gc time)
 11.617257 seconds (3.64 M allocations: 2.328 GiB, 31.04% gc time)
250
  9.667254 seconds (2.74 M allocations: 1.752 GiB, 37.30% gc time)
449
  9.669613 seconds (2.80 M allocations: 1.779 GiB, 37.29% gc time)
549
  4.047532 seconds (1.70 M allocations: 1.119 GiB)
350
 21.712969 seconds (8.28 M allocations: 5.283 GiB, 16.61% gc time)
892
  4.127628 seconds (1.82 M allocations: 1.177 GiB)
401
 16.687200 seconds (6.03 M allocations: 3.835 GiB, 21.61% gc time)
799
  6.040902 seconds (2.94 M allocations: 1.837 GiB)
  3.345943 seconds (1.59 M allocations: 1.002 GiB)
151
999
  3.716791 seconds (2.00 M allocations: 1.207 GiB)
848
  6.030649 seconds (3.00 M allocations: 1.862 GiB)
196
 18.625636 seconds (7.44 M allocations: 4.614 GiB, 19.36% gc time)
697
  6.043681 seconds (2.94 M allocations: 1.838 GiB)
500
  3.022359 seconds (1.40 M allocations: 911.006 MiB)
  3.024159 seconds (1.27 M allocations: 853.726 MiB)
800
  3.027028 seconds (1.20 M allocations: 825.034 MiB)
  6.041206 seconds (2.80 M allocations: 1.772 GiB)
595
  3.023618 seconds (1.03 M allocations: 747.115 MiB)
849
  6.020285 seconds (2.77 M allocations: 1.738 GiB)
450
  6.051364 seconds (2.74 M allocations: 1.707 GiB)
550
  3.024648 seconds (885.56 k allocations: 614.448 MiB)
801
  6.039388 seconds (2.08 M allocations: 1.401 GiB)
1000
  3.021793 seconds (910.60 k allocations: 623.065 MiB)
850
  6.059820 seconds (2.06 M allocations: 1.369 GiB)
197
  9.929943 seconds (4.04 M allocations: 2.582 GiB)
251
  6.044926 seconds (2.11 M allocations: 1.382 GiB)
501
  8.673673 seconds (3.61 M allocations: 2.273 GiB)
893
  9.951631 seconds (4.18 M allocations: 2.638 GiB)
351
  3.089891 seconds (1.24 M allocations: 820.958 MiB)
  6.036476 seconds (2.12 M allocations: 1.393 GiB)
596
  3.027093 seconds (1.15 M allocations: 784.134 MiB)
851
  5.776912 seconds (2.23 M allocations: 1.430 GiB)
451
  8.902729 seconds (3.48 M allocations: 2.237 GiB)
698
  8.437335 seconds (2.46 M allocations: 1.588 GiB, 26.70% gc time)
551
  5.944111 seconds (1.47 M allocations: 1000.258 MiB, 37.90% gc time)
  8.319859 seconds (2.36 M allocations: 1.566 GiB, 27.08% gc time)
1001
  6.846597 seconds (1.83 M allocations: 1.219 GiB, 32.91% gc time)
  5.430995 seconds (1.27 M allocations: 867.167 MiB, 41.49% gc time)
  5.497098 seconds (1.02 M allocations: 768.661 MiB, 40.99% gc time)
597
  5.516269 seconds (1.04 M allocations: 775.894 MiB, 40.84% gc time)
  5.327054 seconds (991.34 k allocations: 732.066 MiB, 42.29% gc time)
  8.157957 seconds (2.35 M allocations: 1.562 GiB, 27.62% gc time)
198
  5.322981 seconds (979.66 k allocations: 719.112 MiB, 42.33% gc time)
699
  7.057090 seconds (1.97 M allocations: 1.285 GiB, 31.93% gc time)
894
  3.036553 seconds (694.46 k allocations: 494.490 MiB)
598
  3.026841 seconds (691.08 k allocations: 490.794 MiB)
199
  3.032796 seconds (624.42 k allocations: 462.609 MiB)
700
  3.031979 seconds (621.87 k allocations: 462.362 MiB)
895
  5.457737 seconds (1.81 M allocations: 1.152 GiB)
  5.190319 seconds (1.59 M allocations: 1021.692 MiB)
  3.041955 seconds (669.18 k allocations: 466.277 MiB)
599
  3.026697 seconds (663.05 k allocations: 459.570 MiB)
200
  3.026143 seconds (589.69 k allocations: 426.331 MiB)
701
  3.025290 seconds (585.88 k allocations: 425.181 MiB)
896
  3.031607 seconds (637.21 k allocations: 430.671 MiB)
600
  3.015176 seconds (499.03 k allocations: 369.717 MiB)
201
  3.014663 seconds (555.19 k allocations: 389.177 MiB)
  3.062099 seconds (495.15 k allocations: 365.649 MiB)
897
  2.825136 seconds (356.48 k allocations: 263.421 MiB)
  3.085628 seconds (307.61 k allocations: 249.469 MiB)
601
  3.969479 seconds (301.63 k allocations: 242.999 MiB, 22.19% gc time)
898
  3.031589 seconds (250.26 k allocations: 185.725 MiB)
  3.031834 seconds (111.33 k allocations: 123.942 MiB)
899
  3.036013 seconds (57.60 k allocations: 64.160 MiB)
900
  3.038787 seconds (57.60 k allocations: 64.160 MiB)
901
  3.228814 seconds (57.60 k allocations: 64.160 MiB, 5.88% gc time)
