Graph 1 is connected.
Graph 2 is connected.
Graph 3 is connected.
Graph 4 is connected.
Graph 5 is connected.
Graph 6 is connected.
Graph 7 is connected.
Graph 8 is connected.
Graph 9 is connected.
Graph 10 is connected.
Graph 11 is connected.
Matrix 1 normalized.
Matrix 2 normalized.
Matrix 3 normalized.
Matrix 4 normalized.
Matrix 5 normalized.
Matrix 6 normalized.
Matrix 7 normalized.
Matrix 8 normalized.
Matrix 9 normalized.
Matrix 10 normalized.
Matrix 11 normalized.
Number of threads: 20
1902

352
602
52
302102952452


852
652
802
752
152
252
502
402
202

552
702
  7.265731 seconds (1.01 M allocations: 1.034 GiB, 15.39% gc time)
553
  7.929894 seconds (1.21 M allocations: 1.181 GiB, 14.10% gc time, 1.29% compilation time)
703
  8.334762 seconds (1.48 M allocations: 1.335 GiB, 13.41% gc time, 1.23% compilation time)
  8.230043 seconds (1.20 M allocations: 1.210 GiB, 13.58% gc time, 1.25% compilation time)
303
953
 10.591619 seconds (1.63 M allocations: 1.420 GiB, 29.66% gc time, 0.97% compilation time)
103
 11.035251 seconds (2.42 M allocations: 1.757 GiB, 30.62% gc time, 0.93% compilation time)
453
 10.713986 seconds (1.84 M allocations: 1.520 GiB, 29.32% gc time, 0.96% compilation time)
 10.721505 seconds (1.85 M allocations: 1.526 GiB, 29.30% gc time, 0.96% compilation time)
 10.748991 seconds (1.93 M allocations: 1.559 GiB, 29.22% gc time, 0.95% compilation time)
503
2
153
 10.841788 seconds (2.29 M allocations: 1.714 GiB, 28.97% gc time, 0.95% compilation time)
403
 10.862295 seconds (2.23 M allocations: 1.696 GiB, 28.92% gc time, 0.94% compilation time)
353
 10.881313 seconds (2.29 M allocations: 1.722 GiB, 28.87% gc time, 0.94% compilation time)
903
 10.986563 seconds (2.63 M allocations: 1.870 GiB, 28.59% gc time, 0.93% compilation time)
753
 11.083019 seconds (2.83 M allocations: 1.961 GiB, 28.34% gc time, 0.93% compilation time)
653
 11.038533 seconds (2.66 M allocations: 1.889 GiB, 28.46% gc time, 0.93% compilation time)
253
 11.090239 seconds (2.79 M allocations: 1.949 GiB, 28.32% gc time, 0.92% compilation time)
853
 11.157210 seconds (2.95 M allocations: 2.018 GiB, 28.15% gc time, 0.92% compilation time)
803
 11.243439 seconds (3.10 M allocations: 2.088 GiB, 27.94% gc time, 0.91% compilation time)
603
 14.530540 seconds (3.85 M allocations: 2.441 GiB, 40.77% gc time, 0.71% compilation time)
203
 14.710688 seconds (3.88 M allocations: 2.475 GiB, 40.27% gc time, 0.70% compilation time)
53
  8.417802 seconds (2.23 M allocations: 1.486 GiB, 33.06% gc time)
504
  9.933193 seconds (3.40 M allocations: 2.127 GiB, 28.02% gc time)
  9.538798 seconds (2.49 M allocations: 1.710 GiB, 29.18% gc time)
454
954
  6.411629 seconds (1.70 M allocations: 1.357 GiB)
  9.387969 seconds (1.95 M allocations: 1.476 GiB, 29.65% gc time)
254
904
  9.855525 seconds (2.75 M allocations: 1.848 GiB, 28.24% gc time)
154
 10.100931 seconds (2.73 M allocations: 1.865 GiB, 27.56% gc time)
404
 10.735104 seconds (4.10 M allocations: 2.492 GiB, 25.93% gc time)
304
  7.094505 seconds (2.22 M allocations: 1.639 GiB)
854
  7.238597 seconds (2.38 M allocations: 1.719 GiB)
604
  7.306566 seconds (2.51 M allocations: 1.777 GiB)
804
 11.338561 seconds (4.84 M allocations: 2.857 GiB, 24.55% gc time)
554
 10.505643 seconds (3.10 M allocations: 2.057 GiB, 26.49% gc time)
 10.941720 seconds (4.05 M allocations: 2.488 GiB, 25.44% gc time)
754
104
 10.448350 seconds (3.00 M allocations: 2.014 GiB, 26.64% gc time)
654
 11.571471 seconds (5.29 M allocations: 3.064 GiB, 24.05% gc time)
704
 11.542871 seconds (4.85 M allocations: 2.874 GiB, 24.11% gc time)
3
  7.399794 seconds (3.39 M allocations: 2.148 GiB)
  7.430086 seconds (3.40 M allocations: 2.155 GiB)
204
54
 12.438126 seconds (4.72 M allocations: 2.917 GiB, 22.38% gc time)
354
  7.768699 seconds (3.71 M allocations: 2.314 GiB)
505
  6.556025 seconds (2.99 M allocations: 1.895 GiB)
155
  7.813836 seconds (3.70 M allocations: 2.313 GiB)
955
  6.787399 seconds (2.66 M allocations: 1.784 GiB)
305
  7.919914 seconds (3.79 M allocations: 2.359 GiB)
455
  6.644222 seconds (2.21 M allocations: 1.586 GiB)
  6.685136 seconds (2.26 M allocations: 1.609 GiB)
555
755
  8.112940 seconds (4.04 M allocations: 2.481 GiB)
255
  6.480542 seconds (2.26 M allocations: 1.589 GiB)
4
  7.159315 seconds (2.87 M allocations: 1.907 GiB)
105
  7.888249 seconds (4.04 M allocations: 2.458 GiB)
405
  8.491113 seconds (4.57 M allocations: 2.736 GiB)
905
  8.220565 seconds (3.92 M allocations: 2.442 GiB)
605
  7.023775 seconds (2.83 M allocations: 1.876 GiB)
205
  7.922651 seconds (3.41 M allocations: 2.202 GiB)
705
  8.195748 seconds (3.73 M allocations: 2.361 GiB)
805
  8.475144 seconds (3.98 M allocations: 2.487 GiB)
655
  9.077687 seconds (4.74 M allocations: 2.858 GiB)
855
  8.005338 seconds (3.69 M allocations: 2.322 GiB)
55
  8.151747 seconds (3.76 M allocations: 2.360 GiB)
355
  7.633584 seconds (3.65 M allocations: 2.258 GiB)
506
  7.925327 seconds (3.71 M allocations: 2.315 GiB)
156
  6.723111 seconds (2.52 M allocations: 1.704 GiB)
106
  7.480983 seconds (3.39 M allocations: 2.134 GiB)
306
  7.730721 seconds (3.64 M allocations: 2.263 GiB)
956
  7.011755 seconds (2.76 M allocations: 1.836 GiB)
5
  7.880410 seconds (3.85 M allocations: 2.366 GiB)
456
  7.801368 seconds (3.53 M allocations: 2.227 GiB)
756
  8.123870 seconds (3.96 M allocations: 2.433 GiB)
556
  7.382263 seconds (3.23 M allocations: 2.062 GiB)
906
  8.075537 seconds (3.74 M allocations: 2.340 GiB)
256
  7.934231 seconds (3.73 M allocations: 2.319 GiB)
406
  7.333309 seconds (3.12 M allocations: 2.015 GiB)
806
  7.990789 seconds (3.66 M allocations: 2.297 GiB)
606
  8.001480 seconds (3.61 M allocations: 2.277 GiB)
706
  8.026041 seconds (3.61 M allocations: 2.281 GiB)
206
  7.767187 seconds (3.51 M allocations: 2.215 GiB)
856
  7.873432 seconds (3.58 M allocations: 2.252 GiB)
656
  7.991839 seconds (3.72 M allocations: 2.321 GiB)
56
  7.616406 seconds (3.66 M allocations: 2.260 GiB)
356
  7.772314 seconds (3.69 M allocations: 2.288 GiB)
507
 26.322443 seconds (3.11 M allocations: 1.985 GiB, 72.70% gc time)
957
 26.796429 seconds (3.66 M allocations: 2.258 GiB, 71.41% gc time)
157
 26.796342 seconds (3.45 M allocations: 2.173 GiB, 71.41% gc time)
307
 27.166067 seconds (3.77 M allocations: 2.341 GiB, 70.44% gc time)
107
 27.084803 seconds (3.60 M allocations: 2.266 GiB, 70.65% gc time)
6
 27.009844 seconds (3.62 M allocations: 2.271 GiB, 70.85% gc time)
457
 26.275916 seconds (3.01 M allocations: 1.951 GiB, 72.83% gc time)
407
 26.664037 seconds (3.26 M allocations: 2.093 GiB, 71.77% gc time)
257
 25.893273 seconds (2.79 M allocations: 1.829 GiB, 73.90% gc time)
707
 26.196969 seconds (2.90 M allocations: 1.907 GiB, 73.05% gc time)
207
 26.758240 seconds (3.38 M allocations: 2.159 GiB, 71.51% gc time)
 27.471945 seconds (3.84 M allocations: 2.414 GiB, 69.66% gc time)
807
907
 28.145482 seconds (4.49 M allocations: 2.749 GiB, 67.99% gc time)
757
 26.365250 seconds (3.13 M allocations: 2.022 GiB, 72.58% gc time)
657
 26.407300 seconds (3.24 M allocations: 2.072 GiB, 72.46% gc time)
57
 28.859890 seconds (4.92 M allocations: 3.002 GiB, 66.31% gc time)
557
 26.243963 seconds (3.28 M allocations: 2.074 GiB, 72.92% gc time)
357
 28.269837 seconds (4.47 M allocations: 2.765 GiB, 67.69% gc time)
607
 27.917945 seconds (4.14 M allocations: 2.595 GiB, 68.54% gc time)
857
  6.184148 seconds (3.29 M allocations: 1.992 GiB)
958
  6.427467 seconds (3.40 M allocations: 2.061 GiB)
158
  6.075416 seconds (3.22 M allocations: 1.953 GiB)
308
  6.055827 seconds (2.82 M allocations: 1.782 GiB)
408
  6.369919 seconds (3.13 M allocations: 1.946 GiB)
458
  6.176097 seconds (2.95 M allocations: 1.849 GiB)
708
  5.868466 seconds (2.72 M allocations: 1.721 GiB)
208
  9.111060 seconds (4.88 M allocations: 2.943 GiB)
508
  6.210606 seconds (2.63 M allocations: 1.720 GiB)
658
  6.078834 seconds (2.66 M allocations: 1.718 GiB)
58
  6.445316 seconds (2.89 M allocations: 1.850 GiB)
758
  6.064578 seconds (2.66 M allocations: 1.716 GiB)
358
  9.095432 seconds (4.88 M allocations: 2.942 GiB)
7
  6.069419 seconds (2.61 M allocations: 1.697 GiB)
858
  9.101944 seconds (4.20 M allocations: 2.662 GiB)
908
  6.052891 seconds (2.80 M allocations: 1.772 GiB)
959
 11.053201 seconds (5.20 M allocations: 3.275 GiB)
258
  6.041621 seconds (2.80 M allocations: 1.774 GiB)
159
  6.411071 seconds (2.99 M allocations: 1.889 GiB)
309
  6.051618 seconds (2.80 M allocations: 1.775 GiB)
459
  6.022035 seconds (2.73 M allocations: 1.741 GiB)
709
  6.052078 seconds (2.74 M allocations: 1.748 GiB)
209
 13.315793 seconds (6.70 M allocations: 4.128 GiB)
108
  6.884527 seconds (3.44 M allocations: 2.121 GiB)
409
 12.514958 seconds (6.07 M allocations: 3.781 GiB)
808
  6.032118 seconds (3.06 M allocations: 1.880 GiB)
659
  5.843030 seconds (2.84 M allocations: 1.769 GiB)
759
  6.112929 seconds (3.11 M allocations: 1.910 GiB)
59
  6.107042 seconds (3.08 M allocations: 1.894 GiB)
359
 12.727228 seconds (6.09 M allocations: 3.811 GiB)
558
  6.147371 seconds (3.03 M allocations: 1.880 GiB)
859
  5.754705 seconds (2.68 M allocations: 1.696 GiB)
960
 12.735863 seconds (5.99 M allocations: 3.772 GiB)
608
  9.763240 seconds (4.58 M allocations: 2.891 GiB)
509
  6.382394 seconds (3.12 M allocations: 1.937 GiB)
160
  5.467148 seconds (2.73 M allocations: 1.684 GiB)
460
  9.744721 seconds (4.50 M allocations: 2.853 GiB)
8
  7.564001 seconds (3.80 M allocations: 2.338 GiB)
259
  7.268128 seconds (3.65 M allocations: 2.249 GiB)
310
  6.543538 seconds (3.30 M allocations: 2.031 GiB)
710
  6.086050 seconds (2.90 M allocations: 1.819 GiB)
809
  9.541835 seconds (4.90 M allocations: 2.997 GiB)
909
  6.391802 seconds (2.99 M allocations: 1.886 GiB)
760
  6.485173 seconds (2.98 M allocations: 1.893 GiB)
60
  7.421151 seconds (3.63 M allocations: 2.259 GiB)
410
  7.104799 seconds (3.45 M allocations: 2.151 GiB)
660
  6.746138 seconds (3.30 M allocations: 2.049 GiB)
360
  9.077541 seconds (4.70 M allocations: 2.863 GiB)
210
  8.993688 seconds (4.59 M allocations: 2.811 GiB)
109
  7.311301 seconds (3.65 M allocations: 2.250 GiB)
559
  6.707598 seconds (3.19 M allocations: 1.999 GiB)
961
 14.665163 seconds (3.30 M allocations: 2.080 GiB, 51.76% gc time)
860
 15.062175 seconds (3.55 M allocations: 2.223 GiB, 50.40% gc time)
510
 14.785239 seconds (3.30 M allocations: 2.094 GiB, 51.34% gc time)
461
 15.405100 seconds (3.83 M allocations: 2.375 GiB, 49.27% gc time)
609
 15.168298 seconds (3.63 M allocations: 2.266 GiB, 50.04% gc time)
161
 14.446177 seconds (3.43 M allocations: 2.111 GiB, 52.54% gc time)
9
 14.978670 seconds (3.48 M allocations: 2.184 GiB, 50.68% gc time)
311
 14.936993 seconds (3.26 M allocations: 2.088 GiB, 50.82% gc time)
910
 13.699534 seconds (2.59 M allocations: 1.691 GiB, 55.41% gc time)
661
 14.625176 seconds (3.34 M allocations: 2.091 GiB, 51.90% gc time)
761
 14.357326 seconds (3.07 M allocations: 1.955 GiB, 52.87% gc time)
61
 14.322930 seconds (3.03 M allocations: 1.938 GiB, 53.00% gc time)
361
 14.243158 seconds (2.94 M allocations: 1.891 GiB, 53.29% gc time)
211
 18.070434 seconds (5.08 M allocations: 3.163 GiB, 42.01% gc time)
260
 17.904818 seconds (4.71 M allocations: 2.994 GiB, 42.39% gc time)
 17.594490 seconds (4.57 M allocations: 2.902 GiB, 43.14% gc time)
711
810
  5.874715 seconds (2.70 M allocations: 1.717 GiB)
560
  6.123028 seconds (3.00 M allocations: 1.863 GiB)
  6.065037 seconds (2.96 M allocations: 1.844 GiB)
962
861
  5.567909 seconds (2.71 M allocations: 1.688 GiB)
162
  6.022904 seconds (3.09 M allocations: 1.893 GiB)
462
  6.061237 seconds (2.94 M allocations: 1.835 GiB)
10
  5.623302 seconds (2.87 M allocations: 1.759 GiB)
312
  6.026243 seconds (2.86 M allocations: 1.798 GiB)
911
  8.410095 seconds (4.11 M allocations: 2.556 GiB)
511
  6.186400 seconds (2.98 M allocations: 1.866 GiB)
662
  6.035887 seconds (2.85 M allocations: 1.796 GiB)
762
  6.047171 seconds (2.93 M allocations: 1.829 GiB)
362
  5.868644 seconds (2.91 M allocations: 1.799 GiB)
212
 22.284131 seconds (6.87 M allocations: 4.334 GiB, 34.06% gc time)
411
  6.141467 seconds (2.87 M allocations: 1.812 GiB)
261
  6.073409 seconds (2.67 M allocations: 1.725 GiB)
561
  6.037166 seconds (2.58 M allocations: 1.684 GiB)
862
  6.062856 seconds (2.64 M allocations: 1.711 GiB)
963
  6.064056 seconds (2.73 M allocations: 1.749 GiB)
163
  6.042120 seconds (2.70 M allocations: 1.736 GiB)
463
  6.058995 seconds (2.81 M allocations: 1.782 GiB)
11
 23.558143 seconds (7.66 M allocations: 4.792 GiB, 32.22% gc time)
110
  6.018961 seconds (2.89 M allocations: 1.812 GiB)
313
  9.141572 seconds (4.48 M allocations: 2.784 GiB)
712
  6.027620 seconds (2.66 M allocations: 1.719 GiB)
763
  6.285079 seconds (2.94 M allocations: 1.856 GiB)
663
 14.511760 seconds (6.98 M allocations: 4.368 GiB)
610
  6.499249 seconds (3.14 M allocations: 1.961 GiB)
512
 13.216455 seconds (6.38 M allocations: 3.988 GiB)
  7.451270 seconds (3.74 M allocations: 2.306 GiB)
62
912
  6.260547 seconds (3.13 M allocations: 1.935 GiB)
213
  6.003633 seconds (3.20 M allocations: 1.935 GiB)
412
  5.753416 seconds (3.13 M allocations: 1.882 GiB)
262
  7.950659 seconds (3.92 M allocations: 2.435 GiB)
363
  6.041937 seconds (3.23 M allocations: 1.953 GiB)
562
  6.102175 seconds (2.99 M allocations: 1.856 GiB)
164
  6.095654 seconds (2.98 M allocations: 1.852 GiB)
464
  6.042538 seconds (3.07 M allocations: 1.882 GiB)
12
  6.042336 seconds (2.93 M allocations: 1.827 GiB)
314
  7.757967 seconds (3.90 M allocations: 2.405 GiB)
964
 14.977736 seconds (7.25 M allocations: 4.528 GiB)
811
  6.043327 seconds (3.06 M allocations: 1.879 GiB)
764
  6.276596 seconds (3.25 M allocations: 1.981 GiB)
713
  6.404457 seconds (3.22 M allocations: 1.984 GiB)
664
  6.060636 seconds (2.96 M allocations: 1.842 GiB)
513
  6.465555 seconds (2.86 M allocations: 1.843 GiB)
214
  6.395704 seconds (2.65 M allocations: 1.748 GiB)
263
  6.659367 seconds (2.92 M allocations: 1.884 GiB)
413
 12.098384 seconds (5.69 M allocations: 3.588 GiB)
863
  9.221519 seconds (4.35 M allocations: 2.740 GiB)
611
 11.135629 seconds (5.27 M allocations: 3.313 GiB)
111
  6.987696 seconds (3.19 M allocations: 2.028 GiB)
563
  6.319197 seconds (2.93 M allocations: 1.853 GiB)
165
  9.143336 seconds (4.40 M allocations: 2.745 GiB)
913
  7.003822 seconds (3.34 M allocations: 2.089 GiB)
465
 20.501856 seconds (4.76 M allocations: 2.997 GiB, 50.32% gc time)
63
 17.531527 seconds (3.39 M allocations: 2.126 GiB, 58.84% gc time)
13
 20.080370 seconds (4.56 M allocations: 2.870 GiB, 51.37% gc time)
364
 18.023276 seconds (3.58 M allocations: 2.253 GiB, 57.24% gc time)
315
 17.609435 seconds (3.51 M allocations: 2.183 GiB, 58.58% gc time)
812
 17.710410 seconds (3.53 M allocations: 2.201 GiB, 58.25% gc time)
765
 17.570383 seconds (3.42 M allocations: 2.144 GiB, 58.71% gc time)
 18.913647 seconds (4.05 M allocations: 2.540 GiB, 54.54% gc time)
714
965
 17.355588 seconds (3.47 M allocations: 2.142 GiB, 59.44% gc time)
514
 17.958024 seconds (3.72 M allocations: 2.308 GiB, 57.45% gc time)
665
 16.714303 seconds (3.29 M allocations: 2.004 GiB, 61.72% gc time)
215
 16.635456 seconds (3.33 M allocations: 2.011 GiB, 62.01% gc time)
264
 16.750266 seconds (3.21 M allocations: 1.977 GiB, 61.59% gc time)
612
 17.496755 seconds (3.66 M allocations: 2.236 GiB, 58.96% gc time)
414
 19.418273 seconds (3.36 M allocations: 2.317 GiB, 53.13% gc time)
 18.811997 seconds (3.33 M allocations: 2.240 GiB, 54.84% gc time)
  8.214363 seconds (2.72 M allocations: 1.959 GiB)
  5.856116 seconds (1.97 M allocations: 1.414 GiB)
64
 18.703314 seconds (3.51 M allocations: 2.300 GiB, 55.16% gc time)  5.505707 seconds (1.51 M allocations: 1.191 GiB)

  5.049364 seconds (1.09 M allocations: 988.575 MiB)
166564

  6.031985 seconds (2.42 M allocations: 1.617 GiB)
 16.850076 seconds (2.87 M allocations: 1.851 GiB, 61.22% gc time)
  5.491507 seconds (1.09 M allocations: 1022.259 MiB)
  5.646748 seconds (1.14 M allocations: 1.035 GiB)
112
 16.653127 seconds (2.71 M allocations: 1.765 GiB, 61.95% gc time)
 19.012448 seconds (3.86 M allocations: 2.477 GiB, 54.26% gc time)
  7.448082 seconds (2.32 M allocations: 1.705 GiB)
813
966
216
  6.393883 seconds (2.27 M allocations: 1.595 GiB)
  5.407572 seconds (1.69 M allocations: 1.251 GiB)
14
666
914
515
466
864
316
365
766
  6.811927 seconds (3.35 M allocations: 2.042 GiB)
715
  4.672685 seconds (3.06 M allocations: 1.697 GiB)
613
  5.922466 seconds (3.52 M allocations: 2.014 GiB)
265
  5.833095 seconds (1.18 M allocations: 1.084 GiB)
767
  6.047967 seconds (1.83 M allocations: 1.373 GiB)
  6.060532 seconds (1.91 M allocations: 1.408 GiB)
467
814
  5.982925 seconds (1.37 M allocations: 1.181 GiB)
516
  6.062977 seconds (1.68 M allocations: 1.317 GiB)
716
  6.316574 seconds (2.35 M allocations: 1.614 GiB)
  6.329753 seconds (2.42 M allocations: 1.643 GiB)
217
15
  6.358064 seconds (2.16 M allocations: 1.540 GiB)
865
  6.031670 seconds (1.98 M allocations: 1.434 GiB)
  6.393370 seconds (2.24 M allocations: 1.579 GiB)
614
967
  6.436733 seconds (2.34 M allocations: 1.624 GiB)
317
  6.593464 seconds (2.79 M allocations: 1.825 GiB)
565
  7.151105 seconds (3.48 M allocations: 2.163 GiB)
113
  9.306847 seconds (3.16 M allocations: 2.259 GiB)
266
 10.490522 seconds (3.76 M allocations: 2.627 GiB)
 10.497125 seconds (3.78 M allocations: 2.638 GiB)
667
915
 10.896127 seconds (4.45 M allocations: 2.950 GiB)
167
  6.157228 seconds (2.71 M allocations: 1.751 GiB)
468
  6.211169 seconds (2.75 M allocations: 1.773 GiB)
815
  6.292622 seconds (2.78 M allocations: 1.794 GiB)
517
  6.498863 seconds (3.12 M allocations: 1.955 GiB)
768
  6.009879 seconds (2.06 M allocations: 1.467 GiB)
  6.281804 seconds (2.74 M allocations: 1.777 GiB)
968
717
  6.262482 seconds (2.69 M allocations: 1.751 GiB)
16
  6.338927 seconds (2.66 M allocations: 1.748 GiB)
615
 13.160195 seconds (6.37 M allocations: 3.970 GiB)
65
 13.345823 seconds (6.18 M allocations: 3.913 GiB)
415
  7.015993 seconds (3.66 M allocations: 2.229 GiB)
218
 13.606809 seconds (6.15 M allocations: 3.928 GiB)
366
  6.370244 seconds (3.06 M allocations: 1.914 GiB)
114
  7.241966 seconds (3.64 M allocations: 2.241 GiB)
  7.052244 seconds (3.40 M allocations: 2.123 GiB)
866
566
  7.323920 seconds (3.71 M allocations: 2.279 GiB)
318
  7.350702 seconds (3.40 M allocations: 2.152 GiB)
916
  7.476844 seconds (3.49 M allocations: 2.204 GiB)
668
  7.358400 seconds (3.53 M allocations: 2.206 GiB)
168
  6.286453 seconds (2.90 M allocations: 1.839 GiB)
518
 14.738906 seconds (3.47 M allocations: 2.167 GiB, 50.96% gc time)
469
 14.415380 seconds (2.84 M allocations: 1.878 GiB, 52.11% gc time)
769
 16.754938 seconds (4.40 M allocations: 2.762 GiB, 44.83% gc time)
267
 14.101138 seconds (2.61 M allocations: 1.753 GiB, 53.27% gc time)
416
 13.778372 seconds (2.32 M allocations: 1.601 GiB, 54.52% gc time)
367
 15.189867 seconds (3.58 M allocations: 2.261 GiB, 49.45% gc time)
718
 14.929948 seconds (3.28 M allocations: 2.112 GiB, 50.31% gc time)
66
 14.527073 seconds (2.72 M allocations: 1.839 GiB, 51.71% gc time)
115
 16.094666 seconds (4.15 M allocations: 2.591 GiB, 46.67% gc time)
969
 15.885743 seconds (3.69 M allocations: 2.381 GiB, 47.29% gc time)
219
 15.550102 seconds (3.17 M allocations: 2.132 GiB, 48.31% gc time)
867
 17.156404 seconds (5.00 M allocations: 3.049 GiB, 43.78% gc time)
816
 15.735336 seconds (3.30 M allocations: 2.205 GiB, 47.74% gc time)
319
 15.860704 seconds (3.39 M allocations: 2.256 GiB, 47.36% gc time)
567
 17.094412 seconds (4.64 M allocations: 2.895 GiB, 43.94% gc time)
616
 17.583967 seconds (5.10 M allocations: 3.135 GiB, 42.72% gc time)
17
 13.573019 seconds (3.41 M allocations: 2.027 GiB, 55.34% gc time)
917
 13.415526 seconds (3.29 M allocations: 1.962 GiB, 55.99% gc time)
169
  6.121416 seconds (3.35 M allocations: 2.010 GiB)
519
  6.059856 seconds (3.10 M allocations: 1.900 GiB)
770
  6.256539 seconds (3.31 M allocations: 2.007 GiB)
470
  6.182476 seconds (3.08 M allocations: 1.907 GiB)
368
  6.202892 seconds (2.96 M allocations: 1.858 GiB)
67
  7.550936 seconds (3.62 M allocations: 2.270 GiB)
268
  6.825647 seconds (3.05 M allocations: 1.959 GiB)
970
  6.641254 seconds (2.95 M allocations: 1.896 GiB)
220
 18.036342 seconds (5.26 M allocations: 3.250 GiB, 41.65% gc time)
669
  9.086937 seconds (4.35 M allocations: 2.728 GiB)
417
  6.869035 seconds (2.90 M allocations: 1.901 GiB)
320
  6.534347 seconds (2.78 M allocations: 1.816 GiB)
617
  6.053303 seconds (2.65 M allocations: 1.712 GiB)
918
  6.122117 seconds (2.55 M allocations: 1.679 GiB)  6.214915 seconds (2.42 M allocations: 1.639 GiB)
  8.813119 seconds (3.59 M allocations: 2.387 GiB)

  9.659072 seconds (4.43 M allocations: 2.818 GiB)
  9.854646 seconds (4.71 M allocations: 2.954 GiB)
817
170
719
116
520
  8.513011 seconds (3.91 M allocations: 2.485 GiB)
18
  6.014201 seconds (3.15 M allocations: 1.914 GiB)
771
  6.109726 seconds (3.17 M allocations: 1.935 GiB)
471
 10.459451 seconds (5.35 M allocations: 3.278 GiB)
868
  6.642621 seconds (3.43 M allocations: 2.096 GiB)
369
  6.385082 seconds (3.39 M allocations: 2.052 GiB)
68
 11.254200 seconds (5.50 M allocations: 3.423 GiB)
568
  6.163262 seconds (3.41 M allocations: 2.039 GiB)
269
  6.515713 seconds (3.54 M allocations: 2.129 GiB)
971
  6.520240 seconds (3.50 M allocations: 2.110 GiB)
221
  6.076949 seconds (3.21 M allocations: 1.947 GiB)
321
  7.783095 seconds (3.87 M allocations: 2.394 GiB)
670
  5.641465 seconds (2.67 M allocations: 1.677 GiB)
171
  6.034600 seconds (2.68 M allocations: 1.721 GiB)
720
  6.270732 seconds (2.84 M allocations: 1.815 GiB)
818
  6.168601 seconds (2.64 M allocations: 1.721 GiB)
772
  6.478388 seconds (2.73 M allocations: 1.792 GiB)
472
  6.115095 seconds (2.54 M allocations: 1.677 GiB)
370
  6.043130 seconds (2.53 M allocations: 1.664 GiB)
69
  6.045913 seconds (2.46 M allocations: 1.635 GiB)
569
  6.048291 seconds (2.46 M allocations: 1.637 GiB)
270
 11.013791 seconds (5.51 M allocations: 3.401 GiB)
418
  9.095541 seconds (4.33 M allocations: 2.719 GiB)
919
  6.054949 seconds (2.81 M allocations: 1.781 GiB)
972
  6.039194 seconds (2.80 M allocations: 1.777 GiB)
222
 11.851065 seconds (5.97 M allocations: 3.680 GiB)
618
  9.138541 seconds (4.26 M allocations: 2.697 GiB)
869
  6.159792 seconds (2.98 M allocations: 1.864 GiB)
322
  6.166331 seconds (2.96 M allocations: 1.854 GiB)
172
  6.190419 seconds (2.96 M allocations: 1.859 GiB)
721
 12.544150 seconds (5.92 M allocations: 3.731 GiB)
117
  6.348729 seconds (3.10 M allocations: 1.931 GiB)
819
 12.825453 seconds (6.12 M allocations: 3.839 GiB)
521
 12.778200 seconds (6.13 M allocations: 3.842 GiB)
19
  6.152326 seconds (3.19 M allocations: 1.948 GiB)
773
  6.806505 seconds (3.45 M allocations: 2.118 GiB)
473
  9.236613 seconds (4.63 M allocations: 2.854 GiB)
671
  6.765129 seconds (3.47 M allocations: 2.123 GiB)
371
  6.726828 seconds (3.54 M allocations: 2.145 GiB)
70
  6.622631 seconds (3.37 M allocations: 2.063 GiB)
  6.761067 seconds (3.49 M allocations: 2.126 GiB)
271
570
 17.170030 seconds (3.25 M allocations: 1.989 GiB, 62.55% gc time)
973
 17.815769 seconds (3.61 M allocations: 2.205 GiB, 60.29% gc time)
920
 17.603263 seconds (3.44 M allocations: 2.113 GiB, 61.02% gc time)
223
 19.003082 seconds (4.14 M allocations: 2.545 GiB, 56.52% gc time)
419
 17.812495 seconds (3.30 M allocations: 2.075 GiB, 60.30% gc time)
870
 18.400287 seconds (3.57 M allocations: 2.245 GiB, 58.37% gc time)
323
 18.809999 seconds (3.86 M allocations: 2.407 GiB, 57.10% gc time)
619
 17.336497 seconds (2.91 M allocations: 1.868 GiB, 61.95% gc time)
820
 17.867694 seconds (3.45 M allocations: 2.143 GiB, 60.11% gc time)
722
 18.861882 seconds (4.04 M allocations: 2.486 GiB, 56.94% gc time)
 17.730320 seconds (3.08 M allocations: 1.980 GiB, 60.58% gc time)
173
20
 17.599552 seconds (3.18 M allocations: 2.008 GiB, 61.03% gc time)
474
 17.037804 seconds (2.74 M allocations: 1.768 GiB, 63.04% gc time)
71
 16.928658 seconds (2.68 M allocations: 1.737 GiB, 63.45% gc time)
272
 20.636422 seconds (4.70 M allocations: 2.944 GiB, 52.05% gc time)
118
  6.243528 seconds (2.63 M allocations: 1.727 GiB)
921
  6.049309 seconds (2.55 M allocations: 1.672 GiB)
224
 21.336579 seconds (4.92 M allocations: 3.107 GiB, 50.34% gc time)
522
  6.041062 seconds (2.56 M allocations: 1.676 GiB)
420
  6.040061 seconds (2.57 M allocations: 1.680 GiB)
871
 21.133777 seconds (4.73 M allocations: 3.013 GiB, 50.82% gc time)
774
  5.880508 seconds (2.91 M allocations: 1.802 GiB)
324
  6.045260 seconds (2.93 M allocations: 1.829 GiB)
620
 21.196980 seconds (5.11 M allocations: 3.172 GiB, 50.67% gc time)
672
 21.597476 seconds (5.24 M allocations: 3.269 GiB, 49.73% gc time)
372
  6.034390 seconds (3.03 M allocations: 1.869 GiB)
821
  6.067498 seconds (3.07 M allocations: 1.887 GiB)
723
 21.378090 seconds (5.08 M allocations: 3.182 GiB, 50.24% gc time)
571
 10.666001 seconds (5.24 M allocations: 3.251 GiB)
974
  6.051020 seconds (3.18 M allocations: 1.929 GiB)
475
  6.048121 seconds (3.17 M allocations: 1.926 GiB)
72
  6.183718 seconds (3.22 M allocations: 1.957 GiB)
273
  7.783051 seconds (4.06 M allocations: 2.469 GiB)
21
  6.072954 seconds (2.61 M allocations: 1.695 GiB)
872
  6.129774 seconds (2.63 M allocations: 1.712 GiB)
775
  6.163172 seconds (2.66 M allocations: 1.729 GiB)
421
  6.035927 seconds (2.80 M allocations: 1.774 GiB)
325
  9.848386 seconds (4.86 M allocations: 3.015 GiB)
174
  6.048707 seconds (2.93 M allocations: 1.829 GiB)
621
  6.033544 seconds (2.54 M allocations: 1.666 GiB)
822
  6.044460 seconds (2.53 M allocations: 1.664 GiB)
724
  9.063754 seconds (4.46 M allocations: 2.769 GiB)
225
  5.897107 seconds (2.50 M allocations: 1.635 GiB)
476
  6.032619 seconds (2.53 M allocations: 1.663 GiB)
73
  8.190937 seconds (3.70 M allocations: 2.363 GiB)
373
  9.051126 seconds (4.19 M allocations: 2.654 GiB)
 11.457453 seconds (5.55 M allocations: 3.462 GiB)
673
922
 11.942658 seconds (5.94 M allocations: 3.668 GiB)
119
  6.935563 seconds (3.07 M allocations: 1.973 GiB)
22
  7.380008 seconds (3.34 M allocations: 2.132 GiB)
274
  5.637486 seconds (2.73 M allocations: 1.700 GiB)
422
 12.226177 seconds (5.88 M allocations: 3.676 GiB)
523
  9.064454 seconds (4.41 M allocations: 2.746 GiB)
975
  6.626023 seconds (3.31 M allocations: 2.043 GiB)
776
  6.321632 seconds (3.11 M allocations: 1.931 GiB)
326
  6.533112 seconds (3.14 M allocations: 1.963 GiB)
622
  7.355724 seconds (3.53 M allocations: 2.211 GiB)
175
  8.054657 seconds (4.11 M allocations: 2.518 GiB)
873
  6.024898 seconds (3.07 M allocations: 1.883 GiB)
226
 12.257610 seconds (5.99 M allocations: 3.726 GiB)
572
  6.470184 seconds (3.41 M allocations: 2.068 GiB)
725
  5.439069 seconds (3.25 M allocations: 1.897 GiB)
477
  6.060384 seconds (3.21 M allocations: 1.947 GiB)
374
  8.349838 seconds (4.24 M allocations: 2.604 GiB)
823
  8.056019 seconds (3.51 M allocations: 2.276 GiB)
  8.052373 seconds (3.51 M allocations: 2.276 GiB)
674
  7.955376 seconds (3.09 M allocations: 2.095 GiB)  7.745151 seconds (2.66 M allocations: 1.889 GiB)

  6.862217 seconds (2.33 M allocations: 1.665 GiB)
  5.987666 seconds (2.12 M allocations: 1.490 GiB)
  5.505262 seconds (1.72 M allocations: 1.275 GiB)
  9.139241 seconds (3.54 M allocations: 2.396 GiB)
  8.404001 seconds (2.80 M allocations: 2.002 GiB)
  5.885680 seconds (1.34 M allocations: 1.143 GiB)
  6.105143 seconds (2.00 M allocations: 1.453 GiB)  5.758762 seconds (1.10 M allocations: 1.019 GiB)
923
  8.359195 seconds (3.25 M allocations: 2.201 GiB)
  7.821506 seconds (2.94 M allocations: 2.016 GiB)
  5.284983 seconds (1.46 M allocations: 1.142 GiB)

  8.985830 seconds (4.06 M allocations: 2.595 GiB)
  5.863744 seconds (1.70 M allocations: 1.299 GiB)
327
777
176
423
976
275
623
227
23
74
874
120
478
573
524
 12.977278 seconds (3.13 M allocations: 1.766 GiB, 59.67% gc time)
375
 14.571334 seconds (3.64 M allocations: 2.141 GiB, 53.14% gc time)
726
 12.918947 seconds (3.23 M allocations: 1.804 GiB, 59.94% gc time)
824
  6.032443 seconds (1.70 M allocations: 1.319 GiB)
  6.022949 seconds (1.59 M allocations: 1.273 GiB)
  6.075585 seconds (1.87 M allocations: 1.392 GiB)
75
875
675
  6.052605 seconds (1.59 M allocations: 1.277 GiB)
  6.047673 seconds (1.54 M allocations: 1.258 GiB)
177
  6.047541 seconds (1.53 M allocations: 1.254 GiB)
977
624
  6.054716 seconds (1.59 M allocations: 1.281 GiB)
  6.036401 seconds (1.55 M allocations: 1.263 GiB)
479
24
  6.105948 seconds (1.94 M allocations: 1.428 GiB)
574
  6.194149 seconds (2.39 M allocations: 1.620 GiB)
525
  6.056438 seconds (2.39 M allocations: 1.607 GiB)
727
  7.041437 seconds (3.24 M allocations: 2.054 GiB)
778
  7.070817 seconds (3.02 M allocations: 1.969 GiB)
328
  7.365941 seconds (2.87 M allocations: 1.937 GiB)
825
  9.870395 seconds (4.15 M allocations: 2.718 GiB)
121
  9.993920 seconds (3.99 M allocations: 2.670 GiB)
228
 10.155506 seconds (4.17 M allocations: 2.761 GiB)
276
  5.640722 seconds (1.97 M allocations: 1.392 GiB)
625
  6.034498 seconds (2.28 M allocations: 1.558 GiB)
178
  6.152909 seconds (2.55 M allocations: 1.681 GiB)
76
  6.187821 seconds (2.56 M allocations: 1.691 GiB)
676
  6.087770 seconds (2.25 M allocations: 1.553 GiB)
575
  6.062628 seconds (2.34 M allocations: 1.589 GiB)
526
  6.181398 seconds (2.53 M allocations: 1.678 GiB)
25
  6.078989 seconds (2.67 M allocations: 1.726 GiB)
728
 13.562508 seconds (6.28 M allocations: 3.975 GiB)
924
 13.620751 seconds (5.92 M allocations: 3.837 GiB)
424
 13.474818 seconds (5.74 M allocations: 3.746 GiB)
376
  9.058577 seconds (4.10 M allocations: 2.617 GiB)
876
  9.065172 seconds (4.00 M allocations: 2.579 GiB)
978
  9.051162 seconds (3.71 M allocations: 2.457 GiB)
779
  9.064585 seconds (3.71 M allocations: 2.459 GiB)
329
 10.812371 seconds (4.80 M allocations: 3.083 GiB)
480
  7.055301 seconds (3.09 M allocations: 1.995 GiB)  5.783220 seconds (2.20 M allocations: 1.500 GiB)
  5.707330 seconds (1.96 M allocations: 1.392 GiB)
  9.056098 seconds (3.79 M allocations: 2.493 GiB)

  6.266546 seconds (2.83 M allocations: 1.810 GiB)  5.760412 seconds (1.95 M allocations: 1.394 GiB)

  5.422865 seconds (2.22 M allocations: 1.470 GiB)
  5.577353 seconds (1.79 M allocations: 1.309 GiB)
  6.950728 seconds (3.19 M allocations: 2.025 GiB)
527
677
77
26
626
277
826
729
229
  8.665063 seconds (4.58 M allocations: 2.773 GiB)
122
  6.511707 seconds (3.99 M allocations: 2.306 GiB)
179
  7.026825 seconds (3.92 M allocations: 2.331 GiB)
576
  7.139003 seconds (3.55 M allocations: 2.193 GiB)
925
  7.239106 seconds (3.51 M allocations: 2.189 GiB)
377
  6.821475 seconds (3.34 M allocations: 2.076 GiB)
877
  6.348515 seconds (3.16 M allocations: 1.952 GiB)
780
  6.302962 seconds (3.14 M allocations: 1.940 GiB)
330
  9.268244 seconds (4.42 M allocations: 2.770 GiB)
425
  8.117088 seconds (4.05 M allocations: 2.503 GiB)
979
  5.439384 seconds (2.14 M allocations: 1.444 GiB)
27
  6.111190 seconds (2.36 M allocations: 1.603 GiB)
627
  6.040014 seconds (2.28 M allocations: 1.563 GiB)
123
  6.279990 seconds (2.76 M allocations: 1.781 GiB)
730
  5.728010 seconds (2.35 M allocations: 1.560 GiB)
577
  7.285567 seconds (3.20 M allocations: 2.068 GiB)
78
  8.485626 seconds (3.45 M allocations: 2.293 GiB)
481
  8.829429 seconds (3.61 M allocations: 2.396 GiB)
  8.793757 seconds (3.55 M allocations: 2.370 GiB)
678
278
  6.598451 seconds (2.89 M allocations: 1.868 GiB)
378
  9.483506 seconds (4.08 M allocations: 2.657 GiB)
230
  9.166636 seconds (3.95 M allocations: 2.569 GiB)
180
  9.851373 seconds (4.41 M allocations: 2.830 GiB)
827
 19.716573 seconds (4.99 M allocations: 3.135 GiB, 46.55% gc time)
528
 17.229731 seconds (3.81 M allocations: 2.396 GiB, 53.27% gc time)
926
 15.698997 seconds (3.28 M allocations: 2.016 GiB, 58.46% gc time)
331
 15.035426 seconds (2.98 M allocations: 1.826 GiB, 61.04% gc time)
980
 15.825421 seconds (3.42 M allocations: 2.087 GiB, 57.99% gc time)
426
 15.424037 seconds (3.22 M allocations: 1.964 GiB, 59.50% gc time)
28
 17.470848 seconds (4.04 M allocations: 2.509 GiB, 52.53% gc time)
781
 15.458979 seconds (3.02 M allocations: 1.883 GiB, 59.37% gc time)
124
 18.398903 seconds (4.67 M allocations: 2.868 GiB, 49.88% gc time)
878
 15.246358 seconds (3.05 M allocations: 1.873 GiB, 60.20% gc time)
79
 15.963901 seconds (3.44 M allocations: 2.108 GiB, 57.49% gc time)
578
 15.443763 seconds (3.23 M allocations: 1.966 GiB, 59.43% gc time)
482
 15.461230 seconds (3.10 M allocations: 1.915 GiB, 59.36% gc time)
679
 15.540324 seconds (3.16 M allocations: 1.949 GiB, 59.06% gc time)
279
  6.285308 seconds (2.89 M allocations: 1.834 GiB)
181
  6.057005 seconds (2.63 M allocations: 1.704 GiB)
927
  6.266727 seconds (2.82 M allocations: 1.803 GiB)
529
  6.052800 seconds (2.76 M allocations: 1.759 GiB)
332
  6.048590 seconds (2.77 M allocations: 1.761 GiB)
981
  6.034422 seconds (2.80 M allocations: 1.774 GiB)
427
 20.334707 seconds (5.57 M allocations: 3.437 GiB, 45.13% gc time)
731
  6.057527 seconds (2.94 M allocations: 1.834 GiB)
29
 21.620854 seconds (6.20 M allocations: 3.825 GiB, 42.45% gc time)
628
  6.043784 seconds (2.92 M allocations: 1.826 GiB)
782
  6.118372 seconds (3.01 M allocations: 1.871 GiB)
125
  6.051438 seconds (2.94 M allocations: 1.832 GiB)
80
  6.069407 seconds (2.94 M allocations: 1.835 GiB)
579
  6.502188 seconds (3.01 M allocations: 1.908 GiB)
483
  5.205192 seconds (2.35 M allocations: 1.504 GiB)  5.764034 seconds (2.05 M allocations: 1.438 GiB)
  6.064996 seconds (2.80 M allocations: 1.779 GiB)

333
182
680
 13.823399 seconds (4.32 M allocations: 2.789 GiB, 28.78% gc time)
879
 26.919170 seconds (6.49 M allocations: 4.079 GiB, 48.87% gc time)
379
 10.434916 seconds (2.86 M allocations: 1.836 GiB, 38.13% gc time)
982
 10.057163 seconds (2.51 M allocations: 1.654 GiB, 39.56% gc time)
30
 28.021923 seconds (7.17 M allocations: 4.473 GiB, 46.95% gc time)
231
 12.472715 seconds (4.15 M allocations: 2.579 GiB, 31.90% gc time)
280
 11.127671 seconds (3.29 M allocations: 2.084 GiB, 35.75% gc time)
428
  9.749276 seconds (2.61 M allocations: 1.662 GiB, 40.81% gc time)
783
 18.826058 seconds (7.35 M allocations: 4.546 GiB, 21.13% gc time)
  9.726720 seconds (2.61 M allocations: 1.661 GiB, 40.90% gc time)
126
828
 12.154383 seconds (4.37 M allocations: 2.635 GiB, 32.73% gc time)
530
 10.250124 seconds (3.30 M allocations: 1.998 GiB, 38.82% gc time)
629
 12.051081 seconds (4.17 M allocations: 2.541 GiB, 33.02% gc time)
732
 10.554276 seconds (3.41 M allocations: 2.073 GiB, 37.70% gc time)
81
 11.407252 seconds (3.54 M allocations: 2.215 GiB, 34.88% gc time)
580
  5.713400 seconds (2.61 M allocations: 1.663 GiB)
380
  6.161939 seconds (3.12 M allocations: 1.916 GiB)
  6.152633 seconds (3.11 M allocations: 1.910 GiB)
183
484
 16.651434 seconds (6.14 M allocations: 3.827 GiB, 23.89% gc time)
928
  6.548290 seconds (3.46 M allocations: 2.097 GiB)
681
  6.462005 seconds (3.21 M allocations: 1.987 GiB)
983
  6.048834 seconds (2.85 M allocations: 1.795 GiB)
281
  5.892100 seconds (2.55 M allocations: 1.657 GiB)
784
  6.035716 seconds (2.65 M allocations: 1.713 GiB)
127
  6.095952 seconds (2.54 M allocations: 1.677 GiB)
630
  8.397825 seconds (4.37 M allocations: 2.663 GiB)
880
  6.035997 seconds (2.62 M allocations: 1.704 GiB)
733
  9.504278 seconds (5.13 M allocations: 3.090 GiB)
334
  8.866705 seconds (4.56 M allocations: 2.789 GiB)
31
  9.072469 seconds (4.15 M allocations: 2.645 GiB)
429
  9.057323 seconds (3.81 M allocations: 2.506 GiB)
531
 10.708571 seconds (4.95 M allocations: 3.143 GiB)
232
  9.053416 seconds (3.72 M allocations: 2.466 GiB)
82
  6.146227 seconds (2.86 M allocations: 1.813 GiB)
485
 10.686676 seconds (4.73 M allocations: 3.048 GiB)
829
  6.321672 seconds (3.07 M allocations: 1.918 GiB)
  6.609256 seconds (3.41 M allocations: 2.086 GiB)
184
381
  6.751982 seconds (3.31 M allocations: 2.059 GiB)
682
  9.060637 seconds (4.44 M allocations: 2.763 GiB)
581
  6.324641 seconds (3.24 M allocations: 1.984 GiB)
984
  6.404173 seconds (3.22 M allocations: 1.983 GiB)
785
  6.329962 seconds (3.16 M allocations: 1.951 GiB)
128
  6.477876 seconds (3.27 M allocations: 2.012 GiB)
631
  7.349641 seconds (3.86 M allocations: 2.345 GiB)
282
  6.366629 seconds (3.12 M allocations: 1.939 GiB)
335
  9.528754 seconds (4.83 M allocations: 2.971 GiB)
929
  7.915947 seconds (3.76 M allocations: 2.361 GiB)
734
  9.025903 seconds (4.11 M allocations: 2.623 GiB)
881
  6.093098 seconds (2.72 M allocations: 1.747 GiB)
486
  8.720797 seconds (4.00 M allocations: 2.545 GiB)
32
  6.281354 seconds (2.71 M allocations: 1.763 GiB)
185
  6.325425 seconds (2.77 M allocations: 1.795 GiB)
382
  9.118054 seconds (4.34 M allocations: 2.727 GiB)
430
  5.795916 seconds (2.34 M allocations: 1.561 GiB)
  6.220391 seconds (2.64 M allocations: 1.729 GiB)
786
985
  9.134693 seconds (4.61 M allocations: 2.839 GiB)
532
  6.880594 seconds (3.32 M allocations: 2.074 GiB)
683
  6.300224 seconds (2.98 M allocations: 1.875 GiB)
129
  6.181970 seconds (2.83 M allocations: 1.802 GiB)
283
  9.355451 seconds (4.84 M allocations: 2.954 GiB)
83
  8.266820 seconds (4.05 M allocations: 2.520 GiB)
582
  7.753809 seconds (3.55 M allocations: 2.263 GiB)
632
  6.138011 seconds (2.95 M allocations: 1.848 GiB)
 10.236171 seconds (4.92 M allocations: 3.082 GiB)
735
830
 11.204707 seconds (5.92 M allocations: 3.590 GiB)
233
  5.627798 seconds (3.03 M allocations: 1.831 GiB)
882
  8.448156 seconds (3.98 M allocations: 2.509 GiB)
930
  6.300893 seconds (3.02 M allocations: 1.892 GiB)
  6.628277 seconds (3.41 M allocations: 2.089 GiB)
186
487
  6.300483 seconds (3.05 M allocations: 1.904 GiB)
383
  9.622043 seconds (4.70 M allocations: 2.927 GiB)
336
 13.251218 seconds (3.12 M allocations: 1.935 GiB, 52.29% gc time)
787
 13.583868 seconds (3.06 M allocations: 1.943 GiB, 51.01% gc time)
684
 13.635330 seconds (3.03 M allocations: 1.938 GiB, 50.82% gc time)
130
 13.237162 seconds (2.86 M allocations: 1.825 GiB, 52.34% gc time)
284
 12.714911 seconds (2.68 M allocations: 1.696 GiB, 54.49% gc time)
84
 15.725628 seconds (4.47 M allocations: 2.747 GiB, 44.06% gc time)
33
 13.147404 seconds (2.69 M allocations: 1.746 GiB, 52.70% gc time)
736
 13.286076 seconds (2.80 M allocations: 1.805 GiB, 52.15% gc time)
831
 15.225241 seconds (3.68 M allocations: 2.366 GiB, 45.51% gc time)
583
 13.919466 seconds (2.94 M allocations: 1.931 GiB, 49.78% gc time)
234
 13.039474 seconds (2.72 M allocations: 1.749 GiB, 53.14% gc time)
931
 15.586533 seconds (4.00 M allocations: 2.539 GiB, 44.45% gc time)
633
 13.029221 seconds (2.68 M allocations: 1.730 GiB, 53.18% gc time)
488
 12.990503 seconds (2.62 M allocations: 1.704 GiB, 53.34% gc time)
384
 19.189264 seconds (5.72 M allocations: 3.621 GiB, 36.11% gc time)
 19.235101 seconds (5.79 M allocations: 3.655 GiB, 36.02% gc time)
986
431
 15.989314 seconds (4.20 M allocations: 2.664 GiB, 43.33% gc time)
883
  6.099482 seconds (2.97 M allocations: 1.852 GiB)
788
 14.294688 seconds (3.48 M allocations: 2.189 GiB, 48.47% gc time)
187
 19.629032 seconds (6.36 M allocations: 3.927 GiB, 35.30% gc time)
533
  5.661405 seconds (2.84 M allocations: 1.752 GiB)
131
  6.035191 seconds (3.05 M allocations: 1.880 GiB)
285
  8.077621 seconds (4.19 M allocations: 2.557 GiB)
337
  6.791489 seconds (3.32 M allocations: 2.068 GiB)
34
  8.334808 seconds (4.22 M allocations: 2.598 GiB)
685
  6.177534 seconds (3.21 M allocations: 1.962 GiB)
737
  8.180978 seconds (4.02 M allocations: 2.501 GiB)
85
  7.147314 seconds (3.64 M allocations: 2.236 GiB)
832
  6.154714 seconds (3.23 M allocations: 1.964 GiB)
932
  4.734634 seconds (2.49 M allocations: 1.511 GiB)
987
  5.867771 seconds (2.85 M allocations: 1.777 GiB)
385
  6.429518 seconds (3.09 M allocations: 1.934 GiB)
489
  6.741418 seconds (3.15 M allocations: 1.989 GiB)
432
  6.066266 seconds (2.48 M allocations: 1.645 GiB)
132
  8.841018 seconds (4.30 M allocations: 2.678 GiB)
634
  9.337245 seconds (4.51 M allocations: 2.819 GiB)
235
 10.311233 seconds (5.19 M allocations: 3.199 GiB)
  6.787311 seconds (2.78 M allocations: 1.842 GiB)
584
338
  7.984896 seconds (3.36 M allocations: 2.203 GiB)
286
  9.218692 seconds (4.14 M allocations: 2.651 GiB)
884
  9.151522 seconds (4.09 M allocations: 2.627 GiB)
188
  6.252810 seconds (2.77 M allocations: 1.782 GiB)
86
  9.852804 seconds (4.67 M allocations: 2.937 GiB)
789
  7.381932 seconds (3.27 M allocations: 2.107 GiB)  7.004665 seconds (3.24 M allocations: 2.056 GiB)

  5.882213 seconds (2.51 M allocations: 1.638 GiB)
  5.497598 seconds (2.18 M allocations: 1.465 GiB)
  5.772695 seconds (2.36 M allocations: 1.565 GiB)
738
686
490
  8.348016 seconds (3.69 M allocations: 2.378 GiB)
386
 10.305522 seconds (4.39 M allocations: 2.867 GiB)
988
35
534
  5.821350 seconds (3.03 M allocations: 1.847 GiB)
133
  8.524766 seconds (4.25 M allocations: 2.625 GiB)
933
  8.840672 seconds (4.46 M allocations: 2.743 GiB)
833
  7.156626 seconds (3.72 M allocations: 2.269 GiB)
433
  5.823076 seconds (3.01 M allocations: 1.839 GiB)
339
  4.651939 seconds (2.45 M allocations: 1.490 GiB)
87
  5.404327 seconds (3.11 M allocations: 1.836 GiB)
287
  6.922033 seconds (3.84 M allocations: 2.292 GiB)
635
  8.113238 seconds (3.92 M allocations: 2.452 GiB)
585
  7.708923 seconds (3.64 M allocations: 2.292 GiB)
885
  7.687227 seconds (3.55 M allocations: 2.255 GiB)
189
  9.820983 seconds (4.85 M allocations: 3.010 GiB)
236
  5.789399 seconds (2.46 M allocations: 1.611 GiB)
989
  6.056363 seconds (2.95 M allocations: 1.840 GiB)
491
  6.047467 seconds (2.80 M allocations: 1.778 GiB)
387
  6.272011 seconds (2.97 M allocations: 1.871 GiB)
535
  6.133828 seconds (2.95 M allocations: 1.850 GiB)
134
 21.801845 seconds (3.65 M allocations: 2.360 GiB, 61.68% gc time)
687
 19.485053 seconds (2.41 M allocations: 1.611 GiB, 69.01% gc time)
88
 19.983881 seconds (2.86 M allocations: 1.848 GiB, 67.29% gc time)
340
 22.213131 seconds (4.05 M allocations: 2.568 GiB, 60.54% gc time)
36
 21.279255 seconds (3.61 M allocations: 2.289 GiB, 63.20% gc time)
834
 22.691974 seconds (4.40 M allocations: 2.759 GiB, 59.26% gc time)
739
 22.605840 seconds (4.32 M allocations: 2.718 GiB, 59.49% gc time)
790
 21.690035 seconds (4.00 M allocations: 2.493 GiB, 62.00% gc time)
934
 20.298087 seconds (3.28 M allocations: 2.052 GiB, 66.25% gc time)
288
 20.980582 seconds (3.56 M allocations: 2.239 GiB, 64.10% gc time)
636
 21.816786 seconds (4.19 M allocations: 2.585 GiB, 61.64% gc time)
434
 20.240221 seconds (3.31 M allocations: 2.062 GiB, 66.44% gc time)
190
 20.178975 seconds (3.14 M allocations: 1.982 GiB, 66.64% gc time)
990
 20.589705 seconds (3.32 M allocations: 2.100 GiB, 65.31% gc time)
237
 20.372204 seconds (3.13 M allocations: 1.999 GiB, 66.01% gc time)
388
 20.377921 seconds (3.20 M allocations: 2.027 GiB, 65.99% gc time)
536
  5.823757 seconds (2.64 M allocations: 1.687 GiB)  6.120584 seconds (2.44 M allocations: 1.639 GiB)  6.087112 seconds (2.41 M allocations: 1.620 GiB)


37
341
89
 22.784819 seconds (4.51 M allocations: 2.817 GiB, 59.02% gc time)
586
  5.621200 seconds (1.96 M allocations: 1.387 GiB)
791
  8.376102 seconds (4.10 M allocations: 2.555 GiB)
135
  6.245100 seconds (2.78 M allocations: 1.787 GiB)
935
 23.291696 seconds (4.85 M allocations: 3.008 GiB, 57.74% gc time)
492
 24.632778 seconds (5.73 M allocations: 3.512 GiB, 54.59% gc time)
886
  6.163418 seconds (2.73 M allocations: 1.760 GiB)
435
  6.773883 seconds (3.12 M allocations: 1.984 GiB)
637
  8.119952 seconds (3.91 M allocations: 2.446 GiB)
740
  9.053983 seconds (4.33 M allocations: 2.717 GiB)
835
  5.829381 seconds (2.83 M allocations: 1.768 GiB)
238
  6.430422 seconds (3.24 M allocations: 1.997 GiB)
991
  6.050753 seconds (3.04 M allocations: 1.877 GiB)
389
 10.920288 seconds (5.61 M allocations: 3.436 GiB)
688
  8.571587 seconds (4.13 M allocations: 2.587 GiB)
191
  6.021699 seconds (2.85 M allocations: 1.792 GiB)
38
  6.161979 seconds (2.88 M allocations: 1.820 GiB)
90
  6.198775 seconds (2.90 M allocations: 1.832 GiB)
792
  6.358583 seconds (3.07 M allocations: 1.919 GiB)
537
  6.624095 seconds (3.42 M allocations: 2.091 GiB)
587
 12.280304 seconds (5.83 M allocations: 3.666 GiB)
289
  7.130158 seconds (3.50 M allocations: 2.176 GiB)
136
  6.044255 seconds (2.86 M allocations: 1.799 GiB)
436
  7.895324 seconds (3.71 M allocations: 2.337 GiB)
936
  9.059324 seconds (4.35 M allocations: 2.723 GiB)
342
  6.246965 seconds (2.81 M allocations: 1.799 GiB)
239
  6.033233 seconds (2.56 M allocations: 1.671 GiB)
  9.265264 seconds (4.18 M allocations: 2.674 GiB)
390
493
  6.347132 seconds (2.97 M allocations: 1.874 GiB)
992
  9.063764 seconds (4.33 M allocations: 2.715 GiB)
887
  9.065342 seconds (4.33 M allocations: 2.714 GiB)
638
  9.045644 seconds (4.31 M allocations: 2.706 GiB)
741
  6.049546 seconds (3.20 M allocations: 1.938 GiB)
192
  6.049258 seconds (3.20 M allocations: 1.937 GiB)
39
  8.988570 seconds (4.53 M allocations: 2.789 GiB)
836
  6.058071 seconds (3.20 M allocations: 1.941 GiB)
91
  6.030779 seconds (3.17 M allocations: 1.925 GiB)
793
  6.612778 seconds (3.41 M allocations: 2.084 GiB)
538
  6.125993 seconds (2.98 M allocations: 1.857 GiB)
437
 10.170956 seconds (4.90 M allocations: 3.066 GiB)
689
  6.123380 seconds (3.05 M allocations: 1.890 GiB)
937
  5.744309 seconds (2.82 M allocations: 1.753 GiB)
240
  5.558470 seconds (2.53 M allocations: 1.617 GiB)
993
  8.649928 seconds (4.00 M allocations: 2.539 GiB)
137
 10.398141 seconds (4.73 M allocations: 3.016 GiB)
588
 10.602177 seconds (4.84 M allocations: 3.083 GiB)
290
  5.985340 seconds (2.66 M allocations: 1.710 GiB)
193
  8.825278 seconds (4.21 M allocations: 2.644 GiB)
343
  8.113654 seconds (3.94 M allocations: 2.459 GiB)
391
  6.153780 seconds (2.56 M allocations: 1.686 GiB)
  8.144242 seconds (3.85 M allocations: 2.428 GiB)
92
494
  6.349367 seconds (2.83 M allocations: 1.818 GiB)
794
  7.250024 seconds (3.48 M allocations: 2.180 GiB)
40
 15.708033 seconds (4.47 M allocations: 2.772 GiB, 42.24% gc time)
888
 13.018567 seconds (2.98 M allocations: 1.879 GiB, 50.97% gc time)
438
 14.686740 seconds (3.61 M allocations: 2.311 GiB, 45.18% gc time)
837
 15.790844 seconds (4.56 M allocations: 2.818 GiB, 42.02% gc time)
639
 13.006823 seconds (3.11 M allocations: 1.932 GiB, 51.01% gc time)
938
 16.854001 seconds (5.04 M allocations: 3.126 GiB, 39.37% gc time)
742
 12.303692 seconds (2.87 M allocations: 1.763 GiB, 53.93% gc time)
138
 12.728600 seconds (3.09 M allocations: 1.895 GiB, 52.13% gc time)
994
 15.714020 seconds (4.31 M allocations: 2.707 GiB, 42.22% gc time)
539
 13.727636 seconds (3.70 M allocations: 2.250 GiB, 48.33% gc time)
241
 12.721465 seconds (2.60 M allocations: 1.693 GiB, 52.16% gc time)
 12.705334 seconds (2.58 M allocations: 1.683 GiB, 52.22% gc time)
93
495
 16.841421 seconds (4.78 M allocations: 3.013 GiB, 39.40% gc time)
690
  5.720370 seconds (1.68 M allocations: 1.280 GiB) 16.414924 seconds (4.17 M allocations: 2.720 GiB, 40.42% gc time)
  5.208085 seconds (1.30 M allocations: 1.073 GiB)

 15.695852 seconds (3.93 M allocations: 2.546 GiB, 42.27% gc time)
 14.937616 seconds (3.58 M allocations: 2.325 GiB, 44.42% gc time)
 15.618479 seconds (3.65 M allocations: 2.423 GiB, 42.48% gc time)
  6.045477 seconds (1.27 M allocations: 1.109 GiB)
  7.343269 seconds (2.22 M allocations: 1.664 GiB)
 12.763280 seconds (2.75 M allocations: 1.759 GiB, 51.99% gc time)
589
838
  5.502701 seconds (1.32 M allocations: 1.107 GiB)
  5.586971 seconds (1.79 M allocations: 1.312 GiB)
743
  7.279645 seconds (2.18 M allocations: 1.642 GiB)
344
  5.698431 seconds (2.10 M allocations: 1.452 GiB)
 12.699988 seconds (2.66 M allocations: 1.717 GiB, 52.25% gc time)
 14.112860 seconds (2.75 M allocations: 1.897 GiB, 47.01% gc time)
439
194
392
139
291
995
795
  7.641200 seconds (2.64 M allocations: 1.874 GiB)
540
939
889
41
640
  3.780391 seconds (785.32 k allocations: 699.827 MiB)
496
  5.398333 seconds (1.79 M allocations: 1.261 GiB)
242
  4.073813 seconds (2.89 M allocations: 1.567 GiB)
94
  6.034894 seconds (2.11 M allocations: 1.481 GiB)
590
  6.021698 seconds (1.82 M allocations: 1.363 GiB)
  6.040011 seconds (1.91 M allocations: 1.405 GiB)
890
541
  6.031690 seconds (1.64 M allocations: 1.293 GiB)
  6.045852 seconds (1.71 M allocations: 1.323 GiB)
497
940
  6.105316 seconds (1.88 M allocations: 1.399 GiB)
  6.030942 seconds (1.48 M allocations: 1.230 GiB)
440
243
  6.004770 seconds (1.36 M allocations: 1.180 GiB)
744
  6.044451 seconds (1.59 M allocations: 1.279 GiB)
292
  6.144505 seconds (2.00 M allocations: 1.455 GiB)
  6.118289 seconds (1.90 M allocations: 1.415 GiB)
140
393
  6.104163 seconds (2.31 M allocations: 1.580 GiB)
95
  9.094524 seconds (3.15 M allocations: 2.232 GiB)
  9.101066 seconds (3.17 M allocations: 2.242 GiB)
  9.090160 seconds (3.11 M allocations: 2.219 GiB)
996
345
641
  9.787765 seconds (3.61 M allocations: 2.496 GiB)
42
  9.869216 seconds (3.68 M allocations: 2.533 GiB)
796
  5.739449 seconds (2.03 M allocations: 1.425 GiB)
498
  6.053610 seconds (2.80 M allocations: 1.773 GiB)
591
  6.027849 seconds (2.56 M allocations: 1.674 GiB)
  6.036029 seconds (2.59 M allocations: 1.687 GiB)
542
891
  5.999013 seconds (2.32 M allocations: 1.571 GiB)
441
  6.032714 seconds (2.38 M allocations: 1.602 GiB)
244
  6.053251 seconds (2.46 M allocations: 1.639 GiB)
745
  6.035931 seconds (2.48 M allocations: 1.645 GiB)
293
  6.113002 seconds (2.79 M allocations: 1.778 GiB)
141
  6.123282 seconds (2.79 M allocations: 1.780 GiB)
394
 13.803892 seconds (6.02 M allocations: 3.898 GiB)
839
 13.801315 seconds (5.88 M allocations: 3.842 GiB)
 13.798128 seconds (5.86 M allocations: 3.835 GiB)
691
195
  6.039475 seconds (2.74 M allocations: 1.749 GiB)
43
  6.033996 seconds (2.73 M allocations: 1.746 GiB)
797
 11.373250 seconds (4.86 M allocations: 3.173 GiB)
941
  9.489281 seconds (3.73 M allocations: 2.514 GiB)
  6.013368 seconds (1.60 M allocations: 1.280 GiB)  6.054256 seconds (2.80 M allocations: 1.777 GiB)

  7.120386 seconds (2.07 M allocations: 1.582 GiB)
  9.261698 seconds (3.71 M allocations: 2.483 GiB)
 12.028900 seconds (4.52 M allocations: 3.100 GiB)
  6.459060 seconds (1.66 M allocations: 1.349 GiB)
  4.092702 seconds (628.20 k allocations: 654.499 MiB)
  6.420958 seconds (1.20 M allocations: 1.097 GiB)
  5.475353 seconds (1.81 M allocations: 1.309 GiB)
142
642
  7.114905 seconds (2.27 M allocations: 1.665 GiB)
  6.043612 seconds (2.08 M allocations: 1.479 GiB)
  4.229107 seconds (563.05 k allocations: 626.750 MiB)
  9.494188 seconds (3.74 M allocations: 2.517 GiB)
  6.439232 seconds (1.16 M allocations: 1.078 GiB)
96
  6.038731 seconds (2.33 M allocations: 1.582 GiB)
  6.013590 seconds (2.12 M allocations: 1.492 GiB)
  5.519503 seconds (1.12 M allocations: 1.021 GiB)
  7.072379 seconds (2.01 M allocations: 1.554 GiB)
245
395
746
44
997
442
892
346
499
692
798
840
592
543
196
294
  6.033892 seconds (1.45 M allocations: 1.217 GiB)
246
  6.025059 seconds (1.24 M allocations: 1.132 GiB)
  6.047984 seconds (1.40 M allocations: 1.199 GiB)
  6.041890 seconds (1.30 M allocations: 1.159 GiB)
841
396
295
  6.054771 seconds (1.25 M allocations: 1.140 GiB)
97
  6.096038 seconds (1.44 M allocations: 1.221 GiB)
  6.039012 seconds (1.15 M allocations: 1.097 GiB)
  6.029186 seconds (1.12 M allocations: 1.085 GiB)
  6.046123 seconds (1.17 M allocations: 1.107 GiB)
544
  6.141589 seconds (1.67 M allocations: 1.321 GiB)
500
693
443
  6.155832 seconds (1.71 M allocations: 1.342 GiB)
143
197
  6.179345 seconds (1.84 M allocations: 1.396 GiB)
347
  9.052843 seconds (3.02 M allocations: 2.174 GiB)
  9.065196 seconds (3.03 M allocations: 2.183 GiB)
  9.054704 seconds (3.01 M allocations: 2.171 GiB)
593
643
893
  9.733317 seconds (3.92 M allocations: 2.610 GiB)
799
  9.701405 seconds (3.60 M allocations: 2.478 GiB)
  9.750284 seconds (3.83 M allocations: 2.578 GiB)
998
942
  5.539693 seconds (2.05 M allocations: 1.411 GiB)
842
 12.157793 seconds (4.42 M allocations: 3.070 GiB)
747
  6.036414 seconds (2.19 M allocations: 1.522 GiB)
545
  6.004082 seconds (2.01 M allocations: 1.445 GiB)
144
  6.477919 seconds (2.59 M allocations: 1.730 GiB)
98
 13.511835 seconds (5.14 M allocations: 3.508 GiB)
45
  7.376914 seconds (3.00 M allocations: 1.992 GiB)
296
  7.332096 seconds (2.69 M allocations: 1.864 GiB)
694
  7.523965 seconds (3.00 M allocations: 2.009 GiB)
444
  8.314410 seconds (3.36 M allocations: 2.240 GiB)
397
  9.040916 seconds (4.05 M allocations: 2.595 GiB)
247
  9.421090 seconds (4.03 M allocations: 2.627 GiB)
501
  6.447041 seconds (2.91 M allocations: 1.863 GiB)
  6.440906 seconds (2.91 M allocations: 1.861 GiB)
594
644
  5.927615 seconds (2.46 M allocations: 1.623 GiB)
999
  6.055200 seconds (2.66 M allocations: 1.720 GiB)
800
 10.251932 seconds (4.54 M allocations: 2.924 GiB)
348
  6.977431 seconds (3.36 M allocations: 2.104 GiB)
943
  5.361440 seconds (2.61 M allocations: 1.627 GiB)
546
 11.436471 seconds (4.83 M allocations: 3.169 GiB)
198
  6.049032 seconds (3.14 M allocations: 1.920 GiB)
843
  9.084692 seconds (4.61 M allocations: 2.835 GiB)
894
  6.489322 seconds (3.27 M allocations: 2.018 GiB)
99
  7.028386 seconds (3.59 M allocations: 2.202 GiB)
145
  6.291026 seconds (3.25 M allocations: 1.988 GiB)
  6.046910 seconds (2.95 M allocations: 1.838 GiB)
297
445
  6.523342 seconds (3.45 M allocations: 2.092 GiB)
695
  9.075369 seconds (4.53 M allocations: 2.800 GiB)
748
  6.009224 seconds (2.64 M allocations: 1.706 GiB)
  5.542897 seconds (2.32 M allocations: 1.528 GiB)
349
  8.621311 seconds (4.00 M allocations: 2.537 GiB)
46
  7.125297 seconds (3.14 M allocations: 2.028 GiB)
1000
  8.977534 seconds (4.19 M allocations: 2.653 GiB)
398
  6.027643 seconds (2.43 M allocations: 1.623 GiB)
  5.960684 seconds (2.37 M allocations: 1.589 GiB)
844
547
  8.291521 seconds (3.68 M allocations: 2.371 GiB)
801
  9.063066 seconds (4.52 M allocations: 2.795 GiB)
248
  8.647153 seconds (3.97 M allocations: 2.524 GiB)
645
  6.956538 seconds (3.22 M allocations: 2.040 GiB)
944
  9.225777 seconds (4.33 M allocations: 2.734 GiB)
595
  6.029514 seconds (2.66 M allocations: 1.718 GiB)
446
  6.173602 seconds (2.78 M allocations: 1.780 GiB)
298
  6.976932 seconds (3.40 M allocations: 2.118 GiB)
100
  7.377758 seconds (3.54 M allocations: 2.221 GiB)
146
  8.886264 seconds (4.19 M allocations: 2.644 GiB)
199
  9.075168 seconds (4.34 M allocations: 2.724 GiB)
895
 18.264374 seconds (3.64 M allocations: 2.328 GiB, 55.93% gc time)
696
 16.214654 seconds (2.94 M allocations: 1.829 GiB, 63.00% gc time)
47
 16.659917 seconds (3.13 M allocations: 1.953 GiB, 61.31% gc time)
1001
 16.279477 seconds (2.95 M allocations: 1.839 GiB, 62.75% gc time)
399
 18.873448 seconds (4.11 M allocations: 2.584 GiB, 54.12% gc time)
749
 16.173842 seconds (2.81 M allocations: 1.773 GiB, 63.16% gc time)
 16.719466 seconds (3.15 M allocations: 1.968 GiB, 61.10% gc time)
548
 16.301712 seconds (2.75 M allocations: 1.761 GiB, 62.66% gc time)
646
 19.280685 seconds (4.47 M allocations: 2.776 GiB, 52.98% gc time)
350
 16.841604 seconds (3.00 M allocations: 1.920 GiB, 60.65% gc time)
945
 17.945010 seconds (3.83 M allocations: 2.374 GiB, 56.92% gc time)
845
 15.930960 seconds (2.68 M allocations: 1.692 GiB, 64.12% gc time)
299
 15.886531 seconds (2.49 M allocations: 1.609 GiB, 64.30% gc time)
200
 18.863274 seconds (4.06 M allocations: 2.562 GiB, 54.15% gc time)
249
  5.425074 seconds (2.31 M allocations: 1.509 GiB)
48
 19.154393 seconds (3.92 M allocations: 2.536 GiB, 53.33% gc time)
596
  8.587798 seconds (2.15 M allocations: 1.404 GiB, 26.29% gc time)  9.590854 seconds (2.24 M allocations: 1.546 GiB, 23.54% gc time)
 10.849753 seconds (2.82 M allocations: 1.913 GiB, 20.81% gc time)

  8.960969 seconds (1.87 M allocations: 1.328 GiB, 25.20% gc time)
 21.951289 seconds (3.26 M allocations: 2.187 GiB, 56.82% gc time)
400
697
 22.340896 seconds (3.59 M allocations: 2.363 GiB, 55.83% gc time)
 12.015677 seconds (3.17 M allocations: 2.182 GiB, 18.79% gc time)
 22.564707 seconds (3.76 M allocations: 2.457 GiB, 55.27% gc time)
896
549
147
101
447
  7.832504 seconds (1.37 M allocations: 1.009 GiB, 28.83% gc time)
300
  7.259285 seconds (2.04 M allocations: 1.223 GiB, 31.10% gc time)
201
  9.447356 seconds (3.05 M allocations: 1.862 GiB, 23.90% gc time)
647
  9.088108 seconds (3.12 M allocations: 1.855 GiB, 24.84% gc time)
351
 10.531699 seconds (3.88 M allocations: 2.313 GiB, 21.44% gc time)
750
  9.734622 seconds (3.33 M allocations: 2.006 GiB, 23.19% gc time)
946
 10.437156 seconds (3.40 M allocations: 2.105 GiB, 21.63% gc time)
846
  4.793747 seconds (2.74 M allocations: 1.619 GiB)
49
  4.776981 seconds (1.75 M allocations: 1.211 GiB)
897
  4.968632 seconds (1.82 M allocations: 1.261 GiB)
597
  5.340532 seconds (2.03 M allocations: 1.384 GiB)
301
  5.492945 seconds (2.26 M allocations: 1.494 GiB)
148
  6.012720 seconds (2.67 M allocations: 1.714 GiB)
550
  6.042388 seconds (2.61 M allocations: 1.692 GiB)
401
  6.028917 seconds (2.51 M allocations: 1.654 GiB)
448
 12.938275 seconds (4.63 M allocations: 2.871 GiB, 17.45% gc time)
250
  6.023787 seconds (2.57 M allocations: 1.677 GiB)
648
  6.039464 seconds (2.65 M allocations: 1.711 GiB)
  5.837733 seconds (2.50 M allocations: 1.631 GiB)
751
  4.856197 seconds (1.95 M allocations: 1.304 GiB)  6.040715 seconds (2.26 M allocations: 1.556 GiB)

  8.446000 seconds (3.18 M allocations: 2.181 GiB)
  6.860503 seconds (2.52 M allocations: 1.746 GiB)
50
847
947
  4.125102 seconds (2.19 M allocations: 1.327 GiB)
898
  9.328697 seconds (4.30 M allocations: 2.728 GiB)
  4.194013 seconds (1.98 M allocations: 1.250 GiB)
149
  9.990401 seconds (4.45 M allocations: 2.861 GiB)
698
  5.045973 seconds (2.52 M allocations: 1.557 GiB)
  5.457877 seconds (2.71 M allocations: 1.682 GiB)
598
  5.011256 seconds (2.28 M allocations: 1.459 GiB)
551
  5.699731 seconds (2.35 M allocations: 1.557 GiB)
449
  5.480712 seconds (2.16 M allocations: 1.455 GiB)
251
  6.033723 seconds (2.64 M allocations: 1.711 GiB)
  6.043724 seconds (2.42 M allocations: 1.623 GiB)
649
  3.860608 seconds (1.76 M allocations: 1.124 GiB)
  4.131050 seconds (1.76 M allocations: 1.155 GiB)
948
  4.152844 seconds (1.76 M allocations: 1.158 GiB)
848
  3.510907 seconds (1.48 M allocations: 994.961 MiB)
699
  4.240011 seconds (1.81 M allocations: 1.184 GiB)
150
  5.186624 seconds (2.34 M allocations: 1.503 GiB)
51
  5.446658 seconds (2.45 M allocations: 1.572 GiB)
899
  4.656919 seconds (1.92 M allocations: 1.273 GiB)
  5.191577 seconds (2.14 M allocations: 1.417 GiB)
599
  3.029170 seconds (1.13 M allocations: 799.194 MiB)
949
  4.008663 seconds (1.69 M allocations: 1.108 GiB)
  4.700900 seconds (2.05 M allocations: 1.330 GiB)
650
450
  3.152187 seconds (1.30 M allocations: 882.920 MiB)
700
  4.854416 seconds (2.22 M allocations: 1.415 GiB)
  3.601572 seconds (1.68 M allocations: 1.065 GiB)
849
  3.061982 seconds (1.42 M allocations: 919.404 MiB)
151
  6.571098 seconds (1.54 M allocations: 1.036 GiB, 39.57% gc time)
900
  6.004521 seconds (1.45 M allocations: 962.533 MiB, 43.31% gc time)
600
  5.678307 seconds (1.31 M allocations: 871.228 MiB, 45.80% gc time)
950
  7.923162 seconds (2.28 M allocations: 1.480 GiB, 32.82% gc time)
  5.665494 seconds (1.26 M allocations: 847.377 MiB, 45.90% gc time)
451
  5.665337 seconds (1.15 M allocations: 806.730 MiB, 45.90% gc time)
701
  3.030323 seconds (1.07 M allocations: 771.863 MiB)
  3.036646 seconds (1.08 M allocations: 777.085 MiB)
850
  6.386897 seconds (1.80 M allocations: 1.123 GiB, 40.72% gc time)
651
  3.443579 seconds (1.29 M allocations: 884.264 MiB)
901
  3.033132 seconds (1.10 M allocations: 756.206 MiB)
951
  3.069326 seconds (1.12 M allocations: 765.356 MiB)
601
  3.030496 seconds (1.22 M allocations: 799.113 MiB)
  3.032137 seconds (1.02 M allocations: 702.628 MiB)
  3.022843 seconds (928.65 k allocations: 662.378 MiB)
851
  3.020792 seconds (921.94 k allocations: 655.024 MiB)
  3.023360 seconds (684.63 k allocations: 483.657 MiB)
  3.017469 seconds (413.65 k allocations: 352.824 MiB)
  3.021976 seconds (392.07 k allocations: 343.473 MiB)
  3.033058 seconds (181.24 k allocations: 201.609 MiB)
