Graph 1 is connected.
Graph 2 is connected.
Graph 3 is connected.
Graph 4 is connected.
Graph 5 is connected.
Graph 6 is connected.
Graph 7 is connected.
Graph 8 is connected.
Graph 9 is connected.
Graph 10 is connected.
Graph 11 is connected.
Matrix 1 normalized.
Matrix 2 normalized.
Matrix 3 normalized.
Matrix 4 normalized.
Matrix 5 normalized.
Matrix 6 normalized.
Matrix 7 normalized.
Matrix 8 normalized.
Matrix 9 normalized.
Matrix 10 normalized.
Matrix 11 normalized.
Number of threads: 16
316
1901

692
568
253
754
64
940
630
505
442127
379
816

878
  6.528848 seconds (764.42 k allocations: 700.723 MiB, 17.69% gc time)
569
  7.162919 seconds (769.41 k allocations: 745.150 MiB, 16.13% gc time, 2.56% compilation time)
506
  7.644278 seconds (929.91 k allocations: 847.425 MiB, 15.11% gc time, 2.40% compilation time)
128
  7.891637 seconds (1.25 M allocations: 998.623 MiB, 14.64% gc time, 2.32% compilation time)
  7.872760 seconds (1.14 M allocations: 953.003 MiB, 14.67% gc time, 2.33% compilation time)
443
317
  8.494921 seconds (1.46 M allocations: 1.104 GiB, 13.60% gc time, 2.16% compilation time)
755
  8.658149 seconds (1.52 M allocations: 1.141 GiB, 13.34% gc time, 2.12% compilation time)
191
 10.426870 seconds (2.03 M allocations: 1.475 GiB, 11.08% gc time, 1.76% compilation time)
941
 10.900613 seconds (2.11 M allocations: 1.541 GiB, 10.60% gc time, 1.68% compilation time)
380
 12.025218 seconds (2.41 M allocations: 1.742 GiB, 9.61% gc time, 1.52% compilation time)
 12.085478 seconds (2.66 M allocations: 1.848 GiB, 9.56% gc time, 1.52% compilation time)
631
65
 12.799746 seconds (2.71 M allocations: 1.919 GiB, 9.03% gc time, 1.43% compilation time)
693
 13.030735 seconds (2.88 M allocations: 2.006 GiB, 8.87% gc time, 1.41% compilation time)
2
 13.039905 seconds (2.85 M allocations: 1.996 GiB, 8.86% gc time, 1.41% compilation time)
254
 13.971805 seconds (3.23 M allocations: 2.213 GiB, 8.27% gc time, 1.31% compilation time)
879
  6.884369 seconds (2.38 M allocations: 1.462 GiB)
507
 16.984280 seconds (3.52 M allocations: 2.376 GiB, 20.85% gc time, 1.08% compilation time)
817
  9.421659 seconds (2.34 M allocations: 1.451 GiB, 25.33% gc time)
318
  8.814865 seconds (2.14 M allocations: 1.326 GiB, 27.07% gc time)
192
 12.292985 seconds (3.44 M allocations: 2.103 GiB, 19.41% gc time)
570
  9.004742 seconds (2.29 M allocations: 1.398 GiB, 26.50% gc time)
942
  7.800043 seconds (1.53 M allocations: 1.004 GiB, 30.59% gc time)
3
 13.223163 seconds (3.39 M allocations: 2.147 GiB, 18.05% gc time)
129
  9.407738 seconds (2.32 M allocations: 1.441 GiB, 25.37% gc time)
66
  8.964022 seconds (2.17 M allocations: 1.348 GiB, 26.62% gc time)
694
  4.668451 seconds (1.29 M allocations: 875.752 MiB)
193
  9.643246 seconds (2.26 M allocations: 1.436 GiB, 24.75% gc time)
255
 15.145677 seconds (4.07 M allocations: 2.562 GiB, 15.76% gc time)
756
 16.121722 seconds (4.50 M allocations: 2.807 GiB, 14.80% gc time)
444
  7.382088 seconds (2.24 M allocations: 1.436 GiB)
319
  6.671152 seconds (1.90 M allocations: 1.253 GiB)
  4.555995 seconds (1.40 M allocations: 918.841 MiB)
4
943
 18.192639 seconds (1.83 M allocations: 1.141 GiB, 69.64% gc time)
130
 22.835870 seconds (3.17 M allocations: 2.014 GiB, 55.48% gc time)
818
 24.268513 seconds (3.62 M allocations: 2.300 GiB, 52.21% gc time)
508
 17.328538 seconds (1.42 M allocations: 934.554 MiB, 73.11% gc time)
757
 17.641289 seconds (1.46 M allocations: 972.080 MiB, 71.82% gc time)
445
 31.493478 seconds (5.46 M allocations: 3.393 GiB, 47.81% gc time)
 19.496723 seconds (2.13 M allocations: 1.356 GiB, 64.98% gc time)
381
256
 20.124809 seconds (2.50 M allocations: 1.552 GiB, 62.96% gc time)
67
 19.674771 seconds (2.44 M allocations: 1.498 GiB, 64.40% gc time)
194
  4.930719 seconds (1.45 M allocations: 964.144 MiB)
819
  5.381007 seconds (1.71 M allocations: 1.078 GiB)
131
 26.436773 seconds (4.51 M allocations: 2.820 GiB, 47.92% gc time)
571
  4.941824 seconds (1.72 M allocations: 1.053 GiB)
509
 34.401109 seconds (6.62 M allocations: 4.073 GiB, 43.77% gc time)
632
 32.620940 seconds (5.82 M allocations: 3.621 GiB, 46.15% gc time)
880
 25.355580 seconds (4.35 M allocations: 2.677 GiB, 49.97% gc time)
695
 22.645479 seconds (3.44 M allocations: 2.113 GiB, 55.95% gc time)
320
  6.989804 seconds (2.46 M allocations: 1.500 GiB)
758
  7.320208 seconds (2.50 M allocations: 1.536 GiB)
446
  9.009251 seconds (2.03 M allocations: 1.309 GiB, 24.06% gc time)
 25.840103 seconds (3.67 M allocations: 2.276 GiB, 57.42% gc time)
195
5
 10.398509 seconds (2.70 M allocations: 1.684 GiB, 20.84% gc time)
257
 10.114761 seconds (2.49 M allocations: 1.579 GiB, 21.43% gc time)
382
  8.717925 seconds (2.40 M allocations: 1.443 GiB, 24.86% gc time)
820
 11.411830 seconds (3.15 M allocations: 1.944 GiB, 18.99% gc time)
68
  7.311069 seconds (1.48 M allocations: 996.060 MiB, 29.64% gc time)
759
  9.198447 seconds (2.11 M allocations: 1.365 GiB, 23.56% gc time)
881
 10.729424 seconds (2.77 M allocations: 1.743 GiB, 20.20% gc time)
  4.523084 seconds (1.39 M allocations: 915.306 MiB)
196
510
  4.579137 seconds (1.29 M allocations: 874.541 MiB)
258
 11.499355 seconds (2.92 M allocations: 1.862 GiB, 18.85% gc time)
633
 12.775886 seconds (3.51 M allocations: 2.192 GiB, 16.96% gc time)
572
 32.987814 seconds (6.18 M allocations: 3.814 GiB, 44.98% gc time)
  7.028017 seconds (2.33 M allocations: 1.455 GiB)
944
447
 14.737274 seconds (4.39 M allocations: 2.690 GiB, 14.71% gc time)
132
  4.756432 seconds (1.66 M allocations: 1.016 GiB)
760
  5.999452 seconds (2.05 M allocations: 1.267 GiB)
69
 13.859557 seconds (3.97 M allocations: 2.457 GiB, 15.64% gc time)
696
  8.955001 seconds (3.01 M allocations: 1.869 GiB)
383
  5.731451 seconds (1.98 M allocations: 1.215 GiB)
197
 16.390245 seconds (4.57 M allocations: 2.883 GiB, 13.22% gc time)
321
 10.443415 seconds (3.35 M allocations: 2.114 GiB)
821
  5.147958 seconds (1.48 M allocations: 993.257 MiB)
133
  7.899471 seconds (2.62 M allocations: 1.636 GiB)
511
  8.364626 seconds (2.51 M allocations: 1.622 GiB)
634
  6.022918 seconds (1.67 M allocations: 1.109 GiB)
761
  9.082332 seconds (2.93 M allocations: 1.845 GiB)
259
  8.062840 seconds (2.58 M allocations: 1.628 GiB)
945
  8.438109 seconds (2.29 M allocations: 1.535 GiB)
70
 13.682426 seconds (4.24 M allocations: 2.708 GiB)
  6.953417 seconds (1.80 M allocations: 1.230 GiB)
  8.724380 seconds (2.25 M allocations: 1.541 GiB)
 10.081185 seconds (2.97 M allocations: 1.930 GiB)
198
882
448
697
  6.232809 seconds (1.80 M allocations: 1.176 GiB)
822
 10.781163 seconds (2.47 M allocations: 1.555 GiB, 27.77% gc time)
322
 16.533198 seconds (4.35 M allocations: 2.737 GiB, 18.11% gc time)
573
 22.629039 seconds (6.66 M allocations: 4.114 GiB, 13.23% gc time)
 12.772687 seconds (3.14 M allocations: 1.973 GiB, 23.44% gc time)
6
384
 10.978738 seconds (2.70 M allocations: 1.664 GiB, 27.27% gc time)
512
  9.098277 seconds (2.18 M allocations: 1.319 GiB, 32.91% gc time)
260
 12.419607 seconds (3.16 M allocations: 1.953 GiB, 24.11% gc time)
134
 11.976182 seconds (2.93 M allocations: 1.830 GiB, 25.00% gc time)
762
  5.414422 seconds (1.63 M allocations: 1.051 GiB)
71
 13.028290 seconds (3.34 M allocations: 2.070 GiB, 22.98% gc time)
635
  6.755418 seconds (2.04 M allocations: 1.316 GiB)
823
  5.465151 seconds (1.63 M allocations: 1.054 GiB)
574
  7.263487 seconds (2.31 M allocations: 1.461 GiB)
449
  7.428175 seconds (2.46 M allocations: 1.537 GiB)
698
  7.540120 seconds (2.64 M allocations: 1.617 GiB)
883
  5.185683 seconds (1.61 M allocations: 1.029 GiB)
135
 15.413297 seconds (4.23 M allocations: 2.608 GiB, 19.42% gc time)
946
  6.335792 seconds (2.01 M allocations: 1.273 GiB)
513
  5.139102 seconds (1.81 M allocations: 1.107 GiB)
72
 10.447473 seconds (3.45 M allocations: 2.155 GiB)
323
  5.031806 seconds (1.28 M allocations: 897.626 MiB)
  5.129611 seconds (1.44 M allocations: 972.782 MiB)
450
699
  5.532237 seconds (1.49 M allocations: 1.001 GiB)
884
 14.241678 seconds (4.67 M allocations: 2.920 GiB)
199
  8.391925 seconds (2.75 M allocations: 1.719 GiB)
636
 10.027844 seconds (3.19 M allocations: 2.015 GiB)
763
 14.245107 seconds (4.43 M allocations: 2.824 GiB)
7
  6.004923 seconds (1.70 M allocations: 1.119 GiB)
73
 14.972764 seconds (4.76 M allocations: 3.013 GiB)
385
  7.637223 seconds (2.25 M allocations: 1.461 GiB)
514
 14.574032 seconds (4.73 M allocations: 2.971 GiB)
261
 10.959897 seconds (3.81 M allocations: 2.337 GiB)
824
  8.829977 seconds (2.95 M allocations: 1.837 GiB)
136
  8.252520 seconds (2.60 M allocations: 1.652 GiB)
324
 10.482312 seconds (3.23 M allocations: 2.066 GiB)
947
  7.865767 seconds (2.54 M allocations: 1.600 GiB)
700
 13.391140 seconds (4.32 M allocations: 2.718 GiB)
575
 11.614114 seconds (2.53 M allocations: 1.574 GiB, 34.81% gc time)
200
 11.499769 seconds (2.52 M allocations: 1.560 GiB, 35.16% gc time)
637
 10.567567 seconds (2.12 M allocations: 1.330 GiB, 38.26% gc time)
74
  9.921530 seconds (1.77 M allocations: 1.139 GiB, 40.75% gc time)
262
 14.982641 seconds (3.66 M allocations: 2.273 GiB, 26.98% gc time)
451
 12.362419 seconds (2.99 M allocations: 1.813 GiB, 32.70% gc time)
764
 11.626502 seconds (2.51 M allocations: 1.561 GiB, 34.77% gc time)
515
  9.894626 seconds (1.75 M allocations: 1.125 GiB, 40.86% gc time)
948
 10.149121 seconds (1.70 M allocations: 1.125 GiB, 39.83% gc time)
576
  5.716433 seconds (1.67 M allocations: 1.086 GiB)
201
 14.420863 seconds (3.39 M allocations: 2.121 GiB, 28.03% gc time)
386
 18.604220 seconds (4.75 M allocations: 2.977 GiB, 21.73% gc time)
885
  5.350138 seconds (1.63 M allocations: 1.043 GiB)
263
  5.373253 seconds (1.60 M allocations: 1.034 GiB)
452
 12.961087 seconds (2.84 M allocations: 1.790 GiB, 31.19% gc time)
701
 15.500731 seconds (3.65 M allocations: 2.301 GiB, 26.08% gc time)
825
  5.154137 seconds (1.72 M allocations: 1.067 GiB)
516
  4.626363 seconds (1.55 M allocations: 984.518 MiB)
577
  4.519918 seconds (1.53 M allocations: 967.011 MiB)
202
  6.075408 seconds (2.11 M allocations: 1.292 GiB)
949
  4.768653 seconds (1.57 M allocations: 1003.243 MiB)
886
 21.846918 seconds (5.95 M allocations: 3.698 GiB, 18.51% gc time)
8
  4.521243 seconds (1.34 M allocations: 892.454 MiB)
453
 11.626972 seconds (3.86 M allocations: 2.403 GiB)
75
 12.026357 seconds (3.66 M allocations: 2.347 GiB)
765
 22.162247 seconds (5.73 M allocations: 3.626 GiB, 18.24% gc time)
137
  7.235759 seconds (2.50 M allocations: 1.534 GiB)
264
 20.833217 seconds (5.76 M allocations: 3.546 GiB, 19.41% gc time)
325
  7.717947 seconds (2.28 M allocations: 1.477 GiB)
517
  9.039401 seconds (2.67 M allocations: 1.729 GiB)
826
  7.458069 seconds (2.27 M allocations: 1.454 GiB)
578
  5.835334 seconds (1.72 M allocations: 1.110 GiB)
 12.332894 seconds (3.93 M allocations: 2.478 GiB)
387
9
  5.818516 seconds (1.80 M allocations: 1.146 GiB)
76
 18.135360 seconds (6.14 M allocations: 3.792 GiB)
638
  5.170605 seconds (1.63 M allocations: 1.029 GiB)
138
  8.552525 seconds (3.03 M allocations: 1.840 GiB)
950
  9.968449 seconds (3.37 M allocations: 2.082 GiB)
203
  9.743015 seconds (2.13 M allocations: 1.323 GiB, 34.20% gc time)
265
 10.421783 seconds (2.58 M allocations: 1.553 GiB, 31.97% gc time)
766
 10.227543 seconds (2.32 M allocations: 1.434 GiB, 32.58% gc time)
326
 17.670494 seconds (4.78 M allocations: 2.970 GiB, 18.85% gc time)
702
  8.772959 seconds (1.77 M allocations: 1.109 GiB, 37.98% gc time)
10
  8.573113 seconds (1.48 M allocations: 999.226 MiB, 38.86% gc time)
139
 12.424053 seconds (2.95 M allocations: 1.849 GiB, 26.82% gc time)
518
  4.650945 seconds (1.27 M allocations: 868.749 MiB)
266
  5.798956 seconds (1.69 M allocations: 1.102 GiB)
204
 10.668835 seconds (2.51 M allocations: 1.546 GiB, 31.23% gc time)
77
 18.544361 seconds (4.99 M allocations: 3.115 GiB, 17.97% gc time)
887
  6.739914 seconds (1.91 M allocations: 1.259 GiB)
767
  6.029075 seconds (1.68 M allocations: 1.115 GiB)
327
 14.910203 seconds (3.90 M allocations: 2.417 GiB, 22.35% gc time)
579
 15.351035 seconds (3.92 M allocations: 2.455 GiB, 21.70% gc time)
388
  5.968659 seconds (1.83 M allocations: 1.171 GiB)
140
  5.428945 seconds (1.65 M allocations: 1.059 GiB)
519
  5.595607 seconds (1.79 M allocations: 1.132 GiB)
267
 18.125486 seconds (4.89 M allocations: 3.051 GiB, 18.38% gc time)
827
  5.203023 seconds (1.51 M allocations: 1010.438 MiB)
888
 10.814283 seconds (3.23 M allocations: 2.090 GiB)
703
 24.841692 seconds (7.06 M allocations: 4.407 GiB, 13.41% gc time)
454
  9.401993 seconds (3.14 M allocations: 1.954 GiB)
11
 18.099310 seconds (4.88 M allocations: 3.042 GiB, 18.41% gc time)
639
  6.027132 seconds (2.09 M allocations: 1.281 GiB)
768
 10.228979 seconds (3.21 M allocations: 2.035 GiB)
205
  5.466984 seconds (1.60 M allocations: 1.039 GiB)
268
 10.516094 seconds (3.22 M allocations: 2.062 GiB)
78
  8.900697 seconds (2.80 M allocations: 1.775 GiB)
328
  9.518227 seconds (2.36 M allocations: 1.458 GiB, 26.24% gc time)
141
  7.827433 seconds (1.56 M allocations: 1.008 GiB, 31.90% gc time)
12
  8.219765 seconds (1.40 M allocations: 992.954 MiB, 30.38% gc time)
769
 22.478071 seconds (6.29 M allocations: 3.984 GiB, 11.11% gc time)
951
 11.887122 seconds (3.01 M allocations: 1.889 GiB, 21.01% gc time)
520
  8.958623 seconds (1.84 M allocations: 1.205 GiB, 27.88% gc time)
640
 10.607124 seconds (2.66 M allocations: 1.657 GiB, 23.54% gc time)
889
 13.702808 seconds (3.95 M allocations: 2.403 GiB, 18.22% gc time)
389
  4.540780 seconds (1.74 M allocations: 1.029 GiB)
269
  5.011487 seconds (1.59 M allocations: 1.005 GiB)
142
  8.910768 seconds (2.32 M allocations: 1.398 GiB, 28.03% gc time)
206
  6.097920 seconds (2.11 M allocations: 1.293 GiB)
329
 14.081106 seconds (3.87 M allocations: 2.399 GiB, 17.73% gc time)
828
  5.026561 seconds (1.86 M allocations: 1.116 GiB)
770
 18.425568 seconds (5.53 M allocations: 3.387 GiB, 13.55% gc time)
580
  4.974562 seconds (1.69 M allocations: 1.044 GiB)
641
  5.297989 seconds (1.84 M allocations: 1.131 GiB)
890
  5.479257 seconds (1.65 M allocations: 1.064 GiB)
270
 17.511447 seconds (5.05 M allocations: 3.126 GiB, 14.26% gc time)
704
  5.742738 seconds (1.67 M allocations: 1.092 GiB)
207
  6.265784 seconds (1.93 M allocations: 1.232 GiB)
143
  8.693107 seconds (2.69 M allocations: 1.718 GiB)
521
  6.066249 seconds (1.97 M allocations: 1.240 GiB)
330
  5.729704 seconds (1.60 M allocations: 1.061 GiB)
642
  6.152615 seconds (1.88 M allocations: 1.207 GiB)
771
 19.971967 seconds (5.56 M allocations: 3.512 GiB, 12.50% gc time)
455
  5.591305 seconds (1.68 M allocations: 1.083 GiB)
891
 10.821771 seconds (3.64 M allocations: 2.258 GiB)
390
  5.362640 seconds (1.90 M allocations: 1.157 GiB)
271
 13.708444 seconds (4.42 M allocations: 2.783 GiB)
952
  5.731386 seconds (1.76 M allocations: 1.127 GiB)
144
 10.870450 seconds (3.43 M allocations: 2.176 GiB)
829
 10.666037 seconds (2.58 M allocations: 1.625 GiB, 24.79% gc time)
705
 22.175762 seconds (6.49 M allocations: 4.042 GiB, 11.92% gc time)
79
  8.250036 seconds (1.73 M allocations: 1.107 GiB, 32.05% gc time)
643
 14.400696 seconds (3.71 M allocations: 2.354 GiB, 18.36% gc time)
581
 10.963460 seconds (2.61 M allocations: 1.659 GiB, 24.12% gc time)
331
 12.320307 seconds (3.29 M allocations: 2.033 GiB, 21.46% gc time)
208
 10.473375 seconds (2.52 M allocations: 1.585 GiB, 25.25% gc time)
772
 22.815427 seconds (7.06 M allocations: 4.323 GiB, 11.59% gc time)
13
 11.483131 seconds (2.72 M allocations: 1.740 GiB, 23.03% gc time)
892
  5.364417 seconds (1.82 M allocations: 1.125 GiB)
830
 14.057606 seconds (3.83 M allocations: 2.379 GiB, 18.81% gc time)
522
  5.902369 seconds (2.05 M allocations: 1.258 GiB)
145
  4.970616 seconds (1.81 M allocations: 1.092 GiB)
80
  5.563294 seconds (1.92 M allocations: 1.177 GiB)
644
  5.811548 seconds (1.94 M allocations: 1.206 GiB)
582
  6.343905 seconds (2.00 M allocations: 1.265 GiB)
332
  6.256005 seconds (1.85 M allocations: 1.200 GiB)
773
 17.639635 seconds (4.37 M allocations: 2.850 GiB, 14.99% gc time)
391
 17.243166 seconds (4.23 M allocations: 2.764 GiB, 15.34% gc time)
272
  6.541294 seconds (1.83 M allocations: 1.212 GiB)
893
  6.025799 seconds (1.69 M allocations: 1.120 GiB)
146
 15.462310 seconds (4.31 M allocations: 2.673 GiB, 17.10% gc time)
953
  5.834533 seconds (1.72 M allocations: 1.121 GiB)
81
  5.972214 seconds (1.83 M allocations: 1.173 GiB)
645
  5.234510 seconds (1.63 M allocations: 1.040 GiB)
583
  9.703504 seconds (3.29 M allocations: 2.034 GiB)
14
  5.486356 seconds (1.91 M allocations: 1.173 GiB)
333
 10.100274 seconds (3.31 M allocations: 2.069 GiB)
831
 22.919361 seconds (6.45 M allocations: 4.077 GiB, 11.54% gc time)
456
  6.386840 seconds (2.15 M allocations: 1.334 GiB)
774
 17.465126 seconds (4.70 M allocations: 2.945 GiB, 17.10% gc time)
209
  9.073752 seconds (1.91 M allocations: 1.211 GiB, 32.92% gc time)
147
  8.868513 seconds (1.73 M allocations: 1.122 GiB, 33.68% gc time)
82
  9.495593 seconds (2.26 M allocations: 1.385 GiB, 31.45% gc time)
894
 21.284887 seconds (6.33 M allocations: 3.887 GiB, 14.03% gc time)
706
  8.490287 seconds (1.78 M allocations: 1.117 GiB, 35.18% gc time)
15
 11.183279 seconds (3.00 M allocations: 1.808 GiB, 26.71% gc time)
273
  8.458556 seconds (1.91 M allocations: 1.168 GiB, 35.31% gc time)
334
  8.091657 seconds (1.67 M allocations: 1.044 GiB, 36.91% gc time)
775
 11.895268 seconds (2.83 M allocations: 1.788 GiB, 25.11% gc time)
646
 12.566783 seconds (3.00 M allocations: 1.906 GiB, 23.77% gc time)
584
 14.738539 seconds (4.09 M allocations: 2.509 GiB, 20.26% gc time)
392
  5.247527 seconds (1.63 M allocations: 1.038 GiB)
895
  5.807043 seconds (1.81 M allocations: 1.152 GiB)
83
  5.536787 seconds (1.65 M allocations: 1.067 GiB)
16
  5.985506 seconds (1.70 M allocations: 1.118 GiB)
274
  5.829474 seconds (1.66 M allocations: 1.091 GiB)
335
  9.699098 seconds (3.10 M allocations: 1.955 GiB)
210
 25.339443 seconds (7.12 M allocations: 4.498 GiB, 11.79% gc time)
523
  5.833810 seconds (1.67 M allocations: 1.095 GiB)
647
  6.545698 seconds (2.09 M allocations: 1.320 GiB)
776
  5.727137 seconds (1.94 M allocations: 1.198 GiB)
585
  6.059710 seconds (1.84 M allocations: 1.181 GiB)
896
  5.883950 seconds (1.79 M allocations: 1.148 GiB)
84
  5.277761 seconds (1.49 M allocations: 1004.844 MiB)
336
  5.580379 seconds (1.73 M allocations: 1.103 GiB)
275
 14.397729 seconds (4.58 M allocations: 2.895 GiB)
148
  4.871156 seconds (1.53 M allocations: 995.496 MiB)
648
  9.735277 seconds (3.12 M allocations: 1.963 GiB)
393
 20.934716 seconds (5.75 M allocations: 3.623 GiB, 14.27% gc time)
457
  5.970613 seconds (1.56 M allocations: 1.061 GiB)
586
  4.606725 seconds (1.23 M allocations: 846.840 MiB)
85
 28.456274 seconds (3.25 M allocations: 2.031 GiB, 65.13% gc time)
17
 44.622081 seconds (7.60 M allocations: 4.742 GiB, 48.23% gc time)
954
 26.461135 seconds (2.56 M allocations: 1.607 GiB, 70.04% gc time)
777
 25.145678 seconds (2.11 M allocations: 1.330 GiB, 73.70% gc time)
897
 23.705053 seconds (1.87 M allocations: 1.130 GiB, 78.18% gc time)
337
 36.642788 seconds (6.08 M allocations: 3.772 GiB, 50.58% gc time)
707
 23.871743 seconds (2.15 M allocations: 1.257 GiB, 77.63% gc time)
276
 23.682399 seconds (1.99 M allocations: 1.178 GiB, 78.25% gc time)
649
 30.160746 seconds (4.11 M allocations: 2.505 GiB, 61.45% gc time)
211
 46.614643 seconds (8.37 M allocations: 5.204 GiB, 46.16% gc time)
832
  5.840074 seconds (1.92 M allocations: 1.201 GiB)
587
  6.013669 seconds (1.92 M allocations: 1.214 GiB)
86
  6.102050 seconds (1.98 M allocations: 1.246 GiB)
18
  5.599144 seconds (1.60 M allocations: 1.050 GiB)
338
  6.289943 seconds (1.94 M allocations: 1.238 GiB)
898
  6.089900 seconds (1.72 M allocations: 1.133 GiB)
708
  6.081671 seconds (1.84 M allocations: 1.182 GiB)
277
  6.207460 seconds (1.85 M allocations: 1.198 GiB)
650
 31.570968 seconds (4.17 M allocations: 2.630 GiB, 58.70% gc time)
394
  4.870364 seconds (1.18 M allocations: 845.755 MiB)
19
  5.820355 seconds (1.57 M allocations: 1.054 GiB)
87
  6.503668 seconds (2.06 M allocations: 1.300 GiB)
588
 12.410297 seconds (3.89 M allocations: 2.473 GiB)
955
  5.425156 seconds (1.75 M allocations: 1.100 GiB)
339
  5.002500 seconds (1.54 M allocations: 1006.704 MiB)
899
  4.817087 seconds (1.57 M allocations: 1009.808 MiB)
278
 12.904733 seconds (4.13 M allocations: 2.606 GiB)
778
  7.037765 seconds (2.22 M allocations: 1.409 GiB)
709
 37.933170 seconds (6.44 M allocations: 4.010 GiB, 48.86% gc time)
149
  6.636744 seconds (2.04 M allocations: 1.306 GiB)
651
  5.935371 seconds (1.96 M allocations: 1.223 GiB)
20
 42.868667 seconds (8.08 M allocations: 5.030 GiB, 43.23% gc time)
524
 10.207008 seconds (2.10 M allocations: 1.281 GiB, 41.49% gc time)
88
  9.525931 seconds (1.73 M allocations: 1.081 GiB, 44.45% gc time)
340
  9.788723 seconds (1.78 M allocations: 1.119 GiB, 43.26% gc time)
900
 10.180741 seconds (1.82 M allocations: 1.162 GiB, 41.60% gc time)
279
 10.805084 seconds (1.75 M allocations: 1.175 GiB, 39.19% gc time)
710
 15.518534 seconds (3.45 M allocations: 2.205 GiB, 27.29% gc time)
 22.552653 seconds (5.65 M allocations: 3.606 GiB, 18.78% gc time)
395
212
 27.664739 seconds (7.64 M allocations: 4.784 GiB, 15.31% gc time)
458
 10.491309 seconds (1.89 M allocations: 1.210 GiB, 40.36% gc time)
150
  5.727582 seconds (1.66 M allocations: 1.082 GiB)
21
  5.094251 seconds (1.63 M allocations: 1.027 GiB)
89
  4.847061 seconds (1.57 M allocations: 1009.347 MiB)
901
 15.887414 seconds (4.06 M allocations: 2.484 GiB, 26.65% gc time)
956
  5.086359 seconds (1.73 M allocations: 1.067 GiB)
280
  6.695979 seconds (2.30 M allocations: 1.411 GiB)
341
 16.765282 seconds (4.46 M allocations: 2.709 GiB, 25.26% gc time)
589
  5.181612 seconds (1.88 M allocations: 1.138 GiB)
711
  4.974612 seconds (1.55 M allocations: 1012.510 MiB)
22
  5.025873 seconds (1.53 M allocations: 1004.856 MiB)
151
  4.911973 seconds (1.39 M allocations: 940.238 MiB)
90
  4.684835 seconds (1.56 M allocations: 995.920 MiB)
902
  4.997099 seconds (1.33 M allocations: 923.989 MiB)
342
 29.161022 seconds (8.34 M allocations: 5.178 GiB, 14.52% gc time)
833
 18.043275 seconds (4.66 M allocations: 2.885 GiB, 23.47% gc time)
652
  8.457532 seconds (3.13 M allocations: 1.887 GiB)
396
  4.523292 seconds (1.59 M allocations: 999.947 MiB)
712
  8.434708 seconds (2.63 M allocations: 1.681 GiB)
957
  4.705202 seconds (1.44 M allocations: 949.564 MiB)
23
  4.639671 seconds (1.40 M allocations: 927.554 MiB)
903
  7.791734 seconds (1.83 M allocations: 1.123 GiB, 33.17% gc time)
152
  7.838816 seconds (1.86 M allocations: 1.140 GiB, 32.97% gc time)
91
  7.365833 seconds (1.71 M allocations: 1.038 GiB, 35.09% gc time)
343
 28.494847 seconds (7.21 M allocations: 4.487 GiB, 23.93% gc time)
779
  8.365017 seconds (1.67 M allocations: 1.091 GiB, 30.90% gc time)
653
  7.776132 seconds (1.47 M allocations: 990.643 MiB, 33.24% gc time)
958
  4.740576 seconds (1.14 M allocations: 820.452 MiB)
904
  7.908862 seconds (1.59 M allocations: 1.026 GiB, 32.68% gc time)
  5.046502 seconds (1.31 M allocations: 913.862 MiB)
24
153
  5.288248 seconds (1.42 M allocations: 976.554 MiB)
92
 19.937695 seconds (5.56 M allocations: 3.512 GiB, 12.96% gc time)
459
  5.861947 seconds (1.68 M allocations: 1.104 GiB)
344
  5.105074 seconds (1.47 M allocations: 986.995 MiB)
654
 13.918755 seconds (3.45 M allocations: 2.212 GiB, 18.57% gc time)
397
  4.812765 seconds (1.44 M allocations: 953.259 MiB)
959
  5.234855 seconds (1.62 M allocations: 1.037 GiB)
  6.783581 seconds (2.18 M allocations: 1.375 GiB)
905
 28.738009 seconds (8.64 M allocations: 5.395 GiB, 8.99% gc time)
525
780
 15.362148 seconds (4.28 M allocations: 2.654 GiB, 16.82% gc time)
834
  5.340270 seconds (1.80 M allocations: 1.116 GiB)
93
 19.423768 seconds (5.95 M allocations: 3.636 GiB, 13.31% gc time)
590
  6.973714 seconds (2.43 M allocations: 1.489 GiB)
25
  5.768363 seconds (1.94 M allocations: 1.203 GiB)
345
  5.962706 seconds (1.95 M allocations: 1.219 GiB)
655
 28.300783 seconds (8.47 M allocations: 5.294 GiB, 9.13% gc time)
213
  9.638093 seconds (2.96 M allocations: 1.892 GiB)
154
  6.125423 seconds (2.11 M allocations: 1.298 GiB)
960
 27.319888 seconds (8.11 M allocations: 5.077 GiB, 9.46% gc time)
  5.723599 seconds (1.78 M allocations: 1.135 GiB)
281
526
  5.999358 seconds (2.06 M allocations: 1.269 GiB)
781
  5.435773 seconds (1.76 M allocations: 1.104 GiB)
591
  6.567145 seconds (2.02 M allocations: 1.291 GiB)
94
 14.604713 seconds (4.03 M allocations: 2.478 GiB, 19.65% gc time)
460
  8.680401 seconds (1.94 M allocations: 1.204 GiB, 33.06% gc time)
346
  8.537473 seconds (1.92 M allocations: 1.183 GiB, 33.62% gc time)
656
 13.497012 seconds (3.23 M allocations: 2.072 GiB, 21.26% gc time)
835
 28.544639 seconds (7.58 M allocations: 4.733 GiB, 19.11% gc time)
  8.972588 seconds (1.96 M allocations: 1.230 GiB, 31.99% gc time)
155
713
 12.044449 seconds (3.01 M allocations: 1.880 GiB, 23.83% gc time)
26
  9.100587 seconds (2.15 M allocations: 1.320 GiB, 31.54% gc time)
961
  8.596065 seconds (1.69 M allocations: 1.094 GiB, 33.39% gc time)
282
  8.948327 seconds (2.12 M allocations: 1.298 GiB, 32.07% gc time)
782
  6.101470 seconds (1.98 M allocations: 1.243 GiB)
95
  5.980147 seconds (1.83 M allocations: 1.173 GiB)
347
  6.241567 seconds (1.86 M allocations: 1.202 GiB)
657
 21.487664 seconds (6.09 M allocations: 3.808 GiB, 13.36% gc time)
398
  6.153487 seconds (1.70 M allocations: 1.130 GiB)
156
  5.307111 seconds (979.97 k allocations: 794.115 MiB)
783
  8.680318 seconds (2.67 M allocations: 1.708 GiB)
461
  6.255622 seconds (1.97 M allocations: 1.248 GiB)
27
  5.998236 seconds (1.74 M allocations: 1.133 GiB)
283
  6.378391 seconds (2.00 M allocations: 1.265 GiB)
962
  5.240886 seconds (1.70 M allocations: 1.064 GiB)
96
  9.304043 seconds (3.16 M allocations: 1.950 GiB)
836
  5.304755 seconds (1.89 M allocations: 1.147 GiB)
348
  4.659712 seconds (1.82 M allocations: 1.076 GiB)
658
  4.668797 seconds (1.53 M allocations: 983.710 MiB)
157
  4.518961 seconds (1.36 M allocations: 898.982 MiB)
28
  5.264204 seconds (1.81 M allocations: 1.119 GiB)
784
  4.515990 seconds (1.28 M allocations: 871.286 MiB)
97
  6.001201 seconds (1.85 M allocations: 1.187 GiB)
284
 31.151077 seconds (8.44 M allocations: 5.286 GiB, 16.88% gc time)
906
 11.150757 seconds (2.39 M allocations: 1.603 GiB, 21.41% gc time)
462
  7.662901 seconds (1.37 M allocations: 957.943 MiB, 31.15% gc time)
659
  7.021793 seconds (1.27 M allocations: 868.808 MiB, 33.99% gc time)
29
 12.758781 seconds (3.33 M allocations: 2.100 GiB, 18.71% gc time)
 11.461672 seconds (2.66 M allocations: 1.737 GiB, 20.83% gc time)
399
963
 28.228579 seconds (7.64 M allocations: 4.754 GiB, 18.62% gc time)
214
  7.031161 seconds (1.42 M allocations: 932.125 MiB, 33.95% gc time)
285
 28.875812 seconds (7.89 M allocations: 4.901 GiB, 18.21% gc time)
527
 11.754268 seconds (3.13 M allocations: 1.948 GiB, 20.31% gc time)
837
  4.848010 seconds (1.71 M allocations: 1.045 GiB)
907
  4.522250 seconds (1.63 M allocations: 1010.437 MiB)
660
  4.509701 seconds (1.55 M allocations: 975.819 MiB)
30
 10.675766 seconds (2.70 M allocations: 1.692 GiB, 22.36% gc time)
98
 11.841386 seconds (3.13 M allocations: 1.952 GiB, 20.16% gc time)
 32.050964 seconds (8.69 M allocations: 5.456 GiB, 16.40% gc time)
785
592
  4.643231 seconds (1.51 M allocations: 972.491 MiB)
215
  5.001684 seconds (1.81 M allocations: 1.099 GiB)
964
  4.720761 seconds (1.82 M allocations: 1.082 GiB)
286
 15.676108 seconds (4.74 M allocations: 2.889 GiB, 15.23% gc time)
349
  4.732159 seconds (1.40 M allocations: 929.935 MiB)
31
  4.965476 seconds (1.58 M allocations: 1022.615 MiB)
661
  5.015442 seconds (1.60 M allocations: 1.010 GiB)
99
  4.952635 seconds (1.50 M allocations: 989.963 MiB)
216
  4.733420 seconds (1.28 M allocations: 881.529 MiB)
965
  4.843335 seconds (1.31 M allocations: 899.217 MiB)
287
 30.290619 seconds (9.13 M allocations: 5.719 GiB, 7.88% gc time)
714
 12.925368 seconds (4.03 M allocations: 2.568 GiB)
400
  4.651455 seconds (1.32 M allocations: 892.112 MiB)
32
 10.911888 seconds (2.35 M allocations: 1.560 GiB, 22.81% gc time)
786
 15.008370 seconds (4.02 M allocations: 2.536 GiB, 16.58% gc time)
528
  7.297439 seconds (1.57 M allocations: 1007.425 MiB, 34.10% gc time)
100
  8.103920 seconds (1.92 M allocations: 1.186 GiB, 30.71% gc time)
662
  8.339635 seconds (1.68 M allocations: 1.101 GiB, 29.84% gc time)
966
 16.928603 seconds (4.72 M allocations: 2.957 GiB, 14.70% gc time)
838
 26.961921 seconds (7.31 M allocations: 4.560 GiB, 18.08% gc time)
158
 14.888738 seconds (3.71 M allocations: 2.395 GiB, 16.71% gc time)
593
 13.312736 seconds (3.41 M allocations: 2.161 GiB, 18.69% gc time)
350
  5.176745 seconds (1.74 M allocations: 1.081 GiB)
33
 10.630969 seconds (2.48 M allocations: 1.592 GiB, 23.41% gc time)
288
  5.292178 seconds (1.68 M allocations: 1.062 GiB)
787
  5.331460 seconds (1.76 M allocations: 1.101 GiB)
101
  5.417710 seconds (1.64 M allocations: 1.056 GiB)
967
 12.242753 seconds (3.16 M allocations: 1.984 GiB, 20.33% gc time)
715
  5.105546 seconds (1.47 M allocations: 987.936 MiB)
594
 26.832111 seconds (8.03 M allocations: 5.016 GiB, 9.27% gc time)
463
  5.735146 seconds (1.55 M allocations: 1.042 GiB)
  9.804903 seconds (2.92 M allocations: 1.892 GiB)
529
351
 16.661811 seconds (4.46 M allocations: 2.831 GiB, 14.94% gc time)
217
  5.541532 seconds (1.68 M allocations: 1.080 GiB)
289
  5.609859 seconds (1.66 M allocations: 1.080 GiB)
102
  6.183460 seconds (1.95 M allocations: 1.241 GiB)
34
  8.672985 seconds (3.04 M allocations: 1.864 GiB)
159
  4.619861 seconds (1.56 M allocations: 998.355 MiB)
595
  8.630213 seconds (2.64 M allocations: 1.698 GiB)
788
 13.502112 seconds (4.27 M allocations: 2.714 GiB)
663
  4.619021 seconds (1.67 M allocations: 1.016 GiB)
464
  4.587806 seconds (1.56 M allocations: 994.646 MiB)
352
  4.521799 seconds (1.55 M allocations: 985.870 MiB)
290
  4.552369 seconds (1.42 M allocations: 931.490 MiB)
35
  4.627784 seconds (1.48 M allocations: 964.035 MiB)
103
  8.040860 seconds (2.88 M allocations: 1.760 GiB)
716
 29.536587 seconds (9.40 M allocations: 5.780 GiB, 8.43% gc time)
908
  8.463017 seconds (1.19 M allocations: 853.040 MiB, 42.11% gc time)
353
 11.062983 seconds (1.96 M allocations: 1.337 GiB, 32.21% gc time)
  5.327601 seconds (667.22 k allocations: 658.159 MiB)  5.302497 seconds (612.14 k allocations: 632.864 MiB)
  8.898510 seconds (1.42 M allocations: 980.523 MiB, 40.05% gc time) 20.345488 seconds (5.38 M allocations: 3.402 GiB, 17.52% gc time)  9.966758 seconds (1.34 M allocations: 1022.717 MiB, 35.76% gc time)

 13.865760 seconds (2.96 M allocations: 1.947 GiB, 25.70% gc time)

 14.984061 seconds (3.19 M allocations: 2.122 GiB, 23.78% gc time)
 11.825441 seconds (1.90 M allocations: 1.354 GiB, 30.14% gc time)
 29.127269 seconds (7.09 M allocations: 4.534 GiB, 20.78% gc time)
596
664 18.599462 seconds (4.24 M allocations: 2.794 GiB, 19.16% gc time)
530789

218

104
401

968
465
839
36
  7.113178 seconds (2.32 M allocations: 1.431 GiB)
909
 12.456776 seconds (3.17 M allocations: 1.905 GiB, 28.61% gc time)
291
 16.706601 seconds (4.56 M allocations: 2.782 GiB, 21.33% gc time)
160
 14.389548 seconds (3.34 M allocations: 2.113 GiB, 24.77% gc time)
717
  4.992860 seconds (1.91 M allocations: 1.134 GiB)
790
  4.773409 seconds (1.39 M allocations: 928.971 MiB)
969
  5.572599 seconds (2.63 M allocations: 1.470 GiB)
354
  5.731172 seconds (2.53 M allocations: 1.440 GiB)
597
  5.727709 seconds (2.16 M allocations: 1.290 GiB)
665
  5.154663 seconds (1.61 M allocations: 1.030 GiB)
910
  6.129784 seconds (1.71 M allocations: 1.138 GiB)
292
  7.483255 seconds (2.17 M allocations: 1.421 GiB)
105
  5.311471 seconds (1.76 M allocations: 1.098 GiB)
161
  8.627426 seconds (2.66 M allocations: 1.700 GiB)
402
  4.518867 seconds (1.53 M allocations: 970.941 MiB)
791
  5.377748 seconds (1.36 M allocations: 956.604 MiB)
666
 12.519990 seconds (3.87 M allocations: 2.468 GiB)
219
  7.815862 seconds (2.27 M allocations: 1.482 GiB)
970
 12.562146 seconds (3.69 M allocations: 2.400 GiB)
37
  7.489186 seconds (2.13 M allocations: 1.400 GiB)
598
  6.022409 seconds (1.70 M allocations: 1.119 GiB)
293
  6.496179 seconds (1.74 M allocations: 1.170 GiB)
162
  6.044126 seconds (1.61 M allocations: 1.083 GiB)
792
 13.288141 seconds (2.70 M allocations: 1.759 GiB, 29.98% gc time)
911
 11.221461 seconds (1.95 M allocations: 1.306 GiB, 35.50% gc time)
403
  9.414991 seconds (1.72 M allocations: 1.085 GiB, 42.31% gc time)
 20.960516 seconds (5.07 M allocations: 3.273 GiB, 19.01% gc time)
667
840
 16.877411 seconds (4.22 M allocations: 2.639 GiB, 23.60% gc time)
718
 10.111113 seconds (1.96 M allocations: 1.233 GiB, 39.40% gc time)
971
  9.928716 seconds (1.82 M allocations: 1.162 GiB, 40.13% gc time)
599
 10.244423 seconds (1.85 M allocations: 1.198 GiB, 38.89% gc time)
294
 16.744275 seconds (3.79 M allocations: 2.450 GiB, 23.79% gc time)
106
  5.196403 seconds (1.61 M allocations: 1.027 GiB)
912
  5.952660 seconds (1.84 M allocations: 1.173 GiB)
793
 26.495490 seconds (7.42 M allocations: 4.625 GiB, 15.04% gc time)
466
 11.379101 seconds (2.46 M allocations: 1.528 GiB, 35.01% gc time)
  5.339490 seconds (1.67 M allocations: 1.062 GiB)
668
163
 27.025275 seconds (7.34 M allocations: 4.634 GiB, 14.74% gc time)
531
  6.195529 seconds (2.07 M allocations: 1.286 GiB)
841
  5.253281 seconds (1.89 M allocations: 1.145 GiB)
972
 23.740206 seconds (6.32 M allocations: 3.979 GiB, 16.78% gc time)
355
 17.018126 seconds (4.52 M allocations: 2.772 GiB, 23.41% gc time)
220
  5.429791 seconds (1.97 M allocations: 1.191 GiB)
 17.025844 seconds (4.43 M allocations: 2.734 GiB, 23.40% gc time)
295
38
  5.629836 seconds (2.17 M allocations: 1.288 GiB)
107
  5.934207 seconds (2.09 M allocations: 1.278 GiB)
913
  6.130652 seconds (2.20 M allocations: 1.337 GiB)
794
  5.363971 seconds (2.02 M allocations: 1.206 GiB)
669
  6.318195 seconds (1.86 M allocations: 1.209 GiB)
532
 12.970315 seconds (4.16 M allocations: 2.621 GiB)
719
  5.466167 seconds (1.70 M allocations: 1.083 GiB)
356
  5.904976 seconds (1.59 M allocations: 1.068 GiB)
296
  8.756865 seconds (2.66 M allocations: 1.709 GiB)
842
  6.462112 seconds (1.72 M allocations: 1.161 GiB)
108
  5.734965 seconds (1.59 M allocations: 1.053 GiB)
914
  9.362532 seconds (1.53 M allocations: 1.030 GiB, 38.37% gc time)
670
 11.305368 seconds (2.00 M allocations: 1.357 GiB, 31.77% gc time)
795
 16.082198 seconds (3.86 M allocations: 2.456 GiB, 22.34% gc time)
164
 13.066462 seconds (2.74 M allocations: 1.784 GiB, 27.49% gc time)
39
  8.444698 seconds (1.28 M allocations: 885.165 MiB, 42.54% gc time)
843
  8.428643 seconds (1.23 M allocations: 865.803 MiB, 42.62% gc time)
109
  4.539518 seconds (1.23 M allocations: 846.607 MiB)
915
 16.183217 seconds (3.96 M allocations: 2.510 GiB, 22.20% gc time)
221
 24.824683 seconds (6.91 M allocations: 4.330 GiB, 14.47% gc time)
404
 17.695387 seconds (4.63 M allocations: 2.894 GiB, 20.30% gc time)
973
  4.591529 seconds (1.53 M allocations: 974.795 MiB)
671
  4.676268 seconds (1.65 M allocations: 1.010 GiB)
796
  4.677661 seconds (1.64 M allocations: 1.006 GiB)
165
 21.700707 seconds (6.12 M allocations: 3.786 GiB, 16.55% gc time)
467
 25.626345 seconds (7.52 M allocations: 4.637 GiB, 14.02% gc time)
600
 14.088732 seconds (3.50 M allocations: 2.177 GiB, 25.50% gc time)
297
  4.642529 seconds (1.70 M allocations: 1.027 GiB)
110
  4.516612 seconds (1.58 M allocations: 993.993 MiB)
916
  4.942982 seconds (1.45 M allocations: 966.635 MiB)
672
  4.516691 seconds (1.36 M allocations: 896.145 MiB)
797
  4.518029 seconds (1.36 M allocations: 896.130 MiB)
166
  4.533375 seconds (1.41 M allocations: 918.808 MiB)
468
 19.457926 seconds (5.15 M allocations: 3.226 GiB, 18.46% gc time)
720
  4.517208 seconds (1.17 M allocations: 815.211 MiB)
  4.510533 seconds (1.15 M allocations: 806.231 MiB)
111
917
 20.902587 seconds (5.67 M allocations: 3.546 GiB, 17.19% gc time)
533
 20.095135 seconds (5.30 M allocations: 3.337 GiB, 17.88% gc time)
357
 18.699452 seconds (2.95 M allocations: 1.831 GiB, 52.54% gc time)
974
 14.724287 seconds (1.71 M allocations: 1.040 GiB, 66.72% gc time)
673
 20.250172 seconds (3.51 M allocations: 2.167 GiB, 48.52% gc time)
405
 14.709234 seconds (1.79 M allocations: 1.072 GiB, 66.79% gc time)
798
 14.792870 seconds (1.71 M allocations: 1.047 GiB, 66.41% gc time)
469
 25.249881 seconds (5.35 M allocations: 3.282 GiB, 38.91% gc time)
40
  5.736688 seconds (1.49 M allocations: 1.010 GiB)
112
  5.709417 seconds (1.37 M allocations: 987.722 MiB)
358
  6.116373 seconds (1.57 M allocations: 1.075 GiB)
975
 26.060816 seconds (5.34 M allocations: 3.329 GiB, 37.70% gc time)
222
  5.927185 seconds (1.55 M allocations: 1.054 GiB)
406
  5.356794 seconds (1.36 M allocations: 956.095 MiB)
470
 24.193127 seconds (4.70 M allocations: 2.934 GiB, 40.61% gc time)
601
  8.057504 seconds (2.29 M allocations: 1.504 GiB)
674
 24.985652 seconds (4.65 M allocations: 2.968 GiB, 39.32% gc time)
298
 30.401766 seconds (7.08 M allocations: 4.349 GiB, 32.32% gc time)
844
  8.607556 seconds (2.48 M allocations: 1.623 GiB)
799
 23.569961 seconds (4.45 M allocations: 2.788 GiB, 41.68% gc time)
167
 12.214341 seconds (3.66 M allocations: 2.360 GiB)
918
  4.762381 seconds (1.43 M allocations: 947.491 MiB)
471
  6.691069 seconds (2.08 M allocations: 1.325 GiB)
976
  9.160619 seconds (2.96 M allocations: 1.863 GiB)
41
  7.988817 seconds (2.70 M allocations: 1.670 GiB)
113
 13.840416 seconds (4.37 M allocations: 2.770 GiB)
534
  5.022124 seconds (1.87 M allocations: 1.123 GiB)
675
  8.888464 seconds (3.14 M allocations: 1.917 GiB)
359
 25.804273 seconds (5.53 M allocations: 3.391 GiB, 38.07% gc time)
721
  6.141851 seconds (2.25 M allocations: 1.358 GiB)
299
  5.794296 seconds (2.02 M allocations: 1.237 GiB)
800
  6.860671 seconds (2.45 M allocations: 1.491 GiB)
845
  5.753194 seconds (2.07 M allocations: 1.258 GiB)
919
  6.193387 seconds (1.99 M allocations: 1.252 GiB)
977
  5.889434 seconds (1.75 M allocations: 1.132 GiB)
114
 23.037287 seconds (2.36 M allocations: 1.471 GiB, 69.06% gc time)
472
 21.671939 seconds (1.65 M allocations: 1.084 GiB, 73.41% gc time)
676
 29.578404 seconds (4.65 M allocations: 2.875 GiB, 53.79% gc time)
223
 27.476160 seconds (4.14 M allocations: 2.518 GiB, 57.90% gc time)
602
 30.721942 seconds (5.03 M allocations: 3.111 GiB, 51.79% gc time)
407
 25.109385 seconds (3.00 M allocations: 1.879 GiB, 63.36% gc time)
42
 27.757183 seconds (3.97 M allocations: 2.466 GiB, 57.32% gc time)
168
 22.694208 seconds (2.15 M allocations: 1.360 GiB, 70.11% gc time)
801
 23.570087 seconds (2.54 M allocations: 1.581 GiB, 67.50% gc time)
300
 24.279166 seconds (2.85 M allocations: 1.761 GiB, 65.53% gc time)
722
  5.413433 seconds (1.54 M allocations: 1.011 GiB)
473
 24.406483 seconds (2.67 M allocations: 1.693 GiB, 65.19% gc time)
846
  7.139562 seconds (2.42 M allocations: 1.493 GiB)
978
  7.146012 seconds (2.26 M allocations: 1.430 GiB)
677
  5.434871 seconds (1.60 M allocations: 1.037 GiB)
43
  4.796973 seconds (1.35 M allocations: 913.454 MiB)
802
  5.165466 seconds (1.47 M allocations: 988.191 MiB)
301
  4.948376 seconds (1.29 M allocations: 898.000 MiB)
474
  5.271933 seconds (1.35 M allocations: 951.091 MiB)
847
 33.894700 seconds (5.62 M allocations: 3.574 GiB, 46.94% gc time)
535
 12.131462 seconds (3.81 M allocations: 2.418 GiB)
115
  5.298925 seconds (1.42 M allocations: 983.118 MiB)
979
  5.069554 seconds (1.58 M allocations: 1.008 GiB)
678
 34.228135 seconds (5.86 M allocations: 3.694 GiB, 46.48% gc time)
360
 12.775432 seconds (4.05 M allocations: 2.557 GiB)
224
  6.397196 seconds (1.93 M allocations: 1.240 GiB)
44
 10.877804 seconds (3.20 M allocations: 2.079 GiB)
723
  6.008591 seconds (1.87 M allocations: 1.189 GiB)
302
 34.256906 seconds (5.92 M allocations: 3.718 GiB, 46.44% gc time)
920
 14.115632 seconds (4.59 M allocations: 2.876 GiB)
408
 13.135290 seconds (4.23 M allocations: 2.660 GiB)
169
  5.982680 seconds (2.23 M allocations: 1.332 GiB)
848
  8.961486 seconds (2.94 M allocations: 1.837 GiB)
803
  5.566258 seconds (1.97 M allocations: 1.196 GiB)
536
  6.118867 seconds (2.18 M allocations: 1.322 GiB)
116
 20.985928 seconds (5.90 M allocations: 3.686 GiB, 13.96% gc time)
603
 10.452775 seconds (2.71 M allocations: 1.638 GiB, 28.03% gc time)
980
 10.554820 seconds (2.63 M allocations: 1.611 GiB, 27.76% gc time)
679
 10.813228 seconds (2.68 M allocations: 1.652 GiB, 27.10% gc time)
361
  9.537534 seconds (2.16 M allocations: 1.349 GiB, 30.72% gc time)
303
 10.018525 seconds (1.96 M allocations: 1.301 GiB, 29.24% gc time)
170
 10.481659 seconds (2.12 M allocations: 1.399 GiB, 27.95% gc time)
921
 10.085477 seconds (2.02 M allocations: 1.328 GiB, 29.05% gc time)
849
 17.240040 seconds (4.82 M allocations: 2.977 GiB, 16.99% gc time)
475
  6.037155 seconds (1.56 M allocations: 1.062 GiB)
604
  6.135530 seconds (1.56 M allocations: 1.058 GiB)
680
  5.740949 seconds (1.25 M allocations: 923.466 MiB)
  5.306856 seconds (500.78 k allocations: 510.753 MiB)
  5.236191 seconds (415.79 k allocations: 462.754 MiB)
  5.397386 seconds (744.04 k allocations: 642.610 MiB)
304
  5.983319 seconds (1.41 M allocations: 1011.533 MiB)
  8.655876 seconds (2.22 M allocations: 1.507 GiB) 11.070971 seconds (2.41 M allocations: 1.730 GiB)
 15.350368 seconds (3.67 M allocations: 2.368 GiB, 19.09% gc time) 19.690594 seconds (4.35 M allocations: 2.914 GiB, 14.88% gc time)

  6.923561 seconds (1.78 M allocations: 1.205 GiB)

  6.295881 seconds (1.12 M allocations: 873.116 MiB)
 15.683909 seconds (3.60 M allocations: 2.357 GiB, 18.68% gc time)
 15.983001 seconds (3.29 M allocations: 2.228 GiB, 18.33% gc time)
476
  5.348842 seconds (894.20 k allocations: 717.020 MiB)
 13.060330 seconds (2.64 M allocations: 1.784 GiB, 22.43% gc time)
981
45
850
605
117
362
225
724
537
171
409
922
804
  4.975929 seconds (821.45 k allocations: 698.167 MiB)
172
  5.302748 seconds (1.46 M allocations: 989.683 MiB)
982
  5.353248 seconds (956.79 k allocations: 784.028 MiB)
226
  5.615746 seconds (1.15 M allocations: 885.419 MiB)
725
  6.201787 seconds (1.45 M allocations: 1.026 GiB)
477
  6.202943 seconds (1.29 M allocations: 984.849 MiB)
851
  7.275660 seconds (2.45 M allocations: 1.512 GiB)
118
  7.359022 seconds (1.89 M allocations: 1.288 GiB)
538
  8.204975 seconds (1.43 M allocations: 972.364 MiB, 36.58% gc time)
173
 14.115689 seconds (2.64 M allocations: 1.857 GiB, 21.26% gc time)
606
  8.870552 seconds (1.62 M allocations: 1.074 GiB, 33.84% gc time)
983
  8.527412 seconds (1.30 M allocations: 939.814 MiB, 35.20% gc time)
478
  8.908446 seconds (1.41 M allocations: 1012.708 MiB, 33.69% gc time)
852
 15.560198 seconds (3.03 M allocations: 2.117 GiB, 19.29% gc time)
 15.544720 seconds (3.00 M allocations: 2.107 GiB, 19.31% gc time)
681
363
  8.375167 seconds (1.35 M allocations: 949.641 MiB, 35.84% gc time)
119
  8.299446 seconds (1.52 M allocations: 1017.486 MiB, 36.16% gc time)
539
 18.469511 seconds (4.21 M allocations: 2.809 GiB, 16.25% gc time)
46
  5.489656 seconds (1.78 M allocations: 1.116 GiB)
174
 13.520175 seconds (3.10 M allocations: 2.010 GiB, 22.20% gc time)
227
 13.811679 seconds (3.26 M allocations: 2.096 GiB, 21.73% gc time)
726
  6.044634 seconds (1.97 M allocations: 1.237 GiB)
  5.464279 seconds (1.78 M allocations: 1.119 GiB)
984
479
  5.423369 seconds (1.83 M allocations: 1.136 GiB)
853
 21.128106 seconds (4.99 M allocations: 3.321 GiB, 14.21% gc time)
923
  7.206654 seconds (2.67 M allocations: 1.606 GiB)
607
  5.676652 seconds (1.95 M allocations: 1.203 GiB)
120
  5.424223 seconds (1.37 M allocations: 965.030 MiB)
  6.014731 seconds (1.59 M allocations: 1.075 GiB)
727
175
 25.673959 seconds (6.98 M allocations: 4.450 GiB, 11.69% gc time)
305
 25.509156 seconds (6.22 M allocations: 4.132 GiB, 11.77% gc time)
410
  6.259796 seconds (1.87 M allocations: 1.211 GiB)
228
 25.870849 seconds (6.59 M allocations: 4.310 GiB, 11.60% gc time)
805
  5.779047 seconds (1.95 M allocations: 1.210 GiB)
985
  5.840536 seconds (1.91 M allocations: 1.192 GiB)
854
  6.982434 seconds (2.34 M allocations: 1.451 GiB)
480
 11.968521 seconds (3.79 M allocations: 2.401 GiB)
540
 12.998734 seconds (4.09 M allocations: 2.596 GiB)
 13.004374 seconds (4.08 M allocations: 2.591 GiB)
682
364
  7.452845 seconds (2.27 M allocations: 1.457 GiB)
121
 15.036069 seconds (4.16 M allocations: 2.533 GiB, 22.33% gc time)
47
  9.186552 seconds (2.17 M allocations: 1.296 GiB, 36.55% gc time)
176
  9.670989 seconds (2.43 M allocations: 1.441 GiB, 34.72% gc time)
728
  9.265211 seconds (2.01 M allocations: 1.237 GiB, 36.24% gc time)
 13.703999 seconds (3.28 M allocations: 2.073 GiB, 24.50% gc time)
306
608
  9.490224 seconds (2.11 M allocations: 1.295 GiB, 35.38% gc time)
986
  9.547419 seconds (2.11 M allocations: 1.300 GiB, 35.17% gc time)
855
  9.273414 seconds (2.08 M allocations: 1.269 GiB, 36.21% gc time)
481
  9.536736 seconds (1.71 M allocations: 1.131 GiB, 35.21% gc time)
122
  5.726045 seconds (1.25 M allocations: 931.754 MiB)
307
  6.277358 seconds (1.68 M allocations: 1.129 GiB)
177
  6.110530 seconds (1.49 M allocations: 1.039 GiB)
729
  6.422187 seconds (1.60 M allocations: 1.107 GiB)
609
  5.974174 seconds (1.54 M allocations: 1.050 GiB)
987
 16.418779 seconds (4.17 M allocations: 2.624 GiB, 20.45% gc time)
806
  6.127105 seconds (1.69 M allocations: 1.122 GiB)
856
  6.023527 seconds (1.63 M allocations: 1.093 GiB)
482
 18.494431 seconds (5.03 M allocations: 3.126 GiB, 18.16% gc time)
229
 16.012768 seconds (3.82 M allocations: 2.452 GiB, 20.97% gc time)
365
  5.986429 seconds (1.84 M allocations: 1.175 GiB)
123
 16.067375 seconds (3.86 M allocations: 2.475 GiB, 20.90% gc time)
683
 24.671088 seconds (6.76 M allocations: 4.270 GiB, 13.61% gc time)
924
  5.766030 seconds (2.17 M allocations: 1.297 GiB)
308
 21.018420 seconds (5.81 M allocations: 3.620 GiB, 15.98% gc time)
411
 13.398565 seconds (4.42 M allocations: 2.754 GiB)
48
  5.750629 seconds (2.07 M allocations: 1.251 GiB)
988
  5.847937 seconds (1.81 M allocations: 1.152 GiB)
483
 21.783537 seconds (5.93 M allocations: 3.722 GiB, 15.42% gc time)
541
  9.274405 seconds (3.20 M allocations: 1.966 GiB)
178
  5.665732 seconds (1.72 M allocations: 1.104 GiB)
124
 10.118140 seconds (3.46 M allocations: 2.130 GiB)
730
  9.867668 seconds (3.43 M allocations: 2.097 GiB)
610
  6.673739 seconds (2.13 M allocations: 1.341 GiB)
366
  9.241379 seconds (3.26 M allocations: 1.984 GiB)
807
  7.561457 seconds (2.52 M allocations: 1.563 GiB)
684
  6.517097 seconds (2.19 M allocations: 1.356 GiB)
309
 10.702483 seconds (2.03 M allocations: 1.304 GiB, 37.05% gc time)
989
 14.847527 seconds (3.67 M allocations: 2.266 GiB, 26.71% gc time)
230
 10.954228 seconds (2.19 M allocations: 1.386 GiB, 36.20% gc time)
484
 13.250309 seconds (2.82 M allocations: 1.804 GiB, 29.93% gc time)
412
 18.339516 seconds (4.67 M allocations: 2.919 GiB, 21.62% gc time)
857
 10.019509 seconds (1.89 M allocations: 1.196 GiB, 39.58% gc time)
731
 10.153563 seconds (1.94 M allocations: 1.225 GiB, 39.06% gc time)
611
 11.646132 seconds (2.54 M allocations: 1.578 GiB, 34.05% gc time)
179
 15.649526 seconds (3.63 M allocations: 2.307 GiB, 25.34% gc time)
49
  5.863764 seconds (1.79 M allocations: 1.148 GiB)
310
 13.466356 seconds (3.13 M allocations: 1.947 GiB, 29.45% gc time)
125
  5.925769 seconds (1.93 M allocations: 1.209 GiB)
990
 19.516011 seconds (5.02 M allocations: 3.148 GiB, 20.32% gc time)
925
 14.099642 seconds (3.06 M allocations: 1.965 GiB, 28.13% gc time)
808
 16.156905 seconds (4.08 M allocations: 2.530 GiB, 24.55% gc time)
542
  6.227461 seconds (2.04 M allocations: 1.278 GiB)
485
  6.659868 seconds (2.30 M allocations: 1.414 GiB)
413
 14.987559 seconds (3.61 M allocations: 2.255 GiB, 26.46% gc time)
367
  5.457649 seconds (2.02 M allocations: 1.215 GiB)
732
  9.317897 seconds (3.25 M allocations: 1.991 GiB)
231
  5.819138 seconds (1.95 M allocations: 1.209 GiB)
311
  7.080635 seconds (2.34 M allocations: 1.460 GiB)
50
 18.195671 seconds (4.55 M allocations: 2.866 GiB, 21.79% gc time)
685
  6.446147 seconds (2.03 M allocations: 1.288 GiB)
991
  5.653936 seconds (2.05 M allocations: 1.242 GiB)
926
  5.800893 seconds (1.89 M allocations: 1.183 GiB)
543
  5.730606 seconds (1.84 M allocations: 1.159 GiB)
486
  5.677507 seconds (1.72 M allocations: 1.105 GiB)
733
  6.363393 seconds (1.98 M allocations: 1.261 GiB)
368
  8.664218 seconds (2.72 M allocations: 1.729 GiB)
809
  5.476010 seconds (1.78 M allocations: 1.114 GiB)
312
 13.730125 seconds (4.65 M allocations: 2.876 GiB)
612
 13.573871 seconds (4.60 M allocations: 2.844 GiB)
180
  8.443689 seconds (2.62 M allocations: 1.672 GiB)
232
 16.080500 seconds (5.43 M allocations: 3.363 GiB)
858
  5.550963 seconds (1.63 M allocations: 1.062 GiB)
487
 10.877322 seconds (2.21 M allocations: 1.404 GiB, 35.08% gc time)
 18.113536 seconds (4.78 M allocations: 2.969 GiB, 21.07% gc time)
927
126
 11.407885 seconds (2.62 M allocations: 1.608 GiB, 33.45% gc time)
992
 10.117138 seconds (1.99 M allocations: 1.260 GiB, 37.72% gc time)
369
  9.392352 seconds (1.92 M allocations: 1.179 GiB, 40.63% gc time)
810
 13.509633 seconds (3.28 M allocations: 2.026 GiB, 28.24% gc time)
686
 18.671321 seconds (4.62 M allocations: 2.942 GiB, 20.44% gc time)
414
  9.295413 seconds (1.62 M allocations: 1.049 GiB, 41.05% gc time)
859
 11.837459 seconds (2.44 M allocations: 1.562 GiB, 32.23% gc time)
613
  6.077447 seconds (1.70 M allocations: 1.127 GiB)
488
 12.501153 seconds (2.64 M allocations: 1.696 GiB, 30.52% gc time)
313
 15.079423 seconds (3.37 M allocations: 2.176 GiB, 25.30% gc time)
734
  5.367483 seconds (1.68 M allocations: 1.067 GiB)
928
 12.032674 seconds (2.99 M allocations: 1.802 GiB, 31.71% gc time)
181
  7.092893 seconds (2.21 M allocations: 1.404 GiB)
993
  4.905052 seconds (1.58 M allocations: 1017.488 MiB)
415
 19.597473 seconds (5.03 M allocations: 3.173 GiB, 19.47% gc time)
544
 15.526971 seconds (3.76 M allocations: 2.363 GiB, 24.57% gc time)
233
  8.547877 seconds (2.59 M allocations: 1.663 GiB)
  5.041515 seconds (1.51 M allocations: 995.066 MiB)
811
314
  5.417983 seconds (1.64 M allocations: 1.052 GiB)
489
 10.224363 seconds (3.34 M allocations: 2.090 GiB)
370
  6.218808 seconds (1.90 M allocations: 1.218 GiB)
929
 12.211295 seconds (4.04 M allocations: 2.519 GiB)
 25.300727 seconds (7.19 M allocations: 4.464 GiB, 15.08% gc time)
51
  7.550140 seconds (2.39 M allocations: 1.514 GiB)
735
 10.826187 seconds (3.67 M allocations: 2.269 GiB)
687
  9.162313 seconds (3.36 M allocations: 2.025 GiB)
860
  8.733452 seconds (2.65 M allocations: 1.700 GiB)
182
  7.377789 seconds (2.37 M allocations: 1.492 GiB)
416
  8.658665 seconds (2.72 M allocations: 1.725 GiB)
994
  5.601774 seconds (1.86 M allocations: 1.154 GiB)
315
  6.849403 seconds (2.53 M allocations: 1.520 GiB)
545
 12.693835 seconds (3.84 M allocations: 2.467 GiB)
614
  5.253207 seconds (1.34 M allocations: 938.209 MiB)
861
  6.148381 seconds (1.70 M allocations: 1.126 GiB)
688
  8.119937 seconds (2.44 M allocations: 1.567 GiB)
930
 14.166698 seconds (3.01 M allocations: 1.908 GiB, 31.78% gc time)
490
 12.369819 seconds (2.36 M allocations: 1.517 GiB, 36.40% gc time)
736
  9.717379 seconds (1.34 M allocations: 936.130 MiB, 46.34% gc time)
546
 15.303968 seconds (3.39 M allocations: 2.146 GiB, 29.42% gc time)
371
 10.544364 seconds (1.81 M allocations: 1.163 GiB, 42.70% gc time)
 14.406734 seconds (3.03 M allocations: 1.937 GiB, 31.25% gc time)
52
  9.667048 seconds (1.61 M allocations: 1.023 GiB, 46.58% gc time)
615
 13.512569 seconds (2.81 M allocations: 1.784 GiB, 33.32% gc time)
183
  9.593727 seconds (1.60 M allocations: 1.017 GiB, 46.93% gc time)
689
 10.323519 seconds (1.95 M allocations: 1.210 GiB, 43.62% gc time)
862
  4.966960 seconds (1.68 M allocations: 1.042 GiB)
931
 20.581617 seconds (5.35 M allocations: 3.322 GiB, 21.88% gc time)
234
  5.001697 seconds (1.59 M allocations: 1.008 GiB)
547
  6.035905 seconds (1.97 M allocations: 1.235 GiB)
737
 17.012147 seconds (3.88 M allocations: 2.468 GiB, 26.47% gc time)
417
  4.916571 seconds (1.49 M allocations: 980.974 MiB)
616
 17.255623 seconds (3.92 M allocations: 2.506 GiB, 26.09% gc time)
995
  6.605209 seconds (2.16 M allocations: 1.352 GiB)
53
  8.987504 seconds (2.98 M allocations: 1.856 GiB)
491
  5.298436 seconds (1.78 M allocations: 1.102 GiB)
690
  4.859504 seconds (1.71 M allocations: 1.043 GiB)
932
 25.027907 seconds (6.86 M allocations: 4.255 GiB, 17.99% gc time)
812
  6.127138 seconds (1.97 M allocations: 1.240 GiB)
235
  4.902663 seconds (1.31 M allocations: 904.272 MiB)
996
 11.969921 seconds (3.72 M allocations: 2.368 GiB)
372
  5.575722 seconds (1.73 M allocations: 1.103 GiB)
617
  4.940290 seconds (1.31 M allocations: 906.766 MiB)
691
  5.480132 seconds (1.57 M allocations: 1.030 GiB)
492
  8.155843 seconds (2.72 M allocations: 1.691 GiB)
738
  5.950691 seconds (1.69 M allocations: 1.112 GiB)
933
 11.853113 seconds (3.87 M allocations: 2.421 GiB)
863
  8.660033 seconds (2.98 M allocations: 1.831 GiB)
418
  8.161284 seconds (1.74 M allocations: 1.072 GiB, 37.21% gc time)
236
 16.930939 seconds (4.70 M allocations: 2.905 GiB, 17.94% gc time)
184
  7.956926 seconds (1.82 M allocations: 1.090 GiB, 38.17% gc time)
997
  8.538492 seconds (1.78 M allocations: 1.117 GiB, 35.57% gc time)
618
  8.059477 seconds (1.59 M allocations: 1.008 GiB, 37.68% gc time)
493
 12.390990 seconds (2.98 M allocations: 1.882 GiB, 24.51% gc time)
813
  8.248917 seconds (1.61 M allocations: 1.027 GiB, 36.82% gc time)
934
 15.878795 seconds (3.96 M allocations: 2.528 GiB, 19.13% gc time)
54
  8.453308 seconds (1.55 M allocations: 1.016 GiB, 35.93% gc time)
419
 19.158799 seconds (5.29 M allocations: 3.306 GiB, 15.85% gc time)
548
  5.222217 seconds (1.65 M allocations: 1.042 GiB)
237
  5.362338 seconds (1.63 M allocations: 1.043 GiB)
998
  4.699443 seconds (1.56 M allocations: 990.928 MiB)
619
  5.101615 seconds (1.60 M allocations: 1.011 GiB)
494
  5.275721 seconds (1.62 M allocations: 1.032 GiB)
814
 14.749467 seconds (3.89 M allocations: 2.418 GiB, 20.59% gc time)
  5.144134 seconds (1.60 M allocations: 1.017 GiB)
935
 14.917515 seconds (3.78 M allocations: 2.383 GiB, 20.36% gc time)
739
  5.140871 seconds (1.57 M allocations: 1.004 GiB)
420
  5.209202 seconds (1.58 M allocations: 1.013 GiB)
549
  5.194917 seconds (1.48 M allocations: 992.251 MiB)
999
 18.914926 seconds (5.16 M allocations: 3.230 GiB, 16.06% gc time)
373
  5.319053 seconds (1.53 M allocations: 1.001 GiB)
620
  4.950118 seconds (1.58 M allocations: 1018.802 MiB)
495
 13.048737 seconds (4.16 M allocations: 2.620 GiB)
185
  5.320753 seconds (1.75 M allocations: 1.091 GiB)
815
 18.256389 seconds (5.03 M allocations: 3.129 GiB, 16.63% gc time)
864
  5.495311 seconds (1.91 M allocations: 1.166 GiB)
936
  4.916383 seconds (1.58 M allocations: 1014.525 MiB)
550
 15.843073 seconds (3.41 M allocations: 2.168 GiB, 30.51% gc time)
238
  9.706015 seconds (1.67 M allocations: 1.025 GiB, 49.80% gc time)
1000
 11.683537 seconds (2.27 M allocations: 1.407 GiB, 41.37% gc time)
421
 10.122490 seconds (1.75 M allocations: 1.086 GiB, 47.75% gc time)
621
 17.871156 seconds (4.30 M allocations: 2.675 GiB, 27.05% gc time)
55
  9.789770 seconds (1.31 M allocations: 903.478 MiB, 49.37% gc time)
937
 11.990795 seconds (2.21 M allocations: 1.407 GiB, 40.31% gc time)
496
 11.139418 seconds (1.92 M allocations: 1.227 GiB, 43.39% gc time)
  9.362261 seconds (1.40 M allocations: 913.701 MiB, 51.63% gc time)
551
 16.180387 seconds (3.72 M allocations: 2.318 GiB, 29.87% gc time)
740
  4.698557 seconds (1.40 M allocations: 924.136 MiB)
1001
  4.880009 seconds (1.59 M allocations: 1018.799 MiB)
239
  4.523573 seconds (1.34 M allocations: 889.941 MiB)
622
 15.769055 seconds (3.27 M allocations: 2.109 GiB, 30.65% gc time)
186
  4.585943 seconds (1.34 M allocations: 892.126 MiB)
938
  4.524815 seconds (1.31 M allocations: 875.821 MiB)
497
  7.831548 seconds (2.39 M allocations: 1.533 GiB)
422
 15.830275 seconds (3.55 M allocations: 2.229 GiB, 30.53% gc time)
865
  4.572715 seconds (1.55 M allocations: 981.715 MiB)
741
  5.447303 seconds (1.79 M allocations: 1.118 GiB)
552
  4.519970 seconds (1.49 M allocations: 953.631 MiB)
  9.380324 seconds (2.86 M allocations: 1.836 GiB)
56
 20.086456 seconds (5.01 M allocations: 3.130 GiB, 24.06% gc time)
374
  6.194918 seconds (1.85 M allocations: 1.200 GiB)
623
  4.516150 seconds (1.47 M allocations: 946.623 MiB)
498
  4.517318 seconds (1.41 M allocations: 921.045 MiB)
423
  4.506390 seconds (1.41 M allocations: 918.379 MiB)
866
  4.518682 seconds (1.36 M allocations: 894.358 MiB)
553
 12.668288 seconds (3.04 M allocations: 1.940 GiB, 22.14% gc time)
240
  7.346684 seconds (1.27 M allocations: 857.901 MiB, 38.18% gc time)
375
 11.484331 seconds (2.87 M allocations: 1.789 GiB, 24.43% gc time)
187
  7.350478 seconds (1.27 M allocations: 857.679 MiB, 38.16% gc time)
499
  7.384320 seconds (1.28 M allocations: 862.954 MiB, 37.99% gc time)
424
  7.347638 seconds (1.27 M allocations: 858.674 MiB, 38.18% gc time)
867
  9.748266 seconds (2.20 M allocations: 1.386 GiB, 28.78% gc time)
57
  4.530793 seconds (1.27 M allocations: 860.391 MiB)
241
  4.529403 seconds (1.27 M allocations: 858.582 MiB)
376
  9.967718 seconds (1.94 M allocations: 1.298 GiB, 28.14% gc time)
554
 11.706298 seconds (2.67 M allocations: 1.718 GiB, 23.96% gc time)
624
 16.102824 seconds (4.07 M allocations: 2.605 GiB, 17.42% gc time)
939
  4.514214 seconds (1.51 M allocations: 958.807 MiB)
500
  4.525832 seconds (1.54 M allocations: 973.589 MiB)
425
  4.514894 seconds (1.47 M allocations: 941.010 MiB)
868
  4.513997 seconds (1.46 M allocations: 938.809 MiB)
58
 15.811519 seconds (4.43 M allocations: 2.727 GiB, 17.74% gc time)
742
  4.520416 seconds (1.67 M allocations: 1.003 GiB)
242
  4.540355 seconds (1.67 M allocations: 1.003 GiB)
377
  4.528248 seconds (1.27 M allocations: 855.789 MiB)
501
  9.973491 seconds (3.31 M allocations: 2.055 GiB)
188
  4.532107 seconds (1.30 M allocations: 869.785 MiB)
426
  6.308630 seconds (1.31 M allocations: 876.125 MiB, 27.83% gc time)
869
  6.285040 seconds (1.29 M allocations: 865.003 MiB, 27.94% gc time)
59
  6.281872 seconds (1.27 M allocations: 857.923 MiB, 27.95% gc time)
243
  6.902169 seconds (1.20 M allocations: 867.580 MiB, 25.44% gc time)
378
 10.695255 seconds (2.66 M allocations: 1.713 GiB, 16.42% gc time)
 11.278245 seconds (3.02 M allocations: 1.900 GiB, 15.57% gc time)
555
  6.353292 seconds (1.32 M allocations: 881.018 MiB, 27.64% gc time)
502
 10.008884 seconds (2.32 M allocations: 1.530 GiB, 17.54% gc time)
743
  6.309417 seconds (1.41 M allocations: 917.341 MiB, 27.83% gc time)
427
  4.524684 seconds (1.30 M allocations: 869.006 MiB)
870
  4.526420 seconds (1.30 M allocations: 869.945 MiB)
60
 11.887497 seconds (3.65 M allocations: 2.207 GiB, 14.77% gc time)
625
  4.530367 seconds (1.42 M allocations: 922.944 MiB)
244
  4.522357 seconds (1.29 M allocations: 867.721 MiB)
503
  4.555353 seconds (1.22 M allocations: 838.235 MiB)
744
  4.522038 seconds (1.18 M allocations: 821.764 MiB)
428
  9.050563 seconds (2.75 M allocations: 1.762 GiB)
189
  4.531260 seconds (1.31 M allocations: 875.890 MiB)
871
  4.522488 seconds (1.29 M allocations: 864.199 MiB)
61
 10.321451 seconds (2.78 M allocations: 1.752 GiB, 15.58% gc time)
 10.045331 seconds (2.48 M allocations: 1.609 GiB, 16.01% gc time)
556
  6.135445 seconds (1.38 M allocations: 905.916 MiB, 26.21% gc time)
245
  6.131325 seconds (1.41 M allocations: 914.879 MiB, 26.23% gc time)
504
  6.131813 seconds (1.30 M allocations: 867.912 MiB, 26.23% gc time)
745
  6.129424 seconds (1.27 M allocations: 859.745 MiB, 26.24% gc time)
429
 10.296393 seconds (2.39 M allocations: 1.586 GiB, 15.62% gc time)
626
  4.512965 seconds (1.31 M allocations: 876.243 MiB)
872
  4.509157 seconds (1.33 M allocations: 885.212 MiB)
62
  8.244645 seconds (1.99 M allocations: 1.283 GiB, 19.50% gc time)
  4.636389 seconds (1.29 M allocations: 875.297 MiB)
246
  4.898258 seconds (1.55 M allocations: 1005.105 MiB)
557
  4.510010 seconds (1.17 M allocations: 813.468 MiB)
746
  4.765497 seconds (1.44 M allocations: 947.052 MiB)
  4.509646 seconds (1.14 M allocations: 805.690 MiB)
430
  4.512153 seconds (1.10 M allocations: 784.909 MiB)
  4.606318 seconds (1.23 M allocations: 848.923 MiB)
873
627
  5.158550 seconds (1.33 M allocations: 918.136 MiB)
63
  5.732217 seconds (1.07 M allocations: 726.771 MiB, 24.23% gc time)
558
  5.916116 seconds (1.26 M allocations: 820.424 MiB, 23.47% gc time)
247
  5.921384 seconds (1.12 M allocations: 755.489 MiB, 23.45% gc time)
747
  5.922145 seconds (1.12 M allocations: 755.718 MiB, 23.45% gc time)
431
  5.726156 seconds (1.02 M allocations: 703.967 MiB, 24.25% gc time)
628
  5.909626 seconds (1.21 M allocations: 795.168 MiB, 23.50% gc time)
874
  5.917151 seconds (1.21 M allocations: 793.980 MiB, 23.47% gc time)
  4.344315 seconds (940.06 k allocations: 645.124 MiB)
559
  4.502071 seconds (1.04 M allocations: 698.039 MiB)
248
  4.322062 seconds (752.12 k allocations: 558.725 MiB)
629
  4.505548 seconds (985.91 k allocations: 668.196 MiB)
748
  4.498862 seconds (974.58 k allocations: 662.488 MiB)
432
  4.508959 seconds (1.03 M allocations: 685.468 MiB)
875
  5.360805 seconds (1.01 M allocations: 658.513 MiB, 19.23% gc time)
560
  5.530892 seconds (1.02 M allocations: 673.263 MiB, 18.64% gc time)
249
  5.352009 seconds (871.89 k allocations: 599.988 MiB, 19.27% gc time)
  5.551353 seconds (791.44 k allocations: 575.719 MiB, 18.57% gc time)
749
  5.540233 seconds (778.23 k allocations: 570.132 MiB, 18.61% gc time)
433
  5.528019 seconds (882.20 k allocations: 610.704 MiB, 18.65% gc time)
876
  4.077520 seconds (811.80 k allocations: 532.403 MiB)
561
  5.085053 seconds (835.60 k allocations: 558.914 MiB, 11.25% gc time)
250
  5.095009 seconds (724.89 k allocations: 510.272 MiB, 11.23% gc time)
750
  5.080862 seconds (708.60 k allocations: 503.773 MiB, 11.26% gc time)
434
  5.068838 seconds (832.68 k allocations: 555.609 MiB, 11.29% gc time)
877
  4.058091 seconds (803.23 k allocations: 522.801 MiB)
562
  4.977412 seconds (830.94 k allocations: 553.796 MiB, 9.37% gc time)
251
  4.987042 seconds (708.09 k allocations: 502.607 MiB, 9.35% gc time)
751
  4.982638 seconds (702.04 k allocations: 500.614 MiB, 9.36% gc time)
435
  4.957452 seconds (831.12 k allocations: 553.873 MiB, 9.41% gc time)
  4.674425 seconds (654.23 k allocations: 449.682 MiB, 9.98% gc time)
563
  4.349238 seconds (645.97 k allocations: 440.479 MiB)
252
  4.715565 seconds (505.77 k allocations: 374.674 MiB, 7.98% gc time)
  4.713720 seconds (502.68 k allocations: 373.849 MiB, 7.98% gc time)
752
436
  4.713729 seconds (634.71 k allocations: 428.013 MiB, 7.98% gc time)
564
  4.306108 seconds (633.44 k allocations: 426.590 MiB)
  4.328544 seconds (356.68 k allocations: 304.323 MiB)
437
  4.332744 seconds (359.78 k allocations: 306.463 MiB)
753
  4.644687 seconds (458.70 k allocations: 325.047 MiB, 7.79% gc time)
565
  4.305199 seconds (304.59 k allocations: 246.364 MiB, 2.54% gc time)
  4.440695 seconds (311.36 k allocations: 252.489 MiB, 2.46% gc time)
438
  4.276354 seconds (273.99 k allocations: 212.086 MiB, 3.03% gc time)
566
  4.397791 seconds (253.36 k allocations: 189.180 MiB, 1.70% gc time)
439
  4.212951 seconds (246.62 k allocations: 181.677 MiB, 4.54% gc time)
567
  4.440964 seconds (253.18 k allocations: 189.101 MiB, 2.70% gc time)
440
  4.045977 seconds (245.41 k allocations: 180.450 MiB)
  4.616227 seconds (78.58 k allocations: 87.464 MiB, 6.87% gc time)
441
  4.309653 seconds (57.60 k allocations: 64.160 MiB, 0.43% gc time)
