Graph 1 is connected.
Graph 2 is connected.
Graph 3 is connected.
Graph 4 is connected.
Graph 5 is connected.
Graph 6 is connected.
Graph 7 is connected.
Graph 8 is connected.
Graph 9 is connected.
Graph 10 is connected.
Graph 11 is connected.
Matrix 1 normalized.
Matrix 2 normalized.
Matrix 3 normalized.
Matrix 4 normalized.
Matrix 5 normalized.
Matrix 6 normalized.
Matrix 7 normalized.
Matrix 8 normalized.
Matrix 9 normalized.
Matrix 10 normalized.
Matrix 11 normalized.
Number of threads: 20
402
502202

852952

552
902
252652
52
302
602
352
752
1521

102

802
452
702
  5.073482 seconds (969.72 k allocations: 894.824 MiB, 8.06% gc time)
653
  5.023742 seconds (990.17 k allocations: 941.187 MiB, 2.80% compilation time)
53
  6.098629 seconds (1.40 M allocations: 1.197 GiB, 2.31% compilation time)
353
  6.937807 seconds (1.61 M allocations: 1.370 GiB, 2.03% compilation time)
903
 10.011256 seconds (1.81 M allocations: 1.457 GiB, 29.51% gc time, 1.41% compilation time)
 10.027582 seconds (1.78 M allocations: 1.449 GiB, 29.46% gc time, 1.41% compilation time)
703
953
  9.540907 seconds (1.70 M allocations: 1.413 GiB, 26.68% gc time, 1.48% compilation time)
553
  9.717848 seconds (1.91 M allocations: 1.516 GiB, 26.19% gc time, 1.45% compilation time)
403
 10.596404 seconds (2.38 M allocations: 1.756 GiB, 27.88% gc time, 1.33% compilation time)
803
 10.143391 seconds (2.25 M allocations: 1.704 GiB, 25.09% gc time, 1.39% compilation time)
753
 10.737595 seconds (2.76 M allocations: 1.970 GiB, 23.70% gc time, 1.31% compilation time)
203
 11.407486 seconds (3.10 M allocations: 2.131 GiB, 25.90% gc time, 1.24% compilation time)
503
 10.946633 seconds (2.81 M allocations: 2.014 GiB, 23.25% gc time, 1.29% compilation time)
 10.892646 seconds (2.73 M allocations: 1.979 GiB, 23.37% gc time, 1.29% compilation time)
103
303
 11.994948 seconds (3.62 M allocations: 2.407 GiB, 24.63% gc time, 1.17% compilation time)
853
 11.686686 seconds (3.40 M allocations: 2.332 GiB, 21.78% gc time, 1.21% compilation time)
253
 12.492476 seconds (3.97 M allocations: 2.597 GiB, 23.65% gc time, 1.13% compilation time)
153
 12.511811 seconds (3.91 M allocations: 2.577 GiB, 23.61% gc time, 1.13% compilation time)
2
 12.235502 seconds (3.89 M allocations: 2.588 GiB, 20.80% gc time, 1.15% compilation time)
453
 12.395285 seconds (4.01 M allocations: 2.653 GiB, 20.53% gc time, 1.14% compilation time)
603
  7.686591 seconds (3.15 M allocations: 1.820 GiB, 33.11% gc time)
654
  9.205302 seconds (3.42 M allocations: 2.085 GiB, 27.65% gc time)
354
 11.297533 seconds (4.00 M allocations: 2.537 GiB, 22.53% gc time)
54
  6.638251 seconds (3.00 M allocations: 1.911 GiB)
554
  6.973412 seconds (3.25 M allocations: 2.048 GiB)
904
 13.370045 seconds (3.52 M allocations: 2.175 GiB, 46.42% gc time)
954
 12.835849 seconds (3.08 M allocations: 1.939 GiB, 48.35% gc time)
404
 12.226874 seconds (2.69 M allocations: 1.713 GiB, 50.76% gc time)
504
 14.031253 seconds (4.09 M allocations: 2.475 GiB, 44.23% gc time)
704
 13.349946 seconds (3.32 M allocations: 2.086 GiB, 46.49% gc time)
204
 13.482143 seconds (3.26 M allocations: 2.080 GiB, 46.04% gc time)
304
 13.219789 seconds (2.80 M allocations: 1.866 GiB, 46.95% gc time)
3
 12.452859 seconds (2.31 M allocations: 1.585 GiB, 49.84% gc time)
655
 13.584063 seconds (3.18 M allocations: 2.059 GiB, 45.69% gc time)
254
 15.272798 seconds (4.58 M allocations: 2.805 GiB, 40.64% gc time)
754
 15.717492 seconds (4.80 M allocations: 2.943 GiB, 39.49% gc time)
804
 14.416421 seconds (3.74 M allocations: 2.376 GiB, 43.05% gc time)
154
 13.461400 seconds (3.12 M allocations: 2.023 GiB, 46.11% gc time)
604
 15.010880 seconds (4.30 M allocations: 2.667 GiB, 41.35% gc time)
854
 15.841607 seconds (4.81 M allocations: 2.961 GiB, 39.18% gc time)
104
  4.110382 seconds (2.37 M allocations: 1.401 GiB)
405
 19.658373 seconds (4.11 M allocations: 2.574 GiB, 55.82% gc time)
454
  9.101132 seconds (2.43 M allocations: 1.447 GiB, 52.38% gc time)
505
 11.158064 seconds (3.45 M allocations: 2.074 GiB, 42.72% gc time)
55
 11.643418 seconds (3.54 M allocations: 2.161 GiB, 40.94% gc time)
555
 10.574348 seconds (2.89 M allocations: 1.787 GiB, 45.08% gc time)
205
 12.765605 seconds (3.82 M allocations: 2.393 GiB, 37.34% gc time)
905
 20.807049 seconds (4.84 M allocations: 2.996 GiB, 52.74% gc time)
355
  4.665947 seconds (1.57 M allocations: 1.122 GiB)
406
 11.006832 seconds (2.57 M allocations: 1.693 GiB, 43.31% gc time)
805
 11.881395 seconds (3.25 M allocations: 2.063 GiB, 40.12% gc time)
656
 13.726435 seconds (4.28 M allocations: 2.680 GiB, 34.73% gc time)
705
 14.701554 seconds (4.87 M allocations: 3.023 GiB, 32.42% gc time)
955
 12.480037 seconds (3.66 M allocations: 2.292 GiB, 38.19% gc time)
4
  5.842818 seconds (2.38 M allocations: 1.578 GiB)
455
  5.930088 seconds (2.41 M allocations: 1.600 GiB)
506
 13.599453 seconds (4.35 M allocations: 2.691 GiB, 35.05% gc time)
 12.447387 seconds (3.50 M allocations: 2.225 GiB, 38.30% gc time)
255
605
  5.070227 seconds (2.60 M allocations: 1.586 GiB)
56
 14.608657 seconds (5.22 M allocations: 3.153 GiB, 32.63% gc time)
305
 13.162309 seconds (4.17 M allocations: 2.573 GiB, 36.22% gc time)
155
 13.919652 seconds (4.34 M allocations: 2.719 GiB, 34.24% gc time)
855
 14.777199 seconds (4.47 M allocations: 2.860 GiB, 32.26% gc time)
105
 15.982067 seconds (5.25 M allocations: 3.304 GiB, 29.83% gc time)
755
  6.828181 seconds (3.31 M allocations: 2.056 GiB)
906
  8.205191 seconds (3.78 M allocations: 2.392 GiB)
206
  9.267006 seconds (4.21 M allocations: 2.676 GiB)
556
  7.691815 seconds (3.47 M allocations: 2.204 GiB)
806
  6.730341 seconds (2.82 M allocations: 1.836 GiB)
5
  7.670236 seconds (3.44 M allocations: 2.187 GiB)
657
  7.632959 seconds (3.40 M allocations: 2.167 GiB)
706
  6.671268 seconds (2.80 M allocations: 1.822 GiB)
456
  8.113390 seconds (3.80 M allocations: 2.380 GiB)
407
  6.851987 seconds (3.14 M allocations: 1.981 GiB)
507
  6.302332 seconds (2.78 M allocations: 1.772 GiB)
57
  9.363410 seconds (4.96 M allocations: 2.982 GiB)
356
  7.424608 seconds (3.24 M allocations: 2.075 GiB)
306
  7.940979 seconds (3.66 M allocations: 2.301 GiB)
606
  9.476613 seconds (4.71 M allocations: 2.888 GiB)
956
  8.503489 seconds (3.92 M allocations: 2.462 GiB)
256
  8.070847 seconds (3.60 M allocations: 2.284 GiB)
856
  9.200200 seconds (3.96 M allocations: 2.546 GiB)
156
  6.223455 seconds (3.08 M allocations: 1.886 GiB)
907
  7.457528 seconds (3.64 M allocations: 2.236 GiB)
756
  6.121038 seconds (3.18 M allocations: 1.912 GiB)
557
  9.171508 seconds (4.21 M allocations: 2.642 GiB)
106
  5.877930 seconds (2.44 M allocations: 1.588 GiB)
508
  7.238609 seconds (3.56 M allocations: 2.181 GiB)
807
  6.904502 seconds (3.07 M allocations: 1.947 GiB)
408
  7.207069 seconds (3.51 M allocations: 2.157 GiB)
6
  9.063574 seconds (4.50 M allocations: 2.744 GiB)
207
  8.004894 seconds (3.55 M allocations: 2.252 GiB)
658
  8.112824 seconds (3.67 M allocations: 2.311 GiB)
707
  8.053963 seconds (3.60 M allocations: 2.280 GiB)
457
  8.220253 seconds (3.70 M allocations: 2.338 GiB)
58
  7.290113 seconds (3.30 M allocations: 2.078 GiB)
307
  8.315627 seconds (3.79 M allocations: 2.382 GiB)
357
  7.450773 seconds (3.46 M allocations: 2.159 GiB)
607
  7.839051 seconds (3.56 M allocations: 2.235 GiB)
257
  7.993278 seconds (3.64 M allocations: 2.286 GiB)
957
 19.367818 seconds (2.95 M allocations: 1.848 GiB, 66.46% gc time)
558
 21.030995 seconds (3.78 M allocations: 2.356 GiB, 61.20% gc time)
857
 18.947245 seconds (2.95 M allocations: 1.808 GiB, 67.94% gc time)
107
 21.619917 seconds (4.02 M allocations: 2.516 GiB, 59.54% gc time)
157
 17.052888 seconds (1.95 M allocations: 1.216 GiB, 75.48% gc time)
458
 21.724152 seconds (4.13 M allocations: 2.573 GiB, 59.25% gc time)
908
 17.277383 seconds (2.11 M allocations: 1.302 GiB, 74.50% gc time)
659
 21.886828 seconds (4.40 M allocations: 2.703 GiB, 58.81% gc time)
757
 20.199619 seconds (3.89 M allocations: 2.323 GiB, 63.72% gc time)
509
 17.731053 seconds (2.32 M allocations: 1.441 GiB, 72.60% gc time)
308
 20.343248 seconds (3.81 M allocations: 2.313 GiB, 63.27% gc time)
409
  3.806916 seconds (1.92 M allocations: 1.183 GiB)
559
 20.994064 seconds (4.00 M allocations: 2.459 GiB, 61.31% gc time)
7
 19.416705 seconds (3.00 M allocations: 1.900 GiB, 66.29% gc time)
608
 21.062020 seconds (3.95 M allocations: 2.447 GiB, 61.11% gc time)
708
 22.376296 seconds (4.63 M allocations: 2.862 GiB, 57.52% gc time)
208
 23.080242 seconds (5.07 M allocations: 3.108 GiB, 55.77% gc time)
808
  4.865807 seconds (2.14 M allocations: 1.381 GiB)
909
  7.587469 seconds (3.57 M allocations: 2.247 GiB)
958
 22.531564 seconds (4.61 M allocations: 2.874 GiB, 57.13% gc time)
59
  4.955906 seconds (1.96 M allocations: 1.313 GiB)
410
  5.508883 seconds (2.31 M allocations: 1.515 GiB)
309
  4.994788 seconds (2.05 M allocations: 1.355 GiB)
560
  4.447504 seconds (1.88 M allocations: 1.228 GiB)
609
 24.394116 seconds (5.25 M allocations: 3.335 GiB, 52.77% gc time)
358
  7.275354 seconds (3.15 M allocations: 2.042 GiB)
510
 11.378002 seconds (5.22 M allocations: 3.317 GiB)
258
  9.216183 seconds (4.17 M allocations: 2.662 GiB)
459
  4.096016 seconds (1.92 M allocations: 1.209 GiB)
910
 11.241041 seconds (5.27 M allocations: 3.324 GiB)
858
  9.797131 seconds (4.37 M allocations: 2.804 GiB)
758
  3.764360 seconds (1.78 M allocations: 1.120 GiB)
310
  4.181660 seconds (2.06 M allocations: 1.279 GiB)
411
 12.477659 seconds (5.79 M allocations: 3.665 GiB)
158
  3.797122 seconds (1.68 M allocations: 1.087 GiB)
359
  8.153175 seconds (3.66 M allocations: 2.345 GiB)
809
  3.871922 seconds (1.88 M allocations: 1.175 GiB)
511
 13.580973 seconds (6.63 M allocations: 4.124 GiB)
108
 10.535582 seconds (4.88 M allocations: 3.091 GiB)
 12.938070 seconds (6.06 M allocations: 3.823 GiB)
8
660
  3.656215 seconds (1.89 M allocations: 1.155 GiB)
911
  9.565084 seconds (4.67 M allocations: 2.906 GiB)
  8.044275 seconds (3.93 M allocations: 2.446 GiB)
709
959
 10.440050 seconds (5.16 M allocations: 3.198 GiB)
209
  7.150022 seconds (3.86 M allocations: 2.327 GiB)
561
  3.711379 seconds (2.18 M allocations: 1.277 GiB)
412
  7.420828 seconds (4.08 M allocations: 2.446 GiB)
610
  9.753827 seconds (5.11 M allocations: 3.105 GiB)
60
  5.670358 seconds (3.23 M allocations: 1.913 GiB)
859
  8.007220 seconds (4.04 M allocations: 2.488 GiB)
460
  3.538154 seconds (1.42 M allocations: 970.843 MiB)
710
  7.557515 seconds (3.84 M allocations: 2.358 GiB)
759
 13.012054 seconds (3.38 M allocations: 2.128 GiB, 44.28% gc time)
159
 12.404299 seconds (2.60 M allocations: 1.745 GiB, 46.45% gc time)
661
 11.067623 seconds (1.93 M allocations: 1.333 GiB, 52.06% gc time)
562
 13.559142 seconds (3.59 M allocations: 2.275 GiB, 42.49% gc time)
512
 10.608398 seconds (1.71 M allocations: 1.196 GiB, 54.31% gc time)
 12.617742 seconds (2.71 M allocations: 1.812 GiB, 45.66% gc time)
61
912
 11.635994 seconds (2.50 M allocations: 1.625 GiB, 49.52% gc time)
413
 13.748934 seconds (3.66 M allocations: 2.319 GiB, 41.91% gc time)
9
  9.905538 seconds (1.80 M allocations: 1.159 GiB, 58.17% gc time)
461
 12.020918 seconds (2.54 M allocations: 1.682 GiB, 47.93% gc time)
860
  9.484997 seconds (1.77 M allocations: 1.106 GiB, 60.75% gc time)
760
 12.984379 seconds (3.18 M allocations: 2.048 GiB, 44.37% gc time)
611
 16.979376 seconds (5.39 M allocations: 3.362 GiB, 33.93% gc time)
810
  3.165900 seconds (1.32 M allocations: 890.593 MiB)
  3.601026 seconds (1.79 M allocations: 1.107 GiB)
913
563
 13.251374 seconds (3.28 M allocations: 2.110 GiB, 43.48% gc time)
711
 21.827268 seconds (7.78 M allocations: 4.847 GiB, 26.40% gc time)
259
 19.989250 seconds (6.95 M allocations: 4.314 GiB, 28.82% gc time)
311
  4.760198 seconds (2.36 M allocations: 1.460 GiB)
513
 17.961283 seconds (5.79 M allocations: 3.630 GiB, 32.08% gc time)
109
 19.838063 seconds (7.13 M allocations: 4.372 GiB, 29.04% gc time)
360
 17.846216 seconds (5.58 M allocations: 3.533 GiB, 32.29% gc time)
210
  7.247759 seconds (3.80 M allocations: 2.305 GiB)
160
  4.579948 seconds (2.17 M allocations: 1.361 GiB)
612
  7.584201 seconds (4.04 M allocations: 2.439 GiB)
662
 20.260476 seconds (6.75 M allocations: 4.260 GiB, 28.44% gc time)
960
  5.959851 seconds (2.84 M allocations: 1.778 GiB)
861
  8.108991 seconds (4.05 M allocations: 2.497 GiB)
62
  5.102180 seconds (2.56 M allocations: 1.574 GiB)
914
  8.493683 seconds (4.24 M allocations: 2.614 GiB)
414
  6.153226 seconds (2.95 M allocations: 1.842 GiB)
564
  5.414976 seconds (2.81 M allocations: 1.712 GiB)
  4.196244 seconds (1.97 M allocations: 1.238 GiB)
361
712
  8.798124 seconds (4.44 M allocations: 2.727 GiB)
10
  5.707156 seconds (3.06 M allocations: 1.841 GiB)
312
  6.368136 seconds (3.06 M allocations: 1.910 GiB)
110
  3.573103 seconds (1.75 M allocations: 1.086 GiB)
862
  9.939374 seconds (5.00 M allocations: 3.075 GiB)
761
  3.842185 seconds (1.79 M allocations: 1.131 GiB)
915
  9.670568 seconds (4.72 M allocations: 2.932 GiB)
811
  3.960465 seconds (1.78 M allocations: 1.139 GiB)
565
  3.347816 seconds (1.28 M allocations: 894.091 MiB)
313
 10.651934 seconds (4.72 M allocations: 3.034 GiB)
260
 14.078081 seconds (6.63 M allocations: 4.169 GiB)
462
  9.401008 seconds (4.20 M allocations: 2.694 GiB)
161
  9.890060 seconds (4.52 M allocations: 2.876 GiB)
211
  4.642437 seconds (1.82 M allocations: 1.226 GiB)
863
  9.075733 seconds (4.17 M allocations: 2.648 GiB)
663
  8.963357 seconds (4.15 M allocations: 2.631 GiB)
961
 11.482618 seconds (5.42 M allocations: 3.412 GiB)
514
  9.933867 seconds (4.71 M allocations: 2.958 GiB)
613
  7.916265 seconds (3.91 M allocations: 2.426 GiB)
415
  8.891075 seconds (4.56 M allocations: 2.792 GiB)
63
  7.774059 seconds (3.83 M allocations: 2.377 GiB)
362
  8.228525 seconds (3.94 M allocations: 2.472 GiB)
11
  9.035732 seconds (4.29 M allocations: 2.698 GiB)
713
 18.352332 seconds (2.85 M allocations: 1.788 GiB, 67.35% gc time)
566
 20.209696 seconds (3.48 M allocations: 2.240 GiB, 61.16% gc time) 16.307738 seconds (1.14 M allocations: 892.407 MiB, 75.79% gc time)
 15.960996 seconds (1.57 M allocations: 1.013 GiB, 77.44% gc time)
 18.513705 seconds (2.82 M allocations: 1.792 GiB, 66.76% gc time)

614
 20.769817 seconds (3.70 M allocations: 2.389 GiB, 59.51% gc time)
 20.742329 seconds (3.46 M allocations: 2.289 GiB, 59.59% gc time)
314
864
916
762
812
 15.419178 seconds (899.30 k allocations: 700.732 MiB, 80.16% gc time)
12
 18.230319 seconds (2.87 M allocations: 1.786 GiB, 67.80% gc time)
261
 18.603375 seconds (3.59 M allocations: 2.117 GiB, 66.44% gc time)
162
 19.773234 seconds (4.10 M allocations: 2.448 GiB, 62.51% gc time)
463
 24.388698 seconds (5.91 M allocations: 3.668 GiB, 50.68% gc time)
 19.042383 seconds (3.11 M allocations: 1.966 GiB, 64.91% gc time)
111
962
 17.710684 seconds (2.52 M allocations: 1.584 GiB, 69.79% gc time)
363
 19.739901 seconds (3.58 M allocations: 2.227 GiB, 62.62% gc time)
416
 19.522862 seconds (3.46 M allocations: 2.159 GiB, 63.31% gc time)
64
  3.085576 seconds (1.68 M allocations: 1.011 GiB)
567
 18.745941 seconds (3.25 M allocations: 1.993 GiB, 65.94% gc time)
714
  3.932206 seconds (2.11 M allocations: 1.274 GiB)
865
  3.177158 seconds (1.47 M allocations: 957.051 MiB)
464
  3.416285 seconds (1.44 M allocations: 968.956 MiB)
963
  5.477620 seconds (2.84 M allocations: 1.733 GiB)
763
  6.040046 seconds (3.03 M allocations: 1.870 GiB)
813
  3.192833 seconds (1.29 M allocations: 883.080 MiB)
568
  6.033063 seconds (2.80 M allocations: 1.776 GiB)
163
 24.661897 seconds (6.06 M allocations: 3.760 GiB, 50.12% gc time)
664
 24.471847 seconds (5.79 M allocations: 3.629 GiB, 50.51% gc time)
515
  7.699846 seconds (3.78 M allocations: 2.353 GiB)
615
  7.746432 seconds (3.84 M allocations: 2.381 GiB)
315
  7.893025 seconds (3.76 M allocations: 2.364 GiB)
262
  6.036814 seconds (2.74 M allocations: 1.754 GiB)
65
  3.198144 seconds (1.43 M allocations: 939.904 MiB)
569
 28.735373 seconds (7.99 M allocations: 4.973 GiB, 43.01% gc time)
212
  5.532871 seconds (2.21 M allocations: 1.480 GiB)
465
  3.037929 seconds (926.64 k allocations: 712.072 MiB)
316
 11.261862 seconds (5.20 M allocations: 3.303 GiB)
13
  7.597908 seconds (3.43 M allocations: 2.195 GiB)
715
  6.650964 seconds (3.03 M allocations: 1.931 GiB)
764
 10.477870 seconds (4.79 M allocations: 3.052 GiB)
112
 10.383349 seconds (4.70 M allocations: 3.004 GiB)
417
  3.507359 seconds (1.60 M allocations: 1.018 GiB)
570
 12.560552 seconds (3.73 M allocations: 2.425 GiB, 30.94% gc time)
814
  7.454679 seconds (1.37 M allocations: 950.524 MiB, 52.13% gc time)
466
 16.704278 seconds (5.71 M allocations: 3.670 GiB, 23.27% gc time)
364
 11.113631 seconds (3.11 M allocations: 2.020 GiB, 34.97% gc time)
616
 12.538358 seconds (3.99 M allocations: 2.529 GiB, 31.00% gc time)
164
  7.332981 seconds (1.62 M allocations: 1.017 GiB, 53.00% gc time)
716
 13.302036 seconds (4.15 M allocations: 2.669 GiB, 29.22% gc time)
  9.556487 seconds (2.46 M allocations: 1.590 GiB, 40.67% gc time)
 13.197230 seconds (4.09 M allocations: 2.638 GiB, 29.45% gc time)
317
665
516
 15.625443 seconds (5.40 M allocations: 3.428 GiB, 24.87% gc time)
964
  3.537957 seconds (1.69 M allocations: 1.059 GiB)
571
  8.084924 seconds (2.24 M allocations: 1.348 GiB, 48.07% gc time)
418
 17.699724 seconds (6.61 M allocations: 4.135 GiB, 21.96% gc time)
866
 21.951914 seconds (8.84 M allocations: 5.495 GiB, 17.70% gc time)
917
  3.063665 seconds (1.82 M allocations: 1.063 GiB)
815
 11.539314 seconds (3.84 M allocations: 2.362 GiB, 33.68% gc time)
14
  4.601230 seconds (2.04 M allocations: 1.315 GiB)
717
 15.493309 seconds (5.34 M allocations: 3.384 GiB, 25.08% gc time)
66
 12.828694 seconds (4.15 M allocations: 2.623 GiB, 30.30% gc time)
765
 14.073357 seconds (4.79 M allocations: 3.012 GiB, 27.62% gc time)
213
  3.540571 seconds (1.44 M allocations: 982.681 MiB)
  3.417950 seconds (1.27 M allocations: 899.866 MiB)
419
918
  6.942359 seconds (3.62 M allocations: 2.205 GiB)
365
  7.216216 seconds (3.63 M allocations: 2.239 GiB)
467
  7.299922 seconds (3.69 M allocations: 2.272 GiB)
617
  3.583237 seconds (1.76 M allocations: 1.096 GiB)
15
  8.238089 seconds (3.94 M allocations: 2.474 GiB)
165
  6.063014 seconds (2.73 M allocations: 1.750 GiB)
867
 15.160681 seconds (5.61 M allocations: 3.469 GiB, 25.64% gc time)
113
  3.534592 seconds (1.87 M allocations: 1.136 GiB)
67
  8.152294 seconds (3.99 M allocations: 2.487 GiB)
517
  3.291836 seconds (1.31 M allocations: 902.954 MiB)
468
  9.445909 seconds (4.48 M allocations: 2.822 GiB)
965
  8.578512 seconds (3.73 M allocations: 2.426 GiB)
816
 10.141972 seconds (4.68 M allocations: 2.980 GiB)
318
  3.184266 seconds (1.40 M allocations: 927.647 MiB)
868
  6.404806 seconds (3.12 M allocations: 1.947 GiB)
214
  3.082668 seconds (1.40 M allocations: 914.108 MiB)
68
  3.832284 seconds (1.72 M allocations: 1.101 GiB)
 11.516123 seconds (5.36 M allocations: 3.400 GiB)
114
572
  7.621650 seconds (3.74 M allocations: 2.327 GiB)
766
  5.587776 seconds (2.73 M allocations: 1.701 GiB)
16
 24.786987 seconds (10.12 M allocations: 6.315 GiB, 15.68% gc time)
263
  7.381220 seconds (3.54 M allocations: 2.222 GiB)
618
  6.346746 seconds (3.25 M allocations: 1.995 GiB)
166
  9.621522 seconds (4.64 M allocations: 2.905 GiB)
420
  6.043786 seconds (2.82 M allocations: 1.783 GiB)
518
 10.984439 seconds (5.49 M allocations: 3.396 GiB)
718
  5.831073 seconds (2.98 M allocations: 1.826 GiB)
469
  4.446114 seconds (2.42 M allocations: 1.455 GiB)
869
 15.495293 seconds (7.66 M allocations: 4.754 GiB)
666
  7.134285 seconds (3.50 M allocations: 2.175 GiB)
966
  5.944879 seconds (2.91 M allocations: 1.808 GiB)
215
 12.204155 seconds (5.90 M allocations: 3.687 GiB)
919
  6.912147 seconds (3.49 M allocations: 2.147 GiB)
319
  7.572731 seconds (3.91 M allocations: 2.388 GiB)
817
  5.455807 seconds (2.56 M allocations: 1.610 GiB)
264
  6.955787 seconds (3.22 M allocations: 2.037 GiB)
115
  7.506848 seconds (3.50 M allocations: 2.209 GiB)
767
  7.136304 seconds (3.09 M allocations: 1.998 GiB)
619
 15.088198 seconds (7.05 M allocations: 4.449 GiB)
366
  7.386855 seconds (3.26 M allocations: 2.090 GiB)
167
  9.300182 seconds (4.53 M allocations: 2.807 GiB)
69
  6.236981 seconds (2.70 M allocations: 1.744 GiB)
470
 11.234690 seconds (3.10 M allocations: 1.950 GiB, 40.30% gc time)
719
 14.125566 seconds (4.64 M allocations: 2.879 GiB, 32.05% gc time)
573
 12.452426 seconds (3.69 M allocations: 2.316 GiB, 36.36% gc time)
519
 14.354645 seconds (4.67 M allocations: 2.918 GiB, 31.54% gc time)
17
 12.277967 seconds (3.49 M allocations: 2.218 GiB, 36.88% gc time)
870
  9.644899 seconds (2.37 M allocations: 1.489 GiB, 46.94% gc time)
  8.553053 seconds (2.07 M allocations: 1.257 GiB, 52.93% gc time)
265
116
 12.556589 seconds (3.77 M allocations: 2.362 GiB, 36.06% gc time)
667
 13.936186 seconds (4.49 M allocations: 2.801 GiB, 32.49% gc time)
421
 12.116942 seconds (3.53 M allocations: 2.216 GiB, 37.37% gc time)
920
  3.347686 seconds (1.59 M allocations: 1021.554 MiB)
720
  3.030405 seconds (1.67 M allocations: 1022.697 MiB)
574
 12.945670 seconds (4.18 M allocations: 2.571 GiB, 34.97% gc time)
216
 10.275456 seconds (3.14 M allocations: 1.876 GiB, 44.06% gc time)
768
 14.331125 seconds (4.95 M allocations: 3.031 GiB, 31.59% gc time)
967
 13.325047 seconds (4.29 M allocations: 2.655 GiB, 33.98% gc time)
818
  3.211773 seconds (1.68 M allocations: 1.022 GiB)
266
 11.616916 seconds (3.75 M allocations: 2.269 GiB, 38.97% gc time)
367
 15.229063 seconds (5.18 M allocations: 3.218 GiB, 29.73% gc time)
320
  3.693978 seconds (1.67 M allocations: 1.066 GiB)
721
  7.720895 seconds (3.92 M allocations: 2.408 GiB)
471
  3.984252 seconds (1.55 M allocations: 1.049 GiB)
769
  6.786928 seconds (3.25 M allocations: 2.038 GiB)
18
  9.200976 seconds (4.45 M allocations: 2.781 GiB)
168
  3.193951 seconds (1.16 M allocations: 826.874 MiB)
321
 10.533728 seconds (4.90 M allocations: 3.102 GiB)
70
  9.584105 seconds (4.53 M allocations: 2.853 GiB)
520
  3.717116 seconds (1.51 M allocations: 1.002 GiB)
722
  3.591570 seconds (1.38 M allocations: 960.877 MiB)
472
 17.286720 seconds (6.29 M allocations: 3.894 GiB, 26.19% gc time)
620
  9.306520 seconds (4.43 M allocations: 2.782 GiB)
668
  8.480379 seconds (3.92 M allocations: 2.486 GiB)
422
  3.450421 seconds (1.75 M allocations: 1.074 GiB)
770
  8.320619 seconds (3.98 M allocations: 2.495 GiB)
575
  9.883988 seconds (5.00 M allocations: 3.073 GiB)
117
  9.913135 seconds (4.80 M allocations: 2.995 GiB)
921
  8.002381 seconds (3.80 M allocations: 2.385 GiB)
819
  8.141425 seconds (3.85 M allocations: 2.423 GiB)
267
 10.486256 seconds (4.82 M allocations: 3.064 GiB)
217
  3.756002 seconds (1.44 M allocations: 1001.902 MiB)
423
  3.488788 seconds (1.23 M allocations: 886.964 MiB)
576
 11.096266 seconds (4.95 M allocations: 3.179 GiB)
968
  7.686899 seconds (3.52 M allocations: 2.237 GiB)
19
  3.321722 seconds (1.31 M allocations: 902.467 MiB)
922
 15.273041 seconds (7.36 M allocations: 4.601 GiB)
871
  7.234075 seconds (3.65 M allocations: 2.247 GiB)
71
  7.952828 seconds (4.01 M allocations: 2.467 GiB)
322
 11.832237 seconds (5.47 M allocations: 3.469 GiB)
368
  7.648086 seconds (3.74 M allocations: 2.327 GiB)
723
 10.041764 seconds (4.78 M allocations: 2.998 GiB)
169
 18.309341 seconds (3.24 M allocations: 2.057 GiB, 61.50% gc time)
669
 19.632072 seconds (4.26 M allocations: 2.610 GiB, 57.35% gc time)
521
 16.588497 seconds (2.47 M allocations: 1.565 GiB, 67.88% gc time)
820
 18.422492 seconds (3.64 M allocations: 2.232 GiB, 61.12% gc time)
771
 16.487275 seconds (2.94 M allocations: 1.746 GiB, 68.29% gc time)
268
 20.777514 seconds (4.93 M allocations: 3.006 GiB, 54.19% gc time)
473
 19.986518 seconds (4.12 M allocations: 2.593 GiB, 56.34% gc time)
118
 16.660259 seconds (2.90 M allocations: 1.745 GiB, 67.58% gc time)
577
 21.289296 seconds (5.18 M allocations: 3.162 GiB, 52.89% gc time)
621
  3.021510 seconds (1.39 M allocations: 904.788 MiB)
170
  3.031448 seconds (1.28 M allocations: 859.994 MiB)
772
 18.437613 seconds (3.53 M allocations: 2.187 GiB, 61.07% gc time)
969
 18.195378 seconds (3.28 M allocations: 2.058 GiB, 61.88% gc time)
20
 17.748287 seconds (3.24 M allocations: 1.997 GiB, 63.44% gc time)
72
 18.798884 seconds (3.69 M allocations: 2.292 GiB, 59.90% gc time)
872
  3.375154 seconds (1.49 M allocations: 984.831 MiB)
119
  3.067856 seconds (1.27 M allocations: 859.840 MiB)
171
  4.023210 seconds (1.75 M allocations: 1.134 GiB)
622
 19.356474 seconds (3.92 M allocations: 2.445 GiB, 58.17% gc time)
369
 22.478156 seconds (5.73 M allocations: 3.513 GiB, 50.09% gc time)
218
 19.614492 seconds (4.14 M allocations: 2.562 GiB, 57.40% gc time)
323
  3.060278 seconds (1.54 M allocations: 972.602 MiB)
21
 21.490457 seconds (5.09 M allocations: 3.146 GiB, 52.39% gc time)
923
  8.797782 seconds (4.03 M allocations: 2.563 GiB)
670
 23.359937 seconds (6.26 M allocations: 3.819 GiB, 48.20% gc time)
424
  6.587449 seconds (3.10 M allocations: 1.956 GiB)
578
  3.040964 seconds (1.40 M allocations: 910.391 MiB)
370
 10.368697 seconds (4.75 M allocations: 3.023 GiB)
522
  3.048523 seconds (1.36 M allocations: 891.151 MiB)
324
  5.712521 seconds (2.63 M allocations: 1.671 GiB)
120
 11.200054 seconds (4.97 M allocations: 3.200 GiB)
269
  6.645275 seconds (3.07 M allocations: 1.948 GiB)
73
 11.947221 seconds (5.57 M allocations: 3.522 GiB)
821
  6.530864 seconds (3.19 M allocations: 1.980 GiB)
873
  4.140039 seconds (2.00 M allocations: 1.243 GiB)
924
  4.513618 seconds (2.15 M allocations: 1.345 GiB)
671
 11.909207 seconds (5.69 M allocations: 3.563 GiB)
474
 10.840254 seconds (5.03 M allocations: 3.183 GiB)
773
 14.693204 seconds (7.12 M allocations: 4.438 GiB)
724
  4.781466 seconds (2.38 M allocations: 1.470 GiB)
579
  7.729886 seconds (3.56 M allocations: 2.256 GiB)
22
 11.392410 seconds (5.56 M allocations: 3.458 GiB)
970
  3.565036 seconds (1.48 M allocations: 1002.350 MiB)
925
  6.375271 seconds (2.91 M allocations: 1.850 GiB)
371
 11.477224 seconds (5.36 M allocations: 3.384 GiB)
172
  8.845891 seconds (4.00 M allocations: 2.548 GiB)
425
  6.862479 seconds (3.07 M allocations: 1.967 GiB)
270
  7.612845 seconds (3.47 M allocations: 2.205 GiB)
  4.285661 seconds (1.76 M allocations: 1.164 GiB)
325
 11.084613 seconds (5.08 M allocations: 3.226 GiB)
219
774
  6.378117 seconds (2.88 M allocations: 1.842 GiB)
822
  8.794461 seconds (4.49 M allocations: 2.744 GiB)
523
 12.615615 seconds (6.46 M allocations: 3.950 GiB)
623
  5.274130 seconds (2.57 M allocations: 1.597 GiB)
725
  6.024314 seconds (2.79 M allocations: 1.764 GiB)
580
  9.552950 seconds (4.55 M allocations: 2.852 GiB)
74
  8.680038 seconds (4.05 M allocations: 2.558 GiB)
874
  7.957040 seconds (3.80 M allocations: 2.380 GiB)
475
  7.296664 seconds (3.39 M allocations: 2.140 GiB)
23
  9.664614 seconds (4.47 M allocations: 2.834 GiB)
672
  6.304294 seconds (2.90 M allocations: 1.842 GiB)
372
 12.133168 seconds (5.68 M allocations: 3.580 GiB)
121
 27.095766 seconds (3.13 M allocations: 1.935 GiB, 76.60% gc time)
 26.110654 seconds (2.23 M allocations: 1.466 GiB, 79.49% gc time)
173
326
 26.699581 seconds (2.65 M allocations: 1.697 GiB, 77.74% gc time)
220
 29.161172 seconds (4.22 M allocations: 2.593 GiB, 71.18% gc time)
926
 26.903834 seconds (2.78 M allocations: 1.772 GiB, 77.15% gc time)
524
 26.034619 seconds (2.47 M allocations: 1.554 GiB, 79.72% gc time)
726
 30.374481 seconds (4.92 M allocations: 3.007 GiB, 68.33% gc time)
971
 28.449441 seconds (3.62 M allocations: 2.279 GiB, 72.96% gc time)
775
 28.675186 seconds (3.75 M allocations: 2.355 GiB, 72.38% gc time)
823
 28.088113 seconds (3.42 M allocations: 2.159 GiB, 73.89% gc time)
624
 29.929627 seconds (4.49 M allocations: 2.790 GiB, 69.35% gc time)
271
 28.084817 seconds (3.36 M allocations: 2.131 GiB, 73.90% gc time)
875
  4.900219 seconds (2.09 M allocations: 1.365 GiB)
327
  3.361558 seconds (1.25 M allocations: 880.442 MiB)
972
  3.348614 seconds (1.32 M allocations: 907.288 MiB)
776
  6.324101 seconds (3.06 M allocations: 1.909 GiB)
373
  3.120562 seconds (1.15 M allocations: 811.199 MiB)
824
 29.098881 seconds (3.92 M allocations: 2.469 GiB, 71.33% gc time)
75
  6.394755 seconds (3.22 M allocations: 1.981 GiB)
174
  6.382679 seconds (3.12 M allocations: 1.942 GiB)
221
  7.541826 seconds (3.60 M allocations: 2.259 GiB)
122
 35.106182 seconds (7.13 M allocations: 4.402 GiB, 59.12% gc time)
426
 31.331211 seconds (5.01 M allocations: 3.142 GiB, 66.25% gc time)
476
  6.097116 seconds (2.57 M allocations: 1.681 GiB)
625
  3.431282 seconds (1.64 M allocations: 1.027 GiB)
328
  3.133337 seconds (1.51 M allocations: 966.046 MiB)
777
  3.032247 seconds (1.62 M allocations: 1001.570 MiB)
374
  3.031057 seconds (1.53 M allocations: 964.555 MiB)
175
 33.631563 seconds (6.60 M allocations: 4.038 GiB, 61.71% gc time)
581
  6.087199 seconds (3.21 M allocations: 1.944 GiB)
876
  3.085254 seconds (1.11 M allocations: 792.904 MiB)
427
  3.376378 seconds (1.25 M allocations: 883.794 MiB)
329
  3.104834 seconds (1.03 M allocations: 762.545 MiB)
375
  3.024196 seconds (1.05 M allocations: 763.521 MiB)
176
  6.912447 seconds (3.20 M allocations: 2.030 GiB)
76
 12.490895 seconds (6.07 M allocations: 3.783 GiB)
927
  6.511164 seconds (3.01 M allocations: 1.913 GiB)
222
  5.587141 seconds (2.33 M allocations: 1.536 GiB)
778
 15.400874 seconds (7.56 M allocations: 4.696 GiB)
673
 36.672727 seconds (7.88 M allocations: 4.879 GiB, 56.60% gc time)
24
  3.028950 seconds (1.50 M allocations: 951.342 MiB)
428
 14.705445 seconds (6.96 M allocations: 4.378 GiB)
727
  8.239211 seconds (3.96 M allocations: 2.480 GiB)
123
  3.798211 seconds (1.89 M allocations: 1.168 GiB)
376
 13.221547 seconds (5.18 M allocations: 3.229 GiB, 19.40% gc time)
825
 15.081518 seconds (6.47 M allocations: 3.950 GiB, 17.01% gc time)
272
 10.189994 seconds (3.45 M allocations: 2.204 GiB, 25.17% gc time)
582
 11.676132 seconds (4.32 M allocations: 2.714 GiB, 21.96% gc time)
626
  5.637877 seconds (1.42 M allocations: 916.279 MiB, 45.49% gc time)
429
  8.041359 seconds (2.84 M allocations: 1.730 GiB, 31.89% gc time)
177
  8.523610 seconds (3.08 M allocations: 1.876 GiB, 30.09% gc time)
330
 11.087830 seconds (4.11 M allocations: 2.569 GiB, 23.13% gc time)
877
  3.044779 seconds (1.40 M allocations: 907.863 MiB)
826
 21.545477 seconds (9.18 M allocations: 5.726 GiB, 11.90% gc time)
525
  9.850430 seconds (3.46 M allocations: 2.169 GiB, 26.04% gc time)
928
 18.441301 seconds (7.89 M allocations: 4.878 GiB, 13.91% gc time)
973
  4.423671 seconds (2.01 M allocations: 1.279 GiB)
273
  4.320093 seconds (1.74 M allocations: 1.161 GiB)
430
  4.081090 seconds (1.56 M allocations: 1.060 GiB)
331
 16.803640 seconds (6.65 M allocations: 4.198 GiB, 15.26% gc time)
477
 12.023067 seconds (4.52 M allocations: 2.830 GiB, 21.33% gc time)
223
  4.863244 seconds (2.12 M allocations: 1.370 GiB)
178
  4.279066 seconds (1.86 M allocations: 1.204 GiB)
827
 13.541313 seconds (5.30 M allocations: 3.308 GiB, 18.94% gc time)
77
 11.037768 seconds (4.06 M allocations: 2.536 GiB, 23.24% gc time)
728
 13.580063 seconds (4.89 M allocations: 3.139 GiB, 18.89% gc time)
674
 13.766273 seconds (4.98 M allocations: 3.197 GiB, 18.63% gc time)
25
  3.418895 seconds (1.40 M allocations: 952.713 MiB)
332
  3.870205 seconds (1.85 M allocations: 1.158 GiB)
 14.091724 seconds (5.45 M allocations: 3.425 GiB, 18.20% gc time)
431
779
 13.565851 seconds (5.34 M allocations: 3.325 GiB, 18.91% gc time)
124
 11.137280 seconds (5.18 M allocations: 3.274 GiB)  9.481255 seconds (4.26 M allocations: 2.729 GiB)
  3.568564 seconds (1.46 M allocations: 989.652 MiB)

  3.776603 seconds (1.68 M allocations: 1.081 GiB)
627
 11.220648 seconds (4.79 M allocations: 3.125 GiB)
179
828
583
377
  6.441910 seconds (2.49 M allocations: 1.690 GiB)
478
  3.143335 seconds (1.17 M allocations: 827.940 MiB)
333
  9.034139 seconds (3.94 M allocations: 2.555 GiB)
526
  3.157922 seconds (1.43 M allocations: 935.664 MiB)
675
  3.162345 seconds (1.62 M allocations: 1016.542 MiB)
432
  8.975334 seconds (4.79 M allocations: 2.896 GiB)
929
  5.793665 seconds (3.17 M allocations: 1.900 GiB)
729
  9.858601 seconds (5.12 M allocations: 3.123 GiB)
974
 15.077763 seconds (6.24 M allocations: 3.885 GiB, 14.97% gc time)
878
 10.521808 seconds (4.08 M allocations: 2.528 GiB, 21.45% gc time)
78
  5.472465 seconds (1.62 M allocations: 1018.000 MiB, 41.23% gc time)
378
  5.648958 seconds (2.01 M allocations: 1.173 GiB, 39.95% gc time)
180
  5.995697 seconds (1.72 M allocations: 1.092 GiB, 37.64% gc time)
334
  9.517042 seconds (3.63 M allocations: 2.240 GiB, 23.71% gc time)
26
  5.305350 seconds (1.28 M allocations: 860.130 MiB, 42.53% gc time)
730
 13.144338 seconds (5.49 M allocations: 3.377 GiB, 17.17% gc time)
224
  7.971872 seconds (2.66 M allocations: 1.679 GiB, 28.31% gc time)
628
  3.512829 seconds (1.61 M allocations: 1.025 GiB)
879
  8.370767 seconds (2.69 M allocations: 1.734 GiB, 26.96% gc time)
479
  3.022199 seconds (1.30 M allocations: 867.613 MiB)
181
  3.500049 seconds (1.65 M allocations: 1.037 GiB)
379
 13.449112 seconds (5.33 M allocations: 3.344 GiB, 16.78% gc time)
780
 10.950302 seconds (3.66 M allocations: 2.400 GiB, 20.61% gc time)
125
 19.383938 seconds (8.13 M allocations: 5.109 GiB, 11.64% gc time)
274
  4.196640 seconds (1.61 M allocations: 1.097 GiB)
731
  6.029248 seconds (2.74 M allocations: 1.751 GiB)
79
  3.021348 seconds (1.43 M allocations: 923.427 MiB)
880
  3.388589 seconds (1.46 M allocations: 973.114 MiB)
182
  6.051246 seconds (2.67 M allocations: 1.724 GiB)
27
 12.836580 seconds (5.20 M allocations: 3.228 GiB, 17.58% gc time)
829
  7.106796 seconds (3.21 M allocations: 2.055 GiB)
335
  6.208242 seconds (2.83 M allocations: 1.804 GiB)
629
  3.034139 seconds (1.28 M allocations: 857.306 MiB)
732
 14.706303 seconds (5.92 M allocations: 3.720 GiB, 15.34% gc time)
527
  3.465064 seconds (1.75 M allocations: 1.077 GiB)
275
 14.824175 seconds (5.83 M allocations: 3.694 GiB, 15.22% gc time)
 14.782910 seconds (5.79 M allocations: 3.674 GiB, 15.26% gc time)
676
433
  6.485664 seconds (3.18 M allocations: 1.977 GiB)
480
  3.415363 seconds (1.73 M allocations: 1.065 GiB)
881
  4.254116 seconds (1.85 M allocations: 1.198 GiB)
830
 10.975297 seconds (4.89 M allocations: 3.142 GiB)
225
  7.307734 seconds (3.38 M allocations: 2.142 GiB)
  5.918985 seconds (2.44 M allocations: 1.611 GiB)
183126

 19.260026 seconds (8.34 M allocations: 5.180 GiB, 11.72% gc time)
584
  4.505059 seconds (2.05 M allocations: 1.305 GiB)
733
 19.091884 seconds (7.80 M allocations: 4.942 GiB, 11.82% gc time)
930
  8.623506 seconds (3.97 M allocations: 2.518 GiB)
80
  4.877035 seconds (1.71 M allocations: 1.205 GiB)
481
 16.190355 seconds (7.68 M allocations: 4.828 GiB)
975
  5.771988 seconds (2.47 M allocations: 1.609 GiB)
276
  9.172346 seconds (4.22 M allocations: 2.680 GiB)
28
  6.893331 seconds (2.78 M allocations: 1.854 GiB)
434
 12.748768 seconds (6.11 M allocations: 3.827 GiB)
380
  9.153966 seconds (4.35 M allocations: 2.733 GiB)
336
 10.710762 seconds (3.22 M allocations: 2.160 GiB, 24.10% gc time)
882
 11.591954 seconds (4.20 M allocations: 2.656 GiB, 22.27% gc time)
630
 15.376222 seconds (6.45 M allocations: 3.969 GiB, 16.79% gc time)
 11.521808 seconds (4.28 M allocations: 2.681 GiB, 22.41% gc time)
528
781
 11.564142 seconds (4.09 M allocations: 2.608 GiB, 22.32% gc time)
677
  6.658886 seconds (2.07 M allocations: 1.272 GiB, 38.77% gc time)
482
  8.325690 seconds (3.11 M allocations: 1.874 GiB, 31.01% gc time)
184
  6.174790 seconds (1.93 M allocations: 1.166 GiB, 41.81% gc time)
277
  8.952016 seconds (3.12 M allocations: 1.945 GiB, 28.84% gc time)
931
  6.490645 seconds (1.84 M allocations: 1.162 GiB, 39.77% gc time)
381
 10.979726 seconds (4.23 M allocations: 2.610 GiB, 23.51% gc time)
226
 12.378942 seconds (4.77 M allocations: 2.977 GiB, 20.85% gc time)
831
 10.980929 seconds (4.29 M allocations: 2.631 GiB, 23.51% gc time)
127
  3.138565 seconds (1.38 M allocations: 908.301 MiB)
483
  8.174064 seconds (2.90 M allocations: 1.771 GiB, 31.58% gc time)
435
 11.769532 seconds (4.63 M allocations: 2.851 GiB, 21.93% gc time)
734
 11.867481 seconds (4.68 M allocations: 2.884 GiB, 21.75% gc time)
585
 11.090007 seconds (4.30 M allocations: 2.646 GiB, 23.28% gc time)
81
  4.544181 seconds (2.09 M allocations: 1.324 GiB)
278
  3.046369 seconds (1.65 M allocations: 1013.287 MiB)
382
  3.094143 seconds (1.52 M allocations: 964.236 MiB)
227
  3.435189 seconds (1.65 M allocations: 1.031 GiB)
832
  3.065240 seconds (1.47 M allocations: 941.145 MiB)
436
 11.690210 seconds (4.79 M allocations: 2.910 GiB, 22.08% gc time)
29
  7.689779 seconds (4.11 M allocations: 2.478 GiB)
883
 13.872891 seconds (5.74 M allocations: 3.523 GiB, 18.61% gc time)
976
  7.460029 seconds (3.85 M allocations: 2.348 GiB)
678
  9.151481 seconds (4.70 M allocations: 2.870 GiB)
631
  9.107075 seconds (4.57 M allocations: 2.813 GiB)
529
  9.130971 seconds (4.61 M allocations: 2.834 GiB)
782
  4.844398 seconds (2.56 M allocations: 1.548 GiB)
484
  3.038895 seconds (1.73 M allocations: 1.021 GiB)
833
  3.370570 seconds (1.69 M allocations: 1.041 GiB)
437
  6.322259 seconds (2.72 M allocations: 1.766 GiB)
383
  3.341441 seconds (929.49 k allocations: 744.825 MiB)
485
  3.050679 seconds (869.06 k allocations: 689.052 MiB)
834
  6.410323 seconds (2.45 M allocations: 1.672 GiB)
884
  9.371602 seconds (4.12 M allocations: 2.657 GiB)
586
  9.330879 seconds (4.06 M allocations: 2.630 GiB)
82
  6.918424 seconds (2.71 M allocations: 1.828 GiB)
977
 12.473194 seconds (5.85 M allocations: 3.686 GiB)
932
 11.829011 seconds (5.43 M allocations: 3.448 GiB)
  3.245077 seconds (1.33 M allocations: 901.716 MiB)
128
384
 10.729353 seconds (4.86 M allocations: 3.104 GiB)
735
  7.764350 seconds (3.34 M allocations: 2.175 GiB)
679
  8.457768 seconds (3.88 M allocations: 2.467 GiB)
30
 16.360900 seconds (8.34 M allocations: 5.113 GiB)
337
  5.806084 seconds (2.76 M allocations: 1.735 GiB)
438
 10.794265 seconds (5.27 M allocations: 3.279 GiB)
279
 11.040187 seconds (5.29 M allocations: 3.310 GiB)
228
 17.341527 seconds (8.17 M allocations: 5.143 GiB)
185
  9.560171 seconds (4.49 M allocations: 2.829 GiB)
632
  4.465375 seconds (2.29 M allocations: 1.399 GiB)
978
  7.917539 seconds (1.62 M allocations: 1.174 GiB, 37.06% gc time)
  6.731021 seconds (1.11 M allocations: 865.920 MiB, 43.60% gc time)
736
439
  9.316502 seconds (2.89 M allocations: 1.841 GiB, 31.50% gc time)
83
  5.991099 seconds (1.11 M allocations: 787.654 MiB, 48.98% gc time)
229
  9.641947 seconds (3.26 M allocations: 2.027 GiB, 30.44% gc time)
587
  8.527247 seconds (2.14 M allocations: 1.453 GiB, 34.41% gc time)
338
 12.042297 seconds (4.56 M allocations: 2.811 GiB, 24.37% gc time)
486
  6.636391 seconds (1.64 M allocations: 1.056 GiB, 44.22% gc time)
186
 11.940951 seconds (4.55 M allocations: 2.798 GiB, 24.58% gc time)
835
  9.158692 seconds (2.85 M allocations: 1.811 GiB, 32.04% gc time)
 15.749992 seconds (5.85 M allocations: 3.727 GiB, 18.63% gc time)
680
783
  9.224189 seconds (2.97 M allocations: 1.870 GiB, 31.81% gc time)
31
 10.369346 seconds (4.12 M allocations: 2.462 GiB, 28.30% gc time)
385
  3.089554 seconds (1.99 M allocations: 1.142 GiB)
440
  3.023236 seconds (1.91 M allocations: 1.101 GiB)
737
 11.842543 seconds (4.67 M allocations: 2.837 GiB, 24.78% gc time)
129
  3.037522 seconds (1.65 M allocations: 1015.225 MiB)
487
 18.909255 seconds (7.59 M allocations: 4.771 GiB, 15.52% gc time)
530
  3.248655 seconds (1.30 M allocations: 890.963 MiB)
784
  7.366829 seconds (3.68 M allocations: 2.274 GiB)
979
 14.503813 seconds (5.58 M allocations: 3.483 GiB, 20.23% gc time)
933
  6.714374 seconds (3.16 M allocations: 1.985 GiB)
588
 17.416906 seconds (7.21 M allocations: 4.450 GiB, 16.85% gc time)
885
 12.756275 seconds (4.71 M allocations: 2.943 GiB, 23.01% gc time)
633
  4.579561 seconds (1.67 M allocations: 1.149 GiB)
441
  6.905247 seconds (2.62 M allocations: 1.782 GiB)
32
 16.416405 seconds (6.16 M allocations: 3.913 GiB, 17.88% gc time)
280
  6.053420 seconds (1.83 M allocations: 1.351 GiB)
 11.384476 seconds (4.42 M allocations: 2.952 GiB)  9.383697 seconds (4.16 M allocations: 2.668 GiB)  7.373622 seconds (2.85 M allocations: 1.917 GiB)
  9.151722 seconds (3.45 M allocations: 2.347 GiB)  4.221738 seconds (1.43 M allocations: 1.012 GiB)


  4.761077 seconds (1.37 M allocations: 1.031 GiB)
  7.174384 seconds (2.10 M allocations: 1.562 GiB)
  8.473282 seconds (3.23 M allocations: 2.190 GiB)

  3.790232 seconds (512.99 k allocations: 571.007 MiB)
  7.616413 seconds (2.46 M allocations: 1.771 GiB)
  7.205230 seconds (2.61 M allocations: 1.799 GiB)
 11.125520 seconds (4.01 M allocations: 2.746 GiB)
  9.233050 seconds (3.33 M allocations: 2.304 GiB)
  6.898715 seconds (2.08 M allocations: 1.531 GiB)
339
531980  3.346833 seconds (518.21 k allocations: 547.039 MiB)


386
230
681
84
130
785
934
488
738
187
836
442
33
  6.209287 seconds (3.13 M allocations: 1.838 GiB)
634
  7.157857 seconds (3.76 M allocations: 2.196 GiB)
589
  7.471614 seconds (3.96 M allocations: 2.311 GiB)
886
  3.929443 seconds (1.12 M allocations: 883.353 MiB)
340
  5.088525 seconds (1.37 M allocations: 1.082 GiB)
387
  3.718107 seconds (995.48 k allocations: 809.471 MiB)
635
  5.650303 seconds (1.66 M allocations: 1.262 GiB)
837
  5.976283 seconds (2.51 M allocations: 1.639 GiB)
786
  3.018878 seconds (996.75 k allocations: 738.373 MiB)
341
  7.526724 seconds (2.45 M allocations: 1.779 GiB)
281
  8.107215 seconds (2.58 M allocations: 1.894 GiB)
935
  8.313438 seconds (2.75 M allocations: 1.982 GiB)
  8.380389 seconds (2.94 M allocations: 2.066 GiB)
34
85
  8.533221 seconds (3.43 M allocations: 2.284 GiB)
532
  8.775688 seconds (3.38 M allocations: 2.290 GiB)
981
 11.881550 seconds (3.37 M allocations: 2.310 GiB, 23.86% gc time)
131
 12.214257 seconds (4.07 M allocations: 2.629 GiB, 23.21% gc time)
443
 12.225689 seconds (3.59 M allocations: 2.438 GiB, 23.19% gc time)
231
  6.968491 seconds (2.23 M allocations: 1.338 GiB, 40.68% gc time)
388
 12.602752 seconds (4.23 M allocations: 2.737 GiB, 22.49% gc time)
489
 13.023338 seconds (4.32 M allocations: 2.818 GiB, 21.77% gc time)
188
  5.932672 seconds (1.81 M allocations: 1.057 GiB, 47.79% gc time)
936
 12.695663 seconds (4.10 M allocations: 2.696 GiB, 22.33% gc time)
590
  8.831695 seconds (2.86 M allocations: 1.788 GiB, 32.10% gc time)
  3.023069 seconds (1.51 M allocations: 954.347 MiB)
838
533
 15.744385 seconds (5.34 M allocations: 3.517 GiB, 18.01% gc time)
682
  3.146376 seconds (1.29 M allocations: 875.815 MiB)
389
  3.040187 seconds (1.21 M allocations: 833.554 MiB)
 15.858909 seconds (5.43 M allocations: 3.569 GiB, 17.88% gc time)
490
739
 10.966966 seconds (4.32 M allocations: 2.611 GiB, 25.85% gc time)
636
  9.944166 seconds (3.76 M allocations: 2.277 GiB, 28.51% gc time)
282
  3.142425 seconds (1.29 M allocations: 874.360 MiB)
839
  9.879565 seconds (3.58 M allocations: 2.193 GiB, 28.69% gc time)
86
  3.110884 seconds (1.23 M allocations: 846.508 MiB)
390
  3.032809 seconds (1.02 M allocations: 748.580 MiB)
740
  7.204394 seconds (3.56 M allocations: 2.208 GiB)
132
  3.543565 seconds (1.49 M allocations: 1000.776 MiB)
 12.195243 seconds (4.96 M allocations: 3.003 GiB, 23.25% gc time)
491
342
  6.829836 seconds (3.33 M allocations: 2.077 GiB)
189
 12.693258 seconds (5.02 M allocations: 3.077 GiB, 22.33% gc time)
35
  3.532388 seconds (1.69 M allocations: 1.061 GiB)
840
  4.950695 seconds (2.18 M allocations: 1.409 GiB)
637
  9.553060 seconds (4.52 M allocations: 2.847 GiB)
232
  3.378757 seconds (1.70 M allocations: 1.049 GiB)
391
 20.594137 seconds (8.14 M allocations: 5.174 GiB, 13.77% gc time)
  3.306184 seconds (1.33 M allocations: 910.822 MiB)
492
887
  4.398966 seconds (1.74 M allocations: 1.170 GiB)
343
 18.388471 seconds (7.48 M allocations: 4.678 GiB, 15.42% gc time)
787
 12.599509 seconds (6.19 M allocations: 3.843 GiB)
982
  9.379909 seconds (4.14 M allocations: 2.665 GiB)
683
  3.060255 seconds (1.13 M allocations: 795.126 MiB)
493
 16.093866 seconds (6.61 M allocations: 4.150 GiB, 13.40% gc time)
444
  6.281749 seconds (1.87 M allocations: 1.188 GiB, 34.34% gc time)
638
 10.969590 seconds (4.16 M allocations: 2.615 GiB, 19.66% gc time)
283
  9.889481 seconds (3.52 M allocations: 2.240 GiB, 21.81% gc time)
 14.692849 seconds (5.96 M allocations: 3.742 GiB, 14.68% gc time)
133
591
  6.841188 seconds (2.17 M allocations: 1.370 GiB, 31.53% gc time)
392
  8.024302 seconds (2.90 M allocations: 1.795 GiB, 26.88% gc time)
841
 10.570364 seconds (4.06 M allocations: 2.535 GiB, 20.41% gc time)
741
 12.218197 seconds (5.02 M allocations: 3.099 GiB, 17.66% gc time)
87
 10.850317 seconds (4.04 M allocations: 2.557 GiB, 19.88% gc time)
190
  3.021331 seconds (1.57 M allocations: 981.855 MiB)
445
  3.155572 seconds (1.69 M allocations: 1.025 GiB)
639
 18.359123 seconds (7.57 M allocations: 4.782 GiB, 11.75% gc time)
534
  9.494020 seconds (3.22 M allocations: 2.081 GiB, 22.72% gc time)
344
  5.932923 seconds (2.67 M allocations: 1.711 GiB)
494
 10.762776 seconds (3.83 M allocations: 2.461 GiB, 20.04% gc time)
888
  4.199588 seconds (1.67 M allocations: 1.121 GiB)
742
 12.287603 seconds (4.77 M allocations: 3.003 GiB, 17.56% gc time)
233
 19.747400 seconds (8.44 M allocations: 5.286 GiB, 10.92% gc time)
937
  5.667359 seconds (2.78 M allocations: 1.726 GiB)
134
  3.698019 seconds (1.61 M allocations: 1.040 GiB)
446
  9.765789 seconds (4.02 M allocations: 2.437 GiB, 22.09% gc time)
684
 14.155195 seconds (6.18 M allocations: 3.775 GiB, 15.24% gc time)
36
  6.430146 seconds (3.34 M allocations: 2.038 GiB)
592
 11.430216 seconds (4.81 M allocations: 2.937 GiB, 18.87% gc time)
983
  6.583708 seconds (3.28 M allocations: 2.026 GiB)
842
 12.172993 seconds (5.31 M allocations: 3.215 GiB, 17.72% gc time)
788
  6.841098 seconds (3.53 M allocations: 2.155 GiB)
393
  3.097955 seconds (1.87 M allocations: 1.084 GiB)
938
  3.230342 seconds (1.82 M allocations: 1.080 GiB)
234
  9.884254 seconds (4.92 M allocations: 3.040 GiB)
284
  8.065758 seconds (3.72 M allocations: 2.358 GiB)
  8.317266 seconds (3.98 M allocations: 2.489 GiB)
640
191
  6.177014 seconds (3.53 M allocations: 2.087 GiB)
345
  5.949462 seconds (2.59 M allocations: 1.674 GiB)
685
  7.069194 seconds (3.47 M allocations: 2.153 GiB)
889
  3.201447 seconds (1.20 M allocations: 842.358 MiB)
235
  6.392422 seconds (3.02 M allocations: 1.899 GiB)
135
  7.797141 seconds (4.07 M allocations: 2.473 GiB)
535
  6.109114 seconds (2.82 M allocations: 1.787 GiB)
984
  3.200927 seconds (1.61 M allocations: 1014.946 MiB)
 11.742227 seconds (5.84 M allocations: 3.606 GiB)
285
88
  6.037864 seconds (2.59 M allocations: 1.686 GiB)
394
  3.114992 seconds (1.68 M allocations: 1.011 GiB)
  6.079322 seconds (2.80 M allocations: 1.777 GiB)
346
939
  7.829746 seconds (3.52 M allocations: 2.251 GiB)
789
  3.641008 seconds (1.93 M allocations: 1.168 GiB)
890
 10.092446 seconds (4.81 M allocations: 3.014 GiB)
447
 11.016011 seconds (5.45 M allocations: 3.373 GiB)
743
 10.201856 seconds (4.40 M allocations: 2.857 GiB)
  3.931399 seconds (1.41 M allocations: 1005.529 MiB)
843
286
 11.542799 seconds (5.43 M allocations: 3.414 GiB)
37
  6.141519 seconds (2.94 M allocations: 1.834 GiB)
136
  6.121933 seconds (2.88 M allocations: 1.809 GiB)
686
 11.887196 seconds (5.47 M allocations: 3.465 GiB)
593
  6.798700 seconds (3.19 M allocations: 2.006 GiB)
536
 14.986942 seconds (7.61 M allocations: 4.665 GiB)
495
  7.099335 seconds (3.34 M allocations: 2.097 GiB)
985
  5.525726 seconds (2.53 M allocations: 1.600 GiB)
940
  7.785059 seconds (3.79 M allocations: 2.352 GiB)
236
  7.812166 seconds (3.46 M allocations: 2.220 GiB)
395
 11.486608 seconds (5.50 M allocations: 3.436 GiB)
641
  5.797743 seconds (2.72 M allocations: 1.710 GiB)
448
 10.317373 seconds (3.26 M allocations: 2.058 GiB, 31.65% gc time)
790
 12.850311 seconds (4.25 M allocations: 2.727 GiB, 25.41% gc time)
89
  8.811221 seconds (2.70 M allocations: 1.673 GiB, 37.06% gc time)
287
 10.664127 seconds (3.39 M allocations: 2.150 GiB, 30.62% gc time)
744
 16.865334 seconds (6.60 M allocations: 4.102 GiB, 19.36% gc time)
192
  6.385300 seconds (1.28 M allocations: 865.129 MiB, 51.14% gc time)
642
 13.852954 seconds (4.72 M allocations: 3.020 GiB, 23.57% gc time)
347
  9.827629 seconds (2.93 M allocations: 1.876 GiB, 33.23% gc time)
687
  3.027172 seconds (1.38 M allocations: 900.203 MiB)
  3.207639 seconds (1.56 M allocations: 994.761 MiB)
791
449
 11.298241 seconds (3.95 M allocations: 2.445 GiB, 28.90% gc time)
38
  3.036880 seconds (1.37 M allocations: 897.756 MiB)
288
 13.828443 seconds (5.32 M allocations: 3.266 GiB, 23.61% gc time)
891
 12.724287 seconds (4.81 M allocations: 2.945 GiB, 25.66% gc time)
844
 11.535834 seconds (4.21 M allocations: 2.578 GiB, 28.31% gc time)
594
 10.878221 seconds (3.57 M allocations: 2.250 GiB, 30.02% gc time)
237
 11.454284 seconds (3.87 M allocations: 2.430 GiB, 28.51% gc time)
986
  3.026836 seconds (1.62 M allocations: 1000.537 MiB)
348
 11.126912 seconds (3.88 M allocations: 2.404 GiB, 29.35% gc time)
396
  3.054473 seconds (1.52 M allocations: 960.095 MiB)
289
 13.826649 seconds (5.15 M allocations: 3.206 GiB, 23.62% gc time)
537
  3.025684 seconds (1.34 M allocations: 886.293 MiB)
845
 14.301955 seconds (5.43 M allocations: 3.368 GiB, 22.83% gc time)
496
  6.721797 seconds (3.47 M allocations: 2.121 GiB)
745
 14.201265 seconds (5.38 M allocations: 3.338 GiB, 22.99% gc time)
941
  3.384724 seconds (1.46 M allocations: 974.072 MiB)
349
  5.018160 seconds (2.13 M allocations: 1.396 GiB)
595
  7.200551 seconds (3.76 M allocations: 2.291 GiB)
  3.193245 seconds (1.43 M allocations: 940.531 MiB)
290
688
 18.370494 seconds (7.50 M allocations: 4.638 GiB, 17.78% gc time)
137
  6.661666 seconds (3.18 M allocations: 1.996 GiB)
892
  3.330127 seconds (1.52 M allocations: 990.997 MiB)
497
 10.250236 seconds (5.19 M allocations: 3.190 GiB)
193
 10.323139 seconds (4.77 M allocations: 3.022 GiB)
792
  3.885827 seconds (1.57 M allocations: 1.042 GiB)
350
  5.743340 seconds (2.21 M allocations: 1.493 GiB)
942
  4.705621 seconds (1.81 M allocations: 1.221 GiB)
596
  8.628295 seconds (3.72 M allocations: 2.415 GiB)
397
  9.253979 seconds (4.16 M allocations: 2.659 GiB)
987
  4.449535 seconds (1.70 M allocations: 1.151 GiB)
893
  7.995830 seconds (3.63 M allocations: 2.309 GiB)
846
  9.915580 seconds (4.64 M allocations: 2.924 GiB)
238
  8.715795 seconds (4.02 M allocations: 2.544 GiB)
538
  4.936851 seconds (2.16 M allocations: 1.389 GiB)
498
 16.528539 seconds (8.14 M allocations: 5.043 GiB)
90
 16.018231 seconds (6.36 M allocations: 3.984 GiB, 16.66% gc time)
 16.248108 seconds (6.53 M allocations: 4.079 GiB, 16.43% gc time)
39
450
  9.400213 seconds (3.20 M allocations: 1.999 GiB, 28.39% gc time)
291
 12.149789 seconds (4.63 M allocations: 2.866 GiB, 21.97% gc time)
746
 17.581356 seconds (7.76 M allocations: 4.718 GiB, 15.18% gc time)
643
  7.956560 seconds (2.81 M allocations: 1.692 GiB, 33.55% gc time)
351
  7.666175 seconds (2.63 M allocations: 1.590 GiB, 34.82% gc time)
597
 12.165201 seconds (4.56 M allocations: 2.842 GiB, 21.94% gc time)
689
  3.866890 seconds (1.41 M allocations: 1000.047 MiB)
292
 11.866509 seconds (4.08 M allocations: 2.612 GiB, 22.49% gc time)
194
  4.202290 seconds (1.81 M allocations: 1.175 GiB)
91
 13.365517 seconds (4.96 M allocations: 3.127 GiB, 19.97% gc time)
138
  9.202713 seconds (2.83 M allocations: 1.831 GiB, 29.00% gc time)
239
 10.254916 seconds (3.61 M allocations: 2.257 GiB, 26.03% gc time)
398
  9.462395 seconds (3.00 M allocations: 1.928 GiB, 28.21% gc time)
539
 12.428763 seconds (4.86 M allocations: 2.994 GiB, 21.48% gc time)
793
  6.054429 seconds (2.57 M allocations: 1.681 GiB)
40
 10.829584 seconds (4.12 M allocations: 2.529 GiB, 24.65% gc time)
988
 11.968608 seconds (4.95 M allocations: 2.985 GiB, 22.30% gc time)
943
 11.073472 seconds (4.29 M allocations: 2.621 GiB, 24.10% gc time)
847
  3.060417 seconds (1.69 M allocations: 1.008 GiB)
92
 11.872666 seconds (4.88 M allocations: 2.945 GiB, 22.48% gc time)
894
  7.541087 seconds (3.67 M allocations: 2.285 GiB)
451
  7.946246 seconds (3.72 M allocations: 2.344 GiB)
747
  3.026311 seconds (1.79 M allocations: 1.046 GiB)
240
  3.137532 seconds (1.53 M allocations: 974.716 MiB)
41
  8.713548 seconds (4.01 M allocations: 2.542 GiB)
  6.152244 seconds (2.81 M allocations: 1.790 GiB)
139
  3.876756 seconds (1.40 M allocations: 996.913 MiB)
848
 15.001106 seconds (5.65 M allocations: 3.588 GiB, 17.79% gc time)
499
  4.469947 seconds (1.81 M allocations: 1.206 GiB)
944
  6.065624 seconds (3.07 M allocations: 1.888 GiB)
399
  7.940243 seconds (3.93 M allocations: 2.434 GiB)
195
  6.204020 seconds (3.14 M allocations: 1.929 GiB)
794
  6.034067 seconds (2.85 M allocations: 1.794 GiB)
989
  3.485045 seconds (1.61 M allocations: 1.024 GiB)
42
  4.688245 seconds (2.03 M allocations: 1.322 GiB)
241
 11.277302 seconds (5.48 M allocations: 3.415 GiB)
690
  7.275954 seconds (3.10 M allocations: 2.028 GiB)
895
  3.288156 seconds (1.49 M allocations: 975.341 MiB)
849
  8.073680 seconds (3.66 M allocations: 2.341 GiB)
93
  3.790667 seconds (1.90 M allocations: 1.173 GiB)
945
  3.153842 seconds (1.48 M allocations: 959.384 MiB)
795
 14.494319 seconds (6.91 M allocations: 4.336 GiB)
598
  3.127973 seconds (1.31 M allocations: 884.179 MiB)
242
 16.612095 seconds (7.77 M allocations: 4.908 GiB)
644
  9.557130 seconds (4.41 M allocations: 2.805 GiB)
  7.556923 seconds (3.57 M allocations: 2.252 GiB)
140
 16.447938 seconds (4.40 M allocations: 2.844 GiB, 39.15% gc time)
748
  9.616229 seconds (1.25 M allocations: 857.883 MiB, 66.96% gc time)
94
 19.170154 seconds (6.00 M allocations: 3.781 GiB, 33.59% gc time)
540
 21.902612 seconds (7.44 M allocations: 4.653 GiB, 29.40% gc time)
 12.573011 seconds (2.78 M allocations: 1.775 GiB, 51.21% gc time)
43
293
 14.092117 seconds (3.58 M allocations: 2.262 GiB, 45.69% gc time)
196
 10.022770 seconds (1.61 M allocations: 1.030 GiB, 64.24% gc time)
599
 15.175593 seconds (4.21 M allocations: 2.633 GiB, 42.43% gc time)
400
 12.456728 seconds (2.98 M allocations: 1.842 GiB, 51.69% gc time)
850
 16.231730 seconds (4.81 M allocations: 2.984 GiB, 39.67% gc time)
500
 15.631226 seconds (4.29 M allocations: 2.709 GiB, 41.19% gc time)
990
 12.694638 seconds (2.93 M allocations: 1.846 GiB, 50.72% gc time)
946
 12.531208 seconds (2.80 M allocations: 1.777 GiB, 51.38% gc time)
796
  4.039294 seconds (2.11 M allocations: 1.281 GiB)
95
 13.703941 seconds (3.27 M allocations: 2.090 GiB, 46.98% gc time)
243
  3.780147 seconds (1.58 M allocations: 1.035 GiB)
600
  4.692796 seconds (2.06 M allocations: 1.329 GiB)
294
 14.303129 seconds (3.61 M allocations: 2.287 GiB, 45.02% gc time)
645
 16.773095 seconds (4.91 M allocations: 3.078 GiB, 38.39% gc time)
896
  3.521016 seconds (1.26 M allocations: 899.794 MiB)
797
 18.416375 seconds (5.71 M allocations: 3.576 GiB, 34.96% gc time)
691
  7.391187 seconds (3.49 M allocations: 2.193 GiB)
541
  4.522376 seconds (1.76 M allocations: 1.189 GiB)
947
  7.092357 seconds (3.53 M allocations: 2.178 GiB)
44
  8.523386 seconds (4.35 M allocations: 2.662 GiB)
141
  3.199017 seconds (1.56 M allocations: 991.036 MiB)
295
  5.542174 seconds (2.45 M allocations: 1.576 GiB)
96
  3.129392 seconds (1.43 M allocations: 933.382 MiB)
798
  7.050727 seconds (3.19 M allocations: 2.035 GiB)
501
  4.663789 seconds (2.47 M allocations: 1.494 GiB)
601
  7.949066 seconds (3.91 M allocations: 2.423 GiB)
851
  7.641688 seconds (3.68 M allocations: 2.296 GiB)
991
 10.967337 seconds (5.69 M allocations: 3.461 GiB)
749
 10.551599 seconds (5.22 M allocations: 3.228 GiB)
197
  3.772482 seconds (1.78 M allocations: 1.120 GiB)
142
  4.619444 seconds (2.33 M allocations: 1.433 GiB)
542
  3.173531 seconds (1.69 M allocations: 1.022 GiB)
 11.017075 seconds (5.43 M allocations: 3.365 GiB)
97
401
  6.539462 seconds (3.39 M allocations: 2.066 GiB)
897
  5.072940 seconds (2.19 M allocations: 1.425 GiB)
799
  4.735558 seconds (1.78 M allocations: 1.221 GiB)
992
  7.213048 seconds (3.21 M allocations: 2.063 GiB)
45
  9.192399 seconds (4.51 M allocations: 2.798 GiB)
646
 10.094972 seconds (4.95 M allocations: 3.072 GiB)
244
  3.966119 seconds (1.81 M allocations: 1.148 GiB)
143
  9.127423 seconds (4.55 M allocations: 2.804 GiB)
692
  5.475937 seconds (2.44 M allocations: 1.560 GiB)
198
  4.567312 seconds (1.93 M allocations: 1.257 GiB)
98
  8.279298 seconds (2.42 M allocations: 1.544 GiB, 34.59% gc time)
543
 11.082260 seconds (3.90 M allocations: 2.442 GiB, 25.84% gc time)
  7.752579 seconds (2.08 M allocations: 1.350 GiB, 36.94% gc time)
898
 11.195882 seconds (3.73 M allocations: 2.385 GiB, 25.58% gc time)
 14.148204 seconds (5.32 M allocations: 3.343 GiB, 20.24% gc time)
948
  6.167220 seconds (1.33 M allocations: 906.014 MiB, 46.44% gc time)
46
  9.666718 seconds (2.88 M allocations: 1.876 GiB, 29.63% gc time)
  3.019410 seconds (1.00 M allocations: 742.297 MiB)
99
  3.022558 seconds (865.51 k allocations: 685.081 MiB)
899
  6.934463 seconds (1.45 M allocations: 1.018 GiB, 41.30% gc time)
199
  3.308474 seconds (1.19 M allocations: 850.754 MiB)
544
 15.170436 seconds (5.81 M allocations: 3.654 GiB, 18.88% gc time)
296
  8.958690 seconds (2.66 M allocations: 1.719 GiB, 31.97% gc time)
245
 14.421475 seconds (5.11 M allocations: 3.288 GiB, 19.86% gc time)
750
  9.167305 seconds (2.80 M allocations: 1.801 GiB, 31.24% gc time)
144
  8.944195 seconds (2.66 M allocations: 1.722 GiB, 32.02% gc time)
693
  3.686622 seconds (1.70 M allocations: 1.083 GiB)
47
 11.088259 seconds (4.04 M allocations: 2.504 GiB, 25.83% gc time)
993
 16.257807 seconds (6.36 M allocations: 3.992 GiB, 17.62% gc time)
 10.835644 seconds (3.76 M allocations: 2.368 GiB, 26.43% gc time)
647
 12.099928 seconds (4.61 M allocations: 2.844 GiB, 23.67% gc time)
800
  3.436324 seconds (2.14 M allocations: 1.234 GiB)
100
  3.182814 seconds (1.79 M allocations: 1.066 GiB)
545
  6.076920 seconds (2.94 M allocations: 1.838 GiB)
949
  3.033913 seconds (1.13 M allocations: 797.167 MiB)
994
  3.030391 seconds (997.36 k allocations: 739.054 MiB)
801
  6.010658 seconds (2.79 M allocations: 1.768 GiB)
200
  6.238391 seconds (3.18 M allocations: 1.948 GiB)
900
  3.027835 seconds (1.18 M allocations: 816.620 MiB)
101
  4.170597 seconds (1.44 M allocations: 1.021 GiB)
546
  7.342665 seconds (3.19 M allocations: 2.069 GiB)
246
 12.760789 seconds (3.46 M allocations: 2.211 GiB, 39.65% gc time)
297
  8.119742 seconds (1.19 M allocations: 804.956 MiB, 62.32% gc time)
 12.732947 seconds (3.10 M allocations: 2.045 GiB, 39.74% gc time)
145
  8.118067 seconds (1.12 M allocations: 774.307 MiB, 62.33% gc time)
201
 12.977013 seconds (3.39 M allocations: 2.186 GiB, 38.99% gc time)
694
  8.112745 seconds (1.12 M allocations: 768.347 MiB, 62.37% gc time)
 12.932883 seconds (3.44 M allocations: 2.197 GiB, 39.13% gc time)
48
  9.555879 seconds (2.12 M allocations: 1.304 GiB, 52.95% gc time)
995
 12.494248 seconds (3.32 M allocations: 2.099 GiB, 40.50% gc time)
648
 14.644949 seconds (4.41 M allocations: 2.758 GiB, 34.55% gc time)
751
 11.913589 seconds (2.93 M allocations: 1.864 GiB, 42.47% gc time)
950
  3.038969 seconds (1.30 M allocations: 841.982 MiB)
 11.235316 seconds (2.34 M allocations: 1.548 GiB, 45.04% gc time)
901
  3.121646 seconds (1.22 M allocations: 817.412 MiB)
695
  3.038005 seconds (1.11 M allocations: 761.722 MiB)
49
  5.590559 seconds (2.39 M allocations: 1.499 GiB)
547
  6.057421 seconds (2.57 M allocations: 1.615 GiB)
247
  6.455834 seconds (2.62 M allocations: 1.671 GiB)
298
  6.095596 seconds (2.39 M allocations: 1.544 GiB)
146
  3.024361 seconds (967.11 k allocations: 685.608 MiB)
696
  3.028478 seconds (971.56 k allocations: 688.631 MiB)
50
  6.173093 seconds (2.39 M allocations: 1.555 GiB)
  6.073208 seconds (2.31 M allocations: 1.514 GiB)
996
649
  5.412762 seconds (2.28 M allocations: 1.444 GiB)
  3.043661 seconds (1.35 M allocations: 857.835 MiB)
548
  6.069497 seconds (2.45 M allocations: 1.572 GiB)
951
  6.048607 seconds (2.33 M allocations: 1.508 GiB)
  3.034007 seconds (987.59 k allocations: 702.371 MiB)
697
  3.041073 seconds (995.07 k allocations: 706.877 MiB)
51
  4.103979 seconds (1.74 M allocations: 1.092 GiB)
299
  5.004122 seconds (2.11 M allocations: 1.325 GiB)
248
  5.050105 seconds (1.08 M allocations: 734.549 MiB, 39.81% gc time)
549
  6.225648 seconds (1.36 M allocations: 951.587 MiB, 32.30% gc time)
  6.782647 seconds (1.98 M allocations: 1.241 GiB, 29.64% gc time)
  5.033755 seconds (662.83 k allocations: 519.871 MiB, 39.94% gc time)
650
  7.163510 seconds (1.48 M allocations: 1.051 GiB, 28.07% gc time)698
147

  5.035783 seconds (597.68 k allocations: 490.206 MiB, 39.93% gc time)
  5.662941 seconds (336.90 k allocations: 375.030 MiB, 35.50% gc time)
  5.670671 seconds (435.82 k allocations: 426.246 MiB, 35.46% gc time)
997
300
249
  6.553525 seconds (1.09 M allocations: 845.315 MiB, 30.68% gc time)
  3.086570 seconds (638.38 k allocations: 544.228 MiB)
550
  3.072238 seconds (505.94 k allocations: 488.747 MiB)
699
  3.099207 seconds (537.96 k allocations: 506.071 MiB)
651
  3.098596 seconds (535.80 k allocations: 506.096 MiB)
  3.101142 seconds (543.75 k allocations: 510.378 MiB)
301
148
  3.118812 seconds (644.99 k allocations: 555.110 MiB)
998
  3.181887 seconds (1.06 M allocations: 734.659 MiB)
250
  3.028772 seconds (824.70 k allocations: 625.231 MiB)
  3.025344 seconds (789.48 k allocations: 610.935 MiB)
551
700
  3.033003 seconds (691.26 k allocations: 570.476 MiB)
  3.031325 seconds (666.03 k allocations: 560.435 MiB)
  3.038119 seconds (687.55 k allocations: 570.455 MiB)
149
  3.946529 seconds (664.82 k allocations: 560.688 MiB, 23.25% gc time)
999
  3.956536 seconds (847.42 k allocations: 636.767 MiB, 23.19% gc time)
251
  3.020924 seconds (600.45 k allocations: 450.166 MiB)
  3.018815 seconds (388.96 k allocations: 360.550 MiB)
150
  3.018789 seconds (375.75 k allocations: 355.752 MiB)
1000
  3.016282 seconds (445.85 k allocations: 385.095 MiB)
  3.152646 seconds (771.13 k allocations: 531.053 MiB)
701
  3.314809 seconds (277.86 k allocations: 236.084 MiB, 8.99% gc time)
151
  3.311917 seconds (260.43 k allocations: 229.541 MiB, 9.00% gc time)
1001
  3.312447 seconds (334.07 k allocations: 261.726 MiB, 9.00% gc time)
  3.038676 seconds (115.06 k allocations: 128.160 MiB, 2.84% gc time)
  3.044818 seconds (123.02 k allocations: 131.868 MiB, 2.83% gc time)
