Graph 1 is connected.
Graph 2 is connected.
Graph 3 is connected.
Graph 4 is connected.
Graph 5 is connected.
Graph 6 is connected.
Graph 7 is connected.
Graph 8 is connected.
Graph 9 is connected.
Graph 10 is connected.
Graph 11 is connected.
Matrix 1 normalized.
Matrix 2 normalized.
Matrix 3 normalized.
Matrix 4 normalized.
Matrix 5 normalized.
Matrix 6 normalized.
Matrix 7 normalized.
Matrix 8 normalized.
Matrix 9 normalized.
Matrix 10 normalized.
Matrix 11 normalized.
Number of threads: 20
852
702
952
352
602
452
1
652
152
502
302
402
902
52202102


752
552
802
252
  7.833126 seconds (1.05 M allocations: 1.032 GiB, 24.25% gc time)
  7.877160 seconds (1.27 M allocations: 1.126 GiB, 24.11% gc time)
853
253
  8.027809 seconds (1.11 M allocations: 1.079 GiB, 23.66% gc time, 0.58% compilation time)
503
  8.343513 seconds (1.56 M allocations: 1.293 GiB, 22.77% gc time, 0.55% compilation time)
353
  8.982911 seconds (1.68 M allocations: 1.408 GiB, 21.15% gc time, 0.51% compilation time)
453
  9.382347 seconds (1.93 M allocations: 1.550 GiB, 20.25% gc time, 0.49% compilation time)
153
  9.363389 seconds (1.83 M allocations: 1.510 GiB, 20.29% gc time, 0.49% compilation time)
753
  9.485856 seconds (1.99 M allocations: 1.587 GiB, 20.02% gc time, 0.49% compilation time)
203
  9.667346 seconds (2.25 M allocations: 1.712 GiB, 19.65% gc time, 0.48% compilation time)
303
  9.722088 seconds (2.22 M allocations: 1.703 GiB, 19.54% gc time, 0.48% compilation time)
403
  9.862745 seconds (2.45 M allocations: 1.811 GiB, 19.26% gc time, 0.47% compilation time)
703
  9.935355 seconds (2.59 M allocations: 1.876 GiB, 19.12% gc time, 0.47% compilation time)
953
 10.026765 seconds (2.77 M allocations: 1.957 GiB, 18.94% gc time, 0.46% compilation time)
603
 10.037023 seconds (2.73 M allocations: 1.943 GiB, 18.92% gc time, 0.46% compilation time)
553
 10.165755 seconds (2.93 M allocations: 2.038 GiB, 18.68% gc time, 0.45% compilation time)
53
 10.234992 seconds (3.05 M allocations: 2.094 GiB, 18.56% gc time, 0.45% compilation time)
653
 10.445653 seconds (3.67 M allocations: 2.365 GiB, 18.18% gc time, 0.44% compilation time)
2
 10.506242 seconds (3.40 M allocations: 2.262 GiB, 18.08% gc time, 0.44% compilation time)
903
 11.036746 seconds (3.86 M allocations: 2.504 GiB, 17.21% gc time, 0.42% compilation time)
103
 11.311831 seconds (4.14 M allocations: 2.644 GiB, 16.79% gc time, 0.41% compilation time)
803
  7.507408 seconds (3.53 M allocations: 2.203 GiB)
854
  7.572500 seconds (3.52 M allocations: 2.205 GiB)
254
  7.493104 seconds (3.46 M allocations: 2.172 GiB)
504
  6.632583 seconds (2.47 M allocations: 1.677 GiB)
704
  7.681089 seconds (3.59 M allocations: 2.244 GiB)
454
  8.355187 seconds (3.91 M allocations: 2.440 GiB)
354
  6.469390 seconds (2.00 M allocations: 1.473 GiB)
3
  7.439077 seconds (3.32 M allocations: 2.107 GiB)
204
  7.292340 seconds (2.95 M allocations: 1.943 GiB)
404
  6.998336 seconds (2.58 M allocations: 1.760 GiB)
54
  7.938627 seconds (3.92 M allocations: 2.398 GiB)
754
  8.267347 seconds (4.24 M allocations: 2.565 GiB)
  7.702608 seconds (3.33 M allocations: 2.138 GiB)
154
954
  7.378842 seconds (2.96 M allocations: 1.955 GiB)
654
  8.443303 seconds (4.44 M allocations: 2.658 GiB)
304
  7.553070 seconds (3.24 M allocations: 2.080 GiB)
904
  8.361621 seconds (3.95 M allocations: 2.450 GiB)
554
  8.634243 seconds (4.15 M allocations: 2.558 GiB)
604
  7.763542 seconds (3.49 M allocations: 2.201 GiB)
104
  8.062512 seconds (3.72 M allocations: 2.327 GiB)
804
  7.199661 seconds (3.54 M allocations: 2.161 GiB)
855
  6.424254 seconds (2.99 M allocations: 1.859 GiB)
705
  8.278534 seconds (3.74 M allocations: 2.354 GiB)
255
  8.318926 seconds (3.83 M allocations: 2.395 GiB)
505
  7.771777 seconds (3.54 M allocations: 2.221 GiB)
  6.515941 seconds (2.22 M allocations: 1.562 GiB)
455
655
  7.634547 seconds (3.37 M allocations: 2.136 GiB)
  7.087107 seconds (2.77 M allocations: 1.841 GiB)
4
755
  7.726276 seconds (3.52 M allocations: 2.209 GiB)
  8.113309 seconds (3.95 M allocations: 2.421 GiB)
405
  7.784796 seconds (3.60 M allocations: 2.247 GiB)
355
205
 14.680365 seconds (3.34 M allocations: 2.114 GiB, 49.08% gc time)
955
 14.281669 seconds (3.03 M allocations: 1.948 GiB, 50.45% gc time)
305
 15.180684 seconds (3.92 M allocations: 2.400 GiB, 47.47% gc time)
55
 14.505191 seconds (3.14 M allocations: 2.021 GiB, 49.68% gc time)
605
 15.158547 seconds (3.60 M allocations: 2.273 GiB, 47.53% gc time)
905
 14.873197 seconds (3.48 M allocations: 2.197 GiB, 48.45% gc time)
555
 16.033337 seconds (4.43 M allocations: 2.700 GiB, 44.94% gc time)
155
 14.832130 seconds (3.55 M allocations: 2.225 GiB, 48.58% gc time)
805
 15.621706 seconds (3.87 M allocations: 2.438 GiB, 46.13% gc time)
105
 13.180801 seconds (2.47 M allocations: 1.627 GiB, 54.67% gc time)
5
  5.830239 seconds (2.03 M allocations: 1.437 GiB)
 14.557113 seconds (3.54 M allocations: 2.202 GiB, 49.50% gc time) 13.988497 seconds (2.71 M allocations: 1.809 GiB, 51.51% gc time)

  5.936051 seconds (2.35 M allocations: 1.578 GiB)
356
856
456
756
  5.562385 seconds (1.91 M allocations: 1.358 GiB)
556
 14.936541 seconds (4.00 M allocations: 2.436 GiB, 48.24% gc time)
506
 15.205795 seconds (4.23 M allocations: 2.558 GiB, 47.39% gc time)
256
  4.778705 seconds (1.73 M allocations: 1.206 GiB)
106
 15.248694 seconds (4.19 M allocations: 2.547 GiB, 47.25% gc time)
656
  7.781626 seconds (3.33 M allocations: 2.173 GiB)
56
 16.619537 seconds (5.15 M allocations: 3.077 GiB, 43.36% gc time)
706
  8.547450 seconds (4.09 M allocations: 2.560 GiB)
206
  8.595731 seconds (3.93 M allocations: 2.502 GiB)
956
  7.623000 seconds (3.32 M allocations: 2.151 GiB)
906
  8.966520 seconds (4.23 M allocations: 2.665 GiB)
306
  8.235220 seconds (3.92 M allocations: 2.460 GiB)
606
  9.429360 seconds (4.77 M allocations: 2.932 GiB)
406
  8.547445 seconds (3.99 M allocations: 2.521 GiB)
156
  8.405056 seconds (3.87 M allocations: 2.457 GiB)
806
  5.015790 seconds (2.24 M allocations: 1.439 GiB)
257
  5.212501 seconds (2.29 M allocations: 1.481 GiB)
107
  6.306469 seconds (3.15 M allocations: 1.945 GiB)
857
  6.580695 seconds (3.52 M allocations: 2.128 GiB)
357
  8.054037 seconds (3.85 M allocations: 2.415 GiB)
457
  7.686432 seconds (3.47 M allocations: 2.219 GiB)
557
  8.140777 seconds (3.97 M allocations: 2.475 GiB)
757
  6.998992 seconds (3.10 M allocations: 2.000 GiB)
707
  8.432059 seconds (4.01 M allocations: 2.520 GiB)
507
  6.633534 seconds (2.63 M allocations: 1.765 GiB)
607
  7.804457 seconds (3.55 M allocations: 2.266 GiB)
57
  8.668241 seconds (4.08 M allocations: 2.573 GiB)
657
 15.141452 seconds (3.69 M allocations: 2.333 GiB, 47.71% gc time)
207
 14.410614 seconds (3.00 M allocations: 1.974 GiB, 50.13% gc time)
307
 17.378803 seconds (5.31 M allocations: 3.228 GiB, 41.57% gc time)
6
 14.969763 seconds (3.64 M allocations: 2.295 GiB, 48.26% gc time)
907
 14.647464 seconds (3.47 M allocations: 2.188 GiB, 49.32% gc time)
 15.297287 seconds (4.01 M allocations: 2.478 GiB, 47.23% gc time)
407
957
 15.269237 seconds (3.77 M allocations: 2.374 GiB, 47.32% gc time)
157
 15.600744 seconds (3.82 M allocations: 2.430 GiB, 46.31% gc time)
807
 13.930170 seconds (3.41 M allocations: 2.086 GiB, 51.86% gc time)
258
 14.184913 seconds (3.44 M allocations: 2.125 GiB, 50.93% gc time)
858
 15.103391 seconds (3.79 M allocations: 2.365 GiB, 47.83% gc time)
108
 15.098309 seconds (3.73 M allocations: 2.340 GiB, 47.85% gc time)
358
 13.784510 seconds (3.40 M allocations: 2.067 GiB, 52.41% gc time)
558
 14.000564 seconds (3.44 M allocations: 2.110 GiB, 51.60% gc time)
758
 13.690771 seconds (3.21 M allocations: 1.984 GiB, 52.77% gc time)
508
  5.851690 seconds (2.80 M allocations: 1.755 GiB)
658
  6.557685 seconds (3.21 M allocations: 2.000 GiB)
58
  6.334568 seconds (2.85 M allocations: 1.827 GiB)
308
 15.686789 seconds (4.38 M allocations: 2.671 GiB, 46.06% gc time)
458
 15.891384 seconds (4.41 M allocations: 2.704 GiB, 45.46% gc time)
 15.051084 seconds (3.95 M allocations: 2.430 GiB, 48.00% gc time)
708
608
  7.462922 seconds (3.56 M allocations: 2.236 GiB)
208
  7.843223 seconds (3.65 M allocations: 2.310 GiB)
7
  8.366664 seconds (3.56 M allocations: 2.328 GiB)
958
  9.204708 seconds (4.01 M allocations: 2.597 GiB)
908
  8.105231 seconds (3.61 M allocations: 2.325 GiB)
158
  6.885003 seconds (3.26 M allocations: 2.054 GiB)
259
  9.396445 seconds (4.07 M allocations: 2.644 GiB)
408
  7.179728 seconds (3.51 M allocations: 2.187 GiB)
859
  8.132844 seconds (3.95 M allocations: 2.466 GiB)
808
  6.599098 seconds (3.29 M allocations: 2.036 GiB)
559
  8.003963 seconds (3.89 M allocations: 2.429 GiB)
109
  7.104629 seconds (3.33 M allocations: 2.102 GiB)
509
  5.457867 seconds (2.50 M allocations: 1.590 GiB)
709
  8.622641 seconds (4.27 M allocations: 2.647 GiB)
359
  6.801052 seconds (3.17 M allocations: 2.003 GiB)
309
  8.062904 seconds (4.04 M allocations: 2.494 GiB)
  6.975995 seconds (3.40 M allocations: 2.117 GiB)
759
59
  5.929688 seconds (3.03 M allocations: 1.860 GiB)
209
  9.174753 seconds (4.49 M allocations: 2.790 GiB)
659
  8.878794 seconds (4.17 M allocations: 2.631 GiB)
459
  7.588306 seconds (3.58 M allocations: 2.254 GiB)
8
  9.102971 seconds (4.20 M allocations: 2.667 GiB)
609
  5.774926 seconds (2.57 M allocations: 1.654 GiB)
860
  6.761541 seconds (3.12 M allocations: 1.981 GiB)
260
  8.499967 seconds (4.12 M allocations: 2.572 GiB)
959
 15.668223 seconds (4.08 M allocations: 2.558 GiB, 45.59% gc time)
909
 14.072606 seconds (3.16 M allocations: 2.013 GiB, 50.75% gc time)
560
 15.864196 seconds (4.03 M allocations: 2.557 GiB, 45.02% gc time)
159
 13.144098 seconds (2.91 M allocations: 1.816 GiB, 54.34% gc time)
510
 15.797703 seconds (4.02 M allocations: 2.545 GiB, 45.21% gc time)
409
 13.573207 seconds (3.47 M allocations: 2.090 GiB, 52.62% gc time)
110
 13.147394 seconds (2.81 M allocations: 1.775 GiB, 54.33% gc time)
60
 15.933338 seconds (4.36 M allocations: 2.698 GiB, 44.83% gc time)
809
 13.108713 seconds (2.79 M allocations: 1.762 GiB, 54.49% gc time)
210
 14.923291 seconds (4.01 M allocations: 2.450 GiB, 47.86% gc time)
710
 15.174095 seconds (4.02 M allocations: 2.482 GiB, 47.07% gc time)
360
 15.277207 seconds (3.91 M allocations: 2.447 GiB, 46.75% gc time)
310
 15.914313 seconds (4.02 M allocations: 2.559 GiB, 44.88% gc time)
760
 13.196244 seconds (2.80 M allocations: 1.776 GiB, 54.12% gc time)
861
 14.063949 seconds (3.09 M allocations: 1.984 GiB, 50.78% gc time)
261
 16.129342 seconds (4.19 M allocations: 2.648 GiB, 44.28% gc time)
660
  5.226113 seconds (2.17 M allocations: 1.435 GiB)
160
 16.428711 seconds (4.37 M allocations: 2.755 GiB, 43.47% gc time)
460
 15.283355 seconds (3.79 M allocations: 2.397 GiB, 46.73% gc time)
 16.022817 seconds (4.19 M allocations: 2.641 GiB, 44.58% gc time)
610
9
  6.109594 seconds (2.71 M allocations: 1.747 GiB)
511
  6.819999 seconds (3.72 M allocations: 2.234 GiB)
910
  6.624942 seconds (3.45 M allocations: 2.102 GiB)
561
 15.313942 seconds (4.33 M allocations: 2.625 GiB, 46.64% gc time)
960
  8.380765 seconds (3.70 M allocations: 2.386 GiB)
111
  6.050441 seconds (2.61 M allocations: 1.698 GiB)
311
  8.125568 seconds (3.59 M allocations: 2.315 GiB)
61
  7.992797 seconds (3.54 M allocations: 2.282 GiB)
  9.059643 seconds (4.22 M allocations: 2.673 GiB)
211
410
  8.485851 seconds (4.03 M allocations: 2.536 GiB)
810
  5.798755 seconds (3.03 M allocations: 1.846 GiB)
862
  8.663653 seconds (4.01 M allocations: 2.545 GiB)
  4.264568 seconds (1.93 M allocations: 1.236 GiB)
512
711
  5.726559 seconds (2.89 M allocations: 1.781 GiB)
262
  5.951781 seconds (3.22 M allocations: 1.938 GiB)
161
  9.819807 seconds (4.72 M allocations: 2.955 GiB)
361
  5.668589 seconds (2.47 M allocations: 1.603 GiB)
961
  7.889147 seconds (3.77 M allocations: 2.365 GiB)
661
  7.238785 seconds (3.28 M allocations: 2.097 GiB)
461
 10.055587 seconds (4.99 M allocations: 3.091 GiB)
761
  4.544583 seconds (2.18 M allocations: 1.364 GiB)
411
  7.678586 seconds (3.59 M allocations: 2.270 GiB)
562
  8.481002 seconds (4.12 M allocations: 2.570 GiB)
10
  6.201810 seconds (3.19 M allocations: 1.953 GiB)
312
  8.984938 seconds (4.23 M allocations: 2.671 GiB)
911
  9.869486 seconds (4.75 M allocations: 2.975 GiB)
611
  7.753182 seconds (3.47 M allocations: 2.226 GiB)
62
  6.214284 seconds (2.61 M allocations: 1.718 GiB)
513
  6.509234 seconds (2.82 M allocations: 1.834 GiB)
  8.503428 seconds (4.17 M allocations: 2.596 GiB)
263
112
  8.554741 seconds (4.14 M allocations: 2.586 GiB)
212
  8.370529 seconds (4.08 M allocations: 2.543 GiB)
811
  7.213267 seconds (3.49 M allocations: 2.183 GiB)
712
  7.856614 seconds (3.75 M allocations: 2.357 GiB)
863
  7.785497 seconds (3.74 M allocations: 2.342 GiB)
162
  6.642638 seconds (3.19 M allocations: 2.000 GiB)
662
  8.486886 seconds (3.98 M allocations: 2.514 GiB)
362
  7.445008 seconds (3.40 M allocations: 2.167 GiB)
762
  7.547227 seconds (3.30 M allocations: 2.136 GiB)
  6.974883 seconds (3.08 M allocations: 1.985 GiB)
  8.020653 seconds (3.79 M allocations: 2.387 GiB)
412
563
962
  8.309306 seconds (3.84 M allocations: 2.438 GiB)
462
  7.021273 seconds (3.47 M allocations: 2.145 GiB)
313
  7.632535 seconds (3.77 M allocations: 2.335 GiB)
11
  6.697782 seconds (3.43 M allocations: 2.098 GiB)
612
  8.307162 seconds (3.94 M allocations: 2.474 GiB)
912
  6.977929 seconds (3.49 M allocations: 2.146 GiB)
63
  6.994651 seconds (3.33 M allocations: 2.085 GiB)
514
 13.532262 seconds (3.48 M allocations: 2.161 GiB, 46.87% gc time)
264
 12.850115 seconds (2.98 M allocations: 1.881 GiB, 49.35% gc time)
864
 14.692578 seconds (3.94 M allocations: 2.468 GiB, 43.17% gc time)
113
 14.601841 seconds (3.91 M allocations: 2.445 GiB, 43.43% gc time)
213
 14.779259 seconds (3.81 M allocations: 2.424 GiB, 42.91% gc time)
713
 15.387427 seconds (4.08 M allocations: 2.597 GiB, 41.22% gc time)
812
 11.939934 seconds (2.47 M allocations: 1.584 GiB, 53.12% gc time)
564
 13.090426 seconds (3.34 M allocations: 2.057 GiB, 48.45% gc time)
363
 14.382916 seconds (3.89 M allocations: 2.418 GiB, 44.09% gc time)
 15.157465 seconds (4.15 M allocations: 2.603 GiB, 41.84% gc time)
663
163
 12.916510 seconds (3.17 M allocations: 1.974 GiB, 49.10% gc time)
763
 12.783267 seconds (3.00 M allocations: 1.890 GiB, 49.61% gc time)
314
 14.346167 seconds (3.77 M allocations: 2.368 GiB, 44.21% gc time)
963
  5.595014 seconds (2.20 M allocations: 1.482 GiB)
 14.508861 seconds (3.70 M allocations: 2.356 GiB, 43.71% gc time)
865
 14.380366 seconds (3.63 M allocations: 2.315 GiB, 44.10% gc time)
413
463
  6.745103 seconds (2.93 M allocations: 1.901 GiB)
515
 15.307616 seconds (4.12 M allocations: 2.610 GiB, 41.43% gc time)
12
  7.559394 seconds (3.63 M allocations: 2.272 GiB)
64
 15.597723 seconds (4.24 M allocations: 2.689 GiB, 40.66% gc time)
613
  7.498408 seconds (3.54 M allocations: 2.230 GiB)
265
  5.072814 seconds (2.57 M allocations: 1.580 GiB)
565
 15.353304 seconds (4.53 M allocations: 2.783 GiB, 41.31% gc time)
913
  5.371673 seconds (2.76 M allocations: 1.687 GiB)
364
  8.036552 seconds (3.91 M allocations: 2.437 GiB)
214
  7.644446 seconds (3.72 M allocations: 2.317 GiB)
813
  9.084469 seconds (4.37 M allocations: 2.735 GiB)
114
  6.399730 seconds (2.99 M allocations: 1.887 GiB)
315
  7.437398 seconds (3.58 M allocations: 2.238 GiB)
664
  9.038442 seconds (4.49 M allocations: 2.780 GiB)
714
  7.217629 seconds (3.61 M allocations: 2.228 GiB)
764
  9.159795 seconds (4.08 M allocations: 2.621 GiB)  4.519188 seconds (1.36 M allocations: 1.025 GiB)
  6.295635 seconds (2.18 M allocations: 1.544 GiB)
  5.975203 seconds (1.93 M allocations: 1.409 GiB)

  6.147984 seconds (2.29 M allocations: 1.574 GiB)
  6.263628 seconds (2.76 M allocations: 1.780 GiB)
  6.172648 seconds (2.64 M allocations: 1.720 GiB)
  6.107289 seconds (2.92 M allocations: 1.830 GiB)
  7.236790 seconds (2.94 M allocations: 1.954 GiB)
  5.731667 seconds (1.68 M allocations: 1.280 GiB)
266
566
516
866
164
65
414
215
964
365
  8.011739 seconds (3.26 M allocations: 2.168 GiB)
464
  4.679477 seconds (2.77 M allocations: 1.617 GiB)
814
  8.168089 seconds (4.53 M allocations: 2.697 GiB)
13
  8.171227 seconds (4.32 M allocations: 2.614 GiB)
614
  8.518821 seconds (4.16 M allocations: 2.583 GiB)
914
  6.189442 seconds (3.08 M allocations: 1.898 GiB)
715
  6.925339 seconds (3.60 M allocations: 2.186 GiB)
316
  8.244672 seconds (3.93 M allocations: 2.462 GiB)
115
  7.765539 seconds (3.50 M allocations: 2.232 GiB)
665
  5.992488 seconds (2.11 M allocations: 1.484 GiB)
867
  6.131205 seconds (2.41 M allocations: 1.621 GiB)
267
  6.150706 seconds (2.38 M allocations: 1.612 GiB)
517
  5.839429 seconds (2.03 M allocations: 1.436 GiB)
815
  6.411801 seconds (2.68 M allocations: 1.762 GiB)
965
  6.672636 seconds (2.95 M allocations: 1.901 GiB)
366
  7.721760 seconds (3.30 M allocations: 2.151 GiB)
165
  7.714954 seconds (3.24 M allocations: 2.128 GiB)
765
  7.552894 seconds (3.11 M allocations: 2.056 GiB)
415
  7.850037 seconds (3.42 M allocations: 2.217 GiB)
567
  8.029521 seconds (3.74 M allocations: 2.363 GiB)
465
  8.640437 seconds (4.03 M allocations: 2.550 GiB)
66
  8.478348 seconds (3.87 M allocations: 2.468 GiB)
216
  8.157439 seconds (3.65 M allocations: 2.344 GiB)
14
  7.706942 seconds (3.61 M allocations: 2.282 GiB)
615
  6.816589 seconds (3.59 M allocations: 2.185 GiB)
915
  7.772950 seconds (3.74 M allocations: 2.345 GiB)
716
  7.727858 seconds (3.49 M allocations: 2.234 GiB)
666
  8.031638 seconds (3.62 M allocations: 2.320 GiB)
317
  8.259531 seconds (3.87 M allocations: 2.446 GiB)
116
  7.203387 seconds (3.44 M allocations: 2.160 GiB)
868
 15.013928 seconds (2.60 M allocations: 1.700 GiB, 59.36% gc time)
766
 16.360429 seconds (3.32 M allocations: 2.134 GiB, 54.47% gc time)
966
 16.772504 seconds (3.71 M allocations: 2.339 GiB, 53.14% gc time)
518
 17.030397 seconds (3.83 M allocations: 2.410 GiB, 52.33% gc time)
816
 16.711367 seconds (3.67 M allocations: 2.314 GiB, 53.33% gc time)
367
 17.526877 seconds (4.20 M allocations: 2.615 GiB, 50.85% gc time)
268
 16.146508 seconds (3.25 M allocations: 2.081 GiB, 55.20% gc time)
466
 15.566964 seconds (2.93 M allocations: 1.889 GiB, 57.25% gc time)
67
 16.544580 seconds (3.58 M allocations: 2.257 GiB, 53.87% gc time)
568
 16.999644 seconds (4.02 M allocations: 2.487 GiB, 52.43% gc time)
166
 16.252727 seconds (3.31 M allocations: 2.115 GiB, 54.83% gc time)
15
 16.450093 seconds (3.43 M allocations: 2.183 GiB, 54.18% gc time)
616
 16.818884 seconds (3.67 M allocations: 2.320 GiB, 52.99% gc time)
217
 16.037912 seconds (3.31 M allocations: 2.091 GiB, 55.57% gc time)
916
 18.184591 seconds (4.73 M allocations: 2.897 GiB, 49.01% gc time)
416
 15.070162 seconds (3.33 M allocations: 2.000 GiB, 59.14% gc time)
667
  5.292536 seconds (1.77 M allocations: 1.273 GiB)  6.126287 seconds (2.94 M allocations: 1.840 GiB)

 16.856444 seconds (3.34 M allocations: 2.189 GiB, 52.87% gc time)
  6.058103 seconds (1.68 M allocations: 1.308 GiB)
  5.939806 seconds (2.73 M allocations: 1.734 GiB)
  6.167568 seconds (1.45 M allocations: 1.212 GiB)
  5.894549 seconds (1.84 M allocations: 1.361 GiB)
  6.705196 seconds (2.42 M allocations: 1.684 GiB)
68
 16.503404 seconds (3.34 M allocations: 2.155 GiB, 54.00% gc time)
 17.035131 seconds (3.78 M allocations: 2.389 GiB, 52.32% gc time)
  6.872455 seconds (2.30 M allocations: 1.650 GiB)
  6.961042 seconds (2.67 M allocations: 1.816 GiB)
  5.889329 seconds (1.03 M allocations: 1022.274 MiB)
117
519
  6.733325 seconds (2.64 M allocations: 1.777 GiB)
569
767
  6.554751 seconds (1.57 M allocations: 1.289 GiB)
  5.578402 seconds (2.06 M allocations: 1.419 GiB)
  5.950919 seconds (1.01 M allocations: 1010.319 MiB)
467
  5.020054 seconds (738.19 k allocations: 821.893 MiB)
817
  5.784999 seconds (969.30 k allocations: 986.367 MiB)
167
869
269
368
717
318
16
967
417
617
917
218
  4.878013 seconds (1.24 M allocations: 1.003 GiB)
818
  5.067659 seconds (1.37 M allocations: 1.076 GiB)
270
  5.636797 seconds (1.73 M allocations: 1.282 GiB)
668
  6.606581 seconds (2.28 M allocations: 1.606 GiB)
69
  6.489844 seconds (1.47 M allocations: 1.267 GiB)
570
  7.031274 seconds (2.40 M allocations: 1.696 GiB)
468
  7.019887 seconds (2.00 M allocations: 1.537 GiB)
17
  7.482639 seconds (2.48 M allocations: 1.779 GiB)
618
  8.223696 seconds (2.52 M allocations: 1.873 GiB)
870
  8.525613 seconds (3.03 M allocations: 2.113 GiB)
118
  8.560019 seconds (2.98 M allocations: 2.097 GiB)
718
  8.370414 seconds (2.52 M allocations: 1.894 GiB)
418
  8.527361 seconds (2.69 M allocations: 1.980 GiB)
168
  8.533554 seconds (2.71 M allocations: 1.986 GiB)
369
  8.524962 seconds (2.71 M allocations: 1.987 GiB)
219
  8.649212 seconds (3.03 M allocations: 2.129 GiB)
319
  8.732780 seconds (3.31 M allocations: 2.254 GiB)
918
  8.926876 seconds (3.65 M allocations: 2.412 GiB)
520
  9.569615 seconds (4.32 M allocations: 2.748 GiB)
768
  9.501019 seconds (3.90 M allocations: 2.574 GiB)
968
  5.835305 seconds (3.38 M allocations: 1.989 GiB)
819
  6.043201 seconds (3.14 M allocations: 1.911 GiB)
70
  7.728341 seconds (3.82 M allocations: 2.367 GiB)
271
  6.201438 seconds (3.25 M allocations: 1.977 GiB)
571
  7.093430 seconds (3.45 M allocations: 2.150 GiB)
469
  8.946616 seconds (4.31 M allocations: 2.695 GiB)
669
  7.801826 seconds (3.74 M allocations: 2.340 GiB)
18
  6.655421 seconds (2.39 M allocations: 1.668 GiB)
320
  6.939507 seconds (2.62 M allocations: 1.794 GiB)
220
  7.490567 seconds (3.66 M allocations: 2.280 GiB)
871
  7.438161 seconds (3.16 M allocations: 2.067 GiB)
  7.247748 seconds (2.58 M allocations: 1.813 GiB)
  7.589845 seconds (2.98 M allocations: 2.008 GiB)
  7.530767 seconds (3.12 M allocations: 2.060 GiB)
  7.571115 seconds (2.95 M allocations: 1.993 GiB)
521
419
370
719
169
 15.545429 seconds (2.72 M allocations: 1.709 GiB, 57.98% gc time)
820
 19.013263 seconds (5.05 M allocations: 3.025 GiB, 47.40% gc time)
619
 17.067937 seconds (3.36 M allocations: 2.131 GiB, 52.80% gc time)
769
 18.751574 seconds (4.59 M allocations: 2.809 GiB, 48.06% gc time)
119
 17.736907 seconds (3.68 M allocations: 2.333 GiB, 50.81% gc time)
969
 19.108495 seconds (4.43 M allocations: 2.783 GiB, 47.17% gc time)
919
 16.716490 seconds (3.35 M allocations: 2.089 GiB, 53.91% gc time)
272
 17.533619 seconds (3.84 M allocations: 2.375 GiB, 51.40% gc time)
71
 17.916418 seconds (3.79 M allocations: 2.393 GiB, 50.30% gc time)
572
 16.940523 seconds (3.63 M allocations: 2.231 GiB, 53.20% gc time)
470
 17.266509 seconds (3.69 M allocations: 2.289 GiB, 52.20% gc time)
670
 16.435521 seconds (3.27 M allocations: 2.031 GiB, 54.84% gc time)
321
  6.104287 seconds (2.65 M allocations: 1.722 GiB)
872
  5.712238 seconds (2.17 M allocations: 1.484 GiB)
770
  6.288370 seconds (2.86 M allocations: 1.828 GiB)
371
  6.313788 seconds (2.61 M allocations: 1.726 GiB)
620
  6.801636 seconds (3.12 M allocations: 1.986 GiB)
522
 19.174799 seconds (4.79 M allocations: 2.935 GiB, 47.00% gc time)
19
  8.238137 seconds (3.78 M allocations: 2.407 GiB)
170
 18.910352 seconds (4.74 M allocations: 2.890 GiB, 47.66% gc time)
221
  8.934044 seconds (4.13 M allocations: 2.622 GiB)
  7.714022 seconds (3.26 M allocations: 2.137 GiB)
420
  8.862030 seconds (4.04 M allocations: 2.579 GiB)
120
720
  8.047936 seconds (3.64 M allocations: 2.330 GiB)
970
  9.459936 seconds (4.44 M allocations: 2.803 GiB)
821
  6.077261 seconds (3.21 M allocations: 1.946 GiB)
72
  7.462068 seconds (3.69 M allocations: 2.286 GiB)
273
  9.169196 seconds (4.15 M allocations: 2.653 GiB)
920
  6.054824 seconds (3.18 M allocations: 1.932 GiB)
471
  5.501318 seconds (3.16 M allocations: 1.864 GiB)
322
  5.884406 seconds (2.71 M allocations: 1.718 GiB)
621
  5.833107 seconds (2.66 M allocations: 1.696 GiB)
523
  6.974049 seconds (3.58 M allocations: 2.192 GiB)
873
  7.023065 seconds (3.64 M allocations: 2.222 GiB)
671
  7.300080 seconds (3.74 M allocations: 2.290 GiB)
771
  9.077042 seconds (4.86 M allocations: 2.933 GiB)
573
  8.778520 seconds (4.15 M allocations: 2.612 GiB)
372
  9.077872 seconds (3.53 M allocations: 2.388 GiB)  6.617789 seconds (1.99 M allocations: 1.501 GiB)
  6.578076 seconds (2.34 M allocations: 1.643 GiB)  5.113427 seconds (1.02 M allocations: 945.772 MiB)
  5.960702 seconds (1.72 M allocations: 1.322 GiB)

  7.604661 seconds (3.44 M allocations: 2.198 GiB)
  8.375167 seconds (2.89 M allocations: 2.052 GiB)
  8.908350 seconds (3.13 M allocations: 2.207 GiB)
  6.721599 seconds (2.77 M allocations: 1.833 GiB)  6.662444 seconds (1.96 M allocations: 1.493 GiB)
  4.751401 seconds (1.06 M allocations: 946.329 MiB)  8.694315 seconds (3.07 M allocations: 2.159 GiB)

  6.745926 seconds (2.15 M allocations: 1.579 GiB)

  7.697680 seconds (3.57 M allocations: 2.262 GiB)

  5.326188 seconds (1.34 M allocations: 1.091 GiB)
  5.455673 seconds (1.38 M allocations: 1.119 GiB)
  4.960448 seconds (837.88 k allocations: 839.946 MiB)
672
921
  8.204776 seconds (2.72 M allocations: 1.962 GiB)
121
971
171
73
323
421
274
472
20
874
721
222
622
524
822
772
  5.742625 seconds (3.27 M allocations: 1.838 GiB)
574
  5.296346 seconds (1.04 M allocations: 993.750 MiB)
324
  6.164651 seconds (1.60 M allocations: 1.288 GiB)
875
 12.167801 seconds (1.95 M allocations: 1.453 GiB, 47.11% gc time)
122
 12.494494 seconds (1.87 M allocations: 1.458 GiB, 45.88% gc time)
922
 12.559657 seconds (1.82 M allocations: 1.445 GiB, 45.64% gc time)
673
 12.577431 seconds (1.74 M allocations: 1.416 GiB, 45.58% gc time)
473
 12.969217 seconds (2.28 M allocations: 1.678 GiB, 44.20% gc time)
722
 13.150164 seconds (2.27 M allocations: 1.695 GiB, 43.59% gc time)
823
 13.239671 seconds (2.30 M allocations: 1.716 GiB, 43.30% gc time)
422
 13.397830 seconds (2.44 M allocations: 1.789 GiB, 42.78% gc time)
275
 13.805661 seconds (2.74 M allocations: 1.955 GiB, 41.52% gc time)
74
 13.821125 seconds (2.72 M allocations: 1.949 GiB, 41.47% gc time)
525
 14.047841 seconds (3.01 M allocations: 2.092 GiB, 40.80% gc time)
623
 14.146813 seconds (3.16 M allocations: 2.161 GiB, 40.52% gc time)
773
 14.288299 seconds (3.49 M allocations: 2.311 GiB, 40.12% gc time)
373
 14.241721 seconds (3.26 M allocations: 2.214 GiB, 40.25% gc time)
223
 14.951305 seconds (3.68 M allocations: 2.460 GiB, 38.34% gc time)
21
 15.180208 seconds (3.91 M allocations: 2.577 GiB, 37.76% gc time)
972
 15.326495 seconds (4.14 M allocations: 2.685 GiB, 37.40% gc time)
172
 15.125348 seconds (3.96 M allocations: 2.597 GiB, 37.90% gc time)
575
  6.071903 seconds (3.35 M allocations: 2.005 GiB)
876
 13.173047 seconds (3.82 M allocations: 2.338 GiB, 43.51% gc time)
325
  6.726547 seconds (3.18 M allocations: 2.004 GiB)
474
  6.952905 seconds (3.42 M allocations: 2.125 GiB)
923
  6.018239 seconds (2.58 M allocations: 1.685 GiB)
526
  5.809308 seconds (2.13 M allocations: 1.480 GiB)
374
  7.192849 seconds (3.40 M allocations: 2.143 GiB)
824
  7.257605 seconds (3.37 M allocations: 2.137 GiB)
276
  7.854076 seconds (3.94 M allocations: 2.436 GiB)
723
  8.726958 seconds (4.68 M allocations: 2.830 GiB)
123
  8.334554 seconds (4.37 M allocations: 2.661 GiB)
674
  6.935896 seconds (3.17 M allocations: 2.022 GiB)
774
  7.206707 seconds (3.52 M allocations: 2.193 GiB)
75
  7.190677 seconds (3.43 M allocations: 2.156 GiB)
624
  9.126451 seconds (4.67 M allocations: 2.864 GiB)
423
  7.662994 seconds (3.31 M allocations: 2.153 GiB)
173
  8.824129 seconds (3.36 M allocations: 2.295 GiB)
  9.089321 seconds (3.94 M allocations: 2.563 GiB)
576
224
  8.426942 seconds (3.62 M allocations: 2.359 GiB)
  8.542400 seconds (3.52 M allocations: 2.332 GiB)
22
973
  6.881238 seconds (3.27 M allocations: 2.059 GiB)
877
  6.422841 seconds (3.41 M allocations: 2.065 GiB)
326
  5.790228 seconds (3.31 M allocations: 1.957 GiB)
475
  5.621436 seconds (3.14 M allocations: 1.868 GiB)
375
  6.169758 seconds (3.45 M allocations: 2.054 GiB)
527
  6.276655 seconds (3.14 M allocations: 1.936 GiB)
277
  5.746582 seconds (2.47 M allocations: 1.605 GiB)
625
  6.878906 seconds (3.65 M allocations: 2.206 GiB)
825
  6.537877 seconds (3.05 M allocations: 1.926 GiB)
775
  8.687777 seconds (4.68 M allocations: 2.818 GiB)
924
  7.782028 seconds (3.85 M allocations: 2.383 GiB)
724
  8.451682 seconds (4.01 M allocations: 2.521 GiB)
  8.112957 seconds (3.60 M allocations: 2.316 GiB)
124
76
  8.374563 seconds (3.91 M allocations: 2.473 GiB)
675
  5.094808 seconds (2.25 M allocations: 1.453 GiB)
476
  8.456078 seconds (3.86 M allocations: 2.459 GiB)
424
  6.548903 seconds (2.93 M allocations: 1.880 GiB)
878
  7.015603 seconds (3.24 M allocations: 2.054 GiB)
974
  8.140447 seconds (3.59 M allocations: 2.315 GiB)
23
  8.322050 seconds (3.67 M allocations: 2.366 GiB)
174
  6.184199 seconds (2.71 M allocations: 1.753 GiB)
278
  8.084367 seconds (3.48 M allocations: 2.267 GiB)
327
  8.799585 seconds (4.50 M allocations: 2.755 GiB)
577
  7.720017 seconds (3.66 M allocations: 2.301 GiB)
376
  9.060793 seconds (4.62 M allocations: 2.834 GiB)
225
  6.152021 seconds (2.95 M allocations: 1.847 GiB)
925
  8.263523 seconds (3.96 M allocations: 2.482 GiB)
528
  7.491098 seconds (3.81 M allocations: 2.340 GiB)
626
  7.456817 seconds (3.69 M allocations: 2.286 GiB)
776
  6.470473 seconds (3.09 M allocations: 1.937 GiB)
77
  8.556488 seconds (4.14 M allocations: 2.585 GiB)
826
  8.018091 seconds (3.91 M allocations: 2.434 GiB)
725
  5.512819 seconds (2.85 M allocations: 1.740 GiB)
879
 14.484226 seconds (3.67 M allocations: 2.312 GiB, 46.11% gc time)
676
 12.511625 seconds (3.03 M allocations: 1.844 GiB, 53.37% gc time)
975
 15.322359 seconds (4.13 M allocations: 2.587 GiB, 43.58% gc time)
125
 15.106650 seconds (3.99 M allocations: 2.505 GiB, 44.21% gc time)
477
 13.451352 seconds (3.08 M allocations: 1.962 GiB, 49.65% gc time)
279
 13.130101 seconds (2.73 M allocations: 1.786 GiB, 50.86% gc time)
377
 15.800581 seconds (4.30 M allocations: 2.705 GiB, 42.26% gc time)
425
 13.879217 seconds (3.62 M allocations: 2.226 GiB, 48.12% gc time)
24
 14.685879 seconds (3.91 M allocations: 2.431 GiB, 45.47% gc time)
175
 14.554723 seconds (3.74 M allocations: 2.349 GiB, 45.88% gc time)
328
 14.355924 seconds (3.52 M allocations: 2.238 GiB, 46.52% gc time)
578
 14.297498 seconds (3.47 M allocations: 2.210 GiB, 46.71% gc time)
529
 12.703190 seconds (2.71 M allocations: 1.734 GiB, 52.57% gc time)
78
  5.107584 seconds (2.33 M allocations: 1.487 GiB)
880
 14.413230 seconds (3.64 M allocations: 2.292 GiB, 46.33% gc time)
627
 15.309049 seconds (4.32 M allocations: 2.665 GiB, 43.62% gc time)
226
 13.963521 seconds (3.65 M allocations: 2.251 GiB, 47.82% gc time)
 13.201395 seconds (3.29 M allocations: 2.026 GiB, 50.59% gc time)
777
827
 15.274637 seconds (4.47 M allocations: 2.722 GiB, 43.72% gc time)
926
  6.610112 seconds (3.42 M allocations: 2.090 GiB)
677
 14.922458 seconds (4.07 M allocations: 2.523 GiB, 44.75% gc time)
726
  8.437709 seconds (3.84 M allocations: 2.450 GiB)
976
  6.045454 seconds (2.75 M allocations: 1.756 GiB)
25
  6.804612 seconds (3.32 M allocations: 2.067 GiB)
280
  7.213308 seconds (3.42 M allocations: 2.150 GiB)
426
  5.435452 seconds (1.64 M allocations: 1.237 GiB)
  8.170112 seconds (3.93 M allocations: 2.464 GiB)
  6.786108 seconds (2.80 M allocations: 1.852 GiB)
478
579
778
  6.042040 seconds (2.54 M allocations: 1.667 GiB)
79
 10.123726 seconds (4.72 M allocations: 2.988 GiB)
126
  9.148984 seconds (4.42 M allocations: 2.763 GiB)
378
  8.855524 seconds (4.03 M allocations: 2.573 GiB)
329
  9.067091 seconds (4.21 M allocations: 2.667 GiB)
176
  7.687256 seconds (2.97 M allocations: 2.017 GiB)
828
  8.375675 seconds (3.98 M allocations: 2.500 GiB)
530
  5.532808 seconds (2.61 M allocations: 1.644 GiB)
727
  8.495623 seconds (4.05 M allocations: 2.541 GiB)
881
  8.402633 seconds (3.89 M allocations: 2.467 GiB)
628
  9.075807 seconds (4.07 M allocations: 2.611 GiB)
227
  5.393940 seconds (2.84 M allocations: 1.723 GiB)
281
  9.071904 seconds (4.09 M allocations: 2.618 GiB)
927
  8.352484 seconds (3.93 M allocations: 2.478 GiB)
678
  6.183501 seconds (3.50 M allocations: 2.077 GiB)
26
  5.519960 seconds (2.67 M allocations: 1.668 GiB)
80
  8.792631 seconds (4.22 M allocations: 2.645 GiB)
977
  6.807665 seconds (2.97 M allocations: 1.925 GiB)
127
  7.071185 seconds (3.27 M allocations: 2.074 GiB)
779
  8.026106 seconds (3.73 M allocations: 2.362 GiB)
580
  8.451929 seconds (3.80 M allocations: 2.434 GiB)
427
  8.528642 seconds (3.82 M allocations: 2.453 GiB)
479
  6.589392 seconds (3.07 M allocations: 1.945 GiB)
330
  6.520234 seconds (2.74 M allocations: 1.801 GiB)
629
  7.308254 seconds (3.53 M allocations: 2.208 GiB)
829
  7.071718 seconds (3.15 M allocations: 2.027 GiB)
882
  8.453504 seconds (4.24 M allocations: 2.620 GiB)
379
  5.196303 seconds (2.23 M allocations: 1.456 GiB)
27
  6.945604 seconds (3.09 M allocations: 1.989 GiB)
282
  7.070685 seconds (2.98 M allocations: 1.958 GiB)  5.515842 seconds (2.46 M allocations: 1.581 GiB)

  8.083166 seconds (3.12 M allocations: 2.118 GiB)  8.754331 seconds (3.62 M allocations: 2.396 GiB)
  9.207509 seconds (3.90 M allocations: 2.555 GiB)

  8.619297 seconds (3.83 M allocations: 2.468 GiB)
728
  9.087398 seconds (4.35 M allocations: 2.730 GiB)228
  5.327992 seconds (2.02 M allocations: 1.384 GiB)679
928


177
780
81
531
 14.477942 seconds (3.62 M allocations: 2.212 GiB, 43.58% gc time)
978
 12.849419 seconds (2.78 M allocations: 1.697 GiB, 49.10% gc time)
331
 12.308633 seconds (2.22 M allocations: 1.412 GiB, 51.26% gc time)
28
 13.357659 seconds (3.09 M allocations: 1.879 GiB, 47.24% gc time)
480
 12.822721 seconds (2.87 M allocations: 1.730 GiB, 49.21% gc time)
 15.256014 seconds (4.12 M allocations: 2.497 GiB, 41.36% gc time)
830
128
 13.669331 seconds (3.49 M allocations: 2.074 GiB, 46.16% gc time)
630
 13.847062 seconds (3.21 M allocations: 1.975 GiB, 45.57% gc time)
883
 15.733171 seconds (4.61 M allocations: 2.746 GiB, 40.10% gc time)
581
 15.469230 seconds (4.44 M allocations: 2.648 GiB, 40.79% gc time)
428
 14.833049 seconds (3.67 M allocations: 2.264 GiB, 42.54% gc time)
380
  5.646302 seconds (2.44 M allocations: 1.585 GiB)
532
  5.897910 seconds (2.72 M allocations: 1.723 GiB)
781
  6.966620 seconds (2.88 M allocations: 1.902 GiB)
82
  6.157753 seconds (2.55 M allocations: 1.683 GiB)
332
  7.460228 seconds (3.18 M allocations: 2.078 GiB)
229
  7.676792 seconds (3.32 M allocations: 2.156 GiB)
680
  5.700929 seconds (2.19 M allocations: 1.493 GiB)
631
  8.176304 seconds (3.73 M allocations: 2.377 GiB)
283
  8.384457 seconds (3.87 M allocations: 2.455 GiB)
729
  5.720788 seconds (2.49 M allocations: 1.617 GiB)
  8.706197 seconds (4.03 M allocations: 2.557 GiB)
884
178
  8.430557 seconds (4.00 M allocations: 2.518 GiB)
979
  7.679093 seconds (3.39 M allocations: 2.189 GiB)
  8.067806 seconds (3.81 M allocations: 2.400 GiB)
831
29
  8.135923 seconds (3.94 M allocations: 2.460 GiB)
481
 10.262030 seconds (5.11 M allocations: 3.162 GiB)
929
  8.736559 seconds (4.15 M allocations: 2.612 GiB)
129
  5.120534 seconds (2.79 M allocations: 1.678 GiB)
782
  6.528699 seconds (3.28 M allocations: 2.025 GiB)
533
  5.119999 seconds (2.71 M allocations: 1.644 GiB)
333
  9.163124 seconds (4.14 M allocations: 2.649 GiB)
582
  8.452873 seconds (3.92 M allocations: 2.485 GiB)
381
  9.653625 seconds (4.56 M allocations: 2.875 GiB)
429
  6.055099 seconds (3.04 M allocations: 1.874 GiB)
632
  6.889290 seconds (3.45 M allocations: 2.128 GiB)
681
  6.575977 seconds (2.92 M allocations: 1.880 GiB)
885
  8.022867 seconds (4.03 M allocations: 2.487 GiB)
230
  6.137193 seconds (2.55 M allocations: 1.681 GiB)
482
  9.070764 seconds (4.68 M allocations: 2.861 GiB)
83
  7.282036 seconds (2.96 M allocations: 1.969 GiB)
  6.742900 seconds (2.99 M allocations: 1.925 GiB)
30
980
  8.749659 seconds (4.02 M allocations: 2.555 GiB)
284
  8.911445 seconds (4.32 M allocations: 2.696 GiB)
730
  6.189096 seconds (2.81 M allocations: 1.795 GiB)
783
  8.879629 seconds (4.44 M allocations: 2.738 GiB)
179
  7.572692 seconds (3.70 M allocations: 2.302 GiB)
930
  8.807602 seconds (4.35 M allocations: 2.693 GiB)
832
  8.409517 seconds (3.96 M allocations: 2.497 GiB)
130
  6.885679 seconds (3.40 M allocations: 2.106 GiB)
534
  7.020448 seconds (3.45 M allocations: 2.142 GiB)
334
  7.883656 seconds (3.61 M allocations: 2.297 GiB)
382
  6.559785 seconds (3.24 M allocations: 2.008 GiB)
633
  6.075407 seconds (3.14 M allocations: 1.916 GiB)
682
  8.127631 seconds (3.92 M allocations: 2.449 GiB)
430
  5.675316 seconds (2.93 M allocations: 1.789 GiB)
483
  9.457814 seconds (4.57 M allocations: 2.855 GiB)
583
  7.680467 seconds (3.84 M allocations: 2.368 GiB)
886
  6.194700 seconds (2.95 M allocations: 1.850 GiB)
981
  8.250608 seconds (4.07 M allocations: 2.526 GiB)
231
  7.294101 seconds (3.44 M allocations: 2.168 GiB)
31
  7.186984 seconds (3.21 M allocations: 2.062 GiB)
784
 14.740018 seconds (3.69 M allocations: 2.308 GiB, 47.88% gc time)
285
 15.287353 seconds (3.81 M allocations: 2.416 GiB, 46.16% gc time)
84
 14.366404 seconds (3.26 M allocations: 2.094 GiB, 49.12% gc time)
833
 15.700109 seconds (3.98 M allocations: 2.529 GiB, 44.95% gc time)
731
 13.933287 seconds (3.13 M allocations: 1.996 GiB, 50.65% gc time)
535
 15.869863 seconds (4.14 M allocations: 2.612 GiB, 44.47% gc time)
180
 15.754611 seconds (4.11 M allocations: 2.586 GiB, 44.79% gc time)
931
 14.644578 seconds (3.57 M allocations: 2.251 GiB, 48.19% gc time)
335
 13.500361 seconds (3.13 M allocations: 1.951 GiB, 52.27% gc time)
683
 15.496901 seconds (4.17 M allocations: 2.585 GiB, 45.54% gc time)
131
 13.766124 seconds (3.25 M allocations: 2.028 GiB, 51.26% gc time)
431
 14.491786 seconds (3.62 M allocations: 2.256 GiB, 48.70% gc time)
634
 15.640114 seconds (4.23 M allocations: 2.623 GiB, 45.12% gc time)
383
 14.865523 seconds (3.73 M allocations: 2.338 GiB, 47.47% gc time)
484
 13.248647 seconds (2.92 M allocations: 1.837 GiB, 53.27% gc time)
32
  7.456607 seconds (2.88 M allocations: 1.955 GiB) 15.281285 seconds (3.67 M allocations: 2.356 GiB, 46.18% gc time)

  5.662058 seconds (1.90 M allocations: 1.367 GiB)
 15.354456 seconds (3.55 M allocations: 2.313 GiB, 45.96% gc time)
  6.283372 seconds (2.84 M allocations: 1.815 GiB)
286
887  5.147832 seconds (1.40 M allocations: 1.102 GiB)
181
 15.880903 seconds (3.89 M allocations: 2.510 GiB, 44.44% gc time)
  6.501740 seconds (2.60 M allocations: 1.742 GiB)
 14.317328 seconds (3.25 M allocations: 2.085 GiB, 49.29% gc time)
  5.988717 seconds (2.11 M allocations: 1.488 GiB)
982
584
85
536
684
785
232
  6.479588 seconds (2.33 M allocations: 1.629 GiB)

732
  5.647126 seconds (2.17 M allocations: 1.476 GiB)
336
  7.776910 seconds (4.39 M allocations: 2.607 GiB)
834
  8.176625 seconds (4.07 M allocations: 2.515 GiB)
932
  6.776482 seconds (3.24 M allocations: 2.033 GiB)
635
  7.637483 seconds (3.72 M allocations: 2.317 GiB)
132
  6.607819 seconds (3.40 M allocations: 2.078 GiB)
384
  6.556882 seconds (3.34 M allocations: 2.048 GiB)
485
  7.804327 seconds (3.98 M allocations: 2.440 GiB)
432
  5.260166 seconds (2.07 M allocations: 1.393 GiB)
786
  5.811288 seconds (1.97 M allocations: 1.406 GiB)
888
  6.139699 seconds (2.39 M allocations: 1.613 GiB)
983
  6.220368 seconds (2.34 M allocations: 1.602 GiB)
86
  6.337872 seconds (2.45 M allocations: 1.662 GiB)
337
  7.623260 seconds (3.22 M allocations: 2.108 GiB)
537
  7.659717 seconds (3.07 M allocations: 2.052 GiB)
585
  7.846235 seconds (3.30 M allocations: 2.167 GiB)
685
  5.903557 seconds (2.40 M allocations: 1.595 GiB)
  8.331178 seconds (3.48 M allocations: 2.292 GiB)
636
33
  8.395767 seconds (3.53 M allocations: 2.318 GiB)
233
  8.704949 seconds (3.74 M allocations: 2.437 GiB)
733
  9.361585 seconds (4.28 M allocations: 2.728 GiB)
287
  8.560420 seconds (3.78 M allocations: 2.437 GiB)
835
  6.793963 seconds (3.11 M allocations: 1.980 GiB)
385
 10.246698 seconds (5.16 M allocations: 3.177 GiB)
182
  7.122526 seconds (3.29 M allocations: 2.090 GiB)
486
  8.302516 seconds (3.42 M allocations: 2.264 GiB)
  8.424272 seconds (3.93 M allocations: 2.488 GiB)
  8.853876 seconds (3.90 M allocations: 2.521 GiB)
433
933
133
  5.965096 seconds (2.99 M allocations: 1.847 GiB)
87
  6.265268 seconds (3.24 M allocations: 1.979 GiB)
984
  7.255141 seconds (3.78 M allocations: 2.308 GiB)
787
  6.390548 seconds (3.38 M allocations: 2.051 GiB)
338
  7.074275 seconds (3.99 M allocations: 2.372 GiB)
889
  6.243669 seconds (3.42 M allocations: 2.051 GiB)
538
  5.677145 seconds (2.74 M allocations: 1.715 GiB)
734
  6.844535 seconds (3.51 M allocations: 2.152 GiB)
686
  6.989387 seconds (3.41 M allocations: 2.125 GiB)
637
  8.225775 seconds (4.20 M allocations: 2.577 GiB)
586
  6.855105 seconds (3.19 M allocations: 2.020 GiB)
288
  8.615194 seconds (4.14 M allocations: 2.589 GiB)
34
  8.608415 seconds (4.11 M allocations: 2.581 GiB)
234
 14.903918 seconds (3.78 M allocations: 2.382 GiB, 45.77% gc time)
836
 12.657253 seconds (2.88 M allocations: 1.782 GiB, 53.89% gc time)
487
 14.608622 seconds (3.64 M allocations: 2.294 GiB, 46.69% gc time)
183
 15.239281 seconds (4.05 M allocations: 2.529 GiB, 44.76% gc time)
386
 13.075727 seconds (2.69 M allocations: 1.745 GiB, 52.16% gc time)
339
 13.668905 seconds (3.12 M allocations: 1.984 GiB, 49.90% gc time)
985
 12.536621 seconds (2.56 M allocations: 1.640 GiB, 54.41% gc time)
539
 13.318442 seconds (2.93 M allocations: 1.872 GiB, 51.21% gc time)
890
 14.586422 seconds (3.57 M allocations: 2.262 GiB, 46.76% gc time)
788
 15.412953 seconds (4.28 M allocations: 2.643 GiB, 44.25% gc time)
134
 15.168439 seconds (4.06 M allocations: 2.524 GiB, 44.97% gc time)
88
 15.943165 seconds (4.61 M allocations: 2.831 GiB, 42.78% gc time)
434
 13.901032 seconds (3.35 M allocations: 2.104 GiB, 49.07% gc time)
687
 12.509583 seconds (2.79 M allocations: 1.731 GiB, 54.52% gc time)
289
 17.026710 seconds (5.17 M allocations: 3.174 GiB, 40.06% gc time)
934
 12.665755 seconds (3.01 M allocations: 1.835 GiB, 53.85% gc time)
35
 15.287513 seconds (3.97 M allocations: 2.499 GiB, 44.62% gc time)
 15.963752 seconds (4.24 M allocations: 2.682 GiB, 42.73% gc time)
638
735
  7.422959 seconds (3.55 M allocations: 2.223 GiB)
235
 16.123145 seconds (4.36 M allocations: 2.749 GiB, 42.30% gc time)
587
  7.264617 seconds (3.40 M allocations: 2.145 GiB)
488
  6.433819 seconds (2.96 M allocations: 1.878 GiB)
986
  5.752919 seconds (2.38 M allocations: 1.573 GiB)
  6.935475 seconds (3.00 M allocations: 1.950 GiB)
89
540
  7.370867 seconds (3.43 M allocations: 2.171 GiB)
340
  9.225679 seconds (4.46 M allocations: 2.786 GiB)
837
  7.282743 seconds (3.50 M allocations: 2.191 GiB)
891
  6.227198 seconds (3.07 M allocations: 1.906 GiB)
  9.047053 seconds (4.58 M allocations: 2.817 GiB)
135
184
  9.056370 seconds (4.74 M allocations: 2.886 GiB)
387
  7.394019 seconds (3.95 M allocations: 2.389 GiB)
789
  7.669511 seconds (3.32 M allocations: 2.162 GiB)
290
  6.757791 seconds (2.91 M allocations: 1.899 GiB)
  7.676068 seconds (3.32 M allocations: 2.162 GiB)
  8.029639 seconds (3.64 M allocations: 2.330 GiB)
36
688
435
  7.036443 seconds (3.36 M allocations: 2.110 GiB)
639
  8.850526 seconds (4.11 M allocations: 2.608 GiB)
935
  7.086291 seconds (3.50 M allocations: 2.173 GiB)
236
  6.009716 seconds (3.02 M allocations: 1.863 GiB)
987
  6.173745 seconds (2.85 M allocations: 1.811 GiB)
90
  7.927235 seconds (3.76 M allocations: 2.368 GiB)
489
  8.331804 seconds (3.99 M allocations: 2.506 GiB)
588
  9.593457 seconds (4.53 M allocations: 2.857 GiB)
  6.574689 seconds (2.89 M allocations: 1.868 GiB)
736
892
  6.820807 seconds (3.06 M allocations: 1.966 GiB)
136
  7.606835 seconds (3.78 M allocations: 2.345 GiB)
541
  7.589986 seconds (3.76 M allocations: 2.334 GiB)
341
  8.191713 seconds (4.04 M allocations: 2.509 GiB)
838
  9.068668 seconds (3.80 M allocations: 2.503 GiB)
  6.358781 seconds (2.61 M allocations: 1.731 GiB)  6.068742 seconds (2.55 M allocations: 1.676 GiB)
  7.069218 seconds (3.00 M allocations: 1.965 GiB)

  8.930886 seconds (3.65 M allocations: 2.424 GiB)
  6.289421 seconds (2.57 M allocations: 1.710 GiB)
291
37
185
388
436
689
  7.267012 seconds (3.53 M allocations: 2.206 GiB)
790
  4.933336 seconds (2.77 M allocations: 1.649 GiB)
91
  6.065992 seconds (3.21 M allocations: 1.946 GiB)
988
  6.652534 seconds (3.53 M allocations: 2.141 GiB)
237
  8.222800 seconds (4.16 M allocations: 2.563 GiB)
640
  8.534987 seconds (4.26 M allocations: 2.637 GiB)
936
  6.773841 seconds (3.43 M allocations: 2.112 GiB)
589
  7.014082 seconds (3.46 M allocations: 2.149 GiB)
490
  6.418074 seconds (3.02 M allocations: 1.906 GiB)
137
  7.785669 seconds (3.75 M allocations: 2.348 GiB)
737
  7.407721 seconds (3.40 M allocations: 2.164 GiB)
342
  5.409521 seconds (2.21 M allocations: 1.470 GiB)  8.460217 seconds (3.98 M allocations: 2.511 GiB)

  5.812646 seconds (2.39 M allocations: 1.583 GiB)
  7.610793 seconds (3.49 M allocations: 2.222 GiB)
893
38
542
292
  6.078146 seconds (2.85 M allocations: 1.801 GiB)
690
 13.265330 seconds (3.22 M allocations: 2.031 GiB, 48.50% gc time)
186
 13.324235 seconds (3.20 M allocations: 2.030 GiB, 48.28% gc time)
389
 13.464555 seconds (3.34 M allocations: 2.101 GiB, 47.78% gc time)
791
 12.980203 seconds (3.27 M allocations: 2.022 GiB, 49.56% gc time)
92
 14.626238 seconds (3.89 M allocations: 2.447 GiB, 43.98% gc time)
437
 13.781023 seconds (3.54 M allocations: 2.216 GiB, 46.68% gc time)
989
 15.283189 seconds (4.20 M allocations: 2.642 GiB, 42.09% gc time)
839
 13.149362 seconds (3.44 M allocations: 2.108 GiB, 48.92% gc time)
641
 12.109518 seconds (2.76 M allocations: 1.722 GiB, 53.12% gc time)
491
 15.619061 seconds (4.22 M allocations: 2.686 GiB, 41.19% gc time)
238
 12.183668 seconds (2.30 M allocations: 1.540 GiB, 52.80% gc time)
343
 12.916713 seconds (2.45 M allocations: 1.677 GiB, 49.80% gc time)  4.734154 seconds (846.01 k allocations: 848.964 MiB)
 15.215504 seconds (3.62 M allocations: 2.398 GiB, 42.28% gc time)
 12.891558 seconds (2.47 M allocations: 1.682 GiB, 49.90% gc time)
 13.054566 seconds (2.63 M allocations: 1.765 GiB, 49.28% gc time)
 15.091136 seconds (3.79 M allocations: 2.455 GiB, 42.63% gc time)
  5.208771 seconds (878.58 k allocations: 882.542 MiB)
 15.488681 seconds (4.07 M allocations: 2.609 GiB, 41.53% gc time)
 12.738096 seconds (2.30 M allocations: 1.598 GiB, 50.50% gc time)
 15.358580 seconds (3.51 M allocations: 2.365 GiB, 41.89% gc time)
 14.018810 seconds (2.50 M allocations: 1.812 GiB, 45.89% gc time)
  6.827112 seconds (2.16 M allocations: 1.593 GiB)
  4.889278 seconds (1.22 M allocations: 1.006 GiB)
  6.815163 seconds (1.96 M allocations: 1.506 GiB)
  6.593928 seconds (1.81 M allocations: 1.424 GiB)
  7.349773 seconds (2.15 M allocations: 1.627 GiB)
  5.695524 seconds (1.22 M allocations: 1.058 GiB)
  5.898217 seconds (1.56 M allocations: 1.243 GiB)

  4.678148 seconds (537.22 k allocations: 597.919 MiB)
492
438840

93
590
792
937
293
543
738
187
138
642
39
990
390
691
239
894
  5.176418 seconds (1.24 M allocations: 1.035 GiB)
991
  5.756507 seconds (2.72 M allocations: 1.694 GiB)
344
  5.757836 seconds (1.66 M allocations: 1.269 GiB)
493
  6.865405 seconds (1.94 M allocations: 1.497 GiB)
294
  6.966321 seconds (1.89 M allocations: 1.491 GiB)
643
  6.858745 seconds (1.64 M allocations: 1.382 GiB)
692
  7.355397 seconds (2.46 M allocations: 1.764 GiB)
  7.027730 seconds (1.86 M allocations: 1.491 GiB)
  7.379822 seconds (2.55 M allocations: 1.801 GiB)
  7.367498 seconds (2.43 M allocations: 1.754 GiB)
94
544
439
139
  7.445353 seconds (2.48 M allocations: 1.784 GiB)
895
  7.869050 seconds (2.93 M allocations: 2.010 GiB)
40
  8.404778 seconds (3.43 M allocations: 2.270 GiB)
188
  8.902827 seconds (3.61 M allocations: 2.393 GiB)
841
  8.709732 seconds (3.14 M allocations: 2.186 GiB)
938
  9.103681 seconds (3.87 M allocations: 2.520 GiB)
391
  9.109035 seconds (3.62 M allocations: 2.424 GiB)
591
  9.113660 seconds (3.63 M allocations: 2.428 GiB)
739
  8.969104 seconds (3.55 M allocations: 2.383 GiB)
240
  9.264125 seconds (3.97 M allocations: 2.585 GiB)
793
  5.474374 seconds (3.25 M allocations: 1.900 GiB)
345
  6.789120 seconds (3.45 M allocations: 2.115 GiB)
494
  7.764114 seconds (4.00 M allocations: 2.446 GiB)
992
  6.548532 seconds (3.27 M allocations: 2.019 GiB)
693
  6.387562 seconds (2.78 M allocations: 1.802 GiB)
  5.892206 seconds (2.46 M allocations: 1.620 GiB)
545
41
  6.615642 seconds (3.13 M allocations: 1.969 GiB)
95
  6.604112 seconds (3.11 M allocations: 1.963 GiB)
896
  7.832130 seconds (4.21 M allocations: 2.540 GiB)
644
  6.959322 seconds (3.21 M allocations: 2.041 GiB)
189
  8.078849 seconds (3.81 M allocations: 2.403 GiB)
140
  8.728525 seconds (4.73 M allocations: 2.845 GiB)
295
  6.640857 seconds (2.63 M allocations: 1.767 GiB)
794
  7.600999 seconds (3.04 M allocations: 2.036 GiB)
241
  9.540100 seconds (4.53 M allocations: 2.849 GiB)
440
  6.132986 seconds (2.79 M allocations: 1.783 GiB)
346
  8.910798 seconds (3.87 M allocations: 2.513 GiB)
392
  8.914535 seconds (3.78 M allocations: 2.477 GiB)
592
  9.100652 seconds (3.90 M allocations: 2.547 GiB)
740
  9.994486 seconds (4.61 M allocations: 2.928 GiB)
939
  6.177328 seconds (3.23 M allocations: 1.967 GiB)
993
 16.020157 seconds (2.94 M allocations: 1.832 GiB, 61.99% gc time)
42
 15.723170 seconds (2.63 M allocations: 1.678 GiB, 63.16% gc time)
897
 21.535911 seconds (5.39 M allocations: 3.409 GiB, 46.11% gc time)
842
 16.707112 seconds (3.49 M allocations: 2.131 GiB, 59.44% gc time)
694
 16.855491 seconds (3.60 M allocations: 2.191 GiB, 58.92% gc time)
546
 18.707464 seconds (4.55 M allocations: 2.772 GiB, 53.08% gc time)
495
 16.981672 seconds (3.45 M allocations: 2.140 GiB, 58.48% gc time)
645
 15.891263 seconds (2.72 M allocations: 1.726 GiB, 62.49% gc time)
242
 17.092710 seconds (3.29 M allocations: 2.086 GiB, 58.10% gc time)
296
 19.126521 seconds (4.37 M allocations: 2.738 GiB, 51.92% gc time)
96
 18.017164 seconds (3.94 M allocations: 2.449 GiB, 55.12% gc time)
190
 16.189574 seconds (2.97 M allocations: 1.860 GiB, 61.34% gc time)
347
 18.101393 seconds (4.15 M allocations: 2.543 GiB, 54.86% gc time)
141
 18.542437 seconds (4.12 M allocations: 2.572 GiB, 53.56% gc time)
795
 17.943933 seconds (3.59 M allocations: 2.293 GiB, 55.34% gc time)
393
  6.515826 seconds (2.93 M allocations: 1.871 GiB)
994
 19.384922 seconds (4.32 M allocations: 2.742 GiB, 51.23% gc time)
441
  6.282368 seconds (2.85 M allocations: 1.816 GiB)
898
  4.740069 seconds (2.15 M allocations: 1.371 GiB)
646
 18.573795 seconds (4.13 M allocations: 2.577 GiB, 53.47% gc time)
593
 18.538480 seconds (4.14 M allocations: 2.581 GiB, 53.57% gc time)
741
  7.079550 seconds (3.65 M allocations: 2.223 GiB)
43
 18.373067 seconds (4.34 M allocations: 2.644 GiB, 54.05% gc time)
940
  7.378734 seconds (3.67 M allocations: 2.264 GiB)
695
  7.267377 seconds (3.60 M allocations: 2.224 GiB)
547
  8.399137 seconds (4.09 M allocations: 2.541 GiB)
843
  6.024930 seconds (2.77 M allocations: 1.756 GiB)
348
  8.244956 seconds (4.03 M allocations: 2.501 GiB)
496
  4.037079 seconds (1.89 M allocations: 1.192 GiB)
442
  7.716293 seconds (3.54 M allocations: 2.247 GiB)
97
  8.064740 seconds (3.59 M allocations: 2.303 GiB)  5.621648 seconds (1.78 M allocations: 1.310 GiB)
  8.193550 seconds (3.39 M allocations: 2.237 GiB)

  8.203625 seconds (3.89 M allocations: 2.440 GiB)
  8.947730 seconds (4.11 M allocations: 2.607 GiB)
  6.311364 seconds (2.97 M allocations: 1.871 GiB)
297
44
191
243
  6.266861 seconds (2.44 M allocations: 1.649 GiB)
  6.388636 seconds (2.72 M allocations: 1.775 GiB)
  6.592237 seconds (2.26 M allocations: 1.608 GiB)
796
142
647
995
899
  5.564967 seconds (1.57 M allocations: 1.225 GiB)
  5.509582 seconds (1.54 M allocations: 1.208 GiB)
548
696
  6.957732 seconds (3.68 M allocations: 2.229 GiB)
594
  7.982018 seconds (4.65 M allocations: 2.737 GiB)
394
  7.153874 seconds (3.99 M allocations: 2.380 GiB)
742
  4.737090 seconds (3.01 M allocations: 1.727 GiB)
349
  7.698827 seconds (4.13 M allocations: 2.492 GiB)
941
  7.354260 seconds (3.81 M allocations: 2.328 GiB)
844
  6.646277 seconds (3.57 M allocations: 2.154 GiB)
497
  7.144808 seconds (3.64 M allocations: 2.237 GiB)
443
  5.950113 seconds (1.96 M allocations: 1.420 GiB)
648
  7.921108 seconds (2.41 M allocations: 1.808 GiB)  8.117861 seconds (2.46 M allocations: 1.838 GiB)

  6.123894 seconds (2.35 M allocations: 1.599 GiB)
  7.133678 seconds (1.76 M allocations: 1.458 GiB)
  6.175633 seconds (2.09 M allocations: 1.498 GiB)
  6.804211 seconds (1.87 M allocations: 1.470 GiB)
  7.916556 seconds (2.39 M allocations: 1.800 GiB)
  7.495026 seconds (2.39 M allocations: 1.754 GiB)
  5.800954 seconds (1.42 M allocations: 1.184 GiB)
  6.279064 seconds (2.53 M allocations: 1.689 GiB)
  6.402930 seconds (2.47 M allocations: 1.675 GiB)
  6.569786 seconds (2.21 M allocations: 1.586 GiB)
  7.166810 seconds (2.13 M allocations: 1.615 GiB)
45
350797  7.251593 seconds (2.13 M allocations: 1.624 GiB)
  5.082972 seconds (1.04 M allocations: 975.591 MiB)
549
845
244
  7.549349 seconds (1.90 M allocations: 1.559 GiB)
98
996
697
395
595
900
298

192
743

143
  6.534141 seconds (2.03 M allocations: 1.493 GiB)
942
  5.446363 seconds (3.04 M allocations: 1.792 GiB)
498
  4.999375 seconds (3.28 M allocations: 1.842 GiB)
444
  5.193326 seconds (1.57 M allocations: 1.179 GiB)
193
  5.632723 seconds (1.13 M allocations: 1.044 GiB)
499
  5.862618 seconds (1.63 M allocations: 1.274 GiB)
798
 13.212104 seconds (1.64 M allocations: 1.296 GiB, 53.96% gc time)
901
 14.372297 seconds (2.77 M allocations: 1.873 GiB, 49.60% gc time)
846
 14.293144 seconds (2.15 M allocations: 1.615 GiB, 49.87% gc time)
299
 14.485001 seconds (2.56 M allocations: 1.802 GiB, 49.21% gc time)
550
 14.805110 seconds (2.32 M allocations: 1.736 GiB, 48.15% gc time)
997
 14.938512 seconds (2.42 M allocations: 1.792 GiB, 47.72% gc time)
99
 15.252018 seconds (4.06 M allocations: 2.493 GiB, 46.74% gc time)
649
 15.003481 seconds (2.48 M allocations: 1.827 GiB, 47.51% gc time)
744
 15.402814 seconds (3.55 M allocations: 2.306 GiB, 46.28% gc time)
698
 15.442521 seconds (3.02 M allocations: 2.094 GiB, 46.16% gc time)
144
 15.665574 seconds (3.63 M allocations: 2.364 GiB, 45.51% gc time)
 15.632720 seconds (3.44 M allocations: 2.283 GiB, 45.60% gc time)
351
596
 15.655543 seconds (3.28 M allocations: 2.224 GiB, 45.53% gc time)
46
 16.116319 seconds (4.18 M allocations: 2.638 GiB, 44.23% gc time)
245
 15.324087 seconds (3.52 M allocations: 2.287 GiB, 46.52% gc time)
445
 16.903884 seconds (4.09 M allocations: 2.686 GiB, 42.17% gc time)
943
 17.351012 seconds (4.92 M allocations: 3.072 GiB, 41.08% gc time)
396
  5.235351 seconds (2.71 M allocations: 1.654 GiB)
847
  6.429738 seconds (3.25 M allocations: 2.002 GiB)
 14.652763 seconds (3.82 M allocations: 2.339 GiB, 48.65% gc time)
194
  5.620691 seconds (2.91 M allocations: 1.775 GiB)
300
  5.376067 seconds (2.44 M allocations: 1.559 GiB)
650
  7.776321 seconds (4.02 M allocations: 2.458 GiB)
500
  8.305566 seconds (4.18 M allocations: 2.577 GiB)
799
  7.344105 seconds (3.67 M allocations: 2.269 GiB)
551
  7.107955 seconds (3.06 M allocations: 1.989 GiB)
699
  6.978774 seconds (2.71 M allocations: 1.836 GiB)
  6.705564 seconds (2.50 M allocations: 1.720 GiB)
  7.877859 seconds (3.63 M allocations: 2.305 GiB)
246
100
  7.332171 seconds (3.00 M allocations: 1.987 GiB)
597
  8.129434 seconds (3.82 M allocations: 2.408 GiB)
998
  8.330139 seconds (4.02 M allocations: 2.512 GiB)
745
  8.332086 seconds (3.58 M allocations: 2.333 GiB)
47
  9.084322 seconds (3.99 M allocations: 2.577 GiB)
145
  7.955559 seconds (3.36 M allocations: 2.200 GiB)
944
  5.395869 seconds (2.64 M allocations: 1.642 GiB)
195
  9.081893 seconds (3.93 M allocations: 2.554 GiB)
446
  6.209950 seconds (3.20 M allocations: 1.958 GiB)
848
  6.152318 seconds (3.09 M allocations: 1.904 GiB)
301
  9.089576 seconds (4.07 M allocations: 2.612 GiB)
397
  6.908905 seconds (3.34 M allocations: 2.085 GiB)
651
  6.061603 seconds (2.99 M allocations: 1.858 GiB)
800
  6.001704 seconds (2.93 M allocations: 1.823 GiB)
700
  5.905134 seconds (2.83 M allocations: 1.775 GiB)
247
  6.041761 seconds (2.94 M allocations: 1.833 GiB)
101
  6.047589 seconds (2.89 M allocations: 1.812 GiB)
598
  6.054612 seconds (2.82 M allocations: 1.783 GiB)
746
  6.027607 seconds (2.80 M allocations: 1.775 GiB)
  6.658485 seconds (3.03 M allocations: 1.935 GiB)
  9.200612 seconds (4.49 M allocations: 2.799 GiB)
48
999
501
  6.038134 seconds (2.94 M allocations: 1.834 GiB)
945
  9.419415 seconds (4.78 M allocations: 2.941 GiB)
  5.575931 seconds (2.60 M allocations: 1.646 GiB)
849
  6.766719 seconds (3.18 M allocations: 2.010 GiB)
196
  6.164277 seconds (2.79 M allocations: 1.787 GiB)
  5.663850 seconds (2.34 M allocations: 1.551 GiB)
801
  5.805644 seconds (2.45 M allocations: 1.611 GiB)
  9.076173 seconds (4.07 M allocations: 2.615 GiB)
146
  5.533257 seconds (2.46 M allocations: 1.585 GiB)
  5.294931 seconds (2.29 M allocations: 1.490 GiB)
701
248
  5.538890 seconds (2.46 M allocations: 1.586 GiB)
  8.894374 seconds (4.01 M allocations: 2.569 GiB)
447
  5.416682 seconds (2.38 M allocations: 1.542 GiB)
599
  8.643452 seconds (3.88 M allocations: 2.491 GiB)
398
  3.828103 seconds (1.39 M allocations: 995.509 MiB)
  5.586420 seconds (1.93 M allocations: 1.374 GiB)  5.684051 seconds (2.16 M allocations: 1.479 GiB)

  6.041665 seconds (2.54 M allocations: 1.673 GiB)
  6.961340 seconds (2.31 M allocations: 1.668 GiB)
946
747
197
  3.490339 seconds (1.21 M allocations: 879.580 MiB)
1000
49
 12.357639 seconds (2.33 M allocations: 1.550 GiB, 53.22% gc time)
850
 13.913413 seconds (3.26 M allocations: 2.095 GiB, 47.27% gc time)
 10.056277 seconds (1.73 M allocations: 1.066 GiB, 65.40% gc time)
249
 10.040803 seconds (1.59 M allocations: 1.007 GiB, 65.50% gc time)
600
 11.234424 seconds (2.22 M allocations: 1.387 GiB, 58.54% gc time)
 11.492278 seconds (2.49 M allocations: 1.528 GiB, 57.23% gc time)
147
 11.220681 seconds (2.12 M allocations: 1.347 GiB, 58.61% gc time)
448
  3.131355 seconds (1.22 M allocations: 844.362 MiB)
198
  3.621923 seconds (1.37 M allocations: 958.087 MiB)
1001
  3.433263 seconds (1.19 M allocations: 861.439 MiB)
250
  4.055688 seconds (1.52 M allocations: 1.044 GiB)
851
  3.602222 seconds (1.35 M allocations: 949.036 MiB)
601
  4.811694 seconds (1.96 M allocations: 1.300 GiB)
748
  4.951751 seconds (2.14 M allocations: 1.391 GiB)
50
  5.308379 seconds (2.44 M allocations: 1.547 GiB)
399
  5.345686 seconds (2.45 M allocations: 1.555 GiB)
947
  4.520032 seconds (2.03 M allocations: 1.296 GiB)
148
  3.473188 seconds (1.74 M allocations: 1.071 GiB)
199
  4.600831 seconds (2.07 M allocations: 1.327 GiB)
449
  3.190326 seconds (1.80 M allocations: 1.069 GiB)
  3.071249 seconds (1.63 M allocations: 1009.595 MiB)
251
  3.572367 seconds (1.75 M allocations: 1.091 GiB)
  3.882251 seconds (1.62 M allocations: 1.068 GiB)
  3.599862 seconds (1.17 M allocations: 875.196 MiB)
400
  4.244146 seconds (1.69 M allocations: 1.132 GiB)
749
  3.927649 seconds (1.41 M allocations: 1009.661 MiB)
948
  4.393792 seconds (1.83 M allocations: 1.208 GiB)
51
  3.022689 seconds (1.21 M allocations: 827.739 MiB)
200
  3.556760 seconds (1.55 M allocations: 1.005 GiB)
149
  3.020767 seconds (1.26 M allocations: 848.482 MiB)
  4.001476 seconds (1.54 M allocations: 1.037 GiB)
450
  3.026291 seconds (1.23 M allocations: 813.895 MiB)
401
  3.023366 seconds (1.23 M allocations: 809.254 MiB)
750
  3.025860 seconds (1.18 M allocations: 787.224 MiB)
949
  3.025387 seconds (1.18 M allocations: 785.722 MiB)
  4.704236 seconds (1.01 M allocations: 706.472 MiB, 35.45% gc time)
201
  4.701900 seconds (1.00 M allocations: 702.543 MiB, 35.46% gc time)
150
  4.761451 seconds (1.05 M allocations: 708.482 MiB, 35.02% gc time)
451
  4.709974 seconds (1.02 M allocations: 676.849 MiB, 35.40% gc time)
  4.711540 seconds (883.16 k allocations: 611.954 MiB, 35.39% gc time)
751
  4.703966 seconds (874.26 k allocations: 601.983 MiB, 35.45% gc time)
950
  3.025030 seconds (795.75 k allocations: 564.493 MiB)
  3.020317 seconds (733.79 k allocations: 538.241 MiB)
151
  3.456499 seconds (689.59 k allocations: 489.008 MiB, 12.51% gc time)
  3.578167 seconds (490.94 k allocations: 360.769 MiB, 12.08% gc time)
  3.454355 seconds (340.00 k allocations: 285.615 MiB, 12.51% gc time)
951
  3.458823 seconds (318.17 k allocations: 261.236 MiB, 12.50% gc time)
  3.017431 seconds (65.04 k allocations: 72.378 MiB)
