Graph 1 is connected.
Graph 2 is connected.
Graph 3 is connected.
Graph 4 is connected.
Graph 5 is connected.
Graph 6 is connected.
Graph 7 is connected.
Graph 8 is connected.
Graph 9 is connected.
Graph 10 is connected.
Graph 11 is connected.
Matrix 1 normalized.
Matrix 2 normalized.
Matrix 3 normalized.
Matrix 4 normalized.
Matrix 5 normalized.
Matrix 6 normalized.
Matrix 7 normalized.
Matrix 8 normalized.
Matrix 9 normalized.
Matrix 10 normalized.
Matrix 11 normalized.
Number of threads: 20
852
1
602152

952
302
202
502
752
352652

402702552
252

102

52
452
802
902
  6.796624 seconds (1.24 M allocations: 1.157 GiB, 6.50% gc time)
903
  6.462946 seconds (1.08 M allocations: 1.109 GiB, 0.50% compilation time)
753
  7.213336 seconds (1.44 M allocations: 1.283 GiB, 6.12% gc time, 0.45% compilation time)
953
  7.483435 seconds (1.65 M allocations: 1.395 GiB, 5.90% gc time, 0.43% compilation time)
503
  7.650347 seconds (1.83 M allocations: 1.481 GiB, 5.77% gc time, 0.42% compilation time)
653
  7.806420 seconds (1.76 M allocations: 1.475 GiB, 5.66% gc time, 0.41% compilation time)
453
  7.450786 seconds (1.87 M allocations: 1.531 GiB, 0.43% compilation time)
353
  8.141442 seconds (2.41 M allocations: 1.770 GiB, 5.43% gc time, 0.40% compilation time)
2
  7.593567 seconds (1.97 M allocations: 1.588 GiB, 0.43% compilation time)
  7.592162 seconds (1.97 M allocations: 1.586 GiB, 0.43% compilation time)
303
853
  8.153109 seconds (2.27 M allocations: 1.717 GiB, 5.42% gc time, 0.40% compilation time)
253
  8.247598 seconds (2.42 M allocations: 1.791 GiB, 5.36% gc time, 0.39% compilation time)
603
  7.877232 seconds (2.57 M allocations: 1.862 GiB, 0.41% compilation time)
  7.879214 seconds (2.56 M allocations: 1.856 GiB, 0.41% compilation time)
553
103
  8.558044 seconds (3.10 M allocations: 2.096 GiB, 5.16% gc time, 0.38% compilation time)
153
  8.735952 seconds (3.36 M allocations: 2.217 GiB, 5.06% gc time, 0.37% compilation time)
  8.240170 seconds (3.18 M allocations: 2.145 GiB, 0.39% compilation time)
53
203
  8.409235 seconds (3.39 M allocations: 2.246 GiB, 0.38% compilation time)
803
  8.569902 seconds (3.61 M allocations: 2.354 GiB, 0.38% compilation time)
403
  8.969259 seconds (3.88 M allocations: 2.503 GiB, 0.36% compilation time)
703
  7.199309 seconds (3.55 M allocations: 2.175 GiB)
904
 17.090753 seconds (3.71 M allocations: 2.324 GiB, 53.09% gc time)
754
 16.155250 seconds (2.50 M allocations: 1.732 GiB, 56.16% gc time)
3
 16.888020 seconds (3.59 M allocations: 2.255 GiB, 53.73% gc time)
954
 16.391833 seconds (2.86 M allocations: 1.906 GiB, 55.35% gc time)
354
 16.898375 seconds (3.71 M allocations: 2.306 GiB, 53.69% gc time)
504
 16.973477 seconds (3.78 M allocations: 2.344 GiB, 53.46% gc time)
654
 16.432785 seconds (2.64 M allocations: 1.823 GiB, 55.21% gc time)
104
 16.546090 seconds (2.75 M allocations: 1.882 GiB, 54.84% gc time)
554
 16.446155 seconds (2.64 M allocations: 1.828 GiB, 55.17% gc time)
154
 16.996897 seconds (3.44 M allocations: 2.207 GiB, 53.38% gc time)
304
 16.072224 seconds (2.47 M allocations: 1.723 GiB, 56.45% gc time)
404
 16.206877 seconds (2.65 M allocations: 1.811 GiB, 55.98% gc time)
 16.975628 seconds (3.48 M allocations: 2.226 GiB, 53.45% gc time)
804
 16.573903 seconds (2.97 M allocations: 1.977 GiB, 54.74% gc time)
 17.447565 seconds (4.30 M allocations: 2.607 GiB, 52.00% gc time)
 17.244290 seconds (3.90 M allocations: 2.424 GiB, 52.62% gc time)
54
604
454
854
 16.062778 seconds (3.17 M allocations: 2.010 GiB, 56.49% gc time)
704
 17.306146 seconds (4.35 M allocations: 2.619 GiB, 52.43% gc time)
254
 17.724802 seconds (4.18 M allocations: 2.594 GiB, 51.19% gc time)
204
  6.049361 seconds (3.10 M allocations: 1.896 GiB)
4
  6.048925 seconds (3.06 M allocations: 1.882 GiB)
955
  6.107290 seconds (3.09 M allocations: 1.899 GiB)
355
 13.257091 seconds (2.56 M allocations: 1.665 GiB, 54.98% gc time)
155
 13.662536 seconds (3.00 M allocations: 1.883 GiB, 53.34% gc time)
105
 13.461595 seconds (2.26 M allocations: 1.560 GiB, 54.14% gc time)
405
 13.827080 seconds (2.42 M allocations: 1.665 GiB, 52.71% gc time)
805
 14.026347 seconds (2.16 M allocations: 1.581 GiB, 51.96% gc time)
705
 16.372471 seconds (4.87 M allocations: 2.938 GiB, 44.51% gc time)
905
 15.504509 seconds (4.49 M allocations: 2.689 GiB, 47.01% gc time)
755
 15.357802 seconds (4.31 M allocations: 2.602 GiB, 47.46% gc time)
655
 14.913141 seconds (2.96 M allocations: 1.999 GiB, 48.87% gc time)
455
 15.129247 seconds (3.16 M allocations: 2.104 GiB, 48.17% gc time)
605
 16.381854 seconds (4.88 M allocations: 2.940 GiB, 44.49% gc time)
 15.588138 seconds (3.35 M allocations: 2.229 GiB, 46.75% gc time)
505
55
 15.481970 seconds (3.30 M allocations: 2.200 GiB, 47.07% gc time)
255
 16.355214 seconds (4.32 M allocations: 2.704 GiB, 44.56% gc time)
305
 16.499951 seconds (4.70 M allocations: 2.875 GiB, 44.17% gc time)
555
 17.177891 seconds (4.26 M allocations: 2.765 GiB, 42.43% gc time)
855
 16.262582 seconds (3.87 M allocations: 2.509 GiB, 44.82% gc time)
205
  6.118255 seconds (3.21 M allocations: 1.948 GiB)
356
  6.536742 seconds (3.55 M allocations: 2.128 GiB)
5
  6.034633 seconds (3.30 M allocations: 1.976 GiB)
156
  6.034500 seconds (3.19 M allocations: 1.931 GiB)
406
 10.647377 seconds (2.84 M allocations: 1.793 GiB, 42.75% gc time)
756
 13.259947 seconds (4.36 M allocations: 2.687 GiB, 34.33% gc time)
956
 11.302854 seconds (3.03 M allocations: 1.940 GiB, 40.27% gc time)
656
 12.704140 seconds (3.98 M allocations: 2.473 GiB, 35.83% gc time)
106
 11.260557 seconds (3.13 M allocations: 1.974 GiB, 40.42% gc time)
456
 10.616427 seconds (2.68 M allocations: 1.726 GiB, 42.88% gc time)
56
 11.357380 seconds (3.31 M allocations: 2.059 GiB, 40.08% gc time)
606
 12.329618 seconds (3.95 M allocations: 2.422 GiB, 36.92% gc time)
906
 11.854172 seconds (3.26 M allocations: 2.090 GiB, 38.40% gc time)
256
 15.206649 seconds (5.10 M allocations: 3.192 GiB, 29.93% gc time)
806
 10.069836 seconds (2.26 M allocations: 1.500 GiB, 45.20% gc time)
157
 10.618932 seconds (2.76 M allocations: 1.761 GiB, 42.87% gc time)
357
 15.085945 seconds (4.99 M allocations: 3.134 GiB, 30.17% gc time)
 11.782171 seconds (3.16 M allocations: 2.045 GiB, 38.63% gc time)
206
706
 13.827522 seconds (4.15 M allocations: 2.662 GiB, 32.92% gc time)
506
 10.650328 seconds (3.01 M allocations: 1.866 GiB, 42.74% gc time)
6
 13.650945 seconds (4.33 M allocations: 2.717 GiB, 33.35% gc time)
 13.713511 seconds (4.37 M allocations: 2.739 GiB, 33.19% gc time)
556
306
  6.028874 seconds (3.20 M allocations: 1.937 GiB)
757
 14.251011 seconds (4.66 M allocations: 2.911 GiB, 31.94% gc time)
856
  6.089952 seconds (3.04 M allocations: 1.877 GiB)
107
  6.044766 seconds (2.90 M allocations: 1.815 GiB)
57
  6.281080 seconds (2.83 M allocations: 1.809 GiB)
907
  9.534842 seconds (4.54 M allocations: 2.849 GiB)
407
  8.344370 seconds (4.22 M allocations: 2.593 GiB)
957
  8.245514 seconds (4.09 M allocations: 2.527 GiB)
657
  9.136993 seconds (4.07 M allocations: 2.612 GiB)
457
  8.902916 seconds (3.82 M allocations: 2.485 GiB)
607
  7.984610 seconds (3.66 M allocations: 2.324 GiB)
257
  6.590815 seconds (3.25 M allocations: 2.012 GiB)
158
  6.485176 seconds (2.86 M allocations: 1.838 GiB)
7
  6.791533 seconds (3.21 M allocations: 2.014 GiB)
207
  6.902578 seconds (3.38 M allocations: 2.094 GiB)
358
  6.739525 seconds (3.03 M allocations: 1.933 GiB)
307
  8.221453 seconds (4.39 M allocations: 2.645 GiB)
807
  7.916210 seconds (3.70 M allocations: 2.329 GiB)
507
  8.499824 seconds (4.04 M allocations: 2.528 GiB)
707
  8.365154 seconds (3.81 M allocations: 2.420 GiB)
557
  6.886366 seconds (3.39 M allocations: 2.096 GiB)
857
  6.516468 seconds (3.12 M allocations: 1.946 GiB)
908
  8.628490 seconds (4.12 M allocations: 2.573 GiB)
758
  7.788464 seconds (3.72 M allocations: 2.321 GiB)
58
  8.279647 seconds (3.95 M allocations: 2.463 GiB)
108
  7.241594 seconds (3.63 M allocations: 2.224 GiB)
408
  7.668238 seconds (3.69 M allocations: 2.294 GiB)
958
  7.450272 seconds (3.66 M allocations: 2.257 GiB)
658
  7.523182 seconds (3.53 M allocations: 2.211 GiB)
458
  7.499900 seconds (3.46 M allocations: 2.182 GiB)
608
  7.339088 seconds (3.32 M allocations: 2.108 GiB)
159
  7.875858 seconds (3.74 M allocations: 2.336 GiB)
258
  7.417572 seconds (3.31 M allocations: 2.116 GiB)
208
  7.832010 seconds (3.66 M allocations: 2.297 GiB)
8
  8.080072 seconds (3.76 M allocations: 2.367 GiB)
359
  8.084414 seconds (3.74 M allocations: 2.356 GiB)
  7.197466 seconds (3.34 M allocations: 2.103 GiB)
308
508
  7.422150 seconds (3.52 M allocations: 2.197 GiB)
708
  8.517322 seconds (4.04 M allocations: 2.521 GiB)
808
  8.323184 seconds (3.75 M allocations: 2.380 GiB)
558
  8.131732 seconds (3.63 M allocations: 2.311 GiB)
858
  7.645492 seconds (3.61 M allocations: 2.251 GiB)
909
  7.473066 seconds (3.66 M allocations: 2.255 GiB)
759
  7.287490 seconds (3.59 M allocations: 2.209 GiB)
59
  7.032715 seconds (3.44 M allocations: 2.120 GiB)
409
  8.278615 seconds (3.92 M allocations: 2.445 GiB)
109
  7.865630 seconds (3.72 M allocations: 2.317 GiB)
959
  7.849892 seconds (3.69 M allocations: 2.306 GiB)
659
  7.051857 seconds (3.38 M allocations: 2.093 GiB)
459
  7.432552 seconds (3.56 M allocations: 2.205 GiB)
160
  8.200998 seconds (3.76 M allocations: 2.365 GiB)
609
  7.609038 seconds (3.30 M allocations: 2.117 GiB)
9
  7.738110 seconds (3.40 M allocations: 2.171 GiB)
209
 17.756724 seconds (3.92 M allocations: 2.445 GiB, 52.64% gc time)
259
 16.907492 seconds (3.39 M allocations: 2.148 GiB, 55.28% gc time)
309
 16.767796 seconds (3.38 M allocations: 2.130 GiB, 55.74% gc time)
709
 17.986022 seconds (4.05 M allocations: 2.526 GiB, 51.97% gc time)
360
 17.794666 seconds (3.84 M allocations: 2.423 GiB, 52.52% gc time)
509
 17.125227 seconds (3.70 M allocations: 2.301 GiB, 54.58% gc time)
809
 16.192529 seconds (3.21 M allocations: 2.006 GiB, 57.72% gc time)
910
 16.646366 seconds (3.60 M allocations: 2.213 GiB, 56.15% gc time)
859
 16.168318 seconds (3.28 M allocations: 2.036 GiB, 57.81% gc time)
60
 17.372427 seconds (3.96 M allocations: 2.438 GiB, 53.80% gc time)
559
 17.295339 seconds (3.87 M allocations: 2.395 GiB, 54.04% gc time)
760
 16.819731 seconds (3.53 M allocations: 2.210 GiB, 55.57% gc time)
110
 15.878431 seconds (3.15 M allocations: 1.957 GiB, 58.86% gc time)
660
 16.630862 seconds (3.64 M allocations: 2.236 GiB, 56.20% gc time)
960
 18.436082 seconds (4.30 M allocations: 2.692 GiB, 50.70% gc time)
410
 15.689579 seconds (3.35 M allocations: 2.027 GiB, 59.57% gc time)
161
 16.768248 seconds (3.80 M allocations: 2.323 GiB, 55.74% gc time)
460
  6.046337 seconds (3.07 M allocations: 1.892 GiB)
260
  6.269021 seconds (2.70 M allocations: 1.762 GiB)
510
  6.045634 seconds (2.40 M allocations: 1.612 GiB)
860
 18.423869 seconds (4.10 M allocations: 2.622 GiB, 50.73% gc time)
10
 18.490666 seconds (4.14 M allocations: 2.644 GiB, 50.55% gc time)
610
  9.064666 seconds (4.16 M allocations: 2.648 GiB)
  6.040947 seconds (2.37 M allocations: 1.602 GiB)
210
560
  8.504574 seconds (4.12 M allocations: 2.573 GiB)
710
  9.074985 seconds (4.44 M allocations: 2.763 GiB)
310
  9.067472 seconds (4.25 M allocations: 2.683 GiB)
361
  6.036910 seconds (2.78 M allocations: 1.769 GiB)
111
  6.041364 seconds (2.80 M allocations: 1.776 GiB)
661
  8.973106 seconds (4.30 M allocations: 2.696 GiB)
911
  9.056894 seconds (4.37 M allocations: 2.735 GiB)
810
  6.038103 seconds (3.05 M allocations: 1.876 GiB)
961
  6.035157 seconds (3.07 M allocations: 1.885 GiB)
162
  9.071195 seconds (4.53 M allocations: 2.800 GiB)
61
  6.051901 seconds (3.07 M allocations: 1.888 GiB)
261
  9.082464 seconds (4.53 M allocations: 2.801 GiB)
761
  6.046246 seconds (3.20 M allocations: 1.942 GiB)
511
  9.062768 seconds (4.30 M allocations: 2.703 GiB)
411
  6.058557 seconds (3.26 M allocations: 1.967 GiB)
861
  6.027767 seconds (2.97 M allocations: 1.843 GiB)
  9.062840 seconds (4.33 M allocations: 2.718 GiB)
561
461
  6.397446 seconds (2.60 M allocations: 1.728 GiB)
112
  6.415175 seconds (2.59 M allocations: 1.727 GiB)
662
  8.406407 seconds (3.87 M allocations: 2.458 GiB)
11
  8.400901 seconds (3.86 M allocations: 2.454 GiB)
611
  8.384608 seconds (3.96 M allocations: 2.496 GiB)
211
  6.598107 seconds (2.89 M allocations: 1.870 GiB)
962
  8.106816 seconds (4.02 M allocations: 2.493 GiB)
311
  6.779403 seconds (3.05 M allocations: 1.955 GiB)
163
  7.838580 seconds (3.98 M allocations: 2.446 GiB)
362
  9.060073 seconds (4.70 M allocations: 2.869 GiB)
711
  7.394192 seconds (3.41 M allocations: 2.168 GiB)
62
  7.324308 seconds (3.34 M allocations: 2.133 GiB)
262
  9.035522 seconds (4.24 M allocations: 2.677 GiB)
912
  6.090930 seconds (3.03 M allocations: 1.877 GiB)
512
  9.103442 seconds (4.29 M allocations: 2.707 GiB)
811
  8.504698 seconds (3.99 M allocations: 2.520 GiB)
762
  6.327029 seconds (3.16 M allocations: 1.953 GiB)
562
  7.112688 seconds (3.37 M allocations: 2.124 GiB)
462
  8.103092 seconds (3.91 M allocations: 2.450 GiB)
862
  9.076217 seconds (4.22 M allocations: 2.677 GiB)
412
  7.145784 seconds (3.22 M allocations: 2.064 GiB)
12
  7.293870 seconds (3.44 M allocations: 2.168 GiB)
663
  6.824766 seconds (3.01 M allocations: 1.942 GiB)
963
  6.104633 seconds (2.67 M allocations: 1.729 GiB)
712
  6.465301 seconds (2.86 M allocations: 1.848 GiB)
363
  6.988838 seconds (3.26 M allocations: 2.062 GiB)
312
  7.758311 seconds (3.98 M allocations: 2.439 GiB)
212
  8.435663 seconds (4.28 M allocations: 2.630 GiB)
612
  8.667494 seconds (4.63 M allocations: 2.796 GiB)
113
  8.124844 seconds (3.92 M allocations: 2.448 GiB)
164
  7.470400 seconds (3.68 M allocations: 2.281 GiB)
  6.843427 seconds (3.29 M allocations: 2.053 GiB)
63
263
 17.343391 seconds (3.42 M allocations: 2.150 GiB, 58.11% gc time)
513
 17.766915 seconds (3.69 M allocations: 2.301 GiB, 56.72% gc time)
913
 17.773944 seconds (3.58 M allocations: 2.260 GiB, 56.70% gc time)
763
 18.812133 seconds (3.98 M allocations: 2.530 GiB, 53.57% gc time)
812
 17.361140 seconds (3.38 M allocations: 2.138 GiB, 58.05% gc time)
863
 18.635407 seconds (3.98 M allocations: 2.513 GiB, 54.08% gc time)
 16.648569 seconds (3.28 M allocations: 2.021 GiB, 60.53% gc time)
563
413
 18.231645 seconds (4.05 M allocations: 2.501 GiB, 55.28% gc time)
463
 16.661974 seconds (3.34 M allocations: 2.048 GiB, 60.48% gc time)
664
 16.678768 seconds (3.32 M allocations: 2.040 GiB, 60.42% gc time)
964
 17.110168 seconds (3.08 M allocations: 1.990 GiB, 58.90% gc time)
213
 18.422352 seconds (4.10 M allocations: 2.541 GiB, 54.70% gc time)
13
 16.453830 seconds (2.79 M allocations: 1.803 GiB, 61.25% gc time)
165
 18.526249 seconds (3.86 M allocations: 2.453 GiB, 54.40% gc time)
713
 18.588754 seconds (3.87 M allocations: 2.467 GiB, 54.21% gc time)
313
  6.026391 seconds (2.72 M allocations: 1.742 GiB)
514
 18.836226 seconds (4.22 M allocations: 2.636 GiB, 53.50% gc time)
364
 18.504038 seconds (4.00 M allocations: 2.510 GiB, 54.46% gc time)
613
  6.046399 seconds (2.92 M allocations: 1.825 GiB)
764
 19.067756 seconds (4.20 M allocations: 2.654 GiB, 52.85% gc time)
114
  6.043443 seconds (2.94 M allocations: 1.832 GiB)
864
  9.069185 seconds (4.13 M allocations: 2.635 GiB)
264
  6.045404 seconds (2.90 M allocations: 1.817 GiB)
414
 19.771934 seconds (4.63 M allocations: 2.902 GiB, 50.97% gc time)
64
  6.035408 seconds (2.90 M allocations: 1.812 GiB)
665
  6.045532 seconds (2.89 M allocations: 1.810 GiB)
965
  7.359919 seconds (3.61 M allocations: 2.244 GiB)
564
 10.292216 seconds (4.92 M allocations: 3.086 GiB)
914
  6.171788 seconds (3.22 M allocations: 1.959 GiB)
214
  9.948516 seconds (4.87 M allocations: 3.026 GiB)
813
  6.166846 seconds (3.22 M allocations: 1.959 GiB)
166
  9.068238 seconds (4.46 M allocations: 2.769 GiB)
464
  6.266249 seconds (3.23 M allocations: 1.972 GiB)
  6.038366 seconds (2.98 M allocations: 1.846 GiB)
515
314
  6.056828 seconds (2.86 M allocations: 1.798 GiB)
765
  6.037619 seconds (2.53 M allocations: 1.663 GiB)
415
  9.059966 seconds (4.15 M allocations: 2.640 GiB)
714
  9.053852 seconds (4.06 M allocations: 2.605 GiB)
365
 10.290698 seconds (4.95 M allocations: 3.096 GiB)
14
  9.071515 seconds (4.20 M allocations: 2.661 GiB)
  6.780253 seconds (3.04 M allocations: 1.950 GiB)
614
65
  6.037989 seconds (2.67 M allocations: 1.721 GiB)
966
  7.938086 seconds (3.98 M allocations: 2.454 GiB)
865
  9.075109 seconds (4.40 M allocations: 2.745 GiB)
115
  6.049435 seconds (2.94 M allocations: 1.832 GiB)
215
  6.040159 seconds (2.93 M allocations: 1.831 GiB)
814
  9.071208 seconds (4.44 M allocations: 2.760 GiB)
265
  6.039606 seconds (2.97 M allocations: 1.846 GiB)
167
  8.650402 seconds (4.37 M allocations: 2.688 GiB)
666
  8.467832 seconds (4.14 M allocations: 2.579 GiB)
565
  6.278787 seconds (2.99 M allocations: 1.881 GiB)
516
  6.036495 seconds (3.07 M allocations: 1.885 GiB)
766
  9.054597 seconds (4.57 M allocations: 2.817 GiB)
915
  9.060755 seconds (4.07 M allocations: 2.607 GiB)
465
  9.059165 seconds (4.00 M allocations: 2.582 GiB)
315
  6.050276 seconds (2.75 M allocations: 1.757 GiB)
66
  6.040380 seconds (2.71 M allocations: 1.738 GiB)
967
  7.559525 seconds (3.95 M allocations: 2.405 GiB)
416
  6.779958 seconds (3.56 M allocations: 2.164 GiB)
15
  6.142358 seconds (2.82 M allocations: 1.793 GiB)
216
  8.399540 seconds (4.37 M allocations: 2.662 GiB)
715
  8.354309 seconds (4.34 M allocations: 2.646 GiB)
366
  6.164439 seconds (2.79 M allocations: 1.782 GiB)
168
  7.212850 seconds (3.36 M allocations: 2.127 GiB)
815
  8.166607 seconds (3.82 M allocations: 2.414 GiB)
116
  9.033196 seconds (4.27 M allocations: 2.691 GiB)
866
  9.617912 seconds (4.59 M allocations: 2.882 GiB)
615
  7.141829 seconds (3.20 M allocations: 2.054 GiB)
  7.333539 seconds (3.36 M allocations: 2.137 GiB)
566
517
 20.647421 seconds (3.27 M allocations: 2.030 GiB, 67.67% gc time)
767
 22.872936 seconds (4.30 M allocations: 2.684 GiB, 61.08% gc time)
266
 22.684360 seconds (4.08 M allocations: 2.569 GiB, 61.59% gc time)
667
 22.435521 seconds (3.84 M allocations: 2.447 GiB, 62.28% gc time)
916
 20.038584 seconds (2.80 M allocations: 1.772 GiB, 69.72% gc time)
16
 20.545030 seconds (3.17 M allocations: 1.980 GiB, 68.01% gc time)
67
 20.901355 seconds (3.33 M allocations: 2.080 GiB, 66.85% gc time)
417
 22.605572 seconds (4.21 M allocations: 2.617 GiB, 61.81% gc time)
466
 21.985642 seconds (3.84 M allocations: 2.404 GiB, 63.55% gc time)
968
 20.557266 seconds (3.11 M allocations: 1.953 GiB, 67.97% gc time)
367
 23.574323 seconds (4.68 M allocations: 2.912 GiB, 59.27% gc time)
316
 21.480617 seconds (3.59 M allocations: 2.248 GiB, 65.04% gc time)
716
 20.205320 seconds (2.94 M allocations: 1.850 GiB, 69.15% gc time)
117
 20.328259 seconds (3.23 M allocations: 1.979 GiB, 68.73% gc time)
816
 20.091135 seconds (3.03 M allocations: 1.875 GiB, 69.54% gc time)
867
 22.090696 seconds (4.05 M allocations: 2.501 GiB, 63.25% gc time)
169
 23.087350 seconds (4.73 M allocations: 2.884 GiB, 60.52% gc time)
217
  6.062219 seconds (2.94 M allocations: 1.838 GiB)
768
  6.256023 seconds (3.10 M allocations: 1.924 GiB)
267
  6.270230 seconds (3.10 M allocations: 1.924 GiB)
668
  5.536357 seconds (2.76 M allocations: 1.707 GiB)
17
  8.359585 seconds (4.01 M allocations: 2.515 GiB)
567
  6.251103 seconds (3.10 M allocations: 1.923 GiB)
68
 23.999488 seconds (4.90 M allocations: 3.045 GiB, 58.22% gc time)
616
  6.295556 seconds (3.14 M allocations: 1.944 GiB)
418
  9.761491 seconds (4.73 M allocations: 2.952 GiB)
518
  6.803604 seconds (3.19 M allocations: 2.014 GiB)
368
  6.440143 seconds (2.85 M allocations: 1.835 GiB)
717
  6.858506 seconds (3.07 M allocations: 1.972 GiB)
118
  6.627200 seconds (2.89 M allocations: 1.872 GiB)
868
  6.569428 seconds (2.63 M allocations: 1.757 GiB)
769
  6.489045 seconds (2.60 M allocations: 1.740 GiB)
268
  9.619769 seconds (4.54 M allocations: 2.863 GiB)
467
  5.536959 seconds (2.32 M allocations: 1.527 GiB)
18
 11.530894 seconds (5.65 M allocations: 3.516 GiB)
917
  9.777818 seconds (4.79 M allocations: 2.979 GiB)
969
  8.401308 seconds (3.95 M allocations: 2.495 GiB)
170
  8.357707 seconds (3.81 M allocations: 2.434 GiB)
218
  6.034122 seconds (2.94 M allocations: 1.834 GiB)
69
  6.043071 seconds (2.74 M allocations: 1.753 GiB)
419
 10.696566 seconds (5.13 M allocations: 3.216 GiB)
817
 11.191095 seconds (5.48 M allocations: 3.414 GiB)
317
  6.922070 seconds (3.21 M allocations: 2.037 GiB)
519
  9.208199 seconds (4.39 M allocations: 2.761 GiB)
669
  8.553435 seconds (4.08 M allocations: 2.564 GiB)
568
  6.440996 seconds (3.41 M allocations: 2.069 GiB)
369
  6.051253 seconds (3.22 M allocations: 1.955 GiB)
718
  6.040881 seconds (3.34 M allocations: 2.004 GiB)
119
  5.791188 seconds (3.31 M allocations: 1.964 GiB)
869
  9.226667 seconds (4.57 M allocations: 2.838 GiB)
617
  6.701754 seconds (3.27 M allocations: 2.041 GiB)
468
  6.048254 seconds (2.54 M allocations: 1.671 GiB)
70
  8.548381 seconds (4.13 M allocations: 2.588 GiB)
770
  6.033064 seconds (2.67 M allocations: 1.725 GiB)
420
  8.006675 seconds (3.71 M allocations: 2.356 GiB)
19
  7.894130 seconds (3.71 M allocations: 2.347 GiB)
970
  8.554626 seconds (4.32 M allocations: 2.668 GiB)
269
  6.045474 seconds (2.94 M allocations: 1.839 GiB)
318
  8.380779 seconds (4.10 M allocations: 2.558 GiB)
171
  6.045316 seconds (2.70 M allocations: 1.738 GiB)
569
  8.238944 seconds (4.00 M allocations: 2.502 GiB)
219
  6.858603 seconds (3.48 M allocations: 2.143 GiB)
818
  6.035319 seconds (2.97 M allocations: 1.851 GiB)
719
  6.041521 seconds (2.94 M allocations: 1.837 GiB)
120
 10.374788 seconds (5.37 M allocations: 3.287 GiB)
918
  6.064947 seconds (2.98 M allocations: 1.856 GiB)
870
  8.483465 seconds (4.12 M allocations: 2.575 GiB)
670
  9.004201 seconds (4.39 M allocations: 2.739 GiB)
520
 15.872947 seconds (4.23 M allocations: 2.698 GiB, 41.75% gc time)
370
 14.263734 seconds (3.58 M allocations: 2.264 GiB, 46.46% gc time)
469
 13.591178 seconds (3.37 M allocations: 2.106 GiB, 48.76% gc time)
71
 16.149964 seconds (4.27 M allocations: 2.742 GiB, 41.04% gc time)
618
 13.339931 seconds (3.09 M allocations: 1.962 GiB, 49.68% gc time)
971
 13.745329 seconds (3.55 M allocations: 2.193 GiB, 48.22% gc time)
421
 14.202428 seconds (3.96 M allocations: 2.413 GiB, 46.66% gc time)
771
 14.061642 seconds (3.55 M allocations: 2.229 GiB, 47.13% gc time)
270
 13.448579 seconds (3.01 M allocations: 1.940 GiB, 49.28% gc time)
570
 13.913303 seconds (3.45 M allocations: 2.172 GiB, 47.63% gc time)
319
 14.205830 seconds (3.35 M allocations: 2.161 GiB, 46.65% gc time)
172
 14.266852 seconds (3.39 M allocations: 2.185 GiB, 46.45% gc time)
220
 14.501534 seconds (3.58 M allocations: 2.283 GiB, 45.70% gc time)
819
 13.942822 seconds (3.53 M allocations: 2.208 GiB, 47.53% gc time)
720
 15.882756 seconds (4.82 M allocations: 2.940 GiB, 41.73% gc time)
20
 13.681784 seconds (3.46 M allocations: 2.154 GiB, 48.44% gc time)
121
 13.560914 seconds (3.37 M allocations: 2.103 GiB, 48.87% gc time)
919
 14.027183 seconds (3.68 M allocations: 2.278 GiB, 47.25% gc time)
871
 13.720382 seconds (3.63 M allocations: 2.226 GiB, 48.30% gc time)
671
 13.874412 seconds (3.66 M allocations: 2.251 GiB, 47.77% gc time)
521
  7.950596 seconds (3.77 M allocations: 2.371 GiB)
371
  6.858924 seconds (3.39 M allocations: 2.103 GiB)
72
  6.318067 seconds (3.08 M allocations: 1.919 GiB)
422
  6.039070 seconds (2.77 M allocations: 1.764 GiB)
271
  7.490730 seconds (3.68 M allocations: 2.286 GiB)
972
  6.040415 seconds (2.09 M allocations: 1.482 GiB)
122
  6.045041 seconds (2.07 M allocations: 1.474 GiB)
920
  7.700660 seconds (3.36 M allocations: 2.177 GiB)
571
  9.817135 seconds (4.86 M allocations: 3.015 GiB)
470
  6.031023 seconds (2.29 M allocations: 1.566 GiB)
872
  9.777922 seconds (4.93 M allocations: 3.042 GiB)
619
  8.146785 seconds (3.89 M allocations: 2.445 GiB)
173
  9.839665 seconds (4.86 M allocations: 3.016 GiB)
772
  6.055082 seconds (2.62 M allocations: 1.706 GiB)
522
  8.327200 seconds (3.94 M allocations: 2.483 GiB)
820
  8.400795 seconds (4.00 M allocations: 2.513 GiB)
721
  9.668182 seconds (4.90 M allocations: 3.018 GiB)
320
  9.490841 seconds (4.72 M allocations: 2.922 GiB)
221
  9.304763 seconds (4.24 M allocations: 2.707 GiB)
21
  6.031725 seconds (3.28 M allocations: 1.976 GiB)
372
  6.039402 seconds (3.21 M allocations: 1.945 GiB)
423
  9.072475 seconds (4.34 M allocations: 2.727 GiB)
672
  6.043068 seconds (3.29 M allocations: 1.982 GiB)
272
  6.040749 seconds (3.34 M allocations: 2.002 GiB)
973
  6.035000 seconds (3.21 M allocations: 1.944 GiB)
123
  6.037562 seconds (3.17 M allocations: 1.929 GiB)
921
  6.031017 seconds (3.09 M allocations: 1.893 GiB)
873
  9.059164 seconds (4.62 M allocations: 2.840 GiB)
73
  6.085072 seconds (2.73 M allocations: 1.752 GiB)
523
  9.114898 seconds (4.21 M allocations: 2.673 GiB)
572
  8.289274 seconds (3.74 M allocations: 2.395 GiB)
620
  9.210211 seconds (4.22 M allocations: 2.686 GiB)
471
  8.042105 seconds (3.41 M allocations: 2.231 GiB)
821
  7.913460 seconds (3.35 M allocations: 2.196 GiB)
722
  8.636471 seconds (4.02 M allocations: 2.543 GiB)
773
  6.409196 seconds (2.79 M allocations: 1.808 GiB)
424
  7.634018 seconds (3.54 M allocations: 2.246 GiB)
222
  9.450561 seconds (4.79 M allocations: 2.945 GiB)
174
  7.555885 seconds (3.60 M allocations: 2.265 GiB)
22
  6.427333 seconds (2.91 M allocations: 1.862 GiB)
273
  7.398391 seconds (3.67 M allocations: 2.276 GiB)
373
  9.083428 seconds (4.59 M allocations: 2.830 GiB)
321
  7.246468 seconds (3.69 M allocations: 2.266 GiB)
673
  7.074142 seconds (3.43 M allocations: 2.142 GiB)
124
  8.236828 seconds (3.83 M allocations: 2.430 GiB)
974
  8.219736 seconds (3.81 M allocations: 2.417 GiB)
922
 14.157989 seconds (3.63 M allocations: 2.301 GiB, 44.77% gc time)
 13.979284 seconds (3.54 M allocations: 2.244 GiB, 45.34% gc time)
874
74
 14.241348 seconds (3.76 M allocations: 2.360 GiB, 44.51% gc time)
524
 13.168208 seconds (3.49 M allocations: 2.139 GiB, 48.14% gc time)
573
 12.519479 seconds (3.11 M allocations: 1.916 GiB, 50.63% gc time)
822
 11.853888 seconds (2.32 M allocations: 1.518 GiB, 53.47% gc time)
274
 13.133251 seconds (3.50 M allocations: 2.139 GiB, 48.26% gc time)
472
 14.250653 seconds (4.16 M allocations: 2.527 GiB, 44.48% gc time)
621
 12.623209 seconds (2.66 M allocations: 1.738 GiB, 50.21% gc time)
175
 12.413480 seconds (2.63 M allocations: 1.701 GiB, 51.06% gc time)
322
 12.407374 seconds (2.65 M allocations: 1.711 GiB, 51.09% gc time)
674
 14.499474 seconds (4.33 M allocations: 2.618 GiB, 43.72% gc time)
723
 14.680109 seconds (4.30 M allocations: 2.626 GiB, 43.18% gc time)
774
 15.081270 seconds (4.28 M allocations: 2.657 GiB, 42.03% gc time)
223
 15.212255 seconds (4.06 M allocations: 2.581 GiB, 41.67% gc time)
23
 15.658714 seconds (4.58 M allocations: 2.841 GiB, 40.48% gc time)
425
 15.034141 seconds (3.98 M allocations: 2.529 GiB, 42.16% gc time)
374
  6.019723 seconds (2.96 M allocations: 1.838 GiB)
75
 14.018259 seconds (3.75 M allocations: 2.331 GiB, 45.22% gc time)
125
  7.383352 seconds (3.56 M allocations: 2.225 GiB)
923
  7.317529 seconds (3.48 M allocations: 2.186 GiB)
875
 15.239630 seconds (4.29 M allocations: 2.679 GiB, 41.59% gc time)
975
  6.204930 seconds (3.22 M allocations: 1.965 GiB)
574
  5.831373 seconds (2.50 M allocations: 1.633 GiB)
675
  6.059104 seconds (2.69 M allocations: 1.733 GiB)
323
  6.654307 seconds (3.16 M allocations: 1.989 GiB)
622
  8.226961 seconds (3.94 M allocations: 2.470 GiB)
275
  8.862620 seconds (4.39 M allocations: 2.720 GiB)
525
  6.038824 seconds (2.80 M allocations: 1.777 GiB)
224
  9.430390 seconds (4.56 M allocations: 2.851 GiB)
823
  8.795195 seconds (4.27 M allocations: 2.663 GiB)
473
  6.035130 seconds (2.80 M allocations: 1.774 GiB)
375
  6.040789 seconds (2.80 M allocations: 1.773 GiB)
76
  6.033991 seconds (2.80 M allocations: 1.772 GiB)
126
  9.171164 seconds (4.35 M allocations: 2.738 GiB)
724
  6.054232 seconds (2.90 M allocations: 1.817 GiB)
924
  6.046567 seconds (2.89 M allocations: 1.811 GiB)
876
  6.026902 seconds (2.79 M allocations: 1.769 GiB)
575
 11.603433 seconds (5.66 M allocations: 3.525 GiB)
  9.077836 seconds (4.31 M allocations: 2.708 GiB)
176
426
  5.673726 seconds (2.74 M allocations: 1.714 GiB)
623
  6.255412 seconds (3.06 M allocations: 1.904 GiB)
676
 11.616056 seconds (5.62 M allocations: 3.511 GiB)
  6.458952 seconds (3.22 M allocations: 1.992 GiB)
775
324
 11.033156 seconds (5.31 M allocations: 3.325 GiB)
24
  8.788610 seconds (4.30 M allocations: 2.677 GiB)
976
  7.181287 seconds (3.30 M allocations: 2.100 GiB)
225
  7.855171 seconds (3.67 M allocations: 2.322 GiB)
526
  6.212437 seconds (2.88 M allocations: 1.827 GiB)
77
  8.786870 seconds (4.22 M allocations: 2.641 GiB)
276
  7.628273 seconds (3.49 M allocations: 2.226 GiB)
376
  6.257585 seconds (2.95 M allocations: 1.863 GiB)
725
  6.086260 seconds (3.04 M allocations: 1.880 GiB)
925
  6.138981 seconds (3.03 M allocations: 1.883 GiB)
877
  9.173967 seconds (4.49 M allocations: 2.794 GiB)
474
  7.994039 seconds (3.93 M allocations: 2.442 GiB)
127
  9.314306 seconds (4.61 M allocations: 2.857 GiB)
824
  6.659672 seconds (3.30 M allocations: 2.043 GiB)
177
  6.046039 seconds (2.54 M allocations: 1.670 GiB)
977
  7.351998 seconds (3.48 M allocations: 2.189 GiB)
624
  8.933919 seconds (4.24 M allocations: 2.667 GiB)
576
  7.293942 seconds (3.39 M allocations: 2.146 GiB)
677
  7.234158 seconds (3.36 M allocations: 2.130 GiB)
776
  7.255258 seconds (3.40 M allocations: 2.147 GiB)
325
  9.055761 seconds (4.62 M allocations: 2.834 GiB)
427
  6.253820 seconds (3.19 M allocations: 1.956 GiB)
527
  6.476753 seconds (3.34 M allocations: 2.043 GiB)
226
  6.526033 seconds (3.36 M allocations: 2.056 GiB)
  8.491264 seconds (4.06 M allocations: 2.547 GiB)
78
25
 18.002473 seconds (3.51 M allocations: 2.209 GiB, 58.70% gc time)
277
 17.137751 seconds (2.75 M allocations: 1.805 GiB, 61.67% gc time)
825
 17.750852 seconds (3.04 M allocations: 1.987 GiB, 59.54% gc time)
475
 18.998213 seconds (3.85 M allocations: 2.451 GiB, 55.63% gc time)
377
 19.098944 seconds (3.94 M allocations: 2.498 GiB, 55.33% gc time)
926
 19.500955 seconds (4.21 M allocations: 2.652 GiB, 54.19% gc time)
726
 17.557749 seconds (3.25 M allocations: 2.057 GiB, 60.19% gc time)
178
 19.230764 seconds (3.87 M allocations: 2.481 GiB, 54.95% gc time)
128
 17.042246 seconds (3.08 M allocations: 1.931 GiB, 62.01% gc time)
625
 17.330889 seconds (3.40 M allocations: 2.095 GiB, 60.98% gc time)
978
 20.679084 seconds (4.89 M allocations: 3.053 GiB, 51.11% gc time)
878
 17.347032 seconds (3.08 M allocations: 1.963 GiB, 60.92% gc time)
326
 16.876207 seconds (2.90 M allocations: 1.843 GiB, 62.62% gc time)
428
 16.596935 seconds (2.84 M allocations: 1.786 GiB, 63.68% gc time)
227
 18.698656 seconds (3.78 M allocations: 2.391 GiB, 56.52% gc time)
777
  6.551699 seconds (3.06 M allocations: 1.935 GiB)
26
 19.294990 seconds (4.10 M allocations: 2.582 GiB, 54.77% gc time)
678
 20.294357 seconds (4.66 M allocations: 2.914 GiB, 52.07% gc time)
577
  7.834238 seconds (3.61 M allocations: 2.293 GiB)
79
  6.604048 seconds (3.36 M allocations: 2.063 GiB)
278
 19.741937 seconds (4.44 M allocations: 2.769 GiB, 53.53% gc time)
528
  7.215333 seconds (3.38 M allocations: 2.135 GiB)
378
  6.902149 seconds (3.07 M allocations: 1.973 GiB)
179
  8.003989 seconds (3.83 M allocations: 2.403 GiB)
476
  8.610541 seconds (4.14 M allocations: 2.594 GiB)
826
  6.362148 seconds (2.78 M allocations: 1.801 GiB)
129
  7.816308 seconds (3.84 M allocations: 2.387 GiB)
927
  6.783427 seconds (3.29 M allocations: 2.052 GiB)
626
  8.325430 seconds (4.14 M allocations: 2.563 GiB)
727
  6.701491 seconds (3.12 M allocations: 1.975 GiB)
327
  6.050532 seconds (2.72 M allocations: 1.745 GiB)
27
  6.039020 seconds (2.70 M allocations: 1.737 GiB)
679
  6.043283 seconds (2.80 M allocations: 1.778 GiB)
578
  9.714574 seconds (4.58 M allocations: 2.886 GiB)
979
  9.102743 seconds (4.11 M allocations: 2.632 GiB)
429
  6.037816 seconds (2.86 M allocations: 1.802 GiB)
279
  6.035055 seconds (2.94 M allocations: 1.833 GiB)
529
  9.055363 seconds (4.46 M allocations: 2.772 GiB)
228
  9.063430 seconds (4.47 M allocations: 2.774 GiB)
778
 10.701254 seconds (5.15 M allocations: 3.222 GiB)
879
  6.148464 seconds (3.22 M allocations: 1.960 GiB)
180
  6.758873 seconds (3.57 M allocations: 2.168 GiB)
379
  6.045757 seconds (3.04 M allocations: 1.874 GiB)
130
  9.050684 seconds (4.52 M allocations: 2.795 GiB)
80
  6.622451 seconds (3.16 M allocations: 1.986 GiB)
627
  6.745419 seconds (3.04 M allocations: 1.948 GiB)
328
  5.723536 seconds (2.68 M allocations: 1.696 GiB)
680
  7.877110 seconds (3.75 M allocations: 2.355 GiB)
928
  8.343503 seconds (4.21 M allocations: 2.592 GiB)
  8.316804 seconds (4.19 M allocations: 2.581 GiB)
477
827
  7.518906 seconds (3.63 M allocations: 2.269 GiB)
728
  7.408426 seconds (3.73 M allocations: 2.297 GiB)
28
  6.691915 seconds (3.23 M allocations: 2.021 GiB)
430
  6.052747 seconds (2.96 M allocations: 1.841 GiB)
530
  8.272480 seconds (3.68 M allocations: 2.366 GiB)
280
  6.043243 seconds (2.56 M allocations: 1.678 GiB)
380
  6.033899 seconds (2.55 M allocations: 1.671 GiB)
131
  9.739238 seconds (4.71 M allocations: 2.945 GiB)
579
  9.026751 seconds (4.06 M allocations: 2.601 GiB)
229
  9.091429 seconds (4.03 M allocations: 2.594 GiB)
779
  6.048497 seconds (2.60 M allocations: 1.693 GiB)
681
  6.467352 seconds (2.94 M allocations: 1.880 GiB)
329
  6.036066 seconds (2.69 M allocations: 1.731 GiB)
 11.016921 seconds (5.24 M allocations: 3.293 GiB)
929
980
  6.054285 seconds (2.65 M allocations: 1.720 GiB)
  6.042371 seconds (2.63 M allocations: 1.712 GiB)
478
828
  6.049109 seconds (2.70 M allocations: 1.742 GiB)
729
 10.151859 seconds (5.18 M allocations: 3.182 GiB)
880
  9.099865 seconds (4.61 M allocations: 2.839 GiB)
81
  8.723420 seconds (4.52 M allocations: 2.763 GiB)
628
 10.956904 seconds (5.55 M allocations: 3.416 GiB)
181
  6.816902 seconds (3.35 M allocations: 2.083 GiB)
431
  7.406415 seconds (3.55 M allocations: 2.224 GiB)
531
 20.577095 seconds (4.01 M allocations: 2.507 GiB, 59.66% gc time)
29
 19.534365 seconds (3.38 M allocations: 2.138 GiB, 62.85% gc time)
132
 20.213304 seconds (3.65 M allocations: 2.319 GiB, 60.73% gc time)
381
 18.976456 seconds (3.25 M allocations: 2.026 GiB, 64.69% gc time)
230
 18.686565 seconds (3.05 M allocations: 1.911 GiB, 65.70% gc time)
780
 18.386259 seconds (2.41 M allocations: 1.615 GiB, 66.77% gc time)
479
 20.367101 seconds (4.01 M allocations: 2.481 GiB, 60.28% gc time)
580
 18.166214 seconds (2.39 M allocations: 1.587 GiB, 67.58% gc time)
881
 21.411133 seconds (4.71 M allocations: 2.876 GiB, 57.34% gc time)
281
 18.990885 seconds (3.21 M allocations: 2.007 GiB, 64.64% gc time)
930
 18.987688 seconds (3.16 M allocations: 1.988 GiB, 64.66% gc time)
730
 20.643690 seconds (4.36 M allocations: 2.651 GiB, 59.47% gc time)
682
 20.918186 seconds (4.16 M allocations: 2.593 GiB, 58.69% gc time)
330
 20.901705 seconds (4.00 M allocations: 2.526 GiB, 58.73% gc time)
981
 21.446669 seconds (4.09 M allocations: 2.622 GiB, 57.24% gc time)
829
 21.076468 seconds (3.84 M allocations: 2.479 GiB, 58.25% gc time)
82
 19.922147 seconds (3.44 M allocations: 2.201 GiB, 61.62% gc time)
432
  7.070807 seconds (3.17 M allocations: 2.033 GiB)
30
 21.706877 seconds (4.20 M allocations: 2.693 GiB, 56.56% gc time)
629
 21.318793 seconds (4.17 M allocations: 2.643 GiB, 57.59% gc time)
182
  6.046009 seconds (2.99 M allocations: 1.855 GiB)
231
  6.014501 seconds (2.97 M allocations: 1.843 GiB)
781
  9.049846 seconds (4.23 M allocations: 2.674 GiB)
  6.037585 seconds (3.05 M allocations: 1.877 GiB)
480
532
  6.039876 seconds (2.93 M allocations: 1.830 GiB)
882
  6.073500 seconds (2.93 M allocations: 1.836 GiB)
931
  7.898196 seconds (4.41 M allocations: 2.633 GiB)
133
  6.521916 seconds (3.15 M allocations: 1.972 GiB)
731
  6.899177 seconds (3.45 M allocations: 2.137 GiB)
581
  8.048319 seconds (4.62 M allocations: 2.735 GiB)
382
  7.170520 seconds (3.52 M allocations: 2.194 GiB)
683
  7.579392 seconds (3.49 M allocations: 2.223 GiB)
982
  6.615685 seconds (3.17 M allocations: 1.990 GiB)
83
 10.247037 seconds (4.63 M allocations: 2.965 GiB)
282
  8.646634 seconds (4.01 M allocations: 2.547 GiB)
331
  6.965256 seconds (3.31 M allocations: 2.085 GiB)
31
  7.616407 seconds (3.68 M allocations: 2.305 GiB)
433
  6.476601 seconds (3.18 M allocations: 1.979 GiB)
183
  6.253128 seconds (2.88 M allocations: 1.830 GiB)
481
  6.961179 seconds (3.37 M allocations: 2.108 GiB)
232
  8.178715 seconds (4.02 M allocations: 2.500 GiB)
630
  9.644332 seconds (4.81 M allocations: 2.979 GiB)
830
  7.497506 seconds (3.83 M allocations: 2.352 GiB)
782
  7.304600 seconds (3.50 M allocations: 2.194 GiB)
883
  6.195882 seconds (2.72 M allocations: 1.759 GiB)
383
  7.399652 seconds (3.60 M allocations: 2.247 GiB)
932
  8.950878 seconds (4.27 M allocations: 2.682 GiB)
533
  8.757382 seconds (4.02 M allocations: 2.557 GiB)
134
  7.660618 seconds (3.45 M allocations: 2.207 GiB)
684
  9.309602 seconds (4.01 M allocations: 2.609 GiB)
732
  6.092179 seconds (2.99 M allocations: 1.856 GiB)
84
  9.700396 seconds (4.42 M allocations: 2.816 GiB)
582
  6.065347 seconds (2.85 M allocations: 1.800 GiB)
434
  6.970550 seconds (3.48 M allocations: 2.152 GiB)
332
  6.290312 seconds (3.01 M allocations: 1.888 GiB)
184
  6.133456 seconds (2.75 M allocations: 1.764 GiB)
631
  6.062860 seconds (2.67 M allocations: 1.728 GiB)
783
  6.042914 seconds (2.51 M allocations: 1.658 GiB)
384
  8.689719 seconds (4.28 M allocations: 2.663 GiB)
32
 10.385395 seconds (5.21 M allocations: 3.218 GiB)
983
  9.705961 seconds (4.85 M allocations: 3.002 GiB)
283
  7.997745 seconds (3.96 M allocations: 2.458 GiB)
482
  7.071610 seconds (3.23 M allocations: 2.060 GiB)
933
  8.728728 seconds (4.29 M allocations: 2.667 GiB)
233
  6.119409 seconds (3.09 M allocations: 1.904 GiB)
135
  9.126060 seconds (4.48 M allocations: 2.788 GiB)
831
  5.618623 seconds (2.91 M allocations: 1.776 GiB)
85
  9.265978 seconds (4.33 M allocations: 2.737 GiB)
884
  7.377256 seconds (3.55 M allocations: 2.223 GiB)
685
  9.195343 seconds (4.36 M allocations: 2.744 GiB)
534
  6.749403 seconds (3.27 M allocations: 2.043 GiB)
435
  7.864856 seconds (3.75 M allocations: 2.355 GiB)
583
  8.610272 seconds (4.13 M allocations: 2.590 GiB)
733
  7.481610 seconds (3.58 M allocations: 2.244 GiB)
333
  7.532872 seconds (3.62 M allocations: 2.268 GiB)
  5.760714 seconds (2.95 M allocations: 1.808 GiB)
185
385
 17.420384 seconds (3.65 M allocations: 2.247 GiB, 58.36% gc time)
784
 17.421184 seconds (3.52 M allocations: 2.192 GiB, 58.36% gc time)
33
 17.194108 seconds (3.17 M allocations: 2.026 GiB, 59.13% gc time)
984
 17.294140 seconds (3.27 M allocations: 2.075 GiB, 58.79% gc time)
284
 19.212391 seconds (4.56 M allocations: 2.807 GiB, 52.92% gc time)
632
 17.791673 seconds (3.68 M allocations: 2.298 GiB, 57.14% gc time)
483
 17.306229 seconds (3.50 M allocations: 2.174 GiB, 58.75% gc time)
234
 17.418262 seconds (3.52 M allocations: 2.193 GiB, 58.37% gc time)
136
 18.918510 seconds (4.15 M allocations: 2.607 GiB, 53.74% gc time)
934
 18.420441 seconds (3.80 M allocations: 2.412 GiB, 55.19% gc time)
832
 16.562811 seconds (3.07 M allocations: 1.923 GiB, 61.38% gc time)
535
 19.089759 seconds (4.04 M allocations: 2.581 GiB, 53.26% gc time)
86
 17.704209 seconds (3.67 M allocations: 2.286 GiB, 57.42% gc time)
686
 16.315372 seconds (2.98 M allocations: 1.857 GiB, 62.31% gc time)
734
  5.844427 seconds (2.67 M allocations: 1.704 GiB)
186
 17.472799 seconds (3.80 M allocations: 2.316 GiB, 58.19% gc time)
 19.040575 seconds (4.44 M allocations: 2.741 GiB, 53.39% gc time)
885
436
  6.060520 seconds (3.07 M allocations: 1.888 GiB)
785
  6.947441 seconds (3.40 M allocations: 2.115 GiB)
386
 19.076237 seconds (4.44 M allocations: 2.745 GiB, 53.29% gc time)
584
  6.226025 seconds (3.03 M allocations: 1.889 GiB)
985
  6.054399 seconds (2.85 M allocations: 1.796 GiB)
633
  8.831766 seconds (4.45 M allocations: 2.740 GiB)
334
  6.043433 seconds (2.93 M allocations: 1.831 GiB)
137
  9.064198 seconds (4.24 M allocations: 2.679 GiB)
34
  9.064125 seconds (4.05 M allocations: 2.598 GiB)
285
  9.071763 seconds (4.05 M allocations: 2.604 GiB)
484
  6.043752 seconds (2.60 M allocations: 1.693 GiB)
735
  9.059941 seconds (4.10 M allocations: 2.624 GiB)
235
  6.045904 seconds (2.61 M allocations: 1.699 GiB)
187
  6.347164 seconds (3.02 M allocations: 1.897 GiB)
687
  7.519003 seconds (3.83 M allocations: 2.354 GiB)
536
  6.032689 seconds (2.67 M allocations: 1.723 GiB)
387
  9.085672 seconds (4.61 M allocations: 2.835 GiB)
935
  9.047813 seconds (4.60 M allocations: 2.829 GiB)
833
  6.037786 seconds (2.71 M allocations: 1.740 GiB)
986
  6.031881 seconds (2.69 M allocations: 1.732 GiB)
634
  9.057549 seconds (4.71 M allocations: 2.875 GiB)
87
  6.431181 seconds (3.08 M allocations: 1.934 GiB)
585
  8.403760 seconds (4.03 M allocations: 2.527 GiB)
786
  9.065067 seconds (4.38 M allocations: 2.743 GiB)
437
  6.045664 seconds (3.01 M allocations: 1.866 GiB)
138
  9.204690 seconds (4.58 M allocations: 2.839 GiB)
886
  9.064841 seconds (4.07 M allocations: 2.612 GiB)
335
  6.050424 seconds (2.91 M allocations: 1.823 GiB)
736
  6.052418 seconds (2.85 M allocations: 1.798 GiB)
188
  6.028051 seconds (2.85 M allocations: 1.796 GiB)
688
  6.059197 seconds (2.80 M allocations: 1.778 GiB)
388
  8.977506 seconds (4.46 M allocations: 2.764 GiB)
  8.237068 seconds (4.08 M allocations: 2.530 GiB)
35
485
  9.105495 seconds (4.60 M allocations: 2.833 GiB)
286
  7.833147 seconds (3.73 M allocations: 2.344 GiB)
537
  7.707409 seconds (3.59 M allocations: 2.274 GiB)
936
  9.063728 seconds (4.27 M allocations: 2.693 GiB)
236
  7.544774 seconds (3.68 M allocations: 2.293 GiB)
834
  7.074287 seconds (3.41 M allocations: 2.134 GiB)
987
  7.073703 seconds (3.43 M allocations: 2.142 GiB)
635
  7.441407 seconds (3.56 M allocations: 2.233 GiB)
586
  6.937319 seconds (3.22 M allocations: 2.042 GiB)
787
  6.936833 seconds (3.21 M allocations: 2.042 GiB)
887
  7.647422 seconds (3.57 M allocations: 2.264 GiB)
139
  8.962991 seconds (4.38 M allocations: 2.729 GiB)
88
  6.136786 seconds (3.29 M allocations: 1.993 GiB)
336
  9.080575 seconds (4.14 M allocations: 2.646 GiB)
438
  6.035620 seconds (3.08 M allocations: 1.895 GiB)
389
 20.333524 seconds (2.98 M allocations: 1.855 GiB, 70.05% gc time)
486
 22.741198 seconds (3.94 M allocations: 2.495 GiB, 62.63% gc time)
189
 20.356172 seconds (2.88 M allocations: 1.815 GiB, 69.97% gc time)
538
 23.259359 seconds (4.41 M allocations: 2.745 GiB, 61.24% gc time)
737
 20.339894 seconds (2.96 M allocations: 1.845 GiB, 70.03% gc time)
937
 23.358540 seconds (4.48 M allocations: 2.781 GiB, 60.98% gc time)
689
 22.132502 seconds (4.02 M allocations: 2.466 GiB, 64.36% gc time)
36
 20.573914 seconds (2.70 M allocations: 1.761 GiB, 69.23% gc time)
788
 20.368994 seconds (2.56 M allocations: 1.681 GiB, 69.93% gc time)
888
 21.577888 seconds (3.28 M allocations: 2.104 GiB, 66.01% gc time)
988
 22.951277 seconds (4.53 M allocations: 2.760 GiB, 62.06% gc time)
287
 22.329757 seconds (3.94 M allocations: 2.450 GiB, 63.79% gc time)
835
 22.928347 seconds (4.37 M allocations: 2.686 GiB, 62.12% gc time)
237
 20.386396 seconds (2.94 M allocations: 1.833 GiB, 69.87% gc time)
337
 20.861286 seconds (3.19 M allocations: 1.987 GiB, 68.28% gc time)
89
 23.377611 seconds (4.47 M allocations: 2.774 GiB, 60.93% gc time)
636
  6.055514 seconds (2.93 M allocations: 1.826 GiB)
487
 21.774188 seconds (3.52 M allocations: 2.214 GiB, 65.42% gc time)
439
 24.321025 seconds (4.74 M allocations: 2.980 GiB, 58.57% gc time)
587
  6.361020 seconds (3.11 M allocations: 1.933 GiB)
539
 24.322087 seconds (4.65 M allocations: 2.943 GiB, 58.56% gc time)
140
  6.061607 seconds (2.94 M allocations: 1.834 GiB)
938
  6.800019 seconds (3.60 M allocations: 2.178 GiB)
190
  6.043100 seconds (3.06 M allocations: 1.878 GiB)
37
  7.434342 seconds (3.76 M allocations: 2.307 GiB)
738
  7.430340 seconds (3.67 M allocations: 2.273 GiB)
690
 10.013249 seconds (5.01 M allocations: 3.089 GiB)
390
  6.050574 seconds (2.59 M allocations: 1.687 GiB)
338
  7.766033 seconds (3.66 M allocations: 2.304 GiB)
889
  8.000791 seconds (3.83 M allocations: 2.397 GiB)
789
  7.841343 seconds (3.74 M allocations: 2.348 GiB)
288
  9.101223 seconds (4.21 M allocations: 2.668 GiB)
989
  6.032860 seconds (2.74 M allocations: 1.751 GiB)
440
  9.048997 seconds (4.20 M allocations: 2.662 GiB)
836
  6.513583 seconds (3.01 M allocations: 1.911 GiB)
588
  8.652126 seconds (3.91 M allocations: 2.503 GiB)
90
  9.071668 seconds (4.28 M allocations: 2.700 GiB)
238
  6.041158 seconds (3.07 M allocations: 1.889 GiB)
540
  6.056413 seconds (3.05 M allocations: 1.884 GiB)
939
  9.065609 seconds (4.47 M allocations: 2.775 GiB)
637
  8.171735 seconds (4.30 M allocations: 2.613 GiB)
488
  9.046287 seconds (3.92 M allocations: 2.547 GiB)
141
  6.042821 seconds (2.70 M allocations: 1.734 GiB)
339
  9.055832 seconds (4.03 M allocations: 2.595 GiB)
  6.044582 seconds (2.77 M allocations: 1.762 GiB)
890
191
  6.067236 seconds (2.93 M allocations: 1.829 GiB)
790
  9.077563 seconds (4.27 M allocations: 2.698 GiB)
38
  6.045973 seconds (3.01 M allocations: 1.863 GiB)
289
  9.070687 seconds (4.47 M allocations: 2.777 GiB)
739
  9.089165 seconds (4.47 M allocations: 2.778 GiB)
691
  6.035056 seconds (3.16 M allocations: 1.921 GiB)
441
  9.065058 seconds (4.59 M allocations: 2.825 GiB)
391
  6.050418 seconds (3.10 M allocations: 1.898 GiB)
589
  6.047948 seconds (2.80 M allocations: 1.773 GiB)
940
  6.356236 seconds (3.05 M allocations: 1.907 GiB)
541
  9.082782 seconds (4.47 M allocations: 2.773 GiB)
990
  7.607510 seconds (3.31 M allocations: 2.143 GiB)
638
  9.041247 seconds (4.44 M allocations: 2.757 GiB)
837
 14.647269 seconds (4.18 M allocations: 2.650 GiB, 38.15% gc time)
91
 14.667979 seconds (4.17 M allocations: 2.649 GiB, 38.10% gc time)
239
 11.643645 seconds (3.16 M allocations: 1.925 GiB, 47.99% gc time)
340
 11.648496 seconds (3.08 M allocations: 1.891 GiB, 47.97% gc time)
891
 11.636768 seconds (3.01 M allocations: 1.863 GiB, 48.02% gc time)
791
 11.657512 seconds (2.94 M allocations: 1.835 GiB, 47.93% gc time)
290
 14.665856 seconds (4.39 M allocations: 2.741 GiB, 38.10% gc time)
489
 12.280015 seconds (3.56 M allocations: 2.156 GiB, 45.50% gc time)
192
 11.640069 seconds (2.67 M allocations: 1.722 GiB, 48.01% gc time)
590
 14.686167 seconds (4.60 M allocations: 2.829 GiB, 38.05% gc time)
142
 11.658748 seconds (2.69 M allocations: 1.732 GiB, 47.93% gc time)
941
 14.680269 seconds (4.27 M allocations: 2.693 GiB, 38.06% gc time)
39
 14.662777 seconds (4.20 M allocations: 2.665 GiB, 38.11% gc time)
740
 14.676200 seconds (4.15 M allocations: 2.647 GiB, 38.07% gc time)
692
 14.612635 seconds (4.08 M allocations: 2.609 GiB, 38.24% gc time)
442
 11.675782 seconds (3.05 M allocations: 1.880 GiB, 47.86% gc time)
639
 14.686763 seconds (4.25 M allocations: 2.690 GiB, 38.05% gc time)
392
  6.040256 seconds (2.78 M allocations: 1.768 GiB)
341
 14.691846 seconds (4.16 M allocations: 2.653 GiB, 38.03% gc time)
  6.018719 seconds (2.77 M allocations: 1.759 GiB)
542
892
  6.052788 seconds (2.93 M allocations: 1.828 GiB)
792
  5.965925 seconds (2.84 M allocations: 1.781 GiB)
291
  6.051984 seconds (2.77 M allocations: 1.763 GiB)
193
 14.800818 seconds (4.76 M allocations: 2.907 GiB, 37.75% gc time)
991
  8.376292 seconds (4.21 M allocations: 2.593 GiB)
92
  6.051121 seconds (3.07 M allocations: 1.886 GiB)
591
  9.573950 seconds (4.90 M allocations: 3.006 GiB)
838
  9.129597 seconds (4.59 M allocations: 2.831 GiB)
240
  6.053514 seconds (3.20 M allocations: 1.941 GiB)
942
  9.014711 seconds (4.20 M allocations: 2.658 GiB)
490
  6.061830 seconds (2.76 M allocations: 1.759 GiB)
640
  6.569634 seconds (3.13 M allocations: 1.968 GiB)
443
  9.131011 seconds (4.23 M allocations: 2.682 GiB)
143
  6.039392 seconds (2.67 M allocations: 1.721 GiB)
893
  6.121706 seconds (2.78 M allocations: 1.776 GiB)
543
  6.041298 seconds (2.74 M allocations: 1.753 GiB)
  7.771899 seconds (3.84 M allocations: 2.385 GiB)
  9.024582 seconds (4.45 M allocations: 2.762 GiB)
793
693
40
  6.086176 seconds (2.95 M allocations: 1.843 GiB)
194
  7.286695 seconds (3.88 M allocations: 2.349 GiB)
342
  6.496510 seconds (3.01 M allocations: 1.907 GiB)
93
  9.751931 seconds (4.71 M allocations: 2.944 GiB)
393
  6.305535 seconds (2.96 M allocations: 1.868 GiB)
592
 10.856997 seconds (5.59 M allocations: 3.419 GiB)
741
  8.167495 seconds (3.85 M allocations: 2.427 GiB)
992
  7.601805 seconds (3.46 M allocations: 2.206 GiB)
241
  6.236372 seconds (2.96 M allocations: 1.861 GiB)
641
  5.903893 seconds (2.78 M allocations: 1.753 GiB)
444
  8.422171 seconds (3.66 M allocations: 2.374 GiB)
943
 11.209440 seconds (5.28 M allocations: 3.331 GiB)
292
  9.109934 seconds (4.21 M allocations: 2.670 GiB)
839
  8.313698 seconds (4.03 M allocations: 2.514 GiB)
491
  6.051846 seconds (3.16 M allocations: 1.921 GiB)
544
  6.070273 seconds (2.99 M allocations: 1.853 GiB)
794
  7.463744 seconds (3.80 M allocations: 2.334 GiB)
894
  5.442253 seconds (2.70 M allocations: 1.671 GiB)
94
  7.212703 seconds (3.38 M allocations: 2.137 GiB)
195
  6.043024 seconds (2.83 M allocations: 1.788 GiB)
394
  9.011255 seconds (4.64 M allocations: 2.839 GiB)
144
  7.783159 seconds (3.63 M allocations: 2.297 GiB)
343
  8.784018 seconds (4.29 M allocations: 2.670 GiB)
694
  8.963529 seconds (4.45 M allocations: 2.755 GiB)
41
  6.576524 seconds (3.29 M allocations: 2.032 GiB)
993
  6.685059 seconds (3.30 M allocations: 2.048 GiB)
242
  8.395675 seconds (4.03 M allocations: 2.525 GiB)
593
  6.372318 seconds (3.22 M allocations: 1.983 GiB)
445
  9.266039 seconds (4.37 M allocations: 2.756 GiB)
742
  7.012455 seconds (3.25 M allocations: 2.061 GiB)
293
  7.007027 seconds (3.08 M allocations: 1.991 GiB)
545
  8.219504 seconds (3.92 M allocations: 2.461 GiB)
642
  8.522999 seconds (4.12 M allocations: 2.575 GiB)
944
  6.151215 seconds (2.90 M allocations: 1.829 GiB)
95
 13.958604 seconds (3.30 M allocations: 2.062 GiB, 50.82% gc time)
895
 16.134350 seconds (4.06 M allocations: 2.605 GiB, 43.96% gc time) 13.463345 seconds (2.54 M allocations: 1.701 GiB, 52.69% gc time)

 14.228468 seconds (3.10 M allocations: 2.009 GiB, 49.85% gc time)
 15.878249 seconds (4.09 M allocations: 2.587 GiB, 44.67% gc time)
 15.606081 seconds (3.71 M allocations: 2.405 GiB, 45.45% gc time)
492
196
344
795
840
 14.469421 seconds (3.44 M allocations: 2.177 GiB, 49.02% gc time)
145
 14.970369 seconds (3.98 M allocations: 2.449 GiB, 47.38% gc time)
395
 14.491015 seconds (3.52 M allocations: 2.209 GiB, 48.95% gc time)
42
 14.922883 seconds (3.80 M allocations: 2.370 GiB, 47.53% gc time)
695
 13.543784 seconds (3.27 M allocations: 2.008 GiB, 52.37% gc time)
594
 14.679007 seconds (3.84 M allocations: 2.362 GiB, 48.32% gc time)
994
 14.351264 seconds (3.65 M allocations: 2.248 GiB, 49.43% gc time)
243
 13.949678 seconds (3.55 M allocations: 2.165 GiB, 50.85% gc time)
446
 13.336357 seconds (3.21 M allocations: 1.962 GiB, 53.19% gc time)
546
 13.924207 seconds (3.51 M allocations: 2.145 GiB, 50.94% gc time)
294
 14.692179 seconds (3.97 M allocations: 2.414 GiB, 48.28% gc time)
743
 15.086293 seconds (3.76 M allocations: 2.368 GiB, 47.02% gc time)
643
  7.805052 seconds (3.55 M allocations: 2.266 GiB)
96
  8.255071 seconds (3.87 M allocations: 2.441 GiB)
  6.041530 seconds (2.90 M allocations: 1.816 GiB)
945
345
  6.242039 seconds (2.99 M allocations: 1.873 GiB)
841
  6.049175 seconds (2.83 M allocations: 1.787 GiB)
146
  6.047531 seconds (2.73 M allocations: 1.746 GiB)
43
  6.037117 seconds (2.72 M allocations: 1.739 GiB)
696
  6.047486 seconds (2.80 M allocations: 1.775 GiB)
595
  9.038080 seconds (4.39 M allocations: 2.735 GiB)
896
  9.084221 seconds (4.21 M allocations: 2.668 GiB)
493
  9.115026 seconds (4.24 M allocations: 2.682 GiB)
  9.131325 seconds (4.25 M allocations: 2.692 GiB)
796
197
  6.055958 seconds (2.87 M allocations: 1.808 GiB)
547
  9.066077 seconds (4.30 M allocations: 2.705 GiB)
396
  6.032609 seconds (2.86 M allocations: 1.803 GiB)
295
  8.729824 seconds (3.89 M allocations: 2.502 GiB)
447
  9.070608 seconds (4.11 M allocations: 2.631 GiB)
995
  9.064558 seconds (4.11 M allocations: 2.630 GiB)
244
  6.050779 seconds (3.00 M allocations: 1.861 GiB)
346
  6.033739 seconds (2.60 M allocations: 1.694 GiB)
44
  9.062649 seconds (4.13 M allocations: 2.637 GiB)
744
  7.003193 seconds (3.43 M allocations: 2.138 GiB)
946
  7.005780 seconds (3.39 M allocations: 2.121 GiB)
842
  7.050770 seconds (3.40 M allocations: 2.131 GiB)
147
  7.318071 seconds (3.40 M allocations: 2.159 GiB)
697
  9.061061 seconds (4.71 M allocations: 2.878 GiB)
644
  9.195066 seconds (4.77 M allocations: 2.915 GiB)
97
  7.757727 seconds (3.74 M allocations: 2.341 GiB)
596
  6.497539 seconds (3.40 M allocations: 2.072 GiB)
897
  6.394072 seconds (3.25 M allocations: 2.000 GiB)
797
  6.645390 seconds (3.44 M allocations: 2.102 GiB)
198
  6.256227 seconds (2.99 M allocations: 1.878 GiB)
397
  6.044063 seconds (2.95 M allocations: 1.834 GiB)
448
  8.022642 seconds (3.77 M allocations: 2.378 GiB)
548
  8.008972 seconds (3.70 M allocations: 2.351 GiB)
296
  6.048482 seconds (3.07 M allocations: 1.884 GiB)
347
  9.060406 seconds (4.59 M allocations: 2.825 GiB)
494
  6.046902 seconds (3.15 M allocations: 1.919 GiB)
45
  9.059694 seconds (4.09 M allocations: 2.617 GiB)
996
  9.070349 seconds (4.09 M allocations: 2.619 GiB)
245
  7.660873 seconds (3.58 M allocations: 2.261 GiB)
947
  6.056256 seconds (2.55 M allocations: 1.671 GiB)
898
  6.040658 seconds (2.53 M allocations: 1.663 GiB)
798
  6.041384 seconds (2.41 M allocations: 1.612 GiB)
398
  9.079054 seconds (4.26 M allocations: 2.687 GiB)
745
  9.080431 seconds (4.24 M allocations: 2.678 GiB)
843
  9.072641 seconds (4.24 M allocations: 2.677 GiB)
148
  6.036580 seconds (2.80 M allocations: 1.773 GiB)
449
  9.060669 seconds (4.36 M allocations: 2.727 GiB)
698
 12.445026 seconds (2.86 M allocations: 1.798 GiB, 51.29% gc time)
549
 12.423167 seconds (2.39 M allocations: 1.606 GiB, 51.38% gc time)
 15.297952 seconds (4.02 M allocations: 2.572 GiB, 41.73% gc time)
 15.470561 seconds (4.47 M allocations: 2.772 GiB, 41.26% gc time)
 14.779343 seconds (3.56 M allocations: 2.328 GiB, 43.19% gc time)
 13.655137 seconds (2.72 M allocations: 1.866 GiB, 46.75% gc time)
597
645
495
 15.353005 seconds (4.32 M allocations: 2.698 GiB, 41.58% gc time)
 12.617654 seconds (2.62 M allocations: 1.720 GiB, 50.59% gc time)
 12.405045 seconds (2.80 M allocations: 1.770 GiB, 51.46% gc time)
46
199
98
348
297
 11.909400 seconds (2.99 M allocations: 1.795 GiB, 53.60% gc time)
899
 13.327589 seconds (3.60 M allocations: 2.195 GiB, 47.90% gc time)
246
 12.017840 seconds (2.91 M allocations: 1.776 GiB, 53.12% gc time)
399
 13.987100 seconds (4.01 M allocations: 2.430 GiB, 45.64% gc time)
997
 13.938472 seconds (3.97 M allocations: 2.407 GiB, 45.80% gc time)
948
 13.051722 seconds (3.59 M allocations: 2.160 GiB, 48.91% gc time)
799
 13.376669 seconds (3.61 M allocations: 2.203 GiB, 47.72% gc time)
746
 12.927865 seconds (3.31 M allocations: 2.032 GiB, 49.38% gc time)
149
  5.855599 seconds (3.11 M allocations: 1.880 GiB)
699
 12.759465 seconds (3.45 M allocations: 2.072 GiB, 50.03% gc time)
450
 14.080844 seconds (4.03 M allocations: 2.447 GiB, 45.33% gc time)
844
  6.257634 seconds (2.44 M allocations: 1.650 GiB)
99
  6.309270 seconds (2.50 M allocations: 1.680 GiB)
200
  6.837284 seconds (3.16 M allocations: 2.005 GiB)
646
  7.696209 seconds (3.08 M allocations: 2.060 GiB)
298
  6.251712 seconds (2.70 M allocations: 1.759 GiB)
900
  7.956953 seconds (3.38 M allocations: 2.210 GiB)
496
  8.400016 seconds (3.59 M allocations: 2.342 GiB)
  8.451917 seconds (3.67 M allocations: 2.379 GiB)
349
550
  6.677226 seconds (3.09 M allocations: 1.962 GiB)
247
  6.540525 seconds (2.92 M allocations: 1.878 GiB)
949
  9.481304 seconds (4.19 M allocations: 2.704 GiB)
47
  6.410347 seconds (2.92 M allocations: 1.866 GiB)
800
  6.541317 seconds (2.98 M allocations: 1.900 GiB)
150
  6.617353 seconds (3.06 M allocations: 1.942 GiB)
747
  8.264956 seconds (4.14 M allocations: 2.555 GiB)
400
 10.681393 seconds (5.12 M allocations: 3.207 GiB)
  6.051674 seconds (2.94 M allocations: 1.832 GiB)
598
845
  9.076823 seconds (4.61 M allocations: 2.832 GiB)
998
  8.112094 seconds (3.92 M allocations: 2.451 GiB)
700
  8.806834 seconds (4.03 M allocations: 2.564 GiB)
451
  7.047228 seconds (3.49 M allocations: 2.162 GiB)
201
  6.057119 seconds (3.11 M allocations: 1.905 GiB)
901
  7.751854 seconds (3.93 M allocations: 2.416 GiB)
100
  6.061069 seconds (2.85 M allocations: 1.796 GiB)
248
  7.969352 seconds (3.97 M allocations: 2.457 GiB)
647
  6.343901 seconds (3.09 M allocations: 1.925 GiB)
551
  6.045689 seconds (2.85 M allocations: 1.799 GiB)
801
  6.039112 seconds (2.72 M allocations: 1.743 GiB)
151
  9.054442 seconds (4.44 M allocations: 2.761 GiB)
299
  8.966927 seconds (4.35 M allocations: 2.717 GiB)
497
  6.047475 seconds (2.54 M allocations: 1.668 GiB)
999
  8.494588 seconds (3.98 M allocations: 2.513 GiB)
  6.046148 seconds (2.54 M allocations: 1.671 GiB)
950
701
  9.560359 seconds (4.64 M allocations: 2.895 GiB)
350
  8.957350 seconds (4.32 M allocations: 2.706 GiB)
48
  8.475612 seconds (3.71 M allocations: 2.404 GiB)
  8.484815 seconds (3.72 M allocations: 2.409 GiB)
599
846
  9.074031 seconds (4.17 M allocations: 2.656 GiB)
748
  8.993393 seconds (4.19 M allocations: 2.656 GiB)
401
  6.242119 seconds (3.37 M allocations: 2.035 GiB)
  6.575864 seconds (3.29 M allocations: 2.036 GiB)
  6.044282 seconds (2.67 M allocations: 1.726 GiB)
  8.378366 seconds (3.84 M allocations: 2.449 GiB)
  7.109272 seconds (3.07 M allocations: 2.000 GiB)
249
  5.692402 seconds (2.48 M allocations: 1.613 GiB)
  8.388707 seconds (3.57 M allocations: 2.339 GiB)
101
  7.933685 seconds (3.28 M allocations: 2.172 GiB)
648
  7.309594 seconds (3.09 M allocations: 2.031 GiB)
  5.261857 seconds (1.88 M allocations: 1.322 GiB)
351
  5.872689 seconds (2.29 M allocations: 1.553 GiB)
 13.929908 seconds (2.87 M allocations: 1.918 GiB, 48.75% gc time)
300
 13.387724 seconds (2.63 M allocations: 1.767 GiB, 50.72% gc time)
1000
 14.060216 seconds (3.10 M allocations: 2.029 GiB, 48.30% gc time)
498
 13.100854 seconds (2.59 M allocations: 1.716 GiB, 51.83% gc time)
951
 12.741301 seconds (2.52 M allocations: 1.654 GiB, 53.30% gc time)
49
 11.980181 seconds (1.90 M allocations: 1.318 GiB, 56.68% gc time)
 12.402632 seconds (2.11 M allocations: 1.448 GiB, 54.75% gc time)
847
 12.801460 seconds (2.30 M allocations: 1.565 GiB, 53.05% gc time)
600
 12.841383 seconds (2.32 M allocations: 1.580 GiB, 52.88% gc time)
749
 11.758661 seconds (2.23 M allocations: 1.429 GiB, 57.75% gc time)
250
 11.026750 seconds (1.98 M allocations: 1.250 GiB, 61.58% gc time)
649
 11.367313 seconds (2.24 M allocations: 1.391 GiB, 59.74% gc time)
 11.059907 seconds (1.99 M allocations: 1.257 GiB, 61.40% gc time)
  4.421893 seconds (1.73 M allocations: 1.167 GiB)
1001
  3.893578 seconds (1.29 M allocations: 954.213 MiB)
  4.285182 seconds (1.54 M allocations: 1.078 GiB)
50
499
  4.602384 seconds (2.04 M allocations: 1.316 GiB)
301
  4.539507 seconds (2.03 M allocations: 1.304 GiB)
  3.920434 seconds (1.40 M allocations: 1004.950 MiB)
750
  4.072315 seconds (1.52 M allocations: 1.047 GiB)
601
  4.934351 seconds (2.10 M allocations: 1.372 GiB)
848
  3.291701 seconds (1.52 M allocations: 990.318 MiB)
251
  3.250182 seconds (1.57 M allocations: 1006.101 MiB)
650
  3.030795 seconds (1.47 M allocations: 938.914 MiB)
  3.031495 seconds (1.31 M allocations: 871.913 MiB)
500
  3.106450 seconds (1.28 M allocations: 869.919 MiB)
  3.057743 seconds (990.94 k allocations: 731.770 MiB)
  4.060511 seconds (1.46 M allocations: 1.007 GiB)
51
  3.390388 seconds (1.21 M allocations: 851.254 MiB)
751
  3.031703 seconds (970.32 k allocations: 708.609 MiB)
  3.028310 seconds (816.79 k allocations: 630.444 MiB)
651
  3.800079 seconds (1.24 M allocations: 874.610 MiB)
849
  3.026886 seconds (873.45 k allocations: 600.704 MiB)
501
  3.032419 seconds (794.28 k allocations: 537.191 MiB)
  3.043439 seconds (693.82 k allocations: 493.840 MiB)
  3.035340 seconds (533.65 k allocations: 408.345 MiB)
  3.127813 seconds (382.35 k allocations: 332.781 MiB)
850
  3.019411 seconds (325.12 k allocations: 268.908 MiB)
  3.040111 seconds (72.97 k allocations: 81.211 MiB)
851
  3.033298 seconds (57.60 k allocations: 64.160 MiB)
