Graph 1 is connected.
Graph 2 is connected.
Graph 3 is connected.
Graph 4 is connected.
Graph 5 is connected.
Graph 6 is connected.
Graph 7 is connected.
Graph 8 is connected.
Graph 9 is connected.
Graph 10 is connected.
Graph 11 is connected.
Matrix 1 normalized.
Matrix 2 normalized.
Matrix 3 normalized.
Matrix 4 normalized.
Matrix 5 normalized.
Matrix 6 normalized.
Matrix 7 normalized.
Matrix 8 normalized.
Matrix 9 normalized.
Matrix 10 normalized.
Matrix 11 normalized.
Number of threads: 20
752
252
552
702
802
1
202
602
152
452
852
102
402
952
652
502
902
52
352
302
  6.058622 seconds (1.28 M allocations: 1.114 GiB, 3.64% gc time)
  5.829992 seconds (875.41 k allocations: 953.541 MiB, 3.78% gc time)
103
153
  9.550238 seconds (1.19 M allocations: 1.106 GiB, 35.77% gc time, 0.99% compilation time)
403
  9.806171 seconds (1.68 M allocations: 1.333 GiB, 34.84% gc time, 0.96% compilation time)
603
  9.828316 seconds (1.51 M allocations: 1.265 GiB, 34.76% gc time, 0.96% compilation time)
53
 10.309585 seconds (1.70 M allocations: 1.395 GiB, 33.14% gc time, 0.92% compilation time)
303
 10.585475 seconds (2.01 M allocations: 1.548 GiB, 32.27% gc time, 0.89% compilation time)
803
 10.590798 seconds (1.94 M allocations: 1.524 GiB, 32.26% gc time, 0.89% compilation time)
503
 11.041177 seconds (2.75 M allocations: 1.896 GiB, 30.94% gc time, 0.86% compilation time)
2
 11.147696 seconds (2.70 M allocations: 1.886 GiB, 30.65% gc time, 0.85% compilation time)
353
 11.303357 seconds (2.58 M allocations: 1.857 GiB, 30.22% gc time, 0.84% compilation time)
953
 11.602751 seconds (2.73 M allocations: 1.951 GiB, 29.44% gc time, 0.82% compilation time)
553
 11.870610 seconds (3.32 M allocations: 2.216 GiB, 28.78% gc time, 0.80% compilation time)
903
 11.849212 seconds (3.00 M allocations: 2.085 GiB, 28.83% gc time, 0.80% compilation time)
453
 11.940208 seconds (3.10 M allocations: 2.134 GiB, 28.61% gc time, 0.79% compilation time)
 11.936830 seconds (3.08 M allocations: 2.125 GiB, 28.62% gc time, 0.79% compilation time)
203
753
 12.376727 seconds (3.79 M allocations: 2.461 GiB, 27.60% gc time, 0.76% compilation time)
253
 12.428891 seconds (3.62 M allocations: 2.396 GiB, 27.49% gc time, 0.76% compilation time)
853
 12.691263 seconds (4.09 M allocations: 2.613 GiB, 26.92% gc time, 0.75% compilation time)
703
 12.742477 seconds (4.01 M allocations: 2.589 GiB, 26.81% gc time, 0.74% compilation time)
653
  6.622500 seconds (2.97 M allocations: 1.779 GiB, 17.17% gc time)
404
  8.702804 seconds (3.63 M allocations: 2.261 GiB, 13.07% gc time)  6.089953 seconds (2.25 M allocations: 1.427 GiB, 18.67% gc time)  5.299773 seconds (1.19 M allocations: 935.376 MiB, 21.46% gc time)

  8.198640 seconds (3.08 M allocations: 1.986 GiB, 13.87% gc time)

  6.009169 seconds (2.14 M allocations: 1.377 GiB, 18.92% gc time)
  7.516194 seconds (2.71 M allocations: 1.763 GiB, 15.13% gc time)
754
504
304
604
3
104
  6.861928 seconds (2.16 M allocations: 1.472 GiB, 16.57% gc time)
354
  6.896191 seconds (2.56 M allocations: 1.631 GiB, 16.49% gc time)
904
  7.621247 seconds (2.77 M allocations: 1.793 GiB, 14.92% gc time)
454
  8.994159 seconds (3.98 M allocations: 2.427 GiB, 12.64% gc time)
804
  7.193254 seconds (2.29 M allocations: 1.554 GiB, 15.81% gc time)
654
 10.363364 seconds (5.00 M allocations: 2.990 GiB, 10.97% gc time)
  7.638881 seconds (2.69 M allocations: 1.764 GiB, 14.89% gc time)
54
854
 11.440505 seconds (5.84 M allocations: 3.443 GiB, 9.94% gc time)
154
  9.823850 seconds (4.36 M allocations: 2.674 GiB, 11.58% gc time)
554
  9.256662 seconds (3.41 M allocations: 2.227 GiB, 12.28% gc time)
704
 11.460538 seconds (4.98 M allocations: 3.094 GiB, 9.92% gc time)
954
 10.678014 seconds (4.14 M allocations: 2.670 GiB, 10.65% gc time)
254
 12.033758 seconds (4.72 M allocations: 3.049 GiB, 9.45% gc time)
204
  5.752588 seconds (2.67 M allocations: 1.689 GiB)
755
  6.436732 seconds (2.76 M allocations: 1.795 GiB)
405
  3.906237 seconds (1.26 M allocations: 939.167 MiB)
705
  6.081218 seconds (2.32 M allocations: 1.575 GiB)
655
  7.699057 seconds (3.27 M allocations: 2.133 GiB)
355
  7.975666 seconds (3.35 M allocations: 2.196 GiB)
905
  8.782431 seconds (3.74 M allocations: 2.434 GiB)
305
  8.908487 seconds (3.87 M allocations: 2.503 GiB)
505
  6.737329 seconds (2.68 M allocations: 1.787 GiB)
155
  9.224055 seconds (4.23 M allocations: 2.678 GiB)
605
  9.628036 seconds (4.57 M allocations: 2.859 GiB)
4
  6.560447 seconds (2.87 M allocations: 1.844 GiB)
555
  9.614110 seconds (4.45 M allocations: 2.809 GiB)
105
  8.355889 seconds (3.83 M allocations: 2.424 GiB)
455
  8.103260 seconds (3.70 M allocations: 2.341 GiB)
855
  9.159978 seconds (4.60 M allocations: 2.819 GiB)
805
  5.101650 seconds (2.50 M allocations: 1.539 GiB)
  5.845091 seconds (2.41 M allocations: 1.578 GiB)
  4.946697 seconds (2.15 M allocations: 1.382 GiB)
  6.513498 seconds (2.85 M allocations: 1.827 GiB)
  6.578326 seconds (3.12 M allocations: 1.945 GiB)
  5.353957 seconds (1.45 M allocations: 1.121 GiB)
  4.607968 seconds (832.88 k allocations: 819.555 MiB)
  6.568489 seconds (2.99 M allocations: 1.891 GiB)
  5.537940 seconds (2.16 M allocations: 1.447 GiB)
  5.752078 seconds (830.49 k allocations: 875.956 MiB)
  5.938078 seconds (1.70 M allocations: 1.265 GiB)
  7.422784 seconds (3.29 M allocations: 2.099 GiB)
  5.489091 seconds (910.13 k allocations: 906.923 MiB)
  7.070836 seconds (2.15 M allocations: 1.519 GiB)
  8.807440 seconds (4.13 M allocations: 2.588 GiB)
  6.180558 seconds (1.55 M allocations: 1.210 GiB)
  5.789517 seconds (1.73 M allocations: 1.273 GiB)
  5.210635 seconds (857.50 k allocations: 868.222 MiB)
  5.194862 seconds (712.94 k allocations: 793.725 MiB)
656
306606
55655
756

106
706

406
5
205
955
255
356
506
456
856
906
156
  5.833158 seconds (1.24 M allocations: 1.096 GiB)
56
  6.281377 seconds (1.10 M allocations: 1.086 GiB)
407
  6.885072 seconds (1.53 M allocations: 1.321 GiB)
357
  7.101797 seconds (1.52 M allocations: 1.339 GiB)
457
  7.145582 seconds (1.52 M allocations: 1.347 GiB)
  7.196361 seconds (1.60 M allocations: 1.384 GiB)
6
  7.209366 seconds (1.58 M allocations: 1.377 GiB)
  7.200070 seconds (1.56 M allocations: 1.369 GiB)
157
806
956
  7.872977 seconds (2.34 M allocations: 1.749 GiB)
857
  8.028830 seconds (2.39 M allocations: 1.788 GiB)
557
  8.037577 seconds (2.36 M allocations: 1.777 GiB)
707
  8.315547 seconds (2.62 M allocations: 1.908 GiB)
  8.356142 seconds (2.67 M allocations: 1.934 GiB)
757
  8.369535 seconds (2.69 M allocations: 1.943 GiB)
907
206
  8.467583 seconds (2.85 M allocations: 2.019 GiB)
  8.550418 seconds (3.08 M allocations: 2.118 GiB)
107
657
  8.637741 seconds (3.14 M allocations: 2.152 GiB)
307
  8.857894 seconds (3.53 M allocations: 2.330 GiB)
256
  8.860052 seconds (3.54 M allocations: 2.339 GiB)
607
  9.027076 seconds (3.78 M allocations: 2.449 GiB)
507
 40.700894 seconds (3.17 M allocations: 1.813 GiB, 87.12% gc time)
408
 41.568212 seconds (3.57 M allocations: 2.065 GiB, 85.31% gc time)
57
 39.881278 seconds (1.93 M allocations: 1.230 GiB, 88.91% gc time)
708
 41.924329 seconds (2.96 M allocations: 1.859 GiB, 84.58% gc time)
957
 40.977268 seconds (1.74 M allocations: 1.269 GiB, 86.54% gc time)
658
 43.128952 seconds (3.51 M allocations: 2.206 GiB, 82.22% gc time)
7
 42.364306 seconds (2.93 M allocations: 1.895 GiB, 83.70% gc time)
 41.985062 seconds (2.28 M allocations: 1.597 GiB, 84.46% gc time)
558
758
 42.909733 seconds (3.46 M allocations: 2.167 GiB, 82.64% gc time)
858
 44.175824 seconds (4.12 M allocations: 2.565 GiB, 80.27% gc time)
807
 44.210781 seconds (4.15 M allocations: 2.584 GiB, 80.21% gc time)
158
 42.348497 seconds (2.29 M allocations: 1.641 GiB, 83.73% gc time)
508
 43.111091 seconds (3.17 M allocations: 2.077 GiB, 82.25% gc time)
108
 43.572604 seconds (3.57 M allocations: 2.287 GiB, 81.38% gc time)
207
 45.060121 seconds (5.03 M allocations: 3.030 GiB, 78.70% gc time)
458
 43.596193 seconds (3.30 M allocations: 2.180 GiB, 81.34% gc time)
608
 46.026868 seconds (5.98 M allocations: 3.516 GiB, 77.04% gc time)
358
  6.417038 seconds (3.12 M allocations: 1.940 GiB)
409
 45.392706 seconds (4.44 M allocations: 2.834 GiB, 78.12% gc time)
908
 45.502219 seconds (4.11 M allocations: 2.712 GiB, 77.93% gc time)
257
 45.835478 seconds (4.39 M allocations: 2.859 GiB, 77.36% gc time)
308
  8.268105 seconds (3.80 M allocations: 2.412 GiB)
58
  5.231212 seconds (2.77 M allocations: 1.675 GiB)
8
  5.081374 seconds (2.25 M allocations: 1.447 GiB)
509
  8.883134 seconds (4.17 M allocations: 2.626 GiB)
709
  6.624534 seconds (3.26 M allocations: 2.023 GiB)
559
  7.391552 seconds (2.95 M allocations: 1.973 GiB)  3.046034 seconds (734.00 k allocations: 631.486 MiB)
  5.003862 seconds (1.36 M allocations: 1.061 GiB)  7.815675 seconds (2.33 M allocations: 1.721 GiB)  7.722157 seconds (3.32 M allocations: 2.162 GiB)  8.786529 seconds (2.86 M allocations: 2.025 GiB)
  5.808273 seconds (1.33 M allocations: 1.078 GiB)


  9.515886 seconds (4.13 M allocations: 2.673 GiB)
  3.055565 seconds (760.10 k allocations: 643.457 MiB)


  8.436094 seconds (3.01 M allocations: 2.079 GiB)  7.969579 seconds (4.02 M allocations: 2.473 GiB)

  6.962026 seconds (2.49 M allocations: 1.738 GiB)
  5.273402 seconds (1.74 M allocations: 1.262 GiB)
  4.705382 seconds (704.26 k allocations: 691.105 MiB)
  7.913693 seconds (2.49 M allocations: 1.797 GiB)
309
  6.936317 seconds (3.34 M allocations: 2.088 GiB)609109


9
  7.872702 seconds (2.18 M allocations: 1.649 GiB)
  7.313050 seconds (1.78 M allocations: 1.391 GiB)
  5.137051 seconds (545.31 k allocations: 581.103 MiB)
159
659
510
258
59
208
859
410
958
459
808
759
359
710
909
  3.075670 seconds (1.38 M allocations: 893.104 MiB)
  3.084952 seconds (1.45 M allocations: 923.129 MiB)
259
160
  3.067462 seconds (1.07 M allocations: 766.052 MiB)
  3.088586 seconds (1.14 M allocations: 800.022 MiB)
511
860
  6.209276 seconds (2.00 M allocations: 1.450 GiB)
610
  6.493910 seconds (1.96 M allocations: 1.463 GiB)
711
 13.567189 seconds (1.14 M allocations: 887.105 MiB, 70.89% gc time)
260
 16.358057 seconds (1.89 M allocations: 1.462 GiB, 58.79% gc time)
411
 17.128225 seconds (2.99 M allocations: 1.983 GiB, 56.15% gc time)
660
 17.324094 seconds (2.55 M allocations: 1.828 GiB, 55.51% gc time)
209
 17.823618 seconds (3.08 M allocations: 2.095 GiB, 53.96% gc time)
760
 17.934613 seconds (2.80 M allocations: 1.996 GiB, 53.62% gc time)
910
 18.247821 seconds (3.45 M allocations: 2.291 GiB, 52.70% gc time)
560
 17.965570 seconds (3.00 M allocations: 2.081 GiB, 53.53% gc time)
110
 18.651782 seconds (3.81 M allocations: 2.479 GiB, 51.56% gc time)
10
 16.666535 seconds (2.70 M allocations: 1.824 GiB, 57.70% gc time)
512
  3.045453 seconds (1.56 M allocations: 975.961 MiB)
261
  3.018331 seconds (1.40 M allocations: 907.361 MiB)
210
 20.560824 seconds (4.16 M allocations: 2.826 GiB, 46.77% gc time)
460
 14.313837 seconds (2.47 M allocations: 1.495 GiB, 67.19% gc time)
611
 21.474980 seconds (5.21 M allocations: 3.344 GiB, 44.78% gc time)
310
  3.375310 seconds (1.77 M allocations: 1.077 GiB)
761
 21.298163 seconds (4.66 M allocations: 3.109 GiB, 45.16% gc time)
809
  3.458172 seconds (1.83 M allocations: 1.111 GiB)
911
 18.699963 seconds (3.95 M allocations: 2.553 GiB, 51.43% gc time)
 22.224284 seconds (5.88 M allocations: 3.699 GiB, 43.27% gc time)
161
959
 19.381504 seconds (4.43 M allocations: 2.818 GiB, 49.62% gc time)
861
  3.220245 seconds (1.84 M allocations: 1.090 GiB)
262
  6.437741 seconds (3.44 M allocations: 2.081 GiB)
661
  3.054472 seconds (1.39 M allocations: 909.409 MiB)
762
  6.341505 seconds (3.09 M allocations: 1.928 GiB)
111
  6.471203 seconds (3.14 M allocations: 1.964 GiB)
11
  4.144000 seconds (1.44 M allocations: 1.020 GiB)
912
  8.686889 seconds (3.80 M allocations: 2.463 GiB)
561
  3.430526 seconds (1.07 M allocations: 815.144 MiB)
263
  6.526610 seconds (3.01 M allocations: 1.915 GiB)
612
 27.666660 seconds (7.65 M allocations: 4.996 GiB, 34.76% gc time)
360
 10.937550 seconds (5.49 M allocations: 3.388 GiB)
412
  6.415785 seconds (2.99 M allocations: 1.894 GiB)
810
  8.467246 seconds (4.28 M allocations: 2.638 GiB)
513
  3.768038 seconds (1.65 M allocations: 1.066 GiB)
12
 29.432985 seconds (8.51 M allocations: 5.534 GiB, 32.67% gc time)
60
  8.692950 seconds (4.09 M allocations: 2.580 GiB)
  7.725340 seconds (3.34 M allocations: 2.170 GiB)
311
162
  7.914288 seconds (3.57 M allocations: 2.287 GiB)
960
  3.032999 seconds (1.40 M allocations: 908.685 MiB)
413
 10.490160 seconds (5.26 M allocations: 3.247 GiB)
461
  8.689956 seconds (4.01 M allocations: 2.545 GiB)
862
  4.848355 seconds (2.50 M allocations: 1.526 GiB)
913
 15.822956 seconds (8.08 M allocations: 4.954 GiB)
712
  4.617600 seconds (2.17 M allocations: 1.365 GiB)
811
  8.582035 seconds (4.11 M allocations: 2.573 GiB)
763
 12.552557 seconds (6.24 M allocations: 3.862 GiB)
211
  8.791048 seconds (4.24 M allocations: 2.646 GiB)
112
  7.595536 seconds (3.82 M allocations: 2.352 GiB)
562
  7.077436 seconds (3.40 M allocations: 2.124 GiB)
361
 11.008342 seconds (5.19 M allocations: 3.265 GiB)
662
  4.908963 seconds (2.35 M allocations: 1.468 GiB)
961
  7.328928 seconds (3.52 M allocations: 2.199 GiB)
514
  8.869980 seconds (4.40 M allocations: 2.715 GiB)
613
  7.362846 seconds (3.59 M allocations: 2.231 GiB)
13
  9.865060 seconds (4.98 M allocations: 3.060 GiB)
264
  9.273257 seconds (2.71 M allocations: 1.687 GiB, 39.30% gc time)
863
  9.705412 seconds (2.65 M allocations: 1.706 GiB, 37.55% gc time)
713
 11.186682 seconds (3.42 M allocations: 2.174 GiB, 32.58% gc time)
462
  7.277572 seconds (1.42 M allocations: 978.865 MiB, 50.08% gc time)
962
  9.260245 seconds (2.54 M allocations: 1.617 GiB, 39.36% gc time)
212
 13.116196 seconds (4.64 M allocations: 2.877 GiB, 27.79% gc time)
61
 12.194182 seconds (4.15 M allocations: 2.579 GiB, 29.89% gc time)
414
 10.967970 seconds (3.47 M allocations: 2.176 GiB, 33.23% gc time)
812
 13.765183 seconds (4.80 M allocations: 3.009 GiB, 26.48% gc time)
312
  3.021047 seconds (1.56 M allocations: 975.743 MiB)
265
 10.296368 seconds (3.25 M allocations: 2.018 GiB, 35.40% gc time)
113
  9.688653 seconds (3.06 M allocations: 1.881 GiB, 37.62% gc time)
663
 10.663394 seconds (3.35 M allocations: 2.099 GiB, 34.18% gc time)
  3.389442 seconds (1.86 M allocations: 1.118 GiB)
362
714
  3.942621 seconds (1.95 M allocations: 1.212 GiB)
963
 17.006291 seconds (6.28 M allocations: 3.955 GiB, 21.43% gc time)
163
  5.935674 seconds (2.76 M allocations: 1.753 GiB)
864
  3.051561 seconds (1.16 M allocations: 815.688 MiB)
313
  3.691414 seconds (1.60 M allocations: 1.039 GiB)
266
  3.084130 seconds (1.28 M allocations: 865.697 MiB)
664
 16.761654 seconds (6.42 M allocations: 3.991 GiB, 21.74% gc time)
914
 12.600593 seconds (4.24 M allocations: 2.670 GiB, 28.92% gc time)
14
 13.386263 seconds (4.64 M allocations: 2.912 GiB, 27.23% gc time)
614
  6.027826 seconds (2.91 M allocations: 1.821 GiB)
813
  4.140552 seconds (1.84 M allocations: 1.186 GiB)
715
  6.029536 seconds (2.80 M allocations: 1.778 GiB)
114
  8.240190 seconds (4.25 M allocations: 2.605 GiB)
463
  8.013401 seconds (4.03 M allocations: 2.488 GiB)
62
  3.719973 seconds (1.90 M allocations: 1.164 GiB)
314
  3.765972 seconds (1.76 M allocations: 1.114 GiB)
665
  6.914159 seconds (3.21 M allocations: 2.036 GiB)
 19.666194 seconds (7.81 M allocations: 4.861 GiB, 18.53% gc time)
363
764
  3.038136 seconds (1.57 M allocations: 979.417 MiB)
615
  6.055636 seconds (3.05 M allocations: 1.878 GiB)
865
  3.824218 seconds (1.83 M allocations: 1.148 GiB)
716
  6.413195 seconds (2.99 M allocations: 1.891 GiB)
267
 19.480689 seconds (7.65 M allocations: 4.777 GiB, 18.71% gc time)
515
 11.452829 seconds (5.40 M allocations: 3.404 GiB)
415
  3.090658 seconds (1.37 M allocations: 900.581 MiB)
666
 21.579265 seconds (8.87 M allocations: 5.494 GiB, 16.89% gc time)
563
  6.101156 seconds (2.77 M allocations: 1.764 GiB)
115
  9.627631 seconds (4.76 M allocations: 2.947 GiB)
164
  4.647388 seconds (2.32 M allocations: 1.431 GiB)
315
  7.606521 seconds (3.57 M allocations: 2.247 GiB)
814
 10.748643 seconds (3.42 M allocations: 2.172 GiB, 30.03% gc time)
464
 19.024967 seconds (7.70 M allocations: 4.794 GiB, 16.96% gc time)
213
 10.852744 seconds (3.57 M allocations: 2.246 GiB, 29.74% gc time)
63
  9.316376 seconds (2.66 M allocations: 1.716 GiB, 34.64% gc time)
866
  7.504121 seconds (1.92 M allocations: 1.225 GiB, 43.01% gc time)
667
  9.274031 seconds (2.70 M allocations: 1.725 GiB, 34.80% gc time)
717
  7.501761 seconds (2.03 M allocations: 1.270 GiB, 43.02% gc time)
416
 10.424146 seconds (3.32 M allocations: 2.103 GiB, 30.96% gc time)
616
  7.957288 seconds (2.39 M allocations: 1.467 GiB, 40.56% gc time)
516
  9.331586 seconds (3.20 M allocations: 1.941 GiB, 34.59% gc time)
268
 15.711061 seconds (6.22 M allocations: 3.837 GiB, 20.54% gc time)
15
  3.029910 seconds (1.55 M allocations: 974.829 MiB)
214
 12.024930 seconds (4.23 M allocations: 2.642 GiB, 26.84% gc time)
765
  9.315393 seconds (3.07 M allocations: 1.886 GiB, 34.65% gc time)
116
 18.821340 seconds (7.73 M allocations: 4.780 GiB, 17.15% gc time)
964
  3.172065 seconds (1.80 M allocations: 1.067 GiB)
668
  3.018284 seconds (1.39 M allocations: 905.773 MiB)
517
  3.144723 seconds (1.66 M allocations: 1.009 GiB)
417
  9.313544 seconds (3.31 M allocations: 1.988 GiB, 34.65% gc time)
815
  6.039169 seconds (3.07 M allocations: 1.886 GiB)
64
  6.051317 seconds (3.07 M allocations: 1.889 GiB)
867
  6.044092 seconds (2.59 M allocations: 1.690 GiB)
617
  3.975180 seconds (1.81 M allocations: 1.156 GiB)
766
  6.059367 seconds (2.67 M allocations: 1.723 GiB)
269
  3.967642 seconds (1.48 M allocations: 1.017 GiB)
669
  5.811587 seconds (2.22 M allocations: 1.512 GiB)
965
  6.262769 seconds (2.59 M allocations: 1.710 GiB)
16
  6.063380 seconds (2.39 M allocations: 1.605 GiB)
117
  5.846723 seconds (2.27 M allocations: 1.533 GiB)
418
  7.249593 seconds (3.33 M allocations: 2.114 GiB)
215
  6.073966 seconds (2.40 M allocations: 1.608 GiB)
816
  3.036180 seconds (1.27 M allocations: 852.895 MiB)
670
 25.292646 seconds (10.60 M allocations: 6.625 GiB, 12.76% gc time)
915
  6.068964 seconds (2.54 M allocations: 1.665 GiB)
65
  7.474274 seconds (2.98 M allocations: 1.993 GiB)
518
 18.378869 seconds (7.42 M allocations: 4.609 GiB, 17.56% gc time)
564
  6.061601 seconds (2.93 M allocations: 1.829 GiB)
868
  3.021387 seconds (1.55 M allocations: 972.204 MiB)
419
  6.066236 seconds (2.97 M allocations: 1.844 GiB)
618
 14.327048 seconds (7.15 M allocations: 4.414 GiB)
465
  6.039362 seconds (2.96 M allocations: 1.838 GiB)
270
 24.437132 seconds (10.23 M allocations: 6.386 GiB, 13.21% gc time)
364
  5.956359 seconds (2.73 M allocations: 1.737 GiB)
 20.441804 seconds (8.25 M allocations: 5.165 GiB, 15.79% gc time)
  7.423103 seconds (3.54 M allocations: 2.222 GiB)
  6.078792 seconds (2.54 M allocations: 1.671 GiB)
  8.681416 seconds (1.43 M allocations: 1023.007 MiB, 24.76% gc time)
  5.722711 seconds (2.35 M allocations: 1.557 GiB)
316
767
118
17
916
216
  8.817993 seconds (1.84 M allocations: 1.180 GiB, 24.37% gc time)
519
 10.564934 seconds (3.13 M allocations: 1.892 GiB, 20.34% gc time)
817
  8.206034 seconds (1.98 M allocations: 1.176 GiB, 26.19% gc time)
420
 28.253281 seconds (10.17 M allocations: 6.273 GiB, 19.03% gc time)
165
 10.754028 seconds (3.24 M allocations: 1.954 GiB, 19.99% gc time)
66
  3.031282 seconds (1.70 M allocations: 1.010 GiB)
768
 10.777783 seconds (2.97 M allocations: 1.847 GiB, 19.94% gc time)
619
 12.619597 seconds (4.28 M allocations: 2.575 GiB, 17.03% gc time)
671
  3.349101 seconds (1.76 M allocations: 1.066 GiB)
520
  3.279496 seconds (1.54 M allocations: 992.230 MiB)
365
 10.767863 seconds (3.14 M allocations: 1.917 GiB, 19.96% gc time)
271
 12.683835 seconds (4.14 M allocations: 2.524 GiB, 16.94% gc time)
869
  5.002456 seconds (2.15 M allocations: 1.398 GiB)
917
 14.678946 seconds (4.84 M allocations: 3.015 GiB, 14.64% gc time)
  3.025640 seconds (1.37 M allocations: 894.687 MiB)
565
769
 26.052166 seconds (10.36 M allocations: 6.459 GiB, 8.25% gc time)
718
  4.408732 seconds (2.06 M allocations: 1.299 GiB)
166
  6.049273 seconds (2.96 M allocations: 1.839 GiB)
818
  3.171612 seconds (1.73 M allocations: 1.036 GiB)
672
  6.042822 seconds (2.80 M allocations: 1.770 GiB)
67
  7.697099 seconds (3.32 M allocations: 2.156 GiB)
421
  5.595480 seconds (2.65 M allocations: 1.666 GiB)
620
 16.343130 seconds (5.60 M allocations: 3.502 GiB, 13.15% gc time)
466
  3.900463 seconds (1.48 M allocations: 1.009 GiB)
167
 21.493128 seconds (8.26 M allocations: 5.124 GiB, 10.00% gc time)
966
 10.424451 seconds (4.93 M allocations: 3.097 GiB)
317
  3.942063 seconds (1.37 M allocations: 991.419 MiB)
673
  4.500003 seconds (2.03 M allocations: 1.298 GiB)
770
 12.291795 seconds (5.83 M allocations: 3.660 GiB)
119
  8.021417 seconds (3.54 M allocations: 2.280 GiB)
272
  6.433347 seconds (2.70 M allocations: 1.772 GiB)
566
  8.559263 seconds (3.85 M allocations: 2.462 GiB)
366
  9.894374 seconds (4.57 M allocations: 2.895 GiB)
521
  7.590207 seconds (3.08 M allocations: 2.049 GiB)
819
  8.350320 seconds (3.94 M allocations: 2.481 GiB)
918
  6.049677 seconds (2.59 M allocations: 1.687 GiB)
621
 14.487064 seconds (6.58 M allocations: 4.195 GiB)
217
 14.784034 seconds (6.92 M allocations: 4.366 GiB)
18
 10.601278 seconds (4.98 M allocations: 3.138 GiB)
870
  8.970177 seconds (4.16 M allocations: 2.635 GiB)
719
  6.500451 seconds (3.13 M allocations: 1.953 GiB)
168
  8.261280 seconds (3.78 M allocations: 2.404 GiB)
68
  6.215045 seconds (2.76 M allocations: 1.775 GiB)
318
  6.463846 seconds (3.03 M allocations: 1.912 GiB)
  8.421064 seconds (4.01 M allocations: 2.514 GiB)
422
771
 16.820008 seconds (4.30 M allocations: 2.677 GiB, 47.21% gc time)
467
 14.767828 seconds (3.23 M allocations: 2.029 GiB, 53.77% gc time)
120
 12.117999 seconds (1.91 M allocations: 1.214 GiB, 65.53% gc time)
622
 16.824613 seconds (4.35 M allocations: 2.701 GiB, 47.20% gc time)
967
 16.505107 seconds (4.04 M allocations: 2.540 GiB, 48.11% gc time)
674
 14.651631 seconds (3.30 M allocations: 2.044 GiB, 54.20% gc time)
522
 13.343803 seconds (2.61 M allocations: 1.627 GiB, 59.51% gc time)
218
 17.014867 seconds (4.33 M allocations: 2.711 GiB, 46.67% gc time)
273
 12.493884 seconds (1.91 M allocations: 1.252 GiB, 63.56% gc time)
319
  4.356850 seconds (1.77 M allocations: 1.178 GiB)
 16.844573 seconds (4.20 M allocations: 2.644 GiB, 47.14% gc time)
  4.417951 seconds (1.80 M allocations: 1.196 GiB)
772
423
367
  4.076015 seconds (1.87 M allocations: 1.189 GiB)
468
 14.694057 seconds (3.31 M allocations: 2.055 GiB, 54.04% gc time)
720
 18.014853 seconds (5.21 M allocations: 3.179 GiB, 44.08% gc time)
567
 17.049629 seconds (4.61 M allocations: 2.831 GiB, 46.58% gc time)
919
  4.971284 seconds (2.23 M allocations: 1.433 GiB)
675
  3.882690 seconds (1.56 M allocations: 1.040 GiB)
  3.630225 seconds (1.13 M allocations: 859.039 MiB)
320
469
  4.219401 seconds (1.69 M allocations: 1.130 GiB)
  6.876887 seconds (3.06 M allocations: 1.967 GiB)
424
623
 18.982833 seconds (5.07 M allocations: 3.221 GiB, 41.83% gc time)
871
  6.629213 seconds (3.02 M allocations: 1.926 GiB)
219
 20.936068 seconds (6.38 M allocations: 3.958 GiB, 37.93% gc time)
820
 18.318740 seconds (4.95 M allocations: 3.100 GiB, 43.35% gc time)
 20.145795 seconds (5.74 M allocations: 3.615 GiB, 39.42% gc time)
69
19
  3.031125 seconds (1.43 M allocations: 918.142 MiB)
676
  8.740717 seconds (4.53 M allocations: 2.760 GiB)
121
  9.057213 seconds (4.46 M allocations: 2.765 GiB)
968
 19.887934 seconds (6.16 M allocations: 3.753 GiB, 39.93% gc time)
169
  4.444568 seconds (2.44 M allocations: 1.457 GiB)
568
  8.724370 seconds (4.60 M allocations: 2.785 GiB)
523
  4.169459 seconds (2.02 M allocations: 1.255 GiB)
  3.559009 seconds (1.98 M allocations: 1.175 GiB)
  3.188279 seconds (1.02 M allocations: 765.492 MiB)
  9.359657 seconds (4.51 M allocations: 2.813 GiB)
425
70
470
  8.639424 seconds (3.59 M allocations: 2.360 GiB)
274
721
  5.763175 seconds (2.97 M allocations: 1.807 GiB)
321
  3.096441 seconds (1.22 M allocations: 838.986 MiB)
569
  6.693131 seconds (3.33 M allocations: 2.049 GiB)
624
  6.769243 seconds (3.40 M allocations: 2.090 GiB)
872
  6.077999 seconds (3.19 M allocations: 1.932 GiB)
220
  5.874263 seconds (2.98 M allocations: 1.824 GiB)
20
  6.051104 seconds (2.93 M allocations: 1.824 GiB)
122
  6.067095 seconds (2.94 M allocations: 1.831 GiB)
969
  3.172697 seconds (1.80 M allocations: 1.068 GiB)
471
  9.378604 seconds (1.82 M allocations: 1.107 GiB, 62.53% gc time)
71
  9.610844 seconds (2.13 M allocations: 1.261 GiB, 61.02% gc time)
275
 10.983419 seconds (2.00 M allocations: 1.347 GiB, 53.40% gc time)
322
 21.600324 seconds (7.21 M allocations: 4.575 GiB, 27.15% gc time)
368
 11.400691 seconds (2.32 M allocations: 1.524 GiB, 51.44% gc time)
570
 20.476964 seconds (6.90 M allocations: 4.334 GiB, 28.64% gc time)
920
 23.097232 seconds (7.71 M allocations: 4.935 GiB, 25.39% gc time)
773
 13.545485 seconds (3.30 M allocations: 2.150 GiB, 43.30% gc time)
 13.546532 seconds (3.30 M allocations: 2.148 GiB, 43.29% gc time)
722
524
 12.236330 seconds (2.68 M allocations: 1.756 GiB, 47.93% gc time)
625
 18.242631 seconds (5.77 M allocations: 3.641 GiB, 32.15% gc time)
677
 12.571494 seconds (2.99 M allocations: 1.917 GiB, 46.65% gc time)
221
  5.450372 seconds (2.44 M allocations: 1.565 GiB)
472
 14.652306 seconds (4.07 M allocations: 2.578 GiB, 40.03% gc time)
426
  6.272788 seconds (2.85 M allocations: 1.816 GiB)
970
 13.075345 seconds (3.30 M allocations: 2.097 GiB, 44.85% gc time)
123
  4.540585 seconds (2.30 M allocations: 1.411 GiB)
369
 20.791135 seconds (7.05 M allocations: 4.428 GiB, 28.21% gc time)
821
 20.042778 seconds (6.64 M allocations: 4.184 GiB, 29.26% gc time)
170
 15.758257 seconds (4.59 M allocations: 2.903 GiB, 37.22% gc time)
873
 15.794952 seconds (4.56 M allocations: 2.898 GiB, 37.13% gc time)
21
  3.508693 seconds (1.76 M allocations: 1.085 GiB)
678
  8.199733 seconds (3.81 M allocations: 2.411 GiB)
276
  5.881846 seconds (3.31 M allocations: 1.968 GiB)
  3.497373 seconds (1.88 M allocations: 1.134 GiB)
571
473
  7.689823 seconds (4.06 M allocations: 2.461 GiB)
323
  6.073047 seconds (3.06 M allocations: 1.883 GiB)
626
  3.123083 seconds (1.02 M allocations: 758.204 MiB)
277
  6.045560 seconds (2.68 M allocations: 1.724 GiB)
971
  3.487378 seconds (1.23 M allocations: 886.871 MiB)
679
 11.958278 seconds (5.44 M allocations: 3.471 GiB)
72
  3.458061 seconds (1.32 M allocations: 922.142 MiB)
572
  3.623471 seconds (1.41 M allocations: 974.329 MiB)
474
  9.092474 seconds (4.47 M allocations: 2.775 GiB)
  9.098427 seconds (4.47 M allocations: 2.775 GiB)
525
723
 10.435668 seconds (5.09 M allocations: 3.162 GiB)
774
  3.078881 seconds (1.27 M allocations: 853.410 MiB)
680
  3.166453 seconds (1.13 M allocations: 807.221 MiB)
573
  8.775688 seconds (3.93 M allocations: 2.519 GiB)
822
 10.179002 seconds (4.61 M allocations: 2.940 GiB)
427
  6.419988 seconds (2.72 M allocations: 1.776 GiB)
324
 12.200099 seconds (5.65 M allocations: 3.579 GiB)
222
  9.090789 seconds (4.13 M allocations: 2.634 GiB)
874
  6.841951 seconds (2.97 M allocations: 1.925 GiB)
627
 28.789811 seconds (5.10 M allocations: 3.164 GiB, 63.88% gc time)
370
 24.165106 seconds (2.49 M allocations: 1.615 GiB, 76.10% gc time)
475
 28.716609 seconds (4.70 M allocations: 2.993 GiB, 64.04% gc time)
22
 33.701009 seconds (7.70 M allocations: 4.739 GiB, 54.57% gc time)
921
 22.036573 seconds (1.85 M allocations: 1.137 GiB, 83.45% gc time)
681
 25.660492 seconds (3.63 M allocations: 2.240 GiB, 71.66% gc time)
972
 30.686095 seconds (6.03 M allocations: 3.742 GiB, 59.93% gc time)
171
 26.365487 seconds (3.92 M allocations: 2.430 GiB, 69.75% gc time)
278
 32.677883 seconds (6.89 M allocations: 4.304 GiB, 56.28% gc time)
124
 24.615643 seconds (3.18 M allocations: 1.947 GiB, 74.71% gc time)
775
 23.224655 seconds (2.71 M allocations: 1.611 GiB, 79.18% gc time)
823
  3.181000 seconds (1.69 M allocations: 1.025 GiB)
476
  4.117276 seconds (2.11 M allocations: 1.291 GiB)
371
  3.115309 seconds (1.62 M allocations: 1011.401 MiB)
23
 24.796047 seconds (3.62 M allocations: 2.147 GiB, 74.16% gc time)
574
 27.505562 seconds (4.61 M allocations: 2.835 GiB, 66.86% gc time)
 27.504884 seconds (4.61 M allocations: 2.836 GiB, 66.86% gc time)
526
724
  3.229104 seconds (1.94 M allocations: 1.132 GiB)
973
  3.932244 seconds (1.87 M allocations: 1.177 GiB)
279
 26.727613 seconds (4.30 M allocations: 2.629 GiB, 68.80% gc time)
428
 30.929221 seconds (6.04 M allocations: 3.776 GiB, 59.46% gc time)
  3.181912 seconds (1.49 M allocations: 966.400 MiB)
73
477
  6.095869 seconds (3.21 M allocations: 1.949 GiB)
682
 27.256607 seconds (4.47 M allocations: 2.751 GiB, 67.47% gc time)
875
  4.723202 seconds (2.20 M allocations: 1.391 GiB)
372
  6.057840 seconds (2.80 M allocations: 1.779 GiB)
824
  6.785585 seconds (3.20 M allocations: 2.018 GiB)
776
 29.508546 seconds (5.24 M allocations: 3.302 GiB, 62.32% gc time)
 29.650726 seconds (5.21 M allocations: 3.302 GiB, 62.02% gc time)
  6.343751 seconds (2.44 M allocations: 1.660 GiB)
223
575
628
 29.023933 seconds (5.12 M allocations: 3.202 GiB, 63.36% gc time)
325
 10.677163 seconds (5.28 M allocations: 3.272 GiB)
922
  9.450747 seconds (4.65 M allocations: 2.890 GiB)
172
  7.465162 seconds (3.28 M allocations: 2.120 GiB)
527
  8.107681 seconds (3.81 M allocations: 2.407 GiB)
24
  7.540004 seconds (3.43 M allocations: 2.190 GiB)
974
 10.197028 seconds (4.97 M allocations: 3.099 GiB)
125
  8.952881 seconds (4.04 M allocations: 2.587 GiB)
725
  7.400587 seconds (3.41 M allocations: 2.165 GiB)
429
  7.611231 seconds (3.67 M allocations: 2.296 GiB)
280
  7.346093 seconds (3.36 M allocations: 2.143 GiB)
74
  7.200834 seconds (3.30 M allocations: 2.101 GiB)
683
  8.205920 seconds (3.94 M allocations: 2.467 GiB)
478
  7.560101 seconds (3.70 M allocations: 2.304 GiB)
876
  7.145400 seconds (3.64 M allocations: 2.235 GiB)
  6.501662 seconds (3.41 M allocations: 2.075 GiB)
373
825
  6.738929 seconds (3.04 M allocations: 1.947 GiB)
777
  6.792564 seconds (2.88 M allocations: 1.886 GiB)
173
  7.759771 seconds (3.56 M allocations: 2.267 GiB)
576
  7.026194 seconds (2.95 M allocations: 1.938 GiB)
528
  7.166860 seconds (3.04 M allocations: 1.988 GiB)
25
  8.549699 seconds (3.99 M allocations: 2.522 GiB)
326
 14.610090 seconds (4.23 M allocations: 2.668 GiB, 38.25% gc time)
629
 10.639593 seconds (2.11 M allocations: 1.388 GiB, 52.52% gc time)
 14.939651 seconds (4.49 M allocations: 2.809 GiB, 37.41% gc time)
479
224
 13.241931 seconds (3.58 M allocations: 2.259 GiB, 42.20% gc time)
 11.947492 seconds (2.92 M allocations: 1.857 GiB, 46.77% gc time)
126
281
 13.428841 seconds (3.80 M allocations: 2.367 GiB, 41.61% gc time)
975
 15.375527 seconds (4.98 M allocations: 3.056 GiB, 36.34% gc time)
 12.424403 seconds (3.23 M allocations: 2.031 GiB, 44.98% gc time)
923
75
 11.351047 seconds (2.96 M allocations: 1.808 GiB, 49.23% gc time)
877
 13.084114 seconds (3.81 M allocations: 2.336 GiB, 42.71% gc time)
430
  9.504844 seconds (2.34 M allocations: 1.362 GiB, 58.79% gc time)
577
 13.131873 seconds (3.40 M allocations: 2.173 GiB, 42.55% gc time)
374
  9.667893 seconds (2.23 M allocations: 1.332 GiB, 57.80% gc time)
327
  3.282209 seconds (1.57 M allocations: 1004.648 MiB)
282
  3.024317 seconds (1.25 M allocations: 843.883 MiB)
924
 14.272451 seconds (4.07 M allocations: 2.566 GiB, 39.15% gc time)
826
 16.926418 seconds (5.71 M allocations: 3.515 GiB, 33.01% gc time)
726
 11.318783 seconds (3.19 M allocations: 1.899 GiB, 49.37% gc time)
26
  6.048240 seconds (2.53 M allocations: 1.664 GiB)
976
  3.405735 seconds (1.42 M allocations: 957.537 MiB)
  3.047610 seconds (1.19 M allocations: 824.430 MiB)
578
328
  3.023539 seconds (1.32 M allocations: 876.568 MiB)
283
  6.047022 seconds (2.62 M allocations: 1.701 GiB)
878
 14.833227 seconds (4.99 M allocations: 3.003 GiB, 37.67% gc time)
174
 14.690169 seconds (4.82 M allocations: 2.917 GiB, 38.04% gc time)
529
  8.385286 seconds (4.39 M allocations: 2.670 GiB)
 19.689484 seconds (6.74 M allocations: 4.225 GiB, 28.38% gc time)
630
684
  8.638564 seconds (4.18 M allocations: 2.607 GiB)
127
  8.143194 seconds (3.65 M allocations: 2.341 GiB)
431
  5.047617 seconds (2.22 M allocations: 1.430 GiB)
727
  6.120715 seconds (2.64 M allocations: 1.717 GiB)
  3.121133 seconds (1.15 M allocations: 812.214 MiB)
175
925
  3.810204 seconds (1.76 M allocations: 1.115 GiB)
329
  7.778782 seconds (3.47 M allocations: 2.229 GiB)
375
 11.401933 seconds (5.65 M allocations: 3.497 GiB)
480
 18.883852 seconds (6.99 M allocations: 4.242 GiB, 29.59% gc time)
778
  7.089757 seconds (3.43 M allocations: 2.142 GiB)
827
  7.181576 seconds (3.64 M allocations: 2.236 GiB)
27
  7.206122 seconds (3.51 M allocations: 2.182 GiB)
977
  3.057510 seconds (1.55 M allocations: 971.567 MiB)
176
  3.307891 seconds (1.15 M allocations: 831.394 MiB)
481
 15.184004 seconds (7.41 M allocations: 4.608 GiB)
225
  6.993127 seconds (3.01 M allocations: 1.955 GiB)
530
  8.407125 seconds (3.96 M allocations: 2.491 GiB)
879
  8.806789 seconds (4.21 M allocations: 2.636 GiB)
579
 15.148941 seconds (7.13 M allocations: 4.492 GiB)
76
  4.378719 seconds (1.74 M allocations: 1.164 GiB)
28
  9.113337 seconds (4.08 M allocations: 2.612 GiB)
631
  9.155293 seconds (4.10 M allocations: 2.626 GiB)
685
  6.061175 seconds (2.53 M allocations: 1.665 GiB)
779
 11.111872 seconds (5.39 M allocations: 3.359 GiB)
284
  9.118645 seconds (4.43 M allocations: 2.762 GiB)
128
  4.390052 seconds (2.15 M allocations: 1.337 GiB)
482
  8.478308 seconds (4.00 M allocations: 2.517 GiB)
926
  6.042358 seconds (2.88 M allocations: 1.809 GiB)
978
  4.140003 seconds (1.90 M allocations: 1.212 GiB)
580
  8.911389 seconds (3.91 M allocations: 2.528 GiB)
828
  9.558451 seconds (4.18 M allocations: 2.707 GiB)
330
  4.577836 seconds (2.18 M allocations: 1.370 GiB)
29
  6.555255 seconds (3.02 M allocations: 1.920 GiB)
531
  7.824675 seconds (3.70 M allocations: 2.332 GiB)
177
 12.022816 seconds (6.03 M allocations: 3.719 GiB)
432
  4.238423 seconds (2.13 M allocations: 1.317 GiB)
686
 10.936681 seconds (5.18 M allocations: 3.262 GiB)
728
  8.130485 seconds (4.09 M allocations: 2.526 GiB)
226
 12.032500 seconds (5.57 M allocations: 3.535 GiB)
376
 13.242558 seconds (3.23 M allocations: 1.997 GiB, 50.90% gc time)
780
 14.368539 seconds (3.87 M allocations: 2.381 GiB, 46.91% gc time)
77
 12.925676 seconds (3.20 M allocations: 1.955 GiB, 52.14% gc time)
285
 11.560020 seconds (2.52 M allocations: 1.534 GiB, 58.30% gc time)
979
 16.388448 seconds (4.82 M allocations: 2.980 GiB, 41.13% gc time)
880
 11.866152 seconds (2.64 M allocations: 1.614 GiB, 56.80% gc time)
829
 10.831573 seconds (2.00 M allocations: 1.244 GiB, 62.22% gc time)
178
  3.618281 seconds (1.49 M allocations: 1012.924 MiB)
377
  3.919002 seconds (1.73 M allocations: 1.117 GiB)
227
 14.890677 seconds (3.96 M allocations: 2.470 GiB, 45.26% gc time)
927
 14.250229 seconds (3.56 M allocations: 2.239 GiB, 47.30% gc time)
331
 13.300667 seconds (2.74 M allocations: 1.802 GiB, 50.67% gc time)
729
  4.540654 seconds (1.77 M allocations: 1.195 GiB)  4.992280 seconds (1.28 M allocations: 1.025 GiB)

  6.051212 seconds (2.13 M allocations: 1.501 GiB)
 16.413249 seconds (3.51 M allocations: 2.412 GiB, 41.06% gc time)
  3.134656 seconds (431.14 k allocations: 479.870 MiB)
 18.731546 seconds (5.03 M allocations: 3.295 GiB, 35.98% gc time)
78
 21.291606 seconds (5.93 M allocations: 3.910 GiB, 31.66% gc time)
830
  3.272002 seconds (1.07 M allocations: 793.503 MiB)
  5.724778 seconds (2.12 M allocations: 1.461 GiB)
 15.305951 seconds (3.47 M allocations: 2.306 GiB, 44.03% gc time)
  3.138332 seconds (601.11 k allocations: 565.301 MiB)
 13.819296 seconds (2.97 M allocations: 1.949 GiB, 48.77% gc time)
 16.725629 seconds (4.34 M allocations: 2.814 GiB, 40.30% gc time)
  5.811152 seconds (1.74 M allocations: 1.302 GiB)
  3.667689 seconds (635.14 k allocations: 614.177 MiB)
30
286
483
332
179
781
532
632
928
433
581
881
228
 21.059589 seconds (7.11 M allocations: 4.355 GiB, 32.00% gc time)
129
 18.355990 seconds (5.81 M allocations: 3.535 GiB, 36.72% gc time)
687
  7.012433 seconds (3.81 M allocations: 2.240 GiB)
378
  3.071868 seconds (1.93 M allocations: 1.104 GiB)
  3.076084 seconds (1.95 M allocations: 1.111 GiB)
79
882
  3.034179 seconds (1.61 M allocations: 996.136 MiB)
484
 12.349415 seconds (5.56 M allocations: 3.510 GiB)
980
  6.094053 seconds (2.82 M allocations: 1.780 GiB)
533
  6.054107 seconds (2.42 M allocations: 1.613 GiB)
582
  3.033804 seconds (750.28 k allocations: 634.573 MiB)
883
  5.537745 seconds (1.89 M allocations: 1.345 GiB)
  3.106432 seconds (936.10 k allocations: 720.623 MiB)
180
80
  7.996754 seconds (3.45 M allocations: 2.237 GiB)
229
  7.545873 seconds (2.71 M allocations: 1.887 GiB)
929
  8.116116 seconds (3.04 M allocations: 2.083 GiB)
31
  6.968018 seconds (2.80 M allocations: 1.865 GiB)
688
  8.910757 seconds (4.03 M allocations: 2.570 GiB)
782
  7.025861 seconds (2.93 M allocations: 1.928 GiB)
379
  9.060035 seconds (3.96 M allocations: 2.557 GiB)
130
  3.846681 seconds (1.56 M allocations: 1.037 GiB)
181
  4.648548 seconds (2.30 M allocations: 1.425 GiB)
534
 11.171936 seconds (5.47 M allocations: 3.394 GiB)
633
 11.197618 seconds (4.39 M allocations: 2.956 GiB) 11.530131 seconds (5.18 M allocations: 3.312 GiB)

  8.274104 seconds (3.27 M allocations: 2.197 GiB)
 10.564706 seconds (4.29 M allocations: 2.853 GiB)
287
831
434
485
  3.427324 seconds (1.65 M allocations: 1.037 GiB)
32
  3.093545 seconds (1.67 M allocations: 1.007 GiB)
380
 10.992919 seconds (3.38 M allocations: 2.227 GiB, 26.10% gc time)
81
  9.859861 seconds (3.14 M allocations: 2.011 GiB, 29.10% gc time)
230
 17.805311 seconds (6.20 M allocations: 4.084 GiB, 16.11% gc time)
730
  6.080851 seconds (1.06 M allocations: 780.783 MiB, 47.18% gc time)
  6.103792 seconds (1.11 M allocations: 804.947 MiB, 47.00% gc time)
435
486
 12.242854 seconds (4.36 M allocations: 2.759 GiB, 23.43% gc time)
583
  3.212369 seconds (1.23 M allocations: 858.257 MiB)
381
 18.141996 seconds (6.76 M allocations: 4.350 GiB, 15.81% gc time)
333
 10.160559 seconds (3.68 M allocations: 2.261 GiB, 28.24% gc time)
783
 13.513550 seconds (5.11 M allocations: 3.196 GiB, 21.23% gc time)
884
 13.986560 seconds (5.47 M allocations: 3.391 GiB, 20.51% gc time)
981
 11.047472 seconds (3.93 M allocations: 2.455 GiB, 25.97% gc time)
131
 10.864134 seconds (3.76 M allocations: 2.368 GiB, 26.41% gc time)
535
 11.217766 seconds (3.97 M allocations: 2.492 GiB, 25.57% gc time)
182
 13.873989 seconds (5.43 M allocations: 3.367 GiB, 20.68% gc time)
930
 10.481834 seconds (3.44 M allocations: 2.196 GiB, 27.37% gc time)
832
 10.455402 seconds (3.37 M allocations: 2.166 GiB, 27.44% gc time)
634
 11.213751 seconds (3.73 M allocations: 2.390 GiB, 25.58% gc time)
288
 11.750992 seconds (3.89 M allocations: 2.510 GiB, 24.41% gc time)
33
 14.982999 seconds (5.68 M allocations: 3.584 GiB, 19.15% gc time)
689
  6.035033 seconds (3.04 M allocations: 1.875 GiB)
731
  6.129908 seconds (3.10 M allocations: 1.906 GiB)
487
  7.004620 seconds (3.80 M allocations: 2.288 GiB)
82
  6.043581 seconds (2.91 M allocations: 1.822 GiB)
382
  6.226236 seconds (3.18 M allocations: 1.950 GiB)
584
  8.138942 seconds (3.89 M allocations: 2.441 GiB)
436
  6.022793 seconds (2.72 M allocations: 1.741 GiB)
  8.560565 seconds (4.41 M allocations: 2.700 GiB)
231
132
  6.900502 seconds (3.34 M allocations: 2.087 GiB)
982
  8.455103 seconds (4.04 M allocations: 2.537 GiB)
334
  7.611217 seconds (3.85 M allocations: 2.371 GiB)
885
  8.760532 seconds (4.29 M allocations: 2.672 GiB)
784
  6.048833 seconds (3.00 M allocations: 1.861 GiB)
833
  8.481942 seconds (3.89 M allocations: 2.477 GiB)
536
  9.058503 seconds (4.07 M allocations: 2.612 GiB)
183
  7.760346 seconds (3.47 M allocations: 2.230 GiB)
  8.926142 seconds (4.05 M allocations: 2.591 GiB)
931
289
  7.145745 seconds (3.22 M allocations: 2.063 GiB)
732
  7.597016 seconds (3.59 M allocations: 2.259 GiB)
34
  7.086150 seconds (3.12 M allocations: 2.014 GiB)
488
  9.048388 seconds (4.29 M allocations: 2.702 GiB)
635
  7.997843 seconds (4.03 M allocations: 2.482 GiB)
690
  7.546263 seconds (3.47 M allocations: 2.208 GiB)
383
  6.031850 seconds (2.93 M allocations: 1.829 GiB)
  6.035591 seconds (2.94 M allocations: 1.832 GiB)
133
232
  6.050768 seconds (2.93 M allocations: 1.829 GiB)
335
  9.054141 seconds (4.31 M allocations: 2.705 GiB)
83
  9.045017 seconds (4.29 M allocations: 2.700 GiB)
585
  7.858753 seconds (3.92 M allocations: 2.422 GiB)
437
  6.051821 seconds (3.07 M allocations: 1.888 GiB)
834
  7.347050 seconds (3.62 M allocations: 2.246 GiB)
886
  6.991794 seconds (3.49 M allocations: 2.158 GiB)
785
  5.721778 seconds (3.29 M allocations: 1.945 GiB)
537
  9.047735 seconds (4.48 M allocations: 2.778 GiB)
983
  5.103229 seconds (2.60 M allocations: 1.599 GiB)
489
  3.461368 seconds (1.34 M allocations: 930.354 MiB)
438
  6.033641 seconds (2.41 M allocations: 1.616 GiB)
233
  6.832779 seconds (2.96 M allocations: 1.926 GiB)
691
  6.452937 seconds (1.09 M allocations: 806.748 MiB, 49.08% gc time)
538
 11.768766 seconds (4.18 M allocations: 2.609 GiB, 26.91% gc time)
290
 12.177454 seconds (4.57 M allocations: 2.809 GiB, 26.01% gc time)
184
 12.351651 seconds (4.34 M allocations: 2.732 GiB, 25.64% gc time)  9.067886 seconds (2.08 M allocations: 1.464 GiB, 34.93% gc time)
  7.501234 seconds (1.64 M allocations: 1.122 GiB, 42.22% gc time)

887
835
733
 10.388074 seconds (2.98 M allocations: 1.973 GiB, 30.49% gc time)
 11.951307 seconds (4.35 M allocations: 2.696 GiB, 26.50% gc time)
336
932
 12.674921 seconds (4.58 M allocations: 2.865 GiB, 24.99% gc time)
636
 10.784167 seconds (3.68 M allocations: 2.299 GiB, 29.37% gc time)
84
  7.478605 seconds (2.35 M allocations: 1.407 GiB, 42.35% gc time)
490
 13.779475 seconds (5.48 M allocations: 3.345 GiB, 22.98% gc time)
 12.703097 seconds (4.68 M allocations: 2.907 GiB, 24.93% gc time)
35
134
 13.585284 seconds (5.35 M allocations: 3.273 GiB, 23.31% gc time)
384
  3.619033 seconds (2.45 M allocations: 1.382 GiB)
234
 10.050458 seconds (3.54 M allocations: 2.163 GiB, 31.51% gc time)
984
  8.238787 seconds (3.17 M allocations: 1.821 GiB, 38.44% gc time)
439
  3.452745 seconds (1.84 M allocations: 1.112 GiB)
933
  3.631472 seconds (1.48 M allocations: 1006.562 MiB)
491
 13.742928 seconds (5.00 M allocations: 3.144 GiB, 23.05% gc time)
786
  4.628888 seconds (2.57 M allocations: 1.534 GiB)
836
  3.636386 seconds (1.64 M allocations: 1.048 GiB)
36
  6.259473 seconds (3.62 M allocations: 2.133 GiB)
291
 15.652331 seconds (6.33 M allocations: 3.888 GiB, 20.23% gc time)
586
  8.035344 seconds (3.40 M allocations: 2.225 GiB)
337
  7.900937 seconds (3.15 M allocations: 2.107 GiB)
85
  6.636032 seconds (2.37 M allocations: 1.657 GiB)
985
  9.063239 seconds (3.91 M allocations: 2.541 GiB)
185
  9.013109 seconds (3.77 M allocations: 2.479 GiB)
637
  4.572391 seconds (1.58 M allocations: 1.123 GiB)
837
  8.187332 seconds (3.27 M allocations: 2.189 GiB)
135
  5.107498 seconds (2.12 M allocations: 1.400 GiB)
492
 10.650191 seconds (5.44 M allocations: 3.335 GiB)
539
  7.487754 seconds (3.29 M allocations: 2.127 GiB)
440
 10.528957 seconds (5.02 M allocations: 3.151 GiB)
734
  8.988727 seconds (4.02 M allocations: 2.583 GiB)
385
  5.992258 seconds (2.72 M allocations: 1.738 GiB)
37
 10.945717 seconds (5.35 M allocations: 3.330 GiB)
888
 13.022159 seconds (6.97 M allocations: 4.208 GiB)
692
  6.350177 seconds (3.08 M allocations: 1.921 GiB)
292
  7.922141 seconds (4.16 M allocations: 2.527 GiB)
934
 10.049701 seconds (4.81 M allocations: 3.013 GiB)
235
  9.087628 seconds (4.31 M allocations: 2.710 GiB)
787
  6.044279 seconds (3.34 M allocations: 1.998 GiB)
338
  6.032452 seconds (3.34 M allocations: 1.998 GiB)
86
  6.044417 seconds (3.34 M allocations: 1.998 GiB)
986
  6.057696 seconds (2.73 M allocations: 1.747 GiB)
493
  5.329342 seconds (2.13 M allocations: 1.425 GiB)
38
  7.531244 seconds (3.69 M allocations: 2.294 GiB)
186
  7.468172 seconds (3.40 M allocations: 2.170 GiB)
638
  7.663126 seconds (3.50 M allocations: 2.229 GiB)
136
 11.696373 seconds (5.31 M allocations: 3.391 GiB)
587
  7.734567 seconds (3.52 M allocations: 2.248 GiB)
540
  6.037895 seconds (2.61 M allocations: 1.698 GiB)
293
  6.180404 seconds (2.67 M allocations: 1.735 GiB)
935
  8.241155 seconds (3.85 M allocations: 2.434 GiB)
386
  6.551523 seconds (2.76 M allocations: 1.816 GiB)
236
  9.734178 seconds (4.74 M allocations: 2.953 GiB)
838
  5.837359 seconds (2.90 M allocations: 1.798 GiB)
788
  8.947209 seconds (4.33 M allocations: 2.707 GiB)
735
  8.958018 seconds (4.23 M allocations: 2.664 GiB)
889
  5.806938 seconds (2.99 M allocations: 1.831 GiB)
87
 16.339327 seconds (5.48 M allocations: 3.424 GiB, 30.68% gc time)
441
 15.111382 seconds (4.59 M allocations: 2.932 GiB, 33.18% gc time)
693
 10.489991 seconds (3.01 M allocations: 1.803 GiB, 47.79% gc time)
494
 11.911565 seconds (3.48 M allocations: 2.147 GiB, 42.09% gc time)
987
  9.563273 seconds (2.43 M allocations: 1.469 GiB, 52.43% gc time)
137
  8.379674 seconds (1.28 M allocations: 892.294 MiB, 59.83% gc time)
890
 14.958408 seconds (4.73 M allocations: 2.973 GiB, 33.52% gc time)
339
 10.277436 seconds (2.29 M allocations: 1.488 GiB, 48.78% gc time)
237
  3.025880 seconds (1.25 M allocations: 845.351 MiB)
694
 12.976625 seconds (3.99 M allocations: 2.465 GiB, 38.64% gc time)
187
 11.625491 seconds (3.13 M allocations: 1.971 GiB, 43.13% gc time)
936
 10.386465 seconds (2.40 M allocations: 1.544 GiB, 48.27% gc time)
736
  3.321227 seconds (1.54 M allocations: 997.558 MiB)
495
 11.494742 seconds (3.27 M allocations: 2.013 GiB, 43.62% gc time)
839
 13.940211 seconds (4.37 M allocations: 2.715 GiB, 35.97% gc time)
588
  4.885532 seconds (2.08 M allocations: 1.360 GiB)
 11.062380 seconds (2.78 M allocations: 1.764 GiB, 45.32% gc time)
 15.308733 seconds (5.33 M allocations: 3.254 GiB, 32.75% gc time)
 12.303058 seconds (3.19 M allocations: 2.060 GiB, 40.75% gc time)
 13.717092 seconds (3.91 M allocations: 2.503 GiB, 36.55% gc time)
  6.067769 seconds (2.13 M allocations: 1.498 GiB)
988
138
88
789
  3.027769 seconds (864.71 k allocations: 682.053 MiB)
39
387
737
 17.694490 seconds (6.49 M allocations: 3.972 GiB, 28.33% gc time)
639
  4.397142 seconds (1.97 M allocations: 1.258 GiB)
496
  3.952870 seconds (1.94 M allocations: 1.198 GiB)
840
  5.864008 seconds (3.05 M allocations: 1.852 GiB)
238
 18.293713 seconds (6.60 M allocations: 4.076 GiB, 27.41% gc time)
541
 18.521755 seconds (6.75 M allocations: 4.162 GiB, 27.07% gc time)
294
  5.997158 seconds (3.01 M allocations: 1.850 GiB)
937
 10.660715 seconds (5.00 M allocations: 3.150 GiB)
442
  8.447585 seconds (4.37 M allocations: 2.661 GiB)
891
  4.178105 seconds (1.86 M allocations: 1.195 GiB)
589
  8.811194 seconds (4.55 M allocations: 2.774 GiB)
340
  5.577023 seconds (2.51 M allocations: 1.607 GiB)
40
  8.936803 seconds (4.17 M allocations: 2.631 GiB)
695
  3.518710 seconds (1.50 M allocations: 1005.356 MiB)
841
  9.030073 seconds (4.35 M allocations: 2.716 GiB)
188
  6.210304 seconds (3.10 M allocations: 1.915 GiB)
139
  4.627098 seconds (2.49 M allocations: 1.502 GiB)
497
  6.534182 seconds (3.42 M allocations: 2.081 GiB)
989
  6.771005 seconds (3.54 M allocations: 2.154 GiB)
738
  3.159920 seconds (1.75 M allocations: 1.047 GiB)
892
  3.247960 seconds (1.30 M allocations: 889.083 MiB)
  6.854395 seconds (3.06 M allocations: 1.969 GiB)
842
542
  3.025333 seconds (1.28 M allocations: 858.745 MiB)
  6.448371 seconds (2.90 M allocations: 1.862 GiB)
189
938
 15.171835 seconds (1.48 M allocations: 955.218 MiB, 79.05% gc time)
498
 20.317604 seconds (4.13 M allocations: 2.558 GiB, 59.03% gc time)
239
 22.883115 seconds (5.15 M allocations: 3.244 GiB, 52.41% gc time)
388
 19.734441 seconds (3.54 M allocations: 2.256 GiB, 60.77% gc time)
590
 15.074555 seconds (1.35 M allocations: 892.510 MiB, 79.56% gc time)
543
 23.282723 seconds (5.45 M allocations: 3.408 GiB, 51.51% gc time)
640
  3.950852 seconds (1.45 M allocations: 1.009 GiB)
843
 20.912637 seconds (4.05 M allocations: 2.589 GiB, 57.35% gc time)
341
 23.457906 seconds (5.08 M allocations: 3.276 GiB, 51.12% gc time)
295
 19.735164 seconds (3.14 M allocations: 2.092 GiB, 60.77% gc time)
990
 20.689160 seconds (3.86 M allocations: 2.487 GiB, 57.97% gc time)
696
 21.045075 seconds (4.32 M allocations: 2.711 GiB, 56.99% gc time)
41
 20.303987 seconds (3.52 M allocations: 2.308 GiB, 59.07% gc time)
739
 21.056357 seconds (3.94 M allocations: 2.556 GiB, 56.96% gc time)
140
 27.699520 seconds (7.43 M allocations: 4.682 GiB, 43.30% gc time)
89
  3.573421 seconds (1.85 M allocations: 1.131 GiB)
544
 28.604888 seconds (8.12 M allocations: 5.054 GiB, 41.93% gc time)
790
 21.179667 seconds (4.13 M allocations: 2.650 GiB, 56.62% gc time)
893
  3.253755 seconds (1.84 M allocations: 1.095 GiB)
844
  7.510000 seconds (3.57 M allocations: 2.246 GiB)
499
  3.554705 seconds (1.77 M allocations: 1.096 GiB)
296
  4.228449 seconds (2.33 M allocations: 1.393 GiB)
342
  9.120061 seconds (4.29 M allocations: 2.711 GiB)
939
  8.457661 seconds (3.98 M allocations: 2.509 GiB)
389
  3.990603 seconds (1.55 M allocations: 1.048 GiB)
545
  9.775207 seconds (4.46 M allocations: 2.845 GiB)
240
 10.954338 seconds (5.09 M allocations: 3.227 GiB)
190
 28.106183 seconds (7.92 M allocations: 4.920 GiB, 42.67% gc time)
443
  8.882757 seconds (4.53 M allocations: 2.779 GiB)
591
  5.757517 seconds (2.92 M allocations: 1.795 GiB)
740
  6.117600 seconds (3.23 M allocations: 1.956 GiB)
42
  9.428343 seconds (4.79 M allocations: 2.942 GiB)
641
  6.663101 seconds (2.85 M allocations: 1.858 GiB)
894
  9.092030 seconds (4.32 M allocations: 2.714 GiB)
697
  9.442303 seconds (4.57 M allocations: 2.851 GiB)
991
  6.032467 seconds (2.78 M allocations: 1.764 GiB)
297
  9.088963 seconds (4.28 M allocations: 2.694 GiB)
141
  9.080373 seconds (4.22 M allocations: 2.671 GiB)
90
  6.383520 seconds (2.86 M allocations: 1.835 GiB)
940
  6.031116 seconds (2.75 M allocations: 1.752 GiB)
390
  6.045692 seconds (2.71 M allocations: 1.736 GiB)
241
  9.689123 seconds (4.37 M allocations: 2.794 GiB)
845
  9.585767 seconds (4.48 M allocations: 2.829 GiB)
  9.105500 seconds (4.27 M allocations: 2.695 GiB)
791
500
  6.036951 seconds (2.80 M allocations: 1.774 GiB)
741
  8.798265 seconds (4.24 M allocations: 2.649 GiB)
343
  6.380604 seconds (3.14 M allocations: 1.950 GiB)
592
  6.429640 seconds (3.13 M allocations: 1.952 GiB)
43
  8.574515 seconds (4.35 M allocations: 2.675 GiB)
546
  8.764765 seconds (4.26 M allocations: 2.657 GiB)
191
  8.789847 seconds (4.28 M allocations: 2.669 GiB)
444
  6.120780 seconds (3.30 M allocations: 1.991 GiB)
895
  6.035057 seconds (2.67 M allocations: 1.726 GiB)
941
  7.143390 seconds (3.38 M allocations: 2.130 GiB)
298
  9.041223 seconds (4.34 M allocations: 2.720 GiB)
642
  6.031202 seconds (2.89 M allocations: 1.814 GiB)
391
  6.033909 seconds (2.82 M allocations: 1.788 GiB)
242
  9.142459 seconds (4.46 M allocations: 2.783 GiB)
  8.919155 seconds (4.32 M allocations: 2.702 GiB)
698
992
  8.117692 seconds (4.02 M allocations: 2.494 GiB)
142
  7.105076 seconds (3.43 M allocations: 2.149 GiB)
846
  6.399344 seconds (2.99 M allocations: 1.892 GiB)
742
 13.007027 seconds (4.48 M allocations: 2.784 GiB, 30.00% gc time)
91
 11.530956 seconds (3.63 M allocations: 2.285 GiB, 33.84% gc time)
792
 10.421017 seconds (3.14 M allocations: 1.966 GiB, 37.45% gc time)
44
 10.115138 seconds (3.10 M allocations: 1.917 GiB, 38.58% gc time)
547
  9.431439 seconds (2.68 M allocations: 1.673 GiB, 41.37% gc time)
896
 11.965546 seconds (4.00 M allocations: 2.482 GiB, 32.61% gc time)
344
 11.343168 seconds (3.54 M allocations: 2.228 GiB, 34.40% gc time)
192
 13.110892 seconds (4.25 M allocations: 2.700 GiB, 29.76% gc time)
593
  3.020159 seconds (1.27 M allocations: 854.281 MiB)
793
  3.029196 seconds (1.27 M allocations: 855.317 MiB)
45
 10.468731 seconds (3.45 M allocations: 2.097 GiB, 37.27% gc time)
942
  3.044293 seconds (1.39 M allocations: 907.399 MiB)
548
 10.345963 seconds (3.44 M allocations: 2.082 GiB, 37.72% gc time)
643
  3.212941 seconds (1.36 M allocations: 912.120 MiB)
897
 16.111692 seconds (6.15 M allocations: 3.794 GiB, 24.22% gc time)
501
 10.676443 seconds (3.74 M allocations: 2.238 GiB, 36.55% gc time)
392
 10.659903 seconds (3.51 M allocations: 2.140 GiB, 36.61% gc time)
993
 11.552207 seconds (3.94 M allocations: 2.411 GiB, 33.78% gc time)
243
 10.615835 seconds (3.51 M allocations: 2.134 GiB, 36.76% gc time)
847
  3.782322 seconds (1.92 M allocations: 1.178 GiB)
  5.011085 seconds (2.51 M allocations: 1.549 GiB)
594
345
  7.217909 seconds (3.65 M allocations: 2.246 GiB)
92
 15.060141 seconds (5.73 M allocations: 3.506 GiB, 25.91% gc time)
299
 17.609999 seconds (6.59 M allocations: 4.125 GiB, 22.16% gc time)
445
  3.477876 seconds (1.42 M allocations: 962.785 MiB)
393
  3.321551 seconds (1.23 M allocations: 868.488 MiB)
848
 15.228423 seconds (5.57 M allocations: 3.456 GiB, 25.62% gc time)
699
  3.229296 seconds (1.30 M allocations: 887.255 MiB)
595
  8.529851 seconds (4.09 M allocations: 2.561 GiB)
193
  6.878258 seconds (2.96 M allocations: 1.928 GiB)
898
  6.710775 seconds (2.77 M allocations: 1.828 GiB)
  8.858242 seconds (3.95 M allocations: 2.535 GiB)
943
  8.072347 seconds (3.40 M allocations: 2.232 GiB)
549
  3.099497 seconds (1.29 M allocations: 871.565 MiB)
394
  6.176823 seconds (2.59 M allocations: 1.705 GiB)
346
  9.294238 seconds (4.12 M allocations: 2.653 GiB)
644
  4.074745 seconds (1.80 M allocations: 1.161 GiB)
849
 19.176466 seconds (7.40 M allocations: 4.620 GiB, 20.35% gc time)
143
  3.729529 seconds (1.74 M allocations: 1.103 GiB)
596
  8.366138 seconds (3.83 M allocations: 2.441 GiB)
244
 14.997330 seconds (7.51 M allocations: 4.637 GiB)
743
 11.780267 seconds (5.92 M allocations: 3.649 GiB)
794
  8.855936 seconds (4.30 M allocations: 2.682 GiB)
994
  8.185767 seconds (3.94 M allocations: 2.466 GiB)
93
  3.658037 seconds (2.08 M allocations: 1.232 GiB)
550
  7.908168 seconds (4.03 M allocations: 2.475 GiB)
300
  4.500763 seconds (2.61 M allocations: 1.540 GiB)
899
  7.843800 seconds (4.15 M allocations: 2.521 GiB)
446
  3.391378 seconds (1.98 M allocations: 1.165 GiB)
850
 12.365395 seconds (1.34 M allocations: 883.472 MiB, 75.10% gc time)
795
 18.432664 seconds (4.34 M allocations: 2.729 GiB, 50.38% gc time)
700
 12.509545 seconds (1.26 M allocations: 865.284 MiB, 74.24% gc time)
551
 25.561903 seconds (7.82 M allocations: 4.889 GiB, 36.33% gc time)
46
 13.021103 seconds (1.30 M allocations: 934.827 MiB, 71.32% gc time)
900
 15.188649 seconds (2.60 M allocations: 1.672 GiB, 61.14% gc time)
597
 12.378880 seconds (1.08 M allocations: 774.627 MiB, 75.02% gc time)
851
 18.345615 seconds (4.68 M allocations: 2.855 GiB, 50.62% gc time)
 15.413923 seconds (2.61 M allocations: 1.700 GiB, 60.25% gc time)
194
995
 16.135333 seconds (3.20 M allocations: 2.018 GiB, 57.56% gc time)
744
 18.372153 seconds (4.79 M allocations: 2.900 GiB, 50.55% gc time)
944
 16.718047 seconds (3.73 M allocations: 2.295 GiB, 55.55% gc time)
245
 14.528741 seconds (2.53 M allocations: 1.576 GiB, 63.92% gc time)
447
 19.549048 seconds (5.32 M allocations: 3.239 GiB, 47.51% gc time)
395
 16.184033 seconds (3.14 M allocations: 1.997 GiB, 57.38% gc time)
 16.655295 seconds (3.60 M allocations: 2.235 GiB, 55.76% gc time)
94
301
  3.935794 seconds (2.16 M allocations: 1.295 GiB)
  6.746088 seconds (3.04 M allocations: 1.945 GiB)
796
  3.255337 seconds (1.19 M allocations: 847.013 MiB)
246
  3.088273 seconds (1.10 M allocations: 791.161 MiB)
448
 22.029575 seconds (6.35 M allocations: 3.920 GiB, 42.16% gc time)
347
 22.064911 seconds (6.31 M allocations: 3.910 GiB, 42.09% gc time)
645
  4.163692 seconds (1.51 M allocations: 1.052 GiB)
  4.066402 seconds (1.36 M allocations: 1001.093 MiB)
396
95
 23.419485 seconds (6.67 M allocations: 4.196 GiB, 39.65% gc time)
144
  7.325212 seconds (3.18 M allocations: 2.066 GiB)
  6.777862 seconds (2.88 M allocations: 1.886 GiB)
745
  3.021966 seconds (1.27 M allocations: 856.472 MiB)
449
 10.054372 seconds (4.71 M allocations: 2.976 GiB)
701
  3.021591 seconds (1.17 M allocations: 814.132 MiB)
646
  9.046952 seconds (4.04 M allocations: 2.597 GiB)
901
  9.059441 seconds (4.02 M allocations: 2.590 GiB)
996
  5.004583 seconds (2.26 M allocations: 1.447 GiB)
247
  3.041971 seconds (1.57 M allocations: 982.582 MiB)
397
  9.986354 seconds (4.61 M allocations: 2.929 GiB)
195
  9.653759 seconds (4.29 M allocations: 2.762 GiB)
945
 11.492885 seconds (5.72 M allocations: 3.540 GiB)
47
  3.018941 seconds (1.56 M allocations: 977.289 MiB)
450
  9.040034 seconds (4.07 M allocations: 2.606 GiB)
  5.541359 seconds (2.59 M allocations: 1.640 GiB)
96
  8.549918 seconds (3.99 M allocations: 2.526 GiB)
797
 15.901324 seconds (1.25 M allocations: 847.316 MiB, 80.83% gc time)
398
 26.478467 seconds (6.43 M allocations: 4.052 GiB, 48.54% gc time)
598
 16.564362 seconds (1.67 M allocations: 1.071 GiB, 77.60% gc time)
248
 15.902555 seconds (1.40 M allocations: 910.794 MiB, 80.83% gc time)
946
 21.386678 seconds (4.16 M allocations: 2.589 GiB, 60.10% gc time)
348
 20.758767 seconds (3.72 M allocations: 2.342 GiB, 61.92% gc time)
145
 20.608894 seconds (3.63 M allocations: 2.292 GiB, 62.37% gc time)
746
 17.718465 seconds (2.02 M allocations: 1.330 GiB, 72.54% gc time)
451
 20.314904 seconds (3.60 M allocations: 2.248 GiB, 63.27% gc time)
 19.670334 seconds (3.19 M allocations: 2.013 GiB, 65.35% gc time)
 19.805339 seconds (3.26 M allocations: 2.056 GiB, 64.90% gc time)
997
 18.683164 seconds (2.37 M allocations: 1.574 GiB, 68.80% gc time)
48
 21.468365 seconds (4.00 M allocations: 2.533 GiB, 59.87% gc time)
647
 20.040891 seconds (3.21 M allocations: 2.065 GiB, 64.14% gc time)
196
 18.909298 seconds (2.67 M allocations: 1.722 GiB, 67.98% gc time)
97
  3.330200 seconds (1.23 M allocations: 873.378 MiB)  5.814032 seconds (2.37 M allocations: 1.578 GiB)  5.125780 seconds (2.05 M allocations: 1.374 GiB)

  5.862671 seconds (2.49 M allocations: 1.634 GiB)
  3.902225 seconds (768.32 k allocations: 669.459 MiB)
  5.803858 seconds (2.10 M allocations: 1.466 GiB)
  5.525455 seconds (1.78 M allocations: 1.305 GiB)
  4.329383 seconds (1.17 M allocations: 931.840 MiB)
  4.155229 seconds (992.91 k allocations: 826.618 MiB)
49
  5.483194 seconds (1.87 M allocations: 1.336 GiB)
  3.575662 seconds (414.84 k allocations: 461.751 MiB)

  4.779587 seconds (1.37 M allocations: 1.040 GiB)
399
  3.647030 seconds (538.90 k allocations: 529.182 MiB)
798
599
747
249
349
998
947
197
146
648
  3.028106 seconds (1.01 M allocations: 738.008 MiB)
250
  3.101815 seconds (1.14 M allocations: 800.683 MiB)
799
  3.111661 seconds (1.08 M allocations: 776.758 MiB)
50
  3.215100 seconds (1.02 M allocations: 766.398 MiB)
999
  4.164338 seconds (1.17 M allocations: 928.607 MiB)
649
  5.037228 seconds (1.44 M allocations: 1.107 GiB)
198
  5.540775 seconds (2.32 M allocations: 1.516 GiB)
600
  5.809860 seconds (1.91 M allocations: 1.380 GiB)
748
  6.123490 seconds (2.26 M allocations: 1.557 GiB)
  6.108188 seconds (2.16 M allocations: 1.514 GiB)
400
98
  3.024709 seconds (1.25 M allocations: 847.783 MiB)
51
  3.570407 seconds (1.74 M allocations: 1.083 GiB)
800
  9.389736 seconds (3.01 M allocations: 2.000 GiB, 20.91% gc time)
350
  9.405980 seconds (2.82 M allocations: 1.925 GiB, 20.88% gc time)
948
  9.415465 seconds (2.85 M allocations: 1.938 GiB, 20.85% gc time)
147
  5.438103 seconds (1.74 M allocations: 1.074 GiB, 36.11% gc time)
199
  6.657183 seconds (2.19 M allocations: 1.385 GiB, 29.49% gc time)
650
  5.061039 seconds (1.29 M allocations: 869.490 MiB, 38.80% gc time)
  5.283366 seconds (1.31 M allocations: 897.843 MiB, 37.16% gc time)
401
  5.009999 seconds (1.26 M allocations: 845.794 MiB, 39.19% gc time)
801
  8.837737 seconds (3.16 M allocations: 1.999 GiB, 22.22% gc time)
251
  9.263452 seconds (3.24 M allocations: 2.068 GiB, 21.20% gc time)
1000
  7.934067 seconds (2.77 M allocations: 1.737 GiB, 24.75% gc time)
601
  3.030217 seconds (1.25 M allocations: 829.049 MiB)
200
  8.035321 seconds (2.92 M allocations: 1.809 GiB, 24.44% gc time)
749
  8.067408 seconds (2.65 M allocations: 1.703 GiB, 24.34% gc time)
99
  3.024078 seconds (1.38 M allocations: 890.950 MiB)
  3.017990 seconds (1.25 M allocations: 833.536 MiB)
  5.803189 seconds (2.36 M allocations: 1.545 GiB)
351
  5.867535 seconds (2.34 M allocations: 1.545 GiB)
148
  6.068754 seconds (2.50 M allocations: 1.633 GiB)
949
  3.111124 seconds (1.27 M allocations: 857.499 MiB)
  3.017800 seconds (1.12 M allocations: 786.325 MiB)
201
  5.716709 seconds (2.45 M allocations: 1.576 GiB)
651
  4.189527 seconds (1.74 M allocations: 1.143 GiB)
1001
  3.281001 seconds (1.30 M allocations: 885.305 MiB)
100
  5.797094 seconds (2.48 M allocations: 1.606 GiB)
  3.991991 seconds (1.67 M allocations: 1.091 GiB)
750
  3.299254 seconds (1.43 M allocations: 939.394 MiB)
  3.029688 seconds (1.12 M allocations: 780.215 MiB)
950
  3.030948 seconds (1.10 M allocations: 755.588 MiB)
  3.035116 seconds (860.24 k allocations: 653.024 MiB)
  3.033022 seconds (821.90 k allocations: 636.508 MiB)
  4.577646 seconds (1.57 M allocations: 1.082 GiB)
149
  3.105827 seconds (761.21 k allocations: 568.837 MiB)
101
  3.220509 seconds (745.59 k allocations: 551.505 MiB)
751
  3.015022 seconds (697.10 k allocations: 497.437 MiB)
951
  4.159198 seconds (632.36 k allocations: 425.399 MiB, 27.33% gc time)
150
  4.169111 seconds (634.03 k allocations: 427.248 MiB, 27.26% gc time)
  4.258045 seconds (494.14 k allocations: 364.399 MiB, 26.69% gc time)
  3.121539 seconds (345.57 k allocations: 291.881 MiB)
  2.931110 seconds (131.57 k allocations: 146.357 MiB)
151
  2.836615 seconds (57.60 k allocations: 64.160 MiB)
