Graph 1 is connected.
Graph 2 is connected.
Graph 3 is connected.
Graph 4 is connected.
Graph 5 is connected.
Graph 6 is connected.
Graph 7 is connected.
Graph 8 is connected.
Graph 9 is connected.
Graph 10 is connected.
Graph 11 is connected.
Matrix 1 normalized.
Matrix 2 normalized.
Matrix 3 normalized.
Matrix 4 normalized.
Matrix 5 normalized.
Matrix 6 normalized.
Matrix 7 normalized.
Matrix 8 normalized.
Matrix 9 normalized.
Matrix 10 normalized.
Matrix 11 normalized.
Number of threads: 16
64
505
1
940
630
568
754
379
127
190
878
692
816
442
253
316
  9.677749 seconds (1.54 M allocations: 1.028 GiB, 40.57% gc time)
569
 10.982801 seconds (865.31 k allocations: 870.630 MiB, 35.75% gc time, 1.03% compilation time)
191
 11.546138 seconds (1.32 M allocations: 1.073 GiB, 34.00% gc time, 0.98% compilation time)
2
 12.001459 seconds (1.94 M allocations: 1.360 GiB, 32.71% gc time, 0.94% compilation time)
631
 12.233884 seconds (1.68 M allocations: 1.272 GiB, 32.09% gc time, 0.92% compilation time)
506
 12.349901 seconds (1.72 M allocations: 1.295 GiB, 31.79% gc time, 0.91% compilation time)
443
 12.410830 seconds (1.69 M allocations: 1.289 GiB, 31.63% gc time, 0.91% compilation time)
380
 12.977669 seconds (1.99 M allocations: 1.454 GiB, 30.25% gc time, 0.87% compilation time)
879
 13.204356 seconds (2.14 M allocations: 1.532 GiB, 29.73% gc time, 0.85% compilation time)
817
 13.370584 seconds (2.18 M allocations: 1.560 GiB, 29.36% gc time, 0.84% compilation time)
65
 13.529875 seconds (2.38 M allocations: 1.654 GiB, 29.02% gc time, 0.83% compilation time)
941
 13.540309 seconds (2.34 M allocations: 1.641 GiB, 28.99% gc time, 0.83% compilation time)
254
 13.911671 seconds (2.71 M allocations: 1.820 GiB, 28.22% gc time, 0.81% compilation time)
755
 14.456141 seconds (3.06 M allocations: 2.000 GiB, 27.16% gc time, 0.78% compilation time)
693
 14.574176 seconds (2.95 M allocations: 1.966 GiB, 26.94% gc time, 0.77% compilation time)
317
 15.332342 seconds (3.27 M allocations: 2.152 GiB, 25.61% gc time, 0.73% compilation time)
128
  7.070424 seconds (2.60 M allocations: 1.579 GiB)
192
 10.477360 seconds (2.19 M allocations: 1.367 GiB, 37.94% gc time)
444
 11.230941 seconds (2.69 M allocations: 1.626 GiB, 35.39% gc time)
3
 10.420107 seconds (2.14 M allocations: 1.343 GiB, 38.15% gc time)
880
 13.601239 seconds (3.48 M allocations: 2.120 GiB, 29.22% gc time)
570
 11.254613 seconds (1.96 M allocations: 1.323 GiB, 35.32% gc time)
255
 11.953453 seconds (2.47 M allocations: 1.587 GiB, 33.25% gc time)
818
 10.861561 seconds (1.81 M allocations: 1.231 GiB, 36.60% gc time)
694
 13.809980 seconds (3.68 M allocations: 2.219 GiB, 28.78% gc time)
632
 13.441279 seconds (3.41 M allocations: 2.079 GiB, 29.57% gc time)
381
 13.848380 seconds (3.59 M allocations: 2.183 GiB, 28.70% gc time)
507
 13.081662 seconds (3.14 M allocations: 1.938 GiB, 30.39% gc time)
942
 13.102939 seconds (3.12 M allocations: 1.932 GiB, 30.34% gc time)
66
 13.288646 seconds (3.13 M allocations: 1.948 GiB, 29.91% gc time)
756
 12.922716 seconds (2.81 M allocations: 1.789 GiB, 30.76% gc time)
129
  5.686862 seconds (2.17 M allocations: 1.292 GiB)
4
 19.911782 seconds (3.55 M allocations: 2.317 GiB, 39.01% gc time)
318
  8.378071 seconds (1.24 M allocations: 849.767 MiB, 45.28% gc time)
508
 12.596902 seconds (3.04 M allocations: 1.869 GiB, 30.11% gc time)
445
 12.623091 seconds (2.84 M allocations: 1.793 GiB, 30.05% gc time)
881
 13.673759 seconds (3.46 M allocations: 2.122 GiB, 27.74% gc time)
193
 12.713857 seconds (2.94 M allocations: 1.841 GiB, 29.84% gc time)
571
 12.307071 seconds (2.95 M allocations: 1.816 GiB, 30.82% gc time)
256
 12.673569 seconds (3.03 M allocations: 1.876 GiB, 29.93% gc time)
819
  4.417210 seconds (1.39 M allocations: 910.095 MiB)
319
 12.582969 seconds (2.50 M allocations: 1.652 GiB, 30.15% gc time)
67
 12.840985 seconds (2.66 M allocations: 1.737 GiB, 29.54% gc time)
943
 13.729461 seconds (3.20 M allocations: 2.025 GiB, 27.63% gc time)
382
 15.388156 seconds (3.75 M allocations: 2.363 GiB, 24.65% gc time)
 12.859966 seconds (2.70 M allocations: 1.755 GiB, 29.50% gc time)
633
130
 14.232749 seconds (3.13 M allocations: 2.029 GiB, 26.65% gc time)
757
 16.610399 seconds (4.40 M allocations: 2.720 GiB, 22.84% gc time)
695
  8.975238 seconds (2.99 M allocations: 1.870 GiB)
5
  6.763001 seconds (2.33 M allocations: 1.438 GiB)
882
  9.052505 seconds (3.10 M allocations: 1.921 GiB)
509
  8.433379 seconds (2.63 M allocations: 1.681 GiB)
572
  9.556004 seconds (3.28 M allocations: 2.029 GiB)
446
  7.975133 seconds (2.71 M allocations: 1.680 GiB)
257
  8.929324 seconds (2.81 M allocations: 1.785 GiB)
820
 10.740115 seconds (3.29 M allocations: 2.111 GiB)
194
  9.187255 seconds (2.71 M allocations: 1.763 GiB)
68
  7.457849 seconds (2.11 M allocations: 1.394 GiB)
634
  9.304561 seconds (2.78 M allocations: 1.800 GiB)
944
 10.888721 seconds (3.46 M allocations: 2.185 GiB)
320
 10.292128 seconds (3.17 M allocations: 2.029 GiB)
383
  8.900149 seconds (2.63 M allocations: 1.710 GiB)
758
  8.409205 seconds (2.41 M allocations: 1.581 GiB)
6
  9.654956 seconds (3.28 M allocations: 2.028 GiB)
131
  9.301471 seconds (2.99 M allocations: 1.881 GiB)
696
  8.610104 seconds (2.90 M allocations: 1.797 GiB)
883
  8.285823 seconds (2.87 M allocations: 1.759 GiB)
510
  7.885658 seconds (2.56 M allocations: 1.607 GiB)
258
  9.165039 seconds (3.09 M allocations: 1.914 GiB)
573
  6.861680 seconds (2.37 M allocations: 1.457 GiB)
821
  6.964715 seconds (2.45 M allocations: 1.494 GiB)
195
  9.174946 seconds (3.18 M allocations: 1.950 GiB)
447
  7.104299 seconds (2.50 M allocations: 1.527 GiB)
945
  5.816478 seconds (2.00 M allocations: 1.234 GiB)
384
  9.085087 seconds (3.08 M allocations: 1.907 GiB)
69
  8.838435 seconds (2.27 M allocations: 1.558 GiB)
  9.206589 seconds (2.74 M allocations: 1.776 GiB)  7.931825 seconds (1.77 M allocations: 1.290 GiB)

  8.857103 seconds (2.42 M allocations: 1.620 GiB)
  8.023560 seconds (2.31 M allocations: 1.520 GiB)
  9.049357 seconds (2.96 M allocations: 1.856 GiB)
  8.593466 seconds (2.11 M allocations: 1.476 GiB)
321
635511

132
759
7
697
 16.257012 seconds (2.36 M allocations: 1.590 GiB, 46.25% gc time)
884
 13.817061 seconds (1.76 M allocations: 1.169 GiB, 54.42% gc time)
196
 15.509946 seconds (2.98 M allocations: 1.788 GiB, 48.48% gc time)
259
 15.523971 seconds (2.58 M allocations: 1.625 GiB, 48.43% gc time)
448
 13.581881 seconds (2.16 M allocations: 1.314 GiB, 55.36% gc time)
385
 16.101362 seconds (2.89 M allocations: 1.793 GiB, 46.70% gc time)
822
 15.656431 seconds (2.86 M allocations: 1.751 GiB, 48.02% gc time)
946
 17.955160 seconds (3.54 M allocations: 2.191 GiB, 41.87% gc time)
574
  4.516715 seconds (1.15 M allocations: 815.002 MiB)
260
  5.865722 seconds (1.81 M allocations: 1.164 GiB)
70
  8.680191 seconds (2.47 M allocations: 1.633 GiB)
322
  8.690456 seconds (2.47 M allocations: 1.636 GiB)
636
  8.696158 seconds (2.23 M allocations: 1.540 GiB)
885
  8.682195 seconds (2.25 M allocations: 1.548 GiB)
197
  8.935168 seconds (2.55 M allocations: 1.693 GiB)
512
  4.346046 seconds (1.14 M allocations: 801.159 MiB)
71
  4.913189 seconds (1.44 M allocations: 969.195 MiB)
261
  8.686586 seconds (2.50 M allocations: 1.655 GiB)
449
  8.698926 seconds (2.54 M allocations: 1.672 GiB)
823
  9.051140 seconds (2.75 M allocations: 1.784 GiB)
386
 11.585343 seconds (3.80 M allocations: 2.397 GiB)
133
 12.494641 seconds (4.00 M allocations: 2.544 GiB)
760
  8.672194 seconds (2.83 M allocations: 1.792 GiB)
947
 12.712441 seconds (4.13 M allocations: 2.614 GiB)
698
 12.821590 seconds (4.25 M allocations: 2.671 GiB)
8
 11.420888 seconds (3.50 M allocations: 2.264 GiB)
575
  4.303590 seconds (1.24 M allocations: 836.186 MiB)
387
  5.341989 seconds (1.83 M allocations: 1.136 GiB)
262
 16.375922 seconds (2.82 M allocations: 1.783 GiB, 46.85% gc time)
886
 16.336905 seconds (2.76 M allocations: 1.756 GiB, 46.96% gc time)
198
 16.360338 seconds (2.88 M allocations: 1.806 GiB, 46.89% gc time)
513
 16.863518 seconds (3.38 M allocations: 2.048 GiB, 45.49% gc time)
323
 16.926371 seconds (3.42 M allocations: 2.072 GiB, 45.32% gc time)
637
 14.712030 seconds (2.57 M allocations: 1.561 GiB, 52.14% gc time)
824
 15.569409 seconds (2.57 M allocations: 1.619 GiB, 49.27% gc time)
134
 17.400794 seconds (3.30 M allocations: 2.052 GiB, 44.09% gc time)
450
 15.904260 seconds (2.37 M allocations: 1.557 GiB, 48.24% gc time)
9
 18.881091 seconds (3.98 M allocations: 2.436 GiB, 40.63% gc time)
72
 13.591821 seconds (2.02 M allocations: 1.251 GiB, 56.44% gc time)
388
 17.623438 seconds (3.16 M allocations: 2.008 GiB, 43.53% gc time)
948
  4.728303 seconds (1.41 M allocations: 938.941 MiB)
324
  8.937633 seconds (2.68 M allocations: 1.739 GiB)
263
 20.467685 seconds (3.73 M allocations: 2.444 GiB, 37.48% gc time)
761
 17.716317 seconds (3.27 M allocations: 2.058 GiB, 43.30% gc time)
576
  8.206610 seconds (2.69 M allocations: 1.689 GiB)
199
  4.510947 seconds (1.28 M allocations: 868.792 MiB)
389
  8.959344 seconds (3.01 M allocations: 1.876 GiB)
887
  8.823408 seconds (2.68 M allocations: 1.730 GiB)
825
  4.561125 seconds (1.44 M allocations: 939.911 MiB)
949
  9.356975 seconds (2.92 M allocations: 1.870 GiB)
638
  8.597478 seconds (2.92 M allocations: 1.818 GiB)
135
 23.397596 seconds (5.06 M allocations: 3.203 GiB, 32.79% gc time)
699
  7.919576 seconds (2.85 M allocations: 1.741 GiB)
10
  9.221514 seconds (3.26 M allocations: 2.001 GiB)
451
  8.781869 seconds (2.95 M allocations: 1.841 GiB)
73
 13.642730 seconds (4.57 M allocations: 2.851 GiB)
514
  8.734773 seconds (2.74 M allocations: 1.751 GiB)
264
  8.434009 seconds (2.48 M allocations: 1.622 GiB)
200
  5.399501 seconds (1.24 M allocations: 915.476 MiB)
11
 12.118487 seconds (3.68 M allocations: 2.378 GiB)
325
  9.740295 seconds (3.14 M allocations: 1.987 GiB)
762
  9.803535 seconds (3.22 M allocations: 2.023 GiB)
  7.906275 seconds (2.23 M allocations: 1.482 GiB)
577
639
  9.040613 seconds (2.99 M allocations: 1.876 GiB)
888
  9.617484 seconds (3.38 M allocations: 2.076 GiB)
390
  9.578274 seconds (3.09 M allocations: 1.952 GiB)
950
  8.454780 seconds (2.69 M allocations: 1.710 GiB)
700
 10.027975 seconds (3.38 M allocations: 2.104 GiB)
826
  7.016688 seconds (2.46 M allocations: 1.510 GiB)
74
  9.121926 seconds (3.12 M allocations: 1.933 GiB)
136
  7.310688 seconds (2.65 M allocations: 1.609 GiB)
515
  8.797092 seconds (3.14 M allocations: 1.918 GiB)
452
  8.654147 seconds (2.28 M allocations: 1.319 GiB, 38.36% gc time)
12
 11.600785 seconds (3.00 M allocations: 1.824 GiB, 28.62% gc time)
265
  9.567190 seconds (1.73 M allocations: 1.158 GiB, 34.70% gc time)
951
 10.119270 seconds (1.75 M allocations: 1.203 GiB, 32.81% gc time)
701
 12.216873 seconds (2.76 M allocations: 1.770 GiB, 27.18% gc time)
763
 12.335401 seconds (2.44 M allocations: 1.647 GiB, 26.92% gc time)
 12.578956 seconds (2.96 M allocations: 1.878 GiB, 26.39% gc time)
 13.590628 seconds (3.36 M allocations: 2.116 GiB, 24.43% gc time)
 12.160256 seconds (2.41 M allocations: 1.621 GiB, 27.30% gc time)
889
326
201
640
 12.760919 seconds (3.24 M allocations: 2.009 GiB, 26.02% gc time)
578
 12.477103 seconds (3.19 M allocations: 1.967 GiB, 26.61% gc time)
391
 11.467487 seconds (2.61 M allocations: 1.657 GiB, 28.95% gc time)
137
 11.676306 seconds (2.73 M allocations: 1.724 GiB, 28.43% gc time)
75
 13.220065 seconds (3.30 M allocations: 2.064 GiB, 25.11% gc time)
827
 12.030546 seconds (2.76 M allocations: 1.760 GiB, 27.60% gc time)
516
  7.433930 seconds (2.67 M allocations: 1.630 GiB)
13
 13.897180 seconds (3.27 M allocations: 2.102 GiB, 23.89% gc time)
453
  4.519695 seconds (1.28 M allocations: 872.482 MiB)
392
  8.773124 seconds (3.08 M allocations: 1.893 GiB)
266
  7.916556 seconds (2.86 M allocations: 1.742 GiB)
952
  7.862384 seconds (2.41 M allocations: 1.553 GiB)
764
  5.071483 seconds (1.25 M allocations: 896.548 MiB)
517
  8.709497 seconds (2.82 M allocations: 1.777 GiB)
890
  8.745437 seconds (2.81 M allocations: 1.777 GiB)
641
  8.726711 seconds (2.72 M allocations: 1.739 GiB)
579
 10.325000 seconds (3.22 M allocations: 2.059 GiB)
327
  8.866572 seconds (2.67 M allocations: 1.730 GiB)
76
  9.098213 seconds (2.81 M allocations: 1.803 GiB)
138
 11.102786 seconds (3.69 M allocations: 2.309 GiB)
202
  9.176539 seconds (2.87 M allocations: 1.834 GiB)
828
  7.446312 seconds (2.39 M allocations: 1.516 GiB)
 12.484198 seconds (4.09 M allocations: 2.572 GiB)
393
702
  5.971125 seconds (2.00 M allocations: 1.252 GiB)
518
  4.272152 seconds (1.40 M allocations: 910.642 MiB)
328
  8.228882 seconds (2.65 M allocations: 1.683 GiB)
953
 11.683070 seconds (3.67 M allocations: 2.350 GiB)
14
  8.863360 seconds (3.10 M allocations: 1.916 GiB)
267
 12.164788 seconds (3.98 M allocations: 2.514 GiB)
454
  9.419640 seconds (3.16 M allocations: 1.984 GiB)
765
  8.760293 seconds (2.89 M allocations: 1.827 GiB)
891
  8.495198 seconds (2.74 M allocations: 1.749 GiB)
580
 14.963099 seconds (2.69 M allocations: 1.738 GiB, 42.11% gc time)
 12.976458 seconds (1.94 M allocations: 1.284 GiB, 48.56% gc time)
77
 15.590306 seconds (2.75 M allocations: 1.807 GiB, 40.42% gc time)
394
139
 12.866060 seconds (2.12 M allocations: 1.347 GiB, 48.97% gc time)
519
 14.356090 seconds (2.47 M allocations: 1.601 GiB, 43.89% gc time)
703
 18.791554 seconds (4.29 M allocations: 2.668 GiB, 33.53% gc time)
642
 15.557978 seconds (3.15 M allocations: 1.968 GiB, 40.50% gc time)
829
 12.951967 seconds (2.39 M allocations: 1.462 GiB, 48.65% gc time)
329
 11.466887 seconds (1.65 M allocations: 1.046 GiB, 54.95% gc time)
581
 14.733783 seconds (2.77 M allocations: 1.744 GiB, 42.77% gc time)
15
 19.239399 seconds (4.20 M allocations: 2.661 GiB, 32.75% gc time) 15.323099 seconds (2.70 M allocations: 1.755 GiB, 41.12% gc time)

 15.077092 seconds (2.85 M allocations: 1.803 GiB, 41.79% gc time)
203
954
268
  4.540873 seconds (1.65 M allocations: 1023.619 MiB)
520
 14.951315 seconds (3.19 M allocations: 1.926 GiB, 42.14% gc time)
455
 15.323501 seconds (2.99 M allocations: 1.866 GiB, 41.12% gc time)
766
  6.944605 seconds (2.30 M allocations: 1.434 GiB)
78
  7.447899 seconds (2.39 M allocations: 1.505 GiB)
704
  6.896748 seconds (2.06 M allocations: 1.331 GiB)
330
 17.582445 seconds (3.73 M allocations: 2.329 GiB, 35.84% gc time)
892
  8.671026 seconds (3.17 M allocations: 1.917 GiB)
140
  8.171894 seconds (2.77 M allocations: 1.716 GiB)
643
  7.900662 seconds (2.57 M allocations: 1.613 GiB)
582
 10.081439 seconds (3.13 M allocations: 1.996 GiB)
830
  6.798733 seconds (2.11 M allocations: 1.347 GiB)
955
 11.562129 seconds (4.08 M allocations: 2.491 GiB)
395
  8.801690 seconds (2.77 M allocations: 1.759 GiB)
269
  8.790724 seconds (2.71 M allocations: 1.736 GiB)
16
  9.139169 seconds (2.97 M allocations: 1.868 GiB)
204
  6.281358 seconds (2.31 M allocations: 1.396 GiB)
79
  9.208920 seconds (2.98 M allocations: 1.879 GiB)
456
  8.854296 seconds (2.81 M allocations: 1.786 GiB)
767
  8.700504 seconds (2.66 M allocations: 1.712 GiB)
331
  8.722992 seconds (2.57 M allocations: 1.676 GiB)
893
  8.700552 seconds (2.55 M allocations: 1.668 GiB)
141
  8.709973 seconds (2.66 M allocations: 1.714 GiB)
644
  6.097380 seconds (1.99 M allocations: 1.254 GiB)
396
 14.342232 seconds (4.59 M allocations: 2.908 GiB)
521
  8.707480 seconds (2.70 M allocations: 1.732 GiB)
831
  6.076759 seconds (1.83 M allocations: 1.187 GiB)
80
  9.579773 seconds (3.20 M allocations: 2.001 GiB)
583
 22.404939 seconds (4.48 M allocations: 2.780 GiB, 41.10% gc time)
705
 19.474386 seconds (3.36 M allocations: 2.115 GiB, 47.28% gc time)
956
 17.873896 seconds (2.98 M allocations: 1.843 GiB, 51.52% gc time)
270
 17.976182 seconds (3.04 M allocations: 1.872 GiB, 51.22% gc time)
17
 17.753671 seconds (2.96 M allocations: 1.823 GiB, 51.86% gc time)
205
 15.407557 seconds (2.40 M allocations: 1.426 GiB, 59.76% gc time)
332
 18.130705 seconds (3.09 M allocations: 1.904 GiB, 50.79% gc time)
457
 17.107768 seconds (2.59 M allocations: 1.626 GiB, 53.82% gc time)
894
 18.252157 seconds (3.23 M allocations: 1.972 GiB, 50.45% gc time)
768
 17.039661 seconds (2.55 M allocations: 1.603 GiB, 54.04% gc time)
397
 18.101338 seconds (3.08 M allocations: 1.898 GiB, 50.87% gc time)
142
 17.989521 seconds (3.07 M allocations: 1.883 GiB, 51.18% gc time)
645
  6.126729 seconds (1.99 M allocations: 1.256 GiB)
957
 18.178053 seconds (3.09 M allocations: 1.907 GiB, 50.65% gc time)
522
 18.197567 seconds (3.08 M allocations: 1.907 GiB, 50.60% gc time)
832
  7.270593 seconds (2.11 M allocations: 1.386 GiB)
18
  9.618010 seconds (3.20 M allocations: 2.003 GiB)
81
  8.725828 seconds (2.78 M allocations: 1.768 GiB)
271
  8.684589 seconds (2.67 M allocations: 1.721 GiB)
206
  5.987443 seconds (2.12 M allocations: 1.303 GiB)
895
  8.232529 seconds (2.65 M allocations: 1.681 GiB)
333
  9.551621 seconds (2.90 M allocations: 1.879 GiB)
458
 13.352249 seconds (4.37 M allocations: 2.755 GiB)
584
 13.173567 seconds (4.35 M allocations: 2.735 GiB)
706
  8.673818 seconds (2.93 M allocations: 1.830 GiB)
769
  8.677937 seconds (2.92 M allocations: 1.830 GiB)
398
  8.935903 seconds (2.97 M allocations: 1.868 GiB)
143
  8.679445 seconds (2.82 M allocations: 1.789 GiB)
646
  6.383293 seconds (2.29 M allocations: 1.406 GiB)
19
  8.680419 seconds (2.94 M allocations: 1.839 GiB)
523
  8.665901 seconds (2.94 M allocations: 1.838 GiB)
833
  8.662012 seconds (2.80 M allocations: 1.778 GiB)
82
  8.666212 seconds (2.80 M allocations: 1.776 GiB)
272
  8.662148 seconds (2.80 M allocations: 1.775 GiB)
207
 11.889601 seconds (4.06 M allocations: 2.531 GiB)
958
  5.703549 seconds (1.99 M allocations: 1.229 GiB)
707
  8.670613 seconds (2.91 M allocations: 1.817 GiB)
334
  4.782829 seconds (1.58 M allocations: 1012.746 MiB)
20
  9.463607 seconds (3.22 M allocations: 2.002 GiB)
896
 19.187404 seconds (3.20 M allocations: 1.941 GiB, 54.54% gc time)
459
 19.080050 seconds (2.91 M allocations: 1.810 GiB, 54.84% gc time)
770
 16.852225 seconds (2.15 M allocations: 1.336 GiB, 62.10% gc time)
 19.438115 seconds (2.96 M allocations: 1.856 GiB, 53.83% gc time)
399
524
 21.006264 seconds (3.80 M allocations: 2.315 GiB, 49.82% gc time)
585
 19.565367 seconds (3.09 M allocations: 1.917 GiB, 53.48% gc time)
647
 18.369063 seconds (1.95 M allocations: 1.360 GiB, 56.97% gc time)
 21.062301 seconds (3.27 M allocations: 2.100 GiB, 49.68% gc time)
 17.257014 seconds (2.19 M allocations: 1.381 GiB, 60.64% gc time)
 19.250786 seconds (1.93 M allocations: 1.402 GiB, 54.36% gc time)
144
708
  8.544718 seconds (1.58 M allocations: 1.234 GiB)
959
273
  4.575584 seconds (612.42 k allocations: 586.924 MiB)
 18.446444 seconds (1.77 M allocations: 1.293 GiB, 56.73% gc time)
21
525
 20.244922 seconds (2.32 M allocations: 1.628 GiB, 51.69% gc time)
 20.240302 seconds (2.77 M allocations: 1.831 GiB, 51.70% gc time)
  7.669066 seconds (1.46 M allocations: 1.133 GiB)
208
 19.227836 seconds (2.53 M allocations: 1.659 GiB, 54.42% gc time)
897
335
834
83
  6.708982 seconds (1.62 M allocations: 1.116 GiB)
771
  8.024199 seconds (3.03 M allocations: 1.786 GiB)
460
  6.227330 seconds (2.49 M allocations: 1.432 GiB)
586
  7.235280 seconds (2.86 M allocations: 1.659 GiB)
400
  4.232465 seconds (922.25 k allocations: 704.092 MiB)
  4.290340 seconds (1.12 M allocations: 789.798 MiB)
336
274
  6.174466 seconds (932.32 k allocations: 852.674 MiB)
401
  8.699567 seconds (2.05 M allocations: 1.474 GiB)
145
  8.701739 seconds (1.92 M allocations: 1.423 GiB)
  8.698270 seconds (1.88 M allocations: 1.405 GiB)
  8.678455 seconds (1.82 M allocations: 1.383 GiB)
22
  8.693727 seconds (1.85 M allocations: 1.396 GiB)
898
  8.683658 seconds (1.84 M allocations: 1.390 GiB)
960
209
709
  8.783529 seconds (2.05 M allocations: 1.486 GiB)
  8.746496 seconds (2.01 M allocations: 1.465 GiB)
835
84
  8.696436 seconds (2.08 M allocations: 1.490 GiB)
772
  8.735072 seconds (2.64 M allocations: 1.725 GiB)
461
  8.675567 seconds (2.81 M allocations: 1.791 GiB)
587
  6.026861 seconds (2.29 M allocations: 1.379 GiB)
275
  4.463694 seconds (2.08 M allocations: 1.178 GiB)
402
 12.459019 seconds (4.06 M allocations: 2.572 GiB)
648
 21.847901 seconds (4.22 M allocations: 2.706 GiB, 38.37% gc time)
526
 14.414493 seconds (1.30 M allocations: 981.318 MiB, 58.16% gc time)
462
 19.176821 seconds (3.38 M allocations: 2.164 GiB, 43.72% gc time)
337
 14.970007 seconds (1.63 M allocations: 1.137 GiB, 56.00% gc time)
210
 17.138497 seconds (2.58 M allocations: 1.680 GiB, 48.91% gc time)
 16.904306 seconds (2.04 M allocations: 1.440 GiB, 49.59% gc time)
23
773
 17.110525 seconds (2.22 M allocations: 1.533 GiB, 48.99% gc time)
836
 17.675848 seconds (2.85 M allocations: 1.827 GiB, 47.43% gc time)
146
 17.717213 seconds (2.69 M allocations: 1.769 GiB, 47.32% gc time)
961
 17.681937 seconds (2.58 M allocations: 1.721 GiB, 47.41% gc time)
588
 19.096303 seconds (3.12 M allocations: 2.043 GiB, 43.90% gc time)
710
 19.348642 seconds (3.29 M allocations: 2.128 GiB, 43.33% gc time)
85
  4.504227 seconds (1.59 M allocations: 999.255 MiB)
211
 18.641023 seconds (3.09 M allocations: 1.997 GiB, 44.97% gc time)
276
  8.700495 seconds (2.73 M allocations: 1.743 GiB)
649
  8.695155 seconds (2.66 M allocations: 1.717 GiB)  5.256241 seconds (1.50 M allocations: 1016.758 MiB) 21.166840 seconds (3.91 M allocations: 2.517 GiB, 39.61% gc time)

  9.659597 seconds (2.90 M allocations: 1.883 GiB)

527
899
774
403
  4.508350 seconds (1.28 M allocations: 869.523 MiB)
212
  8.192474 seconds (2.61 M allocations: 1.656 GiB)
837
 10.635257 seconds (3.40 M allocations: 2.156 GiB)
338
  8.430583 seconds (2.69 M allocations: 1.704 GiB)
  9.064061 seconds (3.10 M allocations: 1.919 GiB)
147
24
 12.346355 seconds (4.17 M allocations: 2.591 GiB)
463
  4.513064 seconds (1.32 M allocations: 882.271 MiB)
775
  8.423781 seconds (2.76 M allocations: 1.736 GiB)
86
  9.432907 seconds (3.16 M allocations: 1.970 GiB)
589
 10.380810 seconds (3.52 M allocations: 2.188 GiB)
962
  5.730386 seconds (1.99 M allocations: 1.225 GiB)
900
  9.377716 seconds (3.35 M allocations: 2.045 GiB)
711
  6.924501 seconds (2.35 M allocations: 1.453 GiB)
650
  8.468110 seconds (2.71 M allocations: 1.713 GiB)
404
 11.221593 seconds (3.72 M allocations: 2.326 GiB)
277
 13.635066 seconds (3.10 M allocations: 2.010 GiB, 23.74% gc time)
528
  9.115365 seconds (1.73 M allocations: 1.127 GiB, 35.51% gc time)
776
  9.264073 seconds (1.60 M allocations: 1.083 GiB, 34.94% gc time)
590
 12.120100 seconds (2.94 M allocations: 1.841 GiB, 26.71% gc time)
339
 12.110416 seconds (2.85 M allocations: 1.801 GiB, 26.73% gc time)
148
 14.395563 seconds (3.72 M allocations: 2.319 GiB, 22.49% gc time)
213
 12.448471 seconds (3.02 M allocations: 1.897 GiB, 26.00% gc time)
25
 12.070144 seconds (2.94 M allocations: 1.836 GiB, 26.82% gc time)
464
 11.679275 seconds (2.71 M allocations: 1.712 GiB, 27.72% gc time)
87
 14.476923 seconds (4.08 M allocations: 2.475 GiB, 22.36% gc time)
838
 11.966243 seconds (2.71 M allocations: 1.734 GiB, 27.05% gc time)
901
 11.953342 seconds (2.70 M allocations: 1.732 GiB, 27.08% gc time)
712
  4.556123 seconds (1.82 M allocations: 1.075 GiB)
777
  4.501015 seconds (1.82 M allocations: 1.070 GiB)
591
 12.004783 seconds (2.94 M allocations: 1.835 GiB, 26.96% gc time)
405
 14.782339 seconds (3.50 M allocations: 2.260 GiB, 21.90% gc time)
651
  8.712453 seconds (2.83 M allocations: 1.783 GiB)
529
 17.776382 seconds (4.48 M allocations: 2.876 GiB, 18.21% gc time)
963
  5.780367 seconds (1.64 M allocations: 1.084 GiB)
839
  8.688645 seconds (2.93 M allocations: 1.824 GiB)
340
  8.722031 seconds (2.93 M allocations: 1.829 GiB)
149
  8.701244 seconds (2.84 M allocations: 1.789 GiB)
214
  8.722263 seconds (2.85 M allocations: 1.795 GiB)
26
  8.713950 seconds (2.93 M allocations: 1.827 GiB)
465
  8.729680 seconds (2.91 M allocations: 1.818 GiB)
88
  6.552995 seconds (2.14 M allocations: 1.346 GiB)
592
 13.803977 seconds (4.91 M allocations: 3.006 GiB)
278
  4.541262 seconds (1.94 M allocations: 1.122 GiB)
652
  8.718159 seconds (3.01 M allocations: 1.859 GiB)
713
 11.130212 seconds (3.32 M allocations: 2.157 GiB)
778
  6.224109 seconds (2.11 M allocations: 1.311 GiB)
 11.934909 seconds (3.70 M allocations: 2.371 GiB)
840
902
  8.704065 seconds (2.93 M allocations: 1.826 GiB)
530
  4.799247 seconds (1.13 M allocations: 825.939 MiB)
653
 11.763246 seconds (3.79 M allocations: 2.396 GiB)
406
  8.709525 seconds (2.93 M allocations: 1.825 GiB)
341
  8.766578 seconds (2.94 M allocations: 1.835 GiB)
150
  8.704366 seconds (2.82 M allocations: 1.781 GiB)
215
  8.708913 seconds (2.86 M allocations: 1.798 GiB)
27
 10.884267 seconds (3.91 M allocations: 2.387 GiB)
964
  8.645455 seconds (2.96 M allocations: 1.836 GiB)
466
  8.707924 seconds (3.04 M allocations: 1.871 GiB)
89
 17.425114 seconds (2.67 M allocations: 1.721 GiB, 49.86% gc time)
714
 18.110515 seconds (3.13 M allocations: 1.961 GiB, 47.97% gc time)
279
 15.738248 seconds (2.62 M allocations: 1.582 GiB, 55.20% gc time)
779
 14.771309 seconds (2.12 M allocations: 1.311 GiB, 58.81% gc time)
654
 21.424416 seconds (4.00 M allocations: 2.556 GiB, 40.55% gc time)
593
 15.311462 seconds (2.31 M allocations: 1.426 GiB, 56.74% gc time)
407
 18.886749 seconds (3.31 M allocations: 2.093 GiB, 46.00% gc time)
903
 17.463470 seconds (2.99 M allocations: 1.861 GiB, 49.75% gc time)
531
 19.152120 seconds (3.52 M allocations: 2.197 GiB, 45.36% gc time)
841
 16.997225 seconds (2.90 M allocations: 1.787 GiB, 51.11% gc time)
342
  6.606225 seconds (1.91 M allocations: 1.257 GiB)
715
 16.905680 seconds (2.48 M allocations: 1.609 GiB, 51.39% gc time)
965
 17.607872 seconds (2.87 M allocations: 1.818 GiB, 49.34% gc time)
28
 18.577536 seconds (3.40 M allocations: 2.106 GiB, 46.76% gc time)
151
  9.017755 seconds (2.83 M allocations: 1.810 GiB)
90
  5.143670 seconds (1.89 M allocations: 1.144 GiB)
594
 18.546320 seconds (3.22 M allocations: 2.030 GiB, 46.84% gc time)
467
  7.143661 seconds (2.50 M allocations: 1.540 GiB)
655
 20.850234 seconds (4.16 M allocations: 2.580 GiB, 41.67% gc time)
216
  8.931450 seconds (3.07 M allocations: 1.902 GiB)
780
 10.188714 seconds (3.49 M allocations: 2.166 GiB)
280
  8.373431 seconds (2.90 M allocations: 1.791 GiB)
408
  7.461908 seconds (2.58 M allocations: 1.594 GiB)
532
  9.039822 seconds (2.83 M allocations: 1.810 GiB)
842
  8.824697 seconds (2.81 M allocations: 1.785 GiB)
343
  7.805496 seconds (2.56 M allocations: 1.607 GiB)
716
 10.702860 seconds (3.58 M allocations: 2.238 GiB)
904
  8.676165 seconds (2.12 M allocations: 1.489 GiB)  9.023964 seconds (2.75 M allocations: 1.774 GiB)  6.368104 seconds (1.47 M allocations: 1.059 GiB)  8.766640 seconds (2.67 M allocations: 1.725 GiB)

  9.514726 seconds (2.48 M allocations: 1.697 GiB)  9.276650 seconds (2.59 M allocations: 1.726 GiB)
  6.385270 seconds (1.60 M allocations: 1.112 GiB)



  8.347667 seconds (1.95 M allocations: 1.393 GiB)
29
152781966

91
656
468
217

  5.871263 seconds (1.24 M allocations: 950.908 MiB)
409
  7.456784 seconds (1.93 M allocations: 1.326 GiB)
281
 11.047169 seconds (3.90 M allocations: 2.390 GiB)
595
  7.566419 seconds (2.44 M allocations: 1.545 GiB)
344
  7.585569 seconds (2.45 M allocations: 1.549 GiB)
717
  4.114156 seconds (1.17 M allocations: 796.228 MiB)
782
  8.392420 seconds (3.00 M allocations: 1.836 GiB)
843
 19.668138 seconds (3.40 M allocations: 2.126 GiB, 48.09% gc time)
533
 17.002708 seconds (1.77 M allocations: 1.270 GiB, 55.63% gc time)
657
 17.344863 seconds (1.98 M allocations: 1.378 GiB, 54.53% gc time)
30
 18.258561 seconds (2.19 M allocations: 1.532 GiB, 51.80% gc time)
92
 18.284272 seconds (2.20 M allocations: 1.538 GiB, 51.73% gc time)
905
 18.328810 seconds (2.21 M allocations: 1.547 GiB, 51.61% gc time)
153
  5.003425 seconds (1.47 M allocations: 981.141 MiB)
783
 18.950803 seconds (2.62 M allocations: 1.759 GiB, 49.91% gc time)
 19.035939 seconds (2.74 M allocations: 1.815 GiB, 49.69% gc time)
410
967
 19.072895 seconds (2.78 M allocations: 1.833 GiB, 49.59% gc time)
469
 19.572732 seconds (3.10 M allocations: 2.001 GiB, 48.33% gc time)
218
 19.687954 seconds (3.15 M allocations: 2.029 GiB, 48.04% gc time)
282
 15.738671 seconds (2.38 M allocations: 1.424 GiB, 60.10% gc time)
345
 19.259615 seconds (3.32 M allocations: 2.067 GiB, 49.11% gc time)
596
  4.960971 seconds (2.00 M allocations: 1.177 GiB)
31
  8.675814 seconds (2.70 M allocations: 1.730 GiB)
  5.439213 seconds (2.21 M allocations: 1.299 GiB)
534
658
  9.497770 seconds (3.15 M allocations: 1.973 GiB)
844
 10.198796 seconds (3.48 M allocations: 2.156 GiB)
718
  6.560002 seconds (1.90 M allocations: 1.245 GiB)
470
  8.715095 seconds (2.33 M allocations: 1.577 GiB)
411
 10.090954 seconds (3.09 M allocations: 1.988 GiB)
906
 10.050537 seconds (3.08 M allocations: 1.981 GiB)
154
  8.733504 seconds (2.09 M allocations: 1.479 GiB)
219
  8.753931 seconds (2.15 M allocations: 1.504 GiB)
283
  8.750583 seconds (2.19 M allocations: 1.520 GiB)
346
  9.616601 seconds (2.87 M allocations: 1.862 GiB)
968
  6.568095 seconds (2.17 M allocations: 1.357 GiB)
32
  8.723635 seconds (2.75 M allocations: 1.749 GiB)
597
  7.045694 seconds (2.35 M allocations: 1.463 GiB)
659
  8.724054 seconds (2.72 M allocations: 1.737 GiB)
535
  8.723300 seconds (2.52 M allocations: 1.656 GiB)
719
 14.813912 seconds (5.10 M allocations: 3.148 GiB)
93
  9.666458 seconds (2.91 M allocations: 1.883 GiB)
845
  4.545182 seconds (1.51 M allocations: 967.429 MiB)
220
 15.035786 seconds (5.23 M allocations: 3.217 GiB)
784
  4.525928 seconds (1.41 M allocations: 921.176 MiB)
33
 17.255796 seconds (3.28 M allocations: 2.023 GiB, 44.74% gc time)
471
 16.472271 seconds (2.49 M allocations: 1.640 GiB, 46.87% gc time)
 17.328648 seconds (3.29 M allocations: 2.032 GiB, 44.55% gc time)
284
 16.470709 seconds (2.47 M allocations: 1.636 GiB, 46.87% gc time)
347
412
 16.712204 seconds (2.81 M allocations: 1.791 GiB, 46.19% gc time)
907
 16.705658 seconds (2.79 M allocations: 1.783 GiB, 46.21% gc time)
155
 12.259311 seconds (1.54 M allocations: 974.185 MiB, 62.97% gc time)
221
 12.268129 seconds (1.49 M allocations: 954.597 MiB, 62.93% gc time)
785
 16.867302 seconds (3.02 M allocations: 1.891 GiB, 45.77% gc time)
598
 18.627959 seconds (3.67 M allocations: 2.279 GiB, 41.44% gc time)
969
 17.438963 seconds (3.16 M allocations: 1.987 GiB, 44.27% gc time)
 18.615268 seconds (3.42 M allocations: 2.177 GiB, 41.47% gc time)
536
660
 16.796647 seconds (2.83 M allocations: 1.804 GiB, 45.96% gc time)
94
 17.107486 seconds (2.98 M allocations: 1.890 GiB, 45.13% gc time)
846
 17.716064 seconds (3.55 M allocations: 2.165 GiB, 43.58% gc time)
720
  4.505444 seconds (1.28 M allocations: 865.000 MiB)
599
  9.816079 seconds (3.17 M allocations: 2.001 GiB)
34
  9.651340 seconds (3.16 M allocations: 1.983 GiB)
472
  4.507085 seconds (1.30 M allocations: 875.480 MiB)
661
  8.747767 seconds (2.87 M allocations: 1.801 GiB)
285
  9.039404 seconds (2.80 M allocations: 1.793 GiB)
348
  6.805700 seconds (2.17 M allocations: 1.378 GiB)
970
 10.646298 seconds (3.30 M allocations: 2.115 GiB)
908
 10.714344 seconds (3.30 M allocations: 2.120 GiB)
156
  5.982312 seconds (1.71 M allocations: 1.129 GiB)
600
 11.918505 seconds (3.68 M allocations: 2.361 GiB)
413
 12.224470 seconds (3.84 M allocations: 2.448 GiB)
222
  9.486721 seconds (3.01 M allocations: 1.915 GiB)
537
  8.884923 seconds (2.91 M allocations: 1.829 GiB)
95
  4.519558 seconds (1.34 M allocations: 894.154 MiB)
971
  8.783688 seconds (2.86 M allocations: 1.801 GiB)
721
  9.465671 seconds (3.23 M allocations: 2.002 GiB)
847
 14.474205 seconds (4.69 M allocations: 2.960 GiB)
786
  9.058126 seconds (3.01 M allocations: 1.885 GiB)
35
  8.873840 seconds (2.95 M allocations: 1.844 GiB)
662
  5.373098 seconds (1.74 M allocations: 1.094 GiB)
414
  9.064675 seconds (3.10 M allocations: 1.921 GiB)
286
  8.749242 seconds (2.96 M allocations: 1.841 GiB)
349
 15.676128 seconds (2.80 M allocations: 1.772 GiB, 44.04% gc time)
157
 18.705170 seconds (3.97 M allocations: 2.469 GiB, 36.91% gc time)
473
 16.151474 seconds (3.13 M allocations: 1.941 GiB, 42.74% gc time)
909
 14.709056 seconds (2.56 M allocations: 1.607 GiB, 46.94% gc time)
538
 15.456795 seconds (2.85 M allocations: 1.779 GiB, 44.66% gc time)
223
 17.151726 seconds (3.35 M allocations: 2.105 GiB, 40.25% gc time)
601
 15.116245 seconds (2.51 M allocations: 1.618 GiB, 45.67% gc time)
722
 15.721702 seconds (3.00 M allocations: 1.859 GiB, 43.91% gc time)
96
 17.121075 seconds (3.08 M allocations: 1.993 GiB, 40.32% gc time)
972
 15.579359 seconds (2.62 M allocations: 1.691 GiB, 44.31% gc time)
36
 16.648861 seconds (2.99 M allocations: 1.922 GiB, 41.47% gc time)
787
 17.694223 seconds (3.35 M allocations: 2.144 GiB, 39.02% gc time)
848
 14.784553 seconds (2.50 M allocations: 1.586 GiB, 46.70% gc time)
287
 15.610617 seconds (2.99 M allocations: 1.847 GiB, 44.22% gc time)
 15.457901 seconds (2.90 M allocations: 1.802 GiB, 44.66% gc time)
663
415
  8.756830 seconds (2.94 M allocations: 1.831 GiB)
350
  4.907372 seconds (1.70 M allocations: 1.047 GiB)
602
  7.807546 seconds (2.74 M allocations: 1.680 GiB)
474
  8.367037 seconds (3.11 M allocations: 1.873 GiB)
158
  4.668922 seconds (1.80 M allocations: 1.073 GiB)
973
  8.495992 seconds (2.99 M allocations: 1.832 GiB)
539
  8.704249 seconds (2.81 M allocations: 1.775 GiB)
723
  7.474369 seconds (2.39 M allocations: 1.513 GiB)
37
 10.241484 seconds (3.09 M allocations: 1.995 GiB)
97
  7.754145 seconds (2.42 M allocations: 1.542 GiB)
849
 12.248960 seconds (3.86 M allocations: 2.454 GiB)
224
 13.976702 seconds (4.55 M allocations: 2.861 GiB)
910
  8.224047 seconds (2.47 M allocations: 1.598 GiB)
664
  8.792418 seconds (2.90 M allocations: 1.814 GiB)
288
  8.747870 seconds (2.77 M allocations: 1.757 GiB)
416
  9.878149 seconds (3.46 M allocations: 2.123 GiB)
788
  8.911153 seconds (2.94 M allocations: 1.840 GiB)
351
  8.216206 seconds (2.60 M allocations: 1.649 GiB)
159
  8.923639 seconds (2.94 M allocations: 1.840 GiB)
475
  7.613479 seconds (2.62 M allocations: 1.614 GiB)
974
  8.944189 seconds (2.81 M allocations: 1.788 GiB)
540
  4.639631 seconds (1.69 M allocations: 1.022 GiB)
911
  8.522823 seconds (2.90 M allocations: 1.795 GiB)
724
 12.892831 seconds (4.11 M allocations: 2.598 GiB)
603
  8.574123 seconds (3.04 M allocations: 1.856 GiB)
38
  7.086347 seconds (2.35 M allocations: 1.467 GiB)
665
  8.423538 seconds (2.97 M allocations: 1.816 GiB)
850
  8.560475 seconds (2.62 M allocations: 1.684 GiB)
289
  8.778443 seconds (2.67 M allocations: 1.722 GiB)
417
 10.618416 seconds (3.67 M allocations: 2.267 GiB)
98
  8.820729 seconds (2.81 M allocations: 1.783 GiB)
789
  8.737070 seconds (2.80 M allocations: 1.776 GiB)
352
 11.472932 seconds (4.03 M allocations: 2.473 GiB)
225
  8.919714 seconds (2.79 M allocations: 1.785 GiB)
  6.770017 seconds (2.20 M allocations: 1.391 GiB)
476
912
 21.217922 seconds (3.36 M allocations: 2.113 GiB, 51.78% gc time)
160
 17.051344 seconds (2.13 M allocations: 1.313 GiB, 64.43% gc time)
39
 19.947755 seconds (3.09 M allocations: 1.915 GiB, 55.07% gc time)
541
 18.788872 seconds (2.71 M allocations: 1.681 GiB, 58.47% gc time)
604
 22.586463 seconds (3.72 M allocations: 2.363 GiB, 48.64% gc time)
975
 16.381578 seconds (1.92 M allocations: 1.179 GiB, 67.06% gc time)
99
 15.787118 seconds (1.63 M allocations: 1.018 GiB, 69.59% gc time)
353
 21.531515 seconds (3.68 M allocations: 2.275 GiB, 51.02% gc time)
725
 20.351635 seconds (3.28 M allocations: 2.028 GiB, 53.98% gc time)
666
 19.762156 seconds (2.87 M allocations: 1.816 GiB, 55.59% gc time)
418
 21.730573 seconds (3.46 M allocations: 2.201 GiB, 50.55% gc time)
851
  5.915063 seconds (1.84 M allocations: 1.189 GiB)
40
 20.063373 seconds (3.03 M allocations: 1.905 GiB, 54.76% gc time)
790
 19.949271 seconds (2.97 M allocations: 1.873 GiB, 55.07% gc time)
226
 21.875494 seconds (3.94 M allocations: 2.412 GiB, 50.22% gc time)
290
  8.498060 seconds (2.88 M allocations: 1.805 GiB)
913
  7.911160 seconds (2.87 M allocations: 1.755 GiB)
161
 10.366776 seconds (3.40 M allocations: 2.153 GiB)
477
  8.803536 seconds (2.92 M allocations: 1.841 GiB)
542
  8.832157 seconds (2.94 M allocations: 1.850 GiB)
605
  4.110332 seconds (1.42 M allocations: 904.685 MiB)
41
  4.120313 seconds (1.37 M allocations: 884.005 MiB)
227
  7.370303 seconds (2.44 M allocations: 1.542 GiB)
667
  8.895293 seconds (3.02 M allocations: 1.888 GiB)
100
  9.818766 seconds (3.36 M allocations: 2.098 GiB)
354
 11.867228 seconds (3.96 M allocations: 2.495 GiB)
976
  6.419146 seconds (2.01 M allocations: 1.296 GiB)
291
  8.837845 seconds (3.12 M allocations: 1.928 GiB)
852
  8.799158 seconds (2.96 M allocations: 1.857 GiB)
791
 10.061317 seconds (3.50 M allocations: 2.172 GiB)
419
 12.450552 seconds (4.22 M allocations: 2.641 GiB)
726
  6.919106 seconds (2.35 M allocations: 1.470 GiB)
543
  9.539318 seconds (3.17 M allocations: 1.997 GiB)
914
  8.412635 seconds (2.87 M allocations: 1.788 GiB)
478
 10.125988 seconds (3.30 M allocations: 2.091 GiB)
162
  7.919415 seconds (2.57 M allocations: 1.627 GiB)
228
  9.143374 seconds (3.06 M allocations: 1.918 GiB)
606
  5.726098 seconds (1.91 M allocations: 1.196 GiB)
292
  9.061393 seconds (2.86 M allocations: 1.829 GiB)
101
  8.555228 seconds (2.79 M allocations: 1.760 GiB)
355
  5.681044 seconds (1.87 M allocations: 1.175 GiB)
420
 10.088364 seconds (3.25 M allocations: 2.060 GiB)
668
 12.080173 seconds (4.10 M allocations: 2.555 GiB)
42
 15.287425 seconds (2.95 M allocations: 1.848 GiB, 41.98% gc time)
853
 16.554750 seconds (3.36 M allocations: 2.107 GiB, 38.76% gc time)
977
 15.144340 seconds (2.95 M allocations: 1.837 GiB, 42.37% gc time)
792
 10.803352 seconds (1.53 M allocations: 963.719 MiB, 59.40% gc time)
293
 11.509965 seconds (1.96 M allocations: 1.169 GiB, 55.75% gc time)
229
 15.130626 seconds (2.94 M allocations: 1.834 GiB, 42.41% gc time)
915
 15.215160 seconds (2.91 M allocations: 1.830 GiB, 42.18% gc time)
479
 15.044726 seconds (2.85 M allocations: 1.794 GiB, 42.65% gc time)
163
 12.294933 seconds (1.84 M allocations: 1.185 GiB, 52.19% gc time)
421
 15.063978 seconds (2.90 M allocations: 1.817 GiB, 42.60% gc time)
607
 19.416576 seconds (4.34 M allocations: 2.720 GiB, 33.05% gc time)
727
 15.111837 seconds (2.94 M allocations: 1.841 GiB, 42.47% gc time)
102
 15.100707 seconds (2.95 M allocations: 1.843 GiB, 42.50% gc time)
356
  5.564873 seconds (1.67 M allocations: 1.095 GiB)
230
 15.117629 seconds (2.86 M allocations: 1.811 GiB, 42.45% gc time)
669
  8.648661 seconds (2.95 M allocations: 1.843 GiB)
43
 21.632414 seconds (5.25 M allocations: 3.257 GiB, 29.67% gc time)
544
  8.670140 seconds (3.05 M allocations: 1.889 GiB)
854
  4.257058 seconds (1.56 M allocations: 974.793 MiB)
422
  8.671350 seconds (3.10 M allocations: 1.908 GiB)
978
  8.673230 seconds (3.09 M allocations: 1.903 GiB)
793
  8.650459 seconds (2.94 M allocations: 1.841 GiB)
916
  4.416825 seconds (1.42 M allocations: 925.696 MiB)
231
  8.674717 seconds (3.00 M allocations: 1.863 GiB)
480
  4.585428 seconds (1.36 M allocations: 910.968 MiB)
545
  8.686652 seconds (2.40 M allocations: 1.611 GiB) 14.300693 seconds (4.14 M allocations: 2.738 GiB)
  8.810566 seconds (2.55 M allocations: 1.681 GiB)
  8.680898 seconds (2.81 M allocations: 1.784 GiB)

294
357
103
608
  7.759592 seconds (2.53 M allocations: 1.595 GiB)
44
  8.641868 seconds (2.82 M allocations: 1.780 GiB)
670
  7.301855 seconds (1.57 M allocations: 1003.518 MiB, 34.61% gc time)
232
 16.606938 seconds (4.71 M allocations: 2.949 GiB, 15.22% gc time)
164
 11.259215 seconds (2.76 M allocations: 1.756 GiB, 22.44% gc time)
855
 11.197086 seconds (2.65 M allocations: 1.706 GiB, 22.57% gc time)
794
 11.447240 seconds (2.80 M allocations: 1.786 GiB, 22.08% gc time)
979
 12.115185 seconds (3.24 M allocations: 2.016 GiB, 20.86% gc time)
423
 15.391916 seconds (4.72 M allocations: 2.862 GiB, 16.42% gc time)
728
 11.622125 seconds (3.10 M allocations: 1.917 GiB, 21.74% gc time)
917
 10.847656 seconds (2.76 M allocations: 1.725 GiB, 23.30% gc time)
481
  7.124327 seconds (1.55 M allocations: 990.135 MiB, 35.47% gc time)
45
  7.540132 seconds (2.02 M allocations: 1.186 GiB, 33.52% gc time)
546
  6.623553 seconds (1.79 M allocations: 1.207 GiB)
165
  4.567854 seconds (478.23 k allocations: 532.578 MiB)
 11.998697 seconds (2.82 M allocations: 1.831 GiB, 21.06% gc time)
 11.368014 seconds (2.65 M allocations: 1.716 GiB, 22.23% gc time)
 12.313739 seconds (2.50 M allocations: 1.725 GiB, 20.52% gc time)
547
609
358
671
  8.139004 seconds (2.38 M allocations: 1.557 GiB)
795
  7.939225 seconds (2.22 M allocations: 1.477 GiB)
980
 14.040650 seconds (3.98 M allocations: 2.453 GiB, 18.00% gc time)
295
  9.468794 seconds (3.10 M allocations: 1.948 GiB)
856
  8.576060 seconds (2.62 M allocations: 1.689 GiB)
729
  8.979933 seconds (2.84 M allocations: 1.807 GiB)
424
 14.794867 seconds (4.43 M allocations: 2.692 GiB, 17.08% gc time)
104
 11.646800 seconds (4.18 M allocations: 2.548 GiB)
233
  8.043062 seconds (2.61 M allocations: 1.645 GiB)
46
  8.846934 seconds (2.99 M allocations: 1.860 GiB)
482
  9.776275 seconds (3.14 M allocations: 1.985 GiB)
918
  4.585672 seconds (2.05 M allocations: 1.170 GiB)
166
  4.513977 seconds (1.91 M allocations: 1.108 GiB)
548
 11.329036 seconds (2.77 M allocations: 1.760 GiB, 22.38% gc time)
 11.337080 seconds (2.77 M allocations: 1.762 GiB, 22.37% gc time)
610
359
 11.295123 seconds (2.66 M allocations: 1.716 GiB, 22.45% gc time)
981
  7.060660 seconds (857.20 k allocations: 688.349 MiB, 35.91% gc time)
167
  7.099368 seconds (883.91 k allocations: 703.497 MiB, 35.72% gc time)
549
 11.272053 seconds (2.80 M allocations: 1.773 GiB, 22.50% gc time)
296
 11.323118 seconds (2.80 M allocations: 1.777 GiB, 22.39% gc time)
857
 11.321163 seconds (2.89 M allocations: 1.813 GiB, 22.40% gc time)
730
 13.353423 seconds (3.76 M allocations: 2.316 GiB, 18.99% gc time)
796
 11.267826 seconds (2.66 M allocations: 1.717 GiB, 22.50% gc time)
 12.240847 seconds (3.04 M allocations: 1.940 GiB, 20.72% gc time)
47
105
 14.692546 seconds (4.40 M allocations: 2.675 GiB, 17.26% gc time)
672
 12.529861 seconds (3.06 M allocations: 1.968 GiB, 20.24% gc time)
483
 11.347754 seconds (2.81 M allocations: 1.784 GiB, 22.35% gc time)
919
  4.515241 seconds (1.68 M allocations: 1.013 GiB)
550
 15.510209 seconds (4.23 M allocations: 2.663 GiB, 16.35% gc time)
425
 16.422222 seconds (4.28 M allocations: 2.750 GiB, 15.44% gc time)
234
  4.374162 seconds (1.14 M allocations: 800.668 MiB)
673
  8.475853 seconds (3.05 M allocations: 1.865 GiB)
611
  8.728257 seconds (3.20 M allocations: 1.944 GiB)
360
  8.717739 seconds (2.66 M allocations: 1.719 GiB)
297
  8.743793 seconds (2.67 M allocations: 1.727 GiB)
858
  4.507747 seconds (1.35 M allocations: 902.828 MiB)
551
  8.729508 seconds (2.80 M allocations: 1.779 GiB)
731
  8.688312 seconds (2.68 M allocations: 1.730 GiB)
  8.695628 seconds (2.68 M allocations: 1.734 GiB)
106
  4.214858 seconds (1.26 M allocations: 850.771 MiB)
48
674
  8.138990 seconds (2.65 M allocations: 1.682 GiB)
920
 12.415260 seconds (4.52 M allocations: 2.756 GiB)
982
  6.908601 seconds (2.32 M allocations: 1.461 GiB)
426
 12.383750 seconds (4.63 M allocations: 2.801 GiB)
168
 11.936514 seconds (4.23 M allocations: 2.605 GiB)
797
  7.523274 seconds (2.83 M allocations: 1.713 GiB)
235
  4.242395 seconds (1.32 M allocations: 871.228 MiB)
675
 12.433098 seconds (3.95 M allocations: 2.529 GiB)
484
 14.422072 seconds (2.99 M allocations: 1.854 GiB, 40.68% gc time)
612
 14.583598 seconds (2.77 M allocations: 1.771 GiB, 40.23% gc time)
859
 14.718262 seconds (2.82 M allocations: 1.805 GiB, 39.86% gc time)
298
 14.500384 seconds (2.60 M allocations: 1.696 GiB, 40.46% gc time)
732
 11.872434 seconds (1.72 M allocations: 1.143 GiB, 49.42% gc time)
169
 12.933834 seconds (2.50 M allocations: 1.540 GiB, 45.36% gc time)
49
 16.794635 seconds (3.95 M allocations: 2.423 GiB, 34.93% gc time)
361
 13.499689 seconds (2.37 M allocations: 1.528 GiB, 43.46% gc time)
427
 14.307188 seconds (3.04 M allocations: 1.866 GiB, 41.01% gc time)
107
 14.526412 seconds (2.88 M allocations: 1.817 GiB, 40.39% gc time)
983
 18.295956 seconds (4.16 M allocations: 2.614 GiB, 32.07% gc time)
552
  4.275590 seconds (1.27 M allocations: 853.968 MiB)
170
 15.293234 seconds (3.03 M allocations: 1.933 GiB, 38.36% gc time)
798
 17.042508 seconds (3.61 M allocations: 2.299 GiB, 34.42% gc time)
921
 15.012663 seconds (3.13 M allocations: 1.952 GiB, 39.08% gc time)
236
  5.045209 seconds (1.72 M allocations: 1.075 GiB)
50
  8.690536 seconds (3.17 M allocations: 1.939 GiB)
  8.430643 seconds (3.00 M allocations: 1.848 GiB)
676
485
  8.687069 seconds (2.88 M allocations: 1.817 GiB)
860
  8.668847 seconds (2.84 M allocations: 1.800 GiB)
  8.645104 seconds (2.82 M allocations: 1.792 GiB)
299
733
 11.564950 seconds (3.93 M allocations: 2.462 GiB)
613
  4.314977 seconds (1.27 M allocations: 859.314 MiB)
51
  8.669408 seconds (2.87 M allocations: 1.814 GiB)
428
  8.634386 seconds (2.81 M allocations: 1.785 GiB)
984
  5.045811 seconds (1.49 M allocations: 1004.888 MiB)
486
 11.738941 seconds (3.82 M allocations: 2.425 GiB)
362
 11.450370 seconds (3.65 M allocations: 2.334 GiB)
108
  8.646548 seconds (2.83 M allocations: 1.792 GiB)
799
  9.371285 seconds (3.29 M allocations: 2.037 GiB)
171
  8.655989 seconds (2.86 M allocations: 1.809 GiB)
237
  4.387351 seconds (1.52 M allocations: 966.967 MiB)
52
 11.196064 seconds (2.85 M allocations: 1.804 GiB, 22.45% gc time)
 12.889838 seconds (3.53 M allocations: 2.207 GiB, 19.50% gc time)
922
677
 15.201776 seconds (4.45 M allocations: 2.754 GiB, 16.53% gc time)
553
 11.197665 seconds (2.92 M allocations: 1.831 GiB, 22.44% gc time)
861
  7.675180 seconds (1.55 M allocations: 1.010 GiB, 32.74% gc time)
109
 11.214785 seconds (2.67 M allocations: 1.727 GiB, 22.41% gc time)
429
  4.377949 seconds (1.14 M allocations: 804.683 MiB)
53
  9.874974 seconds (2.33 M allocations: 1.490 GiB, 25.45% gc time)
487
 13.182300 seconds (3.55 M allocations: 2.232 GiB, 19.06% gc time)
 13.206956 seconds (3.57 M allocations: 2.241 GiB, 19.03% gc time)
734
300
 10.872548 seconds (2.90 M allocations: 1.797 GiB, 23.11% gc time)
363
 14.111634 seconds (4.06 M allocations: 2.507 GiB, 17.81% gc time)
614
 10.816784 seconds (2.90 M allocations: 1.788 GiB, 23.23% gc time)
800
 13.932889 seconds (3.90 M allocations: 2.430 GiB, 18.04% gc time)
985
  7.663154 seconds (2.43 M allocations: 1.552 GiB)
923
  8.057967 seconds (2.60 M allocations: 1.649 GiB)
678
 12.044627 seconds (3.19 M allocations: 1.999 GiB, 20.87% gc time)
238
 12.837649 seconds (3.51 M allocations: 2.186 GiB, 19.58% gc time)
172
  8.720800 seconds (2.94 M allocations: 1.833 GiB)
554
  8.344107 seconds (2.90 M allocations: 1.790 GiB)
862
  7.909431 seconds (2.47 M allocations: 1.581 GiB)
430
  8.137337 seconds (2.52 M allocations: 1.619 GiB)
488
  9.268646 seconds (3.26 M allocations: 2.006 GiB)
110
  8.435211 seconds (2.54 M allocations: 1.648 GiB)
301
  4.983282 seconds (1.46 M allocations: 980.840 MiB)
679
  8.445756 seconds (2.77 M allocations: 1.740 GiB)
364
 10.165556 seconds (3.22 M allocations: 2.049 GiB)
735
 10.974659 seconds (3.73 M allocations: 2.316 GiB)
54
  8.804280 seconds (3.01 M allocations: 1.867 GiB)
615
  9.375217 seconds (3.13 M allocations: 1.957 GiB)
801
  8.900710 seconds (3.08 M allocations: 1.903 GiB)
986
  7.844155 seconds (2.44 M allocations: 1.560 GiB)
555
 10.213214 seconds (3.22 M allocations: 2.053 GiB)
 10.472154 seconds (3.00 M allocations: 1.978 GiB)
  5.678638 seconds (1.40 M allocations: 1003.700 MiB)
  8.567888 seconds (2.38 M allocations: 1.587 GiB)
 10.642556 seconds (2.86 M allocations: 1.936 GiB)
924
863
173
239
680
  8.133490 seconds (2.27 M allocations: 1.514 GiB)
431
 17.495973 seconds (2.86 M allocations: 1.754 GiB, 53.72% gc time)
489
 17.187664 seconds (2.83 M allocations: 1.716 GiB, 54.68% gc time)
111
 17.314962 seconds (2.89 M allocations: 1.749 GiB, 54.28% gc time)
302
 15.932268 seconds (2.38 M allocations: 1.442 GiB, 58.99% gc time)
55
 17.377273 seconds (2.99 M allocations: 1.799 GiB, 54.08% gc time)
365
  4.175027 seconds (1.14 M allocations: 790.549 MiB)
681
 17.441080 seconds (2.46 M allocations: 1.591 GiB, 53.88% gc time)
987
 19.330562 seconds (3.22 M allocations: 2.036 GiB, 48.62% gc time)
736
  4.083340 seconds (979.37 k allocations: 718.763 MiB)
56
 19.563012 seconds (3.37 M allocations: 2.118 GiB, 48.04% gc time)
802
 21.214816 seconds (3.81 M allocations: 2.417 GiB, 44.30% gc time)
616
  6.994827 seconds (2.50 M allocations: 1.537 GiB)
556
  8.769137 seconds (2.71 M allocations: 1.753 GiB)
925
  8.727647 seconds (2.60 M allocations: 1.708 GiB)
  8.766342 seconds (2.69 M allocations: 1.745 GiB)
240
432
  8.768609 seconds (2.82 M allocations: 1.801 GiB)
490
  8.635681 seconds (2.67 M allocations: 1.731 GiB)
112
  8.597110 seconds (2.65 M allocations: 1.721 GiB)
303
  9.843077 seconds (3.42 M allocations: 2.127 GiB)
174
  8.722548 seconds (2.82 M allocations: 1.796 GiB)
366
 12.522035 seconds (3.99 M allocations: 2.555 GiB)
864
  8.859561 seconds (2.78 M allocations: 1.791 GiB)
988
  6.468738 seconds (1.98 M allocations: 1.286 GiB)
557
  4.292076 seconds (998.63 k allocations: 740.586 MiB)
175
  8.748738 seconds (2.82 M allocations: 1.799 GiB)
803
  4.067812 seconds (1.05 M allocations: 750.107 MiB)
367
  9.391815 seconds (3.29 M allocations: 2.041 GiB)
  8.408481 seconds (2.89 M allocations: 1.801 GiB)
617
57
 10.975082 seconds (3.78 M allocations: 2.358 GiB)
682
  8.544198 seconds (2.82 M allocations: 1.785 GiB)
926
  8.574588 seconds (2.82 M allocations: 1.787 GiB)
241
  8.680014 seconds (2.84 M allocations: 1.800 GiB)
491
  8.670384 seconds (2.76 M allocations: 1.771 GiB)
304
  8.669686 seconds (2.78 M allocations: 1.778 GiB)
113
  4.241284 seconds (1.54 M allocations: 967.625 MiB)
368
 17.976488 seconds (5.27 M allocations: 3.283 GiB, 15.19% gc time)
737
  7.216994 seconds (1.53 M allocations: 980.817 MiB, 37.85% gc time)
58
 11.571653 seconds (3.10 M allocations: 1.923 GiB, 23.60% gc time)
865
 11.426390 seconds (3.02 M allocations: 1.876 GiB, 23.90% gc time)
 16.052421 seconds (4.52 M allocations: 2.831 GiB, 17.02% gc time)
989
433
  8.048422 seconds (1.80 M allocations: 1.125 GiB, 33.94% gc time)
927
 11.421903 seconds (2.96 M allocations: 1.850 GiB, 23.91% gc time)
804
 13.068369 seconds (3.58 M allocations: 2.227 GiB, 20.90% gc time)
558
  4.513536 seconds (1.45 M allocations: 942.971 MiB)
369
 12.259552 seconds (3.19 M allocations: 2.003 GiB, 22.28% gc time)
618
 10.995614 seconds (2.76 M allocations: 1.730 GiB, 24.84% gc time)
242
 11.153301 seconds (2.64 M allocations: 1.688 GiB, 24.49% gc time)
492
 15.397059 seconds (4.44 M allocations: 2.741 GiB, 17.74% gc time)
176
  8.093321 seconds (2.33 M allocations: 1.535 GiB)
59
 15.158741 seconds (3.89 M allocations: 2.494 GiB, 18.02% gc time)
683
 13.670854 seconds (3.31 M allocations: 2.143 GiB, 19.98% gc time)
305
 13.891667 seconds (3.45 M allocations: 2.217 GiB, 19.66% gc time)
114
  9.789679 seconds (3.17 M allocations: 2.002 GiB)
738
  7.166747 seconds (2.37 M allocations: 1.484 GiB)
928
  8.496663 seconds (2.78 M allocations: 1.748 GiB)
434
  4.749084 seconds (1.60 M allocations: 1019.753 MiB)
243
  6.877674 seconds (2.24 M allocations: 1.411 GiB)
370
 13.917882 seconds (3.69 M allocations: 2.293 GiB, 22.23% gc time)
866
 11.850424 seconds (2.94 M allocations: 1.834 GiB, 26.10% gc time)
805
  7.419640 seconds (1.56 M allocations: 974.417 MiB, 41.69% gc time)
60
 14.427094 seconds (3.89 M allocations: 2.410 GiB, 21.44% gc time)
990
 13.116519 seconds (3.34 M allocations: 2.089 GiB, 23.58% gc time)
559
  7.144594 seconds (1.18 M allocations: 796.910 MiB, 43.30% gc time)
244
 13.681729 seconds (3.54 M allocations: 2.216 GiB, 22.61% gc time)
619
  9.054785 seconds (2.07 M allocations: 1.282 GiB, 34.16% gc time)
739
 14.459008 seconds (3.62 M allocations: 2.309 GiB, 21.39% gc time)
493
 14.051803 seconds (3.55 M allocations: 2.249 GiB, 22.01% gc time)
177
 12.030804 seconds (2.87 M allocations: 1.824 GiB, 25.71% gc time)
115
 13.441975 seconds (3.51 M allocations: 2.190 GiB, 23.01% gc time)
684
 11.559023 seconds (2.65 M allocations: 1.700 GiB, 26.76% gc time)
435
  4.398285 seconds (1.35 M allocations: 892.866 MiB)
245
 13.560343 seconds (3.73 M allocations: 2.288 GiB, 22.81% gc time)
306
  4.482156 seconds (1.41 M allocations: 922.357 MiB)
740
 13.310683 seconds (3.58 M allocations: 2.208 GiB, 23.24% gc time)
929
  8.934161 seconds (2.98 M allocations: 1.868 GiB)
867
 10.765574 seconds (3.52 M allocations: 2.224 GiB)
371
  9.481199 seconds (3.24 M allocations: 2.013 GiB)
806
  9.276769 seconds (3.22 M allocations: 1.995 GiB)
61
  8.314669 seconds (2.66 M allocations: 1.689 GiB)
620
 11.556714 seconds (3.50 M allocations: 2.269 GiB)
560
  6.528572 seconds (1.91 M allocations: 1.250 GiB)
436
  7.268662 seconds (2.33 M allocations: 1.476 GiB)
685
 12.987821 seconds (4.17 M allocations: 2.646 GiB)
991
  8.160728 seconds (2.79 M allocations: 1.728 GiB)
178
  8.187099 seconds (2.83 M allocations: 1.747 GiB)
116
  9.024926 seconds (3.48 M allocations: 2.074 GiB)
494
  8.049226 seconds (2.81 M allocations: 1.730 GiB)
246
  7.462932 seconds (2.37 M allocations: 1.506 GiB)
868
  9.886843 seconds (3.19 M allocations: 2.018 GiB)
307
  9.658711 seconds (3.11 M allocations: 1.970 GiB)
741
  9.654458 seconds (3.11 M allocations: 1.970 GiB)
930
 11.234266 seconds (2.63 M allocations: 1.681 GiB, 24.90% gc time)
62
 12.012141 seconds (3.11 M allocations: 1.936 GiB, 23.29% gc time)
372
 11.715508 seconds (2.92 M allocations: 1.836 GiB, 23.88% gc time)
807
 10.666545 seconds (2.84 M allocations: 1.730 GiB, 26.23% gc time)
621
  7.359394 seconds (1.49 M allocations: 960.059 MiB, 38.02% gc time)
247
 11.548368 seconds (3.00 M allocations: 1.857 GiB, 24.23% gc time)
561
  7.330666 seconds (1.33 M allocations: 887.961 MiB, 38.17% gc time)
742
 11.523786 seconds (2.78 M allocations: 1.764 GiB, 24.28% gc time)
179
 11.557676 seconds (2.76 M allocations: 1.761 GiB, 24.21% gc time)
117
 12.326238 seconds (3.41 M allocations: 2.080 GiB, 22.70% gc time)
686
  4.514398 seconds (1.16 M allocations: 817.282 MiB)
248
 12.810815 seconds (3.20 M allocations: 2.027 GiB, 21.84% gc time)
495
 11.593278 seconds (2.80 M allocations: 1.777 GiB, 24.13% gc time)
308
  6.264929 seconds (1.63 M allocations: 1.115 GiB)
622
 11.605800 seconds (2.81 M allocations: 1.780 GiB, 24.11% gc time)
931
  8.559957 seconds (2.51 M allocations: 1.641 GiB)
  8.860616 seconds (2.81 M allocations: 1.788 GiB)
808
63
  9.198498 seconds (2.86 M allocations: 1.827 GiB)
373
 17.400031 seconds (5.16 M allocations: 3.162 GiB, 16.08% gc time)
437
 16.779165 seconds (4.73 M allocations: 2.941 GiB, 16.67% gc time)
992
 15.116262 seconds (4.38 M allocations: 2.674 GiB, 18.51% gc time)
869
  5.589356 seconds (1.93 M allocations: 1.186 GiB)
249
  8.331568 seconds (2.96 M allocations: 1.805 GiB)
562
  5.264327 seconds (1.62 M allocations: 1.036 GiB)
932
  9.475242 seconds (3.07 M allocations: 1.934 GiB)
180
  9.672592 seconds (3.16 M allocations: 1.984 GiB)
118
  9.684492 seconds (3.16 M allocations: 1.986 GiB)
687
  9.284576 seconds (2.98 M allocations: 1.884 GiB)
496
  4.505802 seconds (1.28 M allocations: 867.047 MiB)
250
 12.228925 seconds (4.15 M allocations: 2.572 GiB)
743
 12.554836 seconds (3.14 M allocations: 1.939 GiB, 27.11% gc time)
309
 12.308087 seconds (2.86 M allocations: 1.807 GiB, 27.66% gc time)
809
 11.663347 seconds (2.49 M allocations: 1.610 GiB, 29.19% gc time)
438
 13.965873 seconds (3.65 M allocations: 2.246 GiB, 24.38% gc time)
  7.941481 seconds (1.68 M allocations: 1.012 GiB, 42.87% gc time)
933
623
 12.145897 seconds (2.84 M allocations: 1.785 GiB, 28.03% gc time)
993
  9.651836 seconds (1.97 M allocations: 1.239 GiB, 35.27% gc time)
119
 12.144776 seconds (2.69 M allocations: 1.713 GiB, 28.03% gc time)
563
 15.440922 seconds (3.73 M allocations: 2.373 GiB, 22.05% gc time)
374
 16.616663 seconds (4.18 M allocations: 2.641 GiB, 20.49% gc time)
 12.146931 seconds (2.76 M allocations: 1.741 GiB, 28.03% gc time)
181
  4.833476 seconds (1.18 M allocations: 837.738 MiB)
934
 16.052093 seconds (3.89 M allocations: 2.483 GiB, 21.21% gc time)
870
 12.159878 seconds (2.78 M allocations: 1.753 GiB, 28.00% gc time)
688
  5.875438 seconds (1.68 M allocations: 1.098 GiB)
624
 13.054878 seconds (3.14 M allocations: 1.959 GiB, 26.08% gc time)
497
  8.724413 seconds (2.72 M allocations: 1.725 GiB)
310
  9.570789 seconds (3.13 M allocations: 1.953 GiB)
744
  8.748647 seconds (2.83 M allocations: 1.771 GiB)
810
  8.734912 seconds (2.82 M allocations: 1.766 GiB)
439
  4.950222 seconds (1.85 M allocations: 1.109 GiB)
375
 11.986781 seconds (4.00 M allocations: 2.481 GiB)
251
 10.106028 seconds (3.06 M allocations: 1.965 GiB)
994
  4.530993 seconds (1.41 M allocations: 922.351 MiB)
625
  8.770487 seconds (2.93 M allocations: 1.823 GiB)
564
  9.220101 seconds (3.13 M allocations: 1.940 GiB)
120
  8.748852 seconds (2.92 M allocations: 1.820 GiB)
182
  8.756942 seconds (2.73 M allocations: 1.742 GiB)
871
  8.832222 seconds (2.77 M allocations: 1.763 GiB)
935
  8.771449 seconds (2.76 M allocations: 1.754 GiB)
689
  5.195316 seconds (1.62 M allocations: 1.032 GiB)
252
  8.761878 seconds (2.88 M allocations: 1.801 GiB)
498
  8.779375 seconds (2.89 M allocations: 1.807 GiB)
311
  8.782448 seconds (2.93 M allocations: 1.825 GiB)
745
  8.757196 seconds (2.84 M allocations: 1.785 GiB)
811
  8.732350 seconds (2.82 M allocations: 1.776 GiB)
440
  6.465701 seconds (2.24 M allocations: 1.380 GiB)
626
 16.357619 seconds (2.70 M allocations: 1.730 GiB, 46.63% gc time)
995
 12.140018 seconds (1.30 M allocations: 877.216 MiB, 62.83% gc time)
 16.363632 seconds (2.66 M allocations: 1.713 GiB, 46.61% gc time)
565
 18.827465 seconds (3.54 M allocations: 2.250 GiB, 40.51% gc time)
376
 14.181083 seconds (2.03 M allocations: 1.299 GiB, 53.79% gc time)
936
 16.355909 seconds (2.79 M allocations: 1.768 GiB, 46.63% gc time)
183
 16.367451 seconds (2.67 M allocations: 1.718 GiB, 46.60% gc time)
872
 16.397248 seconds (2.54 M allocations: 1.669 GiB, 46.52% gc time)
690
 18.707140 seconds (3.37 M allocations: 2.172 GiB, 40.77% gc time)
121
 16.126177 seconds (2.59 M allocations: 1.667 GiB, 47.30% gc time)
499
 16.356485 seconds (2.66 M allocations: 1.717 GiB, 46.63% gc time)
312
  4.496518 seconds (1.29 M allocations: 873.189 MiB)
377
 16.363585 seconds (2.80 M allocations: 1.776 GiB, 46.61% gc time)
746
  4.558130 seconds (1.50 M allocations: 967.257 MiB)
937
 16.363956 seconds (2.82 M allocations: 1.784 GiB, 46.61% gc time)
812
 16.345781 seconds (2.78 M allocations: 1.767 GiB, 46.66% gc time)
441
  9.036971 seconds (2.97 M allocations: 1.867 GiB)
627
  8.713367 seconds (2.93 M allocations: 1.829 GiB)
996
  5.589681 seconds (1.80 M allocations: 1.141 GiB)
122
  8.794317 seconds (3.00 M allocations: 1.863 GiB)
566
  4.547035 seconds (1.55 M allocations: 987.872 MiB)
378
  8.698540 seconds (2.93 M allocations: 1.830 GiB)
184
  8.441528 seconds (2.67 M allocations: 1.701 GiB)
691
  8.715346 seconds (2.83 M allocations: 1.789 GiB)
873
  6.588198 seconds (2.04 M allocations: 1.310 GiB)
938
  8.727832 seconds (2.94 M allocations: 1.832 GiB)
500
  8.415356 seconds (2.69 M allocations: 1.709 GiB)
313
  7.081260 seconds (2.09 M allocations: 1.364 GiB)
628
  8.459962 seconds (2.75 M allocations: 1.733 GiB)
747
  9.321968 seconds (1.59 M allocations: 1.003 GiB, 46.76% gc time)
 13.031028 seconds (2.65 M allocations: 1.705 GiB, 33.45% gc time)
 13.094262 seconds (2.67 M allocations: 1.718 GiB, 33.29% gc time)
813
 12.880743 seconds (2.37 M allocations: 1.579 GiB, 33.84% gc time)
 12.217877 seconds (2.17 M allocations: 1.447 GiB, 35.67% gc time)
997
 12.478096 seconds (2.06 M allocations: 1.421 GiB, 34.93% gc time)
123
567
  9.811974 seconds (1.30 M allocations: 942.763 MiB, 44.42% gc time)
874
 11.301517 seconds (2.34 M allocations: 1.452 GiB, 38.57% gc time)
185
  8.959740 seconds (1.55 M allocations: 985.709 MiB, 48.65% gc time)
314
 11.338570 seconds (2.46 M allocations: 1.505 GiB, 38.44% gc time)
 11.164399 seconds (2.19 M allocations: 1.380 GiB, 39.04% gc time)
939
  5.652925 seconds (1.69 M allocations: 1.100 GiB)
748
 11.592364 seconds (2.28 M allocations: 1.449 GiB, 37.60% gc time)
501
  7.032334 seconds (2.08 M allocations: 1.357 GiB)
629
  4.508176 seconds (1.52 M allocations: 968.336 MiB)
875
  5.384061 seconds (1.52 M allocations: 1.008 GiB)
124
  4.689906 seconds (1.23 M allocations: 861.411 MiB)
315
  6.051218 seconds (1.86 M allocations: 1.194 GiB)
  6.863800 seconds (1.93 M allocations: 1.280 GiB)
998
  4.997685 seconds (1.33 M allocations: 919.664 MiB)
749
  5.658016 seconds (1.59 M allocations: 1.056 GiB)
  7.095110 seconds (2.09 M allocations: 1.361 GiB)
186
  7.882542 seconds (2.45 M allocations: 1.567 GiB)
814
  5.385073 seconds (1.62 M allocations: 1.041 GiB)
502
  4.457626 seconds (1.37 M allocations: 891.128 MiB)
876
  5.796192 seconds (1.79 M allocations: 1.134 GiB)
  4.566686 seconds (1.34 M allocations: 876.294 MiB)
125
  7.933153 seconds (1.53 M allocations: 1.025 GiB, 23.53% gc time)
  6.359247 seconds (1.09 M allocations: 751.857 MiB, 29.35% gc time)
750
  6.868648 seconds (1.13 M allocations: 798.092 MiB, 27.17% gc time)
187
  7.754612 seconds (1.63 M allocations: 1.049 GiB, 24.07% gc time)
999
  6.228525 seconds (944.72 k allocations: 680.277 MiB, 29.96% gc time)
877
  6.486762 seconds (1.20 M allocations: 805.738 MiB, 28.77% gc time)
503
  7.603020 seconds (1.61 M allocations: 1.027 GiB, 24.55% gc time)
815
  6.811287 seconds (1.27 M allocations: 854.065 MiB, 27.40% gc time)
126
  4.346973 seconds (1.21 M allocations: 791.640 MiB)
751
  4.345184 seconds (1.21 M allocations: 789.315 MiB)
188
  4.350801 seconds (1.21 M allocations: 791.702 MiB)
1000
  4.369230 seconds (1.21 M allocations: 792.881 MiB)
  4.353419 seconds (1.07 M allocations: 732.305 MiB)
504
  4.345840 seconds (1.07 M allocations: 727.963 MiB)
  4.356187 seconds (887.16 k allocations: 616.171 MiB)
  4.321670 seconds (726.21 k allocations: 529.737 MiB)
752
  4.321073 seconds (693.00 k allocations: 492.742 MiB)
189
  4.337317 seconds (686.92 k allocations: 485.977 MiB)
1001
  5.368982 seconds (665.18 k allocations: 461.819 MiB, 19.37% gc time)
  5.363834 seconds (463.41 k allocations: 330.173 MiB, 19.39% gc time)
753
  5.364652 seconds (452.50 k allocations: 318.021 MiB, 19.38% gc time)
  5.364415 seconds (313.02 k allocations: 255.620 MiB, 19.38% gc time)
  3.995978 seconds (80.65 k allocations: 89.694 MiB)
