Graph 1 is connected.
Graph 2 is connected.
Graph 3 is connected.
Graph 4 is connected.
Graph 5 is connected.
Graph 6 is connected.
Graph 7 is connected.
Graph 8 is connected.
Graph 9 is connected.
Graph 10 is connected.
Graph 11 is connected.
Matrix 1 normalized.
Matrix 2 normalized.
Matrix 3 normalized.
Matrix 4 normalized.
Matrix 5 normalized.
Matrix 6 normalized.
Matrix 7 normalized.
Matrix 8 normalized.
Matrix 9 normalized.
Matrix 10 normalized.
Matrix 11 normalized.
Number of threads: 16
442
64316
379
816
568
505
754
127
692
1253
940


630
190
878
  9.030337 seconds (835.19 k allocations: 871.331 MiB, 17.99% gc time)
569
 10.578272 seconds (1.37 M allocations: 1.115 GiB, 23.32% gc time, 0.66% compilation time)
191
 10.760635 seconds (1.13 M allocations: 1.030 GiB, 22.93% gc time, 0.65% compilation time)
317
 10.879573 seconds (1.22 M allocations: 1.076 GiB, 22.68% gc time, 0.65% compilation time)
380
 10.867062 seconds (1.21 M allocations: 1.072 GiB, 22.70% gc time, 0.65% compilation time)
755
 11.102432 seconds (1.53 M allocations: 1.220 GiB, 22.22% gc time, 0.63% compilation time)
941
 11.188325 seconds (1.76 M allocations: 1.321 GiB, 22.05% gc time, 0.63% compilation time)
817
 11.094263 seconds (1.47 M allocations: 1.198 GiB, 22.24% gc time, 0.63% compilation time)
65
 12.220868 seconds (1.67 M allocations: 1.285 GiB, 28.36% gc time, 0.57% compilation time)
631
 12.540178 seconds (2.25 M allocations: 1.543 GiB, 27.64% gc time, 0.56% compilation time)
2
 12.848886 seconds (2.39 M allocations: 1.623 GiB, 26.98% gc time, 0.55% compilation time)
 12.942062 seconds (2.50 M allocations: 1.674 GiB, 26.78% gc time, 0.54% compilation time)
693
254
 13.111248 seconds (2.68 M allocations: 1.760 GiB, 26.44% gc time, 0.54% compilation time)
879
 13.462172 seconds (2.72 M allocations: 1.804 GiB, 25.75% gc time, 0.52% compilation time)
128
 13.970823 seconds (3.26 M allocations: 2.058 GiB, 24.81% gc time, 0.50% compilation time)
443
 14.157668 seconds (3.07 M allocations: 1.995 GiB, 24.48% gc time, 0.50% compilation time)
506
  9.279490 seconds (2.86 M allocations: 1.748 GiB, 10.76% gc time)
570
  7.981142 seconds (2.13 M allocations: 1.426 GiB)
756
  7.460462 seconds (1.72 M allocations: 1.222 GiB)
3
  8.062207 seconds (2.16 M allocations: 1.446 GiB)
66
  8.556803 seconds (2.53 M allocations: 1.634 GiB)
381
  8.353548 seconds (2.31 M allocations: 1.529 GiB)
632
  8.740205 seconds (2.54 M allocations: 1.651 GiB)
818
  9.145477 seconds (3.10 M allocations: 1.908 GiB)
318
 10.614144 seconds (3.63 M allocations: 2.158 GiB, 9.41% gc time)
192
  9.339813 seconds (3.16 M allocations: 1.947 GiB)
942
  8.107066 seconds (2.35 M allocations: 1.525 GiB)
129
  8.110874 seconds (2.37 M allocations: 1.535 GiB)
444
  8.008482 seconds (2.43 M allocations: 1.552 GiB)
507
  9.283215 seconds (3.04 M allocations: 1.891 GiB)
255
 10.989045 seconds (3.46 M allocations: 2.182 GiB)
694
 11.667403 seconds (3.55 M allocations: 2.268 GiB)
880
  8.134733 seconds (2.58 M allocations: 1.625 GiB)
757
  8.922337 seconds (2.99 M allocations: 1.850 GiB)
571
  8.595552 seconds (2.82 M allocations: 1.755 GiB)
4
  7.788740 seconds (2.12 M allocations: 1.410 GiB)
  7.919666 seconds (2.23 M allocations: 1.465 GiB)
319
819
  7.198937 seconds (1.77 M allocations: 1.228 GiB)
  8.721522 seconds (2.94 M allocations: 1.816 GiB)
445
67
  8.821725 seconds (3.06 M allocations: 1.870 GiB)
382
  9.530676 seconds (2.94 M allocations: 1.870 GiB)
193
  9.965393 seconds (3.27 M allocations: 2.034 GiB)
633
  9.306212 seconds (2.82 M allocations: 1.806 GiB)
130
  9.149917 seconds (2.66 M allocations: 1.728 GiB)
508
  9.127428 seconds (2.65 M allocations: 1.721 GiB)
256
 10.500651 seconds (3.52 M allocations: 2.172 GiB)
943
 10.060271 seconds (3.04 M allocations: 1.941 GiB)
695
  9.817896 seconds (3.01 M allocations: 1.913 GiB)
881
  7.907534 seconds (2.76 M allocations: 1.678 GiB)
758
  7.546324 seconds (2.11 M allocations: 1.383 GiB)
68
  8.299015 seconds (2.72 M allocations: 1.690 GiB)
5
 13.699470 seconds (2.56 M allocations: 1.618 GiB, 39.49% gc time)
320
 15.030146 seconds (3.30 M allocations: 2.019 GiB, 35.99% gc time)
572
 14.529100 seconds (2.80 M allocations: 1.777 GiB, 37.23% gc time)
820
 14.575944 seconds (2.87 M allocations: 1.810 GiB, 37.12% gc time)
446
 14.274747 seconds (2.74 M allocations: 1.738 GiB, 37.90% gc time)
383
 12.601512 seconds (2.08 M allocations: 1.354 GiB, 42.93% gc time)
944
 14.104930 seconds (2.52 M allocations: 1.638 GiB, 38.35% gc time)
509
 15.924848 seconds (3.20 M allocations: 2.041 GiB, 33.97% gc time)
194
 15.756838 seconds (3.08 M allocations: 1.982 GiB, 34.33% gc time)
131
 16.129245 seconds (3.30 M allocations: 2.102 GiB, 33.54% gc time)
634
  5.612573 seconds (1.79 M allocations: 1.129 GiB)
321
  6.329011 seconds (2.13 M allocations: 1.321 GiB)
6
 17.778875 seconds (3.67 M allocations: 2.367 GiB, 30.43% gc time)
257
  7.080047 seconds (2.45 M allocations: 1.502 GiB)
69
  6.650552 seconds (1.97 M allocations: 1.273 GiB)
384
  6.997298 seconds (2.33 M allocations: 1.447 GiB)
821
 17.146988 seconds (3.90 M allocations: 2.421 GiB, 31.55% gc time)
696
  7.966440 seconds (2.43 M allocations: 1.557 GiB)
447
 17.368147 seconds (3.94 M allocations: 2.455 GiB, 31.15% gc time)
  7.093973 seconds (2.23 M allocations: 1.413 GiB)
945
882
 17.737398 seconds (4.22 M allocations: 2.597 GiB, 30.50% gc time)
759
  8.914583 seconds (2.80 M allocations: 1.773 GiB)
510
 10.984630 seconds (3.34 M allocations: 2.141 GiB)
573
  9.284282 seconds (2.87 M allocations: 1.827 GiB)
195
  9.255790 seconds (2.82 M allocations: 1.804 GiB)
132
  9.214149 seconds (2.83 M allocations: 1.808 GiB)
635
  8.635198 seconds (2.90 M allocations: 1.795 GiB)
322
  9.162421 seconds (2.96 M allocations: 1.856 GiB)
7
  9.050473 seconds (2.68 M allocations: 1.732 GiB)
  9.020490 seconds (2.76 M allocations: 1.764 GiB)
70
258
  9.177453 seconds (2.91 M allocations: 1.832 GiB)
385
  8.691518 seconds (2.71 M allocations: 1.720 GiB)
697
  9.197484 seconds (2.91 M allocations: 1.838 GiB)
822
  8.550887 seconds (2.62 M allocations: 1.670 GiB)
883
  8.787281 seconds (2.76 M allocations: 1.744 GiB)
448
  9.215262 seconds (2.96 M allocations: 1.856 GiB)
946
 16.161966 seconds (2.94 M allocations: 1.837 GiB, 43.94% gc time)
760
 15.808132 seconds (2.77 M allocations: 1.743 GiB, 44.92% gc time)
574
 14.504075 seconds (2.37 M allocations: 1.487 GiB, 48.96% gc time)
636
 16.547921 seconds (3.16 M allocations: 1.953 GiB, 42.92% gc time)
511
 15.187306 seconds (2.73 M allocations: 1.682 GiB, 46.76% gc time)
133
 15.692426 seconds (3.11 M allocations: 1.872 GiB, 45.26% gc time)
196
 15.909225 seconds (2.91 M allocations: 1.808 GiB, 44.64% gc time)
323
 15.751228 seconds (2.65 M allocations: 1.688 GiB, 45.09% gc time)
259
 16.258572 seconds (2.82 M allocations: 1.794 GiB, 43.68% gc time)
71
 15.834188 seconds (2.56 M allocations: 1.656 GiB, 44.85% gc time)
698
 16.810756 seconds (3.14 M allocations: 1.963 GiB, 42.25% gc time)
8
 16.259254 seconds (2.79 M allocations: 1.784 GiB, 43.68% gc time)
823
 16.675765 seconds (3.04 M allocations: 1.914 GiB, 42.59% gc time)
386
 15.964203 seconds (2.72 M allocations: 1.735 GiB, 44.49% gc time)
884
 16.490681 seconds (2.98 M allocations: 1.876 GiB, 43.07% gc time)
449
 16.474700 seconds (2.98 M allocations: 1.874 GiB, 43.11% gc time)
947
  8.075433 seconds (2.71 M allocations: 1.674 GiB)
575
  9.043919 seconds (3.08 M allocations: 1.893 GiB)
761
  9.186041 seconds (2.95 M allocations: 1.852 GiB)
637
  8.650438 seconds (2.68 M allocations: 1.703 GiB)
134
  9.259844 seconds (3.08 M allocations: 1.911 GiB)
512
  9.253499 seconds (2.96 M allocations: 1.862 GiB)
197
  9.194198 seconds (2.96 M allocations: 1.854 GiB)
324
  8.572033 seconds (2.89 M allocations: 1.781 GiB)
260
  8.888039 seconds (2.92 M allocations: 1.815 GiB)
72
  8.174362 seconds (2.37 M allocations: 1.538 GiB)
387
  8.645960 seconds (2.75 M allocations: 1.727 GiB)
9
  9.220892 seconds (2.87 M allocations: 1.820 GiB)
824
 10.164378 seconds (3.41 M allocations: 2.106 GiB)
699
  9.239914 seconds (2.69 M allocations: 1.743 GiB)
948
  8.542988 seconds (2.62 M allocations: 1.666 GiB)
576
  7.159404 seconds (2.07 M allocations: 1.344 GiB)
513
 11.285515 seconds (3.57 M allocations: 2.248 GiB)
885
 11.057276 seconds (3.54 M allocations: 2.221 GiB)
450
  7.037557 seconds (2.20 M allocations: 1.392 GiB)
198
  8.462706 seconds (2.86 M allocations: 1.761 GiB)
135
 10.025280 seconds (3.21 M allocations: 2.012 GiB)
638
  8.664297 seconds (2.76 M allocations: 1.732 GiB)
325
  7.332558 seconds (2.49 M allocations: 1.533 GiB)
  6.718636 seconds (2.16 M allocations: 1.354 GiB)
73
10
  8.324953 seconds (2.96 M allocations: 1.792 GiB)
261
 13.386441 seconds (4.45 M allocations: 2.757 GiB)
762
  7.303612 seconds (2.49 M allocations: 1.531 GiB)
700
  9.299494 seconds (2.96 M allocations: 1.863 GiB)
825
  7.331465 seconds (2.21 M allocations: 1.416 GiB)
886
  8.365563 seconds (2.73 M allocations: 1.704 GiB)
577
 11.751785 seconds (3.84 M allocations: 2.390 GiB)
388
  8.165209 seconds (2.37 M allocations: 1.540 GiB)
451
  9.057172 seconds (3.06 M allocations: 1.886 GiB)
514
  8.902444 seconds (2.79 M allocations: 1.761 GiB)
199
 11.223607 seconds (3.83 M allocations: 2.352 GiB)
949
 10.037543 seconds (3.04 M allocations: 1.944 GiB)
136
  8.030762 seconds (2.41 M allocations: 1.545 GiB)
74
  9.257151 seconds (2.96 M allocations: 1.855 GiB)
  8.559913 seconds (2.60 M allocations: 1.660 GiB)
326
11
 10.078117 seconds (3.22 M allocations: 2.023 GiB)
639
  7.957685 seconds (2.38 M allocations: 1.526 GiB)
763
  9.990136 seconds (3.15 M allocations: 1.983 GiB)
262
  9.027491 seconds (2.93 M allocations: 1.826 GiB)
701
  8.129176 seconds (2.57 M allocations: 1.617 GiB)
  8.877430 seconds (2.90 M allocations: 1.802 GiB)
826
578
  7.703824 seconds (2.42 M allocations: 1.526 GiB)
452
 10.342275 seconds (3.33 M allocations: 2.081 GiB)
887
  8.934396 seconds (2.71 M allocations: 1.730 GiB)
515
  9.779098 seconds (3.13 M allocations: 1.959 GiB)
389
  8.951847 seconds (2.79 M allocations: 1.764 GiB)
200
  8.241715 seconds (2.81 M allocations: 1.722 GiB)
950
  8.299611 seconds (2.86 M allocations: 1.745 GiB)
137
  8.250881 seconds (2.31 M allocations: 1.519 GiB)
764
  9.422881 seconds (2.65 M allocations: 1.739 GiB)
  9.496129 seconds (2.73 M allocations: 1.776 GiB)
327
 10.033181 seconds (3.18 M allocations: 1.999 GiB)
12
75
  9.395022 seconds (2.62 M allocations: 1.726 GiB)
640
  9.092433 seconds (2.94 M allocations: 1.833 GiB)
263
  7.870608 seconds (2.52 M allocations: 1.577 GiB)
827
  9.498006 seconds (3.03 M allocations: 1.900 GiB)
702
 23.401994 seconds (2.74 M allocations: 1.714 GiB, 63.66% gc time)
453
 23.834695 seconds (2.90 M allocations: 1.809 GiB, 62.50% gc time)
579
 22.956352 seconds (2.45 M allocations: 1.560 GiB, 64.89% gc time)
390
 23.049264 seconds (2.49 M allocations: 1.584 GiB, 64.63% gc time)
201
 23.858442 seconds (3.03 M allocations: 1.862 GiB, 62.44% gc time)
888
 24.067444 seconds (3.20 M allocations: 1.947 GiB, 61.90% gc time)
516
 23.364175 seconds (2.74 M allocations: 1.711 GiB, 63.76% gc time)
138
 25.374147 seconds (3.21 M allocations: 2.044 GiB, 58.71% gc time)
951
 22.939500 seconds (2.33 M allocations: 1.511 GiB, 64.94% gc time)
328
 23.644302 seconds (2.50 M allocations: 1.633 GiB, 63.00% gc time)
641
 23.800454 seconds (2.58 M allocations: 1.674 GiB, 62.59% gc time)
76
 25.459310 seconds (3.49 M allocations: 2.165 GiB, 58.51% gc time)
765
 24.712758 seconds (3.05 M allocations: 1.931 GiB, 60.28% gc time)
13
 23.340567 seconds (2.67 M allocations: 1.682 GiB, 63.82% gc time)
828
  7.700329 seconds (2.35 M allocations: 1.500 GiB)
580
  8.471593 seconds (2.77 M allocations: 1.727 GiB)
703
  7.313635 seconds (2.31 M allocations: 1.458 GiB)
202
  9.149124 seconds (2.89 M allocations: 1.821 GiB)
454
 25.739777 seconds (3.62 M allocations: 2.241 GiB, 57.88% gc time)
264
  8.007613 seconds (2.79 M allocations: 1.703 GiB)
391
  8.010199 seconds (2.70 M allocations: 1.668 GiB)
517
  7.804478 seconds (2.68 M allocations: 1.647 GiB)
139
  6.129339 seconds (2.11 M allocations: 1.293 GiB)
77
  7.661575 seconds (2.67 M allocations: 1.629 GiB)
329
  9.498298 seconds (3.12 M allocations: 1.944 GiB)
952
 12.191034 seconds (3.93 M allocations: 2.461 GiB)
889
  6.965726 seconds (2.28 M allocations: 1.421 GiB)
829
  7.566519 seconds (2.29 M allocations: 1.467 GiB)
581
 10.722926 seconds (3.43 M allocations: 2.155 GiB)
642
 10.224298 seconds (3.23 M allocations: 2.038 GiB)
766
  9.585646 seconds (2.86 M allocations: 1.844 GiB)
704
  8.557599 seconds (2.35 M allocations: 1.560 GiB)
392
  7.981884 seconds (2.20 M allocations: 1.456 GiB)
518
  8.353580 seconds (2.33 M allocations: 1.535 GiB)
 12.168293 seconds (3.93 M allocations: 2.463 GiB)
140
14
  9.462292 seconds (2.78 M allocations: 1.799 GiB)
455
 10.655588 seconds (3.59 M allocations: 2.217 GiB)
203
  7.904422 seconds (2.69 M allocations: 1.653 GiB)
78
  8.347078 seconds (2.73 M allocations: 1.702 GiB)
330
 11.772666 seconds (3.66 M allocations: 2.321 GiB)
265
  8.213239 seconds (2.86 M allocations: 1.745 GiB)
953
  8.990496 seconds (2.80 M allocations: 1.777 GiB)
830
  9.485983 seconds (3.00 M allocations: 1.893 GiB)
890
  7.935921 seconds (2.57 M allocations: 1.607 GiB)
767
  8.379905 seconds (2.74 M allocations: 1.708 GiB)
643
  7.831665 seconds (2.68 M allocations: 1.647 GiB)
705
 10.731281 seconds (3.52 M allocations: 2.190 GiB)
582
  7.970646 seconds (2.60 M allocations: 1.623 GiB)
393
  8.611591 seconds (2.90 M allocations: 1.791 GiB)
519
  8.414043 seconds (2.70 M allocations: 1.695 GiB)
141
  8.399614 seconds (2.47 M allocations: 1.600 GiB)
79
  8.644587 seconds (2.40 M allocations: 1.587 GiB)
331
 10.853065 seconds (3.16 M allocations: 2.055 GiB)
456
 11.501909 seconds (3.50 M allocations: 2.238 GiB)
15
  8.532279 seconds (2.49 M allocations: 1.616 GiB)
954
 10.972290 seconds (3.44 M allocations: 2.177 GiB)
204
  8.030684 seconds (2.58 M allocations: 1.614 GiB)
831
  8.555545 seconds (2.75 M allocations: 1.724 GiB)
891
  7.325163 seconds (2.43 M allocations: 1.509 GiB)
644
 11.600363 seconds (3.74 M allocations: 2.340 GiB)
266
  7.888879 seconds (2.69 M allocations: 1.651 GiB)
706
  8.953960 seconds (3.18 M allocations: 1.929 GiB)
768
  8.309632 seconds (2.73 M allocations: 1.698 GiB)
394
  8.049628 seconds (2.57 M allocations: 1.612 GiB)
142
 10.048244 seconds (3.17 M allocations: 2.001 GiB)
583
  7.797853 seconds (2.63 M allocations: 1.621 GiB)
80
  9.904493 seconds (3.29 M allocations: 2.040 GiB)
520
  8.309659 seconds (2.79 M allocations: 1.722 GiB)
332
  7.843104 seconds (2.42 M allocations: 1.538 GiB)
205
  7.860416 seconds (2.15 M allocations: 1.429 GiB)
645
  9.701101 seconds (2.82 M allocations: 1.835 GiB)
955
 17.164921 seconds (2.35 M allocations: 1.533 GiB, 52.43% gc time)
892
 19.818057 seconds (3.64 M allocations: 2.246 GiB, 45.41% gc time)
457
 19.548968 seconds (3.48 M allocations: 2.163 GiB, 46.03% gc time)
16
 16.868374 seconds (2.49 M allocations: 1.569 GiB, 53.35% gc time)
707
 17.026478 seconds (2.43 M allocations: 1.557 GiB, 52.85% gc time)
395
 15.851210 seconds (2.05 M allocations: 1.317 GiB, 56.77% gc time)
81
 18.984039 seconds (2.96 M allocations: 1.913 GiB, 47.40% gc time)
 20.855802 seconds (3.84 M allocations: 2.400 GiB, 43.15% gc time)
832
769
 16.436801 seconds (2.43 M allocations: 1.515 GiB, 54.75% gc time)
584
 14.689412 seconds (2.17 M allocations: 1.286 GiB, 61.26% gc time)
333
 15.549916 seconds (2.28 M allocations: 1.393 GiB, 57.87% gc time)
206
  5.729626 seconds (1.78 M allocations: 1.132 GiB)
458
 22.966051 seconds (4.52 M allocations: 2.830 GiB, 39.18% gc time)
267
  5.795827 seconds (1.70 M allocations: 1.104 GiB)
708
  6.182921 seconds (2.01 M allocations: 1.255 GiB)
17
  6.054027 seconds (1.96 M allocations: 1.228 GiB)
396
 21.553607 seconds (3.97 M allocations: 2.504 GiB, 41.75% gc time)
521
  5.933681 seconds (1.97 M allocations: 1.219 GiB)
82
 23.456376 seconds (4.84 M allocations: 2.991 GiB, 38.36% gc time)
143
  6.522794 seconds (2.13 M allocations: 1.328 GiB)
585
  7.113087 seconds (2.07 M allocations: 1.341 GiB)
334
 10.990068 seconds (3.74 M allocations: 2.299 GiB)
893
 11.437652 seconds (4.01 M allocations: 2.442 GiB)
646
  8.192558 seconds (2.45 M allocations: 1.572 GiB)
207
  7.505177 seconds (2.16 M allocations: 1.406 GiB)
709
  8.256487 seconds (2.58 M allocations: 1.633 GiB)
459
 14.719683 seconds (4.89 M allocations: 3.029 GiB)
956
  7.948110 seconds (2.44 M allocations: 1.552 GiB)
18
  8.323546 seconds (2.60 M allocations: 1.644 GiB)
268
  7.606920 seconds (2.33 M allocations: 1.487 GiB)
522
 13.664517 seconds (4.18 M allocations: 2.666 GiB)
770
  8.051409 seconds (2.44 M allocations: 1.563 GiB)
83
  7.537923 seconds (2.37 M allocations: 1.496 GiB)
586
 14.463637 seconds (4.66 M allocations: 2.916 GiB)
833
  8.905328 seconds (2.92 M allocations: 1.819 GiB)
144
  8.465431 seconds (2.73 M allocations: 1.711 GiB)
335
 11.475391 seconds (3.86 M allocations: 2.382 GiB)
397
 10.044499 seconds (2.91 M allocations: 1.893 GiB)
647
 10.510599 seconds (3.14 M allocations: 2.022 GiB)
894
  8.923788 seconds (2.93 M allocations: 1.823 GiB)
208
  7.967848 seconds (2.55 M allocations: 1.601 GiB)
460
  8.063479 seconds (2.64 M allocations: 1.646 GiB)
957
  8.050662 seconds (2.70 M allocations: 1.669 GiB)
19
  9.133989 seconds (3.35 M allocations: 2.014 GiB)
710
  8.809964 seconds (2.92 M allocations: 1.814 GiB)
269
  8.202187 seconds (2.86 M allocations: 1.747 GiB)
523
  8.693266 seconds (2.74 M allocations: 1.732 GiB)
771
  8.935835 seconds (2.80 M allocations: 1.776 GiB)
587
  9.360256 seconds (3.07 M allocations: 1.915 GiB)
84
  8.658171 seconds (2.77 M allocations: 1.744 GiB)
145
  9.490652 seconds (3.08 M allocations: 1.929 GiB)
834
  9.028711 seconds (2.94 M allocations: 1.838 GiB)
336
  9.458779 seconds (2.99 M allocations: 1.886 GiB)
398
  8.521186 seconds (2.76 M allocations: 1.729 GiB)
895
  9.445582 seconds (3.04 M allocations: 1.908 GiB)
648
  8.858468 seconds (2.80 M allocations: 1.770 GiB)
209
  8.385957 seconds (2.54 M allocations: 1.628 GiB)
20
  9.148398 seconds (3.03 M allocations: 1.881 GiB)
461
  9.034841 seconds (2.81 M allocations: 1.782 GiB)
711
 10.583517 seconds (3.37 M allocations: 2.120 GiB)
958
  8.942480 seconds (2.80 M allocations: 1.770 GiB)
524
 10.119219 seconds (3.19 M allocations: 2.014 GiB)
270
  8.279694 seconds (2.65 M allocations: 1.666 GiB)
588
  7.392163 seconds (2.30 M allocations: 1.459 GiB)
835
  7.726188 seconds (2.54 M allocations: 1.580 GiB)
146
  9.431071 seconds (3.12 M allocations: 1.939 GiB)
85
 10.440084 seconds (3.59 M allocations: 2.201 GiB)
772
  7.214111 seconds (2.49 M allocations: 1.528 GiB)
896
  8.050371 seconds (2.72 M allocations: 1.683 GiB)
399
  6.324593 seconds (2.21 M allocations: 1.352 GiB)
21
 18.186472 seconds (3.55 M allocations: 2.226 GiB, 39.48% gc time)
337
 14.933368 seconds (2.41 M allocations: 1.533 GiB, 48.08% gc time)
712
 14.830693 seconds (2.27 M allocations: 1.465 GiB, 48.42% gc time)
525
 14.204132 seconds (1.88 M allocations: 1.262 GiB, 50.55% gc time)
589
 17.721215 seconds (3.22 M allocations: 2.057 GiB, 40.52% gc time)
210
 14.235885 seconds (1.95 M allocations: 1.292 GiB, 50.44% gc time)
147
 14.472531 seconds (2.18 M allocations: 1.405 GiB, 49.61% gc time)
836
 19.083300 seconds (3.95 M allocations: 2.452 GiB, 37.63% gc time)
649
 17.509242 seconds (3.48 M allocations: 2.151 GiB, 41.01% gc time)
959
 20.374319 seconds (4.18 M allocations: 2.637 GiB, 35.24% gc time)
462
 15.509459 seconds (2.50 M allocations: 1.607 GiB, 46.30% gc time)
86
  7.650687 seconds (2.26 M allocations: 1.462 GiB)
22
  7.994004 seconds (2.43 M allocations: 1.555 GiB)
400
 15.677178 seconds (2.82 M allocations: 1.748 GiB, 45.80% gc time)
897
 19.774775 seconds (4.25 M allocations: 2.625 GiB, 36.31% gc time)
271
 18.608810 seconds (3.59 M allocations: 2.271 GiB, 38.59% gc time)
773
  8.753772 seconds (2.91 M allocations: 1.804 GiB)
338
  8.613634 seconds (2.90 M allocations: 1.789 GiB)
713
  7.221823 seconds (2.27 M allocations: 1.433 GiB)
148
  7.892130 seconds (2.63 M allocations: 1.629 GiB)
590
  8.815135 seconds (3.19 M allocations: 1.924 GiB)
526
  8.213076 seconds (2.64 M allocations: 1.657 GiB)
837
  7.976367 seconds (2.57 M allocations: 1.611 GiB)
960
  7.725239 seconds (2.43 M allocations: 1.539 GiB)
87
 10.735688 seconds (3.45 M allocations: 2.168 GiB)
211
  7.841820 seconds (2.55 M allocations: 1.596 GiB)
23
  7.921790 seconds (2.42 M allocations: 1.548 GiB)
898
 11.428805 seconds (3.72 M allocations: 2.326 GiB)
650
 10.297737 seconds (3.07 M allocations: 1.980 GiB)
401
 11.283175 seconds (3.57 M allocations: 2.252 GiB)
463
  7.930364 seconds (2.47 M allocations: 1.568 GiB)
339
  9.609604 seconds (3.05 M allocations: 1.922 GiB)
272
  8.205273 seconds (2.59 M allocations: 1.632 GiB)
149
  8.718863 seconds (2.64 M allocations: 1.691 GiB)
591
  8.363791 seconds (2.44 M allocations: 1.585 GiB)
  8.243822 seconds (2.37 M allocations: 1.548 GiB)
838
527
  7.519727 seconds (2.51 M allocations: 1.553 GiB)
961
 11.562749 seconds (4.00 M allocations: 2.446 GiB)
774
 10.923934 seconds (3.73 M allocations: 2.294 GiB)
714
  7.461068 seconds (2.51 M allocations: 1.549 GiB)
24
  8.314733 seconds (2.86 M allocations: 1.752 GiB)
88
  7.842844 seconds (2.68 M allocations: 1.647 GiB)
899
  8.246437 seconds (2.72 M allocations: 1.691 GiB)
651
 11.187819 seconds (3.56 M allocations: 2.239 GiB)
212
  8.268771 seconds (2.46 M allocations: 1.582 GiB)
273
  8.695943 seconds (2.72 M allocations: 1.718 GiB)
340
  8.174963 seconds (2.58 M allocations: 1.627 GiB)
150
  7.739577 seconds (2.39 M allocations: 1.519 GiB)
592
 10.876827 seconds (3.66 M allocations: 2.259 GiB)
402
 10.823279 seconds (3.48 M allocations: 2.180 GiB)
464
  8.714547 seconds (2.77 M allocations: 1.746 GiB)
839
  8.842064 seconds (2.84 M allocations: 1.784 GiB)
528
  8.783031 seconds (2.92 M allocations: 1.810 GiB)
962
  8.553259 seconds (2.57 M allocations: 1.652 GiB)
25
  8.844431 seconds (2.66 M allocations: 1.709 GiB)
89
 10.158632 seconds (3.08 M allocations: 1.975 GiB)
715
 10.323733 seconds (3.20 M allocations: 2.037 GiB)
775
  8.790769 seconds (2.92 M allocations: 1.812 GiB)
900
  8.883541 seconds (2.93 M allocations: 1.824 GiB)
652
  9.124302 seconds (2.95 M allocations: 1.851 GiB)
213
  9.036849 seconds (2.93 M allocations: 1.834 GiB)
274
  9.018091 seconds (2.92 M allocations: 1.828 GiB)
341
 18.443398 seconds (2.94 M allocations: 1.837 GiB, 51.12% gc time)
151
 18.463144 seconds (2.94 M allocations: 1.840 GiB, 51.06% gc time)
593
 18.470130 seconds (2.94 M allocations: 1.840 GiB, 51.04% gc time)
403
 18.443743 seconds (2.94 M allocations: 1.836 GiB, 51.12% gc time)
465
 18.456052 seconds (2.87 M allocations: 1.805 GiB, 51.08% gc time)
840
 18.448735 seconds (2.85 M allocations: 1.799 GiB, 51.10% gc time)
529
 18.499130 seconds (2.94 M allocations: 1.840 GiB, 50.96% gc time)
963
 18.455656 seconds (2.94 M allocations: 1.833 GiB, 51.08% gc time)
26
 18.467479 seconds (2.77 M allocations: 1.764 GiB, 51.05% gc time)
90
 18.485733 seconds (2.74 M allocations: 1.754 GiB, 51.00% gc time)
716
 18.452909 seconds (2.73 M allocations: 1.751 GiB, 51.09% gc time)
776
 18.510485 seconds (2.94 M allocations: 1.840 GiB, 50.93% gc time)
901
 18.331711 seconds (2.92 M allocations: 1.820 GiB, 51.43% gc time)
653
 17.467611 seconds (2.57 M allocations: 1.612 GiB, 53.97% gc time)
342
  7.102084 seconds (2.34 M allocations: 1.453 GiB)
594
  7.829243 seconds (2.62 M allocations: 1.619 GiB)
152
 19.084898 seconds (3.24 M allocations: 1.999 GiB, 49.40% gc time)
214
 19.609471 seconds (3.43 M allocations: 2.112 GiB, 48.08% gc time)
275
  6.880330 seconds (2.05 M allocations: 1.317 GiB)
964
  7.490060 seconds (2.49 M allocations: 1.539 GiB)
530
  8.356231 seconds (2.78 M allocations: 1.721 GiB)
841
 10.418629 seconds (3.35 M allocations: 2.096 GiB)
466
  7.808313 seconds (2.26 M allocations: 1.468 GiB)
  6.089740 seconds (1.83 M allocations: 1.172 GiB)
717
654
  6.162960 seconds (1.97 M allocations: 1.233 GiB)
343
  6.344006 seconds (1.79 M allocations: 1.172 GiB)
153
  5.977848 seconds (1.62 M allocations: 1.080 GiB)
276
 11.597264 seconds (3.06 M allocations: 2.057 GiB)
  5.882678 seconds (1.52 M allocations: 1.032 GiB)
 15.853648 seconds (4.70 M allocations: 3.027 GiB)
  6.099043 seconds (1.43 M allocations: 1.009 GiB)
965
404
  5.899361 seconds (1.27 M allocations: 951.366 MiB)
 12.549079 seconds (3.69 M allocations: 2.384 GiB)
 12.638208 seconds (3.42 M allocations: 2.277 GiB)
902
531
842
91
27
  5.183312 seconds (1.93 M allocations: 1.150 GiB)
655
  6.233368 seconds (2.11 M allocations: 1.299 GiB)
718
 14.602185 seconds (4.81 M allocations: 2.986 GiB)
777
  6.836309 seconds (2.18 M allocations: 1.368 GiB)
154
  7.913674 seconds (2.52 M allocations: 1.585 GiB)
344
  9.656231 seconds (3.13 M allocations: 1.956 GiB)
467
 13.966265 seconds (4.55 M allocations: 2.836 GiB)
595
 14.125751 seconds (4.66 M allocations: 2.893 GiB)
215
  7.557904 seconds (1.93 M allocations: 1.316 GiB)
843
  7.724145 seconds (2.02 M allocations: 1.364 GiB)
532
  8.109332 seconds (2.22 M allocations: 1.475 GiB)
405
  8.222646 seconds (2.39 M allocations: 1.553 GiB)
966
  8.422806 seconds (2.50 M allocations: 1.615 GiB)
903
  8.165183 seconds (2.45 M allocations: 1.574 GiB)
656
 10.342666 seconds (2.99 M allocations: 1.946 GiB)
277
  8.577775 seconds (2.47 M allocations: 1.608 GiB)
778
  9.068812 seconds (2.75 M allocations: 1.758 GiB)
719
 10.968681 seconds (3.33 M allocations: 2.131 GiB)
92
 11.432227 seconds (3.59 M allocations: 2.271 GiB)
28
  8.345705 seconds (2.51 M allocations: 1.611 GiB)
468
  8.608689 seconds (2.70 M allocations: 1.710 GiB)
345
 10.718048 seconds (2.98 M allocations: 1.972 GiB)
596
  8.045449 seconds (2.39 M allocations: 1.543 GiB)
533
  7.717727 seconds (2.17 M allocations: 1.431 GiB)
406
  8.590200 seconds (2.85 M allocations: 1.772 GiB)
844
 11.757357 seconds (3.88 M allocations: 2.413 GiB)
  8.002748 seconds (2.45 M allocations: 1.563 GiB)
967
155
  8.130208 seconds (2.63 M allocations: 1.646 GiB)
 11.228349 seconds (3.63 M allocations: 2.277 GiB)
904
216
  8.328751 seconds (2.86 M allocations: 1.758 GiB)
657
 22.124287 seconds (2.81 M allocations: 1.708 GiB, 64.28% gc time)
278
 22.771837 seconds (2.89 M allocations: 1.784 GiB, 62.45% gc time)
779
 22.455746 seconds (2.64 M allocations: 1.660 GiB, 63.33% gc time)
720
 23.447546 seconds (2.96 M allocations: 1.859 GiB, 60.65% gc time)
93
 22.436308 seconds (2.59 M allocations: 1.633 GiB, 63.38% gc time)
346
 24.843958 seconds (3.24 M allocations: 2.070 GiB, 57.24% gc time)
29
 24.198526 seconds (3.12 M allocations: 1.973 GiB, 58.77% gc time)
469
 22.508558 seconds (2.59 M allocations: 1.639 GiB, 63.18% gc time)
407
 22.738488 seconds (2.73 M allocations: 1.713 GiB, 62.54% gc time)
534
 22.189117 seconds (2.29 M allocations: 1.490 GiB, 64.09% gc time)
968
 22.625130 seconds (2.52 M allocations: 1.616 GiB, 62.85% gc time)
156
 22.526155 seconds (2.41 M allocations: 1.567 GiB, 63.13% gc time)
217
 22.739444 seconds (2.58 M allocations: 1.651 GiB, 62.54% gc time)
905
 24.992004 seconds (3.81 M allocations: 2.311 GiB, 56.90% gc time)
597
 25.182858 seconds (3.46 M allocations: 2.180 GiB, 56.47% gc time)
845
  8.115515 seconds (2.39 M allocations: 1.543 GiB)
721
  9.260532 seconds (2.84 M allocations: 1.811 GiB)
279
  8.582812 seconds (2.77 M allocations: 1.733 GiB)
780
 11.584998 seconds (3.60 M allocations: 2.283 GiB)
658
  8.389684 seconds (2.75 M allocations: 1.712 GiB)
94
  7.822070 seconds (2.81 M allocations: 1.700 GiB)
347
  7.113106 seconds (2.43 M allocations: 1.496 GiB)
408
  7.383272 seconds (2.42 M allocations: 1.506 GiB)
535
  7.461916 seconds (2.48 M allocations: 1.536 GiB)
969
  8.178629 seconds (2.54 M allocations: 1.613 GiB)
157
  8.378022 seconds (2.47 M allocations: 1.600 GiB)
906
 11.670463 seconds (3.87 M allocations: 2.405 GiB)
30
 11.844991 seconds (3.90 M allocations: 2.430 GiB)
470
  7.398191 seconds (1.99 M allocations: 1.333 GiB)
781
  7.693959 seconds (2.18 M allocations: 1.433 GiB)
280
 10.767556 seconds (3.49 M allocations: 2.184 GiB)
218
  9.327406 seconds (3.12 M allocations: 1.935 GiB)
598
  9.202186 seconds (3.01 M allocations: 1.880 GiB)
722
  8.208157 seconds (2.46 M allocations: 1.582 GiB)
348
  9.063249 seconds (2.73 M allocations: 1.754 GiB)
95
 10.856362 seconds (3.72 M allocations: 2.290 GiB)
846
  7.112570 seconds (2.44 M allocations: 1.502 GiB)
536
  8.463719 seconds (2.89 M allocations: 1.780 GiB)
409
  8.330528 seconds (2.74 M allocations: 1.707 GiB)
970
 12.039397 seconds (3.75 M allocations: 2.381 GiB)
659
  8.209972 seconds (2.86 M allocations: 1.748 GiB)
158
  8.218420 seconds (2.86 M allocations: 1.748 GiB)
907
  8.225217 seconds (2.49 M allocations: 1.597 GiB)
782
  8.505536 seconds (2.67 M allocations: 1.690 GiB)
281
  8.644740 seconds (2.50 M allocations: 1.632 GiB)
599
  7.493196 seconds (2.11 M allocations: 1.392 GiB)
96
  8.621707 seconds (2.55 M allocations: 1.649 GiB)
723
 11.521319 seconds (3.83 M allocations: 2.380 GiB)
31
 10.292388 seconds (3.34 M allocations: 2.092 GiB)
471
  8.429313 seconds (2.76 M allocations: 1.721 GiB)
349
 10.679284 seconds (3.52 M allocations: 2.193 GiB)
219
  8.226105 seconds (2.72 M allocations: 1.692 GiB)
537
 10.568337 seconds (3.23 M allocations: 2.062 GiB)
847
  8.843629 seconds (2.75 M allocations: 1.743 GiB)
971
  9.875081 seconds (3.16 M allocations: 1.986 GiB)
410
  9.163603 seconds (2.82 M allocations: 1.796 GiB)
159
  8.522782 seconds (2.63 M allocations: 1.676 GiB)
908
 10.253962 seconds (3.33 M allocations: 2.083 GiB)
660
  8.694154 seconds (2.77 M allocations: 1.741 GiB)
282
  9.008478 seconds (2.95 M allocations: 1.839 GiB)
783
  9.006405 seconds (2.93 M allocations: 1.829 GiB)
600
  8.791564 seconds (2.82 M allocations: 1.769 GiB)
97
  8.934771 seconds (2.87 M allocations: 1.795 GiB)
724
  9.038464 seconds (2.80 M allocations: 1.780 GiB)
  9.055743 seconds (2.81 M allocations: 1.784 GiB)
32
472
  9.010751 seconds (2.94 M allocations: 1.832 GiB)
350
  9.044357 seconds (2.94 M allocations: 1.836 GiB)
220
  9.007889 seconds (2.94 M allocations: 1.834 GiB)
538
  9.049183 seconds (2.94 M allocations: 1.840 GiB)
848
  9.001357 seconds (2.94 M allocations: 1.835 GiB)
972
  9.103600 seconds (2.95 M allocations: 1.845 GiB)
411
  8.669359 seconds (2.75 M allocations: 1.736 GiB)
160
  8.912654 seconds (2.93 M allocations: 1.823 GiB)
909
 20.412790 seconds (3.07 M allocations: 1.978 GiB, 49.53% gc time)
661
 18.250116 seconds (2.56 M allocations: 1.618 GiB, 55.40% gc time)
601
 17.197689 seconds (2.05 M allocations: 1.335 GiB, 58.79% gc time)
473
 20.158006 seconds (3.18 M allocations: 2.007 GiB, 50.16% gc time)
784
 20.670130 seconds (3.42 M allocations: 2.138 GiB, 48.92% gc time)
283
 18.562189 seconds (2.61 M allocations: 1.660 GiB, 54.47% gc time)
33
 17.684382 seconds (2.25 M allocations: 1.451 GiB, 57.18% gc time)
539
 20.140962 seconds (3.31 M allocations: 2.059 GiB, 50.20% gc time)
725
 16.976010 seconds (2.31 M allocations: 1.428 GiB, 59.56% gc time)
849
 21.837501 seconds (3.87 M allocations: 2.405 GiB, 46.30% gc time)
 16.545557 seconds (2.00 M allocations: 1.269 GiB, 61.11% gc time)
98
161
 17.442982 seconds (2.45 M allocations: 1.516 GiB, 57.97% gc time)
973
 21.957355 seconds (3.77 M allocations: 2.374 GiB, 46.05% gc time)
351
  7.504076 seconds (2.42 M allocations: 1.520 GiB)
910
 22.663360 seconds (3.98 M allocations: 2.508 GiB, 44.61% gc time)
221
  6.733718 seconds (2.43 M allocations: 1.468 GiB)
602
 21.383621 seconds (3.52 M allocations: 2.232 GiB, 47.28% gc time)
412
  8.269614 seconds (2.62 M allocations: 1.655 GiB)
474
  7.585851 seconds (2.41 M allocations: 1.523 GiB)
284
  7.134903 seconds (2.24 M allocations: 1.423 GiB)
34
  8.474310 seconds (3.02 M allocations: 1.835 GiB)
785
  7.768013 seconds (2.68 M allocations: 1.644 GiB)
540
  8.498778 seconds (2.62 M allocations: 1.669 GiB)
850
  7.904943 seconds (2.42 M allocations: 1.545 GiB)
162
  7.900269 seconds (2.36 M allocations: 1.521 GiB)
974
 12.654013 seconds (4.45 M allocations: 2.713 GiB)
662
  8.213265 seconds (2.45 M allocations: 1.581 GiB)
352
  8.645751 seconds (2.64 M allocations: 1.686 GiB)
911
  7.424505 seconds (2.36 M allocations: 1.485 GiB)
603
 12.459525 seconds (4.10 M allocations: 2.554 GiB)
726
 11.177274 seconds (3.50 M allocations: 2.219 GiB)
99
  7.579427 seconds (2.26 M allocations: 1.454 GiB)
35
 10.871205 seconds (3.40 M allocations: 2.152 GiB)
222
  8.616376 seconds (2.49 M allocations: 1.623 GiB)
786
  9.256241 seconds (2.73 M allocations: 1.764 GiB)
285
  7.946334 seconds (2.43 M allocations: 1.552 GiB)
541
  9.710320 seconds (3.25 M allocations: 2.012 GiB)
475
 10.814546 seconds (3.49 M allocations: 2.187 GiB)
413
  8.390203 seconds (2.88 M allocations: 1.768 GiB)
851
  8.305525 seconds (2.73 M allocations: 1.703 GiB)
975
  8.647321 seconds (2.93 M allocations: 1.808 GiB)
163
  9.851834 seconds (3.03 M allocations: 1.929 GiB)
663
  8.888583 seconds (2.84 M allocations: 1.788 GiB)
353
  8.726190 seconds (2.90 M allocations: 1.798 GiB)
912
  9.013232 seconds (2.94 M allocations: 1.835 GiB)
604
  8.665873 seconds (2.84 M allocations: 1.772 GiB)
727
  9.016869 seconds (2.94 M allocations: 1.837 GiB)
100
  9.226478 seconds (2.96 M allocations: 1.860 GiB)
36
  8.712593 seconds (2.88 M allocations: 1.791 GiB)
223
  8.750308 seconds (2.70 M allocations: 1.719 GiB)
286
  9.025536 seconds (2.90 M allocations: 1.822 GiB)
787
  8.943785 seconds (2.80 M allocations: 1.773 GiB)
542
  8.007633 seconds (2.70 M allocations: 1.667 GiB)
414
  9.565439 seconds (3.13 M allocations: 1.952 GiB)
476
  8.751399 seconds (2.91 M allocations: 1.805 GiB)
852
  8.555279 seconds (2.76 M allocations: 1.730 GiB)
164
  8.932374 seconds (2.93 M allocations: 1.825 GiB)
976
  7.967681 seconds (2.70 M allocations: 1.664 GiB)
354
  8.424964 seconds (2.91 M allocations: 1.783 GiB)
664
  7.933008 seconds (2.73 M allocations: 1.675 GiB)
913
  8.585278 seconds (2.90 M allocations: 1.787 GiB)
605
  9.359342 seconds (2.84 M allocations: 1.817 GiB)
101
  9.931684 seconds (3.04 M allocations: 1.938 GiB)
728
  8.993341 seconds (2.90 M allocations: 1.819 GiB)
37
  7.820352 seconds (2.37 M allocations: 1.518 GiB)
788
  8.707581 seconds (2.87 M allocations: 1.788 GiB)
287
 10.658996 seconds (3.38 M allocations: 2.130 GiB)
224
  9.505188 seconds (2.86 M allocations: 1.836 GiB)
415
  8.700403 seconds (2.64 M allocations: 1.689 GiB)
853
  8.284682 seconds (2.43 M allocations: 1.574 GiB)
977
 11.450027 seconds (3.59 M allocations: 2.275 GiB)
543
 11.077820 seconds (3.42 M allocations: 2.177 GiB)
477
  8.729368 seconds (2.68 M allocations: 1.712 GiB)
355
  8.370023 seconds (2.45 M allocations: 1.592 GiB)
665
 19.624934 seconds (2.78 M allocations: 1.753 GiB, 55.28% gc time)
914
 21.157138 seconds (3.46 M allocations: 2.142 GiB, 51.27% gc time)
165
 19.757550 seconds (2.93 M allocations: 1.824 GiB, 54.90% gc time)
606
 18.752050 seconds (2.75 M allocations: 1.682 GiB, 57.85% gc time)
729
 20.192906 seconds (2.97 M allocations: 1.870 GiB, 53.72% gc time)
102
 19.839786 seconds (2.84 M allocations: 1.791 GiB, 54.68% gc time)
38
 19.781311 seconds (2.80 M allocations: 1.771 GiB, 54.84% gc time)
789
 19.980930 seconds (2.95 M allocations: 1.843 GiB, 54.29% gc time)
288
 19.874543 seconds (2.94 M allocations: 1.833 GiB, 54.58% gc time)
225
 19.951103 seconds (2.95 M allocations: 1.843 GiB, 54.37% gc time)
416
 19.460189 seconds (2.67 M allocations: 1.694 GiB, 55.74% gc time)
978
 20.054983 seconds (2.97 M allocations: 1.859 GiB, 54.09% gc time)
854
 19.939889 seconds (2.94 M allocations: 1.840 GiB, 54.40% gc time)
544
 19.903719 seconds (2.76 M allocations: 1.761 GiB, 54.50% gc time)
478
  9.005002 seconds (2.71 M allocations: 1.740 GiB)
356
  9.028111 seconds (2.74 M allocations: 1.756 GiB)
666
  9.007667 seconds (2.94 M allocations: 1.833 GiB)
915
  9.048710 seconds (2.94 M allocations: 1.837 GiB)
166
  9.055010 seconds (2.94 M allocations: 1.836 GiB)
607
  9.011993 seconds (2.94 M allocations: 1.833 GiB)
730
  9.017099 seconds (2.94 M allocations: 1.835 GiB)
103
  9.007922 seconds (2.83 M allocations: 1.789 GiB)
39
  9.031942 seconds (2.84 M allocations: 1.796 GiB)
790
  9.037914 seconds (2.94 M allocations: 1.838 GiB)
289
  9.022515 seconds (2.94 M allocations: 1.836 GiB)
226
  9.064528 seconds (2.86 M allocations: 1.805 GiB)
417
  9.033916 seconds (2.83 M allocations: 1.795 GiB)
979
  9.032665 seconds (2.94 M allocations: 1.836 GiB)
855
  9.049515 seconds (2.94 M allocations: 1.837 GiB)
545
  8.771539 seconds (2.64 M allocations: 1.693 GiB)
667
  8.961011 seconds (2.75 M allocations: 1.751 GiB)
357
  9.318867 seconds (3.04 M allocations: 1.894 GiB)
479
  9.521662 seconds (2.99 M allocations: 1.888 GiB)
916
  9.239586 seconds (2.85 M allocations: 1.813 GiB)
167
  9.133090 seconds (2.95 M allocations: 1.845 GiB)
608
  8.702314 seconds (2.90 M allocations: 1.795 GiB)
731
  8.776008 seconds (2.91 M allocations: 1.805 GiB)
104
  8.140292 seconds (2.60 M allocations: 1.634 GiB)
791
  9.068376 seconds (2.99 M allocations: 1.858 GiB)
40
  7.929671 seconds (2.69 M allocations: 1.656 GiB)
227
  7.996935 seconds (2.56 M allocations: 1.609 GiB)
980
  7.881204 seconds (2.55 M allocations: 1.596 GiB)
856
 10.196706 seconds (3.42 M allocations: 2.110 GiB)
290
  8.516245 seconds (2.75 M allocations: 1.721 GiB)
546
 10.249531 seconds (3.33 M allocations: 2.078 GiB)
418
  8.454136 seconds (2.76 M allocations: 1.722 GiB)
668
  8.413613 seconds (2.77 M allocations: 1.723 GiB)
358
 10.351865 seconds (3.08 M allocations: 1.985 GiB)
480
  9.091183 seconds (2.66 M allocations: 1.727 GiB)
609
 10.222299 seconds (3.09 M allocations: 1.982 GiB)
917
  9.121947 seconds (2.71 M allocations: 1.748 GiB)
732
 10.393705 seconds (3.31 M allocations: 2.083 GiB)
168
  9.055133 seconds (2.83 M allocations: 1.791 GiB)
792
  9.019810 seconds (2.81 M allocations: 1.780 GiB)
105
  8.713680 seconds (2.90 M allocations: 1.798 GiB)
41
  8.511377 seconds (2.89 M allocations: 1.777 GiB)
228
  8.941931 seconds (2.93 M allocations: 1.827 GiB)
981
  8.853953 seconds (2.89 M allocations: 1.803 GiB)
857
  9.464843 seconds (2.99 M allocations: 1.887 GiB)
291
  6.675786 seconds (2.03 M allocations: 1.296 GiB)
610
  6.699842 seconds (1.87 M allocations: 1.234 GiB)
733
  6.493326 seconds (1.62 M allocations: 1.118 GiB)
793
 11.112686 seconds (3.08 M allocations: 2.040 GiB)
359
  5.615400 seconds (1.43 M allocations: 1003.094 MiB)
229
 11.998736 seconds (3.82 M allocations: 2.406 GiB)
547
  7.113677 seconds (2.12 M allocations: 1.370 GiB)
106
  6.636026 seconds (1.99 M allocations: 1.283 GiB)
42
 12.721110 seconds (4.03 M allocations: 2.542 GiB)
669
 13.031916 seconds (4.26 M allocations: 2.657 GiB)
419
  6.546834 seconds (2.24 M allocations: 1.376 GiB)
982
 10.453854 seconds (3.50 M allocations: 2.168 GiB)
918
  6.376779 seconds (2.33 M allocations: 1.401 GiB)
858
 19.419727 seconds (3.97 M allocations: 2.504 GiB, 35.37% gc time)
169
 13.206582 seconds (2.29 M allocations: 1.383 GiB, 52.01% gc time)
611
 12.994156 seconds (2.20 M allocations: 1.329 GiB, 52.86% gc time)
794
 22.562512 seconds (5.21 M allocations: 3.232 GiB, 30.44% gc time)
481
 13.120033 seconds (1.78 M allocations: 1.164 GiB, 52.35% gc time)
43
 13.383582 seconds (1.95 M allocations: 1.255 GiB, 51.32% gc time)
107
 13.845866 seconds (2.27 M allocations: 1.419 GiB, 49.60% gc time)
548
 18.425863 seconds (3.87 M allocations: 2.396 GiB, 37.28% gc time)
292
 13.326846 seconds (1.82 M allocations: 1.197 GiB, 51.54% gc time)
 13.398618 seconds (1.92 M allocations: 1.241 GiB, 51.26% gc time)
919
983
 18.108326 seconds (3.97 M allocations: 2.415 GiB, 37.93% gc time)
734
 16.445279 seconds (3.45 M allocations: 2.085 GiB, 41.76% gc time)
360
 15.146289 seconds (2.46 M allocations: 1.587 GiB, 45.35% gc time)
859
 19.007897 seconds (4.03 M allocations: 2.500 GiB, 36.13% gc time)
230
 17.738543 seconds (3.41 M allocations: 2.158 GiB, 38.72% gc time)
670
  8.549440 seconds (2.63 M allocations: 1.676 GiB)
612
  8.884311 seconds (2.79 M allocations: 1.767 GiB)
170
 19.177656 seconds (3.80 M allocations: 2.415 GiB, 35.81% gc time)
420
  8.486933 seconds (2.89 M allocations: 1.778 GiB)
795
  7.158196 seconds (2.25 M allocations: 1.425 GiB)
549
  8.464934 seconds (2.79 M allocations: 1.735 GiB)
44
  8.855257 seconds (2.92 M allocations: 1.818 GiB)
108
  8.277720 seconds (2.46 M allocations: 1.588 GiB)
920
  8.344682 seconds (2.50 M allocations: 1.607 GiB)
984
 10.990783 seconds (3.67 M allocations: 2.272 GiB)
482
  8.304677 seconds (2.56 M allocations: 1.631 GiB)
361
 11.279650 seconds (3.58 M allocations: 2.256 GiB)
293
 10.748149 seconds (3.14 M allocations: 2.039 GiB)
735
  8.691516 seconds (2.77 M allocations: 1.747 GiB)
231
 10.812294 seconds (3.26 M allocations: 2.094 GiB)
860
  7.911873 seconds (2.51 M allocations: 1.584 GiB)
171
  8.780500 seconds (2.96 M allocations: 1.830 GiB)
671
  8.516119 seconds (2.92 M allocations: 1.795 GiB)
613
  8.015525 seconds (2.57 M allocations: 1.618 GiB)
550
  7.550677 seconds (2.52 M allocations: 1.564 GiB)
45
  8.143945 seconds (2.59 M allocations: 1.632 GiB)
109
  9.367065 seconds (3.03 M allocations: 1.903 GiB)
796
  7.247614 seconds (2.54 M allocations: 1.551 GiB)
921
 10.909613 seconds (3.81 M allocations: 2.331 GiB)
421
  8.696605 seconds (2.91 M allocations: 1.806 GiB)
985
  8.593812 seconds (2.77 M allocations: 1.738 GiB)
362
  9.982667 seconds (3.14 M allocations: 1.987 GiB)
483
  9.885504 seconds (3.03 M allocations: 1.939 GiB)
294
  8.058073 seconds (2.12 M allocations: 1.433 GiB)
614
  7.626949 seconds (2.12 M allocations: 1.405 GiB)
  9.096899 seconds (2.75 M allocations: 1.765 GiB)
551
861
  8.049992 seconds (2.31 M allocations: 1.512 GiB)
46
 10.378760 seconds (3.49 M allocations: 2.161 GiB)
232
  7.347838 seconds (2.14 M allocations: 1.397 GiB)
110
  7.243206 seconds (2.16 M allocations: 1.395 GiB)
922
 10.817207 seconds (3.60 M allocations: 2.237 GiB)
172
 10.928865 seconds (3.54 M allocations: 2.220 GiB)
672
  7.126127 seconds (2.35 M allocations: 1.466 GiB)
986
 12.713001 seconds (4.55 M allocations: 2.765 GiB)
736
  9.775664 seconds (3.30 M allocations: 2.041 GiB)
797
  8.097035 seconds (2.59 M allocations: 1.632 GiB)
 10.404115 seconds (3.09 M allocations: 2.001 GiB)
422
363
  5.616576 seconds (1.73 M allocations: 1.103 GiB)
111
  4.943647 seconds (1.34 M allocations: 916.623 MiB)
673
  5.906711 seconds (1.72 M allocations: 1.121 GiB)
923
  6.794842 seconds (2.33 M allocations: 1.435 GiB)
47
 18.196573 seconds (1.59 M allocations: 1.018 GiB, 71.16% gc time)
987
 21.294783 seconds (3.07 M allocations: 1.847 GiB, 60.81% gc time)
552
 22.415792 seconds (3.53 M allocations: 2.116 GiB, 57.77% gc time)
615
 22.950126 seconds (3.77 M allocations: 2.253 GiB, 56.42% gc time)
295
 19.936337 seconds (2.19 M allocations: 1.388 GiB, 64.95% gc time)
737
 23.364220 seconds (3.75 M allocations: 2.270 GiB, 55.42% gc time)
862
 23.538036 seconds (3.42 M allocations: 2.145 GiB, 55.01% gc time)
233
 28.169643 seconds (5.06 M allocations: 3.145 GiB, 45.97% gc time)
484
 19.670791 seconds (2.26 M allocations: 1.395 GiB, 65.83% gc time)
798
 20.306557 seconds (2.56 M allocations: 1.564 GiB, 63.77% gc time)
364
  6.480684 seconds (2.04 M allocations: 1.293 GiB)
674
  6.334705 seconds (1.86 M allocations: 1.205 GiB)
553
  6.826813 seconds (2.07 M allocations: 1.328 GiB)
988
  5.629209 seconds (1.77 M allocations: 1.122 GiB)
296
  9.551274 seconds (2.93 M allocations: 1.871 GiB)
924
 28.359118 seconds (4.81 M allocations: 3.052 GiB, 45.66% gc time)
173
 24.195608 seconds (3.70 M allocations: 2.304 GiB, 53.52% gc time)
112
 25.272871 seconds (4.16 M allocations: 2.569 GiB, 51.24% gc time)
423
  7.157713 seconds (2.21 M allocations: 1.408 GiB)
234
 10.385579 seconds (3.12 M allocations: 2.006 GiB)
616
 12.138111 seconds (3.93 M allocations: 2.460 GiB)
48
  9.532309 seconds (2.99 M allocations: 1.893 GiB)
863
  7.892299 seconds (2.55 M allocations: 1.597 GiB)
799
  8.162047 seconds (2.58 M allocations: 1.627 GiB)
365
 11.684417 seconds (3.70 M allocations: 2.332 GiB)
738
  8.204012 seconds (2.72 M allocations: 1.688 GiB)
675
  8.683095 seconds (2.66 M allocations: 1.698 GiB)
989
  8.788657 seconds (2.68 M allocations: 1.714 GiB)
554
  9.191299 seconds (2.82 M allocations: 1.798 GiB)
297
 11.327232 seconds (3.79 M allocations: 2.348 GiB)
485
  6.607965 seconds (2.36 M allocations: 1.432 GiB)
113
  6.785151 seconds (2.04 M allocations: 1.314 GiB)
49
  6.621018 seconds (2.03 M allocations: 1.295 GiB)
864
 10.185570 seconds (3.46 M allocations: 2.133 GiB)
925
  9.905991 seconds (3.39 M allocations: 2.084 GiB)
174
  9.836670 seconds (3.30 M allocations: 2.041 GiB)
424
  9.056787 seconds (2.98 M allocations: 1.860 GiB)
617
  9.860425 seconds (3.33 M allocations: 2.058 GiB)
235
  8.661935 seconds (2.74 M allocations: 1.730 GiB)
366
  9.626297 seconds (3.14 M allocations: 1.958 GiB)
800
  9.233575 seconds (2.96 M allocations: 1.858 GiB)
739
  8.498771 seconds (2.62 M allocations: 1.665 GiB)
555
  9.847651 seconds (3.10 M allocations: 1.957 GiB)
676
  8.801966 seconds (2.85 M allocations: 1.783 GiB)
990
  8.936684 seconds (2.85 M allocations: 1.791 GiB)
298
  9.306907 seconds (2.97 M allocations: 1.864 GiB)
486
  8.935933 seconds (2.80 M allocations: 1.772 GiB)
114
  8.163841 seconds (2.45 M allocations: 1.571 GiB)
175
  9.397953 seconds (3.08 M allocations: 1.919 GiB)
50
  8.874487 seconds (2.88 M allocations: 1.801 GiB)
926
  9.851737 seconds (3.29 M allocations: 2.037 GiB)
865
  8.536927 seconds (2.72 M allocations: 1.712 GiB)
618
  9.419990 seconds (2.98 M allocations: 1.881 GiB)
425
  8.764627 seconds (2.80 M allocations: 1.763 GiB)
236
  9.192949 seconds (2.96 M allocations: 1.860 GiB)
367
  9.018921 seconds (2.87 M allocations: 1.812 GiB)
801
  9.038334 seconds (2.95 M allocations: 1.844 GiB)
740
  9.162365 seconds (2.91 M allocations: 1.837 GiB)
556
  9.055177 seconds (2.77 M allocations: 1.774 GiB)
677
  9.032855 seconds (2.82 M allocations: 1.794 GiB)
991
  9.038933 seconds (2.95 M allocations: 1.845 GiB)
299
  9.064463 seconds (2.83 M allocations: 1.798 GiB)
487
  9.038854 seconds (2.82 M allocations: 1.792 GiB)
115
  9.082314 seconds (2.92 M allocations: 1.834 GiB)
176
  9.036699 seconds (2.88 M allocations: 1.816 GiB)
51
  9.043552 seconds (2.95 M allocations: 1.842 GiB)
927
  9.029427 seconds (2.92 M allocations: 1.829 GiB)
866
  9.058163 seconds (2.92 M allocations: 1.834 GiB)
619
  9.017353 seconds (2.83 M allocations: 1.791 GiB)
426
  9.005399 seconds (2.82 M allocations: 1.786 GiB)
237
  9.041989 seconds (2.87 M allocations: 1.809 GiB)
368
  9.047797 seconds (2.87 M allocations: 1.808 GiB)
802
  9.029762 seconds (2.94 M allocations: 1.834 GiB)
741
  9.038017 seconds (2.77 M allocations: 1.766 GiB)
557
  9.030123 seconds (2.74 M allocations: 1.755 GiB)
678
 17.197262 seconds (2.92 M allocations: 1.841 GiB, 46.20% gc time)
992
 17.469188 seconds (2.99 M allocations: 1.888 GiB, 45.48% gc time)
300
 15.401891 seconds (2.36 M allocations: 1.487 GiB, 51.59% gc time)
52
 15.163662 seconds (2.24 M allocations: 1.419 GiB, 52.40% gc time)
928
 15.164945 seconds (2.21 M allocations: 1.410 GiB, 52.39% gc time)
620
 14.996860 seconds (2.06 M allocations: 1.338 GiB, 52.98% gc time)
238
 19.436543 seconds (3.60 M allocations: 2.276 GiB, 40.88% gc time)
488
 19.648520 seconds (3.66 M allocations: 2.313 GiB, 40.44% gc time)
116
 13.652897 seconds (1.96 M allocations: 1.200 GiB, 58.20% gc time)
803
 13.417345 seconds (1.86 M allocations: 1.145 GiB, 59.22% gc time)
742
  5.417818 seconds (1.99 M allocations: 1.195 GiB)
558
  4.702005 seconds (1.42 M allocations: 931.628 MiB)
929
  5.305083 seconds (1.63 M allocations: 1.039 GiB)
53
  4.922042 seconds (1.58 M allocations: 1012.123 MiB)
621
 20.963576 seconds (4.27 M allocations: 2.656 GiB, 37.90% gc time)
867
 22.511319 seconds (4.92 M allocations: 3.031 GiB, 35.30% gc time)
177
  5.509944 seconds (1.83 M allocations: 1.134 GiB)
239
  5.168592 seconds (1.51 M allocations: 1002.829 MiB)
743
  5.313420 seconds (1.59 M allocations: 1.022 GiB)
804
  5.668299 seconds (1.65 M allocations: 1.072 GiB)
559
  5.179372 seconds (1.60 M allocations: 1.017 GiB)
930
 24.144573 seconds (5.17 M allocations: 3.246 GiB, 32.91% gc time)
427
  5.665747 seconds (1.79 M allocations: 1.127 GiB)
54
  6.240278 seconds (1.85 M allocations: 1.191 GiB)
622
 24.370862 seconds (5.37 M allocations: 3.345 GiB, 32.60% gc time)
369
 15.128218 seconds (4.88 M allocations: 3.056 GiB)
679
 14.220746 seconds (4.66 M allocations: 2.903 GiB)
301
 11.941904 seconds (3.51 M allocations: 2.269 GiB)
117
  7.389389 seconds (2.16 M allocations: 1.402 GiB)
240
 15.799470 seconds (5.26 M allocations: 3.260 GiB)
993
 12.405733 seconds (3.96 M allocations: 2.489 GiB)
489
  7.665437 seconds (2.40 M allocations: 1.519 GiB)
805
  7.781762 seconds (2.49 M allocations: 1.566 GiB)
744
 10.558432 seconds (3.49 M allocations: 2.167 GiB)
868
  8.709846 seconds (2.77 M allocations: 1.744 GiB)
560
 10.981865 seconds (3.53 M allocations: 2.213 GiB)
178
  8.835141 seconds (2.92 M allocations: 1.813 GiB)
931
  9.023680 seconds (2.94 M allocations: 1.836 GiB)
428
  8.724722 seconds (2.86 M allocations: 1.781 GiB)
55
  8.526838 seconds (2.89 M allocations: 1.779 GiB)
623
  8.844245 seconds (2.92 M allocations: 1.815 GiB)
370
  8.904920 seconds (2.79 M allocations: 1.764 GiB)
302
  9.445912 seconds (3.00 M allocations: 1.891 GiB)
680
  9.073800 seconds (2.78 M allocations: 1.768 GiB)
118
  9.037894 seconds (2.71 M allocations: 1.738 GiB)
241
  9.000687 seconds (2.66 M allocations: 1.719 GiB)
994
  9.051531 seconds (2.79 M allocations: 1.773 GiB)
490
  8.874679 seconds (2.79 M allocations: 1.765 GiB)
806
  9.938066 seconds (3.03 M allocations: 1.935 GiB)
745
  8.024653 seconds (2.70 M allocations: 1.666 GiB)
561
  7.880356 seconds (2.28 M allocations: 1.483 GiB)
56
  9.660193 seconds (2.93 M allocations: 1.875 GiB)
179
  7.238733 seconds (2.28 M allocations: 1.439 GiB)
624
 11.181553 seconds (3.70 M allocations: 2.296 GiB)
869
 10.538316 seconds (3.36 M allocations: 2.115 GiB)
932
  6.626965 seconds (2.18 M allocations: 1.357 GiB)
681
  6.994547 seconds (2.45 M allocations: 1.496 GiB)
303
  7.391254 seconds (2.25 M allocations: 1.437 GiB)
242
 16.416336 seconds (2.37 M allocations: 1.497 GiB, 53.98% gc time)
119
 16.232945 seconds (2.19 M allocations: 1.413 GiB, 54.59% gc time)
995
 20.790098 seconds (4.12 M allocations: 2.521 GiB, 42.62% gc time)
429
 16.723929 seconds (2.55 M allocations: 1.594 GiB, 52.98% gc time)
807
 20.349132 seconds (4.00 M allocations: 2.441 GiB, 43.55% gc time)
371
 18.689501 seconds (3.16 M allocations: 1.980 GiB, 47.41% gc time)
491
 16.479285 seconds (2.27 M allocations: 1.460 GiB, 53.77% gc time)
625
 16.969038 seconds (2.64 M allocations: 1.646 GiB, 52.22% gc time)
57
 19.148368 seconds (3.20 M allocations: 2.033 GiB, 46.28% gc time)
562
 20.012448 seconds (3.56 M allocations: 2.238 GiB, 44.28% gc time)
746
 18.945174 seconds (3.05 M allocations: 1.953 GiB, 46.77% gc time)
180
 18.445364 seconds (2.99 M allocations: 1.896 GiB, 48.04% gc time)
 17.560087 seconds (2.68 M allocations: 1.704 GiB, 50.46% gc time)
870
682
 17.876678 seconds (2.80 M allocations: 1.778 GiB, 49.57% gc time)
304
 18.285740 seconds (3.03 M allocations: 1.900 GiB, 48.46% gc time)
933
  9.028437 seconds (2.79 M allocations: 1.776 GiB)
243
  9.008229 seconds (2.75 M allocations: 1.756 GiB)
120
  9.007618 seconds (2.77 M allocations: 1.768 GiB)
996
  8.997725 seconds (2.94 M allocations: 1.834 GiB)
430
  9.008635 seconds (2.94 M allocations: 1.833 GiB)
808
  8.799668 seconds (2.92 M allocations: 1.812 GiB)
372
  8.711366 seconds (2.91 M allocations: 1.803 GiB)
492
  7.632075 seconds (2.39 M allocations: 1.514 GiB)
747
  9.268264 seconds (3.10 M allocations: 1.919 GiB)
626
 10.010704 seconds (3.04 M allocations: 1.946 GiB)
563
 10.702685 seconds (3.37 M allocations: 2.129 GiB)
58
  6.976653 seconds (1.89 M allocations: 1.264 GiB)
244
  7.978526 seconds (2.32 M allocations: 1.511 GiB)
934
  8.812815 seconds (2.77 M allocations: 1.750 GiB)
305
  7.549538 seconds (2.13 M allocations: 1.401 GiB)
  9.834703 seconds (3.30 M allocations: 2.045 GiB)
997
181
  8.349354 seconds (2.64 M allocations: 1.667 GiB)
121
 10.435942 seconds (3.58 M allocations: 2.196 GiB)
683
 10.734844 seconds (3.79 M allocations: 2.302 GiB)
871
  8.012686 seconds (2.43 M allocations: 1.557 GiB)
  8.405070 seconds (2.61 M allocations: 1.656 GiB)
493
373
  9.839919 seconds (3.08 M allocations: 1.954 GiB)
431
  9.896130 seconds (3.30 M allocations: 2.046 GiB)
809
  8.989934 seconds (2.94 M allocations: 1.834 GiB)
748
  9.010610 seconds (2.94 M allocations: 1.834 GiB)
627
  9.069970 seconds (2.94 M allocations: 1.839 GiB)
564
  9.021122 seconds (2.94 M allocations: 1.834 GiB)
59
  9.007287 seconds (2.83 M allocations: 1.789 GiB)
245
  9.009587 seconds (2.83 M allocations: 1.790 GiB)
935
  8.985521 seconds (2.69 M allocations: 1.730 GiB)
306
  9.018511 seconds (2.70 M allocations: 1.736 GiB)
  9.029910 seconds (2.70 M allocations: 1.740 GiB)
182
998
  9.092508 seconds (2.91 M allocations: 1.828 GiB)
122
  9.057954 seconds (2.88 M allocations: 1.816 GiB)
684
  9.102941 seconds (2.95 M allocations: 1.847 GiB)
872
  8.843533 seconds (2.69 M allocations: 1.720 GiB)
494
  9.028125 seconds (2.80 M allocations: 1.778 GiB)
374
  9.076512 seconds (2.88 M allocations: 1.815 GiB)
432
  9.086194 seconds (2.94 M allocations: 1.840 GiB)
810
  9.057445 seconds (2.94 M allocations: 1.838 GiB)
749
  9.028031 seconds (2.93 M allocations: 1.833 GiB)
628
  9.056943 seconds (2.94 M allocations: 1.836 GiB)
565
  9.028581 seconds (2.94 M allocations: 1.833 GiB)
60
  9.042674 seconds (2.84 M allocations: 1.791 GiB)
246
  9.036166 seconds (2.83 M allocations: 1.787 GiB)
936
  9.019806 seconds (2.74 M allocations: 1.751 GiB)
307
  9.034579 seconds (2.71 M allocations: 1.739 GiB)
  9.037867 seconds (2.71 M allocations: 1.741 GiB)
183
999
  8.983918 seconds (2.87 M allocations: 1.803 GiB)
123
  9.014299 seconds (2.90 M allocations: 1.813 GiB)
685
  9.054034 seconds (2.94 M allocations: 1.833 GiB)
873
  8.993084 seconds (2.87 M allocations: 1.801 GiB)
495
  9.040018 seconds (2.83 M allocations: 1.788 GiB)
375
  9.025133 seconds (2.86 M allocations: 1.803 GiB)
433
  9.030934 seconds (2.94 M allocations: 1.833 GiB)
811
 18.894296 seconds (2.90 M allocations: 1.798 GiB, 53.74% gc time)
750
 18.868108 seconds (2.90 M allocations: 1.797 GiB, 53.81% gc time)
629
 17.827905 seconds (2.42 M allocations: 1.523 GiB, 56.95% gc time)
247
 17.463375 seconds (2.09 M allocations: 1.363 GiB, 58.14% gc time)
1000
 17.749397 seconds (2.29 M allocations: 1.467 GiB, 57.20% gc time)
308
 17.000644 seconds (1.91 M allocations: 1.258 GiB, 59.72% gc time)
874
 16.494196 seconds (1.65 M allocations: 1.118 GiB, 61.55% gc time)
376
 17.061348 seconds (2.01 M allocations: 1.303 GiB, 59.51% gc time)
496
 20.441892 seconds (3.07 M allocations: 1.977 GiB, 49.67% gc time)
184
  6.060560 seconds (1.70 M allocations: 1.119 GiB)
751
 23.569012 seconds (4.44 M allocations: 2.757 GiB, 43.08% gc time)
566
  6.314101 seconds (1.79 M allocations: 1.177 GiB)
 23.071939 seconds (4.09 M allocations: 2.576 GiB, 44.01% gc time)
937
 23.622017 seconds (4.46 M allocations: 2.767 GiB, 42.98% gc time)
61
  6.086291 seconds (1.97 M allocations: 1.233 GiB)
248
  5.779568 seconds (1.79 M allocations: 1.137 GiB)
309
  5.989504 seconds (1.94 M allocations: 1.214 GiB)
1001
 23.911444 seconds (4.33 M allocations: 2.732 GiB, 42.46% gc time)
124
 10.899839 seconds (3.31 M allocations: 2.116 GiB)
812
 23.847983 seconds (4.31 M allocations: 2.723 GiB, 42.57% gc time)
686
  6.401162 seconds (2.33 M allocations: 1.403 GiB)
875
 23.070603 seconds (4.14 M allocations: 2.597 GiB, 44.01% gc time)
434
  6.600571 seconds (2.42 M allocations: 1.452 GiB)
497
  7.146434 seconds (2.71 M allocations: 1.611 GiB)
377
  8.510198 seconds (2.75 M allocations: 1.721 GiB)
185
  7.911495 seconds (2.69 M allocations: 1.652 GiB)
752
  7.074093 seconds (2.19 M allocations: 1.389 GiB)
249
  7.780993 seconds (2.18 M allocations: 1.435 GiB)
310
  6.933067 seconds (1.65 M allocations: 1.160 GiB)
876
  7.253901 seconds (1.83 M allocations: 1.258 GiB)
687
  7.367202 seconds (1.94 M allocations: 1.312 GiB)
813
  6.884915 seconds (1.92 M allocations: 1.266 GiB)
435
 10.672145 seconds (3.70 M allocations: 2.263 GiB)
567
 10.557104 seconds (3.57 M allocations: 2.201 GiB)
938
  9.467409 seconds (2.95 M allocations: 1.871 GiB)
125
  7.940968 seconds (2.31 M allocations: 1.504 GiB)
498
 11.597273 seconds (3.96 M allocations: 2.435 GiB)
62
  8.069770 seconds (2.56 M allocations: 1.616 GiB)
378
 11.645844 seconds (4.02 M allocations: 2.462 GiB)
  7.443318 seconds (2.51 M allocations: 1.553 GiB)
186
  7.477963 seconds (2.51 M allocations: 1.555 GiB)
753
  7.533741 seconds (2.39 M allocations: 1.507 GiB)
311
  7.522621 seconds (2.31 M allocations: 1.472 GiB)
877
  9.335653 seconds (2.98 M allocations: 1.875 GiB)
250
  7.809742 seconds (2.29 M allocations: 1.486 GiB)
814
  7.575297 seconds (2.39 M allocations: 1.511 GiB)
436
  7.174704 seconds (2.18 M allocations: 1.395 GiB)
939
  6.979289 seconds (2.12 M allocations: 1.358 GiB)
126
  6.770164 seconds (1.90 M allocations: 1.255 GiB)
  9.764411 seconds (3.19 M allocations: 1.992 GiB)
688
  7.866496 seconds (2.31 M allocations: 1.498 GiB)
499
  9.421728 seconds (3.03 M allocations: 1.903 GiB)
  9.162931 seconds (2.55 M allocations: 1.687 GiB)
63
  7.138989 seconds (2.21 M allocations: 1.410 GiB)
187
  6.936182 seconds (2.19 M allocations: 1.387 GiB)
  5.788039 seconds (1.81 M allocations: 1.147 GiB)
  6.213271 seconds (1.99 M allocations: 1.252 GiB)
312
  6.197321 seconds (959.98 k allocations: 802.684 MiB)
  5.179543 seconds (778.28 k allocations: 680.638 MiB)
  7.070866 seconds (1.20 M allocations: 965.967 MiB)
  4.722774 seconds (371.48 k allocations: 413.433 MiB)
  6.197933 seconds (1.58 M allocations: 1.084 GiB)
689
815188

  6.276177 seconds (1.43 M allocations: 1.022 GiB)
  5.577207 seconds (566.41 k allocations: 537.509 MiB)
  7.352376 seconds (1.67 M allocations: 1.183 GiB)
437
251
  5.720592 seconds (1.26 M allocations: 941.239 MiB)
500
  8.973099 seconds (434.42 k allocations: 456.352 MiB, 51.11% gc time)
  4.416739 seconds (413.89 k allocations: 449.995 MiB)
438
  4.511019 seconds (403.19 k allocations: 448.881 MiB)
501
  4.505972 seconds (423.17 k allocations: 457.780 MiB)
  9.091787 seconds (446.23 k allocations: 467.616 MiB, 50.44% gc time)
  4.512084 seconds (411.38 k allocations: 452.762 MiB)
  9.101784 seconds (830.13 k allocations: 629.910 MiB, 50.38% gc time)
690
252
189
313
  4.464245 seconds (451.27 k allocations: 428.176 MiB)
502
  4.465964 seconds (376.77 k allocations: 398.264 MiB)
691
  4.471070 seconds (381.67 k allocations: 401.371 MiB)
  4.476070 seconds (395.44 k allocations: 407.646 MiB)
314
  4.480032 seconds (406.67 k allocations: 413.585 MiB)
439
  4.481197 seconds (415.18 k allocations: 417.836 MiB)
  4.319511 seconds (315.24 k allocations: 290.324 MiB)
503
  4.318513 seconds (274.84 k allocations: 274.065 MiB)
  4.329902 seconds (283.13 k allocations: 278.356 MiB)
315
  4.515428 seconds (505.26 k allocations: 376.789 MiB)
440
  4.341736 seconds (341.65 k allocations: 262.708 MiB)
504
  4.343964 seconds (342.53 k allocations: 263.466 MiB)
  4.516592 seconds (306.92 k allocations: 248.891 MiB)
441
  4.339015 seconds (249.71 k allocations: 185.110 MiB)
  4.350657 seconds (110.52 k allocations: 123.037 MiB)
