Graph 1 is connected.
Graph 2 is connected.
Graph 3 is connected.
Graph 4 is connected.
Graph 5 is connected.
Graph 6 is connected.
Graph 7 is connected.
Graph 8 is connected.
Graph 9 is connected.
Graph 10 is connected.
Graph 11 is connected.
Matrix 1 normalized.
Matrix 2 normalized.
Matrix 3 normalized.
Matrix 4 normalized.
Matrix 5 normalized.
Matrix 6 normalized.
Matrix 7 normalized.
Matrix 8 normalized.
Matrix 9 normalized.
Matrix 10 normalized.
Matrix 11 normalized.
Number of threads: 20
402
652
1
752
102
452252

952
552
502
352
852
802
602
152
702
302
202
902
52
  7.686928 seconds (1.55 M allocations: 1.242 GiB, 21.76% gc time)
53
  8.394528 seconds (1.36 M allocations: 1.237 GiB, 19.93% gc time, 1.05% compilation time)
553
  8.600895 seconds (1.34 M allocations: 1.252 GiB, 19.45% gc time, 1.03% compilation time)
303
  8.747290 seconds (1.67 M allocations: 1.399 GiB, 19.12% gc time, 1.01% compilation time)
653
  8.806199 seconds (1.70 M allocations: 1.419 GiB, 19.00% gc time, 1.00% compilation time)
603
  8.789707 seconds (1.56 M allocations: 1.364 GiB, 19.03% gc time, 1.00% compilation time)
253
  8.809267 seconds (1.61 M allocations: 1.388 GiB, 18.99% gc time, 1.00% compilation time)
703
 11.141054 seconds (2.08 M allocations: 1.621 GiB, 31.80% gc time, 0.79% compilation time)
203
 11.346769 seconds (2.40 M allocations: 1.771 GiB, 31.23% gc time, 0.78% compilation time)
453
 11.263431 seconds (2.19 M allocations: 1.682 GiB, 31.46% gc time, 0.78% compilation time)
903
 11.476895 seconds (2.82 M allocations: 1.955 GiB, 30.87% gc time, 0.77% compilation time)
2
 11.367038 seconds (2.35 M allocations: 1.760 GiB, 31.17% gc time, 0.78% compilation time)
403
 11.532809 seconds (2.56 M allocations: 1.863 GiB, 30.72% gc time, 0.76% compilation time)
 11.557381 seconds (2.61 M allocations: 1.885 GiB, 30.66% gc time, 0.76% compilation time)
 11.621920 seconds (2.80 M allocations: 1.968 GiB, 30.49% gc time, 0.76% compilation time)
103
803
503
 11.692155 seconds (2.94 M allocations: 2.033 GiB, 30.30% gc time, 0.75% compilation time)
753
 11.795256 seconds (3.17 M allocations: 2.138 GiB, 30.04% gc time, 0.75% compilation time)
153
 12.005637 seconds (3.53 M allocations: 2.310 GiB, 29.51% gc time, 0.73% compilation time)
353
 12.048591 seconds (3.59 M allocations: 2.340 GiB, 29.41% gc time, 0.73% compilation time)
853
 12.194713 seconds (3.78 M allocations: 2.432 GiB, 29.05% gc time, 0.72% compilation time)
953
 10.708118 seconds (2.81 M allocations: 1.767 GiB, 43.63% gc time)
654
 11.009284 seconds (2.99 M allocations: 1.874 GiB, 42.44% gc time)
604
 12.010193 seconds (3.75 M allocations: 2.287 GiB, 38.90% gc time)
554
 12.840302 seconds (4.10 M allocations: 2.516 GiB, 36.39% gc time)
54
 11.901250 seconds (3.42 M allocations: 2.144 GiB, 39.26% gc time)
304
  9.873862 seconds (3.22 M allocations: 2.046 GiB, 28.38% gc time)
204
  9.394468 seconds (1.86 M allocations: 1.437 GiB, 29.83% gc time)
354
 10.151998 seconds (2.93 M allocations: 1.950 GiB, 27.60% gc time)
904
 10.001783 seconds (2.53 M allocations: 1.772 GiB, 28.01% gc time)
754
 10.296265 seconds (2.97 M allocations: 1.984 GiB, 27.21% gc time)
404
 10.321046 seconds (2.95 M allocations: 1.981 GiB, 27.15% gc time)
104
  9.999866 seconds (2.52 M allocations: 1.771 GiB, 28.02% gc time)
854
 10.728735 seconds (3.74 M allocations: 2.345 GiB, 26.12% gc time)
454
 10.646153 seconds (3.48 M allocations: 2.229 GiB, 26.32% gc time)
3
 11.482265 seconds (4.76 M allocations: 2.846 GiB, 24.40% gc time)
254
 11.913908 seconds (5.16 M allocations: 3.055 GiB, 23.52% gc time)
704
 11.381466 seconds (3.83 M allocations: 2.451 GiB, 24.62% gc time)
154
 11.583161 seconds (4.01 M allocations: 2.547 GiB, 24.19% gc time)
804
 11.910786 seconds (4.20 M allocations: 2.659 GiB, 23.52% gc time)
504
 11.813496 seconds (3.91 M allocations: 2.533 GiB, 23.72% gc time)
954
  6.886472 seconds (3.60 M allocations: 2.189 GiB)
655
  6.905568 seconds (3.21 M allocations: 2.030 GiB)
305
  7.935560 seconds (3.82 M allocations: 2.387 GiB)
605
  6.755352 seconds (3.25 M allocations: 2.030 GiB)
205
  7.763722 seconds (3.89 M allocations: 2.397 GiB)
555
  6.772396 seconds (3.28 M allocations: 2.045 GiB)
  7.684774 seconds (3.75 M allocations: 2.331 GiB)
355
55
  6.894709 seconds (3.37 M allocations: 2.092 GiB)
755
  7.445415 seconds (3.51 M allocations: 2.204 GiB)
405
  7.959643 seconds (3.93 M allocations: 2.431 GiB)
905
  8.172064 seconds (3.59 M allocations: 2.310 GiB)
855
  7.481922 seconds (3.02 M allocations: 2.003 GiB)
705
  8.203648 seconds (3.47 M allocations: 2.265 GiB)
  8.155212 seconds (3.39 M allocations: 2.225 GiB)
105
4
  8.266586 seconds (3.54 M allocations: 2.297 GiB)
455
  6.761308 seconds (2.71 M allocations: 1.803 GiB)
505
  7.456258 seconds (3.24 M allocations: 2.092 GiB)
155
  8.534181 seconds (4.12 M allocations: 2.558 GiB)
255
  8.347282 seconds (3.93 M allocations: 2.458 GiB)
805
  7.737769 seconds (3.65 M allocations: 2.278 GiB)
955
  7.174556 seconds (3.61 M allocations: 2.206 GiB)
656
  6.527476 seconds (3.25 M allocations: 1.993 GiB)
206
  7.033073 seconds (3.55 M allocations: 2.170 GiB)
606
  7.574902 seconds (3.91 M allocations: 2.371 GiB)
306
  7.118131 seconds (3.34 M allocations: 2.087 GiB)
56
  7.875480 seconds (3.58 M allocations: 2.266 GiB)
356
  8.043159 seconds (3.70 M allocations: 2.332 GiB)
556
  6.931735 seconds (3.25 M allocations: 2.037 GiB)
906
  8.275195 seconds (3.91 M allocations: 2.442 GiB)
756
  7.921848 seconds (3.82 M allocations: 2.367 GiB)
406
  7.175581 seconds (2.91 M allocations: 1.920 GiB)
456
  7.587967 seconds (3.24 M allocations: 2.097 GiB)
856
  7.686732 seconds (3.22 M allocations: 2.097 GiB)
5
  7.624084 seconds (3.12 M allocations: 2.053 GiB)
156
  7.793810 seconds (3.26 M allocations: 2.128 GiB)
506
  8.397178 seconds (3.92 M allocations: 2.452 GiB)
706
  8.455351 seconds (3.86 M allocations: 2.437 GiB)
106
  7.516868 seconds (3.40 M allocations: 2.154 GiB)
956
  8.812151 seconds (3.90 M allocations: 2.493 GiB)
256
  8.656604 seconds (3.93 M allocations: 2.485 GiB)
806
  6.853680 seconds (3.42 M allocations: 2.090 GiB)
207
  8.103986 seconds (3.88 M allocations: 2.406 GiB)
657
  7.618746 seconds (3.67 M allocations: 2.268 GiB)
607
  8.374389 seconds (3.79 M allocations: 2.394 GiB)
307
  8.039972 seconds (3.62 M allocations: 2.291 GiB)
57
  7.220214 seconds (3.26 M allocations: 2.062 GiB)
557
  7.538725 seconds (3.53 M allocations: 2.203 GiB)
357
  7.514153 seconds (3.52 M allocations: 2.193 GiB)
757
  8.053922 seconds (3.80 M allocations: 2.361 GiB)
907
  6.876818 seconds (3.20 M allocations: 1.995 GiB)
857
  7.346582 seconds (3.50 M allocations: 2.167 GiB)
457
  8.362905 seconds (4.04 M allocations: 2.488 GiB)
  6.992559 seconds (2.97 M allocations: 1.914 GiB)
707
  7.312409 seconds (3.26 M allocations: 2.065 GiB)
157
407
  8.009284 seconds (3.91 M allocations: 2.396 GiB)
6
  8.062121 seconds (3.59 M allocations: 2.275 GiB)
107
  8.404303 seconds (3.86 M allocations: 2.420 GiB)
507
  7.727606 seconds (3.60 M allocations: 2.245 GiB)
957
  8.375092 seconds (3.77 M allocations: 2.381 GiB)
257
  7.686754 seconds (3.54 M allocations: 2.217 GiB)
807
 20.782786 seconds (3.74 M allocations: 2.344 GiB, 60.61% gc time)
208
 20.411771 seconds (3.55 M allocations: 2.231 GiB, 61.72% gc time)
608
 21.012850 seconds (3.82 M allocations: 2.403 GiB, 59.95% gc time)
658
 19.552450 seconds (3.26 M allocations: 2.028 GiB, 64.43% gc time)
58
 19.063408 seconds (2.97 M allocations: 1.864 GiB, 66.08% gc time)
908
 19.238241 seconds (2.90 M allocations: 1.859 GiB, 65.48% gc time)
858
 19.243802 seconds (2.93 M allocations: 1.873 GiB, 65.46% gc time)
458
 21.365024 seconds (4.18 M allocations: 2.590 GiB, 58.96% gc time)
308
 21.176071 seconds (3.99 M allocations: 2.497 GiB, 59.49% gc time)
358
 19.138418 seconds (2.84 M allocations: 1.831 GiB, 65.82% gc time)
158
 21.513578 seconds (4.39 M allocations: 2.696 GiB, 58.56% gc time)
558
 21.333624 seconds (4.26 M allocations: 2.629 GiB, 59.05% gc time)
758
 18.906778 seconds (2.83 M allocations: 1.806 GiB, 66.63% gc time)
958
 20.877182 seconds (3.79 M allocations: 2.401 GiB, 60.34% gc time)
708
  6.033975 seconds (2.73 M allocations: 1.747 GiB)
258
 21.239447 seconds (4.10 M allocations: 2.563 GiB, 59.31% gc time)
408
 21.255011 seconds (4.12 M allocations: 2.574 GiB, 59.27% gc time)
7
 21.342587 seconds (4.02 M allocations: 2.542 GiB, 59.02% gc time)
108
 21.515590 seconds (4.11 M allocations: 2.598 GiB, 58.55% gc time)
508
  6.040063 seconds (3.08 M allocations: 1.888 GiB)
609
  6.051580 seconds (3.07 M allocations: 1.885 GiB)
59
  8.877720 seconds (4.17 M allocations: 2.631 GiB)
808
  6.039159 seconds (3.13 M allocations: 1.910 GiB)
909
  6.035391 seconds (3.07 M allocations: 1.884 GiB)
459
  6.608159 seconds (3.37 M allocations: 2.068 GiB)
859
  9.065889 seconds (4.54 M allocations: 2.804 GiB)
209
  6.038589 seconds (2.91 M allocations: 1.822 GiB)
159
  9.081816 seconds (4.61 M allocations: 2.831 GiB)
659
  6.034657 seconds (2.94 M allocations: 1.832 GiB)
959
  7.427451 seconds (3.62 M allocations: 2.255 GiB)
359
  9.082229 seconds (4.16 M allocations: 2.649 GiB)
309
  9.061120 seconds (4.07 M allocations: 2.610 GiB)
559
  6.044561 seconds (2.53 M allocations: 1.665 GiB)
610
  7.900630 seconds (3.54 M allocations: 2.271 GiB)
259
  9.069675 seconds (4.33 M allocations: 2.717 GiB)
759
  6.044207 seconds (2.80 M allocations: 1.778 GiB)
60
  8.938278 seconds (4.15 M allocations: 2.630 GiB)
709
  6.275741 seconds (2.84 M allocations: 1.817 GiB)
  9.074062 seconds (4.21 M allocations: 2.669 GiB)
910
409
  6.447606 seconds (2.97 M allocations: 1.890 GiB)
809
  9.061660 seconds (4.47 M allocations: 2.773 GiB)
8
  8.491871 seconds (4.27 M allocations: 2.632 GiB)
109
  8.359339 seconds (4.13 M allocations: 2.561 GiB)
509
  6.625747 seconds (3.56 M allocations: 2.145 GiB)
460
  7.030551 seconds (3.37 M allocations: 2.106 GiB)
160
  7.476396 seconds (3.55 M allocations: 2.228 GiB)
210
  6.241986 seconds (3.04 M allocations: 1.892 GiB)
360
  7.079157 seconds (3.56 M allocations: 2.190 GiB)
660
  8.633190 seconds (4.26 M allocations: 2.641 GiB)
860
  7.627386 seconds (3.79 M allocations: 2.343 GiB)
960
  6.131496 seconds (3.17 M allocations: 1.933 GiB)
611
  6.213447 seconds (3.22 M allocations: 1.961 GiB)
260
  6.079960 seconds (2.93 M allocations: 1.828 GiB)
710
  6.086411 seconds (2.29 M allocations: 1.566 GiB)
110
  6.083320 seconds (2.29 M allocations: 1.565 GiB)
510
  9.315114 seconds (4.63 M allocations: 2.861 GiB)
310
  9.136343 seconds (4.54 M allocations: 2.804 GiB)
560
  9.129834 seconds (4.34 M allocations: 2.721 GiB)
760
  9.094513 seconds (4.33 M allocations: 2.713 GiB)
61
  6.051360 seconds (2.59 M allocations: 1.688 GiB)
211
  6.031526 seconds (2.55 M allocations: 1.665 GiB)
361
  6.050204 seconds (2.60 M allocations: 1.692 GiB)
661
  9.104181 seconds (4.38 M allocations: 2.735 GiB)
911
  9.102645 seconds (4.36 M allocations: 2.730 GiB)
410
  9.101513 seconds (4.39 M allocations: 2.742 GiB)
810
  9.088206 seconds (4.45 M allocations: 2.766 GiB)
9
  9.100621 seconds (4.34 M allocations: 2.721 GiB)
461
  6.047215 seconds (3.07 M allocations: 1.887 GiB)
612
 12.920763 seconds (3.07 M allocations: 1.888 GiB, 53.05% gc time)
261
 15.939390 seconds (4.56 M allocations: 2.811 GiB, 43.00% gc time)
161
 12.940088 seconds (3.21 M allocations: 1.946 GiB, 52.97% gc time)
711
 15.925804 seconds (4.33 M allocations: 2.714 GiB, 43.04% gc time)
861
 12.913962 seconds (3.20 M allocations: 1.941 GiB, 53.08% gc time)
 12.938280 seconds (3.22 M allocations: 1.951 GiB, 52.98% gc time)
511
111
 15.933776 seconds (4.44 M allocations: 2.760 GiB, 43.02% gc time)
961
 12.938544 seconds (2.91 M allocations: 1.825 GiB, 52.98% gc time)
212
 12.936201 seconds (2.86 M allocations: 1.803 GiB, 52.99% gc time)
362
 12.903653 seconds (2.85 M allocations: 1.799 GiB, 53.12% gc time)
662
 15.943114 seconds (4.29 M allocations: 2.701 GiB, 42.99% gc time)
311
 15.949807 seconds (4.28 M allocations: 2.699 GiB, 42.97% gc time)
561
  6.022521 seconds (2.53 M allocations: 1.664 GiB)
613
  6.032558 seconds (2.51 M allocations: 1.657 GiB)
262
 15.935436 seconds (4.53 M allocations: 2.803 GiB, 43.01% gc time)
761
 15.968219 seconds (4.58 M allocations: 2.825 GiB, 42.93% gc time)
62
  6.040297 seconds (2.67 M allocations: 1.723 GiB)
712
 15.932399 seconds (4.11 M allocations: 2.628 GiB, 43.02% gc time)
 15.932546 seconds (4.10 M allocations: 2.621 GiB, 43.02% gc time)
912
411
 15.925892 seconds (4.12 M allocations: 2.632 GiB, 43.04% gc time)
811
 15.952996 seconds (4.34 M allocations: 2.723 GiB, 42.97% gc time)
10
  6.027387 seconds (2.84 M allocations: 1.789 GiB)
  6.034888 seconds (2.85 M allocations: 1.793 GiB)
112
512
 15.925319 seconds (4.60 M allocations: 2.827 GiB, 43.04% gc time)
462
  9.070395 seconds (4.34 M allocations: 2.722 GiB)
162
  6.041666 seconds (3.17 M allocations: 1.929 GiB)
213
  6.034687 seconds (3.09 M allocations: 1.896 GiB)
363
  6.030768 seconds (3.12 M allocations: 1.907 GiB)
663
  9.036324 seconds (4.60 M allocations: 2.827 GiB)
862
  9.161133 seconds (4.35 M allocations: 2.737 GiB)
962
  6.252172 seconds (3.24 M allocations: 1.976 GiB)
614
  6.045062 seconds (3.06 M allocations: 1.882 GiB)
263
  6.053753 seconds (2.94 M allocations: 1.835 GiB)
713
  5.576071 seconds (2.20 M allocations: 1.481 GiB)
113
  8.158018 seconds (4.14 M allocations: 2.546 GiB)
312
  6.030447 seconds (2.53 M allocations: 1.667 GiB)
513
  7.622468 seconds (3.81 M allocations: 2.357 GiB)
63
  9.240642 seconds (4.77 M allocations: 2.915 GiB)
562
  9.021963 seconds (4.47 M allocations: 2.769 GiB)
762
  8.487610 seconds (3.85 M allocations: 2.463 GiB)
812
  5.970227 seconds (2.47 M allocations: 1.634 GiB)
364
  9.026920 seconds (4.23 M allocations: 2.674 GiB)
913
  9.076604 seconds (4.25 M allocations: 2.690 GiB)
412
  8.658730 seconds (4.00 M allocations: 2.543 GiB)
11
  8.761993 seconds (4.03 M allocations: 2.563 GiB)
463
  7.247456 seconds (3.31 M allocations: 2.110 GiB)
664
  7.545408 seconds (3.67 M allocations: 2.289 GiB)
214
  8.159888 seconds (4.17 M allocations: 2.562 GiB)
163
  7.331987 seconds (3.67 M allocations: 2.269 GiB)
863
  6.940327 seconds (3.36 M allocations: 2.102 GiB)
264
  5.601980 seconds (2.70 M allocations: 1.688 GiB)
514
  7.345330 seconds (3.54 M allocations: 2.215 GiB)
714
  9.157581 seconds (4.23 M allocations: 2.688 GiB)
963
  6.806624 seconds (3.34 M allocations: 2.078 GiB)
313
  6.528101 seconds (3.28 M allocations: 2.021 GiB)
64
  8.779825 seconds (4.39 M allocations: 2.713 GiB)
615
  6.038218 seconds (3.20 M allocations: 1.939 GiB)
763
  6.041428 seconds (3.13 M allocations: 1.910 GiB)
813
  8.780383 seconds (4.48 M allocations: 2.751 GiB)
114
  6.653255 seconds (3.07 M allocations: 1.947 GiB)
413
  6.060570 seconds (2.66 M allocations: 1.717 GiB)
665
  9.143051 seconds (4.48 M allocations: 2.787 GiB)
563
  6.035458 seconds (2.64 M allocations: 1.708 GiB)
864
  7.430516 seconds (3.36 M allocations: 2.146 GiB)
464
  9.038737 seconds (4.46 M allocations: 2.769 GiB)
365
  9.069783 seconds (4.29 M allocations: 2.701 GiB)
914
  8.975874 seconds (4.24 M allocations: 2.670 GiB)
12
  8.618247 seconds (3.98 M allocations: 2.524 GiB)
215
  8.478257 seconds (3.91 M allocations: 2.486 GiB)
164
  6.507027 seconds (3.38 M allocations: 2.065 GiB)
515
 16.587797 seconds (3.16 M allocations: 1.948 GiB, 61.90% gc time)
964
 16.512221 seconds (3.07 M allocations: 1.904 GiB, 62.18% gc time)
65
 17.350748 seconds (3.49 M allocations: 2.164 GiB, 59.18% gc time)
314
 18.789481 seconds (4.27 M allocations: 2.634 GiB, 54.65% gc time)
265
 18.612232 seconds (4.02 M allocations: 2.511 GiB, 55.17% gc time)
715
 17.769134 seconds (3.54 M allocations: 2.228 GiB, 57.78% gc time)
764
 18.326537 seconds (3.79 M allocations: 2.385 GiB, 56.03% gc time)
616
 17.487621 seconds (3.51 M allocations: 2.184 GiB, 58.71% gc time)
814
 16.951806 seconds (3.30 M allocations: 2.044 GiB, 60.57% gc time)
666
 19.077743 seconds (4.02 M allocations: 2.560 GiB, 53.82% gc time)
115
 17.500535 seconds (3.40 M allocations: 2.143 GiB, 58.67% gc time)
564
 17.376403 seconds (3.31 M allocations: 2.093 GiB, 59.09% gc time)
865
 16.910396 seconds (3.14 M allocations: 1.976 GiB, 60.72% gc time)
465
 18.540417 seconds (4.18 M allocations: 2.569 GiB, 55.38% gc time)
414
 16.195078 seconds (3.08 M allocations: 1.876 GiB, 63.40% gc time)
13
  6.406039 seconds (2.99 M allocations: 1.890 GiB)
516
 18.901822 seconds (4.13 M allocations: 2.584 GiB, 54.32% gc time)
366
  6.034324 seconds (2.63 M allocations: 1.704 GiB)
266
 19.415249 seconds (4.25 M allocations: 2.688 GiB, 52.88% gc time)
915
 19.387588 seconds (4.12 M allocations: 2.628 GiB, 52.96% gc time)
216
  6.022258 seconds (2.56 M allocations: 1.674 GiB)
765
  9.061781 seconds (4.09 M allocations: 2.616 GiB)
165
  8.708796 seconds (4.14 M allocations: 2.601 GiB)
965
  8.823280 seconds (4.16 M allocations: 2.620 GiB)
66
  6.038037 seconds (2.87 M allocations: 1.805 GiB)
667
  9.056054 seconds (4.20 M allocations: 2.662 GiB)
315
  6.035968 seconds (2.73 M allocations: 1.746 GiB)
  6.000232 seconds (2.68 M allocations: 1.721 GiB)
866
565
  6.026715 seconds (2.71 M allocations: 1.736 GiB)
466
  6.026916 seconds (2.80 M allocations: 1.776 GiB)
14
  9.055630 seconds (4.71 M allocations: 2.873 GiB)
716
  9.056827 seconds (4.52 M allocations: 2.797 GiB)
617
  9.046622 seconds (4.52 M allocations: 2.794 GiB)
815
  6.031248 seconds (3.21 M allocations: 1.943 GiB)
517
  6.030066 seconds (3.07 M allocations: 1.889 GiB)
267
  9.052896 seconds (4.43 M allocations: 2.757 GiB)
116
  9.072932 seconds (4.21 M allocations: 2.668 GiB)
415
  6.034686 seconds (3.02 M allocations: 1.867 GiB)
766
  6.030242 seconds (2.67 M allocations: 1.723 GiB)
668
  6.984777 seconds (3.29 M allocations: 2.078 GiB)
166
  6.852147 seconds (3.33 M allocations: 2.082 GiB)
966
  9.046503 seconds (4.54 M allocations: 2.804 GiB)
367
  8.869160 seconds (4.45 M allocations: 2.748 GiB)
916
  6.232767 seconds (2.79 M allocations: 1.793 GiB)
867
  6.034364 seconds (2.71 M allocations: 1.737 GiB)
15
  9.056711 seconds (4.50 M allocations: 2.789 GiB)
217
  9.046850 seconds (4.25 M allocations: 2.686 GiB)
67
  7.769670 seconds (3.60 M allocations: 2.283 GiB)
566
  7.743297 seconds (3.57 M allocations: 2.269 GiB)
467
  7.783424 seconds (3.60 M allocations: 2.287 GiB)
717
  6.022933 seconds (2.91 M allocations: 1.818 GiB)
  9.129329 seconds (4.60 M allocations: 2.839 GiB)
268
316
  7.614032 seconds (3.55 M allocations: 2.250 GiB)
816
  7.797443 seconds (3.74 M allocations: 2.346 GiB)
518
  9.053788 seconds (4.25 M allocations: 2.683 GiB)
618
  7.139020 seconds (3.63 M allocations: 2.229 GiB)
117
  6.094905 seconds (2.81 M allocations: 1.786 GiB)
368
  6.152744 seconds (2.75 M allocations: 1.767 GiB)
917
  6.187723 seconds (2.69 M allocations: 1.744 GiB)
868
  6.457455 seconds (2.86 M allocations: 1.845 GiB)
16
  9.255414 seconds (4.29 M allocations: 2.721 GiB)
767
  8.568097 seconds (4.13 M allocations: 2.581 GiB)
167
  5.749414 seconds (2.60 M allocations: 1.661 GiB)
567
  8.732172 seconds (4.28 M allocations: 2.663 GiB)
967
  9.214790 seconds (4.60 M allocations: 2.842 GiB)
669
  7.014701 seconds (3.40 M allocations: 2.123 GiB)
218
  6.089702 seconds (2.88 M allocations: 1.816 GiB)
468
 10.695982 seconds (5.34 M allocations: 3.303 GiB)
416
  6.481814 seconds (3.38 M allocations: 2.061 GiB)
718
  6.278902 seconds (3.02 M allocations: 1.894 GiB)
817
 14.732245 seconds (4.14 M allocations: 2.537 GiB, 45.36% gc time)
68
 14.720487 seconds (3.75 M allocations: 2.373 GiB, 45.40% gc time)
269
 14.050068 seconds (3.27 M allocations: 2.107 GiB, 47.57% gc time)
118
 13.170768 seconds (3.14 M allocations: 1.960 GiB, 50.74% gc time)
369
 16.292252 seconds (4.25 M allocations: 2.738 GiB, 41.02% gc time)
317
 12.609676 seconds (3.03 M allocations: 1.858 GiB, 53.00% gc time)
869
 12.811158 seconds (3.21 M allocations: 1.953 GiB, 52.17% gc time)
918
 12.424587 seconds (2.98 M allocations: 1.818 GiB, 53.79% gc time)
768
 16.210275 seconds (4.51 M allocations: 2.839 GiB, 41.23% gc time)
619
 13.487250 seconds (3.48 M allocations: 2.136 GiB, 49.55% gc time)
17
 13.155983 seconds (3.27 M allocations: 2.015 GiB, 50.80% gc time)
568
 13.239669 seconds (2.85 M allocations: 1.846 GiB, 50.48% gc time)
469
 18.041519 seconds (5.45 M allocations: 3.417 GiB, 37.04% gc time)
519
 13.435017 seconds (3.00 M allocations: 1.928 GiB, 49.74% gc time)
968
 14.583610 seconds (4.04 M allocations: 2.480 GiB, 45.83% gc time)
168
 13.300584 seconds (2.98 M allocations: 1.908 GiB, 50.25% gc time)
719
 13.332901 seconds (3.06 M allocations: 1.941 GiB, 50.12% gc time)
818
 14.345736 seconds (3.68 M allocations: 2.302 GiB, 46.59% gc time)
417
 15.296466 seconds (4.11 M allocations: 2.578 GiB, 43.69% gc time)
219
  7.451864 seconds (3.55 M allocations: 2.226 GiB)
69
 16.225013 seconds (4.46 M allocations: 2.818 GiB, 41.19% gc time)
670
  8.094895 seconds (3.78 M allocations: 2.389 GiB)
270
  7.092900 seconds (3.48 M allocations: 2.162 GiB)
370
  7.111179 seconds (3.46 M allocations: 2.154 GiB)
318
  7.565949 seconds (3.30 M allocations: 2.138 GiB)
769
  6.881242 seconds (3.11 M allocations: 1.988 GiB)
620
  8.240735 seconds (3.90 M allocations: 2.455 GiB)
870
  6.054255 seconds (2.75 M allocations: 1.752 GiB)
470
  9.469979 seconds (4.80 M allocations: 2.951 GiB)
119
  6.346150 seconds (2.93 M allocations: 1.859 GiB)
520
  9.083669 seconds (4.44 M allocations: 2.763 GiB)
919
  8.085843 seconds (3.97 M allocations: 2.468 GiB)
  6.399755 seconds (2.99 M allocations: 1.890 GiB)
18
169
  6.030504 seconds (2.74 M allocations: 1.752 GiB)
418
  6.176410 seconds (2.96 M allocations: 1.858 GiB)
220
  6.042276 seconds (2.80 M allocations: 1.780 GiB)
671
  9.303070 seconds (4.37 M allocations: 2.759 GiB)
969
  6.040909 seconds (2.94 M allocations: 1.833 GiB)
271
  9.168446 seconds (4.03 M allocations: 2.607 GiB)
819
  6.027281 seconds (3.05 M allocations: 1.880 GiB)
 11.240537 seconds (5.46 M allocations: 3.406 GiB)
371
569
  6.020332 seconds (3.20 M allocations: 1.940 GiB)
319
  9.066677 seconds (4.25 M allocations: 2.686 GiB)
70
 11.259669 seconds (5.26 M allocations: 3.325 GiB)
720
  6.321111 seconds (3.27 M allocations: 2.001 GiB)
621
  6.233304 seconds (3.27 M allocations: 1.991 GiB)
471
  6.517504 seconds (3.16 M allocations: 1.971 GiB)
521
  6.089122 seconds (2.76 M allocations: 1.763 GiB)
170
  6.719833 seconds (2.90 M allocations: 1.885 GiB)
419
  8.289458 seconds (4.23 M allocations: 2.599 GiB)
770
  8.623295 seconds (4.27 M allocations: 2.646 GiB)
871
  7.786460 seconds (3.47 M allocations: 2.231 GiB)
19
  7.211168 seconds (3.38 M allocations: 2.134 GiB)
221
  6.606389 seconds (3.20 M allocations: 1.999 GiB)
672
  9.289115 seconds (4.64 M allocations: 2.868 GiB)
120
  8.787208 seconds (4.21 M allocations: 2.638 GiB)
920
  6.274011 seconds (2.84 M allocations: 1.816 GiB)
320
  7.312976 seconds (3.61 M allocations: 2.238 GiB)
272
  8.604923 seconds (4.13 M allocations: 2.587 GiB)
970
  7.935245 seconds (3.78 M allocations: 2.375 GiB)
820
  6.012967 seconds (2.67 M allocations: 1.721 GiB)
472
  8.342129 seconds (3.96 M allocations: 2.490 GiB)
372
  8.405192 seconds (4.02 M allocations: 2.522 GiB)
570
  7.527389 seconds (3.83 M allocations: 2.355 GiB)
71
  7.797934 seconds (3.75 M allocations: 2.348 GiB)
622
  6.051894 seconds (2.94 M allocations: 1.836 GiB)
771
 15.339323 seconds (4.09 M allocations: 2.540 GiB, 45.72% gc time)
721
 15.024253 seconds (3.64 M allocations: 2.324 GiB, 46.67% gc time)
 14.508044 seconds (3.31 M allocations: 2.134 GiB, 48.34% gc time)
 13.043031 seconds (2.80 M allocations: 1.774 GiB, 53.76% gc time)
171
420
20
 14.258584 seconds (3.32 M allocations: 2.115 GiB, 49.18% gc time)
872
 16.120805 seconds (4.58 M allocations: 2.825 GiB, 43.50% gc time)
522
 13.901752 seconds (3.20 M allocations: 2.026 GiB, 50.44% gc time)
921
 14.736053 seconds (3.73 M allocations: 2.330 GiB, 47.59% gc time)
673
 13.087504 seconds (3.09 M allocations: 1.899 GiB, 53.58% gc time)
321
 14.952026 seconds (3.84 M allocations: 2.399 GiB, 46.90% gc time)
121
 13.070762 seconds (2.94 M allocations: 1.833 GiB, 53.65% gc time)
473
 13.999777 seconds (3.58 M allocations: 2.193 GiB, 50.09% gc time)
273
 16.539005 seconds (4.72 M allocations: 2.924 GiB, 42.40% gc time)
222
 13.084664 seconds (3.04 M allocations: 1.878 GiB, 53.59% gc time)
373
 14.046873 seconds (3.63 M allocations: 2.218 GiB, 49.92% gc time)
821
 13.483725 seconds (3.32 M allocations: 2.033 GiB, 52.01% gc time)
571
 13.616683 seconds (3.29 M allocations: 2.032 GiB, 51.50% gc time)
623
 15.675158 seconds (4.42 M allocations: 2.712 GiB, 44.74% gc time)
971
  6.897300 seconds (2.66 M allocations: 1.806 GiB)  8.154692 seconds (2.71 M allocations: 1.954 GiB)
  6.044975 seconds (2.03 M allocations: 1.461 GiB)
 15.814016 seconds (3.89 M allocations: 2.508 GiB, 44.34% gc time)
  5.467332 seconds (1.51 M allocations: 1.184 GiB)

  6.031878 seconds (2.00 M allocations: 1.444 GiB)
  8.384995 seconds (3.16 M allocations: 2.163 GiB)
  8.410634 seconds (2.93 M allocations: 2.073 GiB)
  5.430746 seconds (1.60 M allocations: 1.219 GiB)
  6.596035 seconds (1.94 M allocations: 1.476 GiB)
172
  8.013140 seconds (2.89 M allocations: 2.015 GiB)
  6.021639 seconds (2.26 M allocations: 1.553 GiB)
  8.159707 seconds (3.53 M allocations: 2.294 GiB)
  5.307264 seconds (1.23 M allocations: 1.053 GiB)
  7.124455 seconds (2.70 M allocations: 1.846 GiB)
722
523
674
274
72
322
474
873
122
922
421
772
374
21
  5.505068 seconds (3.15 M allocations: 1.849 GiB)
822
  6.348865 seconds (3.36 M allocations: 2.025 GiB)
572
  5.684771 seconds (3.26 M allocations: 1.917 GiB)
624
  7.362906 seconds (4.06 M allocations: 2.415 GiB)
223
  6.058302 seconds (2.42 M allocations: 1.619 GiB)
173
  6.035765 seconds (2.19 M allocations: 1.524 GiB)
323
  6.046124 seconds (2.10 M allocations: 1.488 GiB)
773
  6.025865 seconds (1.88 M allocations: 1.397 GiB)
  6.024844 seconds (1.87 M allocations: 1.394 GiB)
  6.030753 seconds (1.88 M allocations: 1.401 GiB)
475
923
422
  6.025960 seconds (2.13 M allocations: 1.498 GiB)
823
  6.035230 seconds (2.00 M allocations: 1.446 GiB)
625
  8.488957 seconds (2.99 M allocations: 2.108 GiB)
  8.465360 seconds (2.93 M allocations: 2.080 GiB)
675
123
  9.037495 seconds (4.38 M allocations: 2.732 GiB)
972
  8.868168 seconds (3.29 M allocations: 2.274 GiB)
874
  9.053050 seconds (3.58 M allocations: 2.409 GiB)
  9.042274 seconds (3.51 M allocations: 2.381 GiB)
73
  9.045908 seconds (3.52 M allocations: 2.386 GiB)
22
375
  9.080310 seconds (3.61 M allocations: 2.427 GiB)
  9.091971 seconds (3.63 M allocations: 2.435 GiB)
  9.081577 seconds (3.61 M allocations: 2.428 GiB)
275
524
723
  9.050228 seconds (4.07 M allocations: 2.609 GiB)
573
  9.049045 seconds (3.93 M allocations: 2.553 GiB)
224
  6.016108 seconds (2.98 M allocations: 1.849 GiB)
  6.034871 seconds (2.99 M allocations: 1.854 GiB)
174
324
  6.031417 seconds (2.94 M allocations: 1.834 GiB)
774
  6.030774 seconds (2.92 M allocations: 1.826 GiB)
  6.026345 seconds (2.92 M allocations: 1.824 GiB)
423
924
  6.411274 seconds (3.53 M allocations: 2.113 GiB)
476
  6.954664 seconds (3.61 M allocations: 2.200 GiB)
824
  6.301125 seconds (3.51 M allocations: 2.091 GiB)
626
  6.038053 seconds (3.07 M allocations: 1.881 GiB)
875
  7.174507 seconds (3.65 M allocations: 2.241 GiB)
676
  7.471960 seconds (3.42 M allocations: 2.173 GiB)
973
  7.411042 seconds (2.88 M allocations: 1.948 GiB)
276
  7.860430 seconds (3.24 M allocations: 2.142 GiB)
376
  7.814276 seconds (3.14 M allocations: 2.098 GiB)
724
  8.157163 seconds (3.55 M allocations: 2.300 GiB)
23
  8.542964 seconds (3.78 M allocations: 2.438 GiB)
74
  7.654294 seconds (3.45 M allocations: 2.213 GiB)
  8.783042 seconds (3.76 M allocations: 2.456 GiB)
574
525
  5.936608 seconds (2.43 M allocations: 1.618 GiB)
175
 13.788290 seconds (3.01 M allocations: 1.900 GiB, 53.54% gc time)
775
 14.408326 seconds (3.10 M allocations: 2.004 GiB, 51.23% gc time)
424
 18.205020 seconds (5.75 M allocations: 3.481 GiB, 40.55% gc time)
124
 14.369173 seconds (3.14 M allocations: 2.018 GiB, 51.37% gc time)
477
 15.214732 seconds (3.63 M allocations: 2.304 GiB, 48.52% gc time)
925
 16.440119 seconds (4.51 M allocations: 2.789 GiB, 44.90% gc time)
225
 15.773963 seconds (3.97 M allocations: 2.503 GiB, 46.80% gc time)
325
 14.466373 seconds (3.50 M allocations: 2.173 GiB, 51.03% gc time)
627
 14.133531 seconds (3.31 M allocations: 2.061 GiB, 52.23% gc time)
677
 16.762808 seconds (4.25 M allocations: 2.720 GiB, 44.04% gc time)
825
 15.384038 seconds (3.81 M allocations: 2.396 GiB, 47.98% gc time)
876
 13.497112 seconds (3.08 M allocations: 1.897 GiB, 54.69% gc time)
725
  6.031490 seconds (2.55 M allocations: 1.672 GiB)
176
  6.044222 seconds (2.53 M allocations: 1.667 GiB)
776
 15.685058 seconds (4.22 M allocations: 2.596 GiB, 47.06% gc time)
974
 15.835624 seconds (4.25 M allocations: 2.622 GiB, 46.61% gc time)
277
  6.057934 seconds (2.54 M allocations: 1.673 GiB)
478
  6.046356 seconds (2.42 M allocations: 1.621 GiB)
226
 16.531208 seconds (4.44 M allocations: 2.771 GiB, 44.65% gc time)
377
 16.426589 seconds (4.42 M allocations: 2.755 GiB, 44.94% gc time)
24
  6.047381 seconds (2.61 M allocations: 1.701 GiB)
326
 16.459540 seconds (4.61 M allocations: 2.836 GiB, 44.85% gc time)
75
  9.066965 seconds (4.43 M allocations: 2.764 GiB)
575
  6.055988 seconds (2.83 M allocations: 1.795 GiB)
628
  9.068364 seconds (4.44 M allocations: 2.766 GiB)
526
  9.044507 seconds (4.42 M allocations: 2.754 GiB)
425
  9.044248 seconds (4.31 M allocations: 2.712 GiB)
125
  6.048892 seconds (3.34 M allocations: 2.003 GiB)
678
  9.064753 seconds (4.34 M allocations: 2.726 GiB)
926
  6.035985 seconds (3.20 M allocations: 1.946 GiB)
726
  6.033970 seconds (3.21 M allocations: 1.947 GiB)
177
  6.056094 seconds (3.21 M allocations: 1.950 GiB)
777
  6.068543 seconds (2.94 M allocations: 1.837 GiB)
479
  9.047330 seconds (4.38 M allocations: 2.741 GiB)
826
  9.072444 seconds (4.39 M allocations: 2.749 GiB)
877
  6.064360 seconds (3.08 M allocations: 1.896 GiB)
227
  6.058603 seconds (2.94 M allocations: 1.835 GiB)
327
  6.047284 seconds (2.63 M allocations: 1.705 GiB)
629
  9.089972 seconds (4.48 M allocations: 2.782 GiB)
975
  9.091351 seconds (4.48 M allocations: 2.780 GiB)
278
  6.041857 seconds (2.53 M allocations: 1.663 GiB)
679
  8.884096 seconds (4.26 M allocations: 2.671 GiB)
378
  8.805501 seconds (4.15 M allocations: 2.615 GiB)
25
  6.034409 seconds (2.60 M allocations: 1.692 GiB)
727
  9.067436 seconds (4.34 M allocations: 2.719 GiB)
76
  9.086350 seconds (4.12 M allocations: 2.633 GiB)
576
  9.084597 seconds (4.13 M allocations: 2.636 GiB)
527
  8.198007 seconds (3.91 M allocations: 2.452 GiB)
426
  6.076862 seconds (3.08 M allocations: 1.893 GiB)
778
  6.890605 seconds (3.47 M allocations: 2.138 GiB)
178
  9.089507 seconds (4.45 M allocations: 2.769 GiB)
126
  6.016689 seconds (3.26 M allocations: 1.965 GiB)
480
  9.074655 seconds (4.47 M allocations: 2.777 GiB)
927
  6.041234 seconds (2.94 M allocations: 1.835 GiB)
630
  7.829386 seconds (3.61 M allocations: 2.297 GiB)
228
  7.909059 seconds (3.63 M allocations: 2.315 GiB)
328
  6.273015 seconds (3.03 M allocations: 1.896 GiB)
279
  8.846553 seconds (4.28 M allocations: 2.674 GiB)
827
  9.100776 seconds (4.37 M allocations: 2.739 GiB)
878
  6.071335 seconds (3.08 M allocations: 1.897 GiB)
379
  6.212956 seconds (3.10 M allocations: 1.922 GiB)
728
  6.753649 seconds (3.41 M allocations: 2.103 GiB)
26
  6.046194 seconds (2.81 M allocations: 1.782 GiB)
427
  7.981577 seconds (4.18 M allocations: 2.546 GiB)
680
  6.060032 seconds (2.83 M allocations: 1.795 GiB)
779
 15.942677 seconds (4.82 M allocations: 2.923 GiB, 43.07% gc time)
976
 13.834858 seconds (2.94 M allocations: 1.928 GiB, 49.64% gc time)
481
 15.959629 seconds (4.34 M allocations: 2.726 GiB, 43.03% gc time)
77
 15.728239 seconds (4.12 M allocations: 2.610 GiB, 43.66% gc time)
577
 15.628327 seconds (3.98 M allocations: 2.544 GiB, 43.94% gc time)
528
 14.737620 seconds (3.48 M allocations: 2.243 GiB, 46.60% gc time)
928
 15.939608 seconds (4.19 M allocations: 2.661 GiB, 43.08% gc time)
179
 15.945720 seconds (4.11 M allocations: 2.626 GiB, 43.07% gc time)
127
 14.255689 seconds (3.55 M allocations: 2.224 GiB, 48.17% gc time)
631
 13.014042 seconds (3.03 M allocations: 1.882 GiB, 52.77% gc time)
280
 12.944278 seconds (2.94 M allocations: 1.837 GiB, 53.05% gc time)
380
 13.409695 seconds (3.14 M allocations: 1.968 GiB, 51.21% gc time)
879
 13.141341 seconds (2.97 M allocations: 1.869 GiB, 52.26% gc time)
27
 12.921303 seconds (2.94 M allocations: 1.832 GiB, 53.15% gc time)
428
  6.047729 seconds (2.82 M allocations: 1.785 GiB)
681
  6.064587 seconds (2.82 M allocations: 1.787 GiB)
780
 15.972752 seconds (4.85 M allocations: 2.938 GiB, 42.99% gc time)
229
 15.963255 seconds (4.74 M allocations: 2.890 GiB, 43.02% gc time)
329
 15.924623 seconds (4.71 M allocations: 2.872 GiB, 43.12% gc time)
828
 15.405315 seconds (4.34 M allocations: 2.665 GiB, 44.58% gc time)
729
  6.116188 seconds (3.35 M allocations: 2.014 GiB)
482
  9.080353 seconds (4.07 M allocations: 2.616 GiB)
977
  6.060047 seconds (2.41 M allocations: 1.618 GiB)
281
  6.033478 seconds (2.53 M allocations: 1.665 GiB)
381
  8.318223 seconds (3.80 M allocations: 2.426 GiB)
578
  8.280833 seconds (3.79 M allocations: 2.418 GiB)
529
  8.596543 seconds (4.14 M allocations: 2.592 GiB)
  7.534821 seconds (3.71 M allocations: 2.308 GiB)
78
929
  6.020906 seconds (2.95 M allocations: 1.837 GiB)
880
  6.034062 seconds (2.93 M allocations: 1.829 GiB)
429
  8.492513 seconds (4.39 M allocations: 2.682 GiB)
180
  6.048532 seconds (2.86 M allocations: 1.801 GiB)
781
  8.606971 seconds (4.27 M allocations: 2.643 GiB)
632
  7.111248 seconds (3.69 M allocations: 2.253 GiB)
28
  6.754087 seconds (3.44 M allocations: 2.112 GiB)
682
  9.110713 seconds (4.72 M allocations: 2.883 GiB)
128
  7.509152 seconds (3.54 M allocations: 2.227 GiB)
330
  7.193556 seconds (3.31 M allocations: 2.104 GiB)
730
  9.042541 seconds (4.19 M allocations: 2.657 GiB)
230
  9.438796 seconds (4.09 M allocations: 2.654 GiB)
829
  6.031018 seconds (2.91 M allocations: 1.816 GiB)
382
  6.026563 seconds (2.84 M allocations: 1.790 GiB)
579
  6.037346 seconds (2.66 M allocations: 1.718 GiB)
881
  9.320482 seconds (4.37 M allocations: 2.760 GiB)
483
  6.045789 seconds (2.80 M allocations: 1.775 GiB)
430
  6.042818 seconds (2.75 M allocations: 1.755 GiB)
181
  6.073816 seconds (2.78 M allocations: 1.769 GiB)
782
  6.035451 seconds (2.65 M allocations: 1.714 GiB)
29
  9.062265 seconds (4.74 M allocations: 2.886 GiB)
  9.066276 seconds (4.74 M allocations: 2.885 GiB)
978
282
  9.062519 seconds (4.28 M allocations: 2.696 GiB)
  9.188692 seconds (4.48 M allocations: 2.789 GiB)
530
930
  9.061420 seconds (4.27 M allocations: 2.691 GiB)
79
  5.528281 seconds (2.67 M allocations: 1.673 GiB)
731
  8.179836 seconds (3.74 M allocations: 2.384 GiB)
683
  9.061721 seconds (4.22 M allocations: 2.670 GiB)
633
  9.076285 seconds (4.07 M allocations: 2.612 GiB)
129
  6.040478 seconds (3.06 M allocations: 1.881 GiB)
383
  6.051663 seconds (2.94 M allocations: 1.836 GiB)
882
 12.663762 seconds (3.45 M allocations: 2.132 GiB, 45.42% gc time)
830
 14.980246 seconds (4.34 M allocations: 2.739 GiB, 38.40% gc time)
331
 11.799251 seconds (3.07 M allocations: 1.886 GiB, 48.75% gc time)
431
 11.821067 seconds (2.94 M allocations: 1.834 GiB, 48.66% gc time)
783
 14.859917 seconds (4.55 M allocations: 2.810 GiB, 38.71% gc time)
231
 13.617536 seconds (4.08 M allocations: 2.488 GiB, 42.24% gc time)
580
 11.855931 seconds (2.94 M allocations: 1.837 GiB, 48.52% gc time)
283
 11.818118 seconds (2.53 M allocations: 1.665 GiB, 48.67% gc time)
732
 14.818935 seconds (4.47 M allocations: 2.774 GiB, 38.82% gc time)
484
 14.334975 seconds (4.14 M allocations: 2.589 GiB, 40.13% gc time)
182
 11.809036 seconds (2.80 M allocations: 1.776 GiB, 48.71% gc time)
684
 14.725285 seconds (4.32 M allocations: 2.703 GiB, 39.06% gc time)
30
 14.823036 seconds (4.23 M allocations: 2.676 GiB, 38.81% gc time)
979
 14.506169 seconds (3.81 M allocations: 2.469 GiB, 39.65% gc time)
931
 11.812822 seconds (2.81 M allocations: 1.779 GiB, 48.69% gc time)
384
 14.913909 seconds (4.11 M allocations: 2.633 GiB, 38.57% gc time)
 14.977556 seconds (4.16 M allocations: 2.660 GiB, 38.41% gc time)
80
531
 13.609910 seconds (3.88 M allocations: 2.408 GiB, 42.26% gc time)
634
  5.997478 seconds (3.06 M allocations: 1.877 GiB)
831
  6.604523 seconds (3.56 M allocations: 2.147 GiB)
883
  6.040274 seconds (3.20 M allocations: 1.939 GiB)
432
 14.936100 seconds (4.49 M allocations: 2.792 GiB, 38.51% gc time)
130
  7.266128 seconds (3.48 M allocations: 2.183 GiB)
784
  7.164348 seconds (3.35 M allocations: 2.121 GiB)
581
  7.360357 seconds (3.48 M allocations: 2.193 GiB)
232
  8.562684 seconds (4.40 M allocations: 2.694 GiB)
332
  7.887553 seconds (3.76 M allocations: 2.362 GiB)
284
  7.384651 seconds (3.41 M allocations: 2.166 GiB)
183
  7.044494 seconds (3.28 M allocations: 2.076 GiB)
685
  8.222974 seconds (4.02 M allocations: 2.506 GiB)
733
  6.032882 seconds (2.95 M allocations: 1.839 GiB)
932
  6.053235 seconds (2.96 M allocations: 1.843 GiB)
385
  6.042550 seconds (2.69 M allocations: 1.732 GiB)
635
  9.159673 seconds (4.49 M allocations: 2.794 GiB)
485
  6.032191 seconds (2.67 M allocations: 1.721 GiB)
433
  8.953555 seconds (4.45 M allocations: 2.757 GiB)
31
  9.053082 seconds (4.47 M allocations: 2.774 GiB)
980
  8.277414 seconds (3.67 M allocations: 2.362 GiB)
832
  6.037662 seconds (2.63 M allocations: 1.703 GiB)
582
  6.030034 seconds (2.63 M allocations: 1.705 GiB)
233
  9.042034 seconds (4.47 M allocations: 2.774 GiB)
81
  9.113923 seconds (4.51 M allocations: 2.798 GiB)
  6.045630 seconds (2.83 M allocations: 1.790 GiB)
333
532
  9.059385 seconds (4.46 M allocations: 2.773 GiB)
884
  6.027298 seconds (3.03 M allocations: 1.871 GiB)
184
  9.045932 seconds (4.47 M allocations: 2.778 GiB)
131
  9.059365 seconds (4.41 M allocations: 2.752 GiB)
785
  6.033503 seconds (2.86 M allocations: 1.802 GiB)
933
  6.052947 seconds (2.89 M allocations: 1.818 GiB)
386
  6.045127 seconds (3.06 M allocations: 1.886 GiB)
636
  6.046352 seconds (2.95 M allocations: 1.841 GiB)
434
  9.057999 seconds (4.61 M allocations: 2.837 GiB)
285
  9.042314 seconds (4.43 M allocations: 2.761 GiB)
686
  9.053581 seconds (4.44 M allocations: 2.767 GiB)
734
  6.040610 seconds (2.82 M allocations: 1.787 GiB)
583
  6.036856 seconds (2.82 M allocations: 1.789 GiB)
234
  5.860568 seconds (2.64 M allocations: 1.693 GiB)
334
  9.058563 seconds (4.48 M allocations: 2.782 GiB)
486
  8.554629 seconds (4.27 M allocations: 2.644 GiB)
32
  7.354211 seconds (3.29 M allocations: 2.116 GiB)
82
  8.455337 seconds (4.36 M allocations: 2.672 GiB)
981
  7.882095 seconds (3.49 M allocations: 2.251 GiB)
885
  6.685608 seconds (3.18 M allocations: 2.000 GiB)
185
  9.105302 seconds (4.42 M allocations: 2.763 GiB)
833
  9.084224 seconds (4.21 M allocations: 2.672 GiB)
533
  7.471089 seconds (3.31 M allocations: 2.135 GiB)
934
  7.611184 seconds (3.38 M allocations: 2.179 GiB)
387
 17.028706 seconds (3.44 M allocations: 2.195 GiB, 55.54% gc time)
637
 16.037699 seconds (3.05 M allocations: 1.935 GiB, 58.97% gc time)
286
 18.325624 seconds (4.24 M allocations: 2.664 GiB, 51.61% gc time)
132
 18.564478 seconds (4.23 M allocations: 2.682 GiB, 50.94% gc time)
786
 15.549621 seconds (2.81 M allocations: 1.787 GiB, 60.82% gc time)
335
 15.715955 seconds (2.95 M allocations: 1.864 GiB, 60.17% gc time)
 17.737275 seconds (3.99 M allocations: 2.498 GiB, 53.32% gc time)
235
435
 15.535393 seconds (3.08 M allocations: 1.894 GiB, 60.87% gc time)
487
 15.492532 seconds (3.07 M allocations: 1.887 GiB, 61.04% gc time)
33
 15.512948 seconds (3.07 M allocations: 1.891 GiB, 60.96% gc time)
83
 15.500048 seconds (3.07 M allocations: 1.889 GiB, 61.01% gc time)
982
 18.581835 seconds (4.72 M allocations: 2.884 GiB, 50.89% gc time)
687
 18.550643 seconds (4.70 M allocations: 2.874 GiB, 50.98% gc time)
735
 15.518460 seconds (3.20 M allocations: 1.943 GiB, 60.94% gc time)
886
 18.545500 seconds (4.71 M allocations: 2.880 GiB, 50.99% gc time)
584
  6.050770 seconds (2.62 M allocations: 1.705 GiB)
287
 18.541838 seconds (3.98 M allocations: 2.576 GiB, 51.00% gc time)
186
 18.505210 seconds (3.96 M allocations: 2.565 GiB, 51.10% gc time)
834
  6.053822 seconds (2.52 M allocations: 1.663 GiB)
336
  6.020074 seconds (2.47 M allocations: 1.638 GiB)
236
 18.514076 seconds (4.24 M allocations: 2.679 GiB, 51.08% gc time)
534
  6.409546 seconds (2.86 M allocations: 1.839 GiB)
436
  6.239015 seconds (2.83 M allocations: 1.812 GiB)
488
  6.017801 seconds (2.78 M allocations: 1.768 GiB)
34
 18.526921 seconds (4.57 M allocations: 2.820 GiB, 51.04% gc time)
935
  9.064003 seconds (4.69 M allocations: 2.868 GiB)
388
  6.044215 seconds (2.94 M allocations: 1.834 GiB)
983
  9.148849 seconds (4.67 M allocations: 2.867 GiB)
638
  9.126745 seconds (4.66 M allocations: 2.861 GiB)
133
  9.053539 seconds (4.74 M allocations: 2.888 GiB)
787
  7.417684 seconds (3.78 M allocations: 2.324 GiB)
84
  6.420043 seconds (3.22 M allocations: 1.987 GiB)
887
  8.049193 seconds (3.86 M allocations: 2.420 GiB)
688
  8.599947 seconds (4.00 M allocations: 2.535 GiB)
736
  8.413646 seconds (3.82 M allocations: 2.441 GiB)
585
  6.838777 seconds (3.34 M allocations: 2.081 GiB)
187
  6.026148 seconds (2.70 M allocations: 1.734 GiB)
437
  7.701822 seconds (3.84 M allocations: 2.378 GiB)
288
  6.029696 seconds (2.88 M allocations: 1.806 GiB)
489
  7.562383 seconds (3.74 M allocations: 2.322 GiB)
337
  7.419091 seconds (3.61 M allocations: 2.255 GiB)
535
  8.421710 seconds (4.38 M allocations: 2.673 GiB)
835
  8.209311 seconds (4.14 M allocations: 2.552 GiB)
237
  6.193177 seconds (2.79 M allocations: 1.790 GiB)
134
  6.031280 seconds (2.65 M allocations: 1.712 GiB)
85
  7.811468 seconds (3.70 M allocations: 2.331 GiB)
936
  8.097065 seconds (4.02 M allocations: 2.491 GiB)
35
  7.426124 seconds (3.36 M allocations: 2.151 GiB)
788
  7.087738 seconds (3.12 M allocations: 2.016 GiB)
  6.035541 seconds (2.83 M allocations: 1.788 GiB)
888
689
  9.045943 seconds (4.37 M allocations: 2.735 GiB)
389
  9.082430 seconds (4.61 M allocations: 2.835 GiB)
984
  9.167917 seconds (4.53 M allocations: 2.811 GiB)
639
  6.923322 seconds (3.60 M allocations: 2.197 GiB)
737
  7.119545 seconds (3.31 M allocations: 2.100 GiB)
438
  7.225871 seconds (3.43 M allocations: 2.159 GiB)
188
  7.184174 seconds (3.41 M allocations: 2.147 GiB)
289
  7.002105 seconds (3.33 M allocations: 2.093 GiB)
490
  9.053546 seconds (4.47 M allocations: 2.776 GiB)
586
  6.018251 seconds (2.91 M allocations: 1.818 GiB)
135
  6.047059 seconds (2.81 M allocations: 1.778 GiB)
86
  6.015798 seconds (2.76 M allocations: 1.756 GiB)
937
  6.319601 seconds (2.98 M allocations: 1.880 GiB)
36
  8.169890 seconds (4.05 M allocations: 2.510 GiB)
836
  9.073486 seconds (4.50 M allocations: 2.789 GiB)
338
  9.068959 seconds (4.49 M allocations: 2.786 GiB)
536
  9.038776 seconds (4.43 M allocations: 2.754 GiB)
238
  6.028217 seconds (2.66 M allocations: 1.718 GiB)
738
 15.331793 seconds (3.77 M allocations: 2.486 GiB, 40.91% gc time)
789
 15.361010 seconds (3.75 M allocations: 2.481 GiB, 40.83% gc time)
 15.346703 seconds (3.75 M allocations: 2.480 GiB, 40.87% gc time)
690
889
 15.350447 seconds (3.76 M allocations: 2.483 GiB, 40.86% gc time)
390
 12.336081 seconds (3.13 M allocations: 1.913 GiB, 50.84% gc time)
439
 15.356405 seconds (4.16 M allocations: 2.647 GiB, 40.84% gc time)
985
 12.318119 seconds (3.00 M allocations: 1.857 GiB, 50.92% gc time)
290
 12.334550 seconds (3.03 M allocations: 1.872 GiB, 50.85% gc time)
491
 15.328351 seconds (4.46 M allocations: 2.768 GiB, 40.92% gc time)
640
 12.316277 seconds (3.17 M allocations: 1.928 GiB, 50.92% gc time)
136
 12.326151 seconds (3.07 M allocations: 1.884 GiB, 50.88% gc time)
 12.348953 seconds (3.09 M allocations: 1.895 GiB, 50.79% gc time)
938
87
 12.317041 seconds (3.20 M allocations: 1.938 GiB, 50.92% gc time)
37
 15.296292 seconds (4.60 M allocations: 2.822 GiB, 41.00% gc time)
189
 12.417654 seconds (2.68 M allocations: 1.735 GiB, 50.51% gc time)
739
 15.085136 seconds (4.26 M allocations: 2.662 GiB, 41.58% gc time)
587
 14.678410 seconds (3.72 M allocations: 2.398 GiB, 42.73% gc time)
837
 14.710911 seconds (3.86 M allocations: 2.460 GiB, 42.63% gc time)
339
 14.878398 seconds (4.00 M allocations: 2.532 GiB, 42.15% gc time)
537
 14.622187 seconds (3.96 M allocations: 2.488 GiB, 42.89% gc time)
239
  6.069183 seconds (2.58 M allocations: 1.689 GiB)
291
  6.380526 seconds (3.01 M allocations: 1.899 GiB)
440
  6.544017 seconds (2.88 M allocations: 1.862 GiB)
492
  6.524243 seconds (2.74 M allocations: 1.803 GiB)
137
  7.890368 seconds (4.00 M allocations: 2.462 GiB)
  7.735784 seconds (3.79 M allocations: 2.359 GiB)
790
691
  7.491607 seconds (3.58 M allocations: 2.246 GiB)
986
  8.116993 seconds (4.26 M allocations: 2.595 GiB)
  6.036412 seconds (2.74 M allocations: 1.752 GiB)
38
890
  6.722636 seconds (3.25 M allocations: 2.032 GiB)
88
  8.635995 seconds (4.81 M allocations: 2.872 GiB)
391
  7.649574 seconds (3.72 M allocations: 2.321 GiB)
939
  9.344027 seconds (4.48 M allocations: 2.811 GiB)
641
  6.351027 seconds (3.15 M allocations: 1.953 GiB)
190
  6.514230 seconds (3.28 M allocations: 2.023 GiB)
588
  6.472316 seconds (3.29 M allocations: 2.021 GiB)
838
  6.048382 seconds (3.07 M allocations: 1.888 GiB)
240
  6.040130 seconds (3.02 M allocations: 1.867 GiB)
292
  6.029417 seconds (2.58 M allocations: 1.685 GiB)
791
  6.034865 seconds (2.42 M allocations: 1.617 GiB)
987
  9.017884 seconds (4.42 M allocations: 2.749 GiB)
740
  6.031298 seconds (2.37 M allocations: 1.600 GiB)
39
  8.802611 seconds (4.55 M allocations: 2.784 GiB)
340
  9.004536 seconds (4.60 M allocations: 2.825 GiB)
538
  9.040419 seconds (4.34 M allocations: 2.719 GiB)
441
  8.936637 seconds (4.32 M allocations: 2.702 GiB)
493
  9.045406 seconds (4.10 M allocations: 2.621 GiB)
  8.980602 seconds (4.06 M allocations: 2.597 GiB)
138
692
  8.818504 seconds (3.82 M allocations: 2.481 GiB)
891
  8.431951 seconds (3.65 M allocations: 2.375 GiB)
392
  9.064658 seconds (4.07 M allocations: 2.613 GiB)
89
  5.636216 seconds (2.77 M allocations: 1.725 GiB)
589
  6.178127 seconds (3.36 M allocations: 2.023 GiB)
191
  9.433650 seconds (4.26 M allocations: 2.728 GiB)
940
  6.038674 seconds (2.95 M allocations: 1.840 GiB)
293
  7.028690 seconds (3.45 M allocations: 2.146 GiB)
839
  9.043536 seconds (4.47 M allocations: 2.772 GiB)
642
  6.044224 seconds (2.96 M allocations: 1.842 GiB)
40
  8.598003 seconds (4.13 M allocations: 2.588 GiB)
241
  6.695072 seconds (3.17 M allocations: 1.994 GiB)
741
  6.565546 seconds (3.18 M allocations: 1.985 GiB)
341
  8.068253 seconds (4.18 M allocations: 2.552 GiB)
792
  6.029774 seconds (3.07 M allocations: 1.882 GiB)
494
  6.040747 seconds (2.98 M allocations: 1.850 GiB)
693
  6.041568 seconds (2.89 M allocations: 1.810 GiB)
892
  6.033426 seconds (2.87 M allocations: 1.805 GiB)
393
  6.055062 seconds (2.83 M allocations: 1.792 GiB)
590
  6.030496 seconds (2.80 M allocations: 1.777 GiB)
192
  9.827968 seconds (5.02 M allocations: 3.083 GiB)
988
  9.064367 seconds (4.61 M allocations: 2.833 GiB)
442
 10.304681 seconds (5.07 M allocations: 3.150 GiB)
539
  9.051965 seconds (4.44 M allocations: 2.763 GiB)
139
  7.414329 seconds (3.41 M allocations: 2.171 GiB)
294
 15.878251 seconds (4.20 M allocations: 2.665 GiB, 42.75% gc time)
90
 12.877959 seconds (2.84 M allocations: 1.797 GiB, 52.71% gc time)
742
 12.869463 seconds (2.77 M allocations: 1.770 GiB, 52.74% gc time)
342
 14.275408 seconds (3.56 M allocations: 2.237 GiB, 47.55% gc time)
41
 12.059944 seconds (1.79 M allocations: 1.278 GiB, 56.28% gc time) 12.559996 seconds (1.52 M allocations: 1.194 GiB, 54.04% gc time) 14.860712 seconds (3.25 M allocations: 2.172 GiB, 45.68% gc time)


 16.142757 seconds (3.98 M allocations: 2.603 GiB, 42.05% gc time)
 15.847020 seconds (4.08 M allocations: 2.614 GiB, 42.83% gc time)
  3.979563 seconds (667.67 k allocations: 682.361 MiB)
 13.643813 seconds (1.97 M allocations: 1.512 GiB, 49.75% gc time)
 12.862929 seconds (2.13 M allocations: 1.502 GiB, 52.77% gc time)
 15.928384 seconds (4.08 M allocations: 2.624 GiB, 42.61% gc time)
  4.410603 seconds (1.07 M allocations: 916.878 MiB)
 11.877057 seconds (1.28 M allocations: 1.033 GiB, 57.15% gc time)
 13.961341 seconds (2.71 M allocations: 1.854 GiB, 48.62% gc time)
 12.220670 seconds (1.63 M allocations: 1.230 GiB, 55.54% gc time)
 12.289785 seconds (2.26 M allocations: 1.498 GiB, 55.23% gc time)
 12.966511 seconds (2.28 M allocations: 1.576 GiB, 52.35% gc time)
 14.054066 seconds (2.99 M allocations: 1.981 GiB, 48.30% gc time)
 13.543606 seconds (2.78 M allocations: 1.841 GiB, 50.12% gc time)
540
394
  4.631204 seconds (943.95 k allocations: 862.274 MiB)193

242
91
743
643
941
989
591
295
694
443
893
840
140
495
793
  4.152145 seconds (1.10 M allocations: 872.735 MiB)
343
  6.083133 seconds (1.45 M allocations: 1.221 GiB)
  6.070032 seconds (1.29 M allocations: 1.155 GiB)
92
444
  7.097798 seconds (2.12 M allocations: 1.598 GiB)
42
  7.188251 seconds (2.01 M allocations: 1.565 GiB)
  7.148096 seconds (1.68 M allocations: 1.428 GiB)
344
243
  7.198830 seconds (1.87 M allocations: 1.512 GiB)
  7.198851 seconds (1.85 M allocations: 1.501 GiB)
  7.192348 seconds (1.80 M allocations: 1.483 GiB)
695
141
296
  7.308309 seconds (2.08 M allocations: 1.611 GiB)
592
  7.270992 seconds (1.90 M allocations: 1.534 GiB)
  7.283405 seconds (1.93 M allocations: 1.549 GiB)
  7.272396 seconds (1.91 M allocations: 1.539 GiB)
  7.292490 seconds (1.96 M allocations: 1.562 GiB)
541
  7.289162 seconds (1.98 M allocations: 1.572 GiB)
496
841
894
794
  8.141544 seconds (3.13 M allocations: 2.129 GiB)
990
  8.275090 seconds (3.23 M allocations: 2.185 GiB)
395
  8.478836 seconds (3.41 M allocations: 2.281 GiB)
744
  8.835497 seconds (3.65 M allocations: 2.414 GiB)
942
  8.879916 seconds (3.67 M allocations: 2.428 GiB)
194
  8.953742 seconds (3.91 M allocations: 2.532 GiB)
644
  5.795172 seconds (2.22 M allocations: 1.506 GiB)
142
  6.063842 seconds (2.88 M allocations: 1.807 GiB)
43
  6.124953 seconds (2.54 M allocations: 1.674 GiB)
244
  6.110454 seconds (2.33 M allocations: 1.589 GiB)
696
  6.070987 seconds (2.19 M allocations: 1.525 GiB)
593
  6.058430 seconds (2.24 M allocations: 1.548 GiB)
795
  6.058454 seconds (2.36 M allocations: 1.597 GiB)
991
  6.022998 seconds (2.26 M allocations: 1.551 GiB)
745
  8.881116 seconds (4.86 M allocations: 2.921 GiB)
93
  9.147495 seconds (5.03 M allocations: 3.015 GiB)
445
  8.904813 seconds (4.12 M allocations: 2.615 GiB)
297
  9.093254 seconds (4.24 M allocations: 2.683 GiB)
345
  9.066648 seconds (3.91 M allocations: 2.547 GiB)
497
  9.048812 seconds (3.86 M allocations: 2.523 GiB)
842
  9.068770 seconds (3.87 M allocations: 2.532 GiB)
542
  9.062406 seconds (3.88 M allocations: 2.536 GiB)
895
  9.055743 seconds (4.00 M allocations: 2.584 GiB)
396
  9.055483 seconds (3.70 M allocations: 2.460 GiB)
943
  9.062020 seconds (3.69 M allocations: 2.458 GiB)
195
  9.058890 seconds (3.70 M allocations: 2.462 GiB)
645
  6.033548 seconds (3.44 M allocations: 2.038 GiB)
143
  6.025144 seconds (3.41 M allocations: 2.027 GiB)
44
  6.040116 seconds (3.36 M allocations: 2.006 GiB)
245
  6.025460 seconds (3.26 M allocations: 1.963 GiB)
697
  6.043991 seconds (3.29 M allocations: 1.981 GiB)
594
  6.036615 seconds (3.31 M allocations: 1.990 GiB)
796
  6.055202 seconds (3.48 M allocations: 2.061 GiB)
992
  6.027323 seconds (3.48 M allocations: 2.056 GiB)
746
 15.262500 seconds (3.03 M allocations: 2.017 GiB, 50.89% gc time)
346
 15.415553 seconds (2.22 M allocations: 1.691 GiB, 50.38% gc time) 16.410151 seconds (2.93 M allocations: 2.094 GiB, 47.33% gc time)
 15.792585 seconds (2.83 M allocations: 1.991 GiB, 49.18% gc time)  5.096797 seconds (753.99 k allocations: 839.447 MiB)

 14.515550 seconds (1.78 M allocations: 1.394 GiB, 53.51% gc time) 14.690716 seconds (2.13 M allocations: 1.589 GiB, 52.87% gc time)


 16.494703 seconds (3.04 M allocations: 2.149 GiB, 47.09% gc time)
 14.686719 seconds (2.17 M allocations: 1.605 GiB, 52.88% gc time)
 16.815826 seconds (3.93 M allocations: 2.550 GiB, 46.19% gc time)
 13.474843 seconds (1.13 M allocations: 1.052 GiB, 57.64% gc time)
 13.469445 seconds (1.15 M allocations: 1.058 GiB, 57.66% gc time)
 16.464905 seconds (3.56 M allocations: 2.359 GiB, 47.17% gc time)
 16.883614 seconds (3.81 M allocations: 2.505 GiB, 46.00% gc time)
 16.245988 seconds (2.99 M allocations: 2.103 GiB, 47.81% gc time)
 13.831970 seconds (958.21 k allocations: 973.817 MiB, 56.15% gc time)
 13.711438 seconds (1.35 M allocations: 1.162 GiB, 56.64% gc time)
747
 13.717223 seconds (1.81 M allocations: 1.357 GiB, 56.62% gc time)
 14.454257 seconds (1.52 M allocations: 1.269 GiB, 53.73% gc time)
94
543
896
 15.539262 seconds (2.66 M allocations: 1.893 GiB, 49.98% gc time)
196
698
646
45
498
944
797
298
595
446
843
993
246
397
144
  6.097247 seconds (1.25 M allocations: 1.138 GiB)
197
  6.113713 seconds (1.21 M allocations: 1.122 GiB)
544
  6.433137 seconds (1.35 M allocations: 1.213 GiB)
  6.467168 seconds (1.44 M allocations: 1.252 GiB)
  6.392983 seconds (1.24 M allocations: 1.166 GiB)
145
398
  6.424090 seconds (1.27 M allocations: 1.182 GiB)
647
  6.440614 seconds (1.31 M allocations: 1.199 GiB)
  6.438140 seconds (1.30 M allocations: 1.196 GiB)
299
46
844
  7.862720 seconds (2.76 M allocations: 1.936 GiB)
247
  7.929606 seconds (2.64 M allocations: 1.895 GiB)
994
  8.302716 seconds (3.37 M allocations: 2.233 GiB)
  8.254864 seconds (2.95 M allocations: 2.059 GiB)
347
95
  8.203361 seconds (2.66 M allocations: 1.937 GiB)
499
  8.223194 seconds (2.69 M allocations: 1.953 GiB)
945
  8.488058 seconds (3.55 M allocations: 2.330 GiB)
699
  8.556573 seconds (3.61 M allocations: 2.363 GiB)
748
  8.595285 seconds (3.71 M allocations: 2.409 GiB)
596
  8.595889 seconds (3.52 M allocations: 2.330 GiB)
798
  9.115872 seconds (3.81 M allocations: 2.504 GiB)
  9.170033 seconds (3.95 M allocations: 2.570 GiB)
897
447
  6.036484 seconds (3.36 M allocations: 2.007 GiB)
  6.033968 seconds (3.34 M allocations: 2.003 GiB)
198
545
  5.707960 seconds (2.57 M allocations: 1.648 GiB)
248
  7.139495 seconds (3.15 M allocations: 2.037 GiB)
648
  6.396838 seconds (2.86 M allocations: 1.841 GiB)
995
  7.873360 seconds (3.49 M allocations: 2.254 GiB)
300
  6.049781 seconds (2.04 M allocations: 1.465 GiB)
749
  6.048922 seconds (2.03 M allocations: 1.462 GiB)
597
  8.839193 seconds (4.17 M allocations: 2.632 GiB)
399
  8.878000 seconds (4.10 M allocations: 2.610 GiB)
47
  9.014798 seconds (4.27 M allocations: 2.694 GiB)
146
  6.433960 seconds (2.35 M allocations: 1.637 GiB)
448
  9.177134 seconds (4.53 M allocations: 2.821 GiB)
845
  7.175785 seconds (2.85 M allocations: 1.916 GiB)
898
  8.350519 seconds (3.96 M allocations: 2.499 GiB)
96
  8.448923 seconds (4.01 M allocations: 2.530 GiB)
946
  8.389223 seconds (3.69 M allocations: 2.392 GiB)
799
  8.810355 seconds (4.32 M allocations: 2.694 GiB)
500
  8.895549 seconds (4.47 M allocations: 2.764 GiB)
348
  8.988693 seconds (4.26 M allocations: 2.688 GiB)
700
  6.998020 seconds (3.50 M allocations: 2.168 GiB)
546
  6.096667 seconds (3.36 M allocations: 2.020 GiB)
249
  6.132729 seconds (2.84 M allocations: 1.806 GiB)
750
  6.580381 seconds (3.37 M allocations: 2.071 GiB)
996
 16.513380 seconds (3.18 M allocations: 2.008 GiB, 59.11% gc time)
598
 15.837874 seconds (2.64 M allocations: 1.714 GiB, 61.63% gc time)
147
 19.633609 seconds (4.74 M allocations: 2.972 GiB, 49.72% gc time)
 17.375350 seconds (3.77 M allocations: 2.338 GiB, 56.18% gc time)
199
301
 16.322676 seconds (3.00 M allocations: 1.909 GiB, 59.80% gc time)
846
 16.027722 seconds (2.95 M allocations: 1.858 GiB, 60.90% gc time)
899
 15.952697 seconds (2.87 M allocations: 1.820 GiB, 61.19% gc time)
97
 19.580098 seconds (5.13 M allocations: 3.126 GiB, 49.85% gc time)
649
 15.825445 seconds (2.42 M allocations: 1.620 GiB, 61.68% gc time)
701
 18.245548 seconds (4.32 M allocations: 2.654 GiB, 53.50% gc time)
48
 18.103620 seconds (4.08 M allocations: 2.538 GiB, 53.92% gc time)
449
 17.157022 seconds (3.60 M allocations: 2.245 GiB, 56.89% gc time)
947
 15.820260 seconds (2.80 M allocations: 1.777 GiB, 61.70% gc time)
250
 18.703913 seconds (3.78 M allocations: 2.478 GiB, 52.19% gc time)
349
 20.453876 seconds (5.21 M allocations: 3.249 GiB, 47.72% gc time)
 18.889328 seconds (3.93 M allocations: 2.559 GiB, 51.68% gc time)
400
501
  6.047356 seconds (3.07 M allocations: 1.891 GiB)
997
  6.034328 seconds (3.07 M allocations: 1.890 GiB)
599
 18.122078 seconds (4.05 M allocations: 2.529 GiB, 53.86% gc time)
547
  6.030990 seconds (3.17 M allocations: 1.930 GiB)
148
 21.047625 seconds (5.11 M allocations: 3.266 GiB, 46.38% gc time)
800
  7.674491 seconds (4.05 M allocations: 2.461 GiB)
751
  6.971549 seconds (3.55 M allocations: 2.181 GiB)
  7.560181 seconds (3.44 M allocations: 2.198 GiB)
847
  7.578899 seconds (3.43 M allocations: 2.196 GiB)
900
  7.674127 seconds (3.46 M allocations: 2.219 GiB)
98
  6.989240 seconds (3.13 M allocations: 2.014 GiB)
  6.562787 seconds (2.77 M allocations: 1.821 GiB)
49
  6.970607 seconds (2.95 M allocations: 1.933 GiB)
948
  6.029641 seconds (2.80 M allocations: 1.778 GiB)
  7.730660 seconds (3.28 M allocations: 2.150 GiB)
251
450
  9.963907 seconds (4.85 M allocations: 3.026 GiB)
200
  6.305501 seconds (2.99 M allocations: 1.880 GiB)
350
  9.347793 seconds (4.38 M allocations: 2.770 GiB)
650
  6.043394 seconds (2.84 M allocations: 1.791 GiB)
998
  6.039013 seconds (2.91 M allocations: 1.821 GiB)
600
  7.407805 seconds (3.45 M allocations: 2.185 GiB)
  6.034916 seconds (2.80 M allocations: 1.777 GiB)
149
  7.907363 seconds (3.75 M allocations: 2.361 GiB)
401
  6.029713 seconds (2.80 M allocations: 1.778 GiB)
  5.020239 seconds (2.13 M allocations: 1.394 GiB)
99
  8.047160 seconds (3.50 M allocations: 2.272 GiB)
548
  5.415096 seconds (2.44 M allocations: 1.562 GiB)
50
  8.150177 seconds (3.63 M allocations: 2.335 GiB)
801
  6.252015 seconds (3.09 M allocations: 1.916 GiB)
901
  6.046741 seconds (2.80 M allocations: 1.778 GiB)
949
  7.171707 seconds (3.52 M allocations: 2.188 GiB)
848
  5.982877 seconds (2.85 M allocations: 1.789 GiB)
  5.789940 seconds (2.50 M allocations: 1.627 GiB)
351
  6.443759 seconds (2.98 M allocations: 1.891 GiB)
451
  6.471134 seconds (3.00 M allocations: 1.900 GiB)
201
  6.043003 seconds (2.68 M allocations: 1.729 GiB)
999
  5.708231 seconds (2.57 M allocations: 1.646 GiB)
601
  6.803416 seconds (3.06 M allocations: 1.962 GiB)
651
  6.127364 seconds (2.77 M allocations: 1.773 GiB)
150
  6.522816 seconds (2.88 M allocations: 1.858 GiB)
  5.370304 seconds (2.43 M allocations: 1.557 GiB)
549
  5.260644 seconds (2.40 M allocations: 1.531 GiB)
51
  4.970333 seconds (2.24 M allocations: 1.436 GiB)
  5.344078 seconds (2.41 M allocations: 1.546 GiB)
  6.245028 seconds (2.88 M allocations: 1.834 GiB)
100
  5.153382 seconds (2.13 M allocations: 1.414 GiB)
849
  5.335553 seconds (2.28 M allocations: 1.495 GiB)
950
  4.928371 seconds (2.10 M allocations: 1.378 GiB)
  5.153408 seconds (2.25 M allocations: 1.461 GiB)
  4.721831 seconds (1.94 M allocations: 1.290 GiB)
  4.790439 seconds (1.68 M allocations: 1.190 GiB)
  4.054242 seconds (1.30 M allocations: 981.108 MiB)
151
  5.276157 seconds (1.85 M allocations: 1.307 GiB)
  4.524131 seconds (1.50 M allocations: 1.086 GiB)
1000
  3.835990 seconds (1.06 M allocations: 826.569 MiB)
550
 12.358070 seconds (1.36 M allocations: 951.157 MiB, 50.90% gc time)
 11.982586 seconds (1.15 M allocations: 821.107 MiB, 52.50% gc time)
101
 11.752199 seconds (1.07 M allocations: 752.072 MiB, 53.53% gc time)
850
 12.227569 seconds (1.16 M allocations: 823.305 MiB, 51.45% gc time)
951
  3.021725 seconds (779.63 k allocations: 568.874 MiB)
  3.032039 seconds (793.63 k allocations: 576.088 MiB)
1001
  3.003222 seconds (434.55 k allocations: 390.822 MiB)
  3.026329 seconds (751.47 k allocations: 557.867 MiB)
851
551
  3.022993 seconds (592.95 k allocations: 474.247 MiB)
  3.058134 seconds (237.94 k allocations: 264.831 MiB)
  2.938745 seconds (206.95 k allocations: 203.015 MiB)
  3.075908 seconds (174.16 k allocations: 193.168 MiB)
  3.107552 seconds (174.41 k allocations: 194.143 MiB)
