/1.8.5(5):ERROR:150: Module '/1.8.5' conflicts with the currently loaded module(s) 'julia/1.8.5'
/1.8.5(5):ERROR:102: Tcl command execution failed: conflict	 julia 

Number of threads: 20
1401
16871477
15071432
15371552



16571672

1492
1447
1522
1642
1582
1462
1612
1417
1597
1627
1567
1168.831051 seconds (67.93 M allocations: 178.120 GiB, 54.33% gc time)
1658
1360.319086 seconds (71.50 M allocations: 185.347 GiB, 59.27% gc time, 0.16% compilation time)
1613
1400.001906 seconds (72.01 M allocations: 186.170 GiB, 60.28% gc time, 0.16% compilation time)
1508
1441.309406 seconds (72.45 M allocations: 186.913 GiB, 61.30% gc time, 0.15% compilation time)
1418
1483.091429 seconds (76.10 M allocations: 191.486 GiB, 61.98% gc time, 0.15% compilation time)
1523
1518.214107 seconds (76.56 M allocations: 192.073 GiB, 62.78% gc time, 0.15% compilation time)
1463
1519.991084 seconds (77.06 M allocations: 192.943 GiB, 62.71% gc time, 0.15% compilation time)
1520.192190 seconds (77.11 M allocations: 193.045 GiB, 62.70% gc time, 0.15% compilation time)
1628
1538
1552.266490 seconds (78.00 M allocations: 194.420 GiB, 63.22% gc time, 0.14% compilation time)
1553
1567.483677 seconds (80.02 M allocations: 196.583 GiB, 63.48% gc time, 0.14% compilation time)
1643
1589.806390 seconds (82.41 M allocations: 199.150 GiB, 63.84% gc time, 0.14% compilation time)
1568
1635.574164 seconds (85.12 M allocations: 202.197 GiB, 64.54% gc time, 0.14% compilation time)
1598
1635.864467 seconds (85.35 M allocations: 202.535 GiB, 64.53% gc time, 0.14% compilation time)
1433
1637.074045 seconds (85.77 M allocations: 203.164 GiB, 64.48% gc time, 0.14% compilation time)
1493
1637.763560 seconds (85.92 M allocations: 203.449 GiB, 64.46% gc time, 0.14% compilation time)
1638.080741 seconds (86.02 M allocations: 203.565 GiB, 64.44% gc time, 0.14% compilation time)
1673
1402
1777.773242 seconds (95.65 M allocations: 215.899 GiB, 66.01% gc time, 0.12% compilation time)
1478
1806.197721 seconds (107.54 M allocations: 228.106 GiB, 64.98% gc time, 0.12% compilation time)
1688
1793.786727 seconds (97.70 M allocations: 220.329 GiB, 65.43% gc time, 0.12% compilation time)
1448
1895.152061 seconds (101.95 M allocations: 226.368 GiB, 66.58% gc time, 0.12% compilation time)
1583
1249.342182 seconds (83.16 M allocations: 176.538 GiB, 61.75% gc time)
1659
882.199814 seconds (58.97 M allocations: 149.629 GiB, 50.15% gc time)
1689
1053.185548 seconds (67.82 M allocations: 164.657 GiB, 54.31% gc time)
1403
1058.636545 seconds (68.48 M allocations: 166.125 GiB, 54.03% gc time)
1494
1103.845040 seconds (72.69 M allocations: 172.897 GiB, 54.58% gc time)
1434
1528.220073 seconds (85.09 M allocations: 190.262 GiB, 64.72% gc time)
1539
1399.971439 seconds (74.88 M allocations: 179.952 GiB, 62.13% gc time)
1479
1724.203810 seconds (84.51 M allocations: 196.919 GiB, 66.54% gc time)
1674
1732.095198 seconds (84.99 M allocations: 198.539 GiB, 66.23% gc time)
1599
1903.227563 seconds (96.60 M allocations: 213.868 GiB, 67.73% gc time)
1524
2226.073760 seconds (99.89 M allocations: 219.233 GiB, 71.66% gc time)
1464
2324.158514 seconds (103.75 M allocations: 229.277 GiB, 71.60% gc time)
1644
2504.557254 seconds (116.20 M allocations: 245.620 GiB, 72.39% gc time)
1509
2401.437776 seconds (92.40 M allocations: 213.071 GiB, 73.95% gc time)
1449
2978.292930 seconds (123.05 M allocations: 257.029 GiB, 75.91% gc time)
1419
2843.651932 seconds (114.47 M allocations: 246.934 GiB, 75.29% gc time)
1629
2847.113874 seconds (112.27 M allocations: 244.734 GiB, 75.54% gc time)
1569
3104.182996 seconds (130.31 M allocations: 270.283 GiB, 75.70% gc time)
1614
2714.436385 seconds (105.07 M allocations: 236.882 GiB, 74.43% gc time)
1584
3184.806102 seconds (125.25 M allocations: 268.191 GiB, 76.11% gc time)
1554
2623.507388 seconds (93.74 M allocations: 204.362 GiB, 78.27% gc time)
1660
2628.885895 seconds (88.47 M allocations: 193.504 GiB, 79.65% gc time)
1404
2711.797716 seconds (90.99 M allocations: 199.300 GiB, 79.75% gc time)
1495
2469.738016 seconds (90.79 M allocations: 198.887 GiB, 78.05% gc time)
1435
2141.711921 seconds (83.18 M allocations: 182.970 GiB, 77.12% gc time)
1480
2408.201856 seconds (91.78 M allocations: 199.142 GiB, 77.89% gc time)
1540
3149.761405 seconds (110.24 M allocations: 236.721 GiB, 79.49% gc time)
1690
2401.102220 seconds (91.35 M allocations: 201.870 GiB, 77.60% gc time)
1675
2356.093035 seconds (90.40 M allocations: 200.464 GiB, 77.35% gc time)
1525
2519.475441 seconds (93.17 M allocations: 205.142 GiB, 78.31% gc time)
1600
2531.458919 seconds (96.61 M allocations: 211.816 GiB, 77.81% gc time)
1465
1991.524296 seconds (85.40 M allocations: 194.694 GiB, 73.93% gc time)
1570
2142.163184 seconds (86.54 M allocations: 196.872 GiB, 75.54% gc time)
1615
2377.861192 seconds (95.81 M allocations: 214.504 GiB, 75.80% gc time)
2604.942086 seconds (102.80 M allocations: 226.586 GiB, 76.82% gc time)
1630
1645
2645.642062 seconds (104.64 M allocations: 228.888 GiB, 77.06% gc time)
1510
2542.829147 seconds (104.23 M allocations: 227.949 GiB, 76.26% gc time)
1450
2561.346002 seconds (104.18 M allocations: 227.381 GiB, 76.54% gc time)
1420
2168.175792 seconds (93.28 M allocations: 206.428 GiB, 75.05% gc time)
1555
2469.840585 seconds (103.08 M allocations: 226.627 GiB, 75.95% gc time)
1585
2168.598329 seconds (92.64 M allocations: 203.636 GiB, 75.36% gc time)
1405
2401.652025 seconds (100.30 M allocations: 219.355 GiB, 76.25% gc time)
1661
2112.209651 seconds (84.89 M allocations: 187.672 GiB, 76.72% gc time)
1541
2504.844778 seconds (99.74 M allocations: 217.875 GiB, 77.32% gc time)
1496
2654.966779 seconds (97.81 M allocations: 214.785 GiB, 78.79% gc time)
1481
2106.873659 seconds (88.12 M allocations: 193.297 GiB, 76.37% gc time)
1691
2921.926950 seconds (103.19 M allocations: 224.784 GiB, 79.88% gc time)
1436
2329.940011 seconds (87.44 M allocations: 192.120 GiB, 78.76% gc time)
1601
2465.877571 seconds (93.57 M allocations: 206.117 GiB, 78.54% gc time)
1676
2556.357656 seconds (97.43 M allocations: 211.998 GiB, 78.91% gc time)
1526
2556.259001 seconds (96.73 M allocations: 212.222 GiB, 78.94% gc time)
1466
2355.228607 seconds (87.58 M allocations: 194.235 GiB, 79.17% gc time)
1616
2500.484393 seconds (95.10 M allocations: 210.617 GiB, 78.79% gc time)
1631
2539.238446 seconds (91.75 M allocations: 205.623 GiB, 79.49% gc time)
1511
2498.233956 seconds (92.74 M allocations: 207.614 GiB, 78.95% gc time)
1451
2556.225472 seconds (90.81 M allocations: 203.209 GiB, 80.11% gc time)
1556
2790.140849 seconds (94.63 M allocations: 210.772 GiB, 81.01% gc time)
1421
2701.009440 seconds (91.10 M allocations: 201.958 GiB, 81.35% gc time)
1586
3249.147379 seconds (106.40 M allocations: 230.813 GiB, 82.31% gc time)
1646
3354.994261 seconds (116.42 M allocations: 248.017 GiB, 81.73% gc time)
1571
2785.401802 seconds (92.15 M allocations: 204.535 GiB, 81.46% gc time)
1542
2624.564584 seconds (87.93 M allocations: 195.136 GiB, 81.24% gc time)
1497
3209.348212 seconds (103.19 M allocations: 224.735 GiB, 82.57% gc time)
1406
2977.798069 seconds (99.41 M allocations: 216.767 GiB, 81.87% gc time)
1662
2465.475834 seconds (89.20 M allocations: 197.574 GiB, 79.77% gc time)
1692
2604.303820 seconds (93.81 M allocations: 204.465 GiB, 80.34% gc time)
1482
2544.691541 seconds (96.69 M allocations: 212.037 GiB, 79.02% gc time)
1437
2418.747301 seconds (91.42 M allocations: 200.381 GiB, 79.10% gc time)
1677
2371.646632 seconds (89.33 M allocations: 196.813 GiB, 78.97% gc time)
1527
2604.827163 seconds (102.05 M allocations: 221.699 GiB, 78.66% gc time)
1602
2411.610072 seconds (98.00 M allocations: 215.465 GiB, 77.35% gc time)
1467
2355.240000 seconds (93.37 M allocations: 205.164 GiB, 77.92% gc time)
1617
2333.302008 seconds (92.43 M allocations: 204.359 GiB, 77.55% gc time)
1512
2318.280361 seconds (97.48 M allocations: 216.293 GiB, 76.11% gc time)
1452
2603.837927 seconds (103.82 M allocations: 226.935 GiB, 77.92% gc time)
1632
1707.503814 seconds (87.36 M allocations: 197.802 GiB, 70.17% gc time)
1647
2149.697827 seconds (97.65 M allocations: 213.708 GiB, 74.93% gc time)
1557
2271.277742 seconds (103.92 M allocations: 229.035 GiB, 74.46% gc time)
1422
2122.173162 seconds (99.34 M allocations: 221.208 GiB, 73.47% gc time)
1572
2496.912498 seconds (115.18 M allocations: 258.201 GiB, 73.40% gc time)
1587
2249.954169 seconds (95.84 M allocations: 211.635 GiB, 76.00% gc time)
1543
2142.164244 seconds (90.79 M allocations: 201.329 GiB, 76.16% gc time)
1407
2150.486152 seconds (91.61 M allocations: 203.122 GiB, 76.07% gc time)
1693
2513.736105 seconds (102.51 M allocations: 223.955 GiB, 77.41% gc time)
1498
2499.549847 seconds (96.76 M allocations: 212.326 GiB, 78.57% gc time)
1663
2496.391097 seconds (95.45 M allocations: 209.013 GiB, 78.87% gc time)
1483
2635.340871 seconds (88.94 M allocations: 196.076 GiB, 81.19% gc time)
1678
2642.478375 seconds (91.33 M allocations: 202.434 GiB, 80.64% gc time)
1603
2838.688073 seconds (95.78 M allocations: 210.562 GiB, 81.34% gc time)
1528
2982.174118 seconds (104.14 M allocations: 225.080 GiB, 81.21% gc time)
1438
2755.864128 seconds (95.06 M allocations: 210.029 GiB, 80.49% gc time)
1618
2850.654116 seconds (96.63 M allocations: 212.546 GiB, 80.97% gc time)
1468
2592.021069 seconds (88.32 M allocations: 196.106 GiB, 80.33% gc time)
1648
2819.328399 seconds (99.13 M allocations: 217.217 GiB, 80.24% gc time)
1513
2689.493839 seconds (91.89 M allocations: 202.235 GiB, 80.56% gc time)
1633
2908.379653 seconds (104.37 M allocations: 227.925 GiB, 79.83% gc time)
1453
2668.423769 seconds (95.86 M allocations: 212.122 GiB, 79.31% gc time)
1423
2637.152465 seconds (94.22 M allocations: 209.454 GiB, 79.25% gc time)
1573
3206.514904 seconds (114.69 M allocations: 254.993 GiB, 79.12% gc time)
1558
2702.559153 seconds (98.01 M allocations: 215.570 GiB, 79.28% gc time)
1588
2275.053804 seconds (85.91 M allocations: 191.050 GiB, 77.95% gc time)
1694
2881.222519 seconds (94.99 M allocations: 206.859 GiB, 81.40% gc time)
1544
2274.296123 seconds (86.74 M allocations: 192.572 GiB, 77.86% gc time)
1484
3074.372016 seconds (101.28 M allocations: 219.763 GiB, 81.54% gc time)
1408
2850.511670 seconds (96.95 M allocations: 212.755 GiB, 80.60% gc time)
1499
2472.826040 seconds (93.31 M allocations: 206.998 GiB, 77.88% gc time)
1679
2412.724732 seconds (91.23 M allocations: 200.651 GiB, 77.99% gc time)
1604
2271.853353 seconds (87.98 M allocations: 194.853 GiB, 77.22% gc time)
1439
3448.750858 seconds (113.40 M allocations: 247.410 GiB, 80.98% gc time)
1664
3191.215685 seconds (102.65 M allocations: 225.548 GiB, 81.04% gc time)
1529
3126.598442 seconds (96.03 M allocations: 212.152 GiB, 81.61% gc time)
1619
3291.655140 seconds (86.89 M allocations: 192.918 GiB, 84.13% gc time)
1634
3411.730470 seconds (92.34 M allocations: 202.908 GiB, 84.07% gc time)
1514
3790.099295 seconds (97.71 M allocations: 213.183 GiB, 85.02% gc time)
1649
4149.297773 seconds (113.87 M allocations: 250.607 GiB, 83.64% gc time)
1469
3994.864277 seconds (96.92 M allocations: 212.673 GiB, 85.67% gc time)
1454
3843.808874 seconds (94.43 M allocations: 208.329 GiB, 85.34% gc time)
1424
3923.466980 seconds (98.32 M allocations: 216.303 GiB, 85.18% gc time)
1574
3685.579327 seconds (92.67 M allocations: 203.748 GiB, 85.14% gc time)
1589
3994.704027 seconds (101.27 M allocations: 221.925 GiB, 85.19% gc time)
1559
3611.632229 seconds (84.94 M allocations: 185.668 GiB, 85.92% gc time)
1485
3623.076378 seconds (84.45 M allocations: 188.756 GiB, 85.55% gc time)
1680
4133.953974 seconds (99.91 M allocations: 219.160 GiB, 85.43% gc time)
1545
3785.691440 seconds (87.96 M allocations: 194.961 GiB, 85.80% gc time)
1500
4361.646137 seconds (106.25 M allocations: 229.815 GiB, 85.69% gc time)
1695
3723.116195 seconds (87.23 M allocations: 192.496 GiB, 85.82% gc time)
1605
3196.364023 seconds (90.11 M allocations: 201.384 GiB, 82.93% gc time)
1530
2967.385079 seconds (89.14 M allocations: 198.837 GiB, 82.10% gc time)
1620
4336.090920 seconds (107.60 M allocations: 238.724 GiB, 85.05% gc time)
1440
3079.369238 seconds (88.94 M allocations: 196.123 GiB, 83.06% gc time)
1635
4876.054172 seconds (123.21 M allocations: 266.826 GiB, 85.33% gc time)
1409
2780.787150 seconds (90.32 M allocations: 199.237 GiB, 80.87% gc time)
1515
3996.406423 seconds (109.25 M allocations: 239.521 GiB, 83.92% gc time)
1665
2865.346843 seconds (89.65 M allocations: 193.929 GiB, 82.26% gc time)
1650
3015.201497 seconds (96.85 M allocations: 212.479 GiB, 81.44% gc time)
1470
2772.532057 seconds (97.45 M allocations: 214.069 GiB, 79.71% gc time)
1455
2796.986357 seconds (96.80 M allocations: 212.360 GiB, 80.03% gc time)
1425
2825.443498 seconds (103.22 M allocations: 229.146 GiB, 78.67% gc time)
1575
2466.740907 seconds (92.64 M allocations: 203.601 GiB, 78.72% gc time)
1560
2841.608005 seconds (100.82 M allocations: 220.677 GiB, 79.92% gc time)
1590
2654.719678 seconds (92.55 M allocations: 201.159 GiB, 80.53% gc time)
1486
2689.501846 seconds (91.25 M allocations: 198.197 GiB, 81.34% gc time)
1681
2651.956021 seconds (95.00 M allocations: 209.350 GiB, 79.95% gc time)
1546
2505.730274 seconds (89.98 M allocations: 199.990 GiB, 79.78% gc time)
1696
2873.078534 seconds (100.90 M allocations: 220.875 GiB, 80.56% gc time)
1501
2918.184177 seconds (97.70 M allocations: 214.672 GiB, 81.50% gc time)
1606
2568.938536 seconds (92.64 M allocations: 203.708 GiB, 79.97% gc time)
1621
2878.406408 seconds (102.59 M allocations: 225.303 GiB, 80.16% gc time)
1531
2598.700168 seconds (93.35 M allocations: 207.568 GiB, 79.55% gc time)
1636
2612.550330 seconds (89.66 M allocations: 202.350 GiB, 80.01% gc time)
1651
2716.296073 seconds (93.50 M allocations: 209.229 GiB, 80.14% gc time)
1516
3249.730118 seconds (107.69 M allocations: 234.310 GiB, 81.67% gc time)
1441
2951.407592 seconds (99.59 M allocations: 220.474 GiB, 80.87% gc time)
1410
2933.385315 seconds (91.68 M allocations: 201.081 GiB, 82.45% gc time)
1471
2774.297513 seconds (84.13 M allocations: 185.447 GiB, 82.69% gc time)
1426
3208.989464 seconds (106.03 M allocations: 234.324 GiB, 81.13% gc time)
1666
3420.330640 seconds (105.05 M allocations: 231.841 GiB, 82.43% gc time)
1456
3415.969858 seconds (99.28 M allocations: 218.910 GiB, 83.31% gc time)
1576
3335.727134 seconds (96.95 M allocations: 212.821 GiB, 83.43% gc time)
1561
2936.074807 seconds (90.24 M allocations: 199.033 GiB, 82.40% gc time)
1487
3199.734440 seconds (100.81 M allocations: 220.803 GiB, 82.20% gc time)
1591
3008.661524 seconds (92.40 M allocations: 200.949 GiB, 82.84% gc time)
1682
3086.242512 seconds (98.58 M allocations: 218.233 GiB, 81.63% gc time)
1547
2824.614782 seconds (90.80 M allocations: 202.936 GiB, 81.19% gc time)
1607
3143.564837 seconds (104.60 M allocations: 232.940 GiB, 80.62% gc time)
1502
3605.231951 seconds (111.61 M allocations: 246.948 GiB, 82.19% gc time)
1697
2769.634555 seconds (89.72 M allocations: 197.857 GiB, 81.60% gc time)
1532
2808.515014 seconds (91.52 M allocations: 200.817 GiB, 81.65% gc time)
1637
3164.302052 seconds (98.75 M allocations: 215.368 GiB, 82.46% gc time)
1622
2862.479156 seconds (92.62 M allocations: 203.183 GiB, 81.96% gc time)
1652
2939.769357 seconds (96.04 M allocations: 210.476 GiB, 81.84% gc time)
1517
2749.720733 seconds (90.33 M allocations: 198.309 GiB, 81.85% gc time)
1411
2752.227572 seconds (94.13 M allocations: 205.488 GiB, 81.32% gc time)
1442
2539.487348 seconds (93.61 M allocations: 207.825 GiB, 79.45% gc time)
1472
2573.702101 seconds (94.48 M allocations: 209.211 GiB, 79.62% gc time)
1667
2625.988544 seconds (97.74 M allocations: 214.851 GiB, 79.60% gc time)
1427
2326.685060 seconds (88.23 M allocations: 192.058 GiB, 79.47% gc time)
1577
2677.681409 seconds (98.18 M allocations: 213.832 GiB, 80.18% gc time)
1457
2542.515598 seconds (93.38 M allocations: 205.535 GiB, 79.80% gc time)
1562
2695.329465 seconds (96.68 M allocations: 211.923 GiB, 80.42% gc time)
1488
2555.428357 seconds (97.70 M allocations: 214.671 GiB, 79.06% gc time)
1592
2512.471595 seconds (96.44 M allocations: 211.372 GiB, 79.13% gc time)
1683
2240.499175 seconds (98.05 M allocations: 217.819 GiB, 75.83% gc time)
1608
1587.140583 seconds (79.75 M allocations: 178.566 GiB, 72.12% gc time)
1623
2397.965106 seconds (105.79 M allocations: 233.457 GiB, 75.85% gc time)
1548
2260.118453 seconds (99.47 M allocations: 217.170 GiB, 76.37% gc time)
1503
1669.958671 seconds (79.83 M allocations: 178.955 GiB, 73.05% gc time)
1518
2172.956401 seconds (94.98 M allocations: 209.496 GiB, 75.77% gc time)
1638
2504.156349 seconds (103.10 M allocations: 224.221 GiB, 77.76% gc time)
1698
2244.041038 seconds (96.33 M allocations: 211.123 GiB, 76.34% gc time)
1653
2128.567996 seconds (91.64 M allocations: 203.205 GiB, 75.82% gc time)
1443
3194.046953 seconds (114.40 M allocations: 247.588 GiB, 80.63% gc time)
1533
2642.268806 seconds (95.33 M allocations: 211.788 GiB, 79.45% gc time)
1473
2978.441296 seconds (107.30 M allocations: 237.232 GiB, 79.64% gc time)
1412
2531.909121 seconds (91.23 M allocations: 203.249 GiB, 79.41% gc time)
1428
2718.061804 seconds (100.24 M allocations: 219.198 GiB, 79.57% gc time)
1668
2499.444956 seconds (91.69 M allocations: 203.331 GiB, 79.13% gc time)
1563
2761.866148 seconds (100.30 M allocations: 223.518 GiB, 79.27% gc time)
1458
2900.233552 seconds (105.10 M allocations: 231.124 GiB, 79.78% gc time)
1578
2625.609213 seconds (93.36 M allocations: 203.948 GiB, 80.25% gc time)
1489
2670.312292 seconds (93.44 M allocations: 205.703 GiB, 80.24% gc time)
1684
2808.602944 seconds (98.52 M allocations: 215.117 GiB, 80.52% gc time)
1593
2720.747397 seconds (93.90 M allocations: 204.752 GiB, 80.81% gc time)
1609
2533.013254 seconds (91.13 M allocations: 199.662 GiB, 80.05% gc time)
1549
2327.852421 seconds (91.38 M allocations: 202.485 GiB, 78.17% gc time)
1504
2254.071719 seconds (87.88 M allocations: 196.464 GiB, 78.05% gc time)
1639
2941.016044 seconds (108.89 M allocations: 237.511 GiB, 79.59% gc time)
1624
2068.255562 seconds (88.23 M allocations: 196.302 GiB, 76.14% gc time)
1654
2421.838619 seconds (98.36 M allocations: 215.619 GiB, 77.72% gc time)
1519
2471.727242 seconds (98.75 M allocations: 215.320 GiB, 78.34% gc time)
1699
1838.745967 seconds (88.71 M allocations: 192.954 GiB, 74.17% gc time)
1444
1785.094923 seconds (91.94 M allocations: 206.218 GiB, 71.30% gc time)
1429
1871.061347 seconds (95.25 M allocations: 212.534 GiB, 71.86% gc time)
1474
2088.459590 seconds (108.94 M allocations: 239.866 GiB, 71.62% gc time)
1701.776129 seconds (94.27 M allocations: 210.139 GiB, 69.52% gc time)
1669
1534
2215.770304 seconds (105.04 M allocations: 231.270 GiB, 74.27% gc time)
1413
1908.820833 seconds (91.54 M allocations: 200.287 GiB, 74.05% gc time)
1564
1999.387701 seconds (92.54 M allocations: 205.602 GiB, 74.35% gc time)
1490
2099.481783 seconds (98.96 M allocations: 216.742 GiB, 74.47% gc time)
1459
2153.519005 seconds (101.65 M allocations: 223.309 GiB, 74.24% gc time)
1579
1970.321869 seconds (97.11 M allocations: 213.554 GiB, 73.13% gc time)
1685
2077.125243 seconds (99.45 M allocations: 219.306 GiB, 73.79% gc time)
1594
2019.849326 seconds (96.21 M allocations: 210.804 GiB, 74.22% gc time)
1610
2092.834539 seconds (96.55 M allocations: 211.736 GiB, 75.03% gc time)
1550
2044.947566 seconds (86.92 M allocations: 194.237 GiB, 76.12% gc time)
1655
2213.779048 seconds (90.91 M allocations: 202.891 GiB, 76.96% gc time)
1625
2035.444449 seconds (87.04 M allocations: 197.209 GiB, 75.30% gc time)
1445
2264.269986 seconds (89.37 M allocations: 200.568 GiB, 77.51% gc time)
1700
2832.642488 seconds (110.44 M allocations: 240.658 GiB, 78.60% gc time)
1505
2852.422324 seconds (110.13 M allocations: 240.395 GiB, 78.75% gc time)
1640
2838.262270 seconds (107.13 M allocations: 235.083 GiB, 79.08% gc time)
1520
2329.921411 seconds (85.81 M allocations: 189.729 GiB, 78.98% gc time)
1670
2713.251417 seconds (95.79 M allocations: 208.709 GiB, 80.31% gc time)
1430
2651.444002 seconds (94.27 M allocations: 205.000 GiB, 80.23% gc time)
1475
2434.710436 seconds (94.64 M allocations: 206.692 GiB, 78.15% gc time)
1535
2630.375311 seconds (98.86 M allocations: 217.764 GiB, 78.65% gc time)
1414
2470.401692 seconds (90.02 M allocations: 196.765 GiB, 79.42% gc time)
1491
2616.977087 seconds (97.66 M allocations: 212.438 GiB, 79.16% gc time)
1565
2570.565951 seconds (87.20 M allocations: 191.543 GiB, 80.48% gc time)
1686
2791.322604 seconds (98.84 M allocations: 217.701 GiB, 79.74% gc time)
1580
3011.398213 seconds (107.47 M allocations: 235.996 GiB, 79.79% gc time)
1460
2828.987668 seconds (99.33 M allocations: 219.024 GiB, 79.87% gc time)
1595
2803.827231 seconds (92.77 M allocations: 201.784 GiB, 81.25% gc time)
1611
2625.406768 seconds (94.10 M allocations: 205.269 GiB, 79.62% gc time)
1551
2505.427092 seconds (90.62 M allocations: 196.137 GiB, 79.80% gc time)
1656
2531.253356 seconds (91.76 M allocations: 201.863 GiB, 79.09% gc time)
1626
2615.500214 seconds (94.52 M allocations: 206.668 GiB, 79.39% gc time)
1446
2781.982320 seconds (100.14 M allocations: 221.103 GiB, 78.95% gc time)
1701
2878.350718 seconds (97.41 M allocations: 214.926 GiB, 80.36% gc time)
1506
2663.171401 seconds (88.81 M allocations: 198.840 GiB, 80.31% gc time)
1431
2667.117767 seconds (86.45 M allocations: 193.949 GiB, 80.94% gc time)
1536
3103.423357 seconds (96.01 M allocations: 214.664 GiB, 81.82% gc time)
1476
3451.150726 seconds (114.86 M allocations: 253.153 GiB, 80.92% gc time)
1641
3283.460487 seconds (108.64 M allocations: 240.399 GiB, 81.03% gc time)
1671
3510.111215 seconds (118.89 M allocations: 261.529 GiB, 80.67% gc time)
1521
2739.404753 seconds (93.15 M allocations: 204.981 GiB, 80.93% gc time)
2830.132710 seconds (97.15 M allocations: 213.281 GiB, 80.82% gc time)
1415
2739.800177 seconds (94.89 M allocations: 209.546 GiB, 80.50% gc time)
1566
2584.587640 seconds (95.07 M allocations: 210.007 GiB, 79.46% gc time)
2440.621457 seconds (93.50 M allocations: 208.023 GiB, 78.35% gc time)
1581
2397.630121 seconds (88.76 M allocations: 197.791 GiB, 78.98% gc time)
1596
2624.264224 seconds (96.15 M allocations: 213.752 GiB, 79.34% gc time)
1461
2469.414202 seconds (90.56 M allocations: 200.332 GiB, 79.22% gc time)
2467.953354 seconds (84.68 M allocations: 189.285 GiB, 80.14% gc time)
2572.511979 seconds (95.63 M allocations: 215.814 GiB, 78.28% gc time)
2218.214117 seconds (86.37 M allocations: 195.906 GiB, 77.33% gc time)
1766.304278 seconds (79.21 M allocations: 181.505 GiB, 73.90% gc time)
2098.866670 seconds (86.98 M allocations: 199.687 GiB, 75.46% gc time)
1605.259614 seconds (77.11 M allocations: 178.173 GiB, 71.74% gc time)
1379.730918 seconds (74.98 M allocations: 174.778 GiB, 67.67% gc time)
1169.000427 seconds (71.67 M allocations: 168.274 GiB, 63.12% gc time)
1121.301816 seconds (69.55 M allocations: 164.914 GiB, 62.15% gc time)
1035.119007 seconds (64.20 M allocations: 153.054 GiB, 61.81% gc time)
988.025391 seconds (61.84 M allocations: 149.069 GiB, 60.79% gc time)
801.602466 seconds (52.94 M allocations: 132.267 GiB, 55.92% gc time)
931.791382 seconds (60.27 M allocations: 147.116 GiB, 58.39% gc time)
854.646286 seconds (56.36 M allocations: 139.055 GiB, 56.77% gc time)
1416
614.968177 seconds (45.79 M allocations: 113.520 GiB, 47.80% gc time)
466.495943 seconds (38.42 M allocations: 98.238 GiB, 36.79% gc time)
467.535553 seconds (38.50 M allocations: 98.786 GiB, 34.36% gc time)
203.548804 seconds (6.41 M allocations: 16.818 GiB, 4.64% gc time)
