/1.8.5(5):ERROR:150: Module '/1.8.5' conflicts with the currently loaded module(s) 'julia/1.8.5'
/1.8.5(5):ERROR:102: Tcl command execution failed: conflict	 julia 

Number of threads: 16
1401
1553
1458
1572
1534
1420
1684
1439
16101629

1648
1515
1477
1591
1666
1496
1689.960412 seconds (55.06 M allocations: 144.365 GiB, 59.43% gc time)
1535
1780.719040 seconds (56.20 M allocations: 146.275 GiB, 61.15% gc time, 0.04% compilation time)
1611
1808.179384 seconds (57.46 M allocations: 147.858 GiB, 61.58% gc time, 0.04% compilation time)
1402
1808.417852 seconds (57.78 M allocations: 148.253 GiB, 61.57% gc time, 0.04% compilation time)
1554
1841.427728 seconds (61.70 M allocations: 153.055 GiB, 61.84% gc time, 0.04% compilation time)
1478
1849.118477 seconds (62.68 M allocations: 155.046 GiB, 61.58% gc time, 0.04% compilation time)
1630
1853.430770 seconds (63.13 M allocations: 155.989 GiB, 61.44% gc time, 0.04% compilation time)
1649
1859.228174 seconds (63.83 M allocations: 157.282 GiB, 61.25% gc time, 0.04% compilation time)
1859.790786 seconds (63.91 M allocations: 157.413 GiB, 61.23% gc time, 0.04% compilation time)
1573
1685
1865.643712 seconds (64.84 M allocations: 158.888 GiB, 61.04% gc time, 0.04% compilation time)
1421
1871.397866 seconds (65.84 M allocations: 160.360 GiB, 60.85% gc time, 0.04% compilation time)
1440
1880.663080 seconds (67.72 M allocations: 162.908 GiB, 60.55% gc time, 0.03% compilation time)
1880.758872 seconds (67.74 M allocations: 162.936 GiB, 60.55% gc time, 0.03% compilation time)
1592
1516
1888.462041 seconds (69.58 M allocations: 165.202 GiB, 60.30% gc time, 0.03% compilation time)
1459
1895.389902 seconds (71.30 M allocations: 167.263 GiB, 60.08% gc time, 0.03% compilation time)
1497
2012.854162 seconds (82.59 M allocations: 178.866 GiB, 60.73% gc time, 0.03% compilation time)
1667
698.623634 seconds (50.65 M allocations: 132.843 GiB, 7.04% gc time)
1668
3585.109399 seconds (75.37 M allocations: 165.494 GiB, 76.31% gc time)
1536
3007.566087 seconds (55.45 M allocations: 141.437 GiB, 74.61% gc time)
1517
3232.092503 seconds (55.49 M allocations: 141.640 GiB, 75.87% gc time)
1460
3297.300045 seconds (62.41 M allocations: 150.419 GiB, 75.92% gc time)
1422
3790.053425 seconds (65.26 M allocations: 154.334 GiB, 77.81% gc time)
1650
3327.880413 seconds (60.80 M allocations: 150.084 GiB, 74.59% gc time)
1498
3993.929375 seconds (72.52 M allocations: 164.141 GiB, 73.84% gc time)
1479
