/1.8.5(5):ERROR:150: Module '/1.8.5' conflicts with the currently loaded module(s) 'julia/1.8.5'
/1.8.5(5):ERROR:102: Tcl command execution failed: conflict	 julia 

Number of threads: 16
1401
1458
1477
1684
1420
1629
1648
1610
1666
1572
1515
1439
1553
1496
15911534

737.382860 seconds (47.31 M allocations: 124.061 GiB, 28.38% gc time)
1611
779.134946 seconds (48.08 M allocations: 125.389 GiB, 31.48% gc time, 0.00% compilation time)
1402
970.867509 seconds (55.48 M allocations: 141.121 GiB, 37.30% gc time, 0.00% compilation time)
1573
995.400872 seconds (57.46 M allocations: 145.660 GiB, 36.38% gc time, 0.00% compilation time)
1535
1212.247600 seconds (61.28 M allocations: 151.954 GiB, 45.89% gc time, 0.00% compilation time)
1630
1216.940290 seconds (61.77 M allocations: 153.044 GiB, 45.71% gc time, 0.00% compilation time)
1554
1223.011956 seconds (62.40 M allocations: 154.354 GiB, 45.49% gc time, 0.00% compilation time)
1667
1242.156065 seconds (64.62 M allocations: 158.489 GiB, 44.79% gc time, 0.00% compilation time)
1592
1250.479672 seconds (65.73 M allocations: 160.379 GiB, 44.49% gc time, 0.00% compilation time)
1459
1276.186489 seconds (69.58 M allocations: 166.506 GiB, 43.59% gc time, 0.00% compilation time)
1277.535547 seconds (69.79 M allocations: 166.831 GiB, 43.55% gc time, 0.00% compilation time)
1421
1440
1279.940970 seconds (70.23 M allocations: 167.476 GiB, 43.46% gc time, 0.00% compilation time)
1685
1285.474380 seconds (71.32 M allocations: 168.975 GiB, 43.28% gc time, 0.00% compilation time)
1516
1295.813653 seconds (73.25 M allocations: 171.620 GiB, 42.93% gc time, 0.00% compilation time)
1497
1329.010607 seconds (82.63 M allocations: 181.136 GiB, 41.86% gc time, 0.00% compilation time)
1649
1720.902033 seconds (90.62 M allocations: 204.840 GiB, 50.62% gc time, 0.00% compilation time)
1478
950.359748 seconds (55.85 M allocations: 128.429 GiB, 48.28% gc time)
1631
1157.180351 seconds (66.41 M allocations: 146.829 GiB, 50.84% gc time)
1574
1459.378872 seconds (76.96 M allocations: 169.109 GiB, 53.49% gc time)
1612
869.027931 seconds (51.14 M allocations: 124.606 GiB, 44.37% gc time)
1517
1136.765325 seconds (63.72 M allocations: 141.875 GiB, 53.69% gc time)
1555
890.117401 seconds (54.93 M allocations: 131.572 GiB, 43.32% gc time)
1422
1666.651624 seconds (92.57 M allocations: 198.670 GiB, 53.63% gc time)
1403
1803.950770 seconds (86.48 M allocations: 185.243 GiB, 61.53% gc time)
1536
1493.571995 seconds (68.16 M allocations: 158.902 GiB, 59.75% gc time)
1686
1575.931185 seconds (74.94 M allocations: 167.133 GiB, 61.08% gc time)
1460
1811.229537 seconds (81.30 M allocations: 176.166 GiB, 64.79% gc time)
1668
1608.305130 seconds (73.29 M allocations: 167.236 GiB, 61.28% gc time)
1650
1932.682706 seconds (86.83 M allocations: 190.939 GiB, 64.26% gc time)
1593
2023.857272 seconds (86.77 M allocations: 193.348 GiB, 65.04% gc time)
1441
2222.503746 seconds (90.37 M allocations: 199.262 GiB, 67.45% gc time)
1498
2196.266723 seconds (87.37 M allocations: 196.330 GiB, 67.07% gc time)
1479
1797.904748 seconds (57.01 M allocations: 127.372 GiB, 74.11% gc time)
1556
1906.213429 seconds (59.24 M allocations: 131.316 GiB, 74.93% gc time)
1423
2213.498273 seconds (71.17 M allocations: 153.214 GiB, 75.30% gc time)
1575
2304.734199 seconds (75.12 M allocations: 164.212 GiB, 74.12% gc time)
1518
2443.700942 seconds (81.54 M allocations: 176.674 GiB, 73.99% gc time)
1613
2460.474608 seconds (82.07 M allocations: 177.400 GiB, 74.10% gc time)
1632
2139.048915 seconds (76.14 M allocations: 169.068 GiB, 70.86% gc time)
1537
2132.970289 seconds (74.55 M allocations: 166.731 GiB, 71.00% gc time)
1687
2323.340621 seconds (77.98 M allocations: 173.895 GiB, 72.33% gc time)
1461
2481.526847 seconds (88.23 M allocations: 192.183 GiB, 71.84% gc time)
1404
2109.609632 seconds (77.46 M allocations: 173.756 GiB, 69.26% gc time)
1669
2108.840874 seconds (74.30 M allocations: 164.252 GiB, 71.21% gc time)
1594
1815.175468 seconds (69.38 M allocations: 155.608 GiB, 67.95% gc time)
1499
2138.039146 seconds (79.75 M allocations: 176.354 GiB, 69.60% gc time)
1442
3160.851339 seconds (94.08 M allocations: 207.380 GiB, 75.64% gc time)
1651
