/1.8.5(5):ERROR:150: Module '/1.8.5' conflicts with the currently loaded module(s) 'julia/1.8.5'
/1.8.5(5):ERROR:102: Tcl command execution failed: conflict	 julia 

Number of threads: 20
152
402102
27127
302

477
252
352
452
427
177
377
77
277
327
52
227
202
1

801.336087 seconds (68.53 M allocations: 179.652 GiB, 32.64% gc time)
128
907.832827 seconds (71.11 M allocations: 184.294 GiB, 39.38% gc time, 0.03% compilation time)
228
913.347716 seconds (71.87 M allocations: 186.018 GiB, 39.14% gc time, 0.03% compilation time)
403
917.599416 seconds (72.37 M allocations: 187.149 GiB, 38.96% gc time, 0.03% compilation time)
918.233990 seconds (72.45 M allocations: 187.324 GiB, 38.93% gc time, 0.03% compilation time)
2
53
925.202084 seconds (73.47 M allocations: 189.244 GiB, 38.64% gc time, 0.03% compilation time)
153
928.057920 seconds (73.95 M allocations: 190.070 GiB, 38.52% gc time, 0.03% compilation time)
303
935.655764 seconds (75.33 M allocations: 192.328 GiB, 38.21% gc time, 0.03% compilation time)
253
938.528589 seconds (75.86 M allocations: 193.161 GiB, 38.09% gc time, 0.03% compilation time)
28
941.290653 seconds (76.41 M allocations: 193.986 GiB, 37.98% gc time, 0.03% compilation time)
353
1153.028048 seconds (78.12 M allocations: 195.890 GiB, 49.14% gc time, 0.02% compilation time)
278
1153.772046 seconds (79.20 M allocations: 197.100 GiB, 49.11% gc time, 0.02% compilation time)
1153.760274 seconds (79.20 M allocations: 197.095 GiB, 49.11% gc time, 0.02% compilation time)
203
428
1154.314447 seconds (79.78 M allocations: 197.752 GiB, 49.08% gc time, 0.02% compilation time)
1154.173710 seconds (79.75 M allocations: 197.718 GiB, 49.09% gc time, 0.02% compilation time)
78
378
1218.079942 seconds (86.76 M allocations: 204.795 GiB, 51.53% gc time, 0.02% compilation time)
1218.158822 seconds (86.88 M allocations: 204.924 GiB, 51.52% gc time, 0.02% compilation time)
328
178
1221.094683 seconds (89.21 M allocations: 207.558 GiB, 51.40% gc time, 0.02% compilation time)
1221.350144 seconds (89.37 M allocations: 207.758 GiB, 51.39% gc time, 0.02% compilation time)
453
103
1304.159157 seconds (102.85 M allocations: 221.556 GiB, 52.14% gc time, 0.02% compilation time)
478
920.254827 seconds (78.03 M allocations: 184.766 GiB, 48.33% gc time)
154
1373.327197 seconds (97.75 M allocations: 212.695 GiB, 61.30% gc time)
129
1089.741755 seconds (85.67 M allocations: 197.708 GiB, 54.09% gc time)
3
1165.043498 seconds (85.00 M allocations: 197.563 GiB, 56.84% gc time)
54
1253.580697 seconds (87.49 M allocations: 200.948 GiB, 59.49% gc time)
304
1041.310130 seconds (80.35 M allocations: 193.292 GiB, 51.94% gc time)
279
946.239118 seconds (76.02 M allocations: 189.375 GiB, 47.08% gc time)
179
1137.843095 seconds (83.47 M allocations: 198.009 GiB, 55.22% gc time)
354
1139.242225 seconds (83.58 M allocations: 198.335 GiB, 55.15% gc time)
29
1090.710789 seconds (81.70 M allocations: 196.743 GiB, 53.02% gc time)
479
1189.865392 seconds (87.07 M allocations: 202.558 GiB, 56.62% gc time)
204
1504.036716 seconds (94.51 M allocations: 210.992 GiB, 65.20% gc time)
254
1341.749299 seconds (91.99 M allocations: 209.181 GiB, 60.87% gc time)
379
1617.753513 seconds (100.43 M allocations: 218.419 GiB, 67.00% gc time)
404
1375.182368 seconds (92.96 M allocations: 212.664 GiB, 61.03% gc time)
329
1411.993323 seconds (96.91 M allocations: 217.155 GiB, 61.78% gc time)
1689.000167 seconds (105.73 M allocations: 226.919 GiB, 67.46% gc time)
229
429
1482.596247 seconds (98.70 M allocations: 220.237 GiB, 63.04% gc time)
79
1389.303152 seconds (94.97 M allocations: 216.890 GiB, 60.40% gc time)
454
1557.596346 seconds (101.97 M allocations: 225.952 GiB, 63.84% gc time)
104
1518.751087 seconds (96.42 M allocations: 211.392 GiB, 65.33% gc time)
155
1523.400947 seconds (96.56 M allocations: 211.719 GiB, 65.35% gc time)
130
1239.923332 seconds (86.15 M allocations: 196.585 GiB, 59.55% gc time)
280
1198.009688 seconds (81.91 M allocations: 191.842 GiB, 58.45% gc time)
255
1399.017007 seconds (90.11 M allocations: 204.403 GiB, 62.95% gc time)
30
1398.869116 seconds (89.85 M allocations: 204.153 GiB, 62.95% gc time)
355
1493.662122 seconds (93.66 M allocations: 209.276 GiB, 64.82% gc time)
305
1407.762020 seconds (92.12 M allocations: 208.065 GiB, 62.55% gc time)
180
1302.892945 seconds (89.61 M allocations: 205.384 GiB, 59.59% gc time)
480
1712.672261 seconds (102.77 M allocations: 222.863 GiB, 67.69% gc time)
55
1128.017325 seconds (82.27 M allocations: 192.202 GiB, 56.19% gc time)
455
1203.647089 seconds (85.45 M allocations: 197.120 GiB, 58.26% gc time)
230
1885.986868 seconds (113.14 M allocations: 236.244 GiB, 69.82% gc time)
4
1209.123067 seconds (87.24 M allocations: 200.058 GiB, 58.00% gc time)
80
1368.654486 seconds (91.60 M allocations: 205.462 GiB, 62.42% gc time)
430
1227.279542 seconds (88.05 M allocations: 199.465 GiB, 59.11% gc time)
105
1545.856187 seconds (93.80 M allocations: 209.825 GiB, 65.99% gc time)
330
1734.706969 seconds (105.11 M allocations: 226.821 GiB, 67.75% gc time)
405
1738.481095 seconds (105.92 M allocations: 228.423 GiB, 67.60% gc time)
380
1851.352919 seconds (112.39 M allocations: 237.272 GiB, 68.90% gc time)
205
1820.100557 seconds (96.53 M allocations: 211.697 GiB, 71.59% gc time)
156
1604.410816 seconds (82.87 M allocations: 189.814 GiB, 70.34% gc time)
31
1618.657301 seconds (82.22 M allocations: 189.879 GiB, 70.40% gc time)
481
1792.173808 seconds (96.42 M allocations: 210.934 GiB, 71.20% gc time)
281
1656.791635 seconds (87.39 M allocations: 197.315 GiB, 70.31% gc time)
1996.734457 seconds (99.63 M allocations: 216.643 GiB, 73.51% gc time)
356
131
1758.585071 seconds (96.26 M allocations: 211.246 GiB, 70.40% gc time)
256
1919.796500 seconds (87.00 M allocations: 197.419 GiB, 74.17% gc time)
56
1944.050588 seconds (92.79 M allocations: 206.206 GiB, 73.67% gc time)
456
1562.621232 seconds (78.69 M allocations: 186.396 GiB, 69.01% gc time)
406
2369.879728 seconds (99.00 M allocations: 216.097 GiB, 77.51% gc time)
181
1970.670588 seconds (87.94 M allocations: 199.281 GiB, 74.46% gc time)
431
2393.492392 seconds (100.71 M allocations: 219.112 GiB, 77.45% gc time)
306
1980.570106 seconds (89.21 M allocations: 202.149 GiB, 74.09% gc time)
106
2450.411444 seconds (101.38 M allocations: 221.865 GiB, 77.47% gc time)
231
2700.807532 seconds (104.72 M allocations: 228.845 GiB, 78.88% gc time)
5
2735.477865 seconds (107.07 M allocations: 232.578 GiB, 78.90% gc time)
81
2509.146734 seconds (101.53 M allocations: 225.798 GiB, 77.32% gc time)
331
2772.269221 seconds (105.32 M allocations: 236.079 GiB, 78.36% gc time)
381
2853.114225 seconds (107.88 M allocations: 241.528 GiB, 78.65% gc time)
206
2216.877251 seconds (81.44 M allocations: 181.118 GiB, 79.56% gc time)
482
2303.129483 seconds (84.13 M allocations: 191.883 GiB, 78.85% gc time)
257
2775.939837 seconds (98.03 M allocations: 212.154 GiB, 81.12% gc time)
157
2463.833840 seconds (91.30 M allocations: 202.626 GiB, 79.47% gc time)
282
2621.739489 seconds (93.07 M allocations: 208.895 GiB, 79.87% gc time)
132
2236.802009 seconds (86.72 M allocations: 196.899 GiB, 77.79% gc time)
407
2628.558962 seconds (93.87 M allocations: 210.860 GiB, 79.66% gc time)
57
2998.526280 seconds (104.92 M allocations: 226.404 GiB, 81.28% gc time)
32
3018.403303 seconds (101.38 M allocations: 220.766 GiB, 81.81% gc time)
357
2523.871485 seconds (89.65 M allocations: 201.494 GiB, 79.98% gc time)
182
2552.008259 seconds (89.75 M allocations: 201.737 GiB, 80.18% gc time)
307
2862.459807 seconds (99.20 M allocations: 215.777 GiB, 81.40% gc time)
457
2690.429129 seconds (94.06 M allocations: 208.910 GiB, 80.61% gc time)
107
2906.705596 seconds (96.40 M allocations: 212.527 GiB, 81.82% gc time)
432
3077.829520 seconds (97.34 M allocations: 213.806 GiB, 82.79% gc time)
232
2800.715819 seconds (92.36 M allocations: 205.073 GiB, 81.66% gc time)
332
3194.152610 seconds (97.49 M allocations: 214.372 GiB, 83.26% gc time)
82
2574.746891 seconds (89.41 M allocations: 196.917 GiB, 80.97% gc time)
382
3721.190428 seconds (108.16 M allocations: 235.631 GiB, 84.22% gc time)
6
3083.633104 seconds (103.05 M allocations: 228.717 GiB, 80.86% gc time)
207
2883.314448 seconds (83.44 M allocations: 183.839 GiB, 83.15% gc time)
283
3414.423503 seconds (93.98 M allocations: 207.114 GiB, 83.99% gc time)
158
3772.897085 seconds (97.48 M allocations: 212.747 GiB, 85.23% gc time)
258
3243.772224 seconds (86.59 M allocations: 194.201 GiB, 84.07% gc time)
58
3308.819021 seconds (88.35 M allocations: 197.194 GiB, 84.19% gc time)
133
3380.811413 seconds (88.52 M allocations: 197.311 GiB, 84.55% gc time)
358
3866.975996 seconds (95.91 M allocations: 212.176 GiB, 85.53% gc time)
408
3509.978356 seconds (88.75 M allocations: 199.711 GiB, 84.82% gc time)
308
3910.390677 seconds (99.13 M allocations: 216.247 GiB, 85.53% gc time)
33
3114.243924 seconds (88.86 M allocations: 198.881 GiB, 83.05% gc time)
458
4720.594091 seconds (123.67 M allocations: 263.623 GiB, 85.54% gc time)
483
3005.845515 seconds (89.17 M allocations: 201.120 GiB, 81.90% gc time)
433
2955.113872 seconds (89.82 M allocations: 198.391 GiB, 82.17% gc time)
233
3017.842541 seconds (90.55 M allocations: 200.565 GiB, 82.35% gc time)
333
3025.279439 seconds (89.95 M allocations: 200.736 GiB, 82.32% gc time)
83
3188.314695 seconds (94.51 M allocations: 210.694 GiB, 82.36% gc time)
383
3096.701624 seconds (91.30 M allocations: 202.268 GiB, 82.77% gc time)
7
4294.977686 seconds (120.85 M allocations: 266.205 GiB, 83.49% gc time)
108
4299.235234 seconds (122.01 M allocations: 268.224 GiB, 83.41% gc time)
183
3369.836809 seconds (98.56 M allocations: 216.941 GiB, 83.06% gc time)
208
3238.848578 seconds (94.60 M allocations: 206.554 GiB, 83.38% gc time)
284
2741.382297 seconds (86.38 M allocations: 189.065 GiB, 81.95% gc time)
259
2562.443354 seconds (87.13 M allocations: 190.339 GiB, 80.62% gc time)
59
2873.955032 seconds (93.88 M allocations: 202.127 GiB, 81.81% gc time)
159
1994.990952 seconds (70.99 M allocations: 163.080 GiB, 78.25% gc time)
484
2350.805929 seconds (83.02 M allocations: 187.853 GiB, 78.80% gc time)
459
2476.399615 seconds (87.53 M allocations: 197.152 GiB, 78.99% gc time)
34
2627.003250 seconds (95.53 M allocations: 210.605 GiB, 78.87% gc time)
309
2868.399784 seconds (103.28 M allocations: 222.782 GiB, 79.82% gc time)
359
3131.334419 seconds (102.27 M allocations: 222.329 GiB, 81.38% gc time)
409
2947.530762 seconds (94.07 M allocations: 209.163 GiB, 81.33% gc time)
434
2707.724073 seconds (91.50 M allocations: 204.282 GiB, 80.05% gc time)
234
2485.539208 seconds (88.57 M allocations: 198.070 GiB, 78.82% gc time)
334
2638.188539 seconds (93.21 M allocations: 207.312 GiB, 79.01% gc time)
384
4092.876682 seconds (127.61 M allocations: 271.922 GiB, 82.55% gc time)
134
2810.611829 seconds (94.45 M allocations: 208.376 GiB, 80.36% gc time)
8
3441.754289 seconds (114.73 M allocations: 254.999 GiB, 79.94% gc time)
84
2761.526255 seconds (94.97 M allocations: 211.921 GiB, 79.44% gc time)
209
3140.345182 seconds (105.03 M allocations: 233.937 GiB, 79.99% gc time)
184
3293.902862 seconds (108.64 M allocations: 240.926 GiB, 80.45% gc time)
109
2842.283391 seconds (90.76 M allocations: 198.630 GiB, 81.51% gc time)
285
2639.802645 seconds (85.91 M allocations: 190.329 GiB, 80.88% gc time)
485
2810.502633 seconds (90.07 M allocations: 198.023 GiB, 81.45% gc time)
60
3142.703175 seconds (92.99 M allocations: 203.444 GiB, 82.94% gc time)
160
3274.381011 seconds (100.82 M allocations: 217.523 GiB, 82.60% gc time)
260
2927.231930 seconds (91.12 M allocations: 201.826 GiB, 81.64% gc time)
310
3170.532936 seconds (97.33 M allocations: 213.191 GiB, 82.27% gc time)
460
2640.079282 seconds (88.09 M allocations: 195.299 GiB, 80.38% gc time)
360
2428.033370 seconds (82.58 M allocations: 185.719 GiB, 79.67% gc time)
335
2650.075247 seconds (89.58 M allocations: 199.763 GiB, 80.17% gc time)
435
2796.148856 seconds (92.89 M allocations: 206.525 GiB, 80.62% gc time)
235
2975.517073 seconds (96.57 M allocations: 213.403 GiB, 81.26% gc time)
410
2867.676422 seconds (95.48 M allocations: 211.348 GiB, 80.82% gc time)
385
2776.734399 seconds (94.82 M allocations: 209.399 GiB, 80.45% gc time)
135
4090.056013 seconds (124.14 M allocations: 268.799 GiB, 82.82% gc time)
35
2718.549816 seconds (95.77 M allocations: 211.802 GiB, 79.88% gc time)
9
2805.126013 seconds (102.16 M allocations: 226.444 GiB, 79.14% gc time)
85
2691.828383 seconds (96.72 M allocations: 214.067 GiB, 79.43% gc time)
210
2764.485874 seconds (98.70 M allocations: 217.374 GiB, 79.69% gc time)
185
2725.285595 seconds (96.95 M allocations: 214.737 GiB, 79.35% gc time)
110
2419.493868 seconds (85.42 M allocations: 190.371 GiB, 78.73% gc time)
161
3064.549093 seconds (99.99 M allocations: 218.615 GiB, 81.06% gc time)
286
3019.860038 seconds (95.51 M allocations: 209.205 GiB, 81.60% gc time)
61
2937.197882 seconds (97.20 M allocations: 215.635 GiB, 80.42% gc time)
261
2898.822145 seconds (91.09 M allocations: 202.252 GiB, 81.55% gc time)
311
2912.699035 seconds (91.03 M allocations: 202.558 GiB, 81.58% gc time)
361
3771.553351 seconds (119.89 M allocations: 262.008 GiB, 81.80% gc time)
486
2855.718638 seconds (95.41 M allocations: 213.059 GiB, 80.22% gc time)
336
2644.239361 seconds (88.34 M allocations: 195.864 GiB, 80.39% gc time)
236
2552.205707 seconds (88.51 M allocations: 194.998 GiB, 80.05% gc time)
411
2937.779587 seconds (98.90 M allocations: 215.677 GiB, 80.86% gc time)
436
3195.331413 seconds (110.12 M allocations: 239.357 GiB, 80.63% gc time)
461
2751.591317 seconds (96.34 M allocations: 211.178 GiB, 80.11% gc time)
386
2787.156579 seconds (95.70 M allocations: 209.643 GiB, 80.51% gc time)
136
2604.602738 seconds (98.30 M allocations: 218.508 GiB, 78.12% gc time)
10
2652.531984 seconds (100.42 M allocations: 221.798 GiB, 78.30% gc time)
36
2387.808142 seconds (94.39 M allocations: 208.269 GiB, 77.82% gc time)
211
2612.481444 seconds (101.68 M allocations: 224.781 GiB, 78.19% gc time)
86
2355.859295 seconds (95.06 M allocations: 210.694 GiB, 77.58% gc time)
186
2423.659167 seconds (100.32 M allocations: 221.637 GiB, 77.17% gc time)
111
2335.500658 seconds (94.62 M allocations: 206.689 GiB, 78.47% gc time)
162
2094.395357 seconds (95.58 M allocations: 209.193 GiB, 75.69% gc time)
287
2107.172514 seconds (95.17 M allocations: 208.159 GiB, 75.97% gc time)
62
1981.743773 seconds (95.70 M allocations: 209.521 GiB, 74.24% gc time)
262
2112.595539 seconds (93.64 M allocations: 204.636 GiB, 76.40% gc time)
312
2103.095388 seconds (94.44 M allocations: 206.204 GiB, 76.14% gc time)
362
2060.182154 seconds (96.33 M allocations: 212.638 GiB, 74.79% gc time)
487
2041.936982 seconds (89.86 M allocations: 200.770 GiB, 75.78% gc time)
437
2082.981144 seconds (93.11 M allocations: 206.384 GiB, 75.74% gc time)
412
2183.194989 seconds (98.48 M allocations: 216.699 GiB, 75.82% gc time)
237
2255.397755 seconds (105.30 M allocations: 229.879 GiB, 75.20% gc time)
337
2208.894672 seconds (101.59 M allocations: 224.915 GiB, 74.75% gc time)
462
2022.907235 seconds (96.38 M allocations: 211.359 GiB, 74.43% gc time)
387
2172.108745 seconds (96.61 M allocations: 211.864 GiB, 76.13% gc time)
137
2152.440744 seconds (96.59 M allocations: 211.795 GiB, 75.87% gc time)
11
2185.186129 seconds (98.05 M allocations: 215.630 GiB, 75.76% gc time)
37
2086.244279 seconds (94.05 M allocations: 209.487 GiB, 75.10% gc time)
187
2252.994138 seconds (105.01 M allocations: 231.707 GiB, 74.75% gc time)
212
2296.815942 seconds (100.26 M allocations: 220.169 GiB, 76.49% gc time)
87
2211.993463 seconds (99.09 M allocations: 218.375 GiB, 75.77% gc time)
112
2178.949173 seconds (94.88 M allocations: 207.330 GiB, 76.72% gc time)
163
2266.164075 seconds (93.52 M allocations: 205.931 GiB, 77.69% gc time)
63
2460.192184 seconds (105.23 M allocations: 232.360 GiB, 76.86% gc time)
288
2151.155085 seconds (91.08 M allocations: 202.404 GiB, 76.86% gc time)
363
2329.432047 seconds (100.73 M allocations: 220.512 GiB, 77.00% gc time)
263
2272.587166 seconds (97.20 M allocations: 212.793 GiB, 77.23% gc time)
313
1917.181235 seconds (82.81 M allocations: 184.370 GiB, 76.27% gc time)
238
2051.824091 seconds (93.62 M allocations: 201.902 GiB, 76.32% gc time)
488
2212.405389 seconds (97.30 M allocations: 215.945 GiB, 76.05% gc time)
413
2224.197342 seconds (98.78 M allocations: 218.046 GiB, 76.03% gc time)
438
2070.822434 seconds (96.13 M allocations: 210.689 GiB, 75.47% gc time)
338
1788.970393 seconds (93.86 M allocations: 209.090 GiB, 71.75% gc time)
138
1997.070156 seconds (97.83 M allocations: 215.765 GiB, 74.05% gc time)
388
2364.367171 seconds (104.79 M allocations: 229.062 GiB, 76.85% gc time)
463
2072.885981 seconds (94.16 M allocations: 205.512 GiB, 76.43% gc time)
12
2262.483717 seconds (105.46 M allocations: 235.150 GiB, 74.92% gc time)
38
2207.281575 seconds (94.35 M allocations: 206.015 GiB, 77.79% gc time)
188
2160.711239 seconds (96.12 M allocations: 210.729 GiB, 76.72% gc time)
213
2203.807094 seconds (96.36 M allocations: 211.254 GiB, 77.10% gc time)
88
2146.983665 seconds (96.45 M allocations: 211.470 GiB, 76.48% gc time)
113
2017.039149 seconds (100.95 M allocations: 223.290 GiB, 73.41% gc time)
164
1979.105565 seconds (95.86 M allocations: 211.564 GiB, 74.33% gc time)
64
1607.680060 seconds (80.18 M allocations: 179.702 GiB, 72.83% gc time)
489
1899.908046 seconds (90.39 M allocations: 201.464 GiB, 74.31% gc time)
264
1988.181487 seconds (97.95 M allocations: 213.555 GiB, 74.36% gc time)
364
2058.908904 seconds (103.44 M allocations: 224.111 GiB, 74.14% gc time)
289
2139.743465 seconds (99.88 M allocations: 220.426 GiB, 75.12% gc time)
239
2160.434596 seconds (101.92 M allocations: 223.199 GiB, 75.19% gc time)
314
1887.539914 seconds (90.54 M allocations: 198.134 GiB, 74.82% gc time)
439
2096.440920 seconds (95.53 M allocations: 208.196 GiB, 76.14% gc time)
414
2144.876482 seconds (96.89 M allocations: 212.627 GiB, 76.00% gc time)
339
2123.019843 seconds (97.66 M allocations: 215.310 GiB, 75.16% gc time)
139
2034.122553 seconds (97.46 M allocations: 214.531 GiB, 74.20% gc time)
389
2026.450185 seconds (96.72 M allocations: 212.552 GiB, 74.39% gc time)
464
2040.719877 seconds (98.34 M allocations: 216.435 GiB, 74.02% gc time)
13
2018.264638 seconds (92.10 M allocations: 202.250 GiB, 75.20% gc time)
189
2173.363128 seconds (101.82 M allocations: 223.377 GiB, 74.60% gc time)
39
2112.612612 seconds (93.03 M allocations: 204.692 GiB, 75.92% gc time)
89
2205.336487 seconds (99.82 M allocations: 218.138 GiB, 75.60% gc time)
214
2269.521271 seconds (101.80 M allocations: 225.521 GiB, 75.07% gc time)
114
2156.288295 seconds (93.01 M allocations: 203.866 GiB, 76.31% gc time)
165
2212.314820 seconds (96.78 M allocations: 212.296 GiB, 75.94% gc time)
65
2273.459809 seconds (96.82 M allocations: 212.401 GiB, 76.54% gc time)
490
2261.685933 seconds (96.22 M allocations: 211.039 GiB, 76.54% gc time)
265
2259.191495 seconds (95.83 M allocations: 210.509 GiB, 76.55% gc time)
365
2253.392105 seconds (93.74 M allocations: 207.135 GiB, 76.85% gc time)
240
2279.884458 seconds (95.79 M allocations: 211.885 GiB, 76.61% gc time)
315
2373.060429 seconds (103.16 M allocations: 224.650 GiB, 76.50% gc time)
290
2148.538768 seconds (93.96 M allocations: 206.384 GiB, 76.01% gc time)
440
2097.497027 seconds (95.37 M allocations: 210.757 GiB, 74.74% gc time)
340
2447.875671 seconds (105.86 M allocations: 233.878 GiB, 75.95% gc time)
415
2234.321089 seconds (96.54 M allocations: 214.156 GiB, 76.03% gc time)
2275.405566 seconds (98.49 M allocations: 217.075 GiB, 76.26% gc time)
390
140
2112.712495 seconds (95.49 M allocations: 212.486 GiB, 74.79% gc time)
465
1919.308229 seconds (96.17 M allocations: 210.663 GiB, 72.89% gc time)
14
2152.152318 seconds (96.81 M allocations: 212.330 GiB, 75.38% gc time)
190
2059.190321 seconds (94.20 M allocations: 207.676 GiB, 74.73% gc time)
90
2182.928056 seconds (96.60 M allocations: 213.979 GiB, 75.45% gc time)
215
2378.314172 seconds (110.22 M allocations: 243.138 GiB, 74.54% gc time)
40
2060.945856 seconds (93.74 M allocations: 206.475 GiB, 75.18% gc time)
166
1997.180973 seconds (92.18 M allocations: 202.377 GiB, 75.07% gc time)
66
2208.678383 seconds (102.13 M allocations: 223.627 GiB, 74.98% gc time)
115
2115.843161 seconds (91.44 M allocations: 200.987 GiB, 76.33% gc time)
266
2377.465244 seconds (100.92 M allocations: 220.933 GiB, 76.98% gc time)
491
2104.196927 seconds (89.85 M allocations: 198.076 GiB, 76.45% gc time)
241
2192.163338 seconds (96.08 M allocations: 211.338 GiB, 75.98% gc time)
366
2248.686272 seconds (94.65 M allocations: 206.677 GiB, 77.13% gc time)
316
2277.915470 seconds (99.90 M allocations: 222.640 GiB, 75.39% gc time)
441
2055.018617 seconds (92.60 M allocations: 203.479 GiB, 75.45% gc time)
341
2392.902497 seconds (105.37 M allocations: 231.963 GiB, 75.82% gc time)
291
2074.692461 seconds (98.84 M allocations: 217.668 GiB, 73.93% gc time)
416
2086.615352 seconds (94.74 M allocations: 210.941 GiB, 74.64% gc time)
141
2155.532670 seconds (98.63 M allocations: 217.357 GiB, 74.89% gc time)
391
1937.849122 seconds (93.96 M allocations: 207.061 GiB, 73.58% gc time)
15
2334.359202 seconds (107.56 M allocations: 238.349 GiB, 74.47% gc time)
466
1982.322734 seconds (98.40 M allocations: 216.511 GiB, 73.26% gc time)
191
1854.961886 seconds (97.24 M allocations: 213.473 GiB, 71.83% gc time)
91
1853.067116 seconds (97.20 M allocations: 213.359 GiB, 71.81% gc time)
216
1813.663098 seconds (94.45 M allocations: 208.340 GiB, 71.77% gc time)
167
1934.681048 seconds (99.93 M allocations: 218.329 GiB, 72.45% gc time)
41
1740.564298 seconds (95.65 M allocations: 211.483 GiB, 70.24% gc time)
116
1750.824070 seconds (96.31 M allocations: 212.490 GiB, 70.32% gc time)
67
1607.656681 seconds (95.43 M allocations: 208.774 GiB, 68.52% gc time)
267
1599.137766 seconds (94.00 M allocations: 208.801 GiB, 67.82% gc time)
242
1611.074793 seconds (95.70 M allocations: 211.119 GiB, 67.82% gc time)
492
1664.359080 seconds (94.44 M allocations: 209.527 GiB, 68.94% gc time)
367
1652.506536 seconds (94.50 M allocations: 206.330 GiB, 69.56% gc time)
317
1545.105993 seconds (90.07 M allocations: 199.071 GiB, 68.37% gc time)
292
1650.624481 seconds (94.55 M allocations: 208.080 GiB, 69.14% gc time)
342
1721.574839 seconds (100.40 M allocations: 217.466 GiB, 69.47% gc time)
442
1709.271950 seconds (96.57 M allocations: 211.789 GiB, 69.78% gc time)
417
1756.413329 seconds (101.19 M allocations: 223.913 GiB, 68.68% gc time)
142
1640.108094 seconds (95.21 M allocations: 212.234 GiB, 68.10% gc time)
16
1761.483430 seconds (104.48 M allocations: 230.350 GiB, 67.93% gc time)
392
1663.910513 seconds (92.42 M allocations: 203.110 GiB, 70.15% gc time)
192
1847.723027 seconds (102.61 M allocations: 225.453 GiB, 70.03% gc time)
467
1890.277421 seconds (96.88 M allocations: 212.615 GiB, 72.23% gc time)
92
2000.685004 seconds (93.97 M allocations: 207.170 GiB, 73.93% gc time)
168
2165.672620 seconds (102.27 M allocations: 224.549 GiB, 74.05% gc time)
217
1977.413168 seconds (89.64 M allocations: 197.961 GiB, 74.68% gc time)
68
2235.820679 seconds (102.02 M allocations: 223.898 GiB, 74.89% gc time)
42
2164.714988 seconds (98.05 M allocations: 214.957 GiB, 75.04% gc time)
117
2064.727430 seconds (95.39 M allocations: 208.657 GiB, 74.66% gc time)
268
2142.868858 seconds (92.45 M allocations: 205.315 GiB, 75.97% gc time)
368
2136.823889 seconds (90.93 M allocations: 201.441 GiB, 76.37% gc time)
318
2252.395141 seconds (98.78 M allocations: 215.922 GiB, 76.25% gc time)
493
2231.677033 seconds (97.76 M allocations: 214.485 GiB, 76.14% gc time)
243
1967.374908 seconds (90.66 M allocations: 200.630 GiB, 74.59% gc time)
443
2259.715782 seconds (95.76 M allocations: 211.279 GiB, 76.67% gc time)
293
2316.880078 seconds (99.04 M allocations: 215.926 GiB, 76.94% gc time)
343
2238.751084 seconds (99.56 M allocations: 219.591 GiB, 75.63% gc time)
418
2265.116881 seconds (95.72 M allocations: 211.704 GiB, 76.67% gc time)
17
2436.597096 seconds (101.76 M allocations: 224.326 GiB, 77.11% gc time)
143
2140.739889 seconds (92.54 M allocations: 203.376 GiB, 76.61% gc time)
193
1952.182669 seconds (91.42 M allocations: 202.633 GiB, 74.55% gc time)
93
2173.587620 seconds (99.37 M allocations: 219.096 GiB, 75.13% gc time)
468
2555.987307 seconds (116.13 M allocations: 256.490 GiB, 75.17% gc time)
393
1970.234283 seconds (91.27 M allocations: 200.039 GiB, 75.53% gc time)
218
2074.903986 seconds (96.12 M allocations: 208.376 GiB, 75.96% gc time)
169
2001.895273 seconds (96.27 M allocations: 210.977 GiB, 74.58% gc time)
69
1679.731146 seconds (77.40 M allocations: 174.560 GiB, 74.34% gc time)
494
2182.023596 seconds (97.81 M allocations: 214.998 GiB, 76.09% gc time)
118
2473.772187 seconds (103.17 M allocations: 224.682 GiB, 78.07% gc time)
43
2189.697407 seconds (98.70 M allocations: 216.854 GiB, 75.95% gc time)
269
2236.370520 seconds (95.80 M allocations: 209.785 GiB, 77.11% gc time)
369
2251.981827 seconds (97.61 M allocations: 212.263 GiB, 77.12% gc time)
319
2255.641007 seconds (95.92 M allocations: 209.956 GiB, 77.29% gc time)
244
2259.447302 seconds (94.39 M allocations: 208.170 GiB, 77.39% gc time)
294
2240.686026 seconds (95.19 M allocations: 210.275 GiB, 76.97% gc time)
344
2431.018846 seconds (102.80 M allocations: 225.382 GiB, 77.36% gc time)
444
2278.267334 seconds (101.68 M allocations: 225.101 GiB, 75.67% gc time)
419
2247.443713 seconds (95.73 M allocations: 209.522 GiB, 77.17% gc time)
18
2161.168722 seconds (93.52 M allocations: 205.901 GiB, 76.55% gc time)
194
2332.147972 seconds (102.22 M allocations: 224.351 GiB, 76.44% gc time)
144
2165.314201 seconds (94.57 M allocations: 206.470 GiB, 76.72% gc time)
94
2224.820785 seconds (95.97 M allocations: 210.129 GiB, 76.92% gc time)
469
2118.942411 seconds (98.75 M allocations: 217.418 GiB, 74.86% gc time)
394
2171.687682 seconds (97.74 M allocations: 215.753 GiB, 75.59% gc time)
219
1862.755956 seconds (90.35 M allocations: 199.227 GiB, 73.87% gc time)
2132.682424 seconds (96.78 M allocations: 213.906 GiB, 75.34% gc time)
70
170
1725.145048 seconds (92.77 M allocations: 203.933 GiB, 71.14% gc time)
119
1672.410536 seconds (92.46 M allocations: 205.760 GiB, 69.93% gc time)
44
1828.701287 seconds (93.30 M allocations: 207.517 GiB, 72.26% gc time)
370
1625.843272 seconds (89.65 M allocations: 201.343 GiB, 69.52% gc time)
245
1839.025821 seconds (96.06 M allocations: 212.593 GiB, 71.86% gc time)
270
1932.569139 seconds (99.53 M allocations: 219.471 GiB, 72.38% gc time)
320
2630.115416 seconds (119.31 M allocations: 258.230 GiB, 76.25% gc time)
495
1949.173129 seconds (92.55 M allocations: 201.164 GiB, 75.03% gc time)
295
1994.863929 seconds (98.17 M allocations: 215.917 GiB, 73.67% gc time)
345
2014.138857 seconds (98.65 M allocations: 217.180 GiB, 73.74% gc time)
445
1900.108422 seconds (95.54 M allocations: 209.000 GiB, 73.27% gc time)
420
1829.038458 seconds (90.76 M allocations: 198.669 GiB, 73.55% gc time)
195
1945.173296 seconds (100.18 M allocations: 218.981 GiB, 72.66% gc time)
19
1840.735964 seconds (94.16 M allocations: 207.569 GiB, 72.44% gc time)
95
2090.830889 seconds (100.69 M allocations: 220.340 GiB, 74.40% gc time)
145
2053.163106 seconds (100.72 M allocations: 222.625 GiB, 73.49% gc time)
470
1893.243793 seconds (90.32 M allocations: 201.918 GiB, 73.70% gc time)
71
1954.810792 seconds (93.73 M allocations: 207.439 GiB, 74.01% gc time)
220
2041.218143 seconds (100.53 M allocations: 219.033 GiB, 74.01% gc time)
395
2130.146649 seconds (100.71 M allocations: 222.500 GiB, 74.41% gc time)
171
2032.372824 seconds (97.54 M allocations: 214.298 GiB, 74.26% gc time)
120
1511.941101 seconds (80.31 M allocations: 180.036 GiB, 70.53% gc time)
496
slurmstepd: error: *** JOB 53948263 ON node332 CANCELLED AT 2024-03-01T10:54:21 DUE TO TIME LIMIT ***
