/1.8.5(5):ERROR:150: Module '/1.8.5' conflicts with the currently loaded module(s) 'julia/1.8.5'
/1.8.5(5):ERROR:102: Tcl command execution failed: conflict	 julia 

Number of threads: 16
1591
168416291439

1477

1553
15341458
1610

1648
1666
1496
1572
1401
1515
1420
1994.424192 seconds (54.50 M allocations: 142.929 GiB, 70.47% gc time)
1402
2067.309853 seconds (58.10 M allocations: 150.142 GiB, 70.20% gc time, 0.06% compilation time)
1497
2077.403063 seconds (59.03 M allocations: 152.264 GiB, 69.86% gc time, 0.06% compilation time)
1592
2078.940915 seconds (59.19 M allocations: 152.591 GiB, 69.81% gc time, 0.06% compilation time)
1685
2080.257672 seconds (59.32 M allocations: 152.889 GiB, 69.76% gc time, 0.06% compilation time)
1554
2082.827694 seconds (59.68 M allocations: 153.497 GiB, 69.68% gc time, 0.06% compilation time)
1573
2085.048742 seconds (60.05 M allocations: 154.079 GiB, 69.60% gc time, 0.06% compilation time)
2085.942281 seconds (60.18 M allocations: 154.294 GiB, 69.57% gc time, 0.06% compilation time)
2086.251232 seconds (60.23 M allocations: 154.369 GiB, 69.56% gc time, 0.06% compilation time)
1535
1421
1440
2089.915553 seconds (61.05 M allocations: 155.452 GiB, 69.44% gc time, 0.06% compilation time)
2090.777609 seconds (61.25 M allocations: 155.700 GiB, 69.41% gc time, 0.06% compilation time)
1516
2092.015191 seconds (61.53 M allocations: 156.060 GiB, 69.37% gc time, 0.06% compilation time)
1611
1667
2097.206132 seconds (62.99 M allocations: 157.728 GiB, 69.20% gc time, 0.06% compilation time)
2097.409236 seconds (63.07 M allocations: 157.806 GiB, 69.19% gc time, 0.06% compilation time)
2097.523409 seconds (63.09 M allocations: 157.839 GiB, 69.19% gc time, 0.06% compilation time)
1478
1459
1649
2186.449401 seconds (74.35 M allocations: 169.167 GiB, 68.96% gc time, 0.06% compilation time)
1630
