/1.8.5(5):ERROR:150: Module '/1.8.5' conflicts with the currently loaded module(s) 'julia/1.8.5'
/1.8.5(5):ERROR:102: Tcl command execution failed: conflict	 julia 

Number of threads: 16
1534
1684
16661496
1648

1420
1401
1553
14581515
1572

1610
1629
15911477

1439
724.619107 seconds (53.79 M allocations: 141.068 GiB, 20.47% gc time)
1649
1087.736141 seconds (58.70 M allocations: 151.745 GiB, 43.33% gc time, 0.01% compilation time)
1611
1089.278309 seconds (58.91 M allocations: 152.143 GiB, 43.29% gc time, 0.01% compilation time)
1630
1108.482968 seconds (60.04 M allocations: 153.514 GiB, 44.06% gc time, 0.01% compilation time)
1497
1108.758371 seconds (60.27 M allocations: 153.761 GiB, 44.05% gc time, 0.01% compilation time)
1440
1109.455499 seconds (60.64 M allocations: 154.203 GiB, 44.02% gc time, 0.01% compilation time)
1113.908827 seconds (60.61 M allocations: 154.200 GiB, 43.85% gc time, 0.01% compilation time)
1402
1478
1127.600922 seconds (61.96 M allocations: 155.705 GiB, 44.23% gc time, 0.01% compilation time)
1535
1144.712141 seconds (67.14 M allocations: 161.016 GiB, 44.78% gc time, 0.01% compilation time)
1459
1152.247358 seconds (68.24 M allocations: 162.190 GiB, 45.05% gc time, 0.01% compilation time)
1421
1152.486873 seconds (68.81 M allocations: 162.785 GiB, 45.04% gc time, 0.01% compilation time)
1554
1153.824760 seconds (69.53 M allocations: 163.685 GiB, 44.99% gc time, 0.01% compilation time)
1573
1182.665933 seconds (71.63 M allocations: 166.967 GiB, 43.89% gc time, 0.01% compilation time)
1191.802345 seconds (72.02 M allocations: 167.641 GiB, 43.55% gc time, 0.01% compilation time)
1299.490714 seconds (81.98 M allocations: 178.078 GiB, 44.96% gc time, 0.01% compilation time)
1667
1211.481333 seconds (72.78 M allocations: 169.008 GiB, 42.84% gc time, 0.01% compilation time)
1685
1592
1516
