/1.8.5(5):ERROR:150: Module '/1.8.5' conflicts with the currently loaded module(s) 'julia/1.8.5'
/1.8.5(5):ERROR:102: Tcl command execution failed: conflict	 julia 

Number of threads: 16
1439
1401
1572
166615911496
1477
1515
155316841629

1420
1648
1534
1610



1458
2221.385588 seconds (49.91 M allocations: 130.883 GiB, 72.64% gc time)
1611
2777.226312 seconds (54.85 M allocations: 141.670 GiB, 76.68% gc time, 0.07% compilation time)
1685
2848.885904 seconds (59.30 M allocations: 151.118 GiB, 75.93% gc time, 0.07% compilation time)
1535
2856.169297 seconds (59.96 M allocations: 152.634 GiB, 75.73% gc time, 0.07% compilation time)
1497
2861.501633 seconds (60.53 M allocations: 153.792 GiB, 75.59% gc time, 0.07% compilation time)
1573
2867.339235 seconds (61.29 M allocations: 155.134 GiB, 75.44% gc time, 0.07% compilation time)
1440
2869.841840 seconds (61.59 M allocations: 155.711 GiB, 75.37% gc time, 0.07% compilation time)
2870.007680 seconds (61.62 M allocations: 155.759 GiB, 75.37% gc time, 0.07% compilation time)
1402
1649
2875.755573 seconds (62.67 M allocations: 157.295 GiB, 75.22% gc time, 0.07% compilation time)
1592
2878.439219 seconds (63.13 M allocations: 157.932 GiB, 75.15% gc time, 0.07% compilation time)
1421
2898.183782 seconds (63.49 M allocations: 158.466 GiB, 74.64% gc time, 0.07% compilation time)
1630
2933.131436 seconds (64.22 M allocations: 159.432 GiB, 73.75% gc time, 0.06% compilation time)
1516
2977.952153 seconds (65.16 M allocations: 160.613 GiB, 72.64% gc time, 0.06% compilation time)
1478
3106.970198 seconds (75.36 M allocations: 170.961 GiB, 71.55% gc time, 0.06% compilation time)
1667
