/1.8.5(5):ERROR:150: Module '/1.8.5' conflicts with the currently loaded module(s) 'julia/1.8.5'
/1.8.5(5):ERROR:102: Tcl command execution failed: conflict	 julia 

Number of threads: 20
427
4771
102
5227

77
352
127
327
252
302
452202377


277
227
402
152
177

839.974947 seconds (68.26 M allocations: 179.016 GiB, 38.80% gc time)
103
1023.943577 seconds (69.17 M allocations: 180.755 GiB, 49.36% gc time, 0.01% compilation time)
228
1026.395765 seconds (69.87 M allocations: 181.995 GiB, 49.24% gc time, 0.01% compilation time)
353
1086.552764 seconds (75.10 M allocations: 190.234 GiB, 50.43% gc time, 0.01% compilation time)
478
1089.425754 seconds (75.38 M allocations: 190.946 GiB, 50.29% gc time, 0.01% compilation time)
253
1091.247337 seconds (75.59 M allocations: 191.431 GiB, 50.21% gc time, 0.01% compilation time)
1091.797685 seconds (75.65 M allocations: 191.573 GiB, 50.18% gc time, 0.01% compilation time)
203
378
1098.690143 seconds (76.68 M allocations: 193.497 GiB, 49.87% gc time, 0.01% compilation time)
153
1102.026780 seconds (77.24 M allocations: 194.463 GiB, 49.72% gc time, 0.01% compilation time)
78
1104.071156 seconds (77.59 M allocations: 195.056 GiB, 49.63% gc time, 0.01% compilation time)
1104.566024 seconds (77.72 M allocations: 195.215 GiB, 49.60% gc time, 0.01% compilation time)
1105.133650 seconds (77.79 M allocations: 195.373 GiB, 49.58% gc time, 0.01% compilation time)
128
2
178
1209.820512 seconds (84.19 M allocations: 202.229 GiB, 53.44% gc time, 0.00% compilation time)
28
1210.744362 seconds (85.05 M allocations: 203.214 GiB, 53.40% gc time, 0.00% compilation time)
1211.290765 seconds (85.50 M allocations: 203.721 GiB, 53.38% gc time, 0.00% compilation time)
328
1212.018892 seconds (85.93 M allocations: 204.208 GiB, 53.35% gc time, 0.00% compilation time)
303
278
1298.793934 seconds (92.46 M allocations: 211.228 GiB, 56.03% gc time, 0.00% compilation time)
1299.813836 seconds (92.86 M allocations: 211.800 GiB, 55.99% gc time, 0.00% compilation time)
428
53
1410.818018 seconds (98.71 M allocations: 219.390 GiB, 58.76% gc time, 0.00% compilation time)
453
1441.277207 seconds (111.01 M allocations: 232.645 GiB, 57.52% gc time, 0.00% compilation time)
403
887.873097 seconds (77.75 M allocations: 186.003 GiB, 45.84% gc time)
254
1014.885603 seconds (77.43 M allocations: 186.744 GiB, 52.18% gc time)
154
1291.571817 seconds (97.81 M allocations: 214.869 GiB, 58.27% gc time)
229
1309.977704 seconds (100.26 M allocations: 218.656 GiB, 58.38% gc time)
104
1075.685650 seconds (81.46 M allocations: 194.510 GiB, 53.25% gc time)
179
788.148309 seconds (69.63 M allocations: 176.416 GiB, 40.78% gc time)
404
1207.064880 seconds (84.71 M allocations: 199.117 GiB, 57.60% gc time)
129
1226.105809 seconds (85.99 M allocations: 200.597 GiB, 58.14% gc time)
3
1260.932439 seconds (89.42 M allocations: 204.353 GiB, 59.04% gc time)
79
1343.482541 seconds (95.58 M allocations: 210.873 GiB, 61.21% gc time)
479
1348.020103 seconds (96.62 M allocations: 212.456 GiB, 61.19% gc time)
379
1528.164074 seconds (111.73 M allocations: 233.162 GiB, 63.02% gc time)
1230.592183 seconds (90.47 M allocations: 205.661 GiB, 57.96% gc time)
29
354
1196.763116 seconds (87.74 M allocations: 202.538 GiB, 56.99% gc time)
54
1311.242675 seconds (95.69 M allocations: 212.786 GiB, 59.73% gc time)
204
1304.855096 seconds (94.15 M allocations: 210.842 GiB, 59.69% gc time)
329
1321.720915 seconds (97.35 M allocations: 214.563 GiB, 59.96% gc time)
304
1446.037707 seconds (102.31 M allocations: 222.673 GiB, 62.36% gc time)
279
1417.860424 seconds (100.27 M allocations: 221.242 GiB, 61.40% gc time)
429
1381.620709 seconds (98.91 M allocations: 217.899 GiB, 61.39% gc time)
454
1053.602230 seconds (76.26 M allocations: 174.612 GiB, 58.95% gc time)
405
1175.534576 seconds (85.53 M allocations: 195.218 GiB, 58.85% gc time)
180
1447.527728 seconds (96.93 M allocations: 210.749 GiB, 64.85% gc time)
155
1520.056713 seconds (100.98 M allocations: 217.600 GiB, 65.62% gc time)
255
1436.613335 seconds (88.36 M allocations: 202.497 GiB, 64.77% gc time)
480
1494.312526 seconds (94.32 M allocations: 211.663 GiB, 65.09% gc time)
1493.761768 seconds (93.67 M allocations: 210.916 GiB, 65.11% gc time)
230
130
1512.213119 seconds (96.43 M allocations: 214.320 GiB, 65.27% gc time)
105
1542.960355 seconds (97.80 M allocations: 216.812 GiB, 65.52% gc time)
4
1166.187441 seconds (79.58 M allocations: 189.774 GiB, 58.32% gc time)
280
1492.490830 seconds (91.46 M allocations: 208.673 GiB, 65.05% gc time)
205
1622.750877 seconds (95.43 M allocations: 213.837 GiB, 67.47% gc time)
380
1369.141826 seconds (87.96 M allocations: 202.302 GiB, 63.03% gc time)
430
1557.360572 seconds (94.98 M allocations: 214.874 GiB, 65.75% gc time)
330
1801.063022 seconds (108.94 M allocations: 234.138 GiB, 68.75% gc time)
80
1320.378874 seconds (87.36 M allocations: 199.378 GiB, 62.47% gc time)
455
1591.563183 seconds (97.60 M allocations: 219.086 GiB, 65.95% gc time)
305
1728.796153 seconds (104.15 M allocations: 227.979 GiB, 67.92% gc time)
30
1729.292607 seconds (104.75 M allocations: 228.677 GiB, 67.90% gc time)
355
1875.615721 seconds (108.79 M allocations: 234.111 GiB, 70.02% gc time)
55
1401.343966 seconds (81.46 M allocations: 172.174 GiB, 70.65% gc time)
406
1545.760655 seconds (94.82 M allocations: 207.444 GiB, 67.47% gc time)
181
1131.489628 seconds (81.04 M allocations: 190.757 GiB, 57.52% gc time)
381
1625.341264 seconds (100.23 M allocations: 221.205 GiB, 66.84% gc time)
156
1208.477846 seconds (86.81 M allocations: 198.610 GiB, 59.35% gc time)
281
1498.864081 seconds (101.85 M allocations: 221.440 GiB, 64.55% gc time)
256
1312.368508 seconds (93.91 M allocations: 210.740 GiB, 60.84% gc time)
5
1457.920154 seconds (98.15 M allocations: 217.521 GiB, 63.90% gc time)
1458.643547 seconds (99.11 M allocations: 218.604 GiB, 63.87% gc time)
999.528276 seconds (78.30 M allocations: 188.771 GiB, 51.87% gc time)
231
481
356
1457.027295 seconds (97.13 M allocations: 216.370 GiB, 63.94% gc time)
131
1462.266161 seconds (98.79 M allocations: 218.994 GiB, 63.71% gc time)
106
1306.536944 seconds (94.05 M allocations: 208.440 GiB, 61.47% gc time)
431
1279.809864 seconds (92.35 M allocations: 208.108 GiB, 60.23% gc time)
81
1145.768597 seconds (87.74 M allocations: 199.519 GiB, 57.47% gc time)
56
1452.501382 seconds (99.29 M allocations: 218.070 GiB, 63.93% gc time)
331
1342.448259 seconds (95.21 M allocations: 213.444 GiB, 61.25% gc time)
306
1278.240996 seconds (94.07 M allocations: 212.469 GiB, 59.24% gc time)
31
1541.471538 seconds (101.90 M allocations: 222.232 GiB, 65.44% gc time)
456
1748.079716 seconds (114.82 M allocations: 241.892 GiB, 67.60% gc time)
206
1201.033857 seconds (88.00 M allocations: 189.278 GiB, 62.48% gc time)
407
1060.479168 seconds (76.18 M allocations: 180.115 GiB, 57.13% gc time)
107
1209.940004 seconds (78.76 M allocations: 183.433 GiB, 62.06% gc time)
232
1494.944824 seconds (102.58 M allocations: 223.871 GiB, 64.19% gc time)
182
1417.499778 seconds (96.21 M allocations: 210.772 GiB, 64.32% gc time)
282
1273.806608 seconds (85.29 M allocations: 195.356 GiB, 62.04% gc time)
357
1167.660303 seconds (82.81 M allocations: 190.383 GiB, 59.65% gc time)
432
967.995253 seconds (76.00 M allocations: 180.456 GiB, 53.04% gc time)
307
1372.784515 seconds (92.04 M allocations: 204.880 GiB, 63.80% gc time)
6
1002.981014 seconds (78.43 M allocations: 183.596 GiB, 54.30% gc time)
32
1570.137479 seconds (106.96 M allocations: 227.239 GiB, 66.04% gc time)
382
1610.528998 seconds (111.60 M allocations: 233.200 GiB, 66.46% gc time)
157
1399.546833 seconds (93.62 M allocations: 206.156 GiB, 64.60% gc time)
82
1842.711037 seconds (111.68 M allocations: 234.782 GiB, 70.26% gc time)
257
1388.745650 seconds (84.64 M allocations: 191.624 GiB, 66.42% gc time)
207
1882.696253 seconds (105.56 M allocations: 226.886 GiB, 71.37% gc time)
132
1865.367421 seconds (100.00 M allocations: 222.380 GiB, 70.89% gc time)
57
1894.099486 seconds (102.28 M allocations: 226.352 GiB, 70.93% gc time)
332
1868.776838 seconds (101.44 M allocations: 226.154 GiB, 70.55% gc time)
457
2627.036223 seconds (123.54 M allocations: 263.712 GiB, 76.03% gc time)
482
2023.015534 seconds (96.55 M allocations: 211.660 GiB, 74.66% gc time)
408
1833.168597 seconds (85.04 M allocations: 190.226 GiB, 74.28% gc time)
358
1999.126529 seconds (91.60 M allocations: 203.297 GiB, 74.96% gc time)
283
2064.365644 seconds (96.17 M allocations: 212.326 GiB, 74.78% gc time)
183
2200.603502 seconds (101.78 M allocations: 220.041 GiB, 75.84% gc time)
108
2194.792230 seconds (102.26 M allocations: 221.920 GiB, 75.50% gc time)
233
2156.695572 seconds (96.48 M allocations: 212.344 GiB, 75.80% gc time)
433
2098.161724 seconds (91.12 M allocations: 205.863 GiB, 75.45% gc time)
383
2163.561722 seconds (93.02 M allocations: 208.740 GiB, 75.96% gc time)
33
2179.040660 seconds (94.31 M allocations: 210.154 GiB, 76.09% gc time)
158
2338.317130 seconds (98.19 M allocations: 216.316 GiB, 77.26% gc time)
7
1682.449467 seconds (86.95 M allocations: 197.997 GiB, 70.45% gc time)
133
2036.300654 seconds (94.80 M allocations: 209.381 GiB, 74.71% gc time)
258
2143.807834 seconds (97.70 M allocations: 214.718 GiB, 75.46% gc time)
83
1873.036208 seconds (91.07 M allocations: 201.667 GiB, 73.62% gc time)
58
2351.479236 seconds (103.24 M allocations: 227.543 GiB, 76.06% gc time)
208
3113.323791 seconds (122.27 M allocations: 260.964 GiB, 79.59% gc time)
308
1850.387170 seconds (92.44 M allocations: 205.011 GiB, 72.54% gc time)
458
2248.695408 seconds (101.38 M allocations: 223.498 GiB, 75.33% gc time)
333
1919.913113 seconds (95.92 M allocations: 210.010 GiB, 73.17% gc time)
483
1947.209597 seconds (90.41 M allocations: 195.547 GiB, 75.47% gc time)
409
1994.391156 seconds (95.63 M allocations: 209.236 GiB, 74.40% gc time)
359
1924.528228 seconds (92.63 M allocations: 203.571 GiB, 74.10% gc time)
184
2011.853313 seconds (95.74 M allocations: 208.636 GiB, 74.75% gc time)
284
1774.842664 seconds (90.71 M allocations: 203.386 GiB, 71.67% gc time)
434
2010.113375 seconds (96.93 M allocations: 213.058 GiB, 74.15% gc time)
234
1648.081498 seconds (86.36 M allocations: 196.375 GiB, 70.29% gc time)
159
1715.556648 seconds (89.52 M allocations: 201.035 GiB, 71.03% gc time)
8
2221.849752 seconds (103.89 M allocations: 224.141 GiB, 75.74% gc time)
109
1724.017358 seconds (88.90 M allocations: 199.988 GiB, 71.29% gc time)
259
1859.322524 seconds (94.79 M allocations: 209.222 GiB, 72.54% gc time)
134
2092.818807 seconds (104.96 M allocations: 226.161 GiB, 74.07% gc time)
384
2146.579839 seconds (109.89 M allocations: 237.887 GiB, 73.24% gc time)
34
1461.767957 seconds (88.99 M allocations: 200.495 GiB, 66.43% gc time)
459
1714.304194 seconds (101.31 M allocations: 224.178 GiB, 68.07% gc time)
59
1973.649639 seconds (106.98 M allocations: 236.860 GiB, 70.46% gc time)
1591.068195 seconds (96.21 M allocations: 212.987 GiB, 67.54% gc time)
209
84
1528.955368 seconds (96.20 M allocations: 212.976 GiB, 66.35% gc time)
334
1585.536400 seconds (98.77 M allocations: 217.788 GiB, 66.89% gc time)
309
1361.258481 seconds (93.24 M allocations: 206.695 GiB, 63.36% gc time)
484
1334.033166 seconds (87.17 M allocations: 189.664 GiB, 65.99% gc time)
410
1150.037631 seconds (82.15 M allocations: 183.945 GiB, 60.98% gc time)
235
1442.867080 seconds (98.30 M allocations: 214.116 GiB, 64.48% gc time)
360
1469.312996 seconds (100.64 M allocations: 220.235 GiB, 64.09% gc time)
185
1382.355059 seconds (96.48 M allocations: 211.519 GiB, 63.29% gc time)
435
1340.569609 seconds (92.67 M allocations: 205.897 GiB, 62.80% gc time)
9
1687.654562 seconds (105.71 M allocations: 229.907 GiB, 67.49% gc time)
285
1530.243927 seconds (97.86 M allocations: 214.086 GiB, 66.48% gc time)
160
1400.620246 seconds (92.91 M allocations: 206.531 GiB, 64.24% gc time)
135
1435.187636 seconds (95.08 M allocations: 210.034 GiB, 64.68% gc time)
260
1386.405248 seconds (94.47 M allocations: 208.480 GiB, 63.68% gc time)
385
1548.538972 seconds (102.68 M allocations: 222.782 GiB, 65.70% gc time)
110
1444.945444 seconds (99.81 M allocations: 220.288 GiB, 63.41% gc time)
35
1374.055288 seconds (94.28 M allocations: 207.555 GiB, 63.89% gc time)
460
1103.315496 seconds (79.99 M allocations: 184.222 GiB, 58.92% gc time)
310
1493.083540 seconds (98.49 M allocations: 218.988 GiB, 64.64% gc time)
85
1494.230537 seconds (98.84 M allocations: 219.524 GiB, 64.59% gc time)
60
1343.135690 seconds (91.45 M allocations: 206.564 GiB, 62.57% gc time)
335
1336.259911 seconds (91.16 M allocations: 205.947 GiB, 62.48% gc time)
411
1659.285504 seconds (103.64 M allocations: 225.197 GiB, 67.79% gc time)
210
1478.950246 seconds (99.06 M allocations: 216.953 GiB, 65.05% gc time)
485
1562.180677 seconds (93.97 M allocations: 207.110 GiB, 67.79% gc time)
361
1744.786233 seconds (99.79 M allocations: 218.015 GiB, 69.84% gc time)
236
1693.753260 seconds (97.37 M allocations: 213.851 GiB, 69.35% gc time)
186
1415.794644 seconds (90.56 M allocations: 202.547 GiB, 64.79% gc time)
161
1553.634219 seconds (96.55 M allocations: 212.028 GiB, 66.84% gc time)
10
1460.358536 seconds (91.03 M allocations: 203.785 GiB, 65.69% gc time)
261
1496.737798 seconds (93.96 M allocations: 209.042 GiB, 65.83% gc time)
136
1670.902046 seconds (104.87 M allocations: 226.263 GiB, 67.57% gc time)
436
1380.424382 seconds (89.75 M allocations: 201.626 GiB, 63.96% gc time)
111
1612.331988 seconds (103.19 M allocations: 224.326 GiB, 66.42% gc time)
286
1528.491612 seconds (99.19 M allocations: 216.445 GiB, 65.72% gc time)
386
1491.517551 seconds (94.78 M allocations: 209.875 GiB, 65.38% gc time)
36
1622.373607 seconds (96.34 M allocations: 212.980 GiB, 67.72% gc time)
311
1662.097694 seconds (97.77 M allocations: 215.440 GiB, 68.19% gc time)
461
1456.180365 seconds (90.66 M allocations: 202.790 GiB, 65.49% gc time)
336
1611.674959 seconds (91.12 M allocations: 204.139 GiB, 68.52% gc time)
211
1643.825727 seconds (93.94 M allocations: 208.490 GiB, 68.70% gc time)
61
1693.863464 seconds (99.60 M allocations: 216.345 GiB, 68.98% gc time)
86
1509.599783 seconds (94.25 M allocations: 208.210 GiB, 66.07% gc time)
486
1851.473729 seconds (114.68 M allocations: 255.669 GiB, 65.96% gc time)
412
1512.466276 seconds (97.20 M allocations: 213.392 GiB, 65.85% gc time)
362
1543.596005 seconds (96.04 M allocations: 210.371 GiB, 67.01% gc time)
237
1546.747879 seconds (95.28 M allocations: 208.370 GiB, 67.46% gc time)
187
1530.783906 seconds (94.86 M allocations: 207.259 GiB, 67.34% gc time)
162
1520.036236 seconds (94.71 M allocations: 209.011 GiB, 66.56% gc time)
262
1656.912514 seconds (98.00 M allocations: 214.519 GiB, 68.68% gc time)
11
1601.036299 seconds (92.92 M allocations: 205.237 GiB, 68.84% gc time)
137
1599.935573 seconds (93.52 M allocations: 207.018 GiB, 68.55% gc time)
112
1592.452941 seconds (91.48 M allocations: 203.205 GiB, 68.93% gc time)
387
1870.431198 seconds (102.43 M allocations: 225.838 GiB, 70.64% gc time)
437
2043.168164 seconds (104.94 M allocations: 231.465 GiB, 72.43% gc time)
287
1772.574052 seconds (91.32 M allocations: 202.306 GiB, 72.35% gc time)
462
2010.159119 seconds (98.48 M allocations: 217.071 GiB, 73.94% gc time)
312
2090.719773 seconds (103.04 M allocations: 224.446 GiB, 74.30% gc time)
37
1849.572724 seconds (96.49 M allocations: 211.610 GiB, 72.51% gc time)
337
1850.089121 seconds (94.90 M allocations: 209.282 GiB, 72.71% gc time)
212
1834.841555 seconds (93.89 M allocations: 209.057 GiB, 72.34% gc time)
487
1859.801152 seconds (95.73 M allocations: 211.984 GiB, 72.44% gc time)
87
1983.238816 seconds (102.19 M allocations: 222.089 GiB, 73.27% gc time)
62
1922.137607 seconds (99.58 M allocations: 219.599 GiB, 72.51% gc time)
413
1899.652498 seconds (95.22 M allocations: 208.183 GiB, 73.72% gc time)
363
1917.531460 seconds (92.37 M allocations: 202.883 GiB, 74.53% gc time)
188
2012.512823 seconds (98.98 M allocations: 215.852 GiB, 74.32% gc time)
238
1933.367254 seconds (95.44 M allocations: 208.747 GiB, 74.09% gc time)
163
1986.871725 seconds (92.61 M allocations: 203.509 GiB, 75.37% gc time)
12
2064.952146 seconds (97.56 M allocations: 213.771 GiB, 75.16% gc time)
263
2061.699255 seconds (96.16 M allocations: 211.449 GiB, 75.30% gc time)
138
1929.509834 seconds (96.04 M allocations: 212.521 GiB, 73.37% gc time)
388
2077.197683 seconds (99.63 M allocations: 218.460 GiB, 74.68% gc time)
113
1941.799194 seconds (98.22 M allocations: 216.051 GiB, 73.12% gc time)
438
1654.486145 seconds (94.00 M allocations: 207.677 GiB, 69.57% gc time)
463
1794.016469 seconds (95.13 M allocations: 210.240 GiB, 71.44% gc time)
313
1922.112873 seconds (94.32 M allocations: 208.311 GiB, 73.59% gc time)
38
2045.361738 seconds (95.46 M allocations: 210.980 GiB, 74.86% gc time)
338
2362.427362 seconds (107.79 M allocations: 234.560 GiB, 76.08% gc time)
288
2015.955966 seconds (94.89 M allocations: 210.599 GiB, 74.44% gc time)
213
1997.158142 seconds (93.57 M allocations: 206.260 GiB, 74.85% gc time)
88
2121.561636 seconds (98.34 M allocations: 215.847 GiB, 75.30% gc time)
488
2027.165761 seconds (95.55 M allocations: 210.778 GiB, 74.64% gc time)
63
2171.253769 seconds (95.56 M allocations: 209.110 GiB, 76.47% gc time)
414
2072.881277 seconds (93.04 M allocations: 202.498 GiB, 76.28% gc time)
364
2115.616853 seconds (93.67 M allocations: 204.154 GiB, 76.54% gc time)
189
1971.390424 seconds (92.02 M allocations: 202.015 GiB, 74.93% gc time)
164
2222.801916 seconds (99.93 M allocations: 218.381 GiB, 76.10% gc time)
239
1997.209877 seconds (90.44 M allocations: 200.060 GiB, 75.36% gc time)
139
2127.524871 seconds (99.40 M allocations: 216.976 GiB, 75.18% gc time)
13
2158.645683 seconds (92.21 M allocations: 202.651 GiB, 77.04% gc time)
389
2482.095772 seconds (106.18 M allocations: 232.849 GiB, 76.94% gc time)
264
2491.600360 seconds (100.80 M allocations: 222.837 GiB, 77.87% gc time)
114
2378.373305 seconds (96.97 M allocations: 215.024 GiB, 77.60% gc time)
464
2106.347293 seconds (85.56 M allocations: 192.685 GiB, 77.19% gc time)
339
2363.113230 seconds (95.23 M allocations: 210.478 GiB, 78.12% gc time)
39
2519.856957 seconds (97.74 M allocations: 214.654 GiB, 79.16% gc time)
314
2283.208501 seconds (90.12 M allocations: 203.360 GiB, 77.72% gc time)
214
2391.255721 seconds (93.92 M allocations: 209.210 GiB, 78.28% gc time)
89
2506.397612 seconds (99.74 M allocations: 219.635 GiB, 78.46% gc time)
289
3316.669387 seconds (120.12 M allocations: 258.530 GiB, 81.04% gc time)
439
2604.844621 seconds (98.35 M allocations: 218.604 GiB, 79.18% gc time)
489
2699.282059 seconds (105.35 M allocations: 234.605 GiB, 78.47% gc time)
64
2646.962336 seconds (96.30 M allocations: 211.055 GiB, 80.55% gc time)
415
2640.818708 seconds (97.49 M allocations: 214.173 GiB, 80.14% gc time)
365
2654.235527 seconds (96.65 M allocations: 211.958 GiB, 80.47% gc time)
190
2290.115724 seconds (86.94 M allocations: 193.055 GiB, 79.19% gc time)
14
2698.971610 seconds (100.19 M allocations: 219.048 GiB, 80.22% gc time)
165
2628.265023 seconds (99.43 M allocations: 217.057 GiB, 79.90% gc time)
240
2610.247144 seconds (97.92 M allocations: 213.101 GiB, 80.17% gc time)
140
2404.408423 seconds (99.11 M allocations: 218.404 GiB, 77.98% gc time)
390
1872.415187 seconds (90.76 M allocations: 200.868 GiB, 74.05% gc time)
465
1746.657444 seconds (91.38 M allocations: 202.513 GiB, 71.95% gc time)
340
2294.497354 seconds (102.74 M allocations: 223.601 GiB, 76.62% gc time)
265
2243.614176 seconds (103.61 M allocations: 225.849 GiB, 75.92% gc time)
115
1750.860494 seconds (93.24 M allocations: 207.057 GiB, 71.43% gc time)
315
1534.619400 seconds (86.06 M allocations: 192.807 GiB, 69.53% gc time)
290
1800.349477 seconds (97.60 M allocations: 213.165 GiB, 71.69% gc time)
40
1789.201863 seconds (97.62 M allocations: 213.566 GiB, 71.44% gc time)
215
1915.045924 seconds (103.59 M allocations: 227.985 GiB, 71.19% gc time)
90
1430.376458 seconds (89.75 M allocations: 198.252 GiB, 66.45% gc time)
65
1956.294641 seconds (100.79 M allocations: 221.566 GiB, 72.69% gc time)
440
2018.953497 seconds (105.35 M allocations: 232.580 GiB, 72.14% gc time)
490
1793.914292 seconds (95.03 M allocations: 207.727 GiB, 72.11% gc time)
416
1618.564092 seconds (86.51 M allocations: 194.112 GiB, 70.43% gc time)
241
1941.113431 seconds (102.25 M allocations: 226.085 GiB, 71.66% gc time)
366
1928.479147 seconds (101.99 M allocations: 223.772 GiB, 71.92% gc time)
191
1809.892449 seconds (94.81 M allocations: 208.740 GiB, 71.97% gc time)
166
1861.771781 seconds (99.18 M allocations: 217.044 GiB, 71.76% gc time)
15
1772.423898 seconds (96.72 M allocations: 212.180 GiB, 70.91% gc time)
141
1671.430046 seconds (96.32 M allocations: 211.129 GiB, 69.31% gc time)
391
1785.192815 seconds (94.03 M allocations: 207.277 GiB, 71.65% gc time)
341
1629.343136 seconds (86.71 M allocations: 192.241 GiB, 71.12% gc time)
116
1989.175216 seconds (100.31 M allocations: 217.217 GiB, 73.69% gc time)
466
1858.619055 seconds (85.17 M allocations: 190.648 GiB, 74.81% gc time)
216
2075.569734 seconds (99.27 M allocations: 216.129 GiB, 74.82% gc time)
266
1962.841584 seconds (91.49 M allocations: 202.093 GiB, 74.95% gc time)
41
2208.274988 seconds (98.39 M allocations: 213.716 GiB, 76.66% gc time)
291
2056.878533 seconds (93.62 M allocations: 206.256 GiB, 75.53% gc time)
91
2631.396425 seconds (113.97 M allocations: 250.915 GiB, 76.48% gc time)
316
2022.688431 seconds (96.22 M allocations: 214.875 GiB, 73.65% gc time)
441
1987.789814 seconds (95.80 M allocations: 212.044 GiB, 73.60% gc time)
491
2320.516795 seconds (106.10 M allocations: 233.572 GiB, 75.16% gc time)
66
2361.365202 seconds (102.59 M allocations: 227.673 GiB, 76.02% gc time)
417
2067.444508 seconds (82.20 M allocations: 185.135 GiB, 77.59% gc time)
142
2281.562902 seconds (95.72 M allocations: 209.483 GiB, 77.45% gc time)
367
2279.110122 seconds (91.95 M allocations: 203.910 GiB, 77.85% gc time)
167
2331.354640 seconds (94.83 M allocations: 209.092 GiB, 77.90% gc time)
192
2538.371043 seconds (103.67 M allocations: 223.972 GiB, 78.57% gc time)
242
2529.314920 seconds (100.80 M allocations: 220.832 GiB, 78.63% gc time)
16
2109.123781 seconds (86.12 M allocations: 191.042 GiB, 77.39% gc time)
467
2301.741120 seconds (87.56 M allocations: 196.218 GiB, 78.60% gc time)
217
2543.389820 seconds (96.97 M allocations: 212.627 GiB, 79.37% gc time)
342
2840.708521 seconds (103.47 M allocations: 225.181 GiB, 80.57% gc time)
392
2668.339513 seconds (100.30 M allocations: 217.287 GiB, 80.09% gc time)
117
2242.350968 seconds (91.75 M allocations: 202.131 GiB, 77.71% gc time)
42
2492.583195 seconds (99.27 M allocations: 216.773 GiB, 78.59% gc time)
267
2207.938359 seconds (94.52 M allocations: 208.698 GiB, 76.81% gc time)
92
2621.328207 seconds (111.34 M allocations: 248.465 GiB, 76.50% gc time)
292
2378.680204 seconds (97.79 M allocations: 216.721 GiB, 77.79% gc time)
317
2241.735315 seconds (94.83 M allocations: 209.593 GiB, 77.37% gc time)
492
2037.855384 seconds (89.86 M allocations: 198.573 GiB, 76.46% gc time)
418
2159.655973 seconds (96.80 M allocations: 213.393 GiB, 76.13% gc time)
67
2629.383854 seconds (109.56 M allocations: 239.338 GiB, 78.04% gc time)
442
2097.038881 seconds (96.59 M allocations: 211.851 GiB, 75.64% gc time)
143
2126.143678 seconds (97.99 M allocations: 215.526 GiB, 75.49% gc time)
368
1902.129328 seconds (90.71 M allocations: 202.425 GiB, 73.94% gc time)
243
1957.833633 seconds (93.90 M allocations: 207.286 GiB, 74.29% gc time)
193
2153.587427 seconds (100.75 M allocations: 218.387 GiB, 75.71% gc time)
168
1889.131631 seconds (95.80 M allocations: 209.734 GiB, 73.18% gc time)
17
1773.137380 seconds (97.26 M allocations: 213.575 GiB, 70.73% gc time)
468
1781.557523 seconds (96.00 M allocations: 210.265 GiB, 71.34% gc time)
218
1705.292534 seconds (92.83 M allocations: 206.311 GiB, 70.28% gc time)
118
1818.946708 seconds (99.23 M allocations: 218.728 GiB, 70.61% gc time)
393
1750.856497 seconds (93.22 M allocations: 207.222 GiB, 70.86% gc time)
43
1964.193663 seconds (104.95 M allocations: 229.361 GiB, 71.37% gc time)
343
1736.172033 seconds (97.78 M allocations: 216.703 GiB, 69.01% gc time)
268
1741.181338 seconds (92.42 M allocations: 201.544 GiB, 71.22% gc time)
93
1668.660528 seconds (100.10 M allocations: 220.979 GiB, 66.87% gc time)
293
1567.572369 seconds (94.56 M allocations: 211.313 GiB, 65.98% gc time)
419
1737.101228 seconds (102.01 M allocations: 225.387 GiB, 67.56% gc time)
318
1672.641034 seconds (98.71 M allocations: 219.548 GiB, 67.02% gc time)
68
1757.722278 seconds (97.06 M allocations: 216.738 GiB, 68.74% gc time)
443
1985.431817 seconds (109.37 M allocations: 238.807 GiB, 70.00% gc time)
493
1787.910934 seconds (92.85 M allocations: 202.027 GiB, 71.32% gc time)
144
1735.434445 seconds (89.36 M allocations: 195.846 GiB, 71.19% gc time)
369
1857.620261 seconds (94.09 M allocations: 207.473 GiB, 71.46% gc time)
194
1915.920699 seconds (97.40 M allocations: 213.303 GiB, 71.74% gc time)
244
1898.491791 seconds (94.57 M allocations: 208.161 GiB, 72.02% gc time)
169
1875.400790 seconds (97.00 M allocations: 212.913 GiB, 71.03% gc time)
18
1820.041793 seconds (92.62 M allocations: 201.428 GiB, 72.08% gc time)
469
1881.427970 seconds (92.27 M allocations: 202.699 GiB, 72.38% gc time)
119
2083.909906 seconds (97.15 M allocations: 211.115 GiB, 74.21% gc time)
219
2054.389955 seconds (90.62 M allocations: 197.951 GiB, 75.60% gc time)
394
2125.106426 seconds (94.26 M allocations: 205.724 GiB, 75.57% gc time)
44
2020.050760 seconds (92.74 M allocations: 205.268 GiB, 74.42% gc time)
344
2242.254996 seconds (97.16 M allocations: 212.571 GiB, 76.33% gc time)
269
2258.689693 seconds (98.72 M allocations: 217.429 GiB, 75.88% gc time)
94
2204.973472 seconds (91.01 M allocations: 200.966 GiB, 77.06% gc time)
420
2420.774819 seconds (102.96 M allocations: 226.402 GiB, 76.67% gc time)
294
2095.155313 seconds (92.63 M allocations: 205.337 GiB, 75.52% gc time)
69
2064.844309 seconds (93.11 M allocations: 207.063 GiB, 75.26% gc time)
494
2605.818143 seconds (114.14 M allocations: 253.502 GiB, 75.67% gc time)
319
2396.685507 seconds (107.04 M allocations: 238.954 GiB, 75.09% gc time)
444
2187.131886 seconds (93.44 M allocations: 203.549 GiB, 77.31% gc time)
2156.621138 seconds (91.16 M allocations: 199.749 GiB, 77.32% gc time)
370
145
2110.062207 seconds (88.64 M allocations: 195.276 GiB, 77.16% gc time)
170
2449.495836 seconds (100.37 M allocations: 219.523 GiB, 77.95% gc time)
195
2452.828424 seconds (100.05 M allocations: 220.870 GiB, 77.71% gc time)
245
2428.953891 seconds (97.43 M allocations: 214.003 GiB, 78.31% gc time)
19
2287.692315 seconds (94.15 M allocations: 205.418 GiB, 78.04% gc time)
470
1994.288054 seconds (90.72 M allocations: 200.779 GiB, 75.33% gc time)
395
2188.586644 seconds (96.04 M allocations: 210.363 GiB, 76.62% gc time)
220
2378.995269 seconds (99.21 M allocations: 216.231 GiB, 77.97% gc time)
120
2160.537491 seconds (97.59 M allocations: 214.419 GiB, 75.82% gc time)
45
1952.923746 seconds (93.90 M allocations: 206.926 GiB, 74.07% gc time)
270
2060.524115 seconds (98.34 M allocations: 214.367 GiB, 74.71% gc time)
345
1863.042700 seconds (93.82 M allocations: 204.506 GiB, 73.37% gc time)
95
1906.381089 seconds (94.53 M allocations: 206.351 GiB, 73.35% gc time)
421
1936.138854 seconds (94.32 M allocations: 208.010 GiB, 73.40% gc time)
70
1809.102484 seconds (94.69 M allocations: 208.975 GiB, 71.39% gc time)
495
2234.395265 seconds (107.37 M allocations: 235.660 GiB, 74.05% gc time)
295
1988.203698 seconds (92.60 M allocations: 207.861 GiB, 73.68% gc time)
146
2295.130132 seconds (100.32 M allocations: 222.333 GiB, 75.77% gc time)
320
2158.732165 seconds (95.80 M allocations: 213.280 GiB, 75.28% gc time)
371
2299.995620 seconds (101.98 M allocations: 225.091 GiB, 75.61% gc time)
445
2082.523180 seconds (98.78 M allocations: 217.516 GiB, 74.06% gc time)
171
2209.021674 seconds (98.49 M allocations: 216.739 GiB, 75.63% gc time)
196
2104.927239 seconds (93.29 M allocations: 207.496 GiB, 75.33% gc time)
471
2152.415418 seconds (96.11 M allocations: 212.328 GiB, 75.43% gc time)
20
2020.725877 seconds (92.37 M allocations: 202.875 GiB, 74.96% gc time)
396
2434.397195 seconds (108.32 M allocations: 235.957 GiB, 75.97% gc time)
246
2287.262071 seconds (97.17 M allocations: 214.909 GiB, 76.41% gc time)
221
2331.434348 seconds (98.99 M allocations: 218.062 GiB, 76.58% gc time)
121
2324.036756 seconds (92.99 M allocations: 203.609 GiB, 78.08% gc time)
46
2412.440765 seconds (98.76 M allocations: 217.518 GiB, 77.30% gc time)
271
2480.589782 seconds (98.28 M allocations: 216.443 GiB, 78.04% gc time)
346
2497.030329 seconds (100.71 M allocations: 222.567 GiB, 77.54% gc time)
96
2337.468545 seconds (93.43 M allocations: 203.485 GiB, 78.17% gc time)
422
2499.615453 seconds (93.69 M allocations: 204.170 GiB, 79.26% gc time)
71
2446.233740 seconds (96.35 M allocations: 211.142 GiB, 78.08% gc time)
496
2594.310090 seconds (99.00 M allocations: 218.076 GiB, 78.61% gc time)
296
2269.911439 seconds (90.77 M allocations: 197.007 GiB, 78.19% gc time)
147
2142.960172 seconds (85.93 M allocations: 190.369 GiB, 77.22% gc time)
172
2628.857759 seconds (95.55 M allocations: 210.060 GiB, 79.58% gc time)
372
2685.033489 seconds (99.75 M allocations: 219.620 GiB, 79.10% gc time)
321
2393.385701 seconds (87.73 M allocations: 195.045 GiB, 78.72% gc time)
472
2532.481110 seconds (97.87 M allocations: 215.209 GiB, 78.09% gc time)
197
3148.683263 seconds (113.57 M allocations: 249.811 GiB, 79.52% gc time)
446
2152.035268 seconds (81.98 M allocations: 181.861 GiB, 77.96% gc time)
222
2535.666980 seconds (95.89 M allocations: 210.007 GiB, 78.57% gc time)
397
2730.812148 seconds (103.47 M allocations: 226.078 GiB, 78.55% gc time)
21
2531.284258 seconds (95.23 M allocations: 206.711 GiB, 79.02% gc time)
247
2444.973513 seconds (96.22 M allocations: 213.053 GiB, 77.45% gc time)
47
2676.202787 seconds (101.40 M allocations: 223.237 GiB, 78.56% gc time)
122
2459.788768 seconds (90.41 M allocations: 197.832 GiB, 79.31% gc time)
347
2525.942996 seconds (101.36 M allocations: 226.545 GiB, 77.01% gc time)
97
2862.409528 seconds (111.79 M allocations: 247.540 GiB, 77.97% gc time)
272
2617.403755 seconds (101.68 M allocations: 225.204 GiB, 78.30% gc time)
423
2465.896626 seconds (98.21 M allocations: 216.082 GiB, 78.13% gc time)
72
2218.708659 seconds (89.28 M allocations: 197.055 GiB, 77.43% gc time)
148
2119.388524 seconds (86.35 M allocations: 189.325 GiB, 77.63% gc time)
173
2238.468570 seconds (90.03 M allocations: 198.985 GiB, 77.66% gc time)
373
2947.700747 seconds (110.99 M allocations: 243.043 GiB, 79.36% gc time)
497
2256.101408 seconds (88.11 M allocations: 193.893 GiB, 78.81% gc time)
473
3114.451292 seconds (113.38 M allocations: 247.144 GiB, 80.20% gc time)
297
2499.547772 seconds (102.41 M allocations: 224.931 GiB, 77.56% gc time)
1928.352130 seconds (79.83 M allocations: 179.385 GiB, 76.89% gc time)
322
22
2498.651449 seconds (100.27 M allocations: 219.268 GiB, 78.47% gc time)
198
2205.130808 seconds (88.51 M allocations: 197.958 GiB, 77.72% gc time)
248
2774.306844 seconds (101.38 M allocations: 221.992 GiB, 80.45% gc time)
223
2215.674783 seconds (80.55 M allocations: 178.475 GiB, 80.07% gc time)
348
2922.895246 seconds (104.20 M allocations: 226.945 GiB, 81.06% gc time)
447
2837.620835 seconds (103.67 M allocations: 224.570 GiB, 80.77% gc time)
398
2572.206753 seconds (92.14 M allocations: 200.124 GiB, 80.99% gc time)
123
2758.815394 seconds (102.55 M allocations: 223.053 GiB, 80.21% gc time)
48
2510.201396 seconds (88.94 M allocations: 196.110 GiB, 80.37% gc time)
424
2740.634449 seconds (98.61 M allocations: 214.920 GiB, 80.56% gc time)
98
2505.460502 seconds (83.69 M allocations: 184.543 GiB, 81.52% gc time)
174
3190.419456 seconds (110.51 M allocations: 243.948 GiB, 80.83% gc time)
273
3101.997219 seconds (104.41 M allocations: 230.137 GiB, 81.34% gc time)
73
2882.351339 seconds (99.05 M allocations: 216.060 GiB, 81.43% gc time)
149
slurmstepd: error: *** JOB 53948282 ON node365 CANCELLED AT 2024-03-01T10:56:21 DUE TO TIME LIMIT ***
