/1.8.5(5):ERROR:150: Module '/1.8.5' conflicts with the currently loaded module(s) 'julia/1.8.5'
/1.8.5(5):ERROR:102: Tcl command execution failed: conflict	 julia 

Number of threads: 20
452
327
302
477
27
402
52
277
177
152
377
202
252
102
127
77
227
1
427
352
770.105967 seconds (68.10 M allocations: 178.559 GiB, 32.31% gc time)
178
855.279340 seconds (70.81 M allocations: 183.521 GiB, 37.76% gc time, 0.00% compilation time)
228
864.923325 seconds (71.12 M allocations: 184.120 GiB, 38.24% gc time, 0.00% compilation time)
453
1032.852949 seconds (75.53 M allocations: 191.488 GiB, 46.65% gc time, 0.00% compilation time)
1033.010780 seconds (75.55 M allocations: 191.528 GiB, 46.65% gc time, 0.00% compilation time)
253
278
1035.024611 seconds (75.77 M allocations: 192.032 GiB, 46.56% gc time, 0.00% compilation time)
203
1038.093503 seconds (76.16 M allocations: 192.842 GiB, 46.42% gc time, 0.00% compilation time)
403
1040.837886 seconds (76.54 M allocations: 193.580 GiB, 46.30% gc time, 0.00% compilation time)
103
1044.217406 seconds (77.08 M allocations: 194.519 GiB, 46.15% gc time, 0.00% compilation time)
328
1047.385630 seconds (77.64 M allocations: 195.428 GiB, 46.01% gc time, 0.00% compilation time)
1047.505532 seconds (77.65 M allocations: 195.462 GiB, 46.00% gc time, 0.00% compilation time)
1047.653826 seconds (77.68 M allocations: 195.512 GiB, 45.99% gc time, 0.00% compilation time)
1047.987383 seconds (77.75 M allocations: 195.606 GiB, 45.98% gc time, 0.00% compilation time)
428
28
378
128
1050.663903 seconds (78.34 M allocations: 196.449 GiB, 45.86% gc time, 0.00% compilation time)
1051.099440 seconds (78.44 M allocations: 196.596 GiB, 45.84% gc time, 0.00% compilation time)
2
153
1054.554500 seconds (79.41 M allocations: 197.798 GiB, 45.69% gc time, 0.00% compilation time)
353
1134.220011 seconds (83.84 M allocations: 202.413 GiB, 49.15% gc time, 0.00% compilation time)
53
1151.039875 seconds (88.95 M allocations: 207.469 GiB, 49.77% gc time, 0.00% compilation time)
78
1182.404198 seconds (93.44 M allocations: 212.052 GiB, 50.92% gc time, 0.00% compilation time)
303
1329.666513 seconds (111.92 M allocations: 232.953 GiB, 53.28% gc time, 0.00% compilation time)
478
1113.136259 seconds (92.32 M allocations: 200.567 GiB, 55.59% gc time)
179
1113.903038 seconds (93.39 M allocations: 205.332 GiB, 54.39% gc time)
454
921.580970 seconds (67.07 M allocations: 171.511 GiB, 51.03% gc time)
479
1178.158373 seconds (79.35 M allocations: 190.386 GiB, 58.71% gc time)
404
1399.523604 seconds (100.22 M allocations: 216.923 GiB, 62.04% gc time)
229
1238.093072 seconds (78.00 M allocations: 190.108 GiB, 60.42% gc time)
354
1251.392969 seconds (81.72 M allocations: 196.083 GiB, 59.77% gc time)
1250.101053 seconds (80.30 M allocations: 194.477 GiB, 59.84% gc time)
329
3
1255.336844 seconds (83.42 M allocations: 198.338 GiB, 59.59% gc time)
279
1263.093276 seconds (84.81 M allocations: 200.833 GiB, 59.22% gc time)
204
1491.689402 seconds (86.88 M allocations: 203.411 GiB, 65.19% gc time)
29
1487.276479 seconds (85.03 M allocations: 200.810 GiB, 65.38% gc time)
54
1492.906911 seconds (87.70 M allocations: 204.439 GiB, 65.14% gc time)
379
1626.548809 seconds (92.15 M allocations: 210.392 GiB, 67.39% gc time)
129
1514.875854 seconds (89.98 M allocations: 207.166 GiB, 65.34% gc time)
304
1628.844038 seconds (93.27 M allocations: 211.930 GiB, 67.30% gc time)
154
1635.734467 seconds (96.03 M allocations: 215.791 GiB, 67.01% gc time)
104
1717.171092 seconds (100.44 M allocations: 220.550 GiB, 68.37% gc time)
1685.701501 seconds (96.69 M allocations: 216.626 GiB, 67.91% gc time)
254
429
1662.432081 seconds (95.99 M allocations: 215.342 GiB, 67.60% gc time)
79
1008.825788 seconds (76.87 M allocations: 179.771 GiB, 53.57% gc time)
230
1689.733109 seconds (100.28 M allocations: 219.267 GiB, 67.30% gc time)
180
1472.956093 seconds (96.04 M allocations: 209.547 GiB, 64.08% gc time)
455
1550.354475 seconds (95.22 M allocations: 207.241 GiB, 66.33% gc time)
480
1203.709687 seconds (81.78 M allocations: 188.946 GiB, 59.36% gc time)
30
989.768465 seconds (70.12 M allocations: 173.574 GiB, 53.20% gc time)
430
1088.303509 seconds (73.80 M allocations: 178.941 GiB, 56.40% gc time)
130
1577.610458 seconds (91.86 M allocations: 204.183 GiB, 67.16% gc time)
280
1613.992422 seconds (93.75 M allocations: 206.740 GiB, 67.61% gc time)
355
1619.569456 seconds (94.35 M allocations: 208.353 GiB, 67.38% gc time)
330
1440.691708 seconds (81.58 M allocations: 191.498 GiB, 65.24% gc time)
105
1447.110323 seconds (83.61 M allocations: 194.582 GiB, 64.96% gc time)
155
1884.514493 seconds (100.25 M allocations: 216.758 GiB, 71.16% gc time)
4
1690.032947 seconds (88.77 M allocations: 202.524 GiB, 69.06% gc time)
305
1944.009770 seconds (99.54 M allocations: 217.409 GiB, 71.66% gc time)
55
1743.074457 seconds (89.11 M allocations: 202.923 GiB, 69.93% gc time)
80
2491.861755 seconds (125.19 M allocations: 258.329 GiB, 74.21% gc time)
405
2219.540768 seconds (107.05 M allocations: 236.022 GiB, 72.47% gc time)
380
2421.106738 seconds (105.43 M allocations: 236.643 GiB, 74.25% gc time)
205
2427.211382 seconds (106.11 M allocations: 238.215 GiB, 74.06% gc time)
255
2272.514114 seconds (92.48 M allocations: 204.631 GiB, 75.73% gc time)
181
2483.942743 seconds (96.69 M allocations: 211.320 GiB, 77.27% gc time)
231
2079.005709 seconds (87.42 M allocations: 196.048 GiB, 74.45% gc time)
31
2138.985952 seconds (89.81 M allocations: 200.539 GiB, 74.71% gc time)
131
1956.561968 seconds (83.93 M allocations: 190.731 GiB, 73.47% gc time)
356
2450.235562 seconds (98.72 M allocations: 215.219 GiB, 76.58% gc time)
2145.583675 seconds (91.14 M allocations: 203.003 GiB, 74.48% gc time)
431
456
1834.174844 seconds (84.15 M allocations: 192.117 GiB, 71.26% gc time)
331
2077.150264 seconds (90.54 M allocations: 199.543 GiB, 74.26% gc time)
281
2044.393180 seconds (90.81 M allocations: 203.495 GiB, 73.17% gc time)
5
2314.942751 seconds (97.20 M allocations: 215.951 GiB, 74.95% gc time)
106
2108.929820 seconds (88.68 M allocations: 201.943 GiB, 73.96% gc time)
56
2169.450262 seconds (92.26 M allocations: 207.502 GiB, 74.15% gc time)
306
2990.525277 seconds (115.22 M allocations: 244.830 GiB, 78.46% gc time)
481
2131.071191 seconds (91.77 M allocations: 208.052 GiB, 73.19% gc time)
81
2023.548120 seconds (94.03 M allocations: 207.312 GiB, 72.73% gc time)
406
1614.090516 seconds (89.99 M allocations: 200.954 GiB, 67.03% gc time)
256
2698.466352 seconds (114.64 M allocations: 248.899 GiB, 75.21% gc time)
156
1673.119720 seconds (93.68 M allocations: 206.394 GiB, 67.68% gc time)
206
2176.081570 seconds (106.54 M allocations: 233.580 GiB, 71.19% gc time)
381
1787.497409 seconds (93.52 M allocations: 208.180 GiB, 69.47% gc time)
32
1673.671787 seconds (84.42 M allocations: 195.053 GiB, 68.87% gc time)
332
1728.265075 seconds (84.85 M allocations: 195.472 GiB, 69.83% gc time)
282
1863.416113 seconds (92.80 M allocations: 207.750 GiB, 70.89% gc time)
357
1865.102915 seconds (92.50 M allocations: 207.789 GiB, 70.82% gc time)
132
1317.247549 seconds (76.49 M allocations: 178.002 GiB, 64.41% gc time)
482
1872.790025 seconds (93.44 M allocations: 210.004 GiB, 70.53% gc time)
432
2264.922326 seconds (107.80 M allocations: 230.043 GiB, 74.13% gc time)
232
2079.061532 seconds (97.45 M allocations: 215.073 GiB, 73.14% gc time)
457
2302.383969 seconds (109.82 M allocations: 233.475 GiB, 74.24% gc time)
182
1987.292546 seconds (97.94 M allocations: 213.157 GiB, 72.16% gc time)
6
1859.509146 seconds (89.23 M allocations: 199.879 GiB, 71.95% gc time)
57
1972.009634 seconds (91.34 M allocations: 203.995 GiB, 72.92% gc time)
307
2047.049613 seconds (96.01 M allocations: 210.763 GiB, 73.42% gc time)
107
2035.436154 seconds (95.82 M allocations: 211.182 GiB, 73.13% gc time)
82
2004.054396 seconds (94.54 M allocations: 206.392 GiB, 73.71% gc time)
407
2082.747208 seconds (90.41 M allocations: 199.971 GiB, 75.37% gc time)
207
2276.491617 seconds (95.14 M allocations: 209.974 GiB, 76.16% gc time)
257
2616.354289 seconds (105.87 M allocations: 233.628 GiB, 76.91% gc time)
157
2314.156659 seconds (98.77 M allocations: 217.536 GiB, 76.00% gc time)
382
1866.481086 seconds (84.48 M allocations: 191.131 GiB, 73.52% gc time)
483
2180.630467 seconds (93.10 M allocations: 204.959 GiB, 76.05% gc time)
283
2190.504194 seconds (94.29 M allocations: 206.677 GiB, 76.05% gc time)
333
2293.884979 seconds (100.79 M allocations: 217.731 GiB, 76.18% gc time)
33
1991.693052 seconds (92.54 M allocations: 205.854 GiB, 73.46% gc time)
358
1992.892639 seconds (92.41 M allocations: 205.753 GiB, 73.42% gc time)
133
2032.791794 seconds (91.15 M allocations: 203.603 GiB, 74.38% gc time)
458
1765.393751 seconds (85.80 M allocations: 194.431 GiB, 71.63% gc time)
7
2273.419482 seconds (95.22 M allocations: 211.157 GiB, 76.20% gc time)
233
2276.779940 seconds (95.78 M allocations: 212.314 GiB, 76.09% gc time)
183
2391.049457 seconds (92.91 M allocations: 207.109 GiB, 77.74% gc time)
58
2136.718243 seconds (87.21 M allocations: 196.515 GiB, 76.20% gc time)
408
2446.078089 seconds (91.32 M allocations: 203.642 GiB, 78.62% gc time)
83
2501.081958 seconds (94.40 M allocations: 207.968 GiB, 78.84% gc time)
108
1995.092841 seconds (88.99 M allocations: 197.811 GiB, 74.51% gc time)
208
2965.056672 seconds (107.98 M allocations: 235.128 GiB, 79.67% gc time)
308
3410.016828 seconds (119.71 M allocations: 257.124 GiB, 80.55% gc time)
433
2647.567992 seconds (99.44 M allocations: 220.573 GiB, 78.10% gc time)
258
2477.236040 seconds (95.73 M allocations: 211.700 GiB, 77.33% gc time)
383
2716.498757 seconds (103.87 M allocations: 228.668 GiB, 77.87% gc time)
158
2801.226360 seconds (84.53 M allocations: 180.193 GiB, 82.73% gc time)
484
3149.974358 seconds (90.61 M allocations: 197.505 GiB, 83.07% gc time)
284
3128.598450 seconds (88.50 M allocations: 196.895 GiB, 82.98% gc time)
359
3423.518727 seconds (97.15 M allocations: 212.827 GiB, 83.25% gc time)
334
3195.506315 seconds (90.61 M allocations: 199.818 GiB, 83.20% gc time)
134
3269.913486 seconds (94.47 M allocations: 205.153 GiB, 83.35% gc time)
34
2466.136046 seconds (86.80 M allocations: 195.565 GiB, 78.80% gc time)
59
3134.864626 seconds (96.64 M allocations: 212.746 GiB, 82.03% gc time)
459
2632.780751 seconds (89.51 M allocations: 200.735 GiB, 79.69% gc time)
409
2577.497981 seconds (86.90 M allocations: 196.947 GiB, 79.46% gc time)
109
3043.254958 seconds (98.17 M allocations: 215.121 GiB, 81.33% gc time)
184
3014.866145 seconds (98.59 M allocations: 219.581 GiB, 80.63% gc time)
84
3588.778647 seconds (107.01 M allocations: 233.079 GiB, 82.96% gc time)
234
3032.018745 seconds (94.88 M allocations: 211.346 GiB, 81.59% gc time)
209
2856.156184 seconds (94.67 M allocations: 209.026 GiB, 80.94% gc time)
309
2828.914999 seconds (93.17 M allocations: 206.336 GiB, 80.85% gc time)
434
4049.707133 seconds (121.17 M allocations: 262.391 GiB, 82.92% gc time)
8
2964.111751 seconds (96.47 M allocations: 213.759 GiB, 81.15% gc time)
384
3169.373484 seconds (104.26 M allocations: 231.974 GiB, 80.60% gc time)
259
3031.620550 seconds (99.02 M allocations: 218.254 GiB, 80.82% gc time)
159
2512.675838 seconds (91.29 M allocations: 200.145 GiB, 79.11% gc time)
285
3033.718068 seconds (104.11 M allocations: 229.382 GiB, 80.24% gc time)
485
2483.727550 seconds (88.86 M allocations: 198.143 GiB, 78.84% gc time)
35
2615.947596 seconds (91.83 M allocations: 202.751 GiB, 79.59% gc time)
135
2726.202427 seconds (96.13 M allocations: 209.052 GiB, 80.05% gc time)
360
2774.037043 seconds (98.21 M allocations: 212.376 GiB, 80.18% gc time)
335
2654.089576 seconds (92.84 M allocations: 204.208 GiB, 79.50% gc time)
460
2853.967931 seconds (95.26 M allocations: 208.100 GiB, 80.68% gc time)
60
2745.212511 seconds (92.68 M allocations: 204.064 GiB, 80.29% gc time)
110
2748.448372 seconds (93.23 M allocations: 205.198 GiB, 80.19% gc time)
410
2763.646077 seconds (96.40 M allocations: 211.277 GiB, 79.78% gc time)
185
2597.694078 seconds (99.27 M allocations: 219.189 GiB, 77.65% gc time)
85
2465.714802 seconds (92.81 M allocations: 206.232 GiB, 78.07% gc time)
310
2540.676041 seconds (93.20 M allocations: 207.285 GiB, 78.65% gc time)
435
2809.329459 seconds (101.99 M allocations: 225.375 GiB, 78.79% gc time)
235
2272.876458 seconds (88.99 M allocations: 198.396 GiB, 77.26% gc time)
385
3126.628082 seconds (113.57 M allocations: 249.589 GiB, 78.93% gc time)
210
2458.397980 seconds (95.26 M allocations: 210.515 GiB, 77.88% gc time)
260
2769.215430 seconds (104.72 M allocations: 228.954 GiB, 78.52% gc time)
9
2441.626990 seconds (100.39 M allocations: 221.770 GiB, 76.61% gc time)
160
2484.403615 seconds (93.46 M allocations: 203.591 GiB, 78.98% gc time)
286
2415.560799 seconds (89.35 M allocations: 194.820 GiB, 79.23% gc time)
486
2363.334541 seconds (91.96 M allocations: 201.858 GiB, 77.90% gc time)
136
2415.007511 seconds (93.73 M allocations: 206.713 GiB, 77.82% gc time)
361
2649.588904 seconds (101.64 M allocations: 221.638 GiB, 78.54% gc time)
36
2558.099513 seconds (101.62 M allocations: 224.988 GiB, 77.24% gc time)
336
2193.132293 seconds (93.51 M allocations: 205.928 GiB, 76.07% gc time)
61
2277.379876 seconds (92.67 M allocations: 205.593 GiB, 76.94% gc time)
411
2506.061555 seconds (99.89 M allocations: 218.181 GiB, 77.93% gc time)
461
2458.614599 seconds (95.42 M allocations: 209.492 GiB, 78.37% gc time)
111
2511.925228 seconds (95.42 M allocations: 208.739 GiB, 79.10% gc time)
186
2463.542291 seconds (93.26 M allocations: 205.212 GiB, 78.83% gc time)
311
2440.934843 seconds (92.91 M allocations: 205.537 GiB, 78.55% gc time)
436
2709.236624 seconds (99.46 M allocations: 216.916 GiB, 79.81% gc time)
86
2543.363846 seconds (92.36 M allocations: 204.712 GiB, 79.47% gc time)
236
2559.973901 seconds (96.26 M allocations: 210.908 GiB, 79.03% gc time)
386
2572.577383 seconds (95.09 M allocations: 210.247 GiB, 79.07% gc time)
261
2876.031329 seconds (101.61 M allocations: 222.777 GiB, 80.28% gc time)
211
2906.080065 seconds (97.63 M allocations: 216.769 GiB, 80.73% gc time)
161
3282.272113 seconds (115.27 M allocations: 258.649 GiB, 79.63% gc time)
10
3030.770567 seconds (95.44 M allocations: 211.024 GiB, 81.93% gc time)
287
2968.249666 seconds (92.97 M allocations: 204.532 GiB, 82.19% gc time)
137
3209.167565 seconds (105.20 M allocations: 231.877 GiB, 81.40% gc time)
487
3053.379037 seconds (96.11 M allocations: 210.601 GiB, 82.26% gc time)
362
3167.272868 seconds (95.73 M allocations: 209.582 GiB, 82.96% gc time)
37
3037.908903 seconds (92.02 M allocations: 202.060 GiB, 82.81% gc time)
62
3380.015362 seconds (98.63 M allocations: 215.019 GiB, 83.69% gc time)
337
3125.351289 seconds (93.47 M allocations: 206.855 GiB, 82.85% gc time)
412
3231.687489 seconds (95.44 M allocations: 209.751 GiB, 83.25% gc time)
462
3036.199625 seconds (93.02 M allocations: 205.786 GiB, 82.43% gc time)
112
2942.414895 seconds (95.85 M allocations: 209.895 GiB, 81.54% gc time)
187
3126.200006 seconds (94.03 M allocations: 205.137 GiB, 82.82% gc time)
312
3063.875268 seconds (94.39 M allocations: 210.449 GiB, 81.81% gc time)
237
3209.442485 seconds (96.21 M allocations: 213.205 GiB, 82.48% gc time)
437
3265.053135 seconds (98.60 M allocations: 217.840 GiB, 82.42% gc time)
87
3175.349297 seconds (95.33 M allocations: 208.551 GiB, 82.95% gc time)
387
2903.677254 seconds (94.27 M allocations: 207.908 GiB, 81.33% gc time)
212
2861.042511 seconds (94.79 M allocations: 209.268 GiB, 81.25% gc time)
162
3528.592345 seconds (113.38 M allocations: 251.510 GiB, 81.44% gc time)
262
2957.602816 seconds (97.76 M allocations: 214.882 GiB, 81.49% gc time)
11
2962.725747 seconds (95.25 M allocations: 208.290 GiB, 82.12% gc time)
288
3062.234850 seconds (94.88 M allocations: 207.308 GiB, 82.62% gc time)
138
2979.399651 seconds (93.02 M allocations: 204.631 GiB, 82.09% gc time)
363
2980.048429 seconds (94.17 M allocations: 207.636 GiB, 81.73% gc time)
38
3000.121992 seconds (91.16 M allocations: 200.730 GiB, 82.42% gc time)
63
3542.553443 seconds (109.88 M allocations: 240.099 GiB, 82.25% gc time)
488
2826.286308 seconds (89.76 M allocations: 199.092 GiB, 81.11% gc time)
413
2852.789929 seconds (91.78 M allocations: 203.380 GiB, 80.94% gc time)
113
2803.408944 seconds (91.11 M allocations: 201.844 GiB, 80.84% gc time)
188
3340.884030 seconds (103.86 M allocations: 225.969 GiB, 82.13% gc time)
338
2817.719079 seconds (92.35 M allocations: 202.913 GiB, 80.99% gc time)
313
3489.715741 seconds (106.09 M allocations: 232.382 GiB, 82.24% gc time)
463
2983.528576 seconds (93.39 M allocations: 206.120 GiB, 81.73% gc time)
438
3217.013041 seconds (99.79 M allocations: 218.454 GiB, 82.14% gc time)
238
3054.762817 seconds (96.21 M allocations: 210.817 GiB, 81.94% gc time)
88
2917.983913 seconds (94.83 M allocations: 208.472 GiB, 81.14% gc time)
388
2928.034069 seconds (96.03 M allocations: 210.366 GiB, 80.88% gc time)
213
2964.108291 seconds (97.84 M allocations: 215.122 GiB, 80.72% gc time)
163
2941.489436 seconds (99.83 M allocations: 220.348 GiB, 80.10% gc time)
263
2817.795736 seconds (96.92 M allocations: 212.715 GiB, 80.01% gc time)
12
2764.168704 seconds (96.47 M allocations: 211.536 GiB, 79.69% gc time)
289
2691.633450 seconds (94.54 M allocations: 206.462 GiB, 79.84% gc time)
139
2734.493645 seconds (94.13 M allocations: 205.399 GiB, 80.29% gc time)
364
2579.265056 seconds (92.43 M allocations: 202.006 GiB, 79.41% gc time)
39
2645.368287 seconds (96.89 M allocations: 212.640 GiB, 78.89% gc time)
64
2569.206958 seconds (92.10 M allocations: 202.229 GiB, 79.57% gc time)
414
2628.556438 seconds (95.32 M allocations: 207.069 GiB, 79.73% gc time)
489
2596.504109 seconds (94.64 M allocations: 206.684 GiB, 79.50% gc time)
114
2441.612278 seconds (89.35 M allocations: 197.187 GiB, 78.86% gc time)
314
3137.724293 seconds (109.46 M allocations: 244.914 GiB, 79.07% gc time)
189
2107.181146 seconds (84.15 M allocations: 190.787 GiB, 75.62% gc time)
89
2502.352750 seconds (95.42 M allocations: 211.371 GiB, 77.43% gc time)
439
3308.346513 seconds (115.23 M allocations: 254.141 GiB, 79.73% gc time)
339
2499.302742 seconds (92.38 M allocations: 205.690 GiB, 78.11% gc time)
389
2694.431184 seconds (98.65 M allocations: 217.736 GiB, 78.47% gc time)
239
3297.696270 seconds (117.31 M allocations: 257.386 GiB, 79.38% gc time)
464
2682.133762 seconds (95.22 M allocations: 208.179 GiB, 79.59% gc time)
214
2915.496128 seconds (98.04 M allocations: 215.564 GiB, 80.27% gc time)
164
2937.535535 seconds (98.65 M allocations: 217.179 GiB, 80.29% gc time)
264
2986.336786 seconds (95.45 M allocations: 208.827 GiB, 81.36% gc time)
13
2928.251916 seconds (96.28 M allocations: 211.004 GiB, 80.84% gc time)
290
2861.480410 seconds (94.19 M allocations: 205.521 GiB, 81.18% gc time)
140
2813.420238 seconds (92.87 M allocations: 202.060 GiB, 81.24% gc time)
365
2552.097902 seconds (82.89 M allocations: 182.425 GiB, 81.11% gc time)
490
2949.844131 seconds (97.09 M allocations: 210.922 GiB, 81.40% gc time)
40
3043.465712 seconds (99.48 M allocations: 217.190 GiB, 81.26% gc time)
65
2658.251840 seconds (95.03 M allocations: 209.890 GiB, 79.18% gc time)
115
2499.827554 seconds (92.22 M allocations: 202.526 GiB, 79.10% gc time)
315
3253.675837 seconds (114.20 M allocations: 253.047 GiB, 79.74% gc time)
415
2631.784218 seconds (95.12 M allocations: 209.307 GiB, 79.78% gc time)
90
2780.859500 seconds (95.52 M allocations: 211.179 GiB, 80.66% gc time)
440
2393.317229 seconds (88.47 M allocations: 198.166 GiB, 78.73% gc time)
390
3020.915752 seconds (106.49 M allocations: 233.776 GiB, 80.29% gc time)
190
2769.703190 seconds (99.81 M allocations: 220.909 GiB, 79.57% gc time)
340
2505.754284 seconds (91.99 M allocations: 205.056 GiB, 79.11% gc time)
465
2326.069749 seconds (92.16 M allocations: 202.385 GiB, 78.13% gc time)
215
2768.427245 seconds (104.19 M allocations: 227.575 GiB, 79.16% gc time)
240
2460.032606 seconds (102.69 M allocations: 227.809 GiB, 76.74% gc time)
165
2364.193683 seconds (98.02 M allocations: 215.523 GiB, 77.19% gc time)
265
2017.912564 seconds (82.49 M allocations: 183.547 GiB, 76.93% gc time)
491
2349.296271 seconds (97.24 M allocations: 213.121 GiB, 77.35% gc time)
14
2136.571259 seconds (87.72 M allocations: 193.984 GiB, 77.08% gc time)
366
2419.012227 seconds (98.46 M allocations: 212.303 GiB, 78.31% gc time)
291
2430.984374 seconds (99.46 M allocations: 214.914 GiB, 78.09% gc time)
141
2130.907778 seconds (93.02 M allocations: 202.406 GiB, 76.30% gc time)
41
2247.341861 seconds (97.26 M allocations: 213.514 GiB, 76.25% gc time)
66
2272.562787 seconds (93.66 M allocations: 206.256 GiB, 77.20% gc time)
316
2364.327728 seconds (98.39 M allocations: 214.335 GiB, 77.43% gc time)
116
2219.224513 seconds (100.11 M allocations: 220.992 GiB, 74.97% gc time)
416
1840.979973 seconds (90.49 M allocations: 200.633 GiB, 72.71% gc time)
441
1992.895662 seconds (96.45 M allocations: 213.584 GiB, 73.21% gc time)
391
2194.650058 seconds (104.59 M allocations: 228.373 GiB, 74.31% gc time)
91
1902.961805 seconds (90.45 M allocations: 202.442 GiB, 73.46% gc time)
216
2077.342740 seconds (97.90 M allocations: 216.034 GiB, 74.32% gc time)
191
1942.749671 seconds (93.58 M allocations: 208.234 GiB, 73.43% gc time)
241
2278.671966 seconds (104.87 M allocations: 230.966 GiB, 74.90% gc time)
466
1941.226093 seconds (80.87 M allocations: 179.681 GiB, 76.51% gc time)
492
2799.683981 seconds (116.57 M allocations: 257.608 GiB, 76.92% gc time)
341
2288.837219 seconds (85.77 M allocations: 192.134 GiB, 78.44% gc time)
292
2470.889241 seconds (92.31 M allocations: 203.839 GiB, 79.02% gc time)
367
2741.542043 seconds (104.27 M allocations: 225.344 GiB, 79.48% gc time)
166
2889.664688 seconds (102.15 M allocations: 221.578 GiB, 80.70% gc time)
266
2702.110704 seconds (93.73 M allocations: 206.444 GiB, 80.52% gc time)
142
2797.391510 seconds (95.60 M allocations: 211.347 GiB, 80.78% gc time)
42
3230.724344 seconds (111.63 M allocations: 244.654 GiB, 80.78% gc time)
15
2779.576748 seconds (88.89 M allocations: 193.767 GiB, 82.26% gc time)
317
2853.185397 seconds (88.59 M allocations: 193.814 GiB, 82.53% gc time)
117
3021.995192 seconds (100.81 M allocations: 218.457 GiB, 81.57% gc time)
67
2980.721583 seconds (90.03 M allocations: 196.735 GiB, 82.73% gc time)
442
3301.772067 seconds (101.85 M allocations: 223.953 GiB, 82.34% gc time)
417
3191.407914 seconds (100.52 M allocations: 222.069 GiB, 81.82% gc time)
392
3173.932806 seconds (99.05 M allocations: 218.229 GiB, 82.04% gc time)
92
3061.868067 seconds (99.37 M allocations: 219.054 GiB, 81.25% gc time)
217
3230.513798 seconds (99.20 M allocations: 218.600 GiB, 82.07% gc time)
192
3015.237274 seconds (94.10 M allocations: 207.422 GiB, 81.89% gc time)
467
3166.274642 seconds (100.47 M allocations: 221.392 GiB, 81.50% gc time)
242
2584.374029 seconds (85.24 M allocations: 188.556 GiB, 80.70% gc time)
368
2354.968485 seconds (82.67 M allocations: 186.235 GiB, 78.74% gc time)
143
3406.556364 seconds (106.26 M allocations: 232.799 GiB, 81.96% gc time)
493
3355.597196 seconds (104.64 M allocations: 230.220 GiB, 81.80% gc time)
342
2836.257271 seconds (94.20 M allocations: 207.238 GiB, 80.65% gc time)
167
3022.162929 seconds (97.44 M allocations: 214.072 GiB, 81.30% gc time)
267
2574.854535 seconds (83.96 M allocations: 186.487 GiB, 80.69% gc time)
318
3681.196466 seconds (113.28 M allocations: 246.722 GiB, 82.36% gc time)
293
3060.280195 seconds (97.53 M allocations: 212.119 GiB, 81.73% gc time)
43
2782.745449 seconds (91.62 M allocations: 200.991 GiB, 80.89% gc time)
118
2961.489648 seconds (96.26 M allocations: 213.169 GiB, 80.88% gc time)
68
3537.939641 seconds (112.82 M allocations: 247.844 GiB, 81.44% gc time)
16
3086.305040 seconds (97.09 M allocations: 213.164 GiB, 82.00% gc time)
443
3083.059962 seconds (100.49 M allocations: 222.080 GiB, 81.25% gc time)
418
2832.020766 seconds (89.49 M allocations: 197.604 GiB, 82.02% gc time)
218
3176.841196 seconds (98.32 M allocations: 216.427 GiB, 82.29% gc time)
93
2669.387344 seconds (85.74 M allocations: 191.377 GiB, 81.45% gc time)
468
3256.946505 seconds (102.93 M allocations: 225.463 GiB, 82.02% gc time)
393
2942.782457 seconds (97.74 M allocations: 212.715 GiB, 81.51% gc time)
193
2841.937907 seconds (98.16 M allocations: 216.012 GiB, 80.44% gc time)
243
2584.096598 seconds (89.75 M allocations: 195.557 GiB, 80.72% gc time)
369
2561.920865 seconds (91.75 M allocations: 199.155 GiB, 80.34% gc time)
144
2622.934669 seconds (89.15 M allocations: 193.394 GiB, 81.44% gc time)
494
2717.183618 seconds (98.90 M allocations: 217.855 GiB, 79.76% gc time)
343
2310.231772 seconds (92.84 M allocations: 204.169 GiB, 77.90% gc time)
268
2593.055545 seconds (99.01 M allocations: 217.014 GiB, 78.94% gc time)
168
2188.497455 seconds (93.25 M allocations: 204.445 GiB, 76.62% gc time)
319
2263.079572 seconds (92.52 M allocations: 203.319 GiB, 77.46% gc time)
44
2293.524026 seconds (95.56 M allocations: 211.291 GiB, 76.64% gc time)
119
2703.107400 seconds (111.15 M allocations: 245.624 GiB, 76.93% gc time)
294
2180.367407 seconds (99.17 M allocations: 218.561 GiB, 74.79% gc time)
69
2037.546878 seconds (100.38 M allocations: 221.739 GiB, 72.62% gc time)
17
2015.843801 seconds (94.94 M allocations: 207.475 GiB, 74.21% gc time)
444
1926.850822 seconds (99.18 M allocations: 218.607 GiB, 71.42% gc time)
419
1886.608009 seconds (91.55 M allocations: 205.031 GiB, 72.42% gc time)
94
1887.540800 seconds (91.88 M allocations: 205.580 GiB, 72.39% gc time)
394
slurmstepd: error: *** JOB 53948264 ON node333 CANCELLED AT 2024-03-01T10:54:21 DUE TO TIME LIMIT ***
