/1.8.5(5):ERROR:150: Module '/1.8.5' conflicts with the currently loaded module(s) 'julia/1.8.5'
/1.8.5(5):ERROR:102: Tcl command execution failed: conflict	 julia 

Number of threads: 16
1401
159114961553

1684
1534
1515
1420
1629
1458

15721477

1610
1648
1439
1666
3867.565638 seconds (56.44 M allocations: 148.004 GiB, 82.67% gc time)
3871.659623 seconds (56.63 M allocations: 148.508 GiB, 82.59% gc time, 0.10% compilation time)
14401649

4091.812973 seconds (58.26 M allocations: 151.132 GiB, 83.30% gc time, 0.13% compilation time)
1535
4110.730066 seconds (60.78 M allocations: 154.109 GiB, 83.28% gc time, 0.13% compilation time)
1667
4133.707295 seconds (62.44 M allocations: 156.239 GiB, 83.28% gc time, 0.13% compilation time)
1497
4134.478678 seconds (62.80 M allocations: 156.687 GiB, 83.27% gc time, 0.13% compilation time)
1421
4135.171452 seconds (62.96 M allocations: 156.968 GiB, 83.25% gc time, 0.13% compilation time)
1611
4135.693678 seconds (63.08 M allocations: 157.154 GiB, 83.24% gc time, 0.13% compilation time)
4136.226449 seconds (63.18 M allocations: 157.354 GiB, 83.23% gc time, 0.13% compilation time)
1402
4136.726333 seconds (63.28 M allocations: 157.498 GiB, 83.22% gc time, 0.13% compilation time)
1573
1554
4163.542505 seconds (72.52 M allocations: 166.775 GiB, 82.69% gc time, 0.13% compilation time)
1685
4160.308787 seconds (66.73 M allocations: 161.254 GiB, 83.19% gc time, 0.13% compilation time)
1478
4160.583581 seconds (67.40 M allocations: 161.935 GiB, 83.19% gc time, 0.13% compilation time)
1459
4160.843746 seconds (67.80 M allocations: 162.376 GiB, 83.18% gc time, 0.13% compilation time)
4161.159608 seconds (68.10 M allocations: 162.696 GiB, 83.18% gc time, 0.13% compilation time)
1630
1592
4167.588174 seconds (70.75 M allocations: 165.403 GiB, 83.16% gc time, 0.13% compilation time)
1516
